DEBUG 2021-03-16 05:59:34.462 UTC: 	 CRAB Client version: v3.201110
DEBUG 2021-03-16 05:59:34.462 UTC: 	 Running on: Linux lxplus700.cern.ch 3.10.0-1160.15.2.el7.x86_64 #1 SMP Wed Feb 3 15:06:38 UTC 2021 x86_64 x86_64 x86_64 GNU/Linux - CentOS Linux 7 (Core)
DEBUG 2021-03-16 05:59:34.462 UTC: 	 Executing command: 'submit'
DEBUG 2021-03-16 05:59:34.474 UTC: 	 Found CRAB cache file /afs/cern.ch/user/a/achhetri/.crab3
DEBUG 2021-03-16 05:59:34.475 UTC: 	 Will use CRAB Analysis plugin (i.e. will run an analysis job type).
DEBUG 2021-03-16 05:59:34.492 UTC: 	 Checking credentials
DEBUG 2021-03-16 05:59:34.492 UTC: 	 Found proxy file /afs/cern.ch/user/a/achhetri/x509up_u94350
DEBUG 2021-03-16 05:59:34.492 UTC: 	 Getting proxy life time left
DEBUG 2021-03-16 05:59:35.198 UTC: 	 Executing : 
 command : voms-proxy-info -file /afs/cern.ch/user/a/achhetri/x509up_u94350 -timeleft
 output : 690641

 error: 
 retcode : 0
DEBUG 2021-03-16 05:59:35.808 UTC: 	 Executing : 
 command : voms-proxy-info -file /afs/cern.ch/user/a/achhetri/x509up_u94350 -actimeleft
 output : 690641

 error: 
 retcode : 0
DEBUG 2021-03-16 05:59:35.808 UTC: 	 Proxy valid for 191:50:41 hours
DEBUG 2021-03-16 05:59:36.414 UTC: 	 Executing : 
 command : env X509_USER_PROXY=/afs/cern.ch/user/a/achhetri/x509up_u94350 voms-proxy-info -fqan
 output : /cms/Role=NULL/Capability=NULL

 error: 
 retcode : 0
DEBUG 2021-03-16 05:59:36.529 UTC: 	 Registering user credentials for server /DC=ch/DC=cern/OU=computers/CN=vocms0105.cern.ch|/DC=ch/DC=cern/OU=computers/CN=crab-(preprod|prod|dev)-tw(02|01).cern.ch|/DC=ch/DC=cern/OU=computers/CN=(ddi|ddidk|mytw).cern.ch|/DC=ch/DC=cern/OU=computers/CN=stefanov(m|m2).cern.ch
DEBUG 2021-03-16 05:59:37.141 UTC: 	 Executing : 
 command : voms-proxy-info -file /afs/cern.ch/user/a/achhetri/x509up_u94350 -identity
 output : /DC=ch/DC=cern/OU=Organic Units/OU=Users/CN=achhetri/CN=804540/CN=Arjun Chhetri

 error: 
 retcode : 0
DEBUG 2021-03-16 05:59:37.147 UTC: 	 Getting myproxy life time left for myproxy.cern.ch
DEBUG 2021-03-16 05:59:37.148 UTC: 	 using eb0e67adc2dd9eb1770413a4ffd073f562b86f05 as credential login name
DEBUG 2021-03-16 05:59:37.451 UTC: 	 Executing : 
 command : myproxy-info -l eb0e67adc2dd9eb1770413a4ffd073f562b86f05 -s myproxy.cern.ch
 output : username: eb0e67adc2dd9eb1770413a4ffd073f562b86f05
owner: /DC=ch/DC=cern/OU=Organic Units/OU=Users/CN=achhetri/CN=804540/CN=Arjun Chhetri
  renewal policy: /DC=ch/DC=cern/OU=computers/CN=vocms0105.cern.ch|/DC=ch/DC=cern/OU=computers/CN=crab-(preprod|prod|dev)-tw(02|01).cern.ch|/DC=ch/DC=cern/OU=computers/CN=(ddi|ddidk|mytw).cern.ch|/DC=ch/DC=cern/OU=computers/CN=stefanov(m|m2).cern.ch
  trusted retrieval policy: /DC=ch/DC=cern/OU=computers/CN=vocms0105.cern.ch|/DC=ch/DC=cern/OU=computers/CN=crab-(preprod|prod|dev)-tw(02|01).cern.ch|/DC=ch/DC=cern/OU=computers/CN=(ddi|ddidk|mytw).cern.ch|/DC=ch/DC=cern/OU=computers/CN=stefanov(m|m2).cern.ch
  timeleft: 557:54:32  (23.2 days)

 error: 
 retcode : 0
DEBUG 2021-03-16 05:59:37.452 UTC: 	 Myproxy is valid: 2008472
DEBUG 2021-03-16 05:59:37.452 UTC: 	 Retrieving username ...
DEBUG 2021-03-16 05:59:37.452 UTC: 	 Retrieving username from CRIC...
DEBUG 2021-03-16 05:59:38.180 UTC: 	 username is achhetri
DEBUG 2021-03-16 05:59:38.185 UTC: 	 Getting myproxy life time left for myproxy.cern.ch
DEBUG 2021-03-16 05:59:38.185 UTC: 	 using achhetri_CRAB as credential login name
DEBUG 2021-03-16 05:59:38.491 UTC: 	 Executing : 
 command : myproxy-info -l achhetri_CRAB -s myproxy.cern.ch
 output : username: achhetri_CRAB
owner: /DC=ch/DC=cern/OU=Organic Units/OU=Users/CN=achhetri/CN=804540/CN=Arjun Chhetri
  renewal policy: /DC=ch/DC=cern/OU=computers/CN=vocms0105.cern.ch|/DC=ch/DC=cern/OU=computers/CN=crab-(preprod|prod|dev)-tw(02|01).cern.ch|/DC=ch/DC=cern/OU=computers/CN=(ddi|ddidk|mytw).cern.ch|/DC=ch/DC=cern/OU=computers/CN=stefanov(m|m2).cern.ch
  trusted retrieval policy: /DC=ch/DC=cern/OU=computers/CN=vocms0105.cern.ch|/DC=ch/DC=cern/OU=computers/CN=crab-(preprod|prod|dev)-tw(02|01).cern.ch|/DC=ch/DC=cern/OU=computers/CN=(ddi|ddidk|mytw).cern.ch|/DC=ch/DC=cern/OU=computers/CN=stefanov(m|m2).cern.ch
  timeleft: 194:52:02  (8.1 days)

 error: 
 retcode : 0
DEBUG 2021-03-16 05:59:38.492 UTC: 	 Myproxy is valid: 701522
DEBUG 2021-03-16 05:59:38.599 UTC: 	 Executing : 
 command : openssl x509 -noout -in ~/.globus/usercert.pem -dates
 output : notBefore=Nov 11 12:18:59 2020 GMT
notAfter=Dec 16 12:18:59 2021 GMT

 error: 
 retcode : 0
DEBUG 2021-03-16 05:59:38.604 UTC: 	 Delegating a myproxy for 720:00 hours
DEBUG 2021-03-16 05:59:38.604 UTC: 	 using achhetri_CRAB as credential login name
DEBUG 2021-03-16 05:59:40.412 UTC: 	 Executing : 
 command : export GT_PROXY_MODE=rfc ; myproxy-init -d -n -s myproxy.cern.ch -x -R '/DC=ch/DC=cern/OU=computers/CN=vocms0105.cern.ch|/DC=ch/DC=cern/OU=computers/CN=crab-(preprod|prod|dev)-tw(02|01).cern.ch|/DC=ch/DC=cern/OU=computers/CN=(ddi|ddidk|mytw).cern.ch|/DC=ch/DC=cern/OU=computers/CN=stefanov(m|m2).cern.ch' -x -Z '/DC=ch/DC=cern/OU=computers/CN=vocms0105.cern.ch|/DC=ch/DC=cern/OU=computers/CN=crab-(preprod|prod|dev)-tw(02|01).cern.ch|/DC=ch/DC=cern/OU=computers/CN=(ddi|ddidk|mytw).cern.ch|/DC=ch/DC=cern/OU=computers/CN=stefanov(m|m2).cern.ch' -l 'achhetri_CRAB' -t 168:00 -c 720:00
 output : Your identity: /DC=ch/DC=cern/OU=Organic Units/OU=Users/CN=achhetri/CN=804540/CN=Arjun Chhetri

 error: Error: Couldn't read user key in /afs/cern.ch/user/a/achhetri/.globus/userkey.pem.
Use -debug for further information.
grid-proxy-init failed

 retcode : 1
DEBUG 2021-03-16 05:59:40.413 UTC: 	 using achhetri_CRAB as credential login name
DEBUG 2021-03-16 05:59:40.717 UTC: 	 Executing : 
 command : myproxy-info -l achhetri_CRAB -s myproxy.cern.ch
 output : username: achhetri_CRAB
owner: /DC=ch/DC=cern/OU=Organic Units/OU=Users/CN=achhetri/CN=804540/CN=Arjun Chhetri
  renewal policy: /DC=ch/DC=cern/OU=computers/CN=vocms0105.cern.ch|/DC=ch/DC=cern/OU=computers/CN=crab-(preprod|prod|dev)-tw(02|01).cern.ch|/DC=ch/DC=cern/OU=computers/CN=(ddi|ddidk|mytw).cern.ch|/DC=ch/DC=cern/OU=computers/CN=stefanov(m|m2).cern.ch
  trusted retrieval policy: /DC=ch/DC=cern/OU=computers/CN=vocms0105.cern.ch|/DC=ch/DC=cern/OU=computers/CN=crab-(preprod|prod|dev)-tw(02|01).cern.ch|/DC=ch/DC=cern/OU=computers/CN=(ddi|ddidk|mytw).cern.ch|/DC=ch/DC=cern/OU=computers/CN=stefanov(m|m2).cern.ch
  timeleft: 194:52:00  (8.1 days)

 error: 
 retcode : 0
DEBUG 2021-03-16 05:59:40.717 UTC: 	 My-proxy delegated.
DEBUG 2021-03-16 05:59:40.717 UTC: 	 Result of myproxy credential check:
  Credential exists on myproxy: username: eb0e67adc2dd9eb1770413a4ffd073f562b86f05  - validity: 23 days, 5:54:32
  Credential exists on myproxy: username: achhetri_CRAB  - validity: 8 days, 2:52:00
DEBUG 2021-03-16 05:59:40.718 UTC: 	 Command use: submit
DEBUG 2021-03-16 05:59:40.718 UTC: 	 Options use: ['--config', <WMCore.Configuration.Configuration object at 0x7f31731fbe90>]
DEBUG 2021-03-16 05:59:40.824 UTC: 	 CRABClient version: v3.201110
DEBUG 2021-03-16 05:59:40.825 UTC: 	 Instance is prod
DEBUG 2021-03-16 05:59:40.825 UTC: 	 Server base url is cmsweb-k8s-prod.cern.ch
DEBUG 2021-03-16 05:59:40.825 UTC: 	 Command url /crabserver/prod/workflow
DEBUG 2021-03-16 05:59:40.825 UTC: 	 Started submission
DEBUG 2021-03-16 05:59:40.825 UTC: 	 Working on /afs/cern.ch/work/a/achhetri/NANO_AOD/CMSSW_10_6_8/src/WTopScalefactorProducer/Skimmer/NANOcrab/crab_Tprime_v5_NANo_AOD_106X/crab_TprimeB_to_TH_M1800_LH_v2
DEBUG 2021-03-16 05:59:41.010 UTC: 	 Loading required information from the environment
DEBUG 2021-03-16 05:59:41.010 UTC: 	 Found CMSSW_10_6_8 for slc7_amd64_gcc700 with base /afs/cern.ch/work/a/achhetri/NANO_AOD/CMSSW_10_6_8
DEBUG 2021-03-16 05:59:41.010 UTC: 	 Loading required information from the environment
DEBUG 2021-03-16 05:59:41.010 UTC: 	 Found CMSSW_10_6_8 for slc7_amd64_gcc700 with base /afs/cern.ch/work/a/achhetri/NANO_AOD/CMSSW_10_6_8
DEBUG 2021-03-16 05:59:41.010 UTC: 	 UNIQUE NAME: tarUUID f4032dd2-5d40-4a9b-adaf-057d94a9312f 
DEBUG 2021-03-16 05:59:41.011 UTC: 	 self.config: from WMCore.Configuration import Configuration
config = Configuration()
config.section_('General')
config.General.transferLogs = True
config.General.workArea = 'crab_Tprime_v5_NANo_AOD_106X'
config.General.requestName = 'TprimeB_to_TH_M1800_LH_v2'
config.section_('JobType')
config.JobType.scriptExe = 'crab_script_Tprime.sh'
config.JobType.pluginName = 'Analysis'
config.JobType.sendPythonFolder = True
config.JobType.allowUndistributedCMSSW = True
config.JobType.psetName = 'PSet.py'
config.JobType.inputFiles = ['TprimeBToTH_LH_RunIISummer19UL16_Skimmer.py', 'keep_and_drop_v1.txt', '../../../PhysicsTools/NanoAODTools/scripts/haddnano.py']
config.section_('Data')
config.Data.inputDataset = '/TprimeBToTH_M-1800_LH_TuneCP5_PSweights_13TeV-madgraph_pythia8/RunIISummer19UL17NanoAODv2-106X_mc2017_realistic_v8-v1/NANOAODSIM'
config.Data.outputDatasetTag = 'TprimeB_to_TH_M1800_LH_v2'
config.Data.publication = False
config.Data.unitsPerJob = 10000
config.Data.inputDBS = 'global'
config.Data.splitting = 'EventAwareLumiBased'
config.Data.outLFNDirBase = '/store/user/achhetri/Tprime_v5_NANo_AOD_106X'
config.Data.totalUnits = 400000
config.section_('Site')
config.Site.storageSite = 'T3_CH_CERNBOX'
config.section_('User')
config.section_('Debug')

DEBUG 2021-03-16 05:59:41.011 UTC: 	 self.config.JobType.psetName: PSet.py
INFO 2021-03-16 05:59:41.011 UTC: 	 Importing CMSSW configuration PSet.py
INFO 2021-03-16 05:59:41.520 UTC: 	 Finished importing CMSSW configuration PSet.py
DEBUG 2021-03-16 05:59:41.520 UTC: 	 Writing CMSSW configuration to /afs/cern.ch/work/a/achhetri/NANO_AOD/CMSSW_10_6_8/src/WTopScalefactorProducer/Skimmer/NANOcrab/crab_Tprime_v5_NANo_AOD_106X/crab_TprimeB_to_TH_M1800_LH_v2/inputs/PSet.py
DEBUG 2021-03-16 05:59:41.534 UTC: 	 The following EDM output files will be collected: ['tree.root']
DEBUG 2021-03-16 05:59:41.534 UTC: 	 The following TFile output files will be collected: []
DEBUG 2021-03-16 05:59:41.534 UTC: 	 The following user output files (not listed as PoolOuputModule or TFileService in the CMSSW PSet) will be collected: 
DEBUG 2021-03-16 05:59:41.534 UTC: 	 Loading required information from the environment
DEBUG 2021-03-16 05:59:41.534 UTC: 	 Found CMSSW_10_6_8 for slc7_amd64_gcc700 with base /afs/cern.ch/work/a/achhetri/NANO_AOD/CMSSW_10_6_8
DEBUG 2021-03-16 05:59:41.534 UTC: 	 Making tarball in /afs/cern.ch/work/a/achhetri/NANO_AOD/CMSSW_10_6_8/src/WTopScalefactorProducer/Skimmer/NANOcrab/crab_Tprime_v5_NANo_AOD_106X/crab_TprimeB_to_TH_M1800_LH_v2/inputs/f4032dd2-5d40-4a9b-adaf-057d94a9312fdefault.tgz
DEBUG 2021-03-16 05:59:41.535 UTC: 	 Checking directory /afs/cern.ch/work/a/achhetri/NANO_AOD/CMSSW_10_6_8/lib
DEBUG 2021-03-16 05:59:41.535 UTC: 	 Adding directory /afs/cern.ch/work/a/achhetri/NANO_AOD/CMSSW_10_6_8/lib to tarball
DEBUG 2021-03-16 05:59:42.267 UTC: 	 Checking directory /afs/cern.ch/work/a/achhetri/NANO_AOD/CMSSW_10_6_8/biglib
DEBUG 2021-03-16 05:59:42.267 UTC: 	 Adding directory /afs/cern.ch/work/a/achhetri/NANO_AOD/CMSSW_10_6_8/biglib to tarball
DEBUG 2021-03-16 05:59:42.269 UTC: 	 Checking directory /afs/cern.ch/work/a/achhetri/NANO_AOD/CMSSW_10_6_8/module
DEBUG 2021-03-16 05:59:42.270 UTC: 	 Checking directory /afs/cern.ch/work/a/achhetri/NANO_AOD/CMSSW_10_6_8/python
DEBUG 2021-03-16 05:59:42.270 UTC: 	 Adding directory /afs/cern.ch/work/a/achhetri/NANO_AOD/CMSSW_10_6_8/python to tarball
DEBUG 2021-03-16 05:59:49.963 UTC: 	 Checking directory /afs/cern.ch/work/a/achhetri/NANO_AOD/CMSSW_10_6_8/cfipython
DEBUG 2021-03-16 05:59:49.964 UTC: 	 Adding directory /afs/cern.ch/work/a/achhetri/NANO_AOD/CMSSW_10_6_8/cfipython to tarball
DEBUG 2021-03-16 05:59:50.164 UTC: 	 Adding data directory /afs/cern.ch/work/a/achhetri/NANO_AOD/CMSSW_10_6_8/src/PhysicsTools/NanoAODTools/data to tarball
DEBUG 2021-03-16 06:00:07.624 UTC: 	 Adding data directory /afs/cern.ch/work/a/achhetri/NANO_AOD/CMSSW_10_6_8/src/PhysicsTools/NanoAODTools/interface to tarball
DEBUG 2021-03-16 06:00:07.655 UTC: 	 Adding data directory /afs/cern.ch/work/a/achhetri/NANO_AOD/CMSSW_10_6_8/src/PhysicsTools/NanoAODTools/python/postprocessing/data to tarball
DEBUG 2021-03-16 06:00:23.396 UTC: 	 Adding file TprimeBToTH_LH_RunIISummer19UL16_Skimmer.py to tarball
DEBUG 2021-03-16 06:00:23.397 UTC: 	 Adding file keep_and_drop_v1.txt to tarball
DEBUG 2021-03-16 06:00:23.411 UTC: 	 Adding file ../../../PhysicsTools/NanoAODTools/scripts/haddnano.py to tarball
DEBUG 2021-03-16 06:00:26.357 UTC: 	 Uploading archive /afs/cern.ch/work/a/achhetri/NANO_AOD/CMSSW_10_6_8/src/WTopScalefactorProducer/Skimmer/NANOcrab/crab_Tprime_v5_NANo_AOD_106X/crab_TprimeB_to_TH_M1800_LH_v2/inputs/f4032dd2-5d40-4a9b-adaf-057d94a9312fdefault.tgz (55 MB) to the CRAB cache. Using URI https://cmsweb.cern.ch:8443/crabcache
DEBUG 2021-03-16 06:01:02.422 UTC: 	 Loading required information from the environment
DEBUG 2021-03-16 06:01:02.423 UTC: 	 Found CMSSW_10_6_8 for slc7_amd64_gcc700 with base /afs/cern.ch/work/a/achhetri/NANO_AOD/CMSSW_10_6_8
DEBUG 2021-03-16 06:01:02.423 UTC: 	 Making tarball in /afs/cern.ch/work/a/achhetri/NANO_AOD/CMSSW_10_6_8/src/WTopScalefactorProducer/Skimmer/NANOcrab/crab_Tprime_v5_NANo_AOD_106X/crab_TprimeB_to_TH_M1800_LH_v2/inputs/debugFiles.tgz
DEBUG 2021-03-16 06:01:02.469 UTC: 	 Uploading archive /afs/cern.ch/work/a/achhetri/NANO_AOD/CMSSW_10_6_8/src/WTopScalefactorProducer/Skimmer/NANOcrab/crab_Tprime_v5_NANo_AOD_106X/crab_TprimeB_to_TH_M1800_LH_v2/inputs/debugFiles.tgz (1 KB) to the CRAB cache. Using URI https://cmsweb.cern.ch:8443/crabcache
DEBUG 2021-03-16 06:01:02.531 UTC: 	 Result uploading input files: fc7a7651ae32a455489d7bba5472fb61254915346e808bfef548ea28c00d27f3.tar.gz 
INFO 2021-03-16 06:01:02.531 UTC: 	 Sending the request to the server at cmsweb-k8s-prod.cern.ch
DEBUG 2021-03-16 06:01:02.532 UTC: 	 Submitting {'maxjobruntime': 1250, 'extrajdl': [], 'lfn': '/store/user/achhetri/Tprime_v5_NANo_AOD_106X', 'savelogsflag': 1, 'useparent': 0, 'scriptexe': 'crab_script_Tprime.sh', 'asyncdest': 'T3_CH_CERNBOX', 'algoargs': 10000, 'cachefilename': 'fc7a7651ae32a455489d7bba5472fb61254915346e808bfef548ea28c00d27f3.tar.gz', 'numcores': 1, 'addoutputfiles': [], 'generator': 'pythia', 'maxmemory': 2000, 'publishdbsurl': 'https://cmsweb.cern.ch/dbs/prod/phys03/DBSWriter', 'priority': 10, 'jobsw': 'CMSSW_10_6_8', 'edmoutfiles': ['tree.root'], 'userfiles': [], 'primarydataset': '', 'inputdata': '/TprimeBToTH_M-1800_LH_TuneCP5_PSweights_13TeV-madgraph_pythia8/RunIISummer19UL17NanoAODv2-106X_mc2017_realistic_v8-v1/NANOAODSIM', 'ignorelocality': 0, 'dryrun': 0, 'workflow': 'crab_TprimeB_to_TH_M1800_LH_v2', 'cacheurl': u'https://cmsweb.cern.ch:8443/crabcache', 'nonprodsw': 1, 'tfileoutfiles': [], 'oneEventMode': 0, 'debugfilename': '1c1bec322d502103daa425ebef1f48c399fc8a0b33c8ccb25505460b4ff6c183.tar.gz', 'saveoutput': 1, 'publication': 0, 'jobarch': 'slc7_amd64_gcc700', 'totalunits': 400000, 'splitalgo': 'EventAwareLumiBased', 'ignoreglobalblacklist': 0, 'nonvaliddata': 0, 'dbsurl': 'https://cmsweb.cern.ch/dbs/prod/global/DBSReader', 'publishgroupname': 0, 'jobtype': 'Analysis', 'publishname2': 'TprimeB_to_TH_M1800_LH_v2'} 
DEBUG 2021-03-16 06:01:02.532 UTC: 	 Encoded submit request: maxjobruntime=1250&lfn=%2Fstore%2Fuser%2Fachhetri%2FTprime_v5_NANo_AOD_106X&savelogsflag=1&useparent=0&scriptexe=crab_script_Tprime.sh&asyncdest=T3_CH_CERNBOX&algoargs=10000&cachefilename=fc7a7651ae32a455489d7bba5472fb61254915346e808bfef548ea28c00d27f3.tar.gz&numcores=1&generator=pythia&maxmemory=2000&publishdbsurl=https%3A%2F%2Fcmsweb.cern.ch%2Fdbs%2Fprod%2Fphys03%2FDBSWriter&priority=10&jobsw=CMSSW_10_6_8&primarydataset=&inputdata=%2FTprimeBToTH_M-1800_LH_TuneCP5_PSweights_13TeV-madgraph_pythia8%2FRunIISummer19UL17NanoAODv2-106X_mc2017_realistic_v8-v1%2FNANOAODSIM&ignorelocality=0&dryrun=0&workflow=crab_TprimeB_to_TH_M1800_LH_v2&cacheurl=https%3A%2F%2Fcmsweb.cern.ch%3A8443%2Fcrabcache&nonprodsw=1&oneEventMode=0&debugfilename=1c1bec322d502103daa425ebef1f48c399fc8a0b33c8ccb25505460b4ff6c183.tar.gz&saveoutput=1&publication=0&jobarch=slc7_amd64_gcc700&totalunits=400000&splitalgo=EventAwareLumiBased&ignoreglobalblacklist=0&nonvaliddata=0&dbsurl=https%3A%2F%2Fcmsweb.cern.ch%2Fdbs%2Fprod%2Fglobal%2FDBSReader&publishgroupname=0&jobtype=Analysis&publishname2=TprimeB_to_TH_M1800_LH_v2&edmoutfiles=tree.root
DEBUG 2021-03-16 06:01:02.636 UTC: 	 Result: {u'result': [{u'RequestName': u'210316_060102:achhetri_crab_TprimeB_to_TH_M1800_LH_v2'}]}
INFO 2021-03-16 06:01:02.639 UTC: 	 Success: Your task has been delivered to the prod CRAB3 server.
INFO 2021-03-16 06:01:02.639 UTC: 	 Task name: 210316_060102:achhetri_crab_TprimeB_to_TH_M1800_LH_v2
INFO 2021-03-16 06:01:02.639 UTC: 	 Project dir: crab_Tprime_v5_NANo_AOD_106X/crab_TprimeB_to_TH_M1800_LH_v2
INFO 2021-03-16 06:01:02.639 UTC: 	 Please use ' crab status -d crab_Tprime_v5_NANo_AOD_106X/crab_TprimeB_to_TH_M1800_LH_v2 ' to check how the submission process proceeds.
DEBUG 2021-03-16 06:01:02.640 UTC: 	 About to return
DEBUG 2021-03-16 06:37:01.462 UTC: 	 CRAB Client version: v3.201110
DEBUG 2021-03-16 06:37:01.462 UTC: 	 Running on: Linux lxplus700.cern.ch 3.10.0-1160.15.2.el7.x86_64 #1 SMP Wed Feb 3 15:06:38 UTC 2021 x86_64 x86_64 x86_64 GNU/Linux - CentOS Linux 7 (Core)
DEBUG 2021-03-16 06:37:01.462 UTC: 	 Executing command: 'status'
DEBUG 2021-03-16 06:37:01.463 UTC: 	 Found CRAB cache file /afs/cern.ch/user/a/achhetri/.crab3
DEBUG 2021-03-16 06:37:01.525 UTC: 	 Checking credentials
DEBUG 2021-03-16 06:37:01.526 UTC: 	 Found proxy file /afs/cern.ch/user/a/achhetri/x509up_u94350
DEBUG 2021-03-16 06:37:01.526 UTC: 	 Getting proxy life time left
DEBUG 2021-03-16 06:37:02.230 UTC: 	 Executing : 
 command : voms-proxy-info -file /afs/cern.ch/user/a/achhetri/x509up_u94350 -timeleft
 output : 688394

 error: 
 retcode : 0
DEBUG 2021-03-16 06:37:02.836 UTC: 	 Executing : 
 command : voms-proxy-info -file /afs/cern.ch/user/a/achhetri/x509up_u94350 -actimeleft
 output : 688394

 error: 
 retcode : 0
DEBUG 2021-03-16 06:37:02.836 UTC: 	 Proxy valid for 191:13:14 hours
DEBUG 2021-03-16 06:37:02.898 UTC: 	 Registering user credentials for server /DC=ch/DC=cern/OU=computers/CN=vocms0105.cern.ch|/DC=ch/DC=cern/OU=computers/CN=crab-(preprod|prod|dev)-tw(02|01).cern.ch|/DC=ch/DC=cern/OU=computers/CN=(ddi|ddidk|mytw).cern.ch|/DC=ch/DC=cern/OU=computers/CN=stefanov(m|m2).cern.ch
DEBUG 2021-03-16 06:37:03.510 UTC: 	 Executing : 
 command : voms-proxy-info -file /afs/cern.ch/user/a/achhetri/x509up_u94350 -identity
 output : /DC=ch/DC=cern/OU=Organic Units/OU=Users/CN=achhetri/CN=804540/CN=Arjun Chhetri

 error: 
 retcode : 0
DEBUG 2021-03-16 06:37:03.517 UTC: 	 Getting myproxy life time left for myproxy.cern.ch
DEBUG 2021-03-16 06:37:03.517 UTC: 	 using eb0e67adc2dd9eb1770413a4ffd073f562b86f05 as credential login name
DEBUG 2021-03-16 06:37:03.821 UTC: 	 Executing : 
 command : myproxy-info -l eb0e67adc2dd9eb1770413a4ffd073f562b86f05 -s myproxy.cern.ch
 output : username: eb0e67adc2dd9eb1770413a4ffd073f562b86f05
owner: /DC=ch/DC=cern/OU=Organic Units/OU=Users/CN=achhetri/CN=804540/CN=Arjun Chhetri
  renewal policy: /DC=ch/DC=cern/OU=computers/CN=vocms0105.cern.ch|/DC=ch/DC=cern/OU=computers/CN=crab-(preprod|prod|dev)-tw(02|01).cern.ch|/DC=ch/DC=cern/OU=computers/CN=(ddi|ddidk|mytw).cern.ch|/DC=ch/DC=cern/OU=computers/CN=stefanov(m|m2).cern.ch
  trusted retrieval policy: /DC=ch/DC=cern/OU=computers/CN=vocms0105.cern.ch|/DC=ch/DC=cern/OU=computers/CN=crab-(preprod|prod|dev)-tw(02|01).cern.ch|/DC=ch/DC=cern/OU=computers/CN=(ddi|ddidk|mytw).cern.ch|/DC=ch/DC=cern/OU=computers/CN=stefanov(m|m2).cern.ch
  timeleft: 557:17:06  (23.2 days)

 error: 
 retcode : 0
DEBUG 2021-03-16 06:37:03.822 UTC: 	 Myproxy is valid: 2006226
DEBUG 2021-03-16 06:37:03.822 UTC: 	 Retrieving username ...
DEBUG 2021-03-16 06:37:03.822 UTC: 	 Retrieving username from CRIC...
DEBUG 2021-03-16 06:37:04.611 UTC: 	 username is achhetri
DEBUG 2021-03-16 06:37:04.616 UTC: 	 Getting myproxy life time left for myproxy.cern.ch
DEBUG 2021-03-16 06:37:04.616 UTC: 	 using achhetri_CRAB as credential login name
DEBUG 2021-03-16 06:37:04.920 UTC: 	 Executing : 
 command : myproxy-info -l achhetri_CRAB -s myproxy.cern.ch
 output : username: achhetri_CRAB
owner: /DC=ch/DC=cern/OU=Organic Units/OU=Users/CN=achhetri/CN=804540/CN=Arjun Chhetri
  renewal policy: /DC=ch/DC=cern/OU=computers/CN=vocms0105.cern.ch|/DC=ch/DC=cern/OU=computers/CN=crab-(preprod|prod|dev)-tw(02|01).cern.ch|/DC=ch/DC=cern/OU=computers/CN=(ddi|ddidk|mytw).cern.ch|/DC=ch/DC=cern/OU=computers/CN=stefanov(m|m2).cern.ch
  trusted retrieval policy: /DC=ch/DC=cern/OU=computers/CN=vocms0105.cern.ch|/DC=ch/DC=cern/OU=computers/CN=crab-(preprod|prod|dev)-tw(02|01).cern.ch|/DC=ch/DC=cern/OU=computers/CN=(ddi|ddidk|mytw).cern.ch|/DC=ch/DC=cern/OU=computers/CN=stefanov(m|m2).cern.ch
  timeleft: 194:14:36  (8.1 days)

 error: 
 retcode : 0
DEBUG 2021-03-16 06:37:04.920 UTC: 	 Myproxy is valid: 699276
DEBUG 2021-03-16 06:37:05.024 UTC: 	 Executing : 
 command : openssl x509 -noout -in ~/.globus/usercert.pem -dates
 output : notBefore=Nov 11 12:18:59 2020 GMT
notAfter=Dec 16 12:18:59 2021 GMT

 error: 
 retcode : 0
DEBUG 2021-03-16 06:37:05.030 UTC: 	 Delegating a myproxy for 720:00 hours
DEBUG 2021-03-16 06:37:05.030 UTC: 	 using achhetri_CRAB as credential login name
DEBUG 2021-03-16 06:39:30.752 UTC: 	 Executing : 
 command : export GT_PROXY_MODE=rfc ; myproxy-init -d -n -s myproxy.cern.ch -x -R '/DC=ch/DC=cern/OU=computers/CN=vocms0105.cern.ch|/DC=ch/DC=cern/OU=computers/CN=crab-(preprod|prod|dev)-tw(02|01).cern.ch|/DC=ch/DC=cern/OU=computers/CN=(ddi|ddidk|mytw).cern.ch|/DC=ch/DC=cern/OU=computers/CN=stefanov(m|m2).cern.ch' -x -Z '/DC=ch/DC=cern/OU=computers/CN=vocms0105.cern.ch|/DC=ch/DC=cern/OU=computers/CN=crab-(preprod|prod|dev)-tw(02|01).cern.ch|/DC=ch/DC=cern/OU=computers/CN=(ddi|ddidk|mytw).cern.ch|/DC=ch/DC=cern/OU=computers/CN=stefanov(m|m2).cern.ch' -l 'achhetri_CRAB' -t 168:00 -c 720:00
 output : Your identity: /DC=ch/DC=cern/OU=Organic Units/OU=Users/CN=achhetri/CN=804540/CN=Arjun Chhetri

 error: Error: Couldn't read user key in /afs/cern.ch/user/a/achhetri/.globus/userkey.pem.
Use -debug for further information.
grid-proxy-init failed

 retcode : 1
DEBUG 2021-03-16 06:39:30.753 UTC: 	 using achhetri_CRAB as credential login name
DEBUG 2021-03-16 06:39:31.058 UTC: 	 Executing : 
 command : myproxy-info -l achhetri_CRAB -s myproxy.cern.ch
 output : username: achhetri_CRAB
owner: /DC=ch/DC=cern/OU=Organic Units/OU=Users/CN=achhetri/CN=804540/CN=Arjun Chhetri
  renewal policy: /DC=ch/DC=cern/OU=computers/CN=vocms0105.cern.ch|/DC=ch/DC=cern/OU=computers/CN=crab-(preprod|prod|dev)-tw(02|01).cern.ch|/DC=ch/DC=cern/OU=computers/CN=(ddi|ddidk|mytw).cern.ch|/DC=ch/DC=cern/OU=computers/CN=stefanov(m|m2).cern.ch
  trusted retrieval policy: /DC=ch/DC=cern/OU=computers/CN=vocms0105.cern.ch|/DC=ch/DC=cern/OU=computers/CN=crab-(preprod|prod|dev)-tw(02|01).cern.ch|/DC=ch/DC=cern/OU=computers/CN=(ddi|ddidk|mytw).cern.ch|/DC=ch/DC=cern/OU=computers/CN=stefanov(m|m2).cern.ch
  timeleft: 194:12:09  (8.1 days)

 error: 
 retcode : 0
DEBUG 2021-03-16 06:39:31.058 UTC: 	 My-proxy delegated.
DEBUG 2021-03-16 06:39:31.058 UTC: 	 Result of myproxy credential check:
  Credential exists on myproxy: username: eb0e67adc2dd9eb1770413a4ffd073f562b86f05  - validity: 23 days, 5:17:06
  Credential exists on myproxy: username: achhetri_CRAB  - validity: 8 days, 2:12:09
DEBUG 2021-03-16 06:39:31.059 UTC: 	 Command use: status
DEBUG 2021-03-16 06:39:31.059 UTC: 	 Options use: ['-d', 'crab_Tprime_v5_NANo_AOD_106X/crab_TprimeB_to_TH_M1800_LH_v2/']
DEBUG 2021-03-16 06:39:31.137 UTC: 	 CRABClient version: v3.201110
DEBUG 2021-03-16 06:39:31.137 UTC: 	 Instance is prod
DEBUG 2021-03-16 06:39:31.137 UTC: 	 Server base url is cmsweb-k8s-prod.cern.ch
DEBUG 2021-03-16 06:39:31.137 UTC: 	 Command url /crabserver/prod/workflow
DEBUG 2021-03-16 06:39:31.215 UTC: 	 Got information from server oracle database: {u'result': [u'210316_060102:achhetri_crab_TprimeB_to_TH_M1800_LH_v2', u'None', u'None', u'SUBMITTED', u'SUBMIT', u'2021-03-16 06:01:02.623637', u'None', u'2021-03-16 06:01:32.728127', u'None', u'CMSSW_10_6_8', u'slc7_amd64_gcc700', u'/TprimeBToTH_M-1800_LH_TuneCP5_PSweights_13TeV-madgraph_pythia8/RunIISummer19UL17NanoAODv2-106X_mc2017_realistic_v8-v1/NANOAODSIM', u'F', u'0', u'[]', u'[]', u'EventAwareLumiBased', u"{'splitOnRun': False, 'events_per_job': 10000, 'halt_job_on_file_boundaries': False, 'runs': [], 'lumis': []}", u'fc7a7651ae32a455489d7bba5472fb61254915346e808bfef548ea28c00d27f3.tar.gz', u'https://cmsweb.cern.ch:8443/crabcache', u'achhetri', u'/DC=ch/DC=cern/OU=Organic Units/OU=Users/CN=achhetri/CN=804540/CN=Arjun Chhetri', u'cms', u'None', u'None', u'TprimeB_to_TH_M1800_LH_v2-00000000000000000000000000000000', u'F', u'T3_CH_CERNBOX', u'https://cmsweb.cern.ch/dbs/prod/global/DBSReader', u'https://cmsweb.cern.ch/dbs/prod/phys03/DBSWriter', u'F', u'[]', u'[]', u"['tree.root']", u'Analysis', u'pythia', u'None', u'{}', u'[]', u'T', u'crab-prod-tw01', u'[]', u'1250', u'1', u'2000', u'10', u"['/TprimeBToTH_M-1800_LH_TuneCP5_PSweights_13TeV-madgraph_pythia8/achhetri-TprimeB_to_TH_M1800_LH_v2-5d8f93ee2ba2db6b402c7167473e2950/USER']", u'[]', u'http://vocms0198.cern.ch/mon/cms341/210316_060102:achhetri_crab_TprimeB_to_TH_M1800_LH_v2', u'crab_script_Tprime.sh', u'[]', u'[]', u'https://cmsweb.cern.ch/crabserver/prod', u'cmsgwms-collector-global.cern.ch:9620,cmsgwms-collector-global.fnal.gov', u'crab3@vocms0198.cern.ch', u'F', u'[]', u'T', u'/store/user/achhetri/Tprime_v5_NANo_AOD_106X', u'F', u'None', u'F', u'None', u'TprimeBToTH_M-1800_LH_TuneCP5_PSweights_13TeV-madgraph_pythia8', u'None', u'1c1bec322d502103daa425ebef1f48c399fc8a0b33c8ccb25505460b4ff6c183.tar.gz', u'58129510', u'filetransfers', u'F', u'188.184.97.219', u'400000.0', u'None'], u'desc': {u'columns': [u'tm_taskname', u'tm_activity', u'panda_jobset_id', u'tm_task_status', u'tm_task_command', u'tm_start_time', u'tm_start_injection', u'tm_end_injection', u'tm_task_failure', u'tm_job_sw', u'tm_job_arch', u'tm_input_dataset', u'tm_nonvalid_input_dataset', u'tm_use_parent', u'tm_site_whitelist', u'tm_site_blacklist', u'tm_split_algo', u'tm_split_args', u'tm_user_sandbox', u'tm_cache_url', u'tm_username', u'tm_user_dn', u'tm_user_vo', u'tm_user_role', u'tm_user_group', u'tm_publish_name', u'tm_publish_groupname', u'tm_asyncdest', u'tm_dbs_url', u'tm_publish_dbs_url', u'tm_publication', u'tm_outfiles', u'tm_tfile_outfiles', u'tm_edm_outfiles', u'tm_job_type', u'tm_generator', u'tm_events_per_lumi', u'tm_arguments', u'panda_resubmitted_jobs', u'tm_save_logs', u'tw_name', u'tm_user_infiles', u'tm_maxjobruntime', u'tm_numcores', u'tm_maxmemory', u'tm_priority', u'tm_output_dataset', u'tm_task_warnings', u'tm_user_webdir', u'tm_scriptexe', u'tm_scriptargs', u'tm_extrajdl', u'tm_asourl', u'tm_collector', u'tm_schedd', u'tm_dry_run', u'tm_user_files', u'tm_transfer_outputs', u'tm_output_lfn', u'tm_ignore_locality', u'tm_fail_limit', u'tm_one_event_mode', u'tm_secondary_input_dataset', u'tm_primary_dataset', u'tm_last_publication', u'tm_debug_files', u'clusterid', u'tm_asodb', u'tm_ignore_global_blacklist', u'tm_submitter_ip_addr', u'tm_totalunits', u'tm_ddm_reqid']}}
INFO 2021-03-16 06:39:31.216 UTC: 	 CRAB project directory:		/afs/cern.ch/work/a/achhetri/NANO_AOD/CMSSW_10_6_8/src/WTopScalefactorProducer/Skimmer/NANOcrab/crab_Tprime_v5_NANo_AOD_106X/crab_TprimeB_to_TH_M1800_LH_v2
INFO 2021-03-16 06:39:31.216 UTC: 	 Task name:			210316_060102:achhetri_crab_TprimeB_to_TH_M1800_LH_v2
INFO 2021-03-16 06:39:31.216 UTC: 	 Grid scheduler - Task Worker:	crab3@vocms0198.cern.ch - crab-prod-tw01
INFO 2021-03-16 06:39:31.216 UTC: 	 Status on the CRAB server:	SUBMITTED
INFO 2021-03-16 06:39:31.216 UTC: 	 Task URL to use for HELP:	https://cmsweb-k8s-prod.cern.ch/crabserver/ui/task/210316_060102%3Aachhetri_crab_TprimeB_to_TH_M1800_LH_v2
INFO 2021-03-16 06:39:31.217 UTC: 	 Dashboard monitoring URL:	https://monit-grafana.cern.ch/d/cmsTMDetail/cms-task-monitoring-task-view?orgId=11&var-user=achhetri&var-task=210316_060102%3Aachhetri_crab_TprimeB_to_TH_M1800_LH_v2&from=1615870862000&to=now
INFO 2021-03-16 06:39:31.218 UTC: 	 In case of issues with the dashboard, please provide feedback to hn-cms-computing-tools@cern.ch
DEBUG 2021-03-16 06:39:31.218 UTC: 	 The CRAB server submitted your task to the Grid scheduler (cluster ID: 58129510)
DEBUG 2021-03-16 06:39:31.218 UTC: 	 Webdir is located at http://vocms0198.cern.ch/mon/cms341/210316_060102:achhetri_crab_TprimeB_to_TH_M1800_LH_v2
DEBUG 2021-03-16 06:39:31.299 UTC: 	 Proxied webdir is located at https://cmsweb.cern.ch:8443/scheddmon/0198/cms341/210316_060102:achhetri_crab_TprimeB_to_TH_M1800_LH_v2
DEBUG 2021-03-16 06:39:31.299 UTC: 	 Retrieving 'status_cache' file from https://cmsweb.cern.ch:8443/scheddmon/0198/cms341/210316_060102:achhetri_crab_TprimeB_to_TH_M1800_LH_v2/status_cache
DEBUG 2021-03-16 06:39:31.342 UTC: 	 Got information from status cache file: {'42': {'Retries': 0, 'WallDurations': [0, 128.0], 'StartTimes': [1615874573.0], 'SubmitTimes': [1615874508.0], 'JobIds': ['58129552.0'], 'EndTimes': [1615874701.0], 'Restarts': 0, 'RecordedSite': True, 'State': 'finished', 'ResidentSetSize': [49100], 'TotalUserCpuTimeHistory': [62], 'SiteHistory': ['T2_IT_Bari', 'T2_IT_Bari'], 'TotalSysCpuTimeHistory': [5]}, '24': {'Retries': 0, 'WallDurations': [0, 308.0], 'StartTimes': [1615874574.0], 'SubmitTimes': [1615874505.0], 'JobIds': ['58129535.0'], 'EndTimes': [1615874882.0], 'Restarts': 0, 'RecordedSite': True, 'State': 'transferring', 'ResidentSetSize': [67144], 'TotalUserCpuTimeHistory': [221], 'SiteHistory': ['T2_CH_CSCS', 'T2_CH_CSCS'], 'TotalSysCpuTimeHistory': [10]}, '25': {'Retries': 0, 'WallDurations': [0, 292.0], 'StartTimes': [1615874573.0], 'SubmitTimes': [1615874506.0], 'JobIds': ['58129536.0'], 'EndTimes': [1615874865.0], 'Restarts': 0, 'RecordedSite': True, 'State': 'transferring', 'ResidentSetSize': [39544], 'TotalUserCpuTimeHistory': [207], 'SiteHistory': ['T2_CH_CSCS', 'T2_CH_CSCS'], 'TotalSysCpuTimeHistory': [10]}, '26': {'Retries': 0, 'WallDurations': [0, 299.0], 'StartTimes': [1615874573.0], 'SubmitTimes': [1615874506.0], 'JobIds': ['58129537.0'], 'EndTimes': [1615874872.0], 'Restarts': 0, 'RecordedSite': True, 'State': 'transferring', 'ResidentSetSize': [68496], 'TotalUserCpuTimeHistory': [223], 'SiteHistory': ['T2_CH_CSCS', 'T2_CH_CSCS'], 'TotalSysCpuTimeHistory': [10]}, '27': {'Retries': 0, 'WallDurations': [0, 327.0], 'StartTimes': [1615874574.0], 'SubmitTimes': [1615874506.0], 'JobIds': ['58129538.0'], 'EndTimes': [1615874901.0], 'Restarts': 0, 'RecordedSite': True, 'State': 'transferring', 'ResidentSetSize': [690188], 'TotalUserCpuTimeHistory': [245], 'SiteHistory': ['T2_CH_CSCS', 'T2_CH_CSCS'], 'TotalSysCpuTimeHistory': [11]}, '20': {'Retries': 0, 'WallDurations': [0, 380.0], 'StartTimes': [1615874573.0], 'SubmitTimes': [1615874505.0], 'JobIds': ['58129531.0'], 'EndTimes': [1615874953.0], 'Restarts': 0, 'RecordedSite': True, 'State': 'transferring', 'ResidentSetSize': [616768], 'TotalUserCpuTimeHistory': [286], 'SiteHistory': ['T2_CH_CSCS', 'T2_CH_CSCS'], 'TotalSysCpuTimeHistory': [12]}, '21': {'Retries': 0, 'WallDurations': [0, 384.0], 'StartTimes': [1615874573.0], 'SubmitTimes': [1615874505.0], 'JobIds': ['58129532.0'], 'EndTimes': [1615874957.0], 'Restarts': 0, 'RecordedSite': True, 'State': 'transferring', 'ResidentSetSize': [534820], 'TotalUserCpuTimeHistory': [257], 'SiteHistory': ['T2_CH_CSCS', 'T2_CH_CSCS'], 'TotalSysCpuTimeHistory': [12]}, '22': {'Retries': 0, 'WallDurations': [0, 261.0], 'StartTimes': [1615874573.0], 'SubmitTimes': [1615874505.0], 'JobIds': ['58129533.0'], 'EndTimes': [1615874834.0], 'Restarts': 0, 'RecordedSite': True, 'State': 'finished', 'ResidentSetSize': [41300], 'TotalUserCpuTimeHistory': [179], 'SiteHistory': ['T2_CH_CSCS', 'T2_CH_CSCS'], 'TotalSysCpuTimeHistory': [9]}, '23': {'Retries': 0, 'WallDurations': [0, 279.0], 'StartTimes': [1615874573.0], 'SubmitTimes': [1615874505.0], 'JobIds': ['58129534.0'], 'EndTimes': [1615874852.0], 'Restarts': 0, 'RecordedSite': True, 'State': 'finished', 'ResidentSetSize': [24968], 'TotalUserCpuTimeHistory': [214], 'SiteHistory': ['T2_CH_CSCS', 'T2_CH_CSCS'], 'TotalSysCpuTimeHistory': [10]}, '28': {'Retries': 0, 'WallDurations': [0, 335.0], 'StartTimes': [1615874573.0], 'SubmitTimes': [1615874506.0], 'JobIds': ['58129539.0'], 'EndTimes': [1615874908.0], 'Restarts': 0, 'RecordedSite': True, 'State': 'transferring', 'ResidentSetSize': [721836], 'TotalUserCpuTimeHistory': [263], 'SiteHistory': ['T2_CH_CSCS', 'T2_CH_CSCS'], 'TotalSysCpuTimeHistory': [11]}, '29': {'Retries': 0, 'WallDurations': [0, 253.0], 'StartTimes': [1615874574.0], 'SubmitTimes': [1615874506.0], 'JobIds': ['58129540.0'], 'EndTimes': [1615874827.0], 'Restarts': 0, 'RecordedSite': True, 'State': 'finished', 'ResidentSetSize': [25456], 'TotalUserCpuTimeHistory': [182], 'SiteHistory': ['T2_CH_CSCS', 'T2_CH_CSCS'], 'TotalSysCpuTimeHistory': [9]}, '40': {'Retries': 0, 'WallDurations': [0, 311.0], 'StartTimes': [1615874572.0], 'SubmitTimes': [1615874507.0], 'JobIds': ['58129550.0'], 'EndTimes': [1615874883.0], 'Restarts': 0, 'RecordedSite': True, 'State': 'transferring', 'ResidentSetSize': [166328], 'TotalUserCpuTimeHistory': [236], 'SiteHistory': ['T2_UK_SGrid_RALPP', 'T2_UK_SGrid_RALPP'], 'TotalSysCpuTimeHistory': [14]}, '41': {'Retries': 0, 'WallDurations': [9.0, 352.0], 'StartTimes': [1615874576.0], 'SubmitTimes': [1615874507.0], 'JobIds': ['58129551.0'], 'EndTimes': [1615874928.0], 'Restarts': 0, 'RecordedSite': True, 'State': 'transferring', 'ResidentSetSize': [496004], 'TotalUserCpuTimeHistory': [250], 'SiteHistory': ['T2_UA_KIPT', 'T2_UA_KIPT'], 'TotalSysCpuTimeHistory': [20]}, '1': {'Retries': 0, 'WallDurations': [9.0, 289.13449001312256, 366.0], 'StartTimes': [1615874586.0], 'SubmitTimes': [1615874498.0], 'JobIds': ['58129512.0'], 'EndTimes': [1615874952.0], 'Restarts': 0, 'RecordedSite': True, 'State': 'transferring', 'ResidentSetSize': [445880], 'TotalUserCpuTimeHistory': [250], 'SiteHistory': ['Unknown', 'T2_IN_TIFR', 'T2_IN_TIFR'], 'TotalSysCpuTimeHistory': [24]}, '3': {'Retries': 0, 'WallDurations': [8.0, 291.13449001312256, 391.0], 'StartTimes': [1615874584.0], 'SubmitTimes': [1615874498.0], 'JobIds': ['58129514.0'], 'EndTimes': [1615874975.0], 'Restarts': 0, 'RecordedSite': True, 'State': 'transferring', 'ResidentSetSize': [53864], 'TotalUserCpuTimeHistory': [217], 'SiteHistory': ['Unknown', 'T2_IN_TIFR', 'T2_IN_TIFR'], 'TotalSysCpuTimeHistory': [14]}, '2': {'Retries': 0, 'WallDurations': [262.0, 291.13449001312256, 291.13449001312256], 'StartTimes': [1615874584.0], 'SubmitTimes': [1615874498.0], 'JobIds': ['58129513.0'], 'EndTimes': [1615874846.0], 'Restarts': 0, 'RecordedSite': True, 'State': 'finished', 'ResidentSetSize': [53832], 'TotalUserCpuTimeHistory': [208], 'SiteHistory': ['Unknown', 'T2_IN_TIFR', 'T2_IN_TIFR'], 'TotalSysCpuTimeHistory': [12]}, '5': {'Retries': 0, 'WallDurations': [10.0, 290.13449001312256, 370.0], 'StartTimes': [1615874585.0], 'SubmitTimes': [1615874498.0], 'JobIds': ['58129516.0'], 'EndTimes': [1615874955.0], 'Restarts': 0, 'RecordedSite': True, 'State': 'transferring', 'ResidentSetSize': [445516], 'TotalUserCpuTimeHistory': [252], 'SiteHistory': ['Unknown', 'T2_IN_TIFR', 'T2_IN_TIFR'], 'TotalSysCpuTimeHistory': [23]}, '4': {'Retries': 0, 'WallDurations': [9.0, 287.13449001312256, 356.0], 'StartTimes': [1615874588.0], 'SubmitTimes': [1615874498.0], 'JobIds': ['58129515.0'], 'EndTimes': [1615874944.0], 'Restarts': 0, 'RecordedSite': True, 'State': 'transferring', 'ResidentSetSize': [446612], 'TotalUserCpuTimeHistory': [243], 'SiteHistory': ['Unknown', 'T2_IN_TIFR', 'T2_IN_TIFR'], 'TotalSysCpuTimeHistory': [23]}, '7': {'Retries': 0, 'WallDurations': [9.0, 293.13449001312256, 447.0], 'StartTimes': [1615874582.0], 'SubmitTimes': [1615874499.0], 'JobIds': ['58129518.0'], 'EndTimes': [1615875029.0], 'Restarts': 0, 'RecordedSite': True, 'State': 'transferring', 'ResidentSetSize': [48320], 'TotalUserCpuTimeHistory': [209], 'SiteHistory': ['Unknown', 'T2_IN_TIFR', 'T2_IN_TIFR'], 'TotalSysCpuTimeHistory': [13]}, '6': {'Retries': 0, 'WallDurations': [255.0, 289.13449001312256, 289.13449001312256], 'StartTimes': [1615874586.0], 'SubmitTimes': [1615874498.0], 'JobIds': ['58129517.0'], 'EndTimes': [1615874841.0], 'Restarts': 0, 'RecordedSite': True, 'State': 'finished', 'ResidentSetSize': [46404], 'TotalUserCpuTimeHistory': [190], 'SiteHistory': ['Unknown', 'T2_IN_TIFR', 'T2_IN_TIFR'], 'TotalSysCpuTimeHistory': [20]}, '9': {'Retries': 0, 'WallDurations': [277.0, 292.13449001312256, 292.13449001312256], 'StartTimes': [1615874583.0], 'SubmitTimes': [1615874499.0], 'JobIds': ['58129520.0'], 'EndTimes': [1615874860.0], 'Restarts': 0, 'RecordedSite': True, 'State': 'finished', 'ResidentSetSize': [2008], 'TotalUserCpuTimeHistory': [167], 'SiteHistory': ['Unknown', 'T2_IN_TIFR', 'T2_IN_TIFR'], 'TotalSysCpuTimeHistory': [11]}, '8': {'Retries': 0, 'WallDurations': [9.0, 293.13449001312256, 394.0], 'StartTimes': [1615874582.0], 'SubmitTimes': [1615874499.0], 'JobIds': ['58129519.0'], 'EndTimes': [1615874976.0], 'Restarts': 0, 'RecordedSite': True, 'State': 'transferring', 'ResidentSetSize': [57916], 'TotalUserCpuTimeHistory': [218], 'SiteHistory': ['Unknown', 'T2_IN_TIFR', 'T2_IN_TIFR'], 'TotalSysCpuTimeHistory': [13]}, '39': {'Retries': 0, 'WallDurations': [0, 240.0], 'StartTimes': [1615874572.0], 'SubmitTimes': [1615874507.0], 'JobIds': ['58129549.0'], 'EndTimes': [1615874812.0], 'Restarts': 0, 'RecordedSite': True, 'State': 'finished', 'ResidentSetSize': [2960], 'TotalUserCpuTimeHistory': [59], 'SiteHistory': ['T3_UK_ScotGrid_GLA', 'T3_UK_ScotGrid_GLA'], 'TotalSysCpuTimeHistory': [4]}, '38': {'Retries': 0, 'WallDurations': [0, 514.0], 'StartTimes': [1615874572.0], 'SubmitTimes': [1615874507.0], 'JobIds': ['58129548.0'], 'EndTimes': [1615875086.0], 'Restarts': 0, 'RecordedSite': True, 'State': 'transferring', 'ResidentSetSize': [510112], 'TotalUserCpuTimeHistory': [293], 'SiteHistory': ['T3_UK_ScotGrid_GLA', 'T3_UK_ScotGrid_GLA'], 'TotalSysCpuTimeHistory': [18]}, '11': {'Retries': 0, 'WallDurations': [8.0, 291.13449001312256, 369.0], 'StartTimes': [1615874584.0], 'SubmitTimes': [1615874504.0], 'JobIds': ['58129522.0'], 'EndTimes': [1615874953.0], 'Restarts': 0, 'RecordedSite': True, 'State': 'transferring', 'ResidentSetSize': [444820], 'TotalUserCpuTimeHistory': [267], 'SiteHistory': ['Unknown', 'T2_IN_TIFR', 'T2_IN_TIFR'], 'TotalSysCpuTimeHistory': [24]}, '10': {'Retries': 0, 'WallDurations': [9.0, 292.13449001312256, 347.0], 'StartTimes': [1615874583.0], 'SubmitTimes': [1615874499.0], 'JobIds': ['58129521.0'], 'EndTimes': [1615874930.0], 'Restarts': 0, 'RecordedSite': True, 'State': 'transferring', 'ResidentSetSize': [49076], 'TotalUserCpuTimeHistory': [170], 'SiteHistory': ['Unknown', 'T2_IN_TIFR', 'T2_IN_TIFR'], 'TotalSysCpuTimeHistory': [14]}, '13': {'Retries': 0, 'WallDurations': [9.0, 290.13449001312256, 370.0], 'StartTimes': [1615874585.0], 'SubmitTimes': [1615874504.0], 'JobIds': ['58129524.0'], 'EndTimes': [1615874955.0], 'Restarts': 0, 'RecordedSite': True, 'State': 'transferring', 'ResidentSetSize': [444320], 'TotalUserCpuTimeHistory': [264], 'SiteHistory': ['Unknown', 'T2_IN_TIFR', 'T2_IN_TIFR'], 'TotalSysCpuTimeHistory': [23]}, '12': {'Retries': 0, 'WallDurations': [261.0, 292.13449001312256, 292.13449001312256], 'StartTimes': [1615874583.0], 'SubmitTimes': [1615874504.0], 'JobIds': ['58129523.0'], 'EndTimes': [1615874844.0], 'Restarts': 0, 'RecordedSite': True, 'State': 'finished', 'ResidentSetSize': [47860], 'TotalUserCpuTimeHistory': [193], 'SiteHistory': ['Unknown', 'T2_IN_TIFR', 'T2_IN_TIFR'], 'TotalSysCpuTimeHistory': [20]}, '15': {'Retries': 0, 'WallDurations': [10.0, 292.13449001312256, 338.0], 'StartTimes': [1615874583.0], 'SubmitTimes': [1615874504.0], 'JobIds': ['58129526.0'], 'EndTimes': [1615874921.0], 'Restarts': 0, 'RecordedSite': True, 'State': 'transferring', 'ResidentSetSize': [60088], 'TotalUserCpuTimeHistory': [166], 'SiteHistory': ['Unknown', 'T2_IN_TIFR', 'T2_IN_TIFR'], 'TotalSysCpuTimeHistory': [11]}, '14': {'Retries': 0, 'WallDurations': [248.0, 290.13449001312256, 290.13449001312256], 'StartTimes': [1615874585.0], 'SubmitTimes': [1615874504.0], 'JobIds': ['58129525.0'], 'EndTimes': [1615874833.0], 'Restarts': 0, 'RecordedSite': True, 'State': 'finished', 'ResidentSetSize': [48740], 'TotalUserCpuTimeHistory': [178], 'SiteHistory': ['Unknown', 'T2_IN_TIFR', 'T2_IN_TIFR'], 'TotalSysCpuTimeHistory': [19]}, '17': {'Retries': 0, 'WallDurations': [9.0, 459.0], 'StartTimes': [1615874582.0], 'SubmitTimes': [1615874505.0], 'JobIds': ['58129528.0'], 'EndTimes': [1615875041.0], 'Restarts': 0, 'RecordedSite': True, 'State': 'transferring', 'ResidentSetSize': [522816], 'TotalUserCpuTimeHistory': [348], 'SiteHistory': ['T2_TR_METU', 'T2_TR_METU'], 'TotalSysCpuTimeHistory': [18]}, '16': {'Retries': 0, 'WallDurations': [8.0, 289.13449001312256, 323.0], 'StartTimes': [1615874586.0], 'SubmitTimes': [1615874505.0], 'JobIds': ['58129527.0'], 'EndTimes': [1615874909.0], 'Restarts': 0, 'RecordedSite': True, 'State': 'transferring', 'ResidentSetSize': [589636], 'TotalUserCpuTimeHistory': [217], 'SiteHistory': ['Unknown', 'T2_IN_TIFR', 'T2_IN_TIFR'], 'TotalSysCpuTimeHistory': [22]}, '19': {'Retries': 0, 'WallDurations': [9.0, 356.0], 'StartTimes': [1615874575.0], 'SubmitTimes': [1615874505.0], 'JobIds': ['58129530.0'], 'EndTimes': [1615874931.0], 'Restarts': 0, 'RecordedSite': True, 'State': 'transferring', 'ResidentSetSize': [712916], 'TotalUserCpuTimeHistory': [254], 'SiteHistory': ['T2_CH_CSCS', 'T2_CH_CSCS'], 'TotalSysCpuTimeHistory': [13]}, '18': {'Retries': 0, 'WallDurations': [9.0, 461.0], 'StartTimes': [1615874577.0], 'SubmitTimes': [1615874505.0], 'JobIds': ['58129529.0'], 'EndTimes': [1615875038.0], 'Restarts': 0, 'RecordedSite': True, 'State': 'transferring', 'ResidentSetSize': [508044], 'TotalUserCpuTimeHistory': [349], 'SiteHistory': ['T2_TR_METU', 'T2_TR_METU'], 'TotalSysCpuTimeHistory': [21]}, '31': {'Retries': 0, 'WallDurations': [10.0, 446.0], 'StartTimes': [1615874576.0], 'SubmitTimes': [1615874508.0], 'JobIds': ['58129553.0'], 'EndTimes': [1615875022.0], 'Restarts': 0, 'RecordedSite': True, 'State': 'transferring', 'ResidentSetSize': [615252], 'TotalUserCpuTimeHistory': [296], 'SiteHistory': ['T2_CH_CSCS', 'T2_CH_CSCS'], 'TotalSysCpuTimeHistory': [12]}, '30': {'Retries': 0, 'WallDurations': [0, 263.0], 'StartTimes': [1615874574.0], 'SubmitTimes': [1615874506.0], 'JobIds': ['58129541.0'], 'EndTimes': [1615874837.0], 'Restarts': 0, 'RecordedSite': True, 'State': 'finished', 'ResidentSetSize': [64812], 'TotalUserCpuTimeHistory': [189], 'SiteHistory': ['T2_CH_CSCS', 'T2_CH_CSCS'], 'TotalSysCpuTimeHistory': [10]}, '37': {'Retries': 0, 'WallDurations': [9.0, 299.13449001312256, 494.0], 'StartTimes': [1615874576.0], 'SubmitTimes': [1615874507.0], 'JobIds': ['58129547.0'], 'EndTimes': [1615875070.0], 'Restarts': 0, 'RecordedSite': True, 'State': 'transferring', 'ResidentSetSize': [585724], 'TotalUserCpuTimeHistory': [384], 'SiteHistory': ['Unknown', 'T2_EE_Estonia', 'T2_EE_Estonia'], 'TotalSysCpuTimeHistory': [41]}, '36': {'Retries': 0, 'WallDurations': [0, 362.0], 'StartTimes': [1615874572.0], 'SubmitTimes': [1615874507.0], 'JobIds': ['58129546.0'], 'EndTimes': [1615874934.0], 'Restarts': 0, 'RecordedSite': True, 'State': 'transferring', 'ResidentSetSize': [525512], 'TotalUserCpuTimeHistory': [129], 'SiteHistory': ['T3_UK_ScotGrid_GLA', 'T3_UK_ScotGrid_GLA'], 'TotalSysCpuTimeHistory': [7]}, '35': {'Retries': 0, 'WallDurations': [216.0, 299.13449001312256, 299.13449001312256], 'StartTimes': [1615874576.0], 'SubmitTimes': [1615874507.0], 'JobIds': ['58129545.0'], 'EndTimes': [1615874792.0], 'Restarts': 0, 'RecordedSite': True, 'State': 'finished', 'ResidentSetSize': [8308], 'TotalUserCpuTimeHistory': [150], 'SiteHistory': ['Unknown', 'T2_CH_CSCS', 'T2_CH_CSCS'], 'TotalSysCpuTimeHistory': [7]}, '34': {'Retries': 0, 'WallDurations': [266.0, 300.13449001312256], 'StartTimes': [1615874575.0], 'SubmitTimes': [1615874507.0], 'JobIds': ['58129544.0'], 'EndTimes': [1615874841.0], 'Restarts': 0, 'RecordedSite': True, 'State': 'finished', 'ResidentSetSize': [39988], 'TotalUserCpuTimeHistory': [205], 'SiteHistory': ['T2_CH_CSCS', 'T2_CH_CSCS'], 'TotalSysCpuTimeHistory': [10]}, '33': {'Retries': 0, 'WallDurations': [9.0, 380.0], 'StartTimes': [1615874575.0], 'SubmitTimes': [1615874506.0], 'JobIds': ['58129543.0'], 'EndTimes': [1615874955.0], 'Restarts': 0, 'RecordedSite': True, 'State': 'transferring', 'ResidentSetSize': [466576], 'TotalUserCpuTimeHistory': [288], 'SiteHistory': ['T2_CH_CSCS', 'T2_CH_CSCS'], 'TotalSysCpuTimeHistory': [13]}, '32': {'Retries': 0, 'WallDurations': [8.0, 317.0], 'StartTimes': [1615874576.0], 'SubmitTimes': [1615874506.0], 'JobIds': ['58129542.0'], 'EndTimes': [1615874893.0], 'Restarts': 0, 'RecordedSite': True, 'State': 'transferring', 'ResidentSetSize': [588792], 'TotalUserCpuTimeHistory': [254], 'SiteHistory': ['T2_CH_CSCS', 'T2_CH_CSCS'], 'TotalSysCpuTimeHistory': [11]}}
INFO 2021-03-16 06:39:31.342 UTC: 	 Status on the scheduler:	SUBMITTED
INFO 2021-03-16 06:39:31.343 UTC: 	 
Jobs status:                    finished     		 31.0% (13/42)
INFO 2021-03-16 06:39:31.343 UTC: 	 				transferring 		 69.0% (29/42)
INFO 2021-03-16 06:39:31.343 UTC: 	 
No publication information (publication has been disabled in the CRAB configuration file)
INFO 2021-03-16 06:39:31.344 UTC: 	 
Warning: the max jobs runtime is less than 30% of the task requested value (1250 min), please consider to request a lower value for failed jobs (allowed through crab resubmit) and/or improve the jobs splitting (e.g. config.Data.splitting = 'Automatic') in a new task.
INFO 2021-03-16 06:39:31.344 UTC: 	 
Summary of run jobs:
 * Memory: 52MB min, 704MB max, 279MB ave
 * Runtime: 0:02:08 min, 0:08:34 max, 0:05:41 ave
 * CPU eff: 26% min, 86% max, 70% ave
 * Waste: 2:00:06 (33% of total)

INFO 2021-03-16 06:39:31.352 UTC: 	 Log file is /afs/cern.ch/work/a/achhetri/NANO_AOD/CMSSW_10_6_8/src/WTopScalefactorProducer/Skimmer/NANOcrab/crab_Tprime_v5_NANo_AOD_106X/crab_TprimeB_to_TH_M1800_LH_v2/crab.log
DEBUG 2021-03-16 08:10:27.702 UTC: 	 CRAB Client version: v3.201110
DEBUG 2021-03-16 08:10:27.702 UTC: 	 Running on: Linux lxplus700.cern.ch 3.10.0-1160.15.2.el7.x86_64 #1 SMP Wed Feb 3 15:06:38 UTC 2021 x86_64 x86_64 x86_64 GNU/Linux - CentOS Linux 7 (Core)
DEBUG 2021-03-16 08:10:27.702 UTC: 	 Executing command: 'status'
DEBUG 2021-03-16 08:10:27.703 UTC: 	 Found CRAB cache file /afs/cern.ch/user/a/achhetri/.crab3
DEBUG 2021-03-16 08:10:27.726 UTC: 	 Checking credentials
DEBUG 2021-03-16 08:10:27.727 UTC: 	 Found proxy file /afs/cern.ch/user/a/achhetri/x509up_u94350
DEBUG 2021-03-16 08:10:27.727 UTC: 	 Getting proxy life time left
DEBUG 2021-03-16 08:10:28.433 UTC: 	 Executing : 
 command : voms-proxy-info -file /afs/cern.ch/user/a/achhetri/x509up_u94350 -timeleft
 output : 682788

 error: 
 retcode : 0
DEBUG 2021-03-16 08:10:29.039 UTC: 	 Executing : 
 command : voms-proxy-info -file /afs/cern.ch/user/a/achhetri/x509up_u94350 -actimeleft
 output : 682787

 error: 
 retcode : 0
DEBUG 2021-03-16 08:10:29.039 UTC: 	 Proxy lifetime 682788 secs is different from voms extension lifetime 682787 secs for proxy: /afs/cern.ch/user/a/achhetri/x509up_u94350
DEBUG 2021-03-16 08:10:29.039 UTC: 	 Proxy valid for 189:39:47 hours
DEBUG 2021-03-16 08:10:29.119 UTC: 	 Registering user credentials for server /DC=ch/DC=cern/OU=computers/CN=vocms0105.cern.ch|/DC=ch/DC=cern/OU=computers/CN=crab-(preprod|prod|dev)-tw(02|01).cern.ch|/DC=ch/DC=cern/OU=computers/CN=(ddi|ddidk|mytw).cern.ch|/DC=ch/DC=cern/OU=computers/CN=stefanov(m|m2).cern.ch
DEBUG 2021-03-16 08:10:29.731 UTC: 	 Executing : 
 command : voms-proxy-info -file /afs/cern.ch/user/a/achhetri/x509up_u94350 -identity
 output : /DC=ch/DC=cern/OU=Organic Units/OU=Users/CN=achhetri/CN=804540/CN=Arjun Chhetri

 error: 
 retcode : 0
DEBUG 2021-03-16 08:10:29.738 UTC: 	 Getting myproxy life time left for myproxy.cern.ch
DEBUG 2021-03-16 08:10:29.739 UTC: 	 using eb0e67adc2dd9eb1770413a4ffd073f562b86f05 as credential login name
DEBUG 2021-03-16 08:10:30.144 UTC: 	 Executing : 
 command : myproxy-info -l eb0e67adc2dd9eb1770413a4ffd073f562b86f05 -s myproxy.cern.ch
 output : username: eb0e67adc2dd9eb1770413a4ffd073f562b86f05
owner: /DC=ch/DC=cern/OU=Organic Units/OU=Users/CN=achhetri/CN=804540/CN=Arjun Chhetri
  renewal policy: /DC=ch/DC=cern/OU=computers/CN=vocms0105.cern.ch|/DC=ch/DC=cern/OU=computers/CN=crab-(preprod|prod|dev)-tw(02|01).cern.ch|/DC=ch/DC=cern/OU=computers/CN=(ddi|ddidk|mytw).cern.ch|/DC=ch/DC=cern/OU=computers/CN=stefanov(m|m2).cern.ch
  trusted retrieval policy: /DC=ch/DC=cern/OU=computers/CN=vocms0105.cern.ch|/DC=ch/DC=cern/OU=computers/CN=crab-(preprod|prod|dev)-tw(02|01).cern.ch|/DC=ch/DC=cern/OU=computers/CN=(ddi|ddidk|mytw).cern.ch|/DC=ch/DC=cern/OU=computers/CN=stefanov(m|m2).cern.ch
  timeleft: 555:43:39  (23.2 days)

 error: 
 retcode : 0
DEBUG 2021-03-16 08:10:30.145 UTC: 	 Myproxy is valid: 2000619
DEBUG 2021-03-16 08:10:30.145 UTC: 	 Retrieving username ...
DEBUG 2021-03-16 08:10:30.145 UTC: 	 Retrieving username from CRIC...
DEBUG 2021-03-16 08:10:30.845 UTC: 	 username is achhetri
DEBUG 2021-03-16 08:10:30.851 UTC: 	 Getting myproxy life time left for myproxy.cern.ch
DEBUG 2021-03-16 08:10:30.852 UTC: 	 using achhetri_CRAB as credential login name
DEBUG 2021-03-16 08:10:31.157 UTC: 	 Executing : 
 command : myproxy-info -l achhetri_CRAB -s myproxy.cern.ch
 output : username: achhetri_CRAB
owner: /DC=ch/DC=cern/OU=Organic Units/OU=Users/CN=achhetri/CN=804540/CN=Arjun Chhetri
  renewal policy: /DC=ch/DC=cern/OU=computers/CN=vocms0105.cern.ch|/DC=ch/DC=cern/OU=computers/CN=crab-(preprod|prod|dev)-tw(02|01).cern.ch|/DC=ch/DC=cern/OU=computers/CN=(ddi|ddidk|mytw).cern.ch|/DC=ch/DC=cern/OU=computers/CN=stefanov(m|m2).cern.ch
  trusted retrieval policy: /DC=ch/DC=cern/OU=computers/CN=vocms0105.cern.ch|/DC=ch/DC=cern/OU=computers/CN=crab-(preprod|prod|dev)-tw(02|01).cern.ch|/DC=ch/DC=cern/OU=computers/CN=(ddi|ddidk|mytw).cern.ch|/DC=ch/DC=cern/OU=computers/CN=stefanov(m|m2).cern.ch
  timeleft: 192:41:09  (8.0 days)

 error: 
 retcode : 0
DEBUG 2021-03-16 08:10:31.157 UTC: 	 Myproxy is valid: 693669
DEBUG 2021-03-16 08:10:31.262 UTC: 	 Executing : 
 command : openssl x509 -noout -in ~/.globus/usercert.pem -dates
 output : notBefore=Nov 11 12:18:59 2020 GMT
notAfter=Dec 16 12:18:59 2021 GMT

 error: 
 retcode : 0
DEBUG 2021-03-16 08:10:31.270 UTC: 	 Delegating a myproxy for 720:00 hours
DEBUG 2021-03-16 08:10:31.271 UTC: 	 using achhetri_CRAB as credential login name
DEBUG 2021-03-16 08:10:33.782 UTC: 	 Executing : 
 command : export GT_PROXY_MODE=rfc ; myproxy-init -d -n -s myproxy.cern.ch -x -R '/DC=ch/DC=cern/OU=computers/CN=vocms0105.cern.ch|/DC=ch/DC=cern/OU=computers/CN=crab-(preprod|prod|dev)-tw(02|01).cern.ch|/DC=ch/DC=cern/OU=computers/CN=(ddi|ddidk|mytw).cern.ch|/DC=ch/DC=cern/OU=computers/CN=stefanov(m|m2).cern.ch' -x -Z '/DC=ch/DC=cern/OU=computers/CN=vocms0105.cern.ch|/DC=ch/DC=cern/OU=computers/CN=crab-(preprod|prod|dev)-tw(02|01).cern.ch|/DC=ch/DC=cern/OU=computers/CN=(ddi|ddidk|mytw).cern.ch|/DC=ch/DC=cern/OU=computers/CN=stefanov(m|m2).cern.ch' -l 'achhetri_CRAB' -t 168:00 -c 720:00
 output : Your identity: /DC=ch/DC=cern/OU=Organic Units/OU=Users/CN=achhetri/CN=804540/CN=Arjun Chhetri

 error: Error: Couldn't read user key in /afs/cern.ch/user/a/achhetri/.globus/userkey.pem.
Use -debug for further information.
grid-proxy-init failed

 retcode : 1
DEBUG 2021-03-16 08:10:33.782 UTC: 	 using achhetri_CRAB as credential login name
DEBUG 2021-03-16 08:10:34.188 UTC: 	 Executing : 
 command : myproxy-info -l achhetri_CRAB -s myproxy.cern.ch
 output : username: achhetri_CRAB
owner: /DC=ch/DC=cern/OU=Organic Units/OU=Users/CN=achhetri/CN=804540/CN=Arjun Chhetri
  renewal policy: /DC=ch/DC=cern/OU=computers/CN=vocms0105.cern.ch|/DC=ch/DC=cern/OU=computers/CN=crab-(preprod|prod|dev)-tw(02|01).cern.ch|/DC=ch/DC=cern/OU=computers/CN=(ddi|ddidk|mytw).cern.ch|/DC=ch/DC=cern/OU=computers/CN=stefanov(m|m2).cern.ch
  trusted retrieval policy: /DC=ch/DC=cern/OU=computers/CN=vocms0105.cern.ch|/DC=ch/DC=cern/OU=computers/CN=crab-(preprod|prod|dev)-tw(02|01).cern.ch|/DC=ch/DC=cern/OU=computers/CN=(ddi|ddidk|mytw).cern.ch|/DC=ch/DC=cern/OU=computers/CN=stefanov(m|m2).cern.ch
  timeleft: 192:41:06  (8.0 days)

 error: 
 retcode : 0
DEBUG 2021-03-16 08:10:34.188 UTC: 	 My-proxy delegated.
DEBUG 2021-03-16 08:10:34.188 UTC: 	 Result of myproxy credential check:
  Credential exists on myproxy: username: eb0e67adc2dd9eb1770413a4ffd073f562b86f05  - validity: 23 days, 3:43:39
  Credential exists on myproxy: username: achhetri_CRAB  - validity: 8 days, 0:41:06
DEBUG 2021-03-16 08:10:34.190 UTC: 	 Command use: status
DEBUG 2021-03-16 08:10:34.190 UTC: 	 Options use: ['-d', 'crab_Tprime_v5_NANo_AOD_106X/crab_TprimeB_to_TH_M1800_LH_v2/']
DEBUG 2021-03-16 08:10:34.377 UTC: 	 CRABClient version: v3.201110
DEBUG 2021-03-16 08:10:34.377 UTC: 	 Instance is prod
DEBUG 2021-03-16 08:10:34.377 UTC: 	 Server base url is cmsweb-k8s-prod.cern.ch
DEBUG 2021-03-16 08:10:34.377 UTC: 	 Command url /crabserver/prod/workflow
DEBUG 2021-03-16 08:10:34.491 UTC: 	 Got information from server oracle database: {u'result': [u'210316_060102:achhetri_crab_TprimeB_to_TH_M1800_LH_v2', u'None', u'None', u'SUBMITTED', u'SUBMIT', u'2021-03-16 06:01:02.623637', u'None', u'2021-03-16 06:01:32.728127', u'None', u'CMSSW_10_6_8', u'slc7_amd64_gcc700', u'/TprimeBToTH_M-1800_LH_TuneCP5_PSweights_13TeV-madgraph_pythia8/RunIISummer19UL17NanoAODv2-106X_mc2017_realistic_v8-v1/NANOAODSIM', u'F', u'0', u'[]', u'[]', u'EventAwareLumiBased', u"{'splitOnRun': False, 'events_per_job': 10000, 'halt_job_on_file_boundaries': False, 'runs': [], 'lumis': []}", u'fc7a7651ae32a455489d7bba5472fb61254915346e808bfef548ea28c00d27f3.tar.gz', u'https://cmsweb.cern.ch:8443/crabcache', u'achhetri', u'/DC=ch/DC=cern/OU=Organic Units/OU=Users/CN=achhetri/CN=804540/CN=Arjun Chhetri', u'cms', u'None', u'None', u'TprimeB_to_TH_M1800_LH_v2-00000000000000000000000000000000', u'F', u'T3_CH_CERNBOX', u'https://cmsweb.cern.ch/dbs/prod/global/DBSReader', u'https://cmsweb.cern.ch/dbs/prod/phys03/DBSWriter', u'F', u'[]', u'[]', u"['tree.root']", u'Analysis', u'pythia', u'None', u'{}', u'[]', u'T', u'crab-prod-tw01', u'[]', u'1250', u'1', u'2000', u'10', u"['/TprimeBToTH_M-1800_LH_TuneCP5_PSweights_13TeV-madgraph_pythia8/achhetri-TprimeB_to_TH_M1800_LH_v2-5d8f93ee2ba2db6b402c7167473e2950/USER']", u'[]', u'http://vocms0198.cern.ch/mon/cms341/210316_060102:achhetri_crab_TprimeB_to_TH_M1800_LH_v2', u'crab_script_Tprime.sh', u'[]', u'[]', u'https://cmsweb.cern.ch/crabserver/prod', u'cmsgwms-collector-global.cern.ch:9620,cmsgwms-collector-global.fnal.gov', u'crab3@vocms0198.cern.ch', u'F', u'[]', u'T', u'/store/user/achhetri/Tprime_v5_NANo_AOD_106X', u'F', u'None', u'F', u'None', u'TprimeBToTH_M-1800_LH_TuneCP5_PSweights_13TeV-madgraph_pythia8', u'None', u'1c1bec322d502103daa425ebef1f48c399fc8a0b33c8ccb25505460b4ff6c183.tar.gz', u'58129510', u'filetransfers', u'F', u'188.184.97.219', u'400000.0', u'None'], u'desc': {u'columns': [u'tm_taskname', u'tm_activity', u'panda_jobset_id', u'tm_task_status', u'tm_task_command', u'tm_start_time', u'tm_start_injection', u'tm_end_injection', u'tm_task_failure', u'tm_job_sw', u'tm_job_arch', u'tm_input_dataset', u'tm_nonvalid_input_dataset', u'tm_use_parent', u'tm_site_whitelist', u'tm_site_blacklist', u'tm_split_algo', u'tm_split_args', u'tm_user_sandbox', u'tm_cache_url', u'tm_username', u'tm_user_dn', u'tm_user_vo', u'tm_user_role', u'tm_user_group', u'tm_publish_name', u'tm_publish_groupname', u'tm_asyncdest', u'tm_dbs_url', u'tm_publish_dbs_url', u'tm_publication', u'tm_outfiles', u'tm_tfile_outfiles', u'tm_edm_outfiles', u'tm_job_type', u'tm_generator', u'tm_events_per_lumi', u'tm_arguments', u'panda_resubmitted_jobs', u'tm_save_logs', u'tw_name', u'tm_user_infiles', u'tm_maxjobruntime', u'tm_numcores', u'tm_maxmemory', u'tm_priority', u'tm_output_dataset', u'tm_task_warnings', u'tm_user_webdir', u'tm_scriptexe', u'tm_scriptargs', u'tm_extrajdl', u'tm_asourl', u'tm_collector', u'tm_schedd', u'tm_dry_run', u'tm_user_files', u'tm_transfer_outputs', u'tm_output_lfn', u'tm_ignore_locality', u'tm_fail_limit', u'tm_one_event_mode', u'tm_secondary_input_dataset', u'tm_primary_dataset', u'tm_last_publication', u'tm_debug_files', u'clusterid', u'tm_asodb', u'tm_ignore_global_blacklist', u'tm_submitter_ip_addr', u'tm_totalunits', u'tm_ddm_reqid']}}
INFO 2021-03-16 08:10:34.492 UTC: 	 CRAB project directory:		/afs/cern.ch/work/a/achhetri/NANO_AOD/CMSSW_10_6_8/src/WTopScalefactorProducer/Skimmer/NANOcrab/crab_Tprime_v5_NANo_AOD_106X/crab_TprimeB_to_TH_M1800_LH_v2
INFO 2021-03-16 08:10:34.492 UTC: 	 Task name:			210316_060102:achhetri_crab_TprimeB_to_TH_M1800_LH_v2
INFO 2021-03-16 08:10:34.492 UTC: 	 Grid scheduler - Task Worker:	crab3@vocms0198.cern.ch - crab-prod-tw01
INFO 2021-03-16 08:10:34.493 UTC: 	 Status on the CRAB server:	SUBMITTED
INFO 2021-03-16 08:10:34.493 UTC: 	 Task URL to use for HELP:	https://cmsweb-k8s-prod.cern.ch/crabserver/ui/task/210316_060102%3Aachhetri_crab_TprimeB_to_TH_M1800_LH_v2
INFO 2021-03-16 08:10:34.494 UTC: 	 Dashboard monitoring URL:	https://monit-grafana.cern.ch/d/cmsTMDetail/cms-task-monitoring-task-view?orgId=11&var-user=achhetri&var-task=210316_060102%3Aachhetri_crab_TprimeB_to_TH_M1800_LH_v2&from=1615870862000&to=now
INFO 2021-03-16 08:10:34.494 UTC: 	 In case of issues with the dashboard, please provide feedback to hn-cms-computing-tools@cern.ch
DEBUG 2021-03-16 08:10:34.494 UTC: 	 The CRAB server submitted your task to the Grid scheduler (cluster ID: 58129510)
DEBUG 2021-03-16 08:10:34.494 UTC: 	 Webdir is located at http://vocms0198.cern.ch/mon/cms341/210316_060102:achhetri_crab_TprimeB_to_TH_M1800_LH_v2
DEBUG 2021-03-16 08:10:34.583 UTC: 	 Proxied webdir is located at https://cmsweb.cern.ch:8443/scheddmon/0198/cms341/210316_060102:achhetri_crab_TprimeB_to_TH_M1800_LH_v2
DEBUG 2021-03-16 08:10:34.583 UTC: 	 Retrieving 'status_cache' file from https://cmsweb.cern.ch:8443/scheddmon/0198/cms341/210316_060102:achhetri_crab_TprimeB_to_TH_M1800_LH_v2/status_cache
DEBUG 2021-03-16 08:10:34.633 UTC: 	 Got information from status cache file: {'42': {'Retries': 0, 'WallDurations': [0, 128.0], 'StartTimes': [1615874573.0], 'SubmitTimes': [1615874508.0], 'JobIds': ['58129552.0'], 'EndTimes': [1615874701.0], 'Restarts': 0, 'RecordedSite': True, 'State': 'finished', 'ResidentSetSize': [49100], 'TotalUserCpuTimeHistory': [62], 'SiteHistory': ['T2_IT_Bari', 'T2_IT_Bari'], 'TotalSysCpuTimeHistory': [5]}, '24': {'Retries': 0, 'WallDurations': [0, 308.0], 'StartTimes': [1615874574.0], 'SubmitTimes': [1615874505.0], 'JobIds': ['58129535.0'], 'EndTimes': [1615874882.0], 'Restarts': 0, 'RecordedSite': True, 'State': 'finished', 'ResidentSetSize': [67144], 'TotalUserCpuTimeHistory': [221], 'SiteHistory': ['T2_CH_CSCS', 'T2_CH_CSCS'], 'TotalSysCpuTimeHistory': [10]}, '25': {'Retries': 0, 'WallDurations': [0, 292.0], 'StartTimes': [1615874573.0], 'SubmitTimes': [1615874506.0], 'JobIds': ['58129536.0'], 'EndTimes': [1615874865.0], 'Restarts': 0, 'RecordedSite': True, 'State': 'finished', 'ResidentSetSize': [39544], 'TotalUserCpuTimeHistory': [207], 'SiteHistory': ['T2_CH_CSCS', 'T2_CH_CSCS'], 'TotalSysCpuTimeHistory': [10]}, '26': {'Retries': 0, 'WallDurations': [0, 299.0], 'StartTimes': [1615874573.0], 'SubmitTimes': [1615874506.0], 'JobIds': ['58129537.0'], 'EndTimes': [1615874872.0], 'Restarts': 0, 'RecordedSite': True, 'State': 'finished', 'ResidentSetSize': [68496], 'TotalUserCpuTimeHistory': [223], 'SiteHistory': ['T2_CH_CSCS', 'T2_CH_CSCS'], 'TotalSysCpuTimeHistory': [10]}, '27': {'Retries': 0, 'WallDurations': [0, 327.0], 'StartTimes': [1615874574.0], 'SubmitTimes': [1615874506.0], 'JobIds': ['58129538.0'], 'EndTimes': [1615874901.0], 'Restarts': 0, 'RecordedSite': True, 'State': 'finished', 'ResidentSetSize': [690188], 'TotalUserCpuTimeHistory': [245], 'SiteHistory': ['T2_CH_CSCS', 'T2_CH_CSCS'], 'TotalSysCpuTimeHistory': [11]}, '20': {'Retries': 0, 'WallDurations': [0, 380.0], 'StartTimes': [1615874573.0], 'SubmitTimes': [1615874505.0], 'JobIds': ['58129531.0'], 'EndTimes': [1615874953.0], 'Restarts': 0, 'RecordedSite': True, 'State': 'finished', 'ResidentSetSize': [616768], 'TotalUserCpuTimeHistory': [286], 'SiteHistory': ['T2_CH_CSCS', 'T2_CH_CSCS'], 'TotalSysCpuTimeHistory': [12]}, '21': {'Retries': 0, 'WallDurations': [0, 384.0], 'StartTimes': [1615874573.0], 'SubmitTimes': [1615874505.0], 'JobIds': ['58129532.0'], 'EndTimes': [1615874957.0], 'Restarts': 0, 'RecordedSite': True, 'State': 'finished', 'ResidentSetSize': [534820], 'TotalUserCpuTimeHistory': [257], 'SiteHistory': ['T2_CH_CSCS', 'T2_CH_CSCS'], 'TotalSysCpuTimeHistory': [12]}, '22': {'Retries': 0, 'WallDurations': [0, 261.0], 'StartTimes': [1615874573.0], 'SubmitTimes': [1615874505.0], 'JobIds': ['58129533.0'], 'EndTimes': [1615874834.0], 'Restarts': 0, 'RecordedSite': True, 'State': 'finished', 'ResidentSetSize': [41300], 'TotalUserCpuTimeHistory': [179], 'SiteHistory': ['T2_CH_CSCS', 'T2_CH_CSCS'], 'TotalSysCpuTimeHistory': [9]}, '23': {'Retries': 0, 'WallDurations': [0, 279.0], 'StartTimes': [1615874573.0], 'SubmitTimes': [1615874505.0], 'JobIds': ['58129534.0'], 'EndTimes': [1615874852.0], 'Restarts': 0, 'RecordedSite': True, 'State': 'finished', 'ResidentSetSize': [24968], 'TotalUserCpuTimeHistory': [214], 'SiteHistory': ['T2_CH_CSCS', 'T2_CH_CSCS'], 'TotalSysCpuTimeHistory': [10]}, '28': {'Retries': 0, 'WallDurations': [0, 335.0], 'StartTimes': [1615874573.0], 'SubmitTimes': [1615874506.0], 'JobIds': ['58129539.0'], 'EndTimes': [1615874908.0], 'Restarts': 0, 'RecordedSite': True, 'State': 'finished', 'ResidentSetSize': [721836], 'TotalUserCpuTimeHistory': [263], 'SiteHistory': ['T2_CH_CSCS', 'T2_CH_CSCS'], 'TotalSysCpuTimeHistory': [11]}, '29': {'Retries': 0, 'WallDurations': [0, 253.0], 'StartTimes': [1615874574.0], 'SubmitTimes': [1615874506.0], 'JobIds': ['58129540.0'], 'EndTimes': [1615874827.0], 'Restarts': 0, 'RecordedSite': True, 'State': 'finished', 'ResidentSetSize': [25456], 'TotalUserCpuTimeHistory': [182], 'SiteHistory': ['T2_CH_CSCS', 'T2_CH_CSCS'], 'TotalSysCpuTimeHistory': [9]}, '40': {'Retries': 0, 'WallDurations': [0, 311.0], 'StartTimes': [1615874572.0], 'SubmitTimes': [1615874507.0], 'JobIds': ['58129550.0'], 'EndTimes': [1615874883.0], 'Restarts': 0, 'RecordedSite': True, 'State': 'finished', 'ResidentSetSize': [166328], 'TotalUserCpuTimeHistory': [236], 'SiteHistory': ['T2_UK_SGrid_RALPP', 'T2_UK_SGrid_RALPP'], 'TotalSysCpuTimeHistory': [14]}, '41': {'Retries': 0, 'WallDurations': [9.0, 352.0], 'StartTimes': [1615874576.0], 'SubmitTimes': [1615874507.0], 'JobIds': ['58129551.0'], 'EndTimes': [1615874928.0], 'Restarts': 0, 'RecordedSite': True, 'State': 'finished', 'ResidentSetSize': [496004], 'TotalUserCpuTimeHistory': [250], 'SiteHistory': ['T2_UA_KIPT', 'T2_UA_KIPT'], 'TotalSysCpuTimeHistory': [20]}, '1': {'Retries': 0, 'WallDurations': [9.0, 289.13449001312256, 366.0], 'StartTimes': [1615874586.0], 'SubmitTimes': [1615874498.0], 'JobIds': ['58129512.0'], 'EndTimes': [1615874952.0], 'Restarts': 0, 'RecordedSite': True, 'State': 'finished', 'ResidentSetSize': [445880], 'TotalUserCpuTimeHistory': [250], 'SiteHistory': ['Unknown', 'T2_IN_TIFR', 'T2_IN_TIFR'], 'TotalSysCpuTimeHistory': [24]}, '3': {'Retries': 0, 'WallDurations': [8.0, 291.13449001312256, 391.0], 'StartTimes': [1615874584.0], 'SubmitTimes': [1615874498.0], 'JobIds': ['58129514.0'], 'EndTimes': [1615874975.0], 'Restarts': 0, 'RecordedSite': True, 'State': 'finished', 'ResidentSetSize': [53864], 'TotalUserCpuTimeHistory': [217], 'SiteHistory': ['Unknown', 'T2_IN_TIFR', 'T2_IN_TIFR'], 'TotalSysCpuTimeHistory': [14]}, '2': {'Retries': 0, 'WallDurations': [262.0, 291.13449001312256, 291.13449001312256], 'StartTimes': [1615874584.0], 'SubmitTimes': [1615874498.0], 'JobIds': ['58129513.0'], 'EndTimes': [1615874846.0], 'Restarts': 0, 'RecordedSite': True, 'State': 'finished', 'ResidentSetSize': [53832], 'TotalUserCpuTimeHistory': [208], 'SiteHistory': ['Unknown', 'T2_IN_TIFR', 'T2_IN_TIFR'], 'TotalSysCpuTimeHistory': [12]}, '5': {'Retries': 0, 'WallDurations': [10.0, 290.13449001312256, 370.0], 'StartTimes': [1615874585.0], 'SubmitTimes': [1615874498.0], 'JobIds': ['58129516.0'], 'EndTimes': [1615874955.0], 'Restarts': 0, 'RecordedSite': True, 'State': 'finished', 'ResidentSetSize': [445516], 'TotalUserCpuTimeHistory': [252], 'SiteHistory': ['Unknown', 'T2_IN_TIFR', 'T2_IN_TIFR'], 'TotalSysCpuTimeHistory': [23]}, '4': {'Retries': 0, 'WallDurations': [9.0, 287.13449001312256, 356.0], 'StartTimes': [1615874588.0], 'SubmitTimes': [1615874498.0], 'JobIds': ['58129515.0'], 'EndTimes': [1615874944.0], 'Restarts': 0, 'RecordedSite': True, 'State': 'finished', 'ResidentSetSize': [446612], 'TotalUserCpuTimeHistory': [243], 'SiteHistory': ['Unknown', 'T2_IN_TIFR', 'T2_IN_TIFR'], 'TotalSysCpuTimeHistory': [23]}, '7': {'Retries': 0, 'WallDurations': [9.0, 293.13449001312256, 447.0], 'StartTimes': [1615874582.0], 'SubmitTimes': [1615874499.0], 'JobIds': ['58129518.0'], 'EndTimes': [1615875029.0], 'Restarts': 0, 'RecordedSite': True, 'State': 'finished', 'ResidentSetSize': [48320], 'TotalUserCpuTimeHistory': [209], 'SiteHistory': ['Unknown', 'T2_IN_TIFR', 'T2_IN_TIFR'], 'TotalSysCpuTimeHistory': [13]}, '6': {'Retries': 0, 'WallDurations': [255.0, 289.13449001312256, 289.13449001312256], 'StartTimes': [1615874586.0], 'SubmitTimes': [1615874498.0], 'JobIds': ['58129517.0'], 'EndTimes': [1615874841.0], 'Restarts': 0, 'RecordedSite': True, 'State': 'finished', 'ResidentSetSize': [46404], 'TotalUserCpuTimeHistory': [190], 'SiteHistory': ['Unknown', 'T2_IN_TIFR', 'T2_IN_TIFR'], 'TotalSysCpuTimeHistory': [20]}, '9': {'Retries': 0, 'WallDurations': [277.0, 292.13449001312256, 292.13449001312256], 'StartTimes': [1615874583.0], 'SubmitTimes': [1615874499.0], 'JobIds': ['58129520.0'], 'EndTimes': [1615874860.0], 'Restarts': 0, 'RecordedSite': True, 'State': 'finished', 'ResidentSetSize': [2008], 'TotalUserCpuTimeHistory': [167], 'SiteHistory': ['Unknown', 'T2_IN_TIFR', 'T2_IN_TIFR'], 'TotalSysCpuTimeHistory': [11]}, '8': {'Retries': 0, 'WallDurations': [9.0, 293.13449001312256, 394.0], 'StartTimes': [1615874582.0], 'SubmitTimes': [1615874499.0], 'JobIds': ['58129519.0'], 'EndTimes': [1615874976.0], 'Restarts': 0, 'RecordedSite': True, 'State': 'finished', 'ResidentSetSize': [57916], 'TotalUserCpuTimeHistory': [218], 'SiteHistory': ['Unknown', 'T2_IN_TIFR', 'T2_IN_TIFR'], 'TotalSysCpuTimeHistory': [13]}, '39': {'Retries': 0, 'WallDurations': [0, 240.0], 'StartTimes': [1615874572.0], 'SubmitTimes': [1615874507.0], 'JobIds': ['58129549.0'], 'EndTimes': [1615874812.0], 'Restarts': 0, 'RecordedSite': True, 'State': 'finished', 'ResidentSetSize': [2960], 'TotalUserCpuTimeHistory': [59], 'SiteHistory': ['T3_UK_ScotGrid_GLA', 'T3_UK_ScotGrid_GLA'], 'TotalSysCpuTimeHistory': [4]}, '38': {'Retries': 0, 'WallDurations': [0, 514.0], 'StartTimes': [1615874572.0], 'SubmitTimes': [1615874507.0], 'JobIds': ['58129548.0'], 'EndTimes': [1615875086.0], 'Restarts': 0, 'RecordedSite': True, 'State': 'finished', 'ResidentSetSize': [510112], 'TotalUserCpuTimeHistory': [293], 'SiteHistory': ['T3_UK_ScotGrid_GLA', 'T3_UK_ScotGrid_GLA'], 'TotalSysCpuTimeHistory': [18]}, '11': {'Retries': 0, 'WallDurations': [8.0, 291.13449001312256, 369.0], 'StartTimes': [1615874584.0], 'SubmitTimes': [1615874504.0], 'JobIds': ['58129522.0'], 'EndTimes': [1615874953.0], 'Restarts': 0, 'RecordedSite': True, 'State': 'finished', 'ResidentSetSize': [444820], 'TotalUserCpuTimeHistory': [267], 'SiteHistory': ['Unknown', 'T2_IN_TIFR', 'T2_IN_TIFR'], 'TotalSysCpuTimeHistory': [24]}, '10': {'Retries': 0, 'WallDurations': [9.0, 292.13449001312256, 347.0], 'StartTimes': [1615874583.0], 'SubmitTimes': [1615874499.0], 'JobIds': ['58129521.0'], 'EndTimes': [1615874930.0], 'Restarts': 0, 'RecordedSite': True, 'State': 'finished', 'ResidentSetSize': [49076], 'TotalUserCpuTimeHistory': [170], 'SiteHistory': ['Unknown', 'T2_IN_TIFR', 'T2_IN_TIFR'], 'TotalSysCpuTimeHistory': [14]}, '13': {'Retries': 0, 'WallDurations': [9.0, 290.13449001312256, 370.0], 'StartTimes': [1615874585.0], 'SubmitTimes': [1615874504.0], 'JobIds': ['58129524.0'], 'EndTimes': [1615874955.0], 'Restarts': 0, 'RecordedSite': True, 'State': 'finished', 'ResidentSetSize': [444320], 'TotalUserCpuTimeHistory': [264], 'SiteHistory': ['Unknown', 'T2_IN_TIFR', 'T2_IN_TIFR'], 'TotalSysCpuTimeHistory': [23]}, '12': {'Retries': 0, 'WallDurations': [261.0, 292.13449001312256, 292.13449001312256], 'StartTimes': [1615874583.0], 'SubmitTimes': [1615874504.0], 'JobIds': ['58129523.0'], 'EndTimes': [1615874844.0], 'Restarts': 0, 'RecordedSite': True, 'State': 'finished', 'ResidentSetSize': [47860], 'TotalUserCpuTimeHistory': [193], 'SiteHistory': ['Unknown', 'T2_IN_TIFR', 'T2_IN_TIFR'], 'TotalSysCpuTimeHistory': [20]}, '15': {'Retries': 0, 'WallDurations': [10.0, 292.13449001312256, 338.0], 'StartTimes': [1615874583.0], 'SubmitTimes': [1615874504.0], 'JobIds': ['58129526.0'], 'EndTimes': [1615874921.0], 'Restarts': 0, 'RecordedSite': True, 'State': 'finished', 'ResidentSetSize': [60088], 'TotalUserCpuTimeHistory': [166], 'SiteHistory': ['Unknown', 'T2_IN_TIFR', 'T2_IN_TIFR'], 'TotalSysCpuTimeHistory': [11]}, '14': {'Retries': 0, 'WallDurations': [248.0, 290.13449001312256, 290.13449001312256], 'StartTimes': [1615874585.0], 'SubmitTimes': [1615874504.0], 'JobIds': ['58129525.0'], 'EndTimes': [1615874833.0], 'Restarts': 0, 'RecordedSite': True, 'State': 'finished', 'ResidentSetSize': [48740], 'TotalUserCpuTimeHistory': [178], 'SiteHistory': ['Unknown', 'T2_IN_TIFR', 'T2_IN_TIFR'], 'TotalSysCpuTimeHistory': [19]}, '17': {'Retries': 0, 'WallDurations': [9.0, 459.0], 'StartTimes': [1615874582.0], 'SubmitTimes': [1615874505.0], 'JobIds': ['58129528.0'], 'EndTimes': [1615875041.0], 'Restarts': 0, 'RecordedSite': True, 'State': 'finished', 'ResidentSetSize': [522816], 'TotalUserCpuTimeHistory': [348], 'SiteHistory': ['T2_TR_METU', 'T2_TR_METU'], 'TotalSysCpuTimeHistory': [18]}, '16': {'Retries': 0, 'WallDurations': [8.0, 289.13449001312256, 323.0], 'StartTimes': [1615874586.0], 'SubmitTimes': [1615874505.0], 'JobIds': ['58129527.0'], 'EndTimes': [1615874909.0], 'Restarts': 0, 'RecordedSite': True, 'State': 'finished', 'ResidentSetSize': [589636], 'TotalUserCpuTimeHistory': [217], 'SiteHistory': ['Unknown', 'T2_IN_TIFR', 'T2_IN_TIFR'], 'TotalSysCpuTimeHistory': [22]}, '19': {'Retries': 0, 'WallDurations': [9.0, 356.0], 'StartTimes': [1615874575.0], 'SubmitTimes': [1615874505.0], 'JobIds': ['58129530.0'], 'EndTimes': [1615874931.0], 'Restarts': 0, 'RecordedSite': True, 'State': 'finished', 'ResidentSetSize': [712916], 'TotalUserCpuTimeHistory': [254], 'SiteHistory': ['T2_CH_CSCS', 'T2_CH_CSCS'], 'TotalSysCpuTimeHistory': [13]}, '18': {'Retries': 0, 'WallDurations': [9.0, 461.0], 'StartTimes': [1615874577.0], 'SubmitTimes': [1615874505.0], 'JobIds': ['58129529.0'], 'EndTimes': [1615875038.0], 'Restarts': 0, 'RecordedSite': True, 'State': 'finished', 'ResidentSetSize': [508044], 'TotalUserCpuTimeHistory': [349], 'SiteHistory': ['T2_TR_METU', 'T2_TR_METU'], 'TotalSysCpuTimeHistory': [21]}, '31': {'Retries': 0, 'WallDurations': [10.0, 446.0], 'StartTimes': [1615874576.0], 'SubmitTimes': [1615874508.0], 'JobIds': ['58129553.0'], 'EndTimes': [1615875022.0], 'Restarts': 0, 'RecordedSite': True, 'State': 'finished', 'ResidentSetSize': [615252], 'TotalUserCpuTimeHistory': [296], 'SiteHistory': ['T2_CH_CSCS', 'T2_CH_CSCS'], 'TotalSysCpuTimeHistory': [12]}, '30': {'Retries': 0, 'WallDurations': [0, 263.0], 'StartTimes': [1615874574.0], 'SubmitTimes': [1615874506.0], 'JobIds': ['58129541.0'], 'EndTimes': [1615874837.0], 'Restarts': 0, 'RecordedSite': True, 'State': 'finished', 'ResidentSetSize': [64812], 'TotalUserCpuTimeHistory': [189], 'SiteHistory': ['T2_CH_CSCS', 'T2_CH_CSCS'], 'TotalSysCpuTimeHistory': [10]}, '37': {'Retries': 0, 'WallDurations': [9.0, 299.13449001312256, 494.0], 'StartTimes': [1615874576.0], 'SubmitTimes': [1615874507.0], 'JobIds': ['58129547.0'], 'EndTimes': [1615875070.0], 'Restarts': 0, 'RecordedSite': True, 'State': 'finished', 'ResidentSetSize': [585724], 'TotalUserCpuTimeHistory': [384], 'SiteHistory': ['Unknown', 'T2_EE_Estonia', 'T2_EE_Estonia'], 'TotalSysCpuTimeHistory': [41]}, '36': {'Retries': 0, 'WallDurations': [0, 362.0], 'StartTimes': [1615874572.0], 'SubmitTimes': [1615874507.0], 'JobIds': ['58129546.0'], 'EndTimes': [1615874934.0], 'Restarts': 0, 'RecordedSite': True, 'State': 'finished', 'ResidentSetSize': [525512], 'TotalUserCpuTimeHistory': [129], 'SiteHistory': ['T3_UK_ScotGrid_GLA', 'T3_UK_ScotGrid_GLA'], 'TotalSysCpuTimeHistory': [7]}, '35': {'Retries': 0, 'WallDurations': [216.0, 299.13449001312256, 299.13449001312256], 'StartTimes': [1615874576.0], 'SubmitTimes': [1615874507.0], 'JobIds': ['58129545.0'], 'EndTimes': [1615874792.0], 'Restarts': 0, 'RecordedSite': True, 'State': 'finished', 'ResidentSetSize': [8308], 'TotalUserCpuTimeHistory': [150], 'SiteHistory': ['Unknown', 'T2_CH_CSCS', 'T2_CH_CSCS'], 'TotalSysCpuTimeHistory': [7]}, '34': {'Retries': 0, 'WallDurations': [266.0, 300.13449001312256], 'StartTimes': [1615874575.0], 'SubmitTimes': [1615874507.0], 'JobIds': ['58129544.0'], 'EndTimes': [1615874841.0], 'Restarts': 0, 'RecordedSite': True, 'State': 'finished', 'ResidentSetSize': [39988], 'TotalUserCpuTimeHistory': [205], 'SiteHistory': ['T2_CH_CSCS', 'T2_CH_CSCS'], 'TotalSysCpuTimeHistory': [10]}, '33': {'Retries': 0, 'WallDurations': [9.0, 380.0], 'StartTimes': [1615874575.0], 'SubmitTimes': [1615874506.0], 'JobIds': ['58129543.0'], 'EndTimes': [1615874955.0], 'Restarts': 0, 'RecordedSite': True, 'State': 'finished', 'ResidentSetSize': [466576], 'TotalUserCpuTimeHistory': [288], 'SiteHistory': ['T2_CH_CSCS', 'T2_CH_CSCS'], 'TotalSysCpuTimeHistory': [13]}, '32': {'Retries': 0, 'WallDurations': [8.0, 317.0], 'StartTimes': [1615874576.0], 'SubmitTimes': [1615874506.0], 'JobIds': ['58129542.0'], 'EndTimes': [1615874893.0], 'Restarts': 0, 'RecordedSite': True, 'State': 'finished', 'ResidentSetSize': [588792], 'TotalUserCpuTimeHistory': [254], 'SiteHistory': ['T2_CH_CSCS', 'T2_CH_CSCS'], 'TotalSysCpuTimeHistory': [11]}}
INFO 2021-03-16 08:10:34.633 UTC: 	 Status on the scheduler:	COMPLETED
INFO 2021-03-16 08:10:34.633 UTC: 	 
Jobs status:                    finished     		100.0% (42/42)
INFO 2021-03-16 08:10:34.633 UTC: 	 
No publication information (publication has been disabled in the CRAB configuration file)
INFO 2021-03-16 08:10:34.635 UTC: 	 
Warning: the max jobs runtime is less than 30% of the task requested value (1250 min), please consider to request a lower value for failed jobs (allowed through crab resubmit) and/or improve the jobs splitting (e.g. config.Data.splitting = 'Automatic') in a new task.
INFO 2021-03-16 08:10:34.635 UTC: 	 
Summary of run jobs:
 * Memory: 52MB min, 704MB max, 279MB ave
 * Runtime: 0:02:08 min, 0:08:34 max, 0:05:41 ave
 * CPU eff: 26% min, 86% max, 70% ave
 * Waste: 2:00:06 (33% of total)

INFO 2021-03-16 08:10:34.649 UTC: 	 Log file is /afs/cern.ch/work/a/achhetri/NANO_AOD/CMSSW_10_6_8/src/WTopScalefactorProducer/Skimmer/NANOcrab/crab_Tprime_v5_NANo_AOD_106X/crab_TprimeB_to_TH_M1800_LH_v2/crab.log
