DEBUG 2021-03-09 11:57:37.919 UTC: 	 CRAB Client version: v3.201110
DEBUG 2021-03-09 11:57:37.919 UTC: 	 Running on: Linux lxplus731.cern.ch 3.10.0-1160.15.2.el7.x86_64 #1 SMP Wed Feb 3 15:06:38 UTC 2021 x86_64 x86_64 x86_64 GNU/Linux - CentOS Linux 7 (Core)
DEBUG 2021-03-09 11:57:37.919 UTC: 	 Executing command: 'submit'
DEBUG 2021-03-09 11:57:37.920 UTC: 	 Found CRAB cache file /afs/cern.ch/user/a/achhetri/.crab3
DEBUG 2021-03-09 11:57:37.921 UTC: 	 Will use CRAB Analysis plugin (i.e. will run an analysis job type).
DEBUG 2021-03-09 11:57:37.938 UTC: 	 Checking credentials
DEBUG 2021-03-09 11:57:37.939 UTC: 	 Found proxy file /afs/cern.ch/user/a/achhetri/x509up_u94350
DEBUG 2021-03-09 11:57:37.939 UTC: 	 Getting proxy life time left
DEBUG 2021-03-09 11:57:38.545 UTC: 	 Executing : 
 command : voms-proxy-info -file /afs/cern.ch/user/a/achhetri/x509up_u94350 -timeleft
 output : 681029

 error: 
 retcode : 0
DEBUG 2021-03-09 11:57:39.151 UTC: 	 Executing : 
 command : voms-proxy-info -file /afs/cern.ch/user/a/achhetri/x509up_u94350 -actimeleft
 output : 681028

 error: 
 retcode : 0
DEBUG 2021-03-09 11:57:39.151 UTC: 	 Proxy lifetime 681029 secs is different from voms extension lifetime 681028 secs for proxy: /afs/cern.ch/user/a/achhetri/x509up_u94350
DEBUG 2021-03-09 11:57:39.151 UTC: 	 Proxy valid for 189:10:28 hours
DEBUG 2021-03-09 11:57:39.759 UTC: 	 Executing : 
 command : env X509_USER_PROXY=/afs/cern.ch/user/a/achhetri/x509up_u94350 voms-proxy-info -fqan
 output : /cms/Role=NULL/Capability=NULL

 error: 
 retcode : 0
DEBUG 2021-03-09 11:57:39.864 UTC: 	 Registering user credentials for server /DC=ch/DC=cern/OU=computers/CN=vocms0105.cern.ch|/DC=ch/DC=cern/OU=computers/CN=crab-(preprod|prod|dev)-tw(02|01).cern.ch|/DC=ch/DC=cern/OU=computers/CN=(ddi|ddidk|mytw).cern.ch|/DC=ch/DC=cern/OU=computers/CN=stefanov(m|m2).cern.ch
DEBUG 2021-03-09 11:57:40.475 UTC: 	 Executing : 
 command : voms-proxy-info -file /afs/cern.ch/user/a/achhetri/x509up_u94350 -identity
 output : /DC=ch/DC=cern/OU=Organic Units/OU=Users/CN=achhetri/CN=804540/CN=Arjun Chhetri

 error: 
 retcode : 0
DEBUG 2021-03-09 11:57:40.481 UTC: 	 Getting myproxy life time left for myproxy.cern.ch
DEBUG 2021-03-09 11:57:40.481 UTC: 	 using eb0e67adc2dd9eb1770413a4ffd073f562b86f05 as credential login name
DEBUG 2021-03-09 11:57:40.886 UTC: 	 Executing : 
 command : myproxy-info -l eb0e67adc2dd9eb1770413a4ffd073f562b86f05 -s myproxy.cern.ch
 output : username: eb0e67adc2dd9eb1770413a4ffd073f562b86f05
owner: /DC=ch/DC=cern/OU=Organic Units/OU=Users/CN=achhetri/CN=804540/CN=Arjun Chhetri
  renewal policy: /DC=ch/DC=cern/OU=computers/CN=vocms0105.cern.ch|/DC=ch/DC=cern/OU=computers/CN=crab-(preprod|prod|dev)-tw(02|01).cern.ch|/DC=ch/DC=cern/OU=computers/CN=(ddi|ddidk|mytw).cern.ch|/DC=ch/DC=cern/OU=computers/CN=stefanov(m|m2).cern.ch
  trusted retrieval policy: /DC=ch/DC=cern/OU=computers/CN=vocms0105.cern.ch|/DC=ch/DC=cern/OU=computers/CN=crab-(preprod|prod|dev)-tw(02|01).cern.ch|/DC=ch/DC=cern/OU=computers/CN=(ddi|ddidk|mytw).cern.ch|/DC=ch/DC=cern/OU=computers/CN=stefanov(m|m2).cern.ch
  timeleft: 719:56:29  (30.0 days)

 error: 
 retcode : 0
DEBUG 2021-03-09 11:57:40.886 UTC: 	 Myproxy is valid: 2591789
DEBUG 2021-03-09 11:57:40.886 UTC: 	 Retrieving username ...
DEBUG 2021-03-09 11:57:40.887 UTC: 	 Retrieving username from CRIC...
DEBUG 2021-03-09 11:57:41.613 UTC: 	 username is achhetri
DEBUG 2021-03-09 11:57:41.620 UTC: 	 Getting myproxy life time left for myproxy.cern.ch
DEBUG 2021-03-09 11:57:41.620 UTC: 	 using achhetri_CRAB as credential login name
DEBUG 2021-03-09 11:57:41.924 UTC: 	 Executing : 
 command : myproxy-info -l achhetri_CRAB -s myproxy.cern.ch
 output : username: achhetri_CRAB
owner: /DC=ch/DC=cern/OU=Organic Units/OU=Users/CN=achhetri/CN=804540/CN=Arjun Chhetri
  renewal policy: /DC=ch/DC=cern/OU=computers/CN=vocms0105.cern.ch|/DC=ch/DC=cern/OU=computers/CN=crab-(preprod|prod|dev)-tw(02|01).cern.ch|/DC=ch/DC=cern/OU=computers/CN=(ddi|ddidk|mytw).cern.ch|/DC=ch/DC=cern/OU=computers/CN=stefanov(m|m2).cern.ch
  trusted retrieval policy: /DC=ch/DC=cern/OU=computers/CN=vocms0105.cern.ch|/DC=ch/DC=cern/OU=computers/CN=crab-(preprod|prod|dev)-tw(02|01).cern.ch|/DC=ch/DC=cern/OU=computers/CN=(ddi|ddidk|mytw).cern.ch|/DC=ch/DC=cern/OU=computers/CN=stefanov(m|m2).cern.ch
  timeleft: 356:53:59  (14.9 days)

 error: 
 retcode : 0
DEBUG 2021-03-09 11:57:41.925 UTC: 	 Myproxy is valid: 1284839
DEBUG 2021-03-09 11:57:42.029 UTC: 	 Executing : 
 command : openssl x509 -noout -in ~/.globus/usercert.pem -dates
 output : notBefore=Nov 11 12:18:59 2020 GMT
notAfter=Dec 16 12:18:59 2021 GMT

 error: 
 retcode : 0
DEBUG 2021-03-09 11:57:42.030 UTC: 	 Delegating a myproxy for 720:00 hours
DEBUG 2021-03-09 11:57:42.030 UTC: 	 using achhetri_CRAB as credential login name
DEBUG 2021-03-09 11:57:42.134 UTC: 	 Executing : 
 command : export GT_PROXY_MODE=rfc ; myproxy-init -d -n -s myproxy.cern.ch -x -R '/DC=ch/DC=cern/OU=computers/CN=vocms0105.cern.ch|/DC=ch/DC=cern/OU=computers/CN=crab-(preprod|prod|dev)-tw(02|01).cern.ch|/DC=ch/DC=cern/OU=computers/CN=(ddi|ddidk|mytw).cern.ch|/DC=ch/DC=cern/OU=computers/CN=stefanov(m|m2).cern.ch' -x -Z '/DC=ch/DC=cern/OU=computers/CN=vocms0105.cern.ch|/DC=ch/DC=cern/OU=computers/CN=crab-(preprod|prod|dev)-tw(02|01).cern.ch|/DC=ch/DC=cern/OU=computers/CN=(ddi|ddidk|mytw).cern.ch|/DC=ch/DC=cern/OU=computers/CN=stefanov(m|m2).cern.ch' -l 'achhetri_CRAB' -t 168:00 -c 720:00
 output : Your identity: /DC=ch/DC=cern/OU=Organic Units/OU=Users/CN=achhetri/CN=804540/CN=Arjun Chhetri

 error: Error: Couldn't read user key in /afs/cern.ch/user/a/achhetri/.globus/userkey.pem.
Use -debug for further information.
grid-proxy-init failed

 retcode : 1
DEBUG 2021-03-09 11:57:42.135 UTC: 	 using achhetri_CRAB as credential login name
DEBUG 2021-03-09 11:57:42.440 UTC: 	 Executing : 
 command : myproxy-info -l achhetri_CRAB -s myproxy.cern.ch
 output : username: achhetri_CRAB
owner: /DC=ch/DC=cern/OU=Organic Units/OU=Users/CN=achhetri/CN=804540/CN=Arjun Chhetri
  renewal policy: /DC=ch/DC=cern/OU=computers/CN=vocms0105.cern.ch|/DC=ch/DC=cern/OU=computers/CN=crab-(preprod|prod|dev)-tw(02|01).cern.ch|/DC=ch/DC=cern/OU=computers/CN=(ddi|ddidk|mytw).cern.ch|/DC=ch/DC=cern/OU=computers/CN=stefanov(m|m2).cern.ch
  trusted retrieval policy: /DC=ch/DC=cern/OU=computers/CN=vocms0105.cern.ch|/DC=ch/DC=cern/OU=computers/CN=crab-(preprod|prod|dev)-tw(02|01).cern.ch|/DC=ch/DC=cern/OU=computers/CN=(ddi|ddidk|mytw).cern.ch|/DC=ch/DC=cern/OU=computers/CN=stefanov(m|m2).cern.ch
  timeleft: 356:53:58  (14.9 days)

 error: 
 retcode : 0
DEBUG 2021-03-09 11:57:42.440 UTC: 	 My-proxy delegated.
DEBUG 2021-03-09 11:57:42.441 UTC: 	 Result of myproxy credential check:
  Credential exists on myproxy: username: eb0e67adc2dd9eb1770413a4ffd073f562b86f05  - validity: 29 days, 23:56:29
  Credential exists on myproxy: username: achhetri_CRAB  - validity: 14 days, 20:53:58
DEBUG 2021-03-09 11:57:42.441 UTC: 	 Command use: submit
DEBUG 2021-03-09 11:57:42.441 UTC: 	 Options use: ['--config', <WMCore.Configuration.Configuration object at 0x7f6203b66fd0>]
DEBUG 2021-03-09 11:57:42.517 UTC: 	 CRABClient version: v3.201110
DEBUG 2021-03-09 11:57:42.517 UTC: 	 Instance is prod
DEBUG 2021-03-09 11:57:42.517 UTC: 	 Server base url is cmsweb-k8s-prod.cern.ch
DEBUG 2021-03-09 11:57:42.517 UTC: 	 Command url /crabserver/prod/workflow
DEBUG 2021-03-09 11:57:42.517 UTC: 	 Started submission
DEBUG 2021-03-09 11:57:42.517 UTC: 	 Working on /afs/cern.ch/work/a/achhetri/NANO_AOD/CMSSW_10_6_8/src/WTopScalefactorProducer/Skimmer/NANOcrab/crab_Tprime_v5_NANo_AOD_106X/crab_QCD_Pt80to120_EM_v2
DEBUG 2021-03-09 11:57:42.592 UTC: 	 Loading required information from the environment
DEBUG 2021-03-09 11:57:42.592 UTC: 	 Found CMSSW_10_6_8 for slc7_amd64_gcc700 with base /afs/cern.ch/work/a/achhetri/NANO_AOD/CMSSW_10_6_8
DEBUG 2021-03-09 11:57:42.592 UTC: 	 Loading required information from the environment
DEBUG 2021-03-09 11:57:42.592 UTC: 	 Found CMSSW_10_6_8 for slc7_amd64_gcc700 with base /afs/cern.ch/work/a/achhetri/NANO_AOD/CMSSW_10_6_8
DEBUG 2021-03-09 11:57:42.592 UTC: 	 UNIQUE NAME: tarUUID 93177113-07aa-45b1-b46c-62e5f85ec1cd 
DEBUG 2021-03-09 11:57:42.593 UTC: 	 self.config: from WMCore.Configuration import Configuration
config = Configuration()
config.section_('General')
config.General.transferLogs = True
config.General.workArea = 'crab_Tprime_v5_NANo_AOD_106X'
config.General.requestName = 'QCD_Pt80to120_EM_v2'
config.section_('JobType')
config.JobType.scriptExe = 'crab_script_Tprime.sh'
config.JobType.pluginName = 'Analysis'
config.JobType.sendPythonFolder = True
config.JobType.allowUndistributedCMSSW = True
config.JobType.psetName = 'PSet.py'
config.JobType.inputFiles = ['TprimeBToTH_LH_RunIISummer19UL16_Skimmer.py', 'keep_and_drop_v1.txt', '../../../PhysicsTools/NanoAODTools/scripts/haddnano.py']
config.section_('Data')
config.Data.inputDataset = '/QCD_Pt-80to120_EMEnriched_TuneCP5_13TeV_pythia8/RunIISummer19UL17NanoAODv2-106X_mc2017_realistic_v8-v1/NANOAODSIM'
config.Data.outputDatasetTag = 'QCD_Pt80to120_EM_v2'
config.Data.publication = False
config.Data.unitsPerJob = 1
config.Data.inputDBS = 'global'
config.Data.splitting = 'FileBased'
config.Data.outLFNDirBase = '/store/user/achhetri/Tprime_v5_NANo_AOD_106X'
config.Data.totalUnits = 8
config.section_('Site')
config.Site.storageSite = 'T3_CH_CERNBOX'
config.section_('User')
config.section_('Debug')

DEBUG 2021-03-09 11:57:42.593 UTC: 	 self.config.JobType.psetName: PSet.py
INFO 2021-03-09 11:57:42.593 UTC: 	 Importing CMSSW configuration PSet.py
INFO 2021-03-09 11:57:42.593 UTC: 	 Finished importing CMSSW configuration PSet.py
DEBUG 2021-03-09 11:57:42.593 UTC: 	 Writing CMSSW configuration to /afs/cern.ch/work/a/achhetri/NANO_AOD/CMSSW_10_6_8/src/WTopScalefactorProducer/Skimmer/NANOcrab/crab_Tprime_v5_NANo_AOD_106X/crab_QCD_Pt80to120_EM_v2/inputs/PSet.py
DEBUG 2021-03-09 11:57:42.601 UTC: 	 The following EDM output files will be collected: ['tree.root']
DEBUG 2021-03-09 11:57:42.601 UTC: 	 The following TFile output files will be collected: []
DEBUG 2021-03-09 11:57:42.601 UTC: 	 The following user output files (not listed as PoolOuputModule or TFileService in the CMSSW PSet) will be collected: 
DEBUG 2021-03-09 11:57:42.601 UTC: 	 Loading required information from the environment
DEBUG 2021-03-09 11:57:42.601 UTC: 	 Found CMSSW_10_6_8 for slc7_amd64_gcc700 with base /afs/cern.ch/work/a/achhetri/NANO_AOD/CMSSW_10_6_8
DEBUG 2021-03-09 11:57:42.601 UTC: 	 Making tarball in /afs/cern.ch/work/a/achhetri/NANO_AOD/CMSSW_10_6_8/src/WTopScalefactorProducer/Skimmer/NANOcrab/crab_Tprime_v5_NANo_AOD_106X/crab_QCD_Pt80to120_EM_v2/inputs/93177113-07aa-45b1-b46c-62e5f85ec1cddefault.tgz
DEBUG 2021-03-09 11:57:42.602 UTC: 	 Checking directory /afs/cern.ch/work/a/achhetri/NANO_AOD/CMSSW_10_6_8/lib
DEBUG 2021-03-09 11:57:42.602 UTC: 	 Adding directory /afs/cern.ch/work/a/achhetri/NANO_AOD/CMSSW_10_6_8/lib to tarball
DEBUG 2021-03-09 11:57:42.704 UTC: 	 Checking directory /afs/cern.ch/work/a/achhetri/NANO_AOD/CMSSW_10_6_8/biglib
DEBUG 2021-03-09 11:57:42.704 UTC: 	 Adding directory /afs/cern.ch/work/a/achhetri/NANO_AOD/CMSSW_10_6_8/biglib to tarball
DEBUG 2021-03-09 11:57:42.705 UTC: 	 Checking directory /afs/cern.ch/work/a/achhetri/NANO_AOD/CMSSW_10_6_8/module
DEBUG 2021-03-09 11:57:42.705 UTC: 	 Checking directory /afs/cern.ch/work/a/achhetri/NANO_AOD/CMSSW_10_6_8/python
DEBUG 2021-03-09 11:57:42.705 UTC: 	 Adding directory /afs/cern.ch/work/a/achhetri/NANO_AOD/CMSSW_10_6_8/python to tarball
DEBUG 2021-03-09 11:57:44.275 UTC: 	 Checking directory /afs/cern.ch/work/a/achhetri/NANO_AOD/CMSSW_10_6_8/cfipython
DEBUG 2021-03-09 11:57:44.275 UTC: 	 Adding directory /afs/cern.ch/work/a/achhetri/NANO_AOD/CMSSW_10_6_8/cfipython to tarball
DEBUG 2021-03-09 11:57:44.328 UTC: 	 Adding data directory /afs/cern.ch/work/a/achhetri/NANO_AOD/CMSSW_10_6_8/src/PhysicsTools/NanoAODTools/data to tarball
DEBUG 2021-03-09 11:57:53.753 UTC: 	 Adding data directory /afs/cern.ch/work/a/achhetri/NANO_AOD/CMSSW_10_6_8/src/PhysicsTools/NanoAODTools/interface to tarball
DEBUG 2021-03-09 11:57:53.756 UTC: 	 Adding data directory /afs/cern.ch/work/a/achhetri/NANO_AOD/CMSSW_10_6_8/src/PhysicsTools/NanoAODTools/python/postprocessing/data to tarball
DEBUG 2021-03-09 11:57:55.904 UTC: 	 Adding file TprimeBToTH_LH_RunIISummer19UL16_Skimmer.py to tarball
DEBUG 2021-03-09 11:57:55.905 UTC: 	 Adding file keep_and_drop_v1.txt to tarball
DEBUG 2021-03-09 11:57:55.905 UTC: 	 Adding file ../../../PhysicsTools/NanoAODTools/scripts/haddnano.py to tarball
DEBUG 2021-03-09 11:57:59.827 UTC: 	 Uploading archive /afs/cern.ch/work/a/achhetri/NANO_AOD/CMSSW_10_6_8/src/WTopScalefactorProducer/Skimmer/NANOcrab/crab_Tprime_v5_NANo_AOD_106X/crab_QCD_Pt80to120_EM_v2/inputs/93177113-07aa-45b1-b46c-62e5f85ec1cddefault.tgz (55 MB) to the CRAB cache. Using URI https://cmsweb.cern.ch:8443/crabcache
DEBUG 2021-03-09 11:58:33.581 UTC: 	 Loading required information from the environment
DEBUG 2021-03-09 11:58:33.581 UTC: 	 Found CMSSW_10_6_8 for slc7_amd64_gcc700 with base /afs/cern.ch/work/a/achhetri/NANO_AOD/CMSSW_10_6_8
DEBUG 2021-03-09 11:58:33.581 UTC: 	 Making tarball in /afs/cern.ch/work/a/achhetri/NANO_AOD/CMSSW_10_6_8/src/WTopScalefactorProducer/Skimmer/NANOcrab/crab_Tprime_v5_NANo_AOD_106X/crab_QCD_Pt80to120_EM_v2/inputs/debugFiles.tgz
DEBUG 2021-03-09 11:58:33.590 UTC: 	 Uploading archive /afs/cern.ch/work/a/achhetri/NANO_AOD/CMSSW_10_6_8/src/WTopScalefactorProducer/Skimmer/NANOcrab/crab_Tprime_v5_NANo_AOD_106X/crab_QCD_Pt80to120_EM_v2/inputs/debugFiles.tgz (1 KB) to the CRAB cache. Using URI https://cmsweb.cern.ch:8443/crabcache
DEBUG 2021-03-09 11:58:33.646 UTC: 	 Result uploading input files: db34ebad3d4b9da4ae9c866827f2ee5a2e927bca2b5d12de79379f506faf14a9.tar.gz 
INFO 2021-03-09 11:58:33.646 UTC: 	 Sending the request to the server at cmsweb-k8s-prod.cern.ch
DEBUG 2021-03-09 11:58:33.647 UTC: 	 Submitting {'maxjobruntime': 1250, 'extrajdl': [], 'lfn': '/store/user/achhetri/Tprime_v5_NANo_AOD_106X', 'savelogsflag': 1, 'useparent': 0, 'scriptexe': 'crab_script_Tprime.sh', 'asyncdest': 'T3_CH_CERNBOX', 'algoargs': 1, 'cachefilename': 'db34ebad3d4b9da4ae9c866827f2ee5a2e927bca2b5d12de79379f506faf14a9.tar.gz', 'numcores': 1, 'addoutputfiles': [], 'generator': 'pythia', 'maxmemory': 2000, 'publishdbsurl': 'https://cmsweb.cern.ch/dbs/prod/phys03/DBSWriter', 'priority': 10, 'jobsw': 'CMSSW_10_6_8', 'edmoutfiles': ['tree.root'], 'userfiles': [], 'primarydataset': '', 'inputdata': '/QCD_Pt-80to120_EMEnriched_TuneCP5_13TeV_pythia8/RunIISummer19UL17NanoAODv2-106X_mc2017_realistic_v8-v1/NANOAODSIM', 'ignorelocality': 0, 'dryrun': 0, 'workflow': 'crab_QCD_Pt80to120_EM_v2', 'cacheurl': u'https://cmsweb.cern.ch:8443/crabcache', 'nonprodsw': 1, 'tfileoutfiles': [], 'oneEventMode': 0, 'debugfilename': 'b7cf55de683902dd3ad1f9452e751a41506fb0e32de65ad72c47a32148782d70.tar.gz', 'saveoutput': 1, 'publication': 0, 'jobarch': 'slc7_amd64_gcc700', 'totalunits': 8, 'splitalgo': 'FileBased', 'ignoreglobalblacklist': 0, 'nonvaliddata': 0, 'dbsurl': 'https://cmsweb.cern.ch/dbs/prod/global/DBSReader', 'publishgroupname': 0, 'jobtype': 'Analysis', 'publishname2': 'QCD_Pt80to120_EM_v2'} 
DEBUG 2021-03-09 11:58:33.647 UTC: 	 Encoded submit request: maxjobruntime=1250&lfn=%2Fstore%2Fuser%2Fachhetri%2FTprime_v5_NANo_AOD_106X&savelogsflag=1&useparent=0&scriptexe=crab_script_Tprime.sh&asyncdest=T3_CH_CERNBOX&algoargs=1&cachefilename=db34ebad3d4b9da4ae9c866827f2ee5a2e927bca2b5d12de79379f506faf14a9.tar.gz&numcores=1&generator=pythia&maxmemory=2000&publishdbsurl=https%3A%2F%2Fcmsweb.cern.ch%2Fdbs%2Fprod%2Fphys03%2FDBSWriter&priority=10&jobsw=CMSSW_10_6_8&primarydataset=&inputdata=%2FQCD_Pt-80to120_EMEnriched_TuneCP5_13TeV_pythia8%2FRunIISummer19UL17NanoAODv2-106X_mc2017_realistic_v8-v1%2FNANOAODSIM&ignorelocality=0&dryrun=0&workflow=crab_QCD_Pt80to120_EM_v2&cacheurl=https%3A%2F%2Fcmsweb.cern.ch%3A8443%2Fcrabcache&nonprodsw=1&oneEventMode=0&debugfilename=b7cf55de683902dd3ad1f9452e751a41506fb0e32de65ad72c47a32148782d70.tar.gz&saveoutput=1&publication=0&jobarch=slc7_amd64_gcc700&totalunits=8&splitalgo=FileBased&ignoreglobalblacklist=0&nonvaliddata=0&dbsurl=https%3A%2F%2Fcmsweb.cern.ch%2Fdbs%2Fprod%2Fglobal%2FDBSReader&publishgroupname=0&jobtype=Analysis&publishname2=QCD_Pt80to120_EM_v2&edmoutfiles=tree.root
DEBUG 2021-03-09 11:58:33.714 UTC: 	 Result: {u'result': [{u'RequestName': u'210309_115833:achhetri_crab_QCD_Pt80to120_EM_v2'}]}
INFO 2021-03-09 11:58:33.717 UTC: 	 Success: Your task has been delivered to the prod CRAB3 server.
INFO 2021-03-09 11:58:33.717 UTC: 	 Task name: 210309_115833:achhetri_crab_QCD_Pt80to120_EM_v2
INFO 2021-03-09 11:58:33.717 UTC: 	 Project dir: crab_Tprime_v5_NANo_AOD_106X/crab_QCD_Pt80to120_EM_v2
INFO 2021-03-09 11:58:33.717 UTC: 	 Please use ' crab status -d crab_Tprime_v5_NANo_AOD_106X/crab_QCD_Pt80to120_EM_v2 ' to check how the submission process proceeds.
DEBUG 2021-03-09 11:58:33.717 UTC: 	 About to return
DEBUG 2021-03-09 16:08:49.059 UTC: 	 CRAB Client version: v3.201110
DEBUG 2021-03-09 16:08:49.059 UTC: 	 Running on: Linux lxplus799.cern.ch 3.10.0-1160.15.2.el7.x86_64 #1 SMP Wed Feb 3 15:06:38 UTC 2021 x86_64 x86_64 x86_64 GNU/Linux - CentOS Linux 7 (Core)
DEBUG 2021-03-09 16:08:49.059 UTC: 	 Executing command: 'status'
DEBUG 2021-03-09 16:08:49.059 UTC: 	 Found CRAB cache file /afs/cern.ch/user/a/achhetri/.crab3
DEBUG 2021-03-09 16:08:49.541 UTC: 	 Checking credentials
DEBUG 2021-03-09 16:08:49.541 UTC: 	 Found proxy file /afs/cern.ch/user/a/achhetri/x509up_u94350
DEBUG 2021-03-09 16:08:49.541 UTC: 	 Getting proxy life time left
DEBUG 2021-03-09 16:08:50.146 UTC: 	 Executing : 
 command : voms-proxy-info -file /afs/cern.ch/user/a/achhetri/x509up_u94350 -timeleft
 output : 690993

 error: 
 retcode : 0
DEBUG 2021-03-09 16:08:50.751 UTC: 	 Executing : 
 command : voms-proxy-info -file /afs/cern.ch/user/a/achhetri/x509up_u94350 -actimeleft
 output : 690992

 error: 
 retcode : 0
DEBUG 2021-03-09 16:08:50.751 UTC: 	 Proxy lifetime 690993 secs is different from voms extension lifetime 690992 secs for proxy: /afs/cern.ch/user/a/achhetri/x509up_u94350
DEBUG 2021-03-09 16:08:50.751 UTC: 	 Proxy valid for 191:56:32 hours
DEBUG 2021-03-09 16:08:50.866 UTC: 	 Registering user credentials for server /DC=ch/DC=cern/OU=computers/CN=vocms0105.cern.ch|/DC=ch/DC=cern/OU=computers/CN=crab-(preprod|prod|dev)-tw(02|01).cern.ch|/DC=ch/DC=cern/OU=computers/CN=(ddi|ddidk|mytw).cern.ch|/DC=ch/DC=cern/OU=computers/CN=stefanov(m|m2).cern.ch
DEBUG 2021-03-09 16:08:51.483 UTC: 	 Executing : 
 command : voms-proxy-info -file /afs/cern.ch/user/a/achhetri/x509up_u94350 -identity
 output : /DC=ch/DC=cern/OU=Organic Units/OU=Users/CN=achhetri/CN=804540/CN=Arjun Chhetri

 error: 
 retcode : 0
DEBUG 2021-03-09 16:08:51.491 UTC: 	 Getting myproxy life time left for myproxy.cern.ch
DEBUG 2021-03-09 16:08:51.491 UTC: 	 using eb0e67adc2dd9eb1770413a4ffd073f562b86f05 as credential login name
DEBUG 2021-03-09 16:08:51.797 UTC: 	 Executing : 
 command : myproxy-info -l eb0e67adc2dd9eb1770413a4ffd073f562b86f05 -s myproxy.cern.ch
 output : username: eb0e67adc2dd9eb1770413a4ffd073f562b86f05
owner: /DC=ch/DC=cern/OU=Organic Units/OU=Users/CN=achhetri/CN=804540/CN=Arjun Chhetri
  renewal policy: /DC=ch/DC=cern/OU=computers/CN=vocms0105.cern.ch|/DC=ch/DC=cern/OU=computers/CN=crab-(preprod|prod|dev)-tw(02|01).cern.ch|/DC=ch/DC=cern/OU=computers/CN=(ddi|ddidk|mytw).cern.ch|/DC=ch/DC=cern/OU=computers/CN=stefanov(m|m2).cern.ch
  trusted retrieval policy: /DC=ch/DC=cern/OU=computers/CN=vocms0105.cern.ch|/DC=ch/DC=cern/OU=computers/CN=crab-(preprod|prod|dev)-tw(02|01).cern.ch|/DC=ch/DC=cern/OU=computers/CN=(ddi|ddidk|mytw).cern.ch|/DC=ch/DC=cern/OU=computers/CN=stefanov(m|m2).cern.ch
  timeleft: 715:45:18  (29.8 days)

 error: 
 retcode : 0
DEBUG 2021-03-09 16:08:51.798 UTC: 	 Myproxy is valid: 2576718
DEBUG 2021-03-09 16:08:51.798 UTC: 	 Retrieving username ...
DEBUG 2021-03-09 16:08:51.798 UTC: 	 Retrieving username from CRIC...
DEBUG 2021-03-09 16:08:52.519 UTC: 	 username is achhetri
DEBUG 2021-03-09 16:08:52.525 UTC: 	 Getting myproxy life time left for myproxy.cern.ch
DEBUG 2021-03-09 16:08:52.526 UTC: 	 using achhetri_CRAB as credential login name
DEBUG 2021-03-09 16:08:52.830 UTC: 	 Executing : 
 command : myproxy-info -l achhetri_CRAB -s myproxy.cern.ch
 output : username: achhetri_CRAB
owner: /DC=ch/DC=cern/OU=Organic Units/OU=Users/CN=achhetri/CN=804540/CN=Arjun Chhetri
  renewal policy: /DC=ch/DC=cern/OU=computers/CN=vocms0105.cern.ch|/DC=ch/DC=cern/OU=computers/CN=crab-(preprod|prod|dev)-tw(02|01).cern.ch|/DC=ch/DC=cern/OU=computers/CN=(ddi|ddidk|mytw).cern.ch|/DC=ch/DC=cern/OU=computers/CN=stefanov(m|m2).cern.ch
  trusted retrieval policy: /DC=ch/DC=cern/OU=computers/CN=vocms0105.cern.ch|/DC=ch/DC=cern/OU=computers/CN=crab-(preprod|prod|dev)-tw(02|01).cern.ch|/DC=ch/DC=cern/OU=computers/CN=(ddi|ddidk|mytw).cern.ch|/DC=ch/DC=cern/OU=computers/CN=stefanov(m|m2).cern.ch
  timeleft: 352:42:48  (14.7 days)

 error: 
 retcode : 0
DEBUG 2021-03-09 16:08:52.830 UTC: 	 Myproxy is valid: 1269768
DEBUG 2021-03-09 16:08:52.939 UTC: 	 Executing : 
 command : openssl x509 -noout -in ~/.globus/usercert.pem -dates
 output : notBefore=Nov 11 12:18:59 2020 GMT
notAfter=Dec 16 12:18:59 2021 GMT

 error: 
 retcode : 0
DEBUG 2021-03-09 16:08:52.943 UTC: 	 Delegating a myproxy for 720:00 hours
DEBUG 2021-03-09 16:08:52.943 UTC: 	 using achhetri_CRAB as credential login name
DEBUG 2021-03-09 16:08:54.349 UTC: 	 Executing : 
 command : export GT_PROXY_MODE=rfc ; myproxy-init -d -n -s myproxy.cern.ch -x -R '/DC=ch/DC=cern/OU=computers/CN=vocms0105.cern.ch|/DC=ch/DC=cern/OU=computers/CN=crab-(preprod|prod|dev)-tw(02|01).cern.ch|/DC=ch/DC=cern/OU=computers/CN=(ddi|ddidk|mytw).cern.ch|/DC=ch/DC=cern/OU=computers/CN=stefanov(m|m2).cern.ch' -x -Z '/DC=ch/DC=cern/OU=computers/CN=vocms0105.cern.ch|/DC=ch/DC=cern/OU=computers/CN=crab-(preprod|prod|dev)-tw(02|01).cern.ch|/DC=ch/DC=cern/OU=computers/CN=(ddi|ddidk|mytw).cern.ch|/DC=ch/DC=cern/OU=computers/CN=stefanov(m|m2).cern.ch' -l 'achhetri_CRAB' -t 168:00 -c 720:00
 output : Your identity: /DC=ch/DC=cern/OU=Organic Units/OU=Users/CN=achhetri/CN=804540/CN=Arjun Chhetri

 error: Error: Couldn't read user key in /afs/cern.ch/user/a/achhetri/.globus/userkey.pem.
Use -debug for further information.
grid-proxy-init failed

 retcode : 1
DEBUG 2021-03-09 16:08:54.349 UTC: 	 using achhetri_CRAB as credential login name
DEBUG 2021-03-09 16:08:54.654 UTC: 	 Executing : 
 command : myproxy-info -l achhetri_CRAB -s myproxy.cern.ch
 output : username: achhetri_CRAB
owner: /DC=ch/DC=cern/OU=Organic Units/OU=Users/CN=achhetri/CN=804540/CN=Arjun Chhetri
  renewal policy: /DC=ch/DC=cern/OU=computers/CN=vocms0105.cern.ch|/DC=ch/DC=cern/OU=computers/CN=crab-(preprod|prod|dev)-tw(02|01).cern.ch|/DC=ch/DC=cern/OU=computers/CN=(ddi|ddidk|mytw).cern.ch|/DC=ch/DC=cern/OU=computers/CN=stefanov(m|m2).cern.ch
  trusted retrieval policy: /DC=ch/DC=cern/OU=computers/CN=vocms0105.cern.ch|/DC=ch/DC=cern/OU=computers/CN=crab-(preprod|prod|dev)-tw(02|01).cern.ch|/DC=ch/DC=cern/OU=computers/CN=(ddi|ddidk|mytw).cern.ch|/DC=ch/DC=cern/OU=computers/CN=stefanov(m|m2).cern.ch
  timeleft: 352:42:46  (14.7 days)

 error: 
 retcode : 0
DEBUG 2021-03-09 16:08:54.654 UTC: 	 My-proxy delegated.
DEBUG 2021-03-09 16:08:54.654 UTC: 	 Result of myproxy credential check:
  Credential exists on myproxy: username: eb0e67adc2dd9eb1770413a4ffd073f562b86f05  - validity: 29 days, 19:45:18
  Credential exists on myproxy: username: achhetri_CRAB  - validity: 14 days, 16:42:46
DEBUG 2021-03-09 16:08:54.655 UTC: 	 Command use: status
DEBUG 2021-03-09 16:08:54.655 UTC: 	 Options use: ['-d', 'crab_Tprime_v5_NANo_AOD_106X/crab_QCD_Pt80to120_EM_v2/']
DEBUG 2021-03-09 16:08:54.713 UTC: 	 CRABClient version: v3.201110
DEBUG 2021-03-09 16:08:54.713 UTC: 	 Instance is prod
DEBUG 2021-03-09 16:08:54.713 UTC: 	 Server base url is cmsweb-k8s-prod.cern.ch
DEBUG 2021-03-09 16:08:54.713 UTC: 	 Command url /crabserver/prod/workflow
DEBUG 2021-03-09 16:08:54.824 UTC: 	 Got information from server oracle database: {u'result': [u'210309_115833:achhetri_crab_QCD_Pt80to120_EM_v2', u'None', u'None', u'SUBMITTED', u'SUBMIT', u'2021-03-09 11:58:33.708078', u'None', u'2021-03-09 11:59:14.946992', u'None', u'CMSSW_10_6_8', u'slc7_amd64_gcc700', u'/QCD_Pt-80to120_EMEnriched_TuneCP5_13TeV_pythia8/RunIISummer19UL17NanoAODv2-106X_mc2017_realistic_v8-v1/NANOAODSIM', u'F', u'0', u'[]', u'[]', u'FileBased', u"{'splitOnRun': False, 'halt_job_on_file_boundaries': False, 'files_per_job': 1, 'runs': [], 'lumis': []}", u'db34ebad3d4b9da4ae9c866827f2ee5a2e927bca2b5d12de79379f506faf14a9.tar.gz', u'https://cmsweb.cern.ch:8443/crabcache', u'achhetri', u'/DC=ch/DC=cern/OU=Organic Units/OU=Users/CN=achhetri/CN=804540/CN=Arjun Chhetri', u'cms', u'None', u'None', u'QCD_Pt80to120_EM_v2-00000000000000000000000000000000', u'F', u'T3_CH_CERNBOX', u'https://cmsweb.cern.ch/dbs/prod/global/DBSReader', u'https://cmsweb.cern.ch/dbs/prod/phys03/DBSWriter', u'F', u'[]', u'[]', u"['tree.root']", u'Analysis', u'pythia', u'None', u'{}', u'[]', u'T', u'crab-prod-tw01', u'[]', u'1250', u'1', u'2000', u'10', u"['/QCD_Pt-80to120_EMEnriched_TuneCP5_13TeV_pythia8/achhetri-QCD_Pt80to120_EM_v2-5d8f93ee2ba2db6b402c7167473e2950/USER']", u'[]', u'http://vocms0119.cern.ch/mon/cms341/210309_115833:achhetri_crab_QCD_Pt80to120_EM_v2', u'crab_script_Tprime.sh', u'[]', u'[]', u'https://cmsweb.cern.ch/crabserver/prod', u'cmsgwms-collector-global.cern.ch:9620,cmsgwms-collector-global.fnal.gov', u'crab3@vocms0119.cern.ch', u'F', u'[]', u'T', u'/store/user/achhetri/Tprime_v5_NANo_AOD_106X', u'F', u'None', u'F', u'None', u'QCD_Pt-80to120_EMEnriched_TuneCP5_13TeV_pythia8', u'None', u'b7cf55de683902dd3ad1f9452e751a41506fb0e32de65ad72c47a32148782d70.tar.gz', u'64468201', u'filetransfers', u'F', u'188.185.90.95', u'8.0', u'None'], u'desc': {u'columns': [u'tm_taskname', u'tm_activity', u'panda_jobset_id', u'tm_task_status', u'tm_task_command', u'tm_start_time', u'tm_start_injection', u'tm_end_injection', u'tm_task_failure', u'tm_job_sw', u'tm_job_arch', u'tm_input_dataset', u'tm_nonvalid_input_dataset', u'tm_use_parent', u'tm_site_whitelist', u'tm_site_blacklist', u'tm_split_algo', u'tm_split_args', u'tm_user_sandbox', u'tm_cache_url', u'tm_username', u'tm_user_dn', u'tm_user_vo', u'tm_user_role', u'tm_user_group', u'tm_publish_name', u'tm_publish_groupname', u'tm_asyncdest', u'tm_dbs_url', u'tm_publish_dbs_url', u'tm_publication', u'tm_outfiles', u'tm_tfile_outfiles', u'tm_edm_outfiles', u'tm_job_type', u'tm_generator', u'tm_events_per_lumi', u'tm_arguments', u'panda_resubmitted_jobs', u'tm_save_logs', u'tw_name', u'tm_user_infiles', u'tm_maxjobruntime', u'tm_numcores', u'tm_maxmemory', u'tm_priority', u'tm_output_dataset', u'tm_task_warnings', u'tm_user_webdir', u'tm_scriptexe', u'tm_scriptargs', u'tm_extrajdl', u'tm_asourl', u'tm_collector', u'tm_schedd', u'tm_dry_run', u'tm_user_files', u'tm_transfer_outputs', u'tm_output_lfn', u'tm_ignore_locality', u'tm_fail_limit', u'tm_one_event_mode', u'tm_secondary_input_dataset', u'tm_primary_dataset', u'tm_last_publication', u'tm_debug_files', u'clusterid', u'tm_asodb', u'tm_ignore_global_blacklist', u'tm_submitter_ip_addr', u'tm_totalunits', u'tm_ddm_reqid']}}
INFO 2021-03-09 16:08:54.825 UTC: 	 CRAB project directory:		/afs/cern.ch/work/a/achhetri/NANO_AOD/CMSSW_10_6_8/src/WTopScalefactorProducer/Skimmer/NANOcrab/crab_Tprime_v5_NANo_AOD_106X/crab_QCD_Pt80to120_EM_v2
INFO 2021-03-09 16:08:54.825 UTC: 	 Task name:			210309_115833:achhetri_crab_QCD_Pt80to120_EM_v2
INFO 2021-03-09 16:08:54.825 UTC: 	 Grid scheduler - Task Worker:	crab3@vocms0119.cern.ch - crab-prod-tw01
INFO 2021-03-09 16:08:54.825 UTC: 	 Status on the CRAB server:	SUBMITTED
INFO 2021-03-09 16:08:54.825 UTC: 	 Task URL to use for HELP:	https://cmsweb-k8s-prod.cern.ch/crabserver/ui/task/210309_115833%3Aachhetri_crab_QCD_Pt80to120_EM_v2
INFO 2021-03-09 16:08:54.826 UTC: 	 Dashboard monitoring URL:	https://monit-grafana.cern.ch/d/cmsTMDetail/cms-task-monitoring-task-view?orgId=11&var-user=achhetri&var-task=210309_115833%3Aachhetri_crab_QCD_Pt80to120_EM_v2&from=1615287513000&to=now
INFO 2021-03-09 16:08:54.826 UTC: 	 In case of issues with the dashboard, please provide feedback to hn-cms-computing-tools@cern.ch
DEBUG 2021-03-09 16:08:54.826 UTC: 	 The CRAB server submitted your task to the Grid scheduler (cluster ID: 64468201)
DEBUG 2021-03-09 16:08:54.826 UTC: 	 Webdir is located at http://vocms0119.cern.ch/mon/cms341/210309_115833:achhetri_crab_QCD_Pt80to120_EM_v2
DEBUG 2021-03-09 16:08:55.030 UTC: 	 Proxied webdir is located at https://cmsweb.cern.ch:8443/scheddmon/0119/cms341/210309_115833:achhetri_crab_QCD_Pt80to120_EM_v2
DEBUG 2021-03-09 16:08:55.030 UTC: 	 Retrieving 'status_cache' file from https://cmsweb.cern.ch:8443/scheddmon/0119/cms341/210309_115833:achhetri_crab_QCD_Pt80to120_EM_v2/status_cache
DEBUG 2021-03-09 16:08:55.069 UTC: 	 Got information from status cache file: {'1': {'Retries': 0, 'WallDurations': [1.0, 9.0, 289.0], 'StartTimes': [1615291208.0, 1615291875.0], 'SubmitTimes': [1615291165.0, -1], 'JobIds': ['64468231.0', '64468231.0'], 'EndTimes': [1615291209.0, 1615292164.0], 'Restarts': 1, 'RecordedSite': True, 'State': 'finished', 'ResidentSetSize': [0, 2800], 'TotalUserCpuTimeHistory': [0.0, 199], 'SiteHistory': ['T2_US_MIT', 'T2_US_MIT', 'T2_US_MIT'], 'TotalSysCpuTimeHistory': [0.0, 7]}, '3': {'Retries': 0, 'WallDurations': [9.0, 328.0], 'StartTimes': [1615291209.0], 'SubmitTimes': [1615291165.0], 'JobIds': ['64468233.0'], 'EndTimes': [1615291537.0], 'Restarts': 0, 'RecordedSite': True, 'State': 'finished', 'ResidentSetSize': [455596], 'TotalUserCpuTimeHistory': [248], 'SiteHistory': ['T2_US_MIT', 'T2_US_MIT'], 'TotalSysCpuTimeHistory': [12]}, '2': {'Retries': 0, 'WallDurations': [8.0, 11256.0], 'StartTimes': [1615291210.0], 'SubmitTimes': [1615291165.0], 'JobIds': ['64468232.0'], 'EndTimes': [1615302466.0], 'Restarts': 0, 'RecordedSite': True, 'State': 'finished', 'ResidentSetSize': [597768], 'TotalUserCpuTimeHistory': [275], 'SiteHistory': ['T2_US_Wisconsin', 'T2_US_Wisconsin'], 'TotalSysCpuTimeHistory': [23]}, '5': {'Retries': 0, 'WallDurations': [8.0, 205.0], 'StartTimes': [1615291210.0], 'SubmitTimes': [1615291166.0], 'JobIds': ['64468235.0'], 'EndTimes': [1615291415.0], 'Restarts': 0, 'RecordedSite': True, 'State': 'finished', 'ResidentSetSize': [2796], 'TotalUserCpuTimeHistory': [129], 'SiteHistory': ['T2_US_MIT', 'T2_US_MIT'], 'TotalSysCpuTimeHistory': [9]}, '4': {'Retries': 0, 'WallDurations': [9.0, 11646.0], 'StartTimes': [1615291209.0], 'SubmitTimes': [1615291165.0], 'JobIds': ['64468234.0'], 'EndTimes': [1615302855.0], 'Restarts': 0, 'RecordedSite': True, 'State': 'finished', 'ResidentSetSize': [645740], 'TotalUserCpuTimeHistory': [316], 'SiteHistory': ['T2_US_Wisconsin', 'T2_US_Wisconsin'], 'TotalSysCpuTimeHistory': [19]}, '7': {'Retries': 0, 'WallDurations': [8.0, 73.0], 'StartTimes': [1615291208.0], 'SubmitTimes': [1615291166.0], 'JobIds': ['64468237.0'], 'EndTimes': [1615291281.0], 'Restarts': 0, 'RecordedSite': True, 'State': 'finished', 'ResidentSetSize': [51296], 'TotalUserCpuTimeHistory': [30], 'SiteHistory': ['T2_US_MIT', 'T2_US_MIT'], 'TotalSysCpuTimeHistory': [1]}, '6': {'Retries': 0, 'WallDurations': [0, 9821.0], 'StartTimes': [1615291218.0], 'SubmitTimes': [1615291166.0], 'JobIds': ['64468236.0'], 'EndTimes': [1615301039.0], 'Restarts': 0, 'RecordedSite': True, 'State': 'finished', 'ResidentSetSize': [471620], 'TotalUserCpuTimeHistory': [513], 'SiteHistory': ['T2_US_MIT', 'T2_US_MIT'], 'TotalSysCpuTimeHistory': [24]}, '8': {'Retries': 0, 'WallDurations': [8.0, 304.0], 'StartTimes': [1615291209.0], 'SubmitTimes': [1615291166.0], 'JobIds': ['64468238.0'], 'EndTimes': [1615291513.0], 'Restarts': 0, 'RecordedSite': True, 'State': 'finished', 'ResidentSetSize': [29056], 'TotalUserCpuTimeHistory': [199], 'SiteHistory': ['T2_US_MIT', 'T2_US_MIT'], 'TotalSysCpuTimeHistory': [8]}}
INFO 2021-03-09 16:08:55.069 UTC: 	 Status on the scheduler:	COMPLETED
INFO 2021-03-09 16:08:55.070 UTC: 	 
Jobs status:                    finished     		100.0% (8/8)
INFO 2021-03-09 16:08:55.070 UTC: 	 
No publication information (publication has been disabled in the CRAB configuration file)
INFO 2021-03-09 16:08:55.070 UTC: 	 
Warning: the max jobs runtime is less than 30% of the task requested value (1250 min), please consider to request a lower value for failed jobs (allowed through crab resubmit) and/or improve the jobs splitting (e.g. config.Data.splitting = 'Automatic') in a new task.
INFO 2021-03-09 16:08:55.070 UTC: 	 
Warning: the average jobs CPU efficiency is less than 50%, please consider to improve the jobs splitting (e.g. config.Data.splitting = 'Automatic') in a new task
INFO 2021-03-09 16:08:55.070 UTC: 	 
Summary of run jobs:
 * Memory: 2MB min, 630MB max, 275MB ave
 * Runtime: 0:01:13 min, 3:14:06 max, 1:10:40 ave
 * CPU eff: 3% min, 79% max, 6% ave
 * Waste: 0:01:00 (0% of total)

INFO 2021-03-09 16:08:55.077 UTC: 	 Log file is /afs/cern.ch/work/a/achhetri/NANO_AOD/CMSSW_10_6_8/src/WTopScalefactorProducer/Skimmer/NANOcrab/crab_Tprime_v5_NANo_AOD_106X/crab_QCD_Pt80to120_EM_v2/crab.log
DEBUG 2021-03-10 12:04:30.338 UTC: 	 CRAB Client version: v3.201110
DEBUG 2021-03-10 12:04:30.338 UTC: 	 Running on: Linux lxplus719.cern.ch 3.10.0-1160.15.2.el7.x86_64 #1 SMP Wed Feb 3 15:06:38 UTC 2021 x86_64 x86_64 x86_64 GNU/Linux - CentOS Linux 7 (Core)
DEBUG 2021-03-10 12:04:30.338 UTC: 	 Executing command: 'status'
DEBUG 2021-03-10 12:04:30.341 UTC: 	 Found CRAB cache file /afs/cern.ch/user/a/achhetri/.crab3
DEBUG 2021-03-10 12:04:30.563 UTC: 	 Checking credentials
DEBUG 2021-03-10 12:04:30.564 UTC: 	 Found proxy file /afs/cern.ch/user/a/achhetri/x509up_u94350
DEBUG 2021-03-10 12:04:30.564 UTC: 	 Getting proxy life time left
DEBUG 2021-03-10 12:04:31.169 UTC: 	 Executing : 
 command : voms-proxy-info -file /afs/cern.ch/user/a/achhetri/x509up_u94350 -timeleft
 output : 690932

 error: 
 retcode : 0
DEBUG 2021-03-10 12:04:31.777 UTC: 	 Executing : 
 command : voms-proxy-info -file /afs/cern.ch/user/a/achhetri/x509up_u94350 -actimeleft
 output : 690931

 error: 
 retcode : 0
DEBUG 2021-03-10 12:04:31.777 UTC: 	 Proxy lifetime 690932 secs is different from voms extension lifetime 690931 secs for proxy: /afs/cern.ch/user/a/achhetri/x509up_u94350
DEBUG 2021-03-10 12:04:31.777 UTC: 	 Proxy valid for 191:55:31 hours
DEBUG 2021-03-10 12:04:31.836 UTC: 	 Registering user credentials for server /DC=ch/DC=cern/OU=computers/CN=vocms0105.cern.ch|/DC=ch/DC=cern/OU=computers/CN=crab-(preprod|prod|dev)-tw(02|01).cern.ch|/DC=ch/DC=cern/OU=computers/CN=(ddi|ddidk|mytw).cern.ch|/DC=ch/DC=cern/OU=computers/CN=stefanov(m|m2).cern.ch
DEBUG 2021-03-10 12:04:32.449 UTC: 	 Executing : 
 command : voms-proxy-info -file /afs/cern.ch/user/a/achhetri/x509up_u94350 -identity
 output : /DC=ch/DC=cern/OU=Organic Units/OU=Users/CN=achhetri/CN=804540/CN=Arjun Chhetri

 error: 
 retcode : 0
DEBUG 2021-03-10 12:04:32.455 UTC: 	 Getting myproxy life time left for myproxy.cern.ch
DEBUG 2021-03-10 12:04:32.456 UTC: 	 using eb0e67adc2dd9eb1770413a4ffd073f562b86f05 as credential login name
DEBUG 2021-03-10 12:04:32.659 UTC: 	 Executing : 
 command : myproxy-info -l eb0e67adc2dd9eb1770413a4ffd073f562b86f05 -s myproxy.cern.ch
 output : username: eb0e67adc2dd9eb1770413a4ffd073f562b86f05
owner: /DC=ch/DC=cern/OU=Organic Units/OU=Users/CN=achhetri/CN=804540/CN=Arjun Chhetri
  renewal policy: /DC=ch/DC=cern/OU=computers/CN=vocms0105.cern.ch|/DC=ch/DC=cern/OU=computers/CN=crab-(preprod|prod|dev)-tw(02|01).cern.ch|/DC=ch/DC=cern/OU=computers/CN=(ddi|ddidk|mytw).cern.ch|/DC=ch/DC=cern/OU=computers/CN=stefanov(m|m2).cern.ch
  trusted retrieval policy: /DC=ch/DC=cern/OU=computers/CN=vocms0105.cern.ch|/DC=ch/DC=cern/OU=computers/CN=crab-(preprod|prod|dev)-tw(02|01).cern.ch|/DC=ch/DC=cern/OU=computers/CN=(ddi|ddidk|mytw).cern.ch|/DC=ch/DC=cern/OU=computers/CN=stefanov(m|m2).cern.ch
  timeleft: 695:49:37  (29.0 days)

 error: 
 retcode : 0
DEBUG 2021-03-10 12:04:32.660 UTC: 	 Myproxy is valid: 2504977
DEBUG 2021-03-10 12:04:32.660 UTC: 	 Retrieving username ...
DEBUG 2021-03-10 12:04:32.661 UTC: 	 Retrieving username from CRIC...
DEBUG 2021-03-10 12:04:33.400 UTC: 	 username is achhetri
DEBUG 2021-03-10 12:04:33.408 UTC: 	 Getting myproxy life time left for myproxy.cern.ch
DEBUG 2021-03-10 12:04:33.408 UTC: 	 using achhetri_CRAB as credential login name
DEBUG 2021-03-10 12:04:33.613 UTC: 	 Executing : 
 command : myproxy-info -l achhetri_CRAB -s myproxy.cern.ch
 output : username: achhetri_CRAB
owner: /DC=ch/DC=cern/OU=Organic Units/OU=Users/CN=achhetri/CN=804540/CN=Arjun Chhetri
  renewal policy: /DC=ch/DC=cern/OU=computers/CN=vocms0105.cern.ch|/DC=ch/DC=cern/OU=computers/CN=crab-(preprod|prod|dev)-tw(02|01).cern.ch|/DC=ch/DC=cern/OU=computers/CN=(ddi|ddidk|mytw).cern.ch|/DC=ch/DC=cern/OU=computers/CN=stefanov(m|m2).cern.ch
  trusted retrieval policy: /DC=ch/DC=cern/OU=computers/CN=vocms0105.cern.ch|/DC=ch/DC=cern/OU=computers/CN=crab-(preprod|prod|dev)-tw(02|01).cern.ch|/DC=ch/DC=cern/OU=computers/CN=(ddi|ddidk|mytw).cern.ch|/DC=ch/DC=cern/OU=computers/CN=stefanov(m|m2).cern.ch
  timeleft: 332:47:07  (13.9 days)

 error: 
 retcode : 0
DEBUG 2021-03-10 12:04:33.614 UTC: 	 Myproxy is valid: 1198027
DEBUG 2021-03-10 12:04:33.720 UTC: 	 Executing : 
 command : openssl x509 -noout -in ~/.globus/usercert.pem -dates
 output : notBefore=Nov 11 12:18:59 2020 GMT
notAfter=Dec 16 12:18:59 2021 GMT

 error: 
 retcode : 0
DEBUG 2021-03-10 12:04:33.728 UTC: 	 Delegating a myproxy for 720:00 hours
DEBUG 2021-03-10 12:04:33.728 UTC: 	 using achhetri_CRAB as credential login name
DEBUG 2021-03-10 12:04:36.438 UTC: 	 Executing : 
 command : export GT_PROXY_MODE=rfc ; myproxy-init -d -n -s myproxy.cern.ch -x -R '/DC=ch/DC=cern/OU=computers/CN=vocms0105.cern.ch|/DC=ch/DC=cern/OU=computers/CN=crab-(preprod|prod|dev)-tw(02|01).cern.ch|/DC=ch/DC=cern/OU=computers/CN=(ddi|ddidk|mytw).cern.ch|/DC=ch/DC=cern/OU=computers/CN=stefanov(m|m2).cern.ch' -x -Z '/DC=ch/DC=cern/OU=computers/CN=vocms0105.cern.ch|/DC=ch/DC=cern/OU=computers/CN=crab-(preprod|prod|dev)-tw(02|01).cern.ch|/DC=ch/DC=cern/OU=computers/CN=(ddi|ddidk|mytw).cern.ch|/DC=ch/DC=cern/OU=computers/CN=stefanov(m|m2).cern.ch' -l 'achhetri_CRAB' -t 168:00 -c 720:00
 output : Your identity: /DC=ch/DC=cern/OU=Organic Units/OU=Users/CN=achhetri/CN=804540/CN=Arjun Chhetri

 error: Error: Couldn't read user key in /afs/cern.ch/user/a/achhetri/.globus/userkey.pem.
Use -debug for further information.
grid-proxy-init failed

 retcode : 1
DEBUG 2021-03-10 12:04:36.438 UTC: 	 using achhetri_CRAB as credential login name
DEBUG 2021-03-10 12:04:36.642 UTC: 	 Executing : 
 command : myproxy-info -l achhetri_CRAB -s myproxy.cern.ch
 output : username: achhetri_CRAB
owner: /DC=ch/DC=cern/OU=Organic Units/OU=Users/CN=achhetri/CN=804540/CN=Arjun Chhetri
  renewal policy: /DC=ch/DC=cern/OU=computers/CN=vocms0105.cern.ch|/DC=ch/DC=cern/OU=computers/CN=crab-(preprod|prod|dev)-tw(02|01).cern.ch|/DC=ch/DC=cern/OU=computers/CN=(ddi|ddidk|mytw).cern.ch|/DC=ch/DC=cern/OU=computers/CN=stefanov(m|m2).cern.ch
  trusted retrieval policy: /DC=ch/DC=cern/OU=computers/CN=vocms0105.cern.ch|/DC=ch/DC=cern/OU=computers/CN=crab-(preprod|prod|dev)-tw(02|01).cern.ch|/DC=ch/DC=cern/OU=computers/CN=(ddi|ddidk|mytw).cern.ch|/DC=ch/DC=cern/OU=computers/CN=stefanov(m|m2).cern.ch
  timeleft: 332:47:04  (13.9 days)

 error: 
 retcode : 0
DEBUG 2021-03-10 12:04:36.643 UTC: 	 My-proxy delegated.
DEBUG 2021-03-10 12:04:36.643 UTC: 	 Result of myproxy credential check:
  Credential exists on myproxy: username: eb0e67adc2dd9eb1770413a4ffd073f562b86f05  - validity: 28 days, 23:49:37
  Credential exists on myproxy: username: achhetri_CRAB  - validity: 13 days, 20:47:04
DEBUG 2021-03-10 12:04:36.643 UTC: 	 Command use: status
DEBUG 2021-03-10 12:04:36.643 UTC: 	 Options use: ['-d', 'crab_QCD_Pt80to120_EM_v2']
DEBUG 2021-03-10 12:04:36.688 UTC: 	 CRABClient version: v3.201110
DEBUG 2021-03-10 12:04:36.688 UTC: 	 Instance is prod
DEBUG 2021-03-10 12:04:36.688 UTC: 	 Server base url is cmsweb-k8s-prod.cern.ch
DEBUG 2021-03-10 12:04:36.688 UTC: 	 Command url /crabserver/prod/workflow
DEBUG 2021-03-10 12:04:36.797 UTC: 	 Got information from server oracle database: {u'result': [u'210309_115833:achhetri_crab_QCD_Pt80to120_EM_v2', u'None', u'None', u'SUBMITTED', u'SUBMIT', u'2021-03-09 11:58:33.708078', u'None', u'2021-03-09 11:59:14.946992', u'None', u'CMSSW_10_6_8', u'slc7_amd64_gcc700', u'/QCD_Pt-80to120_EMEnriched_TuneCP5_13TeV_pythia8/RunIISummer19UL17NanoAODv2-106X_mc2017_realistic_v8-v1/NANOAODSIM', u'F', u'0', u'[]', u'[]', u'FileBased', u"{'splitOnRun': False, 'halt_job_on_file_boundaries': False, 'files_per_job': 1, 'runs': [], 'lumis': []}", u'db34ebad3d4b9da4ae9c866827f2ee5a2e927bca2b5d12de79379f506faf14a9.tar.gz', u'https://cmsweb.cern.ch:8443/crabcache', u'achhetri', u'/DC=ch/DC=cern/OU=Organic Units/OU=Users/CN=achhetri/CN=804540/CN=Arjun Chhetri', u'cms', u'None', u'None', u'QCD_Pt80to120_EM_v2-00000000000000000000000000000000', u'F', u'T3_CH_CERNBOX', u'https://cmsweb.cern.ch/dbs/prod/global/DBSReader', u'https://cmsweb.cern.ch/dbs/prod/phys03/DBSWriter', u'F', u'[]', u'[]', u"['tree.root']", u'Analysis', u'pythia', u'None', u'{}', u'[]', u'T', u'crab-prod-tw01', u'[]', u'1250', u'1', u'2000', u'10', u"['/QCD_Pt-80to120_EMEnriched_TuneCP5_13TeV_pythia8/achhetri-QCD_Pt80to120_EM_v2-5d8f93ee2ba2db6b402c7167473e2950/USER']", u'[]', u'http://vocms0119.cern.ch/mon/cms341/210309_115833:achhetri_crab_QCD_Pt80to120_EM_v2', u'crab_script_Tprime.sh', u'[]', u'[]', u'https://cmsweb.cern.ch/crabserver/prod', u'cmsgwms-collector-global.cern.ch:9620,cmsgwms-collector-global.fnal.gov', u'crab3@vocms0119.cern.ch', u'F', u'[]', u'T', u'/store/user/achhetri/Tprime_v5_NANo_AOD_106X', u'F', u'None', u'F', u'None', u'QCD_Pt-80to120_EMEnriched_TuneCP5_13TeV_pythia8', u'None', u'b7cf55de683902dd3ad1f9452e751a41506fb0e32de65ad72c47a32148782d70.tar.gz', u'64468201', u'filetransfers', u'F', u'188.185.90.95', u'8.0', u'None'], u'desc': {u'columns': [u'tm_taskname', u'tm_activity', u'panda_jobset_id', u'tm_task_status', u'tm_task_command', u'tm_start_time', u'tm_start_injection', u'tm_end_injection', u'tm_task_failure', u'tm_job_sw', u'tm_job_arch', u'tm_input_dataset', u'tm_nonvalid_input_dataset', u'tm_use_parent', u'tm_site_whitelist', u'tm_site_blacklist', u'tm_split_algo', u'tm_split_args', u'tm_user_sandbox', u'tm_cache_url', u'tm_username', u'tm_user_dn', u'tm_user_vo', u'tm_user_role', u'tm_user_group', u'tm_publish_name', u'tm_publish_groupname', u'tm_asyncdest', u'tm_dbs_url', u'tm_publish_dbs_url', u'tm_publication', u'tm_outfiles', u'tm_tfile_outfiles', u'tm_edm_outfiles', u'tm_job_type', u'tm_generator', u'tm_events_per_lumi', u'tm_arguments', u'panda_resubmitted_jobs', u'tm_save_logs', u'tw_name', u'tm_user_infiles', u'tm_maxjobruntime', u'tm_numcores', u'tm_maxmemory', u'tm_priority', u'tm_output_dataset', u'tm_task_warnings', u'tm_user_webdir', u'tm_scriptexe', u'tm_scriptargs', u'tm_extrajdl', u'tm_asourl', u'tm_collector', u'tm_schedd', u'tm_dry_run', u'tm_user_files', u'tm_transfer_outputs', u'tm_output_lfn', u'tm_ignore_locality', u'tm_fail_limit', u'tm_one_event_mode', u'tm_secondary_input_dataset', u'tm_primary_dataset', u'tm_last_publication', u'tm_debug_files', u'clusterid', u'tm_asodb', u'tm_ignore_global_blacklist', u'tm_submitter_ip_addr', u'tm_totalunits', u'tm_ddm_reqid']}}
INFO 2021-03-10 12:04:36.797 UTC: 	 CRAB project directory:		/afs/cern.ch/work/a/achhetri/NANO_AOD/CMSSW_10_6_8/src/WTopScalefactorProducer/Skimmer/NANOcrab/crab_Tprime_v5_NANo_AOD_106X/crab_QCD_Pt80to120_EM_v2
INFO 2021-03-10 12:04:36.798 UTC: 	 Task name:			210309_115833:achhetri_crab_QCD_Pt80to120_EM_v2
INFO 2021-03-10 12:04:36.798 UTC: 	 Grid scheduler - Task Worker:	crab3@vocms0119.cern.ch - crab-prod-tw01
INFO 2021-03-10 12:04:36.798 UTC: 	 Status on the CRAB server:	SUBMITTED
INFO 2021-03-10 12:04:36.799 UTC: 	 Task URL to use for HELP:	https://cmsweb-k8s-prod.cern.ch/crabserver/ui/task/210309_115833%3Aachhetri_crab_QCD_Pt80to120_EM_v2
INFO 2021-03-10 12:04:36.800 UTC: 	 Dashboard monitoring URL:	https://monit-grafana.cern.ch/d/cmsTMDetail/cms-task-monitoring-task-view?orgId=11&var-user=achhetri&var-task=210309_115833%3Aachhetri_crab_QCD_Pt80to120_EM_v2&from=1615287513000&to=now
INFO 2021-03-10 12:04:36.800 UTC: 	 In case of issues with the dashboard, please provide feedback to hn-cms-computing-tools@cern.ch
DEBUG 2021-03-10 12:04:36.800 UTC: 	 The CRAB server submitted your task to the Grid scheduler (cluster ID: 64468201)
DEBUG 2021-03-10 12:04:36.800 UTC: 	 Webdir is located at http://vocms0119.cern.ch/mon/cms341/210309_115833:achhetri_crab_QCD_Pt80to120_EM_v2
DEBUG 2021-03-10 12:04:36.883 UTC: 	 Proxied webdir is located at https://cmsweb.cern.ch:8443/scheddmon/0119/cms341/210309_115833:achhetri_crab_QCD_Pt80to120_EM_v2
DEBUG 2021-03-10 12:04:36.883 UTC: 	 Retrieving 'status_cache' file from https://cmsweb.cern.ch:8443/scheddmon/0119/cms341/210309_115833:achhetri_crab_QCD_Pt80to120_EM_v2/status_cache
DEBUG 2021-03-10 12:04:36.976 UTC: 	 Got information from status cache file: {'1': {'Retries': 0, 'WallDurations': [1.0, 9.0, 289.0], 'StartTimes': [1615291208.0, 1615291875.0], 'SubmitTimes': [1615291165.0, -1], 'JobIds': ['64468231.0', '64468231.0'], 'EndTimes': [1615291209.0, 1615292164.0], 'Restarts': 1, 'RecordedSite': True, 'State': 'finished', 'ResidentSetSize': [0, 2800], 'TotalUserCpuTimeHistory': [0.0, 199], 'SiteHistory': ['T2_US_MIT', 'T2_US_MIT', 'T2_US_MIT'], 'TotalSysCpuTimeHistory': [0.0, 7]}, '3': {'Retries': 0, 'WallDurations': [9.0, 328.0], 'StartTimes': [1615291209.0], 'SubmitTimes': [1615291165.0], 'JobIds': ['64468233.0'], 'EndTimes': [1615291537.0], 'Restarts': 0, 'RecordedSite': True, 'State': 'finished', 'ResidentSetSize': [455596], 'TotalUserCpuTimeHistory': [248], 'SiteHistory': ['T2_US_MIT', 'T2_US_MIT'], 'TotalSysCpuTimeHistory': [12]}, '2': {'Retries': 0, 'WallDurations': [8.0, 11256.0], 'StartTimes': [1615291210.0], 'SubmitTimes': [1615291165.0], 'JobIds': ['64468232.0'], 'EndTimes': [1615302466.0], 'Restarts': 0, 'RecordedSite': True, 'State': 'finished', 'ResidentSetSize': [597768], 'TotalUserCpuTimeHistory': [275], 'SiteHistory': ['T2_US_Wisconsin', 'T2_US_Wisconsin'], 'TotalSysCpuTimeHistory': [23]}, '5': {'Retries': 0, 'WallDurations': [8.0, 205.0], 'StartTimes': [1615291210.0], 'SubmitTimes': [1615291166.0], 'JobIds': ['64468235.0'], 'EndTimes': [1615291415.0], 'Restarts': 0, 'RecordedSite': True, 'State': 'finished', 'ResidentSetSize': [2796], 'TotalUserCpuTimeHistory': [129], 'SiteHistory': ['T2_US_MIT', 'T2_US_MIT'], 'TotalSysCpuTimeHistory': [9]}, '4': {'Retries': 0, 'WallDurations': [9.0, 11646.0], 'StartTimes': [1615291209.0], 'SubmitTimes': [1615291165.0], 'JobIds': ['64468234.0'], 'EndTimes': [1615302855.0], 'Restarts': 0, 'RecordedSite': True, 'State': 'finished', 'ResidentSetSize': [645740], 'TotalUserCpuTimeHistory': [316], 'SiteHistory': ['T2_US_Wisconsin', 'T2_US_Wisconsin'], 'TotalSysCpuTimeHistory': [19]}, '7': {'Retries': 0, 'WallDurations': [8.0, 73.0], 'StartTimes': [1615291208.0], 'SubmitTimes': [1615291166.0], 'JobIds': ['64468237.0'], 'EndTimes': [1615291281.0], 'Restarts': 0, 'RecordedSite': True, 'State': 'finished', 'ResidentSetSize': [51296], 'TotalUserCpuTimeHistory': [30], 'SiteHistory': ['T2_US_MIT', 'T2_US_MIT'], 'TotalSysCpuTimeHistory': [1]}, '6': {'Retries': 0, 'WallDurations': [0, 9821.0], 'StartTimes': [1615291218.0], 'SubmitTimes': [1615291166.0], 'JobIds': ['64468236.0'], 'EndTimes': [1615301039.0], 'Restarts': 0, 'RecordedSite': True, 'State': 'finished', 'ResidentSetSize': [471620], 'TotalUserCpuTimeHistory': [513], 'SiteHistory': ['T2_US_MIT', 'T2_US_MIT'], 'TotalSysCpuTimeHistory': [24]}, '8': {'Retries': 0, 'WallDurations': [8.0, 304.0], 'StartTimes': [1615291209.0], 'SubmitTimes': [1615291166.0], 'JobIds': ['64468238.0'], 'EndTimes': [1615291513.0], 'Restarts': 0, 'RecordedSite': True, 'State': 'finished', 'ResidentSetSize': [29056], 'TotalUserCpuTimeHistory': [199], 'SiteHistory': ['T2_US_MIT', 'T2_US_MIT'], 'TotalSysCpuTimeHistory': [8]}}
INFO 2021-03-10 12:04:36.976 UTC: 	 Status on the scheduler:	COMPLETED
INFO 2021-03-10 12:04:36.976 UTC: 	 
Jobs status:                    finished     		100.0% (8/8)
INFO 2021-03-10 12:04:36.976 UTC: 	 
No publication information (publication has been disabled in the CRAB configuration file)
INFO 2021-03-10 12:04:36.976 UTC: 	 
Warning: the max jobs runtime is less than 30% of the task requested value (1250 min), please consider to request a lower value for failed jobs (allowed through crab resubmit) and/or improve the jobs splitting (e.g. config.Data.splitting = 'Automatic') in a new task.
INFO 2021-03-10 12:04:36.976 UTC: 	 
Warning: the average jobs CPU efficiency is less than 50%, please consider to improve the jobs splitting (e.g. config.Data.splitting = 'Automatic') in a new task
INFO 2021-03-10 12:04:36.976 UTC: 	 
Summary of run jobs:
 * Memory: 2MB min, 630MB max, 275MB ave
 * Runtime: 0:01:13 min, 3:14:06 max, 1:10:40 ave
 * CPU eff: 3% min, 79% max, 6% ave
 * Waste: 0:01:00 (0% of total)

INFO 2021-03-10 12:04:37.001 UTC: 	 Log file is /afs/cern.ch/work/a/achhetri/NANO_AOD/CMSSW_10_6_8/src/WTopScalefactorProducer/Skimmer/NANOcrab/crab_Tprime_v5_NANo_AOD_106X/crab_QCD_Pt80to120_EM_v2/crab.log
DEBUG 2021-03-26 10:47:45.976 UTC: 	 CRAB Client version: v3.210127
DEBUG 2021-03-26 10:47:45.976 UTC: 	 Running on: Linux lxplus775.cern.ch 3.10.0-1160.15.2.el7.x86_64 #1 SMP Wed Feb 3 15:06:38 UTC 2021 x86_64 x86_64 x86_64 GNU/Linux - CentOS Linux 7 (Core)
DEBUG 2021-03-26 10:47:45.976 UTC: 	 Executing command: 'status'
DEBUG 2021-03-26 10:47:45.977 UTC: 	 Found CRAB cache file /afs/cern.ch/user/a/achhetri/.crab3
DEBUG 2021-03-26 10:47:46.032 UTC: 	 Checking credentials
DEBUG 2021-03-26 10:47:46.032 UTC: 	 Found proxy file /afs/cern.ch/user/a/achhetri/x509up_u94350
DEBUG 2021-03-26 10:47:46.032 UTC: 	 Getting proxy life time left
DEBUG 2021-03-26 10:47:46.637 UTC: 	 Executing : 
 command : voms-proxy-info -file /afs/cern.ch/user/a/achhetri/x509up_u94350 -timeleft
 output : 679274

 error: 
 retcode : 0
DEBUG 2021-03-26 10:47:47.242 UTC: 	 Executing : 
 command : voms-proxy-info -file /afs/cern.ch/user/a/achhetri/x509up_u94350 -actimeleft
 output : 679273

 error: 
 retcode : 0
DEBUG 2021-03-26 10:47:47.242 UTC: 	 Proxy lifetime 679274 secs is different from voms extension lifetime 679273 secs for proxy: /afs/cern.ch/user/a/achhetri/x509up_u94350
DEBUG 2021-03-26 10:47:47.242 UTC: 	 Proxy valid for 188:41:13 hours
DEBUG 2021-03-26 10:47:47.323 UTC: 	 Registering user credentials for server /DC=ch/DC=cern/OU=computers/CN=vocms0105.cern.ch|/DC=ch/DC=cern/OU=computers/CN=crab-(preprod|prod|dev)-tw(02|01).cern.ch|/DC=ch/DC=cern/OU=computers/CN=(ddi|ddidk|mytw).cern.ch|/DC=ch/DC=cern/OU=computers/CN=stefanov(m|m2).cern.ch
DEBUG 2021-03-26 10:47:47.935 UTC: 	 Executing : 
 command : voms-proxy-info -file /afs/cern.ch/user/a/achhetri/x509up_u94350 -identity
 output : /DC=ch/DC=cern/OU=Organic Units/OU=Users/CN=achhetri/CN=804540/CN=Arjun Chhetri

 error: 
 retcode : 0
DEBUG 2021-03-26 10:47:47.942 UTC: 	 Getting myproxy life time left for myproxy.cern.ch
DEBUG 2021-03-26 10:47:47.942 UTC: 	 using eb0e67adc2dd9eb1770413a4ffd073f562b86f05 as credential login name
DEBUG 2021-03-26 10:47:48.346 UTC: 	 Executing : 
 command : myproxy-info -l eb0e67adc2dd9eb1770413a4ffd073f562b86f05 -s myproxy.cern.ch
 output : username: eb0e67adc2dd9eb1770413a4ffd073f562b86f05
owner: /DC=ch/DC=cern/OU=Organic Units/OU=Users/CN=achhetri/CN=804540/CN=Arjun Chhetri
  renewal policy: /DC=ch/DC=cern/OU=computers/CN=vocms0105.cern.ch|/DC=ch/DC=cern/OU=computers/CN=crab-(preprod|prod|dev)-tw(02|01).cern.ch|/DC=ch/DC=cern/OU=computers/CN=(ddi|ddidk|mytw).cern.ch|/DC=ch/DC=cern/OU=computers/CN=stefanov(m|m2).cern.ch
  trusted retrieval policy: /DC=ch/DC=cern/OU=computers/CN=vocms0105.cern.ch|/DC=ch/DC=cern/OU=computers/CN=crab-(preprod|prod|dev)-tw(02|01).cern.ch|/DC=ch/DC=cern/OU=computers/CN=(ddi|ddidk|mytw).cern.ch|/DC=ch/DC=cern/OU=computers/CN=stefanov(m|m2).cern.ch
  timeleft: 719:53:23  (30.0 days)

 error: 
 retcode : 0
DEBUG 2021-03-26 10:47:48.347 UTC: 	 Myproxy is valid: 2591603
DEBUG 2021-03-26 10:47:48.347 UTC: 	 Retrieving username ...
DEBUG 2021-03-26 10:47:48.347 UTC: 	 Retrieving username from CRIC...
DEBUG 2021-03-26 10:47:49.075 UTC: 	 username is achhetri
DEBUG 2021-03-26 10:47:49.081 UTC: 	 Getting myproxy life time left for myproxy.cern.ch
DEBUG 2021-03-26 10:47:49.082 UTC: 	 using achhetri_CRAB as credential login name
DEBUG 2021-03-26 10:47:49.386 UTC: 	 Executing : 
 command : myproxy-info -l achhetri_CRAB -s myproxy.cern.ch
 output : username: achhetri_CRAB
owner: /DC=ch/DC=cern/OU=Organic Units/OU=Users/CN=achhetri/CN=804540/CN=Arjun Chhetri
  renewal policy: /DC=ch/DC=cern/OU=computers/CN=vocms0105.cern.ch|/DC=ch/DC=cern/OU=computers/CN=crab-(preprod|prod|dev)-tw(02|01).cern.ch|/DC=ch/DC=cern/OU=computers/CN=(ddi|ddidk|mytw).cern.ch|/DC=ch/DC=cern/OU=computers/CN=stefanov(m|m2).cern.ch
  trusted retrieval policy: /DC=ch/DC=cern/OU=computers/CN=vocms0105.cern.ch|/DC=ch/DC=cern/OU=computers/CN=crab-(preprod|prod|dev)-tw(02|01).cern.ch|/DC=ch/DC=cern/OU=computers/CN=(ddi|ddidk|mytw).cern.ch|/DC=ch/DC=cern/OU=computers/CN=stefanov(m|m2).cern.ch
  timeleft: 719:53:30  (30.0 days)

 error: 
 retcode : 0
DEBUG 2021-03-26 10:47:49.386 UTC: 	 Myproxy is valid: 2591610
DEBUG 2021-03-26 10:47:49.386 UTC: 	 Result of myproxy credential check:
  Credential exists on myproxy: username: eb0e67adc2dd9eb1770413a4ffd073f562b86f05  - validity: 29 days, 23:53:23
  Credential exists on myproxy: username: achhetri_CRAB  - validity: 29 days, 23:53:30
DEBUG 2021-03-26 10:47:49.387 UTC: 	 Command use: status
DEBUG 2021-03-26 10:47:49.387 UTC: 	 Options use: ['-d', 'crab_QCD_Pt80to120_EM_v2']
DEBUG 2021-03-26 10:47:49.501 UTC: 	 CRABClient version: v3.210127
DEBUG 2021-03-26 10:47:49.502 UTC: 	 Instance is prod
DEBUG 2021-03-26 10:47:49.502 UTC: 	 Server base url is cmsweb-k8s-prod.cern.ch
DEBUG 2021-03-26 10:47:49.502 UTC: 	 Command url /crabserver/prod/workflow
DEBUG 2021-03-26 10:47:49.585 UTC: 	 Got information from server oracle database: {u'result': [u'210309_115833:achhetri_crab_QCD_Pt80to120_EM_v2', u'None', u'None', u'SUBMITTED', u'SUBMIT', u'2021-03-09 11:58:33.708078', u'None', u'2021-03-09 11:59:14.946992', u'None', u'CMSSW_10_6_8', u'slc7_amd64_gcc700', u'/QCD_Pt-80to120_EMEnriched_TuneCP5_13TeV_pythia8/RunIISummer19UL17NanoAODv2-106X_mc2017_realistic_v8-v1/NANOAODSIM', u'F', u'0', u'[]', u'[]', u'FileBased', u"{'splitOnRun': False, 'halt_job_on_file_boundaries': False, 'files_per_job': 1, 'runs': [], 'lumis': []}", u'db34ebad3d4b9da4ae9c866827f2ee5a2e927bca2b5d12de79379f506faf14a9.tar.gz', u'https://cmsweb.cern.ch:8443/crabcache', u'achhetri', u'/DC=ch/DC=cern/OU=Organic Units/OU=Users/CN=achhetri/CN=804540/CN=Arjun Chhetri', u'cms', u'None', u'None', u'QCD_Pt80to120_EM_v2-00000000000000000000000000000000', u'F', u'T3_CH_CERNBOX', u'https://cmsweb.cern.ch/dbs/prod/global/DBSReader', u'https://cmsweb.cern.ch/dbs/prod/phys03/DBSWriter', u'F', u'[]', u'[]', u"['tree.root']", u'Analysis', u'pythia', u'None', u'{}', u'[]', u'T', u'crab-prod-tw01', u'[]', u'1250', u'1', u'2000', u'10', u"['/QCD_Pt-80to120_EMEnriched_TuneCP5_13TeV_pythia8/achhetri-QCD_Pt80to120_EM_v2-5d8f93ee2ba2db6b402c7167473e2950/USER']", u'[]', u'http://vocms0119.cern.ch/mon/cms341/210309_115833:achhetri_crab_QCD_Pt80to120_EM_v2', u'crab_script_Tprime.sh', u'[]', u'[]', u'https://cmsweb.cern.ch/crabserver/prod', u'cmsgwms-collector-global.cern.ch:9620,cmsgwms-collector-global.fnal.gov', u'crab3@vocms0119.cern.ch', u'F', u'[]', u'T', u'/store/user/achhetri/Tprime_v5_NANo_AOD_106X', u'F', u'None', u'F', u'None', u'QCD_Pt-80to120_EMEnriched_TuneCP5_13TeV_pythia8', u'None', u'b7cf55de683902dd3ad1f9452e751a41506fb0e32de65ad72c47a32148782d70.tar.gz', u'64468201', u'filetransfers', u'F', u'188.185.90.95', u'8.0', u'None'], u'desc': {u'columns': [u'tm_taskname', u'tm_activity', u'panda_jobset_id', u'tm_task_status', u'tm_task_command', u'tm_start_time', u'tm_start_injection', u'tm_end_injection', u'tm_task_failure', u'tm_job_sw', u'tm_job_arch', u'tm_input_dataset', u'tm_nonvalid_input_dataset', u'tm_use_parent', u'tm_site_whitelist', u'tm_site_blacklist', u'tm_split_algo', u'tm_split_args', u'tm_user_sandbox', u'tm_cache_url', u'tm_username', u'tm_user_dn', u'tm_user_vo', u'tm_user_role', u'tm_user_group', u'tm_publish_name', u'tm_publish_groupname', u'tm_asyncdest', u'tm_dbs_url', u'tm_publish_dbs_url', u'tm_publication', u'tm_outfiles', u'tm_tfile_outfiles', u'tm_edm_outfiles', u'tm_job_type', u'tm_generator', u'tm_events_per_lumi', u'tm_arguments', u'panda_resubmitted_jobs', u'tm_save_logs', u'tw_name', u'tm_user_infiles', u'tm_maxjobruntime', u'tm_numcores', u'tm_maxmemory', u'tm_priority', u'tm_output_dataset', u'tm_task_warnings', u'tm_user_webdir', u'tm_scriptexe', u'tm_scriptargs', u'tm_extrajdl', u'tm_asourl', u'tm_collector', u'tm_schedd', u'tm_dry_run', u'tm_user_files', u'tm_transfer_outputs', u'tm_output_lfn', u'tm_ignore_locality', u'tm_fail_limit', u'tm_one_event_mode', u'tm_secondary_input_dataset', u'tm_primary_dataset', u'tm_last_publication', u'tm_debug_files', u'clusterid', u'tm_asodb', u'tm_ignore_global_blacklist', u'tm_submitter_ip_addr', u'tm_totalunits', u'tm_ddm_reqid']}}
INFO 2021-03-26 10:47:49.586 UTC: 	 CRAB project directory:		/afs/cern.ch/work/a/achhetri/NANO_AOD/CMSSW_10_6_8/src/WTopScalefactorProducer/Skimmer/NANOcrab/crab_Tprime_v5_NANo_AOD_106X/crab_QCD_Pt80to120_EM_v2
INFO 2021-03-26 10:47:49.586 UTC: 	 Task name:			210309_115833:achhetri_crab_QCD_Pt80to120_EM_v2
INFO 2021-03-26 10:47:49.586 UTC: 	 Grid scheduler - Task Worker:	crab3@vocms0119.cern.ch - crab-prod-tw01
INFO 2021-03-26 10:47:49.586 UTC: 	 Status on the CRAB server:	SUBMITTED
INFO 2021-03-26 10:47:49.586 UTC: 	 Task URL to use for HELP:	https://cmsweb-k8s-prod.cern.ch/crabserver/ui/task/210309_115833%3Aachhetri_crab_QCD_Pt80to120_EM_v2
INFO 2021-03-26 10:47:49.592 UTC: 	 Dashboard monitoring URL:	https://monit-grafana.cern.ch/d/cmsTMDetail/cms-task-monitoring-task-view?orgId=11&var-user=achhetri&var-task=210309_115833%3Aachhetri_crab_QCD_Pt80to120_EM_v2&from=1615287513000&to=now
INFO 2021-03-26 10:47:49.592 UTC: 	 In case of issues with the dashboard, please provide feedback to hn-cms-computing-tools@cern.ch
DEBUG 2021-03-26 10:47:49.592 UTC: 	 The CRAB server submitted your task to the Grid scheduler (cluster ID: 64468201)
DEBUG 2021-03-26 10:47:49.592 UTC: 	 Webdir is located at http://vocms0119.cern.ch/mon/cms341/210309_115833:achhetri_crab_QCD_Pt80to120_EM_v2
DEBUG 2021-03-26 10:47:49.722 UTC: 	 Proxied webdir is located at https://cmsweb.cern.ch:8443/scheddmon/0119/cms341/210309_115833:achhetri_crab_QCD_Pt80to120_EM_v2
DEBUG 2021-03-26 10:47:49.722 UTC: 	 Retrieving 'status_cache' file from https://cmsweb.cern.ch:8443/scheddmon/0119/cms341/210309_115833:achhetri_crab_QCD_Pt80to120_EM_v2/status_cache
DEBUG 2021-03-26 10:47:49.999 UTC: 	 Got information from status cache file: {'1': {'Retries': 0, 'WallDurations': [1.0, 9.0, 289.0], 'StartTimes': [1615291208.0, 1615291875.0], 'SubmitTimes': [1615291165.0, -1], 'JobIds': ['64468231.0', '64468231.0'], 'EndTimes': [1615291209.0, 1615292164.0], 'Restarts': 1, 'RecordedSite': True, 'State': 'finished', 'ResidentSetSize': [0, 2800], 'TotalUserCpuTimeHistory': [0.0, 199], 'SiteHistory': ['T2_US_MIT', 'T2_US_MIT', 'T2_US_MIT'], 'TotalSysCpuTimeHistory': [0.0, 7]}, '3': {'Retries': 0, 'WallDurations': [9.0, 328.0], 'StartTimes': [1615291209.0], 'SubmitTimes': [1615291165.0], 'JobIds': ['64468233.0'], 'EndTimes': [1615291537.0], 'Restarts': 0, 'RecordedSite': True, 'State': 'finished', 'ResidentSetSize': [455596], 'TotalUserCpuTimeHistory': [248], 'SiteHistory': ['T2_US_MIT', 'T2_US_MIT'], 'TotalSysCpuTimeHistory': [12]}, '2': {'Retries': 0, 'WallDurations': [8.0, 11256.0], 'StartTimes': [1615291210.0], 'SubmitTimes': [1615291165.0], 'JobIds': ['64468232.0'], 'EndTimes': [1615302466.0], 'Restarts': 0, 'RecordedSite': True, 'State': 'finished', 'ResidentSetSize': [597768], 'TotalUserCpuTimeHistory': [275], 'SiteHistory': ['T2_US_Wisconsin', 'T2_US_Wisconsin'], 'TotalSysCpuTimeHistory': [23]}, '5': {'Retries': 0, 'WallDurations': [8.0, 205.0], 'StartTimes': [1615291210.0], 'SubmitTimes': [1615291166.0], 'JobIds': ['64468235.0'], 'EndTimes': [1615291415.0], 'Restarts': 0, 'RecordedSite': True, 'State': 'finished', 'ResidentSetSize': [2796], 'TotalUserCpuTimeHistory': [129], 'SiteHistory': ['T2_US_MIT', 'T2_US_MIT'], 'TotalSysCpuTimeHistory': [9]}, '4': {'Retries': 0, 'WallDurations': [9.0, 11646.0], 'StartTimes': [1615291209.0], 'SubmitTimes': [1615291165.0], 'JobIds': ['64468234.0'], 'EndTimes': [1615302855.0], 'Restarts': 0, 'RecordedSite': True, 'State': 'finished', 'ResidentSetSize': [645740], 'TotalUserCpuTimeHistory': [316], 'SiteHistory': ['T2_US_Wisconsin', 'T2_US_Wisconsin'], 'TotalSysCpuTimeHistory': [19]}, '7': {'Retries': 0, 'WallDurations': [8.0, 73.0], 'StartTimes': [1615291208.0], 'SubmitTimes': [1615291166.0], 'JobIds': ['64468237.0'], 'EndTimes': [1615291281.0], 'Restarts': 0, 'RecordedSite': True, 'State': 'finished', 'ResidentSetSize': [51296], 'TotalUserCpuTimeHistory': [30], 'SiteHistory': ['T2_US_MIT', 'T2_US_MIT'], 'TotalSysCpuTimeHistory': [1]}, '6': {'Retries': 0, 'WallDurations': [0, 9821.0], 'StartTimes': [1615291218.0], 'SubmitTimes': [1615291166.0], 'JobIds': ['64468236.0'], 'EndTimes': [1615301039.0], 'Restarts': 0, 'RecordedSite': True, 'State': 'finished', 'ResidentSetSize': [471620], 'TotalUserCpuTimeHistory': [513], 'SiteHistory': ['T2_US_MIT', 'T2_US_MIT'], 'TotalSysCpuTimeHistory': [24]}, '8': {'Retries': 0, 'WallDurations': [8.0, 304.0], 'StartTimes': [1615291209.0], 'SubmitTimes': [1615291166.0], 'JobIds': ['64468238.0'], 'EndTimes': [1615291513.0], 'Restarts': 0, 'RecordedSite': True, 'State': 'finished', 'ResidentSetSize': [29056], 'TotalUserCpuTimeHistory': [199], 'SiteHistory': ['T2_US_MIT', 'T2_US_MIT'], 'TotalSysCpuTimeHistory': [8]}}
INFO 2021-03-26 10:47:49.999 UTC: 	 Status on the scheduler:	COMPLETED
INFO 2021-03-26 10:47:49.999 UTC: 	 
Jobs status:                    finished     		100.0% (8/8)
INFO 2021-03-26 10:47:50.000 UTC: 	 
No publication information (publication has been disabled in the CRAB configuration file)
INFO 2021-03-26 10:47:50.000 UTC: 	 
Warning: the max jobs runtime is less than 30% of the task requested value (1250 min), please consider to request a lower value for failed jobs (allowed through crab resubmit) and/or improve the jobs splitting (e.g. config.Data.splitting = 'Automatic') in a new task.
INFO 2021-03-26 10:47:50.000 UTC: 	 
Warning: the average jobs CPU efficiency is less than 50%, please consider to improve the jobs splitting (e.g. config.Data.splitting = 'Automatic') in a new task
INFO 2021-03-26 10:47:50.000 UTC: 	 
Summary of run jobs:
 * Memory: 2MB min, 630MB max, 275MB ave
 * Runtime: 0:01:13 min, 3:14:06 max, 1:10:40 ave
 * CPU eff: 3% min, 79% max, 6% ave
 * Waste: 0:01:00 (0% of total)

INFO 2021-03-26 10:47:50.017 UTC: 	 Log file is /afs/cern.ch/work/a/achhetri/NANO_AOD/CMSSW_10_6_8/src/WTopScalefactorProducer/Skimmer/NANOcrab/crab_Tprime_v5_NANo_AOD_106X/crab_QCD_Pt80to120_EM_v2/crab.log
