DEBUG 2021-03-10 18:06:19.703 UTC: 	 CRAB Client version: v3.201110
DEBUG 2021-03-10 18:06:19.703 UTC: 	 Running on: Linux lxplus719.cern.ch 3.10.0-1160.15.2.el7.x86_64 #1 SMP Wed Feb 3 15:06:38 UTC 2021 x86_64 x86_64 x86_64 GNU/Linux - CentOS Linux 7 (Core)
DEBUG 2021-03-10 18:06:19.703 UTC: 	 Executing command: 'submit'
DEBUG 2021-03-10 18:06:19.705 UTC: 	 Found CRAB cache file /afs/cern.ch/user/a/achhetri/.crab3
DEBUG 2021-03-10 18:06:19.707 UTC: 	 Will use CRAB Analysis plugin (i.e. will run an analysis job type).
DEBUG 2021-03-10 18:06:19.725 UTC: 	 Checking credentials
DEBUG 2021-03-10 18:06:19.725 UTC: 	 Found proxy file /afs/cern.ch/user/a/achhetri/x509up_u94350
DEBUG 2021-03-10 18:06:19.725 UTC: 	 Getting proxy life time left
DEBUG 2021-03-10 18:06:20.433 UTC: 	 Executing : 
 command : voms-proxy-info -file /afs/cern.ch/user/a/achhetri/x509up_u94350 -timeleft
 output : 669223

 error: 
 retcode : 0
DEBUG 2021-03-10 18:06:21.040 UTC: 	 Executing : 
 command : voms-proxy-info -file /afs/cern.ch/user/a/achhetri/x509up_u94350 -actimeleft
 output : 669221

 error: 
 retcode : 0
DEBUG 2021-03-10 18:06:21.040 UTC: 	 Proxy lifetime 669223 secs is different from voms extension lifetime 669221 secs for proxy: /afs/cern.ch/user/a/achhetri/x509up_u94350
DEBUG 2021-03-10 18:06:21.040 UTC: 	 Proxy valid for 185:53:41 hours
DEBUG 2021-03-10 18:06:21.648 UTC: 	 Executing : 
 command : env X509_USER_PROXY=/afs/cern.ch/user/a/achhetri/x509up_u94350 voms-proxy-info -fqan
 output : /cms/Role=NULL/Capability=NULL

 error: 
 retcode : 0
DEBUG 2021-03-10 18:06:21.690 UTC: 	 Registering user credentials for server /DC=ch/DC=cern/OU=computers/CN=vocms0105.cern.ch|/DC=ch/DC=cern/OU=computers/CN=crab-(preprod|prod|dev)-tw(02|01).cern.ch|/DC=ch/DC=cern/OU=computers/CN=(ddi|ddidk|mytw).cern.ch|/DC=ch/DC=cern/OU=computers/CN=stefanov(m|m2).cern.ch
DEBUG 2021-03-10 18:06:22.303 UTC: 	 Executing : 
 command : voms-proxy-info -file /afs/cern.ch/user/a/achhetri/x509up_u94350 -identity
 output : /DC=ch/DC=cern/OU=Organic Units/OU=Users/CN=achhetri/CN=804540/CN=Arjun Chhetri

 error: 
 retcode : 0
DEBUG 2021-03-10 18:06:22.311 UTC: 	 Getting myproxy life time left for myproxy.cern.ch
DEBUG 2021-03-10 18:06:22.312 UTC: 	 using eb0e67adc2dd9eb1770413a4ffd073f562b86f05 as credential login name
DEBUG 2021-03-10 18:06:22.619 UTC: 	 Executing : 
 command : myproxy-info -l eb0e67adc2dd9eb1770413a4ffd073f562b86f05 -s myproxy.cern.ch
 output : username: eb0e67adc2dd9eb1770413a4ffd073f562b86f05
owner: /DC=ch/DC=cern/OU=Organic Units/OU=Users/CN=achhetri/CN=804540/CN=Arjun Chhetri
  renewal policy: /DC=ch/DC=cern/OU=computers/CN=vocms0105.cern.ch|/DC=ch/DC=cern/OU=computers/CN=crab-(preprod|prod|dev)-tw(02|01).cern.ch|/DC=ch/DC=cern/OU=computers/CN=(ddi|ddidk|mytw).cern.ch|/DC=ch/DC=cern/OU=computers/CN=stefanov(m|m2).cern.ch
  trusted retrieval policy: /DC=ch/DC=cern/OU=computers/CN=vocms0105.cern.ch|/DC=ch/DC=cern/OU=computers/CN=crab-(preprod|prod|dev)-tw(02|01).cern.ch|/DC=ch/DC=cern/OU=computers/CN=(ddi|ddidk|mytw).cern.ch|/DC=ch/DC=cern/OU=computers/CN=stefanov(m|m2).cern.ch
  timeleft: 689:47:47  (28.7 days)

 error: 
 retcode : 0
DEBUG 2021-03-10 18:06:22.619 UTC: 	 Myproxy is valid: 2483267
DEBUG 2021-03-10 18:06:22.620 UTC: 	 Retrieving username ...
DEBUG 2021-03-10 18:06:22.620 UTC: 	 Retrieving username from CRIC...
DEBUG 2021-03-10 18:06:23.385 UTC: 	 username is achhetri
DEBUG 2021-03-10 18:06:23.392 UTC: 	 Getting myproxy life time left for myproxy.cern.ch
DEBUG 2021-03-10 18:06:23.393 UTC: 	 using achhetri_CRAB as credential login name
DEBUG 2021-03-10 18:06:23.697 UTC: 	 Executing : 
 command : myproxy-info -l achhetri_CRAB -s myproxy.cern.ch
 output : username: achhetri_CRAB
owner: /DC=ch/DC=cern/OU=Organic Units/OU=Users/CN=achhetri/CN=804540/CN=Arjun Chhetri
  renewal policy: /DC=ch/DC=cern/OU=computers/CN=vocms0105.cern.ch|/DC=ch/DC=cern/OU=computers/CN=crab-(preprod|prod|dev)-tw(02|01).cern.ch|/DC=ch/DC=cern/OU=computers/CN=(ddi|ddidk|mytw).cern.ch|/DC=ch/DC=cern/OU=computers/CN=stefanov(m|m2).cern.ch
  trusted retrieval policy: /DC=ch/DC=cern/OU=computers/CN=vocms0105.cern.ch|/DC=ch/DC=cern/OU=computers/CN=crab-(preprod|prod|dev)-tw(02|01).cern.ch|/DC=ch/DC=cern/OU=computers/CN=(ddi|ddidk|mytw).cern.ch|/DC=ch/DC=cern/OU=computers/CN=stefanov(m|m2).cern.ch
  timeleft: 326:45:17  (13.6 days)

 error: 
 retcode : 0
DEBUG 2021-03-10 18:06:23.698 UTC: 	 Myproxy is valid: 1176317
DEBUG 2021-03-10 18:06:23.804 UTC: 	 Executing : 
 command : openssl x509 -noout -in ~/.globus/usercert.pem -dates
 output : notBefore=Nov 11 12:18:59 2020 GMT
notAfter=Dec 16 12:18:59 2021 GMT

 error: 
 retcode : 0
DEBUG 2021-03-10 18:06:23.805 UTC: 	 Delegating a myproxy for 720:00 hours
DEBUG 2021-03-10 18:06:23.805 UTC: 	 using achhetri_CRAB as credential login name
DEBUG 2021-03-10 18:06:23.910 UTC: 	 Executing : 
 command : export GT_PROXY_MODE=rfc ; myproxy-init -d -n -s myproxy.cern.ch -x -R '/DC=ch/DC=cern/OU=computers/CN=vocms0105.cern.ch|/DC=ch/DC=cern/OU=computers/CN=crab-(preprod|prod|dev)-tw(02|01).cern.ch|/DC=ch/DC=cern/OU=computers/CN=(ddi|ddidk|mytw).cern.ch|/DC=ch/DC=cern/OU=computers/CN=stefanov(m|m2).cern.ch' -x -Z '/DC=ch/DC=cern/OU=computers/CN=vocms0105.cern.ch|/DC=ch/DC=cern/OU=computers/CN=crab-(preprod|prod|dev)-tw(02|01).cern.ch|/DC=ch/DC=cern/OU=computers/CN=(ddi|ddidk|mytw).cern.ch|/DC=ch/DC=cern/OU=computers/CN=stefanov(m|m2).cern.ch' -l 'achhetri_CRAB' -t 168:00 -c 720:00
 output : Your identity: /DC=ch/DC=cern/OU=Organic Units/OU=Users/CN=achhetri/CN=804540/CN=Arjun Chhetri

 error: Error: Couldn't read user key in /afs/cern.ch/user/a/achhetri/.globus/userkey.pem.
Use -debug for further information.
grid-proxy-init failed

 retcode : 1
DEBUG 2021-03-10 18:06:23.911 UTC: 	 using achhetri_CRAB as credential login name
DEBUG 2021-03-10 18:06:24.216 UTC: 	 Executing : 
 command : myproxy-info -l achhetri_CRAB -s myproxy.cern.ch
 output : username: achhetri_CRAB
owner: /DC=ch/DC=cern/OU=Organic Units/OU=Users/CN=achhetri/CN=804540/CN=Arjun Chhetri
  renewal policy: /DC=ch/DC=cern/OU=computers/CN=vocms0105.cern.ch|/DC=ch/DC=cern/OU=computers/CN=crab-(preprod|prod|dev)-tw(02|01).cern.ch|/DC=ch/DC=cern/OU=computers/CN=(ddi|ddidk|mytw).cern.ch|/DC=ch/DC=cern/OU=computers/CN=stefanov(m|m2).cern.ch
  trusted retrieval policy: /DC=ch/DC=cern/OU=computers/CN=vocms0105.cern.ch|/DC=ch/DC=cern/OU=computers/CN=crab-(preprod|prod|dev)-tw(02|01).cern.ch|/DC=ch/DC=cern/OU=computers/CN=(ddi|ddidk|mytw).cern.ch|/DC=ch/DC=cern/OU=computers/CN=stefanov(m|m2).cern.ch
  timeleft: 326:45:16  (13.6 days)

 error: 
 retcode : 0
DEBUG 2021-03-10 18:06:24.217 UTC: 	 My-proxy delegated.
DEBUG 2021-03-10 18:06:24.217 UTC: 	 Result of myproxy credential check:
  Credential exists on myproxy: username: eb0e67adc2dd9eb1770413a4ffd073f562b86f05  - validity: 28 days, 17:47:47
  Credential exists on myproxy: username: achhetri_CRAB  - validity: 13 days, 14:45:16
DEBUG 2021-03-10 18:06:24.217 UTC: 	 Command use: submit
DEBUG 2021-03-10 18:06:24.217 UTC: 	 Options use: ['--config', <WMCore.Configuration.Configuration object at 0x7f470fba4bd0>]
DEBUG 2021-03-10 18:06:24.324 UTC: 	 CRABClient version: v3.201110
DEBUG 2021-03-10 18:06:24.324 UTC: 	 Instance is prod
DEBUG 2021-03-10 18:06:24.324 UTC: 	 Server base url is cmsweb-k8s-prod.cern.ch
DEBUG 2021-03-10 18:06:24.325 UTC: 	 Command url /crabserver/prod/workflow
DEBUG 2021-03-10 18:06:24.325 UTC: 	 Started submission
DEBUG 2021-03-10 18:06:24.325 UTC: 	 Working on /afs/cern.ch/work/a/achhetri/NANO_AOD/CMSSW_10_6_8/src/WTopScalefactorProducer/Skimmer/NANOcrab/crab_Tprime_v5_NANo_AOD_106X/crab_QCD_Pt800to1000_v2
DEBUG 2021-03-10 18:06:24.432 UTC: 	 Loading required information from the environment
DEBUG 2021-03-10 18:06:24.432 UTC: 	 Found CMSSW_10_6_8 for slc7_amd64_gcc700 with base /afs/cern.ch/work/a/achhetri/NANO_AOD/CMSSW_10_6_8
DEBUG 2021-03-10 18:06:24.432 UTC: 	 Loading required information from the environment
DEBUG 2021-03-10 18:06:24.432 UTC: 	 Found CMSSW_10_6_8 for slc7_amd64_gcc700 with base /afs/cern.ch/work/a/achhetri/NANO_AOD/CMSSW_10_6_8
DEBUG 2021-03-10 18:06:24.432 UTC: 	 UNIQUE NAME: tarUUID fff096c3-df81-461c-a7e6-06ce0cb2a1f8 
DEBUG 2021-03-10 18:06:24.433 UTC: 	 self.config: from WMCore.Configuration import Configuration
config = Configuration()
config.section_('General')
config.General.transferLogs = True
config.General.workArea = 'crab_Tprime_v5_NANo_AOD_106X'
config.General.requestName = 'QCD_Pt800to1000_v2'
config.section_('JobType')
config.JobType.scriptExe = 'crab_script_Tprime.sh'
config.JobType.pluginName = 'Analysis'
config.JobType.sendPythonFolder = True
config.JobType.allowUndistributedCMSSW = True
config.JobType.psetName = 'PSet.py'
config.JobType.inputFiles = ['TprimeBToTH_LH_RunIISummer19UL16_Skimmer.py', 'keep_and_drop_v1.txt', '../../../PhysicsTools/NanoAODTools/scripts/haddnano.py']
config.section_('Data')
config.Data.inputDataset = '/QCD_Pt-800to1000_MuEnrichedPt5_TuneCP5_13TeV_pythia8/RunIISummer19UL17NanoAODv2-106X_mc2017_realistic_v8-v1/NANOAODSIM'
config.Data.outputDatasetTag = 'QCD_Pt800to1000_v2'
config.Data.publication = False
config.Data.unitsPerJob = 1
config.Data.inputDBS = 'global'
config.Data.splitting = 'FileBased'
config.Data.outLFNDirBase = '/store/user/achhetri/Tprime_v5_NANo_AOD_106X'
config.Data.totalUnits = 29
config.section_('Site')
config.Site.storageSite = 'T3_CH_CERNBOX'
config.section_('User')
config.section_('Debug')

DEBUG 2021-03-10 18:06:24.433 UTC: 	 self.config.JobType.psetName: PSet.py
INFO 2021-03-10 18:06:24.433 UTC: 	 Importing CMSSW configuration PSet.py
INFO 2021-03-10 18:06:24.433 UTC: 	 Finished importing CMSSW configuration PSet.py
DEBUG 2021-03-10 18:06:24.433 UTC: 	 Writing CMSSW configuration to /afs/cern.ch/work/a/achhetri/NANO_AOD/CMSSW_10_6_8/src/WTopScalefactorProducer/Skimmer/NANOcrab/crab_Tprime_v5_NANo_AOD_106X/crab_QCD_Pt800to1000_v2/inputs/PSet.py
DEBUG 2021-03-10 18:06:24.443 UTC: 	 The following EDM output files will be collected: ['tree.root']
DEBUG 2021-03-10 18:06:24.443 UTC: 	 The following TFile output files will be collected: []
DEBUG 2021-03-10 18:06:24.443 UTC: 	 The following user output files (not listed as PoolOuputModule or TFileService in the CMSSW PSet) will be collected: 
DEBUG 2021-03-10 18:06:24.443 UTC: 	 Loading required information from the environment
DEBUG 2021-03-10 18:06:24.443 UTC: 	 Found CMSSW_10_6_8 for slc7_amd64_gcc700 with base /afs/cern.ch/work/a/achhetri/NANO_AOD/CMSSW_10_6_8
DEBUG 2021-03-10 18:06:24.443 UTC: 	 Making tarball in /afs/cern.ch/work/a/achhetri/NANO_AOD/CMSSW_10_6_8/src/WTopScalefactorProducer/Skimmer/NANOcrab/crab_Tprime_v5_NANo_AOD_106X/crab_QCD_Pt800to1000_v2/inputs/fff096c3-df81-461c-a7e6-06ce0cb2a1f8default.tgz
DEBUG 2021-03-10 18:06:24.444 UTC: 	 Checking directory /afs/cern.ch/work/a/achhetri/NANO_AOD/CMSSW_10_6_8/lib
DEBUG 2021-03-10 18:06:24.444 UTC: 	 Adding directory /afs/cern.ch/work/a/achhetri/NANO_AOD/CMSSW_10_6_8/lib to tarball
DEBUG 2021-03-10 18:06:24.551 UTC: 	 Checking directory /afs/cern.ch/work/a/achhetri/NANO_AOD/CMSSW_10_6_8/biglib
DEBUG 2021-03-10 18:06:24.551 UTC: 	 Adding directory /afs/cern.ch/work/a/achhetri/NANO_AOD/CMSSW_10_6_8/biglib to tarball
DEBUG 2021-03-10 18:06:24.552 UTC: 	 Checking directory /afs/cern.ch/work/a/achhetri/NANO_AOD/CMSSW_10_6_8/module
DEBUG 2021-03-10 18:06:24.552 UTC: 	 Checking directory /afs/cern.ch/work/a/achhetri/NANO_AOD/CMSSW_10_6_8/python
DEBUG 2021-03-10 18:06:24.552 UTC: 	 Adding directory /afs/cern.ch/work/a/achhetri/NANO_AOD/CMSSW_10_6_8/python to tarball
DEBUG 2021-03-10 18:06:26.121 UTC: 	 Checking directory /afs/cern.ch/work/a/achhetri/NANO_AOD/CMSSW_10_6_8/cfipython
DEBUG 2021-03-10 18:06:26.122 UTC: 	 Adding directory /afs/cern.ch/work/a/achhetri/NANO_AOD/CMSSW_10_6_8/cfipython to tarball
DEBUG 2021-03-10 18:06:26.173 UTC: 	 Adding data directory /afs/cern.ch/work/a/achhetri/NANO_AOD/CMSSW_10_6_8/src/PhysicsTools/NanoAODTools/data to tarball
DEBUG 2021-03-10 18:06:36.010 UTC: 	 Adding data directory /afs/cern.ch/work/a/achhetri/NANO_AOD/CMSSW_10_6_8/src/PhysicsTools/NanoAODTools/interface to tarball
DEBUG 2021-03-10 18:06:36.015 UTC: 	 Adding data directory /afs/cern.ch/work/a/achhetri/NANO_AOD/CMSSW_10_6_8/src/PhysicsTools/NanoAODTools/python/postprocessing/data to tarball
DEBUG 2021-03-10 18:06:43.322 UTC: 	 Adding file TprimeBToTH_LH_RunIISummer19UL16_Skimmer.py to tarball
DEBUG 2021-03-10 18:06:43.323 UTC: 	 Adding file keep_and_drop_v1.txt to tarball
DEBUG 2021-03-10 18:06:43.323 UTC: 	 Adding file ../../../PhysicsTools/NanoAODTools/scripts/haddnano.py to tarball
DEBUG 2021-03-10 18:06:47.511 UTC: 	 Uploading archive /afs/cern.ch/work/a/achhetri/NANO_AOD/CMSSW_10_6_8/src/WTopScalefactorProducer/Skimmer/NANOcrab/crab_Tprime_v5_NANo_AOD_106X/crab_QCD_Pt800to1000_v2/inputs/fff096c3-df81-461c-a7e6-06ce0cb2a1f8default.tgz (55 MB) to the CRAB cache. Using URI https://cmsweb.cern.ch:8443/crabcache
DEBUG 2021-03-10 18:07:31.583 UTC: 	 Loading required information from the environment
DEBUG 2021-03-10 18:07:31.583 UTC: 	 Found CMSSW_10_6_8 for slc7_amd64_gcc700 with base /afs/cern.ch/work/a/achhetri/NANO_AOD/CMSSW_10_6_8
DEBUG 2021-03-10 18:07:31.583 UTC: 	 Making tarball in /afs/cern.ch/work/a/achhetri/NANO_AOD/CMSSW_10_6_8/src/WTopScalefactorProducer/Skimmer/NANOcrab/crab_Tprime_v5_NANo_AOD_106X/crab_QCD_Pt800to1000_v2/inputs/debugFiles.tgz
DEBUG 2021-03-10 18:07:31.590 UTC: 	 Uploading archive /afs/cern.ch/work/a/achhetri/NANO_AOD/CMSSW_10_6_8/src/WTopScalefactorProducer/Skimmer/NANOcrab/crab_Tprime_v5_NANo_AOD_106X/crab_QCD_Pt800to1000_v2/inputs/debugFiles.tgz (1 KB) to the CRAB cache. Using URI https://cmsweb.cern.ch:8443/crabcache
DEBUG 2021-03-10 18:07:31.638 UTC: 	 Result uploading input files: c29edb9fb60c309f0cb5765582b0749acc12040e1e10f94e161f75dc89f31141.tar.gz 
INFO 2021-03-10 18:07:31.639 UTC: 	 Sending the request to the server at cmsweb-k8s-prod.cern.ch
DEBUG 2021-03-10 18:07:31.639 UTC: 	 Submitting {'maxjobruntime': 1250, 'extrajdl': [], 'lfn': '/store/user/achhetri/Tprime_v5_NANo_AOD_106X', 'savelogsflag': 1, 'useparent': 0, 'scriptexe': 'crab_script_Tprime.sh', 'asyncdest': 'T3_CH_CERNBOX', 'algoargs': 1, 'cachefilename': 'c29edb9fb60c309f0cb5765582b0749acc12040e1e10f94e161f75dc89f31141.tar.gz', 'numcores': 1, 'addoutputfiles': [], 'generator': 'pythia', 'maxmemory': 2000, 'publishdbsurl': 'https://cmsweb.cern.ch/dbs/prod/phys03/DBSWriter', 'priority': 10, 'jobsw': 'CMSSW_10_6_8', 'edmoutfiles': ['tree.root'], 'userfiles': [], 'primarydataset': '', 'inputdata': '/QCD_Pt-800to1000_MuEnrichedPt5_TuneCP5_13TeV_pythia8/RunIISummer19UL17NanoAODv2-106X_mc2017_realistic_v8-v1/NANOAODSIM', 'ignorelocality': 0, 'dryrun': 0, 'workflow': 'crab_QCD_Pt800to1000_v2', 'cacheurl': u'https://cmsweb.cern.ch:8443/crabcache', 'nonprodsw': 1, 'tfileoutfiles': [], 'oneEventMode': 0, 'debugfilename': '7fa140132bb395873b4f70f87804e57d3a698b3c153c668fbdff00612f88462b.tar.gz', 'saveoutput': 1, 'publication': 0, 'jobarch': 'slc7_amd64_gcc700', 'totalunits': 29, 'splitalgo': 'FileBased', 'ignoreglobalblacklist': 0, 'nonvaliddata': 0, 'dbsurl': 'https://cmsweb.cern.ch/dbs/prod/global/DBSReader', 'publishgroupname': 0, 'jobtype': 'Analysis', 'publishname2': 'QCD_Pt800to1000_v2'} 
DEBUG 2021-03-10 18:07:31.639 UTC: 	 Encoded submit request: maxjobruntime=1250&lfn=%2Fstore%2Fuser%2Fachhetri%2FTprime_v5_NANo_AOD_106X&savelogsflag=1&useparent=0&scriptexe=crab_script_Tprime.sh&asyncdest=T3_CH_CERNBOX&algoargs=1&cachefilename=c29edb9fb60c309f0cb5765582b0749acc12040e1e10f94e161f75dc89f31141.tar.gz&numcores=1&generator=pythia&maxmemory=2000&publishdbsurl=https%3A%2F%2Fcmsweb.cern.ch%2Fdbs%2Fprod%2Fphys03%2FDBSWriter&priority=10&jobsw=CMSSW_10_6_8&primarydataset=&inputdata=%2FQCD_Pt-800to1000_MuEnrichedPt5_TuneCP5_13TeV_pythia8%2FRunIISummer19UL17NanoAODv2-106X_mc2017_realistic_v8-v1%2FNANOAODSIM&ignorelocality=0&dryrun=0&workflow=crab_QCD_Pt800to1000_v2&cacheurl=https%3A%2F%2Fcmsweb.cern.ch%3A8443%2Fcrabcache&nonprodsw=1&oneEventMode=0&debugfilename=7fa140132bb395873b4f70f87804e57d3a698b3c153c668fbdff00612f88462b.tar.gz&saveoutput=1&publication=0&jobarch=slc7_amd64_gcc700&totalunits=29&splitalgo=FileBased&ignoreglobalblacklist=0&nonvaliddata=0&dbsurl=https%3A%2F%2Fcmsweb.cern.ch%2Fdbs%2Fprod%2Fglobal%2FDBSReader&publishgroupname=0&jobtype=Analysis&publishname2=QCD_Pt800to1000_v2&edmoutfiles=tree.root
DEBUG 2021-03-10 18:07:31.755 UTC: 	 Result: {u'result': [{u'RequestName': u'210310_180731:achhetri_crab_QCD_Pt800to1000_v2'}]}
INFO 2021-03-10 18:07:31.758 UTC: 	 Success: Your task has been delivered to the prod CRAB3 server.
INFO 2021-03-10 18:07:31.758 UTC: 	 Task name: 210310_180731:achhetri_crab_QCD_Pt800to1000_v2
INFO 2021-03-10 18:07:31.758 UTC: 	 Project dir: crab_Tprime_v5_NANo_AOD_106X/crab_QCD_Pt800to1000_v2
INFO 2021-03-10 18:07:31.758 UTC: 	 Please use ' crab status -d crab_Tprime_v5_NANo_AOD_106X/crab_QCD_Pt800to1000_v2 ' to check how the submission process proceeds.
DEBUG 2021-03-10 18:07:31.758 UTC: 	 About to return
DEBUG 2021-03-16 06:56:12.942 UTC: 	 CRAB Client version: v3.201110
DEBUG 2021-03-16 06:56:12.943 UTC: 	 Running on: Linux lxplus700.cern.ch 3.10.0-1160.15.2.el7.x86_64 #1 SMP Wed Feb 3 15:06:38 UTC 2021 x86_64 x86_64 x86_64 GNU/Linux - CentOS Linux 7 (Core)
DEBUG 2021-03-16 06:56:12.943 UTC: 	 Executing command: 'status'
DEBUG 2021-03-16 06:56:12.943 UTC: 	 Found CRAB cache file /afs/cern.ch/user/a/achhetri/.crab3
DEBUG 2021-03-16 06:56:13.057 UTC: 	 Checking credentials
DEBUG 2021-03-16 06:56:13.058 UTC: 	 Found proxy file /afs/cern.ch/user/a/achhetri/x509up_u94350
DEBUG 2021-03-16 06:56:13.058 UTC: 	 Getting proxy life time left
DEBUG 2021-03-16 06:56:13.662 UTC: 	 Executing : 
 command : voms-proxy-info -file /afs/cern.ch/user/a/achhetri/x509up_u94350 -timeleft
 output : 687243

 error: 
 retcode : 0
DEBUG 2021-03-16 06:56:14.268 UTC: 	 Executing : 
 command : voms-proxy-info -file /afs/cern.ch/user/a/achhetri/x509up_u94350 -actimeleft
 output : 687242

 error: 
 retcode : 0
DEBUG 2021-03-16 06:56:14.268 UTC: 	 Proxy lifetime 687243 secs is different from voms extension lifetime 687242 secs for proxy: /afs/cern.ch/user/a/achhetri/x509up_u94350
DEBUG 2021-03-16 06:56:14.268 UTC: 	 Proxy valid for 190:54:02 hours
DEBUG 2021-03-16 06:56:14.378 UTC: 	 Registering user credentials for server /DC=ch/DC=cern/OU=computers/CN=vocms0105.cern.ch|/DC=ch/DC=cern/OU=computers/CN=crab-(preprod|prod|dev)-tw(02|01).cern.ch|/DC=ch/DC=cern/OU=computers/CN=(ddi|ddidk|mytw).cern.ch|/DC=ch/DC=cern/OU=computers/CN=stefanov(m|m2).cern.ch
DEBUG 2021-03-16 06:56:14.989 UTC: 	 Executing : 
 command : voms-proxy-info -file /afs/cern.ch/user/a/achhetri/x509up_u94350 -identity
 output : /DC=ch/DC=cern/OU=Organic Units/OU=Users/CN=achhetri/CN=804540/CN=Arjun Chhetri

 error: 
 retcode : 0
DEBUG 2021-03-16 06:56:14.995 UTC: 	 Getting myproxy life time left for myproxy.cern.ch
DEBUG 2021-03-16 06:56:14.995 UTC: 	 using eb0e67adc2dd9eb1770413a4ffd073f562b86f05 as credential login name
DEBUG 2021-03-16 06:56:15.399 UTC: 	 Executing : 
 command : myproxy-info -l eb0e67adc2dd9eb1770413a4ffd073f562b86f05 -s myproxy.cern.ch
 output : username: eb0e67adc2dd9eb1770413a4ffd073f562b86f05
owner: /DC=ch/DC=cern/OU=Organic Units/OU=Users/CN=achhetri/CN=804540/CN=Arjun Chhetri
  renewal policy: /DC=ch/DC=cern/OU=computers/CN=vocms0105.cern.ch|/DC=ch/DC=cern/OU=computers/CN=crab-(preprod|prod|dev)-tw(02|01).cern.ch|/DC=ch/DC=cern/OU=computers/CN=(ddi|ddidk|mytw).cern.ch|/DC=ch/DC=cern/OU=computers/CN=stefanov(m|m2).cern.ch
  trusted retrieval policy: /DC=ch/DC=cern/OU=computers/CN=vocms0105.cern.ch|/DC=ch/DC=cern/OU=computers/CN=crab-(preprod|prod|dev)-tw(02|01).cern.ch|/DC=ch/DC=cern/OU=computers/CN=(ddi|ddidk|mytw).cern.ch|/DC=ch/DC=cern/OU=computers/CN=stefanov(m|m2).cern.ch
  timeleft: 556:57:54  (23.2 days)

 error: 
 retcode : 0
DEBUG 2021-03-16 06:56:15.401 UTC: 	 Myproxy is valid: 2005074
DEBUG 2021-03-16 06:56:15.401 UTC: 	 Retrieving username ...
DEBUG 2021-03-16 06:56:15.401 UTC: 	 Retrieving username from CRIC...
DEBUG 2021-03-16 06:56:16.569 UTC: 	 username is achhetri
DEBUG 2021-03-16 06:56:16.574 UTC: 	 Getting myproxy life time left for myproxy.cern.ch
DEBUG 2021-03-16 06:56:16.575 UTC: 	 using achhetri_CRAB as credential login name
DEBUG 2021-03-16 06:56:16.878 UTC: 	 Executing : 
 command : myproxy-info -l achhetri_CRAB -s myproxy.cern.ch
 output : username: achhetri_CRAB
owner: /DC=ch/DC=cern/OU=Organic Units/OU=Users/CN=achhetri/CN=804540/CN=Arjun Chhetri
  renewal policy: /DC=ch/DC=cern/OU=computers/CN=vocms0105.cern.ch|/DC=ch/DC=cern/OU=computers/CN=crab-(preprod|prod|dev)-tw(02|01).cern.ch|/DC=ch/DC=cern/OU=computers/CN=(ddi|ddidk|mytw).cern.ch|/DC=ch/DC=cern/OU=computers/CN=stefanov(m|m2).cern.ch
  trusted retrieval policy: /DC=ch/DC=cern/OU=computers/CN=vocms0105.cern.ch|/DC=ch/DC=cern/OU=computers/CN=crab-(preprod|prod|dev)-tw(02|01).cern.ch|/DC=ch/DC=cern/OU=computers/CN=(ddi|ddidk|mytw).cern.ch|/DC=ch/DC=cern/OU=computers/CN=stefanov(m|m2).cern.ch
  timeleft: 193:55:24  (8.1 days)

 error: 
 retcode : 0
DEBUG 2021-03-16 06:56:16.879 UTC: 	 Myproxy is valid: 698124
DEBUG 2021-03-16 06:56:16.983 UTC: 	 Executing : 
 command : openssl x509 -noout -in ~/.globus/usercert.pem -dates
 output : notBefore=Nov 11 12:18:59 2020 GMT
notAfter=Dec 16 12:18:59 2021 GMT

 error: 
 retcode : 0
DEBUG 2021-03-16 06:56:16.988 UTC: 	 Delegating a myproxy for 720:00 hours
DEBUG 2021-03-16 06:56:16.988 UTC: 	 using achhetri_CRAB as credential login name
DEBUG 2021-03-16 06:56:18.194 UTC: 	 Executing : 
 command : export GT_PROXY_MODE=rfc ; myproxy-init -d -n -s myproxy.cern.ch -x -R '/DC=ch/DC=cern/OU=computers/CN=vocms0105.cern.ch|/DC=ch/DC=cern/OU=computers/CN=crab-(preprod|prod|dev)-tw(02|01).cern.ch|/DC=ch/DC=cern/OU=computers/CN=(ddi|ddidk|mytw).cern.ch|/DC=ch/DC=cern/OU=computers/CN=stefanov(m|m2).cern.ch' -x -Z '/DC=ch/DC=cern/OU=computers/CN=vocms0105.cern.ch|/DC=ch/DC=cern/OU=computers/CN=crab-(preprod|prod|dev)-tw(02|01).cern.ch|/DC=ch/DC=cern/OU=computers/CN=(ddi|ddidk|mytw).cern.ch|/DC=ch/DC=cern/OU=computers/CN=stefanov(m|m2).cern.ch' -l 'achhetri_CRAB' -t 168:00 -c 720:00
 output : Your identity: /DC=ch/DC=cern/OU=Organic Units/OU=Users/CN=achhetri/CN=804540/CN=Arjun Chhetri

 error: Error: Couldn't read user key in /afs/cern.ch/user/a/achhetri/.globus/userkey.pem.
Use -debug for further information.
grid-proxy-init failed

 retcode : 1
DEBUG 2021-03-16 06:56:18.195 UTC: 	 using achhetri_CRAB as credential login name
DEBUG 2021-03-16 06:56:18.499 UTC: 	 Executing : 
 command : myproxy-info -l achhetri_CRAB -s myproxy.cern.ch
 output : username: achhetri_CRAB
owner: /DC=ch/DC=cern/OU=Organic Units/OU=Users/CN=achhetri/CN=804540/CN=Arjun Chhetri
  renewal policy: /DC=ch/DC=cern/OU=computers/CN=vocms0105.cern.ch|/DC=ch/DC=cern/OU=computers/CN=crab-(preprod|prod|dev)-tw(02|01).cern.ch|/DC=ch/DC=cern/OU=computers/CN=(ddi|ddidk|mytw).cern.ch|/DC=ch/DC=cern/OU=computers/CN=stefanov(m|m2).cern.ch
  trusted retrieval policy: /DC=ch/DC=cern/OU=computers/CN=vocms0105.cern.ch|/DC=ch/DC=cern/OU=computers/CN=crab-(preprod|prod|dev)-tw(02|01).cern.ch|/DC=ch/DC=cern/OU=computers/CN=(ddi|ddidk|mytw).cern.ch|/DC=ch/DC=cern/OU=computers/CN=stefanov(m|m2).cern.ch
  timeleft: 193:55:22  (8.1 days)

 error: 
 retcode : 0
DEBUG 2021-03-16 06:56:18.499 UTC: 	 My-proxy delegated.
DEBUG 2021-03-16 06:56:18.499 UTC: 	 Result of myproxy credential check:
  Credential exists on myproxy: username: eb0e67adc2dd9eb1770413a4ffd073f562b86f05  - validity: 23 days, 4:57:54
  Credential exists on myproxy: username: achhetri_CRAB  - validity: 8 days, 1:55:22
DEBUG 2021-03-16 06:56:18.500 UTC: 	 Command use: status
DEBUG 2021-03-16 06:56:18.500 UTC: 	 Options use: ['-d', 'crab_Tprime_v5_NANo_AOD_106X/crab_QCD_Pt800to1000_v2/']
DEBUG 2021-03-16 06:56:18.546 UTC: 	 CRABClient version: v3.201110
DEBUG 2021-03-16 06:56:18.546 UTC: 	 Instance is prod
DEBUG 2021-03-16 06:56:18.546 UTC: 	 Server base url is cmsweb-k8s-prod.cern.ch
DEBUG 2021-03-16 06:56:18.546 UTC: 	 Command url /crabserver/prod/workflow
DEBUG 2021-03-16 06:56:18.623 UTC: 	 Got information from server oracle database: {u'result': [u'210310_180731:achhetri_crab_QCD_Pt800to1000_v2', u'None', u'None', u'SUBMITTED', u'SUBMIT', u'2021-03-10 18:07:31.719838', u'None', u'2021-03-10 18:08:31.727487', u'None', u'CMSSW_10_6_8', u'slc7_amd64_gcc700', u'/QCD_Pt-800to1000_MuEnrichedPt5_TuneCP5_13TeV_pythia8/RunIISummer19UL17NanoAODv2-106X_mc2017_realistic_v8-v1/NANOAODSIM', u'F', u'0', u'[]', u'[]', u'FileBased', u"{'splitOnRun': False, 'halt_job_on_file_boundaries': False, 'files_per_job': 1, 'runs': [], 'lumis': []}", u'c29edb9fb60c309f0cb5765582b0749acc12040e1e10f94e161f75dc89f31141.tar.gz', u'https://cmsweb.cern.ch:8443/crabcache', u'achhetri', u'/DC=ch/DC=cern/OU=Organic Units/OU=Users/CN=achhetri/CN=804540/CN=Arjun Chhetri', u'cms', u'None', u'None', u'QCD_Pt800to1000_v2-00000000000000000000000000000000', u'F', u'T3_CH_CERNBOX', u'https://cmsweb.cern.ch/dbs/prod/global/DBSReader', u'https://cmsweb.cern.ch/dbs/prod/phys03/DBSWriter', u'F', u'[]', u'[]', u"['tree.root']", u'Analysis', u'pythia', u'None', u'{}', u'[]', u'T', u'crab-prod-tw01', u'[]', u'1250', u'1', u'2000', u'10', u"['/QCD_Pt-800to1000_MuEnrichedPt5_TuneCP5_13TeV_pythia8/achhetri-QCD_Pt800to1000_v2-5d8f93ee2ba2db6b402c7167473e2950/USER']", u'[]', u'http://vocms0119.cern.ch/mon/cms341/210310_180731:achhetri_crab_QCD_Pt800to1000_v2', u'crab_script_Tprime.sh', u'[]', u'[]', u'https://cmsweb.cern.ch/crabserver/prod', u'cmsgwms-collector-global.cern.ch:9620,cmsgwms-collector-global.fnal.gov', u'crab3@vocms0119.cern.ch', u'F', u'[]', u'T', u'/store/user/achhetri/Tprime_v5_NANo_AOD_106X', u'F', u'None', u'F', u'None', u'QCD_Pt-800to1000_MuEnrichedPt5_TuneCP5_13TeV_pythia8', u'None', u'7fa140132bb395873b4f70f87804e57d3a698b3c153c668fbdff00612f88462b.tar.gz', u'64517537', u'filetransfers', u'F', u'188.185.90.95', u'29.0', u'None'], u'desc': {u'columns': [u'tm_taskname', u'tm_activity', u'panda_jobset_id', u'tm_task_status', u'tm_task_command', u'tm_start_time', u'tm_start_injection', u'tm_end_injection', u'tm_task_failure', u'tm_job_sw', u'tm_job_arch', u'tm_input_dataset', u'tm_nonvalid_input_dataset', u'tm_use_parent', u'tm_site_whitelist', u'tm_site_blacklist', u'tm_split_algo', u'tm_split_args', u'tm_user_sandbox', u'tm_cache_url', u'tm_username', u'tm_user_dn', u'tm_user_vo', u'tm_user_role', u'tm_user_group', u'tm_publish_name', u'tm_publish_groupname', u'tm_asyncdest', u'tm_dbs_url', u'tm_publish_dbs_url', u'tm_publication', u'tm_outfiles', u'tm_tfile_outfiles', u'tm_edm_outfiles', u'tm_job_type', u'tm_generator', u'tm_events_per_lumi', u'tm_arguments', u'panda_resubmitted_jobs', u'tm_save_logs', u'tw_name', u'tm_user_infiles', u'tm_maxjobruntime', u'tm_numcores', u'tm_maxmemory', u'tm_priority', u'tm_output_dataset', u'tm_task_warnings', u'tm_user_webdir', u'tm_scriptexe', u'tm_scriptargs', u'tm_extrajdl', u'tm_asourl', u'tm_collector', u'tm_schedd', u'tm_dry_run', u'tm_user_files', u'tm_transfer_outputs', u'tm_output_lfn', u'tm_ignore_locality', u'tm_fail_limit', u'tm_one_event_mode', u'tm_secondary_input_dataset', u'tm_primary_dataset', u'tm_last_publication', u'tm_debug_files', u'clusterid', u'tm_asodb', u'tm_ignore_global_blacklist', u'tm_submitter_ip_addr', u'tm_totalunits', u'tm_ddm_reqid']}}
INFO 2021-03-16 06:56:18.623 UTC: 	 CRAB project directory:		/afs/cern.ch/work/a/achhetri/NANO_AOD/CMSSW_10_6_8/src/WTopScalefactorProducer/Skimmer/NANOcrab/crab_Tprime_v5_NANo_AOD_106X/crab_QCD_Pt800to1000_v2
INFO 2021-03-16 06:56:18.623 UTC: 	 Task name:			210310_180731:achhetri_crab_QCD_Pt800to1000_v2
INFO 2021-03-16 06:56:18.623 UTC: 	 Grid scheduler - Task Worker:	crab3@vocms0119.cern.ch - crab-prod-tw01
INFO 2021-03-16 06:56:18.623 UTC: 	 Status on the CRAB server:	SUBMITTED
INFO 2021-03-16 06:56:18.623 UTC: 	 Task URL to use for HELP:	https://cmsweb-k8s-prod.cern.ch/crabserver/ui/task/210310_180731%3Aachhetri_crab_QCD_Pt800to1000_v2
INFO 2021-03-16 06:56:18.624 UTC: 	 Dashboard monitoring URL:	https://monit-grafana.cern.ch/d/cmsTMDetail/cms-task-monitoring-task-view?orgId=11&var-user=achhetri&var-task=210310_180731%3Aachhetri_crab_QCD_Pt800to1000_v2&from=1615396051000&to=now
INFO 2021-03-16 06:56:18.625 UTC: 	 In case of issues with the dashboard, please provide feedback to hn-cms-computing-tools@cern.ch
DEBUG 2021-03-16 06:56:18.625 UTC: 	 The CRAB server submitted your task to the Grid scheduler (cluster ID: 64517537)
DEBUG 2021-03-16 06:56:18.625 UTC: 	 Webdir is located at http://vocms0119.cern.ch/mon/cms341/210310_180731:achhetri_crab_QCD_Pt800to1000_v2
DEBUG 2021-03-16 06:56:18.806 UTC: 	 Proxied webdir is located at https://cmsweb.cern.ch:8443/scheddmon/0119/cms341/210310_180731:achhetri_crab_QCD_Pt800to1000_v2
DEBUG 2021-03-16 06:56:18.806 UTC: 	 Retrieving 'status_cache' file from https://cmsweb.cern.ch:8443/scheddmon/0119/cms341/210310_180731:achhetri_crab_QCD_Pt800to1000_v2/status_cache
DEBUG 2021-03-16 06:56:19.036 UTC: 	 Got information from status cache file: {'24': {'Retries': 0, 'WallDurations': [8.0, 196.2301549911499, 11982.0, 0, 7372.0], 'StartTimes': [1615399896.0, 1615411963.0], 'SubmitTimes': [1615399725.0, -1], 'JobIds': ['64517573.0', '64517573.0'], 'EndTimes': [1615411878.0, 1615419335.0], 'Restarts': 1, 'RecordedSite': True, 'State': 'finished', 'ResidentSetSize': [628452, 750000], 'TotalUserCpuTimeHistory': [8569.0, 15056], 'SiteHistory': ['Unknown', 'T2_BE_IIHE', 'T2_BE_IIHE', 'Unknown', 'T1_RU_JINR'], 'TotalSysCpuTimeHistory': [511.0, 884]}, '25': {'Retries': 0, 'WallDurations': [8.0, 201.2301549911499, 796.0], 'StartTimes': [1615399891.0], 'SubmitTimes': [1615399726.0], 'JobIds': ['64517574.0'], 'EndTimes': [1615400687.0], 'Restarts': 0, 'RecordedSite': True, 'State': 'finished', 'ResidentSetSize': [576872], 'TotalUserCpuTimeHistory': [687], 'SiteHistory': ['Unknown', 'T2_FR_GRIF_LLR', 'T2_FR_GRIF_LLR'], 'TotalSysCpuTimeHistory': [45]}, '26': {'Retries': 0, 'WallDurations': [8.0, 202.2301549911499, 210.0], 'StartTimes': [1615399890.0], 'SubmitTimes': [1615399726.0], 'JobIds': ['64517576.0'], 'EndTimes': [1615400100.0], 'Restarts': 0, 'RecordedSite': True, 'State': 'finished', 'ResidentSetSize': [51724], 'TotalUserCpuTimeHistory': [158], 'SiteHistory': ['Unknown', 'T2_FR_GRIF_LLR', 'T2_FR_GRIF_LLR'], 'TotalSysCpuTimeHistory': [10]}, '27': {'Retries': 0, 'WallDurations': [8.0, 201.2301549911499, 19115.0], 'StartTimes': [1615399891.0], 'SubmitTimes': [1615399726.0], 'JobIds': ['64517575.0'], 'EndTimes': [1615419006.0], 'Restarts': 0, 'RecordedSite': True, 'State': 'finished', 'ResidentSetSize': [659160], 'TotalUserCpuTimeHistory': [11521], 'SiteHistory': ['Unknown', 'T3_UK_London_QMUL', 'T3_UK_London_QMUL'], 'TotalSysCpuTimeHistory': [502]}, '20': {'Retries': 0, 'WallDurations': [9.0, 228.2301549911499, 17990.0], 'StartTimes': [1615399864.0], 'SubmitTimes': [1615399725.0], 'JobIds': ['64517569.0'], 'EndTimes': [1615417854.0], 'Restarts': 0, 'RecordedSite': True, 'State': 'finished', 'ResidentSetSize': [645548], 'TotalUserCpuTimeHistory': [15281], 'SiteHistory': ['Unknown', 'T1_US_FNAL', 'T1_US_FNAL'], 'TotalSysCpuTimeHistory': [1997]}, '21': {'Retries': 1, 'WallDurations': [10.0, 201.2301549911499, 6477.0, 8.0, 2926.0], 'StartTimes': [1615399891.0, 1615408273.0], 'SubmitTimes': [1615399725.0, 1615408243.0], 'JobIds': ['64517571.0', '64522927.0'], 'EndTimes': [1615406368.0, 1615411199.0], 'Restarts': 0, 'RecordedSite': True, 'State': 'finished', 'ResidentSetSize': [623736, 699780], 'TotalUserCpuTimeHistory': [5357, 2791], 'SiteHistory': ['Unknown', 'T2_IT_Bari', 'T2_IT_Bari', 'T1_RU_JINR', 'T1_RU_JINR'], 'TotalSysCpuTimeHistory': [371, 75]}, '22': {'Retries': 1, 'WallDurations': [8.0, 200.2301549911499, 9426.0, 8.0, 262.78520107269287, 6490.0], 'StartTimes': [1615399892.0, 1615411337.0], 'SubmitTimes': [1615399725.0, 1615411190.0], 'JobIds': ['64517570.0', '64523789.0'], 'EndTimes': [1615409318.0, 1615417827.0], 'Restarts': 0, 'RecordedSite': True, 'State': 'finished', 'ResidentSetSize': [650184, 769712], 'TotalUserCpuTimeHistory': [8446, 6180], 'SiteHistory': ['Unknown', 'T2_IT_Bari', 'T2_IT_Bari', 'Unknown', 'T2_US_Florida', 'T2_US_Florida'], 'TotalSysCpuTimeHistory': [543, 161]}, '23': {'Retries': 1, 'WallDurations': [9.0, 200.2301549911499, 10074.0, 9.0, 156.91373896598816, 6871.0], 'StartTimes': [1615399892.0, 1615414175.0], 'SubmitTimes': [1615399725.0, 1615413644.0], 'JobIds': ['64517572.0', '64524439.0'], 'EndTimes': [1615409966.0, 1615421046.0], 'Restarts': 0, 'RecordedSite': True, 'State': 'finished', 'ResidentSetSize': [616000, 620828], 'TotalUserCpuTimeHistory': [8953, 6427], 'SiteHistory': ['Unknown', 'T2_IT_Bari', 'T2_IT_Bari', 'Unknown', 'T1_RU_JINR', 'T1_RU_JINR'], 'TotalSysCpuTimeHistory': [626, 324]}, '28': {'Retries': 1, 'WallDurations': [8.0, 201.2301549911499, 8268.0, 8.0, 170.21239399909973, 17980.0], 'StartTimes': [1615399891.0, 1615410215.0], 'SubmitTimes': [1615399726.0, 1615410031.0], 'JobIds': ['64517577.0', '64523550.0'], 'EndTimes': [1615408159.0, 1615428195.0], 'Restarts': 0, 'RecordedSite': True, 'State': 'finished', 'ResidentSetSize': [666424, 777360], 'TotalUserCpuTimeHistory': [7567, 11601], 'SiteHistory': ['Unknown', 'T2_DE_RWTH', 'T2_DE_RWTH', 'Unknown', 'T2_UK_London_Brunel', 'T2_UK_London_Brunel'], 'TotalSysCpuTimeHistory': [351, 583]}, '29': {'Retries': 0, 'WallDurations': [9.0, 200.2301549911499, 1909.0], 'StartTimes': [1615399892.0], 'SubmitTimes': [1615399726.0], 'JobIds': ['64517578.0'], 'EndTimes': [1615401801.0], 'Restarts': 0, 'RecordedSite': True, 'State': 'finished', 'ResidentSetSize': [591264], 'TotalUserCpuTimeHistory': [1744], 'SiteHistory': ['Unknown', 'T2_DE_RWTH', 'T2_DE_RWTH'], 'TotalSysCpuTimeHistory': [100]}, '1': {'Retries': 0, 'WallDurations': [9.0, 187.2301549911499, 17469.0], 'StartTimes': [1615399905.0], 'SubmitTimes': [1615399723.0], 'JobIds': ['64517550.0'], 'EndTimes': [1615417374.0], 'Restarts': 0, 'RecordedSite': True, 'State': 'finished', 'ResidentSetSize': [674600], 'TotalUserCpuTimeHistory': [2672], 'SiteHistory': ['Unknown', 'T2_UK_SGrid_RALPP', 'T2_UK_SGrid_RALPP'], 'TotalSysCpuTimeHistory': [149]}, '3': {'Retries': 0, 'WallDurations': [8.0, 199.2301549911499, 4325.0], 'StartTimes': [1615399893.0], 'SubmitTimes': [1615399723.0], 'JobIds': ['64517552.0'], 'EndTimes': [1615404218.0], 'Restarts': 0, 'RecordedSite': True, 'State': 'finished', 'ResidentSetSize': [615992], 'TotalUserCpuTimeHistory': [3817], 'SiteHistory': ['Unknown', 'T2_ES_CIEMAT', 'T2_ES_CIEMAT'], 'TotalSysCpuTimeHistory': [383]}, '2': {'Retries': 0, 'WallDurations': [8.0, 196.2301549911499, 1778.0], 'StartTimes': [1615399896.0], 'SubmitTimes': [1615399723.0], 'JobIds': ['64517551.0'], 'EndTimes': [1615401674.0], 'Restarts': 0, 'RecordedSite': True, 'State': 'finished', 'ResidentSetSize': [489272], 'TotalUserCpuTimeHistory': [1617], 'SiteHistory': ['Unknown', 'T2_IT_Legnaro', 'T2_IT_Legnaro'], 'TotalSysCpuTimeHistory': [97]}, '5': {'Retries': 0, 'WallDurations': [9.0, 180.2301549911499, 11368.0], 'StartTimes': [1615399912.0], 'SubmitTimes': [1615399724.0], 'JobIds': ['64517554.0'], 'EndTimes': [1615411280.0], 'Restarts': 0, 'RecordedSite': True, 'State': 'finished', 'ResidentSetSize': [658980], 'TotalUserCpuTimeHistory': [10188], 'SiteHistory': ['Unknown', 'T2_RU_JINR', 'T2_RU_JINR'], 'TotalSysCpuTimeHistory': [519]}, '4': {'Retries': 0, 'WallDurations': [9.0, 197.2301549911499, 782.0], 'StartTimes': [1615399895.0], 'SubmitTimes': [1615399723.0], 'JobIds': ['64517553.0'], 'EndTimes': [1615400677.0], 'Restarts': 0, 'RecordedSite': True, 'State': 'finished', 'ResidentSetSize': [565860], 'TotalUserCpuTimeHistory': [660], 'SiteHistory': ['Unknown', 'T2_RU_JINR', 'T2_RU_JINR'], 'TotalSysCpuTimeHistory': [20]}, '7': {'Retries': 0, 'WallDurations': [9.0, 11072.0], 'StartTimes': [1615399792.0], 'SubmitTimes': [1615399724.0], 'JobIds': ['64517557.0'], 'EndTimes': [1615410864.0], 'Restarts': 0, 'RecordedSite': True, 'State': 'finished', 'ResidentSetSize': [630884], 'TotalUserCpuTimeHistory': [10280], 'SiteHistory': ['T1_IT_CNAF', 'T1_IT_CNAF'], 'TotalSysCpuTimeHistory': [552]}, '6': {'Retries': 1, 'WallDurations': [10.0, 282.2301549911499, 12978.0, 8.0, 10527.0], 'StartTimes': [1615399810.0, 1615416746.0], 'SubmitTimes': [1615399724.0, 1615416466.0], 'JobIds': ['64517555.0', '64524993.0'], 'EndTimes': [1615412788.0, 1615427273.0], 'Restarts': 0, 'RecordedSite': True, 'State': 'finished', 'ResidentSetSize': [627352, 625332], 'TotalUserCpuTimeHistory': [11034, 9530], 'SiteHistory': ['Unknown', 'T1_US_FNAL', 'T1_US_FNAL', 'T1_IT_CNAF', 'T1_IT_CNAF'], 'TotalSysCpuTimeHistory': [1305, 546]}, '9': {'Retries': 1, 'WallDurations': [10.0, 278.2301549911499, 7883.0, 9.0, 203.93388605117798, 4262.0], 'StartTimes': [1615399814.0, 1615409879.0], 'SubmitTimes': [1615399724.0, 1615409568.0], 'JobIds': ['64517558.0', '64523425.0'], 'EndTimes': [1615407697.0, 1615414141.0], 'Restarts': 0, 'RecordedSite': True, 'State': 'finished', 'ResidentSetSize': [667256, 695064], 'TotalUserCpuTimeHistory': [6610, 3901], 'SiteHistory': ['Unknown', 'T1_US_FNAL', 'T1_US_FNAL', 'Unknown', 'T2_CH_CERN', 'T2_CH_CERN'], 'TotalSysCpuTimeHistory': [914, 221]}, '8': {'Retries': 1, 'WallDurations': [10.0, 8649.0, 8.0, 5108.0], 'StartTimes': [1615399792.0, 1615412166.0], 'SubmitTimes': [1615399724.0, 1615412113.0], 'JobIds': ['64517556.0', '64524034.0'], 'EndTimes': [1615408441.0, 1615417274.0], 'Restarts': 0, 'RecordedSite': True, 'State': 'finished', 'ResidentSetSize': [620264, 755848], 'TotalUserCpuTimeHistory': [7884, 4919], 'SiteHistory': ['T1_IT_CNAF', 'T1_IT_CNAF', 'T2_US_Florida', 'T2_US_Florida'], 'TotalSysCpuTimeHistory': [407, 131]}, '11': {'Retries': 0, 'WallDurations': [10.0, 235.2301549911499, 16205.0], 'StartTimes': [1615399857.0], 'SubmitTimes': [1615399724.0], 'JobIds': ['64517560.0'], 'EndTimes': [1615416062.0], 'Restarts': 0, 'RecordedSite': True, 'State': 'finished', 'ResidentSetSize': [627448], 'TotalUserCpuTimeHistory': [13703], 'SiteHistory': ['Unknown', 'T1_US_FNAL', 'T1_US_FNAL'], 'TotalSysCpuTimeHistory': [1817]}, '10': {'Retries': 1, 'WallDurations': [0, 9481.0, 9.0, 5085.0], 'StartTimes': [1615399790.0, 1615411211.0], 'SubmitTimes': [1615399724.0, 1615411140.0], 'JobIds': ['64517559.0', '64523778.0'], 'EndTimes': [1615409271.0, 1615416296.0], 'Restarts': 0, 'RecordedSite': True, 'State': 'finished', 'ResidentSetSize': [631224, 709788], 'TotalUserCpuTimeHistory': [8853, 4878], 'SiteHistory': ['T1_IT_CNAF', 'T1_IT_CNAF', 'T1_RU_JINR', 'T1_RU_JINR'], 'TotalSysCpuTimeHistory': [467, 137]}, '13': {'Retries': 0, 'WallDurations': [8.0, 276.2301549911499, 31443.0], 'StartTimes': [1615399816.0], 'SubmitTimes': [1615399724.0], 'JobIds': ['64517562.0'], 'EndTimes': [1615431259.0], 'Restarts': 0, 'RecordedSite': True, 'State': 'finished', 'ResidentSetSize': [624128], 'TotalUserCpuTimeHistory': [6091], 'SiteHistory': ['Unknown', 'T2_US_Purdue', 'T2_US_Purdue'], 'TotalSysCpuTimeHistory': [544]}, '12': {'Retries': 0, 'WallDurations': [8.0, 278.2301549911499, 43862.0], 'StartTimes': [1615399814.0], 'SubmitTimes': [1615399724.0], 'JobIds': ['64517561.0'], 'EndTimes': [1615443676.0], 'Restarts': 0, 'RecordedSite': True, 'State': 'finished', 'ResidentSetSize': [626264], 'TotalUserCpuTimeHistory': [13752], 'SiteHistory': ['Unknown', 'T2_US_Vanderbilt', 'T2_US_Vanderbilt'], 'TotalSysCpuTimeHistory': [906]}, '15': {'Retries': 1, 'WallDurations': [9.0, 274.2301549911499, 6495.0, 8.0, 7824.0], 'StartTimes': [1615399818.0, 1615408268.0], 'SubmitTimes': [1615399724.0, 1615408186.0], 'JobIds': ['64517564.0', '64522907.0'], 'EndTimes': [1615406313.0, 1615416092.0], 'Restarts': 0, 'RecordedSite': True, 'State': 'finished', 'ResidentSetSize': [762500, 705852], 'TotalUserCpuTimeHistory': [5838, 7116], 'SiteHistory': ['Unknown', 'T2_US_Florida', 'T2_US_Florida', 'T1_RU_JINR', 'T1_RU_JINR'], 'TotalSysCpuTimeHistory': [157, 359]}, '14': {'Retries': 2, 'WallDurations': [8.0, 276.2301549911499, 5423.0, 8.0, 4956.0, 9.0, 6744.0], 'StartTimes': [1615399816.0, 1615407187.0, 1615414179.0], 'SubmitTimes': [1615399724.0, 1615407110.0, 1615414075.0], 'JobIds': ['64517563.0', '64522350.0', '64524527.0'], 'EndTimes': [1615405239.0, 1615412143.0, 1615420923.0], 'Restarts': 0, 'RecordedSite': True, 'State': 'finished', 'ResidentSetSize': [955992, 757116, 702892], 'TotalUserCpuTimeHistory': [5187, 4777, 6009], 'SiteHistory': ['Unknown', 'T2_US_Florida', 'T2_US_Florida', 'T2_US_Florida', 'T2_US_Florida', 'T1_RU_JINR', 'T1_RU_JINR'], 'TotalSysCpuTimeHistory': [140, 127, 321]}, '17': {'Retries': 0, 'WallDurations': [9.0, 259.2301549911499, 5452.0], 'StartTimes': [1615399833.0], 'SubmitTimes': [1615399725.0], 'JobIds': ['64517566.0'], 'EndTimes': [1615405285.0], 'Restarts': 0, 'RecordedSite': True, 'State': 'finished', 'ResidentSetSize': [750260], 'TotalUserCpuTimeHistory': [5204], 'SiteHistory': ['Unknown', 'T2_US_Florida', 'T2_US_Florida'], 'TotalSysCpuTimeHistory': [143]}, '16': {'Retries': 1, 'WallDurations': [8.0, 261.2301549911499, 5578.0, 9.0, 6746.0], 'StartTimes': [1615399831.0, 1615407369.0], 'SubmitTimes': [1615399725.0, 1615407282.0], 'JobIds': ['64517565.0', '64522432.0'], 'EndTimes': [1615405409.0, 1615414115.0], 'Restarts': 0, 'RecordedSite': True, 'State': 'finished', 'ResidentSetSize': [750760, 694072], 'TotalUserCpuTimeHistory': [5335, 6185], 'SiteHistory': ['Unknown', 'T2_US_Florida', 'T2_US_Florida', 'T1_RU_JINR', 'T1_RU_JINR'], 'TotalSysCpuTimeHistory': [143, 333]}, '19': {'Retries': 0, 'WallDurations': [10.0, 257.2301549911499, 5110.0], 'StartTimes': [1615399835.0], 'SubmitTimes': [1615399725.0], 'JobIds': ['64517568.0'], 'EndTimes': [1615404945.0], 'Restarts': 0, 'RecordedSite': True, 'State': 'finished', 'ResidentSetSize': [755128], 'TotalUserCpuTimeHistory': [4872], 'SiteHistory': ['Unknown', 'T2_US_Florida', 'T2_US_Florida'], 'TotalSysCpuTimeHistory': [130]}, '18': {'Retries': 1, 'WallDurations': [10.0, 264.2301549911499, 5322.0, 10.0, 287.07808899879456, 14916.0], 'StartTimes': [1615399828.0, 1615407068.0], 'SubmitTimes': [1615399725.0, 1615407025.0], 'JobIds': ['64517567.0', '64522325.0'], 'EndTimes': [1615405150.0, 1615421984.0], 'Restarts': 0, 'RecordedSite': True, 'State': 'finished', 'ResidentSetSize': [755748, 642144], 'TotalUserCpuTimeHistory': [5072, 12941], 'SiteHistory': ['Unknown', 'T2_US_Florida', 'T2_US_Florida', 'Unknown', 'T1_US_FNAL', 'T1_US_FNAL'], 'TotalSysCpuTimeHistory': [136, 1608]}}
INFO 2021-03-16 06:56:19.036 UTC: 	 Status on the scheduler:	COMPLETED
INFO 2021-03-16 06:56:19.037 UTC: 	 
Jobs status:                    finished     		100.0% (29/29)
INFO 2021-03-16 06:56:19.037 UTC: 	 
No publication information (publication has been disabled in the CRAB configuration file)
INFO 2021-03-16 06:56:19.038 UTC: 	 
Summary of run jobs:
 * Memory: 50MB min, 759MB max, 629MB ave
 * Runtime: 0:03:30 min, 12:11:02 max, 2:47:39 ave
 * CPU eff: 16% min, 216% max, 73% ave
 * Waste: 33:26:05 (29% of total)

INFO 2021-03-16 06:56:19.098 UTC: 	 Log file is /afs/cern.ch/work/a/achhetri/NANO_AOD/CMSSW_10_6_8/src/WTopScalefactorProducer/Skimmer/NANOcrab/crab_Tprime_v5_NANo_AOD_106X/crab_QCD_Pt800to1000_v2/crab.log
DEBUG 2021-03-26 12:07:32.631 UTC: 	 CRAB Client version: v3.210127
DEBUG 2021-03-26 12:07:32.632 UTC: 	 Running on: Linux lxplus775.cern.ch 3.10.0-1160.15.2.el7.x86_64 #1 SMP Wed Feb 3 15:06:38 UTC 2021 x86_64 x86_64 x86_64 GNU/Linux - CentOS Linux 7 (Core)
DEBUG 2021-03-26 12:07:32.632 UTC: 	 Executing command: 'status'
DEBUG 2021-03-26 12:07:32.632 UTC: 	 Found CRAB cache file /afs/cern.ch/user/a/achhetri/.crab3
DEBUG 2021-03-26 12:07:33.088 UTC: 	 Checking credentials
DEBUG 2021-03-26 12:07:33.088 UTC: 	 Found proxy file /afs/cern.ch/user/a/achhetri/x509up_u94350
DEBUG 2021-03-26 12:07:33.088 UTC: 	 Getting proxy life time left
DEBUG 2021-03-26 12:07:35.016 UTC: 	 Executing : 
 command : voms-proxy-info -file /afs/cern.ch/user/a/achhetri/x509up_u94350 -timeleft
 output : 674487

 error: 
 retcode : 0
DEBUG 2021-03-26 12:07:35.827 UTC: 	 Executing : 
 command : voms-proxy-info -file /afs/cern.ch/user/a/achhetri/x509up_u94350 -actimeleft
 output : 674485

 error: 
 retcode : 0
DEBUG 2021-03-26 12:07:35.827 UTC: 	 Proxy lifetime 674487 secs is different from voms extension lifetime 674485 secs for proxy: /afs/cern.ch/user/a/achhetri/x509up_u94350
DEBUG 2021-03-26 12:07:35.827 UTC: 	 Proxy valid for 187:21:25 hours
DEBUG 2021-03-26 12:07:35.943 UTC: 	 Registering user credentials for server /DC=ch/DC=cern/OU=computers/CN=vocms0105.cern.ch|/DC=ch/DC=cern/OU=computers/CN=crab-(preprod|prod|dev)-tw(02|01).cern.ch|/DC=ch/DC=cern/OU=computers/CN=(ddi|ddidk|mytw).cern.ch|/DC=ch/DC=cern/OU=computers/CN=stefanov(m|m2).cern.ch
DEBUG 2021-03-26 12:07:36.770 UTC: 	 Executing : 
 command : voms-proxy-info -file /afs/cern.ch/user/a/achhetri/x509up_u94350 -identity
 output : /DC=ch/DC=cern/OU=Organic Units/OU=Users/CN=achhetri/CN=804540/CN=Arjun Chhetri

 error: 
 retcode : 0
DEBUG 2021-03-26 12:07:36.779 UTC: 	 Getting myproxy life time left for myproxy.cern.ch
DEBUG 2021-03-26 12:07:36.779 UTC: 	 using eb0e67adc2dd9eb1770413a4ffd073f562b86f05 as credential login name
DEBUG 2021-03-26 12:07:37.189 UTC: 	 Executing : 
 command : myproxy-info -l eb0e67adc2dd9eb1770413a4ffd073f562b86f05 -s myproxy.cern.ch
 output : username: eb0e67adc2dd9eb1770413a4ffd073f562b86f05
owner: /DC=ch/DC=cern/OU=Organic Units/OU=Users/CN=achhetri/CN=804540/CN=Arjun Chhetri
  renewal policy: /DC=ch/DC=cern/OU=computers/CN=vocms0105.cern.ch|/DC=ch/DC=cern/OU=computers/CN=crab-(preprod|prod|dev)-tw(02|01).cern.ch|/DC=ch/DC=cern/OU=computers/CN=(ddi|ddidk|mytw).cern.ch|/DC=ch/DC=cern/OU=computers/CN=stefanov(m|m2).cern.ch
  trusted retrieval policy: /DC=ch/DC=cern/OU=computers/CN=vocms0105.cern.ch|/DC=ch/DC=cern/OU=computers/CN=crab-(preprod|prod|dev)-tw(02|01).cern.ch|/DC=ch/DC=cern/OU=computers/CN=(ddi|ddidk|mytw).cern.ch|/DC=ch/DC=cern/OU=computers/CN=stefanov(m|m2).cern.ch
  timeleft: 718:33:34  (29.9 days)

 error: 
 retcode : 0
DEBUG 2021-03-26 12:07:37.190 UTC: 	 Myproxy is valid: 2586814
DEBUG 2021-03-26 12:07:37.191 UTC: 	 Retrieving username ...
DEBUG 2021-03-26 12:07:37.191 UTC: 	 Retrieving username from CRIC...
DEBUG 2021-03-26 12:07:37.988 UTC: 	 username is achhetri
DEBUG 2021-03-26 12:07:37.995 UTC: 	 Getting myproxy life time left for myproxy.cern.ch
DEBUG 2021-03-26 12:07:37.995 UTC: 	 using achhetri_CRAB as credential login name
DEBUG 2021-03-26 12:07:38.299 UTC: 	 Executing : 
 command : myproxy-info -l achhetri_CRAB -s myproxy.cern.ch
 output : username: achhetri_CRAB
owner: /DC=ch/DC=cern/OU=Organic Units/OU=Users/CN=achhetri/CN=804540/CN=Arjun Chhetri
  renewal policy: /DC=ch/DC=cern/OU=computers/CN=vocms0105.cern.ch|/DC=ch/DC=cern/OU=computers/CN=crab-(preprod|prod|dev)-tw(02|01).cern.ch|/DC=ch/DC=cern/OU=computers/CN=(ddi|ddidk|mytw).cern.ch|/DC=ch/DC=cern/OU=computers/CN=stefanov(m|m2).cern.ch
  trusted retrieval policy: /DC=ch/DC=cern/OU=computers/CN=vocms0105.cern.ch|/DC=ch/DC=cern/OU=computers/CN=crab-(preprod|prod|dev)-tw(02|01).cern.ch|/DC=ch/DC=cern/OU=computers/CN=(ddi|ddidk|mytw).cern.ch|/DC=ch/DC=cern/OU=computers/CN=stefanov(m|m2).cern.ch
  timeleft: 718:33:41  (29.9 days)

 error: 
 retcode : 0
DEBUG 2021-03-26 12:07:38.299 UTC: 	 Myproxy is valid: 2586821
DEBUG 2021-03-26 12:07:38.300 UTC: 	 Result of myproxy credential check:
  Credential exists on myproxy: username: eb0e67adc2dd9eb1770413a4ffd073f562b86f05  - validity: 29 days, 22:33:34
  Credential exists on myproxy: username: achhetri_CRAB  - validity: 29 days, 22:33:41
DEBUG 2021-03-26 12:07:38.300 UTC: 	 Command use: status
DEBUG 2021-03-26 12:07:38.300 UTC: 	 Options use: ['-d', 'crab_QCD_Pt800to1000_v2/']
DEBUG 2021-03-26 12:07:38.389 UTC: 	 CRABClient version: v3.210127
DEBUG 2021-03-26 12:07:38.389 UTC: 	 Instance is prod
DEBUG 2021-03-26 12:07:38.389 UTC: 	 Server base url is cmsweb-k8s-prod.cern.ch
DEBUG 2021-03-26 12:07:38.389 UTC: 	 Command url /crabserver/prod/workflow
DEBUG 2021-03-26 12:07:38.472 UTC: 	 Got information from server oracle database: {u'result': [u'210310_180731:achhetri_crab_QCD_Pt800to1000_v2', u'None', u'None', u'SUBMITTED', u'SUBMIT', u'2021-03-10 18:07:31.719838', u'None', u'2021-03-10 18:08:31.727487', u'None', u'CMSSW_10_6_8', u'slc7_amd64_gcc700', u'/QCD_Pt-800to1000_MuEnrichedPt5_TuneCP5_13TeV_pythia8/RunIISummer19UL17NanoAODv2-106X_mc2017_realistic_v8-v1/NANOAODSIM', u'F', u'0', u'[]', u'[]', u'FileBased', u"{'splitOnRun': False, 'halt_job_on_file_boundaries': False, 'files_per_job': 1, 'runs': [], 'lumis': []}", u'c29edb9fb60c309f0cb5765582b0749acc12040e1e10f94e161f75dc89f31141.tar.gz', u'https://cmsweb.cern.ch:8443/crabcache', u'achhetri', u'/DC=ch/DC=cern/OU=Organic Units/OU=Users/CN=achhetri/CN=804540/CN=Arjun Chhetri', u'cms', u'None', u'None', u'QCD_Pt800to1000_v2-00000000000000000000000000000000', u'F', u'T3_CH_CERNBOX', u'https://cmsweb.cern.ch/dbs/prod/global/DBSReader', u'https://cmsweb.cern.ch/dbs/prod/phys03/DBSWriter', u'F', u'[]', u'[]', u"['tree.root']", u'Analysis', u'pythia', u'None', u'{}', u'[]', u'T', u'crab-prod-tw01', u'[]', u'1250', u'1', u'2000', u'10', u"['/QCD_Pt-800to1000_MuEnrichedPt5_TuneCP5_13TeV_pythia8/achhetri-QCD_Pt800to1000_v2-5d8f93ee2ba2db6b402c7167473e2950/USER']", u'[]', u'http://vocms0119.cern.ch/mon/cms341/210310_180731:achhetri_crab_QCD_Pt800to1000_v2', u'crab_script_Tprime.sh', u'[]', u'[]', u'https://cmsweb.cern.ch/crabserver/prod', u'cmsgwms-collector-global.cern.ch:9620,cmsgwms-collector-global.fnal.gov', u'crab3@vocms0119.cern.ch', u'F', u'[]', u'T', u'/store/user/achhetri/Tprime_v5_NANo_AOD_106X', u'F', u'None', u'F', u'None', u'QCD_Pt-800to1000_MuEnrichedPt5_TuneCP5_13TeV_pythia8', u'None', u'7fa140132bb395873b4f70f87804e57d3a698b3c153c668fbdff00612f88462b.tar.gz', u'64517537', u'filetransfers', u'F', u'188.185.90.95', u'29.0', u'None'], u'desc': {u'columns': [u'tm_taskname', u'tm_activity', u'panda_jobset_id', u'tm_task_status', u'tm_task_command', u'tm_start_time', u'tm_start_injection', u'tm_end_injection', u'tm_task_failure', u'tm_job_sw', u'tm_job_arch', u'tm_input_dataset', u'tm_nonvalid_input_dataset', u'tm_use_parent', u'tm_site_whitelist', u'tm_site_blacklist', u'tm_split_algo', u'tm_split_args', u'tm_user_sandbox', u'tm_cache_url', u'tm_username', u'tm_user_dn', u'tm_user_vo', u'tm_user_role', u'tm_user_group', u'tm_publish_name', u'tm_publish_groupname', u'tm_asyncdest', u'tm_dbs_url', u'tm_publish_dbs_url', u'tm_publication', u'tm_outfiles', u'tm_tfile_outfiles', u'tm_edm_outfiles', u'tm_job_type', u'tm_generator', u'tm_events_per_lumi', u'tm_arguments', u'panda_resubmitted_jobs', u'tm_save_logs', u'tw_name', u'tm_user_infiles', u'tm_maxjobruntime', u'tm_numcores', u'tm_maxmemory', u'tm_priority', u'tm_output_dataset', u'tm_task_warnings', u'tm_user_webdir', u'tm_scriptexe', u'tm_scriptargs', u'tm_extrajdl', u'tm_asourl', u'tm_collector', u'tm_schedd', u'tm_dry_run', u'tm_user_files', u'tm_transfer_outputs', u'tm_output_lfn', u'tm_ignore_locality', u'tm_fail_limit', u'tm_one_event_mode', u'tm_secondary_input_dataset', u'tm_primary_dataset', u'tm_last_publication', u'tm_debug_files', u'clusterid', u'tm_asodb', u'tm_ignore_global_blacklist', u'tm_submitter_ip_addr', u'tm_totalunits', u'tm_ddm_reqid']}}
INFO 2021-03-26 12:07:38.473 UTC: 	 CRAB project directory:		/afs/cern.ch/work/a/achhetri/NANO_AOD/CMSSW_10_6_8/src/WTopScalefactorProducer/Skimmer/NANOcrab/crab_Tprime_v5_NANo_AOD_106X/crab_QCD_Pt800to1000_v2
INFO 2021-03-26 12:07:38.473 UTC: 	 Task name:			210310_180731:achhetri_crab_QCD_Pt800to1000_v2
INFO 2021-03-26 12:07:38.473 UTC: 	 Grid scheduler - Task Worker:	crab3@vocms0119.cern.ch - crab-prod-tw01
INFO 2021-03-26 12:07:38.473 UTC: 	 Status on the CRAB server:	SUBMITTED
INFO 2021-03-26 12:07:38.473 UTC: 	 Task URL to use for HELP:	https://cmsweb-k8s-prod.cern.ch/crabserver/ui/task/210310_180731%3Aachhetri_crab_QCD_Pt800to1000_v2
INFO 2021-03-26 12:07:38.477 UTC: 	 Dashboard monitoring URL:	https://monit-grafana.cern.ch/d/cmsTMDetail/cms-task-monitoring-task-view?orgId=11&var-user=achhetri&var-task=210310_180731%3Aachhetri_crab_QCD_Pt800to1000_v2&from=1615396051000&to=now
INFO 2021-03-26 12:07:38.478 UTC: 	 In case of issues with the dashboard, please provide feedback to hn-cms-computing-tools@cern.ch
DEBUG 2021-03-26 12:07:38.478 UTC: 	 The CRAB server submitted your task to the Grid scheduler (cluster ID: 64517537)
DEBUG 2021-03-26 12:07:38.478 UTC: 	 Webdir is located at http://vocms0119.cern.ch/mon/cms341/210310_180731:achhetri_crab_QCD_Pt800to1000_v2
DEBUG 2021-03-26 12:07:38.599 UTC: 	 Proxied webdir is located at https://cmsweb.cern.ch:8443/scheddmon/0119/cms341/210310_180731:achhetri_crab_QCD_Pt800to1000_v2
DEBUG 2021-03-26 12:07:38.599 UTC: 	 Retrieving 'status_cache' file from https://cmsweb.cern.ch:8443/scheddmon/0119/cms341/210310_180731:achhetri_crab_QCD_Pt800to1000_v2/status_cache
DEBUG 2021-03-26 12:07:39.419 UTC: 	 Got information from status cache file: {'24': {'Retries': 0, 'WallDurations': [8.0, 196.2301549911499, 11982.0, 0, 7372.0], 'StartTimes': [1615399896.0, 1615411963.0], 'SubmitTimes': [1615399725.0, -1], 'JobIds': ['64517573.0', '64517573.0'], 'EndTimes': [1615411878.0, 1615419335.0], 'Restarts': 1, 'RecordedSite': True, 'State': 'finished', 'ResidentSetSize': [628452, 750000], 'TotalUserCpuTimeHistory': [8569.0, 15056], 'SiteHistory': ['Unknown', 'T2_BE_IIHE', 'T2_BE_IIHE', 'Unknown', 'T1_RU_JINR'], 'TotalSysCpuTimeHistory': [511.0, 884]}, '25': {'Retries': 0, 'WallDurations': [8.0, 201.2301549911499, 796.0], 'StartTimes': [1615399891.0], 'SubmitTimes': [1615399726.0], 'JobIds': ['64517574.0'], 'EndTimes': [1615400687.0], 'Restarts': 0, 'RecordedSite': True, 'State': 'finished', 'ResidentSetSize': [576872], 'TotalUserCpuTimeHistory': [687], 'SiteHistory': ['Unknown', 'T2_FR_GRIF_LLR', 'T2_FR_GRIF_LLR'], 'TotalSysCpuTimeHistory': [45]}, '26': {'Retries': 0, 'WallDurations': [8.0, 202.2301549911499, 210.0], 'StartTimes': [1615399890.0], 'SubmitTimes': [1615399726.0], 'JobIds': ['64517576.0'], 'EndTimes': [1615400100.0], 'Restarts': 0, 'RecordedSite': True, 'State': 'finished', 'ResidentSetSize': [51724], 'TotalUserCpuTimeHistory': [158], 'SiteHistory': ['Unknown', 'T2_FR_GRIF_LLR', 'T2_FR_GRIF_LLR'], 'TotalSysCpuTimeHistory': [10]}, '27': {'Retries': 0, 'WallDurations': [8.0, 201.2301549911499, 19115.0], 'StartTimes': [1615399891.0], 'SubmitTimes': [1615399726.0], 'JobIds': ['64517575.0'], 'EndTimes': [1615419006.0], 'Restarts': 0, 'RecordedSite': True, 'State': 'finished', 'ResidentSetSize': [659160], 'TotalUserCpuTimeHistory': [11521], 'SiteHistory': ['Unknown', 'T3_UK_London_QMUL', 'T3_UK_London_QMUL'], 'TotalSysCpuTimeHistory': [502]}, '20': {'Retries': 0, 'WallDurations': [9.0, 228.2301549911499, 17990.0], 'StartTimes': [1615399864.0], 'SubmitTimes': [1615399725.0], 'JobIds': ['64517569.0'], 'EndTimes': [1615417854.0], 'Restarts': 0, 'RecordedSite': True, 'State': 'finished', 'ResidentSetSize': [645548], 'TotalUserCpuTimeHistory': [15281], 'SiteHistory': ['Unknown', 'T1_US_FNAL', 'T1_US_FNAL'], 'TotalSysCpuTimeHistory': [1997]}, '21': {'Retries': 1, 'WallDurations': [10.0, 201.2301549911499, 6477.0, 8.0, 2926.0], 'StartTimes': [1615399891.0, 1615408273.0], 'SubmitTimes': [1615399725.0, 1615408243.0], 'JobIds': ['64517571.0', '64522927.0'], 'EndTimes': [1615406368.0, 1615411199.0], 'Restarts': 0, 'RecordedSite': True, 'State': 'finished', 'ResidentSetSize': [623736, 699780], 'TotalUserCpuTimeHistory': [5357, 2791], 'SiteHistory': ['Unknown', 'T2_IT_Bari', 'T2_IT_Bari', 'T1_RU_JINR', 'T1_RU_JINR'], 'TotalSysCpuTimeHistory': [371, 75]}, '22': {'Retries': 1, 'WallDurations': [8.0, 200.2301549911499, 9426.0, 8.0, 262.78520107269287, 6490.0], 'StartTimes': [1615399892.0, 1615411337.0], 'SubmitTimes': [1615399725.0, 1615411190.0], 'JobIds': ['64517570.0', '64523789.0'], 'EndTimes': [1615409318.0, 1615417827.0], 'Restarts': 0, 'RecordedSite': True, 'State': 'finished', 'ResidentSetSize': [650184, 769712], 'TotalUserCpuTimeHistory': [8446, 6180], 'SiteHistory': ['Unknown', 'T2_IT_Bari', 'T2_IT_Bari', 'Unknown', 'T2_US_Florida', 'T2_US_Florida'], 'TotalSysCpuTimeHistory': [543, 161]}, '23': {'Retries': 1, 'WallDurations': [9.0, 200.2301549911499, 10074.0, 9.0, 156.91373896598816, 6871.0], 'StartTimes': [1615399892.0, 1615414175.0], 'SubmitTimes': [1615399725.0, 1615413644.0], 'JobIds': ['64517572.0', '64524439.0'], 'EndTimes': [1615409966.0, 1615421046.0], 'Restarts': 0, 'RecordedSite': True, 'State': 'finished', 'ResidentSetSize': [616000, 620828], 'TotalUserCpuTimeHistory': [8953, 6427], 'SiteHistory': ['Unknown', 'T2_IT_Bari', 'T2_IT_Bari', 'Unknown', 'T1_RU_JINR', 'T1_RU_JINR'], 'TotalSysCpuTimeHistory': [626, 324]}, '28': {'Retries': 1, 'WallDurations': [8.0, 201.2301549911499, 8268.0, 8.0, 170.21239399909973, 17980.0], 'StartTimes': [1615399891.0, 1615410215.0], 'SubmitTimes': [1615399726.0, 1615410031.0], 'JobIds': ['64517577.0', '64523550.0'], 'EndTimes': [1615408159.0, 1615428195.0], 'Restarts': 0, 'RecordedSite': True, 'State': 'finished', 'ResidentSetSize': [666424, 777360], 'TotalUserCpuTimeHistory': [7567, 11601], 'SiteHistory': ['Unknown', 'T2_DE_RWTH', 'T2_DE_RWTH', 'Unknown', 'T2_UK_London_Brunel', 'T2_UK_London_Brunel'], 'TotalSysCpuTimeHistory': [351, 583]}, '29': {'Retries': 0, 'WallDurations': [9.0, 200.2301549911499, 1909.0], 'StartTimes': [1615399892.0], 'SubmitTimes': [1615399726.0], 'JobIds': ['64517578.0'], 'EndTimes': [1615401801.0], 'Restarts': 0, 'RecordedSite': True, 'State': 'finished', 'ResidentSetSize': [591264], 'TotalUserCpuTimeHistory': [1744], 'SiteHistory': ['Unknown', 'T2_DE_RWTH', 'T2_DE_RWTH'], 'TotalSysCpuTimeHistory': [100]}, '1': {'Retries': 0, 'WallDurations': [9.0, 187.2301549911499, 17469.0], 'StartTimes': [1615399905.0], 'SubmitTimes': [1615399723.0], 'JobIds': ['64517550.0'], 'EndTimes': [1615417374.0], 'Restarts': 0, 'RecordedSite': True, 'State': 'finished', 'ResidentSetSize': [674600], 'TotalUserCpuTimeHistory': [2672], 'SiteHistory': ['Unknown', 'T2_UK_SGrid_RALPP', 'T2_UK_SGrid_RALPP'], 'TotalSysCpuTimeHistory': [149]}, '3': {'Retries': 0, 'WallDurations': [8.0, 199.2301549911499, 4325.0], 'StartTimes': [1615399893.0], 'SubmitTimes': [1615399723.0], 'JobIds': ['64517552.0'], 'EndTimes': [1615404218.0], 'Restarts': 0, 'RecordedSite': True, 'State': 'finished', 'ResidentSetSize': [615992], 'TotalUserCpuTimeHistory': [3817], 'SiteHistory': ['Unknown', 'T2_ES_CIEMAT', 'T2_ES_CIEMAT'], 'TotalSysCpuTimeHistory': [383]}, '2': {'Retries': 0, 'WallDurations': [8.0, 196.2301549911499, 1778.0], 'StartTimes': [1615399896.0], 'SubmitTimes': [1615399723.0], 'JobIds': ['64517551.0'], 'EndTimes': [1615401674.0], 'Restarts': 0, 'RecordedSite': True, 'State': 'finished', 'ResidentSetSize': [489272], 'TotalUserCpuTimeHistory': [1617], 'SiteHistory': ['Unknown', 'T2_IT_Legnaro', 'T2_IT_Legnaro'], 'TotalSysCpuTimeHistory': [97]}, '5': {'Retries': 0, 'WallDurations': [9.0, 180.2301549911499, 11368.0], 'StartTimes': [1615399912.0], 'SubmitTimes': [1615399724.0], 'JobIds': ['64517554.0'], 'EndTimes': [1615411280.0], 'Restarts': 0, 'RecordedSite': True, 'State': 'finished', 'ResidentSetSize': [658980], 'TotalUserCpuTimeHistory': [10188], 'SiteHistory': ['Unknown', 'T2_RU_JINR', 'T2_RU_JINR'], 'TotalSysCpuTimeHistory': [519]}, '4': {'Retries': 0, 'WallDurations': [9.0, 197.2301549911499, 782.0], 'StartTimes': [1615399895.0], 'SubmitTimes': [1615399723.0], 'JobIds': ['64517553.0'], 'EndTimes': [1615400677.0], 'Restarts': 0, 'RecordedSite': True, 'State': 'finished', 'ResidentSetSize': [565860], 'TotalUserCpuTimeHistory': [660], 'SiteHistory': ['Unknown', 'T2_RU_JINR', 'T2_RU_JINR'], 'TotalSysCpuTimeHistory': [20]}, '7': {'Retries': 0, 'WallDurations': [9.0, 11072.0], 'StartTimes': [1615399792.0], 'SubmitTimes': [1615399724.0], 'JobIds': ['64517557.0'], 'EndTimes': [1615410864.0], 'Restarts': 0, 'RecordedSite': True, 'State': 'finished', 'ResidentSetSize': [630884], 'TotalUserCpuTimeHistory': [10280], 'SiteHistory': ['T1_IT_CNAF', 'T1_IT_CNAF'], 'TotalSysCpuTimeHistory': [552]}, '6': {'Retries': 1, 'WallDurations': [10.0, 282.2301549911499, 12978.0, 8.0, 10527.0], 'StartTimes': [1615399810.0, 1615416746.0], 'SubmitTimes': [1615399724.0, 1615416466.0], 'JobIds': ['64517555.0', '64524993.0'], 'EndTimes': [1615412788.0, 1615427273.0], 'Restarts': 0, 'RecordedSite': True, 'State': 'finished', 'ResidentSetSize': [627352, 625332], 'TotalUserCpuTimeHistory': [11034, 9530], 'SiteHistory': ['Unknown', 'T1_US_FNAL', 'T1_US_FNAL', 'T1_IT_CNAF', 'T1_IT_CNAF'], 'TotalSysCpuTimeHistory': [1305, 546]}, '9': {'Retries': 1, 'WallDurations': [10.0, 278.2301549911499, 7883.0, 9.0, 203.93388605117798, 4262.0], 'StartTimes': [1615399814.0, 1615409879.0], 'SubmitTimes': [1615399724.0, 1615409568.0], 'JobIds': ['64517558.0', '64523425.0'], 'EndTimes': [1615407697.0, 1615414141.0], 'Restarts': 0, 'RecordedSite': True, 'State': 'finished', 'ResidentSetSize': [667256, 695064], 'TotalUserCpuTimeHistory': [6610, 3901], 'SiteHistory': ['Unknown', 'T1_US_FNAL', 'T1_US_FNAL', 'Unknown', 'T2_CH_CERN', 'T2_CH_CERN'], 'TotalSysCpuTimeHistory': [914, 221]}, '8': {'Retries': 1, 'WallDurations': [10.0, 8649.0, 8.0, 5108.0], 'StartTimes': [1615399792.0, 1615412166.0], 'SubmitTimes': [1615399724.0, 1615412113.0], 'JobIds': ['64517556.0', '64524034.0'], 'EndTimes': [1615408441.0, 1615417274.0], 'Restarts': 0, 'RecordedSite': True, 'State': 'finished', 'ResidentSetSize': [620264, 755848], 'TotalUserCpuTimeHistory': [7884, 4919], 'SiteHistory': ['T1_IT_CNAF', 'T1_IT_CNAF', 'T2_US_Florida', 'T2_US_Florida'], 'TotalSysCpuTimeHistory': [407, 131]}, '11': {'Retries': 0, 'WallDurations': [10.0, 235.2301549911499, 16205.0], 'StartTimes': [1615399857.0], 'SubmitTimes': [1615399724.0], 'JobIds': ['64517560.0'], 'EndTimes': [1615416062.0], 'Restarts': 0, 'RecordedSite': True, 'State': 'finished', 'ResidentSetSize': [627448], 'TotalUserCpuTimeHistory': [13703], 'SiteHistory': ['Unknown', 'T1_US_FNAL', 'T1_US_FNAL'], 'TotalSysCpuTimeHistory': [1817]}, '10': {'Retries': 1, 'WallDurations': [0, 9481.0, 9.0, 5085.0], 'StartTimes': [1615399790.0, 1615411211.0], 'SubmitTimes': [1615399724.0, 1615411140.0], 'JobIds': ['64517559.0', '64523778.0'], 'EndTimes': [1615409271.0, 1615416296.0], 'Restarts': 0, 'RecordedSite': True, 'State': 'finished', 'ResidentSetSize': [631224, 709788], 'TotalUserCpuTimeHistory': [8853, 4878], 'SiteHistory': ['T1_IT_CNAF', 'T1_IT_CNAF', 'T1_RU_JINR', 'T1_RU_JINR'], 'TotalSysCpuTimeHistory': [467, 137]}, '13': {'Retries': 0, 'WallDurations': [8.0, 276.2301549911499, 31443.0], 'StartTimes': [1615399816.0], 'SubmitTimes': [1615399724.0], 'JobIds': ['64517562.0'], 'EndTimes': [1615431259.0], 'Restarts': 0, 'RecordedSite': True, 'State': 'finished', 'ResidentSetSize': [624128], 'TotalUserCpuTimeHistory': [6091], 'SiteHistory': ['Unknown', 'T2_US_Purdue', 'T2_US_Purdue'], 'TotalSysCpuTimeHistory': [544]}, '12': {'Retries': 0, 'WallDurations': [8.0, 278.2301549911499, 43862.0], 'StartTimes': [1615399814.0], 'SubmitTimes': [1615399724.0], 'JobIds': ['64517561.0'], 'EndTimes': [1615443676.0], 'Restarts': 0, 'RecordedSite': True, 'State': 'finished', 'ResidentSetSize': [626264], 'TotalUserCpuTimeHistory': [13752], 'SiteHistory': ['Unknown', 'T2_US_Vanderbilt', 'T2_US_Vanderbilt'], 'TotalSysCpuTimeHistory': [906]}, '15': {'Retries': 1, 'WallDurations': [9.0, 274.2301549911499, 6495.0, 8.0, 7824.0], 'StartTimes': [1615399818.0, 1615408268.0], 'SubmitTimes': [1615399724.0, 1615408186.0], 'JobIds': ['64517564.0', '64522907.0'], 'EndTimes': [1615406313.0, 1615416092.0], 'Restarts': 0, 'RecordedSite': True, 'State': 'finished', 'ResidentSetSize': [762500, 705852], 'TotalUserCpuTimeHistory': [5838, 7116], 'SiteHistory': ['Unknown', 'T2_US_Florida', 'T2_US_Florida', 'T1_RU_JINR', 'T1_RU_JINR'], 'TotalSysCpuTimeHistory': [157, 359]}, '14': {'Retries': 2, 'WallDurations': [8.0, 276.2301549911499, 5423.0, 8.0, 4956.0, 9.0, 6744.0], 'StartTimes': [1615399816.0, 1615407187.0, 1615414179.0], 'SubmitTimes': [1615399724.0, 1615407110.0, 1615414075.0], 'JobIds': ['64517563.0', '64522350.0', '64524527.0'], 'EndTimes': [1615405239.0, 1615412143.0, 1615420923.0], 'Restarts': 0, 'RecordedSite': True, 'State': 'finished', 'ResidentSetSize': [955992, 757116, 702892], 'TotalUserCpuTimeHistory': [5187, 4777, 6009], 'SiteHistory': ['Unknown', 'T2_US_Florida', 'T2_US_Florida', 'T2_US_Florida', 'T2_US_Florida', 'T1_RU_JINR', 'T1_RU_JINR'], 'TotalSysCpuTimeHistory': [140, 127, 321]}, '17': {'Retries': 0, 'WallDurations': [9.0, 259.2301549911499, 5452.0], 'StartTimes': [1615399833.0], 'SubmitTimes': [1615399725.0], 'JobIds': ['64517566.0'], 'EndTimes': [1615405285.0], 'Restarts': 0, 'RecordedSite': True, 'State': 'finished', 'ResidentSetSize': [750260], 'TotalUserCpuTimeHistory': [5204], 'SiteHistory': ['Unknown', 'T2_US_Florida', 'T2_US_Florida'], 'TotalSysCpuTimeHistory': [143]}, '16': {'Retries': 1, 'WallDurations': [8.0, 261.2301549911499, 5578.0, 9.0, 6746.0], 'StartTimes': [1615399831.0, 1615407369.0], 'SubmitTimes': [1615399725.0, 1615407282.0], 'JobIds': ['64517565.0', '64522432.0'], 'EndTimes': [1615405409.0, 1615414115.0], 'Restarts': 0, 'RecordedSite': True, 'State': 'finished', 'ResidentSetSize': [750760, 694072], 'TotalUserCpuTimeHistory': [5335, 6185], 'SiteHistory': ['Unknown', 'T2_US_Florida', 'T2_US_Florida', 'T1_RU_JINR', 'T1_RU_JINR'], 'TotalSysCpuTimeHistory': [143, 333]}, '19': {'Retries': 0, 'WallDurations': [10.0, 257.2301549911499, 5110.0], 'StartTimes': [1615399835.0], 'SubmitTimes': [1615399725.0], 'JobIds': ['64517568.0'], 'EndTimes': [1615404945.0], 'Restarts': 0, 'RecordedSite': True, 'State': 'finished', 'ResidentSetSize': [755128], 'TotalUserCpuTimeHistory': [4872], 'SiteHistory': ['Unknown', 'T2_US_Florida', 'T2_US_Florida'], 'TotalSysCpuTimeHistory': [130]}, '18': {'Retries': 1, 'WallDurations': [10.0, 264.2301549911499, 5322.0, 10.0, 287.07808899879456, 14916.0], 'StartTimes': [1615399828.0, 1615407068.0], 'SubmitTimes': [1615399725.0, 1615407025.0], 'JobIds': ['64517567.0', '64522325.0'], 'EndTimes': [1615405150.0, 1615421984.0], 'Restarts': 0, 'RecordedSite': True, 'State': 'finished', 'ResidentSetSize': [755748, 642144], 'TotalUserCpuTimeHistory': [5072, 12941], 'SiteHistory': ['Unknown', 'T2_US_Florida', 'T2_US_Florida', 'Unknown', 'T1_US_FNAL', 'T1_US_FNAL'], 'TotalSysCpuTimeHistory': [136, 1608]}}
INFO 2021-03-26 12:07:39.419 UTC: 	 Status on the scheduler:	COMPLETED
INFO 2021-03-26 12:07:39.420 UTC: 	 
Jobs status:                    finished     		100.0% (29/29)
INFO 2021-03-26 12:07:39.420 UTC: 	 
No publication information (publication has been disabled in the CRAB configuration file)
INFO 2021-03-26 12:07:39.421 UTC: 	 
Summary of run jobs:
 * Memory: 50MB min, 759MB max, 629MB ave
 * Runtime: 0:03:30 min, 12:11:02 max, 2:47:39 ave
 * CPU eff: 16% min, 216% max, 73% ave
 * Waste: 33:26:05 (29% of total)

INFO 2021-03-26 12:07:39.445 UTC: 	 Log file is /afs/cern.ch/work/a/achhetri/NANO_AOD/CMSSW_10_6_8/src/WTopScalefactorProducer/Skimmer/NANOcrab/crab_Tprime_v5_NANo_AOD_106X/crab_QCD_Pt800to1000_v2/crab.log
