DEBUG 2021-03-10 18:11:30.908 UTC: 	 CRAB Client version: v3.201110
DEBUG 2021-03-10 18:11:30.908 UTC: 	 Running on: Linux lxplus719.cern.ch 3.10.0-1160.15.2.el7.x86_64 #1 SMP Wed Feb 3 15:06:38 UTC 2021 x86_64 x86_64 x86_64 GNU/Linux - CentOS Linux 7 (Core)
DEBUG 2021-03-10 18:11:30.908 UTC: 	 Executing command: 'submit'
DEBUG 2021-03-10 18:11:30.910 UTC: 	 Found CRAB cache file /afs/cern.ch/user/a/achhetri/.crab3
DEBUG 2021-03-10 18:11:30.912 UTC: 	 Will use CRAB Analysis plugin (i.e. will run an analysis job type).
DEBUG 2021-03-10 18:11:30.945 UTC: 	 Checking credentials
DEBUG 2021-03-10 18:11:30.946 UTC: 	 Found proxy file /afs/cern.ch/user/a/achhetri/x509up_u94350
DEBUG 2021-03-10 18:11:30.946 UTC: 	 Getting proxy life time left
DEBUG 2021-03-10 18:11:31.653 UTC: 	 Executing : 
 command : voms-proxy-info -file /afs/cern.ch/user/a/achhetri/x509up_u94350 -timeleft
 output : 668912

 error: 
 retcode : 0
DEBUG 2021-03-10 18:11:32.262 UTC: 	 Executing : 
 command : voms-proxy-info -file /afs/cern.ch/user/a/achhetri/x509up_u94350 -actimeleft
 output : 668910

 error: 
 retcode : 0
DEBUG 2021-03-10 18:11:32.262 UTC: 	 Proxy lifetime 668912 secs is different from voms extension lifetime 668910 secs for proxy: /afs/cern.ch/user/a/achhetri/x509up_u94350
DEBUG 2021-03-10 18:11:32.263 UTC: 	 Proxy valid for 185:48:30 hours
DEBUG 2021-03-10 18:11:33.176 UTC: 	 Executing : 
 command : env X509_USER_PROXY=/afs/cern.ch/user/a/achhetri/x509up_u94350 voms-proxy-info -fqan
 output : /cms/Role=NULL/Capability=NULL

 error: 
 retcode : 0
DEBUG 2021-03-10 18:11:33.229 UTC: 	 Registering user credentials for server /DC=ch/DC=cern/OU=computers/CN=vocms0105.cern.ch|/DC=ch/DC=cern/OU=computers/CN=crab-(preprod|prod|dev)-tw(02|01).cern.ch|/DC=ch/DC=cern/OU=computers/CN=(ddi|ddidk|mytw).cern.ch|/DC=ch/DC=cern/OU=computers/CN=stefanov(m|m2).cern.ch
DEBUG 2021-03-10 18:11:33.843 UTC: 	 Executing : 
 command : voms-proxy-info -file /afs/cern.ch/user/a/achhetri/x509up_u94350 -identity
 output : /DC=ch/DC=cern/OU=Organic Units/OU=Users/CN=achhetri/CN=804540/CN=Arjun Chhetri

 error: 
 retcode : 0
DEBUG 2021-03-10 18:11:33.851 UTC: 	 Getting myproxy life time left for myproxy.cern.ch
DEBUG 2021-03-10 18:11:33.852 UTC: 	 using eb0e67adc2dd9eb1770413a4ffd073f562b86f05 as credential login name
DEBUG 2021-03-10 18:11:34.158 UTC: 	 Executing : 
 command : myproxy-info -l eb0e67adc2dd9eb1770413a4ffd073f562b86f05 -s myproxy.cern.ch
 output : username: eb0e67adc2dd9eb1770413a4ffd073f562b86f05
owner: /DC=ch/DC=cern/OU=Organic Units/OU=Users/CN=achhetri/CN=804540/CN=Arjun Chhetri
  renewal policy: /DC=ch/DC=cern/OU=computers/CN=vocms0105.cern.ch|/DC=ch/DC=cern/OU=computers/CN=crab-(preprod|prod|dev)-tw(02|01).cern.ch|/DC=ch/DC=cern/OU=computers/CN=(ddi|ddidk|mytw).cern.ch|/DC=ch/DC=cern/OU=computers/CN=stefanov(m|m2).cern.ch
  trusted retrieval policy: /DC=ch/DC=cern/OU=computers/CN=vocms0105.cern.ch|/DC=ch/DC=cern/OU=computers/CN=crab-(preprod|prod|dev)-tw(02|01).cern.ch|/DC=ch/DC=cern/OU=computers/CN=(ddi|ddidk|mytw).cern.ch|/DC=ch/DC=cern/OU=computers/CN=stefanov(m|m2).cern.ch
  timeleft: 689:42:35  (28.7 days)

 error: 
 retcode : 0
DEBUG 2021-03-10 18:11:34.159 UTC: 	 Myproxy is valid: 2482955
DEBUG 2021-03-10 18:11:34.159 UTC: 	 Retrieving username ...
DEBUG 2021-03-10 18:11:34.159 UTC: 	 Retrieving username from CRIC...
DEBUG 2021-03-10 18:11:35.442 UTC: 	 username is achhetri
DEBUG 2021-03-10 18:11:35.450 UTC: 	 Getting myproxy life time left for myproxy.cern.ch
DEBUG 2021-03-10 18:11:35.451 UTC: 	 using achhetri_CRAB as credential login name
DEBUG 2021-03-10 18:11:35.755 UTC: 	 Executing : 
 command : myproxy-info -l achhetri_CRAB -s myproxy.cern.ch
 output : username: achhetri_CRAB
owner: /DC=ch/DC=cern/OU=Organic Units/OU=Users/CN=achhetri/CN=804540/CN=Arjun Chhetri
  renewal policy: /DC=ch/DC=cern/OU=computers/CN=vocms0105.cern.ch|/DC=ch/DC=cern/OU=computers/CN=crab-(preprod|prod|dev)-tw(02|01).cern.ch|/DC=ch/DC=cern/OU=computers/CN=(ddi|ddidk|mytw).cern.ch|/DC=ch/DC=cern/OU=computers/CN=stefanov(m|m2).cern.ch
  trusted retrieval policy: /DC=ch/DC=cern/OU=computers/CN=vocms0105.cern.ch|/DC=ch/DC=cern/OU=computers/CN=crab-(preprod|prod|dev)-tw(02|01).cern.ch|/DC=ch/DC=cern/OU=computers/CN=(ddi|ddidk|mytw).cern.ch|/DC=ch/DC=cern/OU=computers/CN=stefanov(m|m2).cern.ch
  timeleft: 326:40:05  (13.6 days)

 error: 
 retcode : 0
DEBUG 2021-03-10 18:11:35.756 UTC: 	 Myproxy is valid: 1176005
DEBUG 2021-03-10 18:11:35.861 UTC: 	 Executing : 
 command : openssl x509 -noout -in ~/.globus/usercert.pem -dates
 output : notBefore=Nov 11 12:18:59 2020 GMT
notAfter=Dec 16 12:18:59 2021 GMT

 error: 
 retcode : 0
DEBUG 2021-03-10 18:11:35.862 UTC: 	 Delegating a myproxy for 720:00 hours
DEBUG 2021-03-10 18:11:35.862 UTC: 	 using achhetri_CRAB as credential login name
DEBUG 2021-03-10 18:11:35.967 UTC: 	 Executing : 
 command : export GT_PROXY_MODE=rfc ; myproxy-init -d -n -s myproxy.cern.ch -x -R '/DC=ch/DC=cern/OU=computers/CN=vocms0105.cern.ch|/DC=ch/DC=cern/OU=computers/CN=crab-(preprod|prod|dev)-tw(02|01).cern.ch|/DC=ch/DC=cern/OU=computers/CN=(ddi|ddidk|mytw).cern.ch|/DC=ch/DC=cern/OU=computers/CN=stefanov(m|m2).cern.ch' -x -Z '/DC=ch/DC=cern/OU=computers/CN=vocms0105.cern.ch|/DC=ch/DC=cern/OU=computers/CN=crab-(preprod|prod|dev)-tw(02|01).cern.ch|/DC=ch/DC=cern/OU=computers/CN=(ddi|ddidk|mytw).cern.ch|/DC=ch/DC=cern/OU=computers/CN=stefanov(m|m2).cern.ch' -l 'achhetri_CRAB' -t 168:00 -c 720:00
 output : Your identity: /DC=ch/DC=cern/OU=Organic Units/OU=Users/CN=achhetri/CN=804540/CN=Arjun Chhetri

 error: Error: Couldn't read user key in /afs/cern.ch/user/a/achhetri/.globus/userkey.pem.
Use -debug for further information.
grid-proxy-init failed

 retcode : 1
DEBUG 2021-03-10 18:11:35.968 UTC: 	 using achhetri_CRAB as credential login name
DEBUG 2021-03-10 18:11:36.273 UTC: 	 Executing : 
 command : myproxy-info -l achhetri_CRAB -s myproxy.cern.ch
 output : username: achhetri_CRAB
owner: /DC=ch/DC=cern/OU=Organic Units/OU=Users/CN=achhetri/CN=804540/CN=Arjun Chhetri
  renewal policy: /DC=ch/DC=cern/OU=computers/CN=vocms0105.cern.ch|/DC=ch/DC=cern/OU=computers/CN=crab-(preprod|prod|dev)-tw(02|01).cern.ch|/DC=ch/DC=cern/OU=computers/CN=(ddi|ddidk|mytw).cern.ch|/DC=ch/DC=cern/OU=computers/CN=stefanov(m|m2).cern.ch
  trusted retrieval policy: /DC=ch/DC=cern/OU=computers/CN=vocms0105.cern.ch|/DC=ch/DC=cern/OU=computers/CN=crab-(preprod|prod|dev)-tw(02|01).cern.ch|/DC=ch/DC=cern/OU=computers/CN=(ddi|ddidk|mytw).cern.ch|/DC=ch/DC=cern/OU=computers/CN=stefanov(m|m2).cern.ch
  timeleft: 326:40:04  (13.6 days)

 error: 
 retcode : 0
DEBUG 2021-03-10 18:11:36.273 UTC: 	 My-proxy delegated.
DEBUG 2021-03-10 18:11:36.273 UTC: 	 Result of myproxy credential check:
  Credential exists on myproxy: username: eb0e67adc2dd9eb1770413a4ffd073f562b86f05  - validity: 28 days, 17:42:35
  Credential exists on myproxy: username: achhetri_CRAB  - validity: 13 days, 14:40:04
DEBUG 2021-03-10 18:11:36.273 UTC: 	 Command use: submit
DEBUG 2021-03-10 18:11:36.273 UTC: 	 Options use: ['--config', <WMCore.Configuration.Configuration object at 0x7f470fba4bd0>]
DEBUG 2021-03-10 18:11:36.331 UTC: 	 CRABClient version: v3.201110
DEBUG 2021-03-10 18:11:36.331 UTC: 	 Instance is prod
DEBUG 2021-03-10 18:11:36.331 UTC: 	 Server base url is cmsweb-k8s-prod.cern.ch
DEBUG 2021-03-10 18:11:36.331 UTC: 	 Command url /crabserver/prod/workflow
DEBUG 2021-03-10 18:11:36.332 UTC: 	 Started submission
DEBUG 2021-03-10 18:11:36.332 UTC: 	 Working on /afs/cern.ch/work/a/achhetri/NANO_AOD/CMSSW_10_6_8/src/WTopScalefactorProducer/Skimmer/NANOcrab/crab_Tprime_v5_NANo_AOD_106X/crab_QCD_Pt470to600_v2
DEBUG 2021-03-10 18:11:36.437 UTC: 	 Loading required information from the environment
DEBUG 2021-03-10 18:11:36.438 UTC: 	 Found CMSSW_10_6_8 for slc7_amd64_gcc700 with base /afs/cern.ch/work/a/achhetri/NANO_AOD/CMSSW_10_6_8
DEBUG 2021-03-10 18:11:36.438 UTC: 	 Loading required information from the environment
DEBUG 2021-03-10 18:11:36.438 UTC: 	 Found CMSSW_10_6_8 for slc7_amd64_gcc700 with base /afs/cern.ch/work/a/achhetri/NANO_AOD/CMSSW_10_6_8
DEBUG 2021-03-10 18:11:36.438 UTC: 	 UNIQUE NAME: tarUUID 1f5294fc-dd82-4265-949c-c388d9ab829b 
DEBUG 2021-03-10 18:11:36.438 UTC: 	 self.config: from WMCore.Configuration import Configuration
config = Configuration()
config.section_('General')
config.General.transferLogs = True
config.General.workArea = 'crab_Tprime_v5_NANo_AOD_106X'
config.General.requestName = 'QCD_Pt470to600_v2'
config.section_('JobType')
config.JobType.scriptExe = 'crab_script_Tprime.sh'
config.JobType.pluginName = 'Analysis'
config.JobType.sendPythonFolder = True
config.JobType.allowUndistributedCMSSW = True
config.JobType.psetName = 'PSet.py'
config.JobType.inputFiles = ['TprimeBToTH_LH_RunIISummer19UL16_Skimmer.py', 'keep_and_drop_v1.txt', '../../../PhysicsTools/NanoAODTools/scripts/haddnano.py']
config.section_('Data')
config.Data.inputDataset = '/QCD_Pt-470to600_MuEnrichedPt5_TuneCP5_13TeV_pythia8/RunIISummer19UL17NanoAODv2-106X_mc2017_realistic_v8-v1/NANOAODSIM'
config.Data.outputDatasetTag = 'QCD_Pt470to600_v2'
config.Data.publication = False
config.Data.unitsPerJob = 1
config.Data.inputDBS = 'global'
config.Data.splitting = 'FileBased'
config.Data.outLFNDirBase = '/store/user/achhetri/Tprime_v5_NANo_AOD_106X'
config.Data.totalUnits = 4
config.section_('Site')
config.Site.storageSite = 'T3_CH_CERNBOX'
config.section_('User')
config.section_('Debug')

DEBUG 2021-03-10 18:11:36.438 UTC: 	 self.config.JobType.psetName: PSet.py
INFO 2021-03-10 18:11:36.438 UTC: 	 Importing CMSSW configuration PSet.py
INFO 2021-03-10 18:11:36.439 UTC: 	 Finished importing CMSSW configuration PSet.py
DEBUG 2021-03-10 18:11:36.439 UTC: 	 Writing CMSSW configuration to /afs/cern.ch/work/a/achhetri/NANO_AOD/CMSSW_10_6_8/src/WTopScalefactorProducer/Skimmer/NANOcrab/crab_Tprime_v5_NANo_AOD_106X/crab_QCD_Pt470to600_v2/inputs/PSet.py
DEBUG 2021-03-10 18:11:36.447 UTC: 	 The following EDM output files will be collected: ['tree.root']
DEBUG 2021-03-10 18:11:36.448 UTC: 	 The following TFile output files will be collected: []
DEBUG 2021-03-10 18:11:36.448 UTC: 	 The following user output files (not listed as PoolOuputModule or TFileService in the CMSSW PSet) will be collected: 
DEBUG 2021-03-10 18:11:36.448 UTC: 	 Loading required information from the environment
DEBUG 2021-03-10 18:11:36.448 UTC: 	 Found CMSSW_10_6_8 for slc7_amd64_gcc700 with base /afs/cern.ch/work/a/achhetri/NANO_AOD/CMSSW_10_6_8
DEBUG 2021-03-10 18:11:36.448 UTC: 	 Making tarball in /afs/cern.ch/work/a/achhetri/NANO_AOD/CMSSW_10_6_8/src/WTopScalefactorProducer/Skimmer/NANOcrab/crab_Tprime_v5_NANo_AOD_106X/crab_QCD_Pt470to600_v2/inputs/1f5294fc-dd82-4265-949c-c388d9ab829bdefault.tgz
DEBUG 2021-03-10 18:11:36.449 UTC: 	 Checking directory /afs/cern.ch/work/a/achhetri/NANO_AOD/CMSSW_10_6_8/lib
DEBUG 2021-03-10 18:11:36.449 UTC: 	 Adding directory /afs/cern.ch/work/a/achhetri/NANO_AOD/CMSSW_10_6_8/lib to tarball
DEBUG 2021-03-10 18:11:36.553 UTC: 	 Checking directory /afs/cern.ch/work/a/achhetri/NANO_AOD/CMSSW_10_6_8/biglib
DEBUG 2021-03-10 18:11:36.553 UTC: 	 Adding directory /afs/cern.ch/work/a/achhetri/NANO_AOD/CMSSW_10_6_8/biglib to tarball
DEBUG 2021-03-10 18:11:36.553 UTC: 	 Checking directory /afs/cern.ch/work/a/achhetri/NANO_AOD/CMSSW_10_6_8/module
DEBUG 2021-03-10 18:11:36.554 UTC: 	 Checking directory /afs/cern.ch/work/a/achhetri/NANO_AOD/CMSSW_10_6_8/python
DEBUG 2021-03-10 18:11:36.554 UTC: 	 Adding directory /afs/cern.ch/work/a/achhetri/NANO_AOD/CMSSW_10_6_8/python to tarball
DEBUG 2021-03-10 18:11:38.087 UTC: 	 Checking directory /afs/cern.ch/work/a/achhetri/NANO_AOD/CMSSW_10_6_8/cfipython
DEBUG 2021-03-10 18:11:38.087 UTC: 	 Adding directory /afs/cern.ch/work/a/achhetri/NANO_AOD/CMSSW_10_6_8/cfipython to tarball
DEBUG 2021-03-10 18:11:38.091 UTC: 	 Adding data directory /afs/cern.ch/work/a/achhetri/NANO_AOD/CMSSW_10_6_8/src/PhysicsTools/NanoAODTools/data to tarball
DEBUG 2021-03-10 18:11:47.854 UTC: 	 Adding data directory /afs/cern.ch/work/a/achhetri/NANO_AOD/CMSSW_10_6_8/src/PhysicsTools/NanoAODTools/interface to tarball
DEBUG 2021-03-10 18:11:47.858 UTC: 	 Adding data directory /afs/cern.ch/work/a/achhetri/NANO_AOD/CMSSW_10_6_8/src/PhysicsTools/NanoAODTools/python/postprocessing/data to tarball
DEBUG 2021-03-10 18:11:51.719 UTC: 	 Adding file TprimeBToTH_LH_RunIISummer19UL16_Skimmer.py to tarball
DEBUG 2021-03-10 18:11:51.720 UTC: 	 Adding file keep_and_drop_v1.txt to tarball
DEBUG 2021-03-10 18:11:51.720 UTC: 	 Adding file ../../../PhysicsTools/NanoAODTools/scripts/haddnano.py to tarball
DEBUG 2021-03-10 18:11:55.226 UTC: 	 Uploading archive /afs/cern.ch/work/a/achhetri/NANO_AOD/CMSSW_10_6_8/src/WTopScalefactorProducer/Skimmer/NANOcrab/crab_Tprime_v5_NANo_AOD_106X/crab_QCD_Pt470to600_v2/inputs/1f5294fc-dd82-4265-949c-c388d9ab829bdefault.tgz (55 MB) to the CRAB cache. Using URI https://cmsweb.cern.ch:8443/crabcache
DEBUG 2021-03-10 18:12:29.097 UTC: 	 Loading required information from the environment
DEBUG 2021-03-10 18:12:29.097 UTC: 	 Found CMSSW_10_6_8 for slc7_amd64_gcc700 with base /afs/cern.ch/work/a/achhetri/NANO_AOD/CMSSW_10_6_8
DEBUG 2021-03-10 18:12:29.097 UTC: 	 Making tarball in /afs/cern.ch/work/a/achhetri/NANO_AOD/CMSSW_10_6_8/src/WTopScalefactorProducer/Skimmer/NANOcrab/crab_Tprime_v5_NANo_AOD_106X/crab_QCD_Pt470to600_v2/inputs/debugFiles.tgz
DEBUG 2021-03-10 18:12:29.121 UTC: 	 Uploading archive /afs/cern.ch/work/a/achhetri/NANO_AOD/CMSSW_10_6_8/src/WTopScalefactorProducer/Skimmer/NANOcrab/crab_Tprime_v5_NANo_AOD_106X/crab_QCD_Pt470to600_v2/inputs/debugFiles.tgz (1 KB) to the CRAB cache. Using URI https://cmsweb.cern.ch:8443/crabcache
DEBUG 2021-03-10 18:12:29.160 UTC: 	 Result uploading input files: c29edb9fb60c309f0cb5765582b0749acc12040e1e10f94e161f75dc89f31141.tar.gz 
INFO 2021-03-10 18:12:29.160 UTC: 	 Sending the request to the server at cmsweb-k8s-prod.cern.ch
DEBUG 2021-03-10 18:12:29.161 UTC: 	 Submitting {'maxjobruntime': 1250, 'extrajdl': [], 'lfn': '/store/user/achhetri/Tprime_v5_NANo_AOD_106X', 'savelogsflag': 1, 'useparent': 0, 'scriptexe': 'crab_script_Tprime.sh', 'asyncdest': 'T3_CH_CERNBOX', 'algoargs': 1, 'cachefilename': 'c29edb9fb60c309f0cb5765582b0749acc12040e1e10f94e161f75dc89f31141.tar.gz', 'numcores': 1, 'addoutputfiles': [], 'generator': 'pythia', 'maxmemory': 2000, 'publishdbsurl': 'https://cmsweb.cern.ch/dbs/prod/phys03/DBSWriter', 'priority': 10, 'jobsw': 'CMSSW_10_6_8', 'edmoutfiles': ['tree.root'], 'userfiles': [], 'primarydataset': '', 'inputdata': '/QCD_Pt-470to600_MuEnrichedPt5_TuneCP5_13TeV_pythia8/RunIISummer19UL17NanoAODv2-106X_mc2017_realistic_v8-v1/NANOAODSIM', 'ignorelocality': 0, 'dryrun': 0, 'workflow': 'crab_QCD_Pt470to600_v2', 'cacheurl': u'https://cmsweb.cern.ch:8443/crabcache', 'nonprodsw': 1, 'tfileoutfiles': [], 'oneEventMode': 0, 'debugfilename': '7ce0e82420d8015022655a5e930ef4670f8834048f9c5713e39b6561bbac3f5d.tar.gz', 'saveoutput': 1, 'publication': 0, 'jobarch': 'slc7_amd64_gcc700', 'totalunits': 4, 'splitalgo': 'FileBased', 'ignoreglobalblacklist': 0, 'nonvaliddata': 0, 'dbsurl': 'https://cmsweb.cern.ch/dbs/prod/global/DBSReader', 'publishgroupname': 0, 'jobtype': 'Analysis', 'publishname2': 'QCD_Pt470to600_v2'} 
DEBUG 2021-03-10 18:12:29.161 UTC: 	 Encoded submit request: maxjobruntime=1250&lfn=%2Fstore%2Fuser%2Fachhetri%2FTprime_v5_NANo_AOD_106X&savelogsflag=1&useparent=0&scriptexe=crab_script_Tprime.sh&asyncdest=T3_CH_CERNBOX&algoargs=1&cachefilename=c29edb9fb60c309f0cb5765582b0749acc12040e1e10f94e161f75dc89f31141.tar.gz&numcores=1&generator=pythia&maxmemory=2000&publishdbsurl=https%3A%2F%2Fcmsweb.cern.ch%2Fdbs%2Fprod%2Fphys03%2FDBSWriter&priority=10&jobsw=CMSSW_10_6_8&primarydataset=&inputdata=%2FQCD_Pt-470to600_MuEnrichedPt5_TuneCP5_13TeV_pythia8%2FRunIISummer19UL17NanoAODv2-106X_mc2017_realistic_v8-v1%2FNANOAODSIM&ignorelocality=0&dryrun=0&workflow=crab_QCD_Pt470to600_v2&cacheurl=https%3A%2F%2Fcmsweb.cern.ch%3A8443%2Fcrabcache&nonprodsw=1&oneEventMode=0&debugfilename=7ce0e82420d8015022655a5e930ef4670f8834048f9c5713e39b6561bbac3f5d.tar.gz&saveoutput=1&publication=0&jobarch=slc7_amd64_gcc700&totalunits=4&splitalgo=FileBased&ignoreglobalblacklist=0&nonvaliddata=0&dbsurl=https%3A%2F%2Fcmsweb.cern.ch%2Fdbs%2Fprod%2Fglobal%2FDBSReader&publishgroupname=0&jobtype=Analysis&publishname2=QCD_Pt470to600_v2&edmoutfiles=tree.root
DEBUG 2021-03-10 18:12:29.332 UTC: 	 Result: {u'result': [{u'RequestName': u'210310_181229:achhetri_crab_QCD_Pt470to600_v2'}]}
INFO 2021-03-10 18:12:29.335 UTC: 	 Success: Your task has been delivered to the prod CRAB3 server.
INFO 2021-03-10 18:12:29.335 UTC: 	 Task name: 210310_181229:achhetri_crab_QCD_Pt470to600_v2
INFO 2021-03-10 18:12:29.335 UTC: 	 Project dir: crab_Tprime_v5_NANo_AOD_106X/crab_QCD_Pt470to600_v2
INFO 2021-03-10 18:12:29.335 UTC: 	 Please use ' crab status -d crab_Tprime_v5_NANo_AOD_106X/crab_QCD_Pt470to600_v2 ' to check how the submission process proceeds.
DEBUG 2021-03-10 18:12:29.335 UTC: 	 About to return
DEBUG 2021-03-16 06:54:29.386 UTC: 	 CRAB Client version: v3.201110
DEBUG 2021-03-16 06:54:29.387 UTC: 	 Running on: Linux lxplus700.cern.ch 3.10.0-1160.15.2.el7.x86_64 #1 SMP Wed Feb 3 15:06:38 UTC 2021 x86_64 x86_64 x86_64 GNU/Linux - CentOS Linux 7 (Core)
DEBUG 2021-03-16 06:54:29.387 UTC: 	 Executing command: 'status'
DEBUG 2021-03-16 06:54:29.387 UTC: 	 Found CRAB cache file /afs/cern.ch/user/a/achhetri/.crab3
DEBUG 2021-03-16 06:54:29.479 UTC: 	 Checking credentials
DEBUG 2021-03-16 06:54:29.480 UTC: 	 Found proxy file /afs/cern.ch/user/a/achhetri/x509up_u94350
DEBUG 2021-03-16 06:54:29.480 UTC: 	 Getting proxy life time left
DEBUG 2021-03-16 06:54:30.084 UTC: 	 Executing : 
 command : voms-proxy-info -file /afs/cern.ch/user/a/achhetri/x509up_u94350 -timeleft
 output : 687346

 error: 
 retcode : 0
DEBUG 2021-03-16 06:54:30.690 UTC: 	 Executing : 
 command : voms-proxy-info -file /afs/cern.ch/user/a/achhetri/x509up_u94350 -actimeleft
 output : 687346

 error: 
 retcode : 0
DEBUG 2021-03-16 06:54:30.690 UTC: 	 Proxy valid for 190:55:46 hours
DEBUG 2021-03-16 06:54:30.739 UTC: 	 Registering user credentials for server /DC=ch/DC=cern/OU=computers/CN=vocms0105.cern.ch|/DC=ch/DC=cern/OU=computers/CN=crab-(preprod|prod|dev)-tw(02|01).cern.ch|/DC=ch/DC=cern/OU=computers/CN=(ddi|ddidk|mytw).cern.ch|/DC=ch/DC=cern/OU=computers/CN=stefanov(m|m2).cern.ch
DEBUG 2021-03-16 06:54:31.352 UTC: 	 Executing : 
 command : voms-proxy-info -file /afs/cern.ch/user/a/achhetri/x509up_u94350 -identity
 output : /DC=ch/DC=cern/OU=Organic Units/OU=Users/CN=achhetri/CN=804540/CN=Arjun Chhetri

 error: 
 retcode : 0
DEBUG 2021-03-16 06:54:31.358 UTC: 	 Getting myproxy life time left for myproxy.cern.ch
DEBUG 2021-03-16 06:54:31.359 UTC: 	 using eb0e67adc2dd9eb1770413a4ffd073f562b86f05 as credential login name
DEBUG 2021-03-16 06:54:31.662 UTC: 	 Executing : 
 command : myproxy-info -l eb0e67adc2dd9eb1770413a4ffd073f562b86f05 -s myproxy.cern.ch
 output : username: eb0e67adc2dd9eb1770413a4ffd073f562b86f05
owner: /DC=ch/DC=cern/OU=Organic Units/OU=Users/CN=achhetri/CN=804540/CN=Arjun Chhetri
  renewal policy: /DC=ch/DC=cern/OU=computers/CN=vocms0105.cern.ch|/DC=ch/DC=cern/OU=computers/CN=crab-(preprod|prod|dev)-tw(02|01).cern.ch|/DC=ch/DC=cern/OU=computers/CN=(ddi|ddidk|mytw).cern.ch|/DC=ch/DC=cern/OU=computers/CN=stefanov(m|m2).cern.ch
  trusted retrieval policy: /DC=ch/DC=cern/OU=computers/CN=vocms0105.cern.ch|/DC=ch/DC=cern/OU=computers/CN=crab-(preprod|prod|dev)-tw(02|01).cern.ch|/DC=ch/DC=cern/OU=computers/CN=(ddi|ddidk|mytw).cern.ch|/DC=ch/DC=cern/OU=computers/CN=stefanov(m|m2).cern.ch
  timeleft: 556:59:38  (23.2 days)

 error: 
 retcode : 0
DEBUG 2021-03-16 06:54:31.663 UTC: 	 Myproxy is valid: 2005178
DEBUG 2021-03-16 06:54:31.663 UTC: 	 Retrieving username ...
DEBUG 2021-03-16 06:54:31.663 UTC: 	 Retrieving username from CRIC...
DEBUG 2021-03-16 06:54:32.672 UTC: 	 username is achhetri
DEBUG 2021-03-16 06:54:32.677 UTC: 	 Getting myproxy life time left for myproxy.cern.ch
DEBUG 2021-03-16 06:54:32.677 UTC: 	 using achhetri_CRAB as credential login name
DEBUG 2021-03-16 06:54:32.981 UTC: 	 Executing : 
 command : myproxy-info -l achhetri_CRAB -s myproxy.cern.ch
 output : username: achhetri_CRAB
owner: /DC=ch/DC=cern/OU=Organic Units/OU=Users/CN=achhetri/CN=804540/CN=Arjun Chhetri
  renewal policy: /DC=ch/DC=cern/OU=computers/CN=vocms0105.cern.ch|/DC=ch/DC=cern/OU=computers/CN=crab-(preprod|prod|dev)-tw(02|01).cern.ch|/DC=ch/DC=cern/OU=computers/CN=(ddi|ddidk|mytw).cern.ch|/DC=ch/DC=cern/OU=computers/CN=stefanov(m|m2).cern.ch
  trusted retrieval policy: /DC=ch/DC=cern/OU=computers/CN=vocms0105.cern.ch|/DC=ch/DC=cern/OU=computers/CN=crab-(preprod|prod|dev)-tw(02|01).cern.ch|/DC=ch/DC=cern/OU=computers/CN=(ddi|ddidk|mytw).cern.ch|/DC=ch/DC=cern/OU=computers/CN=stefanov(m|m2).cern.ch
  timeleft: 193:57:08  (8.1 days)

 error: 
 retcode : 0
DEBUG 2021-03-16 06:54:32.981 UTC: 	 Myproxy is valid: 698228
DEBUG 2021-03-16 06:54:33.085 UTC: 	 Executing : 
 command : openssl x509 -noout -in ~/.globus/usercert.pem -dates
 output : notBefore=Nov 11 12:18:59 2020 GMT
notAfter=Dec 16 12:18:59 2021 GMT

 error: 
 retcode : 0
DEBUG 2021-03-16 06:54:33.089 UTC: 	 Delegating a myproxy for 720:00 hours
DEBUG 2021-03-16 06:54:33.089 UTC: 	 using achhetri_CRAB as credential login name
DEBUG 2021-03-16 06:54:33.394 UTC: 	 Executing : 
 command : export GT_PROXY_MODE=rfc ; myproxy-init -d -n -s myproxy.cern.ch -x -R '/DC=ch/DC=cern/OU=computers/CN=vocms0105.cern.ch|/DC=ch/DC=cern/OU=computers/CN=crab-(preprod|prod|dev)-tw(02|01).cern.ch|/DC=ch/DC=cern/OU=computers/CN=(ddi|ddidk|mytw).cern.ch|/DC=ch/DC=cern/OU=computers/CN=stefanov(m|m2).cern.ch' -x -Z '/DC=ch/DC=cern/OU=computers/CN=vocms0105.cern.ch|/DC=ch/DC=cern/OU=computers/CN=crab-(preprod|prod|dev)-tw(02|01).cern.ch|/DC=ch/DC=cern/OU=computers/CN=(ddi|ddidk|mytw).cern.ch|/DC=ch/DC=cern/OU=computers/CN=stefanov(m|m2).cern.ch' -l 'achhetri_CRAB' -t 168:00 -c 720:00
 output : Your identity: /DC=ch/DC=cern/OU=Organic Units/OU=Users/CN=achhetri/CN=804540/CN=Arjun Chhetri

 error: Error: Couldn't read user key in /afs/cern.ch/user/a/achhetri/.globus/userkey.pem.
Use -debug for further information.
grid-proxy-init failed

 retcode : 1
DEBUG 2021-03-16 06:54:33.394 UTC: 	 using achhetri_CRAB as credential login name
DEBUG 2021-03-16 06:54:33.698 UTC: 	 Executing : 
 command : myproxy-info -l achhetri_CRAB -s myproxy.cern.ch
 output : username: achhetri_CRAB
owner: /DC=ch/DC=cern/OU=Organic Units/OU=Users/CN=achhetri/CN=804540/CN=Arjun Chhetri
  renewal policy: /DC=ch/DC=cern/OU=computers/CN=vocms0105.cern.ch|/DC=ch/DC=cern/OU=computers/CN=crab-(preprod|prod|dev)-tw(02|01).cern.ch|/DC=ch/DC=cern/OU=computers/CN=(ddi|ddidk|mytw).cern.ch|/DC=ch/DC=cern/OU=computers/CN=stefanov(m|m2).cern.ch
  trusted retrieval policy: /DC=ch/DC=cern/OU=computers/CN=vocms0105.cern.ch|/DC=ch/DC=cern/OU=computers/CN=crab-(preprod|prod|dev)-tw(02|01).cern.ch|/DC=ch/DC=cern/OU=computers/CN=(ddi|ddidk|mytw).cern.ch|/DC=ch/DC=cern/OU=computers/CN=stefanov(m|m2).cern.ch
  timeleft: 193:57:07  (8.1 days)

 error: 
 retcode : 0
DEBUG 2021-03-16 06:54:33.699 UTC: 	 My-proxy delegated.
DEBUG 2021-03-16 06:54:33.699 UTC: 	 Result of myproxy credential check:
  Credential exists on myproxy: username: eb0e67adc2dd9eb1770413a4ffd073f562b86f05  - validity: 23 days, 4:59:38
  Credential exists on myproxy: username: achhetri_CRAB  - validity: 8 days, 1:57:07
DEBUG 2021-03-16 06:54:33.700 UTC: 	 Command use: status
DEBUG 2021-03-16 06:54:33.700 UTC: 	 Options use: ['-d', 'crab_Tprime_v5_NANo_AOD_106X/crab_QCD_Pt470to600_v2/']
DEBUG 2021-03-16 06:54:33.810 UTC: 	 CRABClient version: v3.201110
DEBUG 2021-03-16 06:54:33.811 UTC: 	 Instance is prod
DEBUG 2021-03-16 06:54:33.811 UTC: 	 Server base url is cmsweb-k8s-prod.cern.ch
DEBUG 2021-03-16 06:54:33.811 UTC: 	 Command url /crabserver/prod/workflow
DEBUG 2021-03-16 06:54:33.921 UTC: 	 Got information from server oracle database: {u'result': [u'210310_181229:achhetri_crab_QCD_Pt470to600_v2', u'None', u'None', u'SUBMITTED', u'SUBMIT', u'2021-03-10 18:12:29.325877', u'None', u'2021-03-10 18:12:59.166115', u'None', u'CMSSW_10_6_8', u'slc7_amd64_gcc700', u'/QCD_Pt-470to600_MuEnrichedPt5_TuneCP5_13TeV_pythia8/RunIISummer19UL17NanoAODv2-106X_mc2017_realistic_v8-v1/NANOAODSIM', u'F', u'0', u'[]', u'[]', u'FileBased', u"{'splitOnRun': False, 'halt_job_on_file_boundaries': False, 'files_per_job': 1, 'runs': [], 'lumis': []}", u'c29edb9fb60c309f0cb5765582b0749acc12040e1e10f94e161f75dc89f31141.tar.gz', u'https://cmsweb.cern.ch:8443/crabcache', u'achhetri', u'/DC=ch/DC=cern/OU=Organic Units/OU=Users/CN=achhetri/CN=804540/CN=Arjun Chhetri', u'cms', u'None', u'None', u'QCD_Pt470to600_v2-00000000000000000000000000000000', u'F', u'T3_CH_CERNBOX', u'https://cmsweb.cern.ch/dbs/prod/global/DBSReader', u'https://cmsweb.cern.ch/dbs/prod/phys03/DBSWriter', u'F', u'[]', u'[]', u"['tree.root']", u'Analysis', u'pythia', u'None', u'{}', u'[]', u'T', u'crab-prod-tw01', u'[]', u'1250', u'1', u'2000', u'10', u"['/QCD_Pt-470to600_MuEnrichedPt5_TuneCP5_13TeV_pythia8/achhetri-QCD_Pt470to600_v2-5d8f93ee2ba2db6b402c7167473e2950/USER']", u'[]', u'http://vocms0106.cern.ch/mon/cms341/210310_181229:achhetri_crab_QCD_Pt470to600_v2', u'crab_script_Tprime.sh', u'[]', u'[]', u'https://cmsweb.cern.ch/crabserver/prod', u'cmsgwms-collector-global.cern.ch:9620,cmsgwms-collector-global.fnal.gov', u'crab3@vocms0106.cern.ch', u'F', u'[]', u'T', u'/store/user/achhetri/Tprime_v5_NANo_AOD_106X', u'F', u'None', u'F', u'None', u'QCD_Pt-470to600_MuEnrichedPt5_TuneCP5_13TeV_pythia8', u'None', u'7ce0e82420d8015022655a5e930ef4670f8834048f9c5713e39b6561bbac3f5d.tar.gz', u'52889526', u'filetransfers', u'F', u'188.185.90.95', u'4.0', u'None'], u'desc': {u'columns': [u'tm_taskname', u'tm_activity', u'panda_jobset_id', u'tm_task_status', u'tm_task_command', u'tm_start_time', u'tm_start_injection', u'tm_end_injection', u'tm_task_failure', u'tm_job_sw', u'tm_job_arch', u'tm_input_dataset', u'tm_nonvalid_input_dataset', u'tm_use_parent', u'tm_site_whitelist', u'tm_site_blacklist', u'tm_split_algo', u'tm_split_args', u'tm_user_sandbox', u'tm_cache_url', u'tm_username', u'tm_user_dn', u'tm_user_vo', u'tm_user_role', u'tm_user_group', u'tm_publish_name', u'tm_publish_groupname', u'tm_asyncdest', u'tm_dbs_url', u'tm_publish_dbs_url', u'tm_publication', u'tm_outfiles', u'tm_tfile_outfiles', u'tm_edm_outfiles', u'tm_job_type', u'tm_generator', u'tm_events_per_lumi', u'tm_arguments', u'panda_resubmitted_jobs', u'tm_save_logs', u'tw_name', u'tm_user_infiles', u'tm_maxjobruntime', u'tm_numcores', u'tm_maxmemory', u'tm_priority', u'tm_output_dataset', u'tm_task_warnings', u'tm_user_webdir', u'tm_scriptexe', u'tm_scriptargs', u'tm_extrajdl', u'tm_asourl', u'tm_collector', u'tm_schedd', u'tm_dry_run', u'tm_user_files', u'tm_transfer_outputs', u'tm_output_lfn', u'tm_ignore_locality', u'tm_fail_limit', u'tm_one_event_mode', u'tm_secondary_input_dataset', u'tm_primary_dataset', u'tm_last_publication', u'tm_debug_files', u'clusterid', u'tm_asodb', u'tm_ignore_global_blacklist', u'tm_submitter_ip_addr', u'tm_totalunits', u'tm_ddm_reqid']}}
INFO 2021-03-16 06:54:33.921 UTC: 	 CRAB project directory:		/afs/cern.ch/work/a/achhetri/NANO_AOD/CMSSW_10_6_8/src/WTopScalefactorProducer/Skimmer/NANOcrab/crab_Tprime_v5_NANo_AOD_106X/crab_QCD_Pt470to600_v2
INFO 2021-03-16 06:54:33.922 UTC: 	 Task name:			210310_181229:achhetri_crab_QCD_Pt470to600_v2
INFO 2021-03-16 06:54:33.922 UTC: 	 Grid scheduler - Task Worker:	crab3@vocms0106.cern.ch - crab-prod-tw01
INFO 2021-03-16 06:54:33.922 UTC: 	 Status on the CRAB server:	SUBMITTED
INFO 2021-03-16 06:54:33.922 UTC: 	 Task URL to use for HELP:	https://cmsweb-k8s-prod.cern.ch/crabserver/ui/task/210310_181229%3Aachhetri_crab_QCD_Pt470to600_v2
INFO 2021-03-16 06:54:33.923 UTC: 	 Dashboard monitoring URL:	https://monit-grafana.cern.ch/d/cmsTMDetail/cms-task-monitoring-task-view?orgId=11&var-user=achhetri&var-task=210310_181229%3Aachhetri_crab_QCD_Pt470to600_v2&from=1615396349000&to=now
INFO 2021-03-16 06:54:33.923 UTC: 	 In case of issues with the dashboard, please provide feedback to hn-cms-computing-tools@cern.ch
DEBUG 2021-03-16 06:54:33.923 UTC: 	 The CRAB server submitted your task to the Grid scheduler (cluster ID: 52889526)
DEBUG 2021-03-16 06:54:33.923 UTC: 	 Webdir is located at http://vocms0106.cern.ch/mon/cms341/210310_181229:achhetri_crab_QCD_Pt470to600_v2
DEBUG 2021-03-16 06:54:33.974 UTC: 	 Proxied webdir is located at https://cmsweb.cern.ch:8443/scheddmon/0106/cms341/210310_181229:achhetri_crab_QCD_Pt470to600_v2
DEBUG 2021-03-16 06:54:33.974 UTC: 	 Retrieving 'status_cache' file from https://cmsweb.cern.ch:8443/scheddmon/0106/cms341/210310_181229:achhetri_crab_QCD_Pt470to600_v2/status_cache
DEBUG 2021-03-16 06:54:34.284 UTC: 	 Got information from status cache file: {'1': {'Retries': 0, 'WallDurations': [9.0, 57.64990210533142, 277.0], 'StartTimes': [1615400292.0], 'SubmitTimes': [1615399986.0], 'JobIds': ['52889529.0'], 'EndTimes': [1615400569.0], 'Restarts': 0, 'RecordedSite': True, 'State': 'finished', 'ResidentSetSize': [4284], 'TotalUserCpuTimeHistory': [97], 'SiteHistory': ['Unknown', 'T2_US_Wisconsin', 'T2_US_Wisconsin'], 'TotalSysCpuTimeHistory': [5]}, '3': {'Retries': 0, 'WallDurations': [8.0, 144.64990210533142, 2991.0], 'StartTimes': [1615400205.0], 'SubmitTimes': [1615399986.0], 'JobIds': ['52889530.0'], 'EndTimes': [1615403196.0], 'Restarts': 0, 'RecordedSite': True, 'State': 'finished', 'ResidentSetSize': [716288], 'TotalUserCpuTimeHistory': [2749], 'SiteHistory': ['Unknown', 'T1_IT_CNAF', 'T1_IT_CNAF'], 'TotalSysCpuTimeHistory': [119]}, '2': {'Retries': 0, 'WallDurations': [9.0, 61.64990210533142, 303.0], 'StartTimes': [1615400288.0], 'SubmitTimes': [1615399986.0], 'JobIds': ['52889531.0'], 'EndTimes': [1615400591.0], 'Restarts': 0, 'RecordedSite': True, 'State': 'finished', 'ResidentSetSize': [36800], 'TotalUserCpuTimeHistory': [226], 'SiteHistory': ['Unknown', 'T2_US_MIT', 'T2_US_MIT'], 'TotalSysCpuTimeHistory': [25]}, '4': {'Retries': 0, 'WallDurations': [8.0, 234.79624009132385, 304.0], 'StartTimes': [1615400415.0], 'SubmitTimes': [1615399986.0], 'JobIds': ['52889532.0'], 'EndTimes': [1615400719.0], 'Restarts': 0, 'RecordedSite': True, 'State': 'finished', 'ResidentSetSize': [28404], 'TotalUserCpuTimeHistory': [214], 'SiteHistory': ['Unknown', 'T1_IT_CNAF', 'T1_IT_CNAF'], 'TotalSysCpuTimeHistory': [13]}}
INFO 2021-03-16 06:54:34.284 UTC: 	 Status on the scheduler:	COMPLETED
INFO 2021-03-16 06:54:34.284 UTC: 	 
Jobs status:                    finished     		100.0% (4/4)
INFO 2021-03-16 06:54:34.284 UTC: 	 
No publication information (publication has been disabled in the CRAB configuration file)
INFO 2021-03-16 06:54:34.285 UTC: 	 
Warning: the max jobs runtime is less than 30% of the task requested value (1250 min), please consider to request a lower value for failed jobs (allowed through crab resubmit) and/or improve the jobs splitting (e.g. config.Data.splitting = 'Automatic') in a new task.
INFO 2021-03-16 06:54:34.285 UTC: 	 
Summary of run jobs:
 * Memory: 4MB min, 699MB max, 192MB ave
 * Runtime: 0:04:37 min, 0:49:51 max, 0:16:08 ave
 * CPU eff: 37% min, 96% max, 89% ave
 * Waste: 0:08:52 (12% of total)

INFO 2021-03-16 06:54:34.292 UTC: 	 Log file is /afs/cern.ch/work/a/achhetri/NANO_AOD/CMSSW_10_6_8/src/WTopScalefactorProducer/Skimmer/NANOcrab/crab_Tprime_v5_NANo_AOD_106X/crab_QCD_Pt470to600_v2/crab.log
DEBUG 2021-03-26 12:08:04.444 UTC: 	 CRAB Client version: v3.210127
DEBUG 2021-03-26 12:08:04.445 UTC: 	 Running on: Linux lxplus775.cern.ch 3.10.0-1160.15.2.el7.x86_64 #1 SMP Wed Feb 3 15:06:38 UTC 2021 x86_64 x86_64 x86_64 GNU/Linux - CentOS Linux 7 (Core)
DEBUG 2021-03-26 12:08:04.445 UTC: 	 Executing command: 'status'
DEBUG 2021-03-26 12:08:04.445 UTC: 	 Found CRAB cache file /afs/cern.ch/user/a/achhetri/.crab3
DEBUG 2021-03-26 12:08:04.553 UTC: 	 Checking credentials
DEBUG 2021-03-26 12:08:04.553 UTC: 	 Found proxy file /afs/cern.ch/user/a/achhetri/x509up_u94350
DEBUG 2021-03-26 12:08:04.553 UTC: 	 Getting proxy life time left
DEBUG 2021-03-26 12:08:05.371 UTC: 	 Executing : 
 command : voms-proxy-info -file /afs/cern.ch/user/a/achhetri/x509up_u94350 -timeleft
 output : 674455

 error: 
 retcode : 0
DEBUG 2021-03-26 12:08:06.189 UTC: 	 Executing : 
 command : voms-proxy-info -file /afs/cern.ch/user/a/achhetri/x509up_u94350 -actimeleft
 output : 674454

 error: 
 retcode : 0
DEBUG 2021-03-26 12:08:06.189 UTC: 	 Proxy lifetime 674455 secs is different from voms extension lifetime 674454 secs for proxy: /afs/cern.ch/user/a/achhetri/x509up_u94350
DEBUG 2021-03-26 12:08:06.189 UTC: 	 Proxy valid for 187:20:54 hours
DEBUG 2021-03-26 12:08:06.248 UTC: 	 Registering user credentials for server /DC=ch/DC=cern/OU=computers/CN=vocms0105.cern.ch|/DC=ch/DC=cern/OU=computers/CN=crab-(preprod|prod|dev)-tw(02|01).cern.ch|/DC=ch/DC=cern/OU=computers/CN=(ddi|ddidk|mytw).cern.ch|/DC=ch/DC=cern/OU=computers/CN=stefanov(m|m2).cern.ch
DEBUG 2021-03-26 12:08:07.071 UTC: 	 Executing : 
 command : voms-proxy-info -file /afs/cern.ch/user/a/achhetri/x509up_u94350 -identity
 output : /DC=ch/DC=cern/OU=Organic Units/OU=Users/CN=achhetri/CN=804540/CN=Arjun Chhetri

 error: 
 retcode : 0
DEBUG 2021-03-26 12:08:07.078 UTC: 	 Getting myproxy life time left for myproxy.cern.ch
DEBUG 2021-03-26 12:08:07.078 UTC: 	 using eb0e67adc2dd9eb1770413a4ffd073f562b86f05 as credential login name
DEBUG 2021-03-26 12:08:07.489 UTC: 	 Executing : 
 command : myproxy-info -l eb0e67adc2dd9eb1770413a4ffd073f562b86f05 -s myproxy.cern.ch
 output : username: eb0e67adc2dd9eb1770413a4ffd073f562b86f05
owner: /DC=ch/DC=cern/OU=Organic Units/OU=Users/CN=achhetri/CN=804540/CN=Arjun Chhetri
  renewal policy: /DC=ch/DC=cern/OU=computers/CN=vocms0105.cern.ch|/DC=ch/DC=cern/OU=computers/CN=crab-(preprod|prod|dev)-tw(02|01).cern.ch|/DC=ch/DC=cern/OU=computers/CN=(ddi|ddidk|mytw).cern.ch|/DC=ch/DC=cern/OU=computers/CN=stefanov(m|m2).cern.ch
  trusted retrieval policy: /DC=ch/DC=cern/OU=computers/CN=vocms0105.cern.ch|/DC=ch/DC=cern/OU=computers/CN=crab-(preprod|prod|dev)-tw(02|01).cern.ch|/DC=ch/DC=cern/OU=computers/CN=(ddi|ddidk|mytw).cern.ch|/DC=ch/DC=cern/OU=computers/CN=stefanov(m|m2).cern.ch
  timeleft: 718:33:04  (29.9 days)

 error: 
 retcode : 0
DEBUG 2021-03-26 12:08:07.490 UTC: 	 Myproxy is valid: 2586784
DEBUG 2021-03-26 12:08:07.491 UTC: 	 Retrieving username ...
DEBUG 2021-03-26 12:08:07.491 UTC: 	 Retrieving username from CRIC...
DEBUG 2021-03-26 12:08:09.655 UTC: 	 username is achhetri
DEBUG 2021-03-26 12:08:09.666 UTC: 	 Getting myproxy life time left for myproxy.cern.ch
DEBUG 2021-03-26 12:08:09.666 UTC: 	 using achhetri_CRAB as credential login name
DEBUG 2021-03-26 12:08:10.075 UTC: 	 Executing : 
 command : myproxy-info -l achhetri_CRAB -s myproxy.cern.ch
 output : username: achhetri_CRAB
owner: /DC=ch/DC=cern/OU=Organic Units/OU=Users/CN=achhetri/CN=804540/CN=Arjun Chhetri
  renewal policy: /DC=ch/DC=cern/OU=computers/CN=vocms0105.cern.ch|/DC=ch/DC=cern/OU=computers/CN=crab-(preprod|prod|dev)-tw(02|01).cern.ch|/DC=ch/DC=cern/OU=computers/CN=(ddi|ddidk|mytw).cern.ch|/DC=ch/DC=cern/OU=computers/CN=stefanov(m|m2).cern.ch
  trusted retrieval policy: /DC=ch/DC=cern/OU=computers/CN=vocms0105.cern.ch|/DC=ch/DC=cern/OU=computers/CN=crab-(preprod|prod|dev)-tw(02|01).cern.ch|/DC=ch/DC=cern/OU=computers/CN=(ddi|ddidk|mytw).cern.ch|/DC=ch/DC=cern/OU=computers/CN=stefanov(m|m2).cern.ch
  timeleft: 718:33:10  (29.9 days)

 error: 
 retcode : 0
DEBUG 2021-03-26 12:08:10.076 UTC: 	 Myproxy is valid: 2586790
DEBUG 2021-03-26 12:08:10.076 UTC: 	 Result of myproxy credential check:
  Credential exists on myproxy: username: eb0e67adc2dd9eb1770413a4ffd073f562b86f05  - validity: 29 days, 22:33:04
  Credential exists on myproxy: username: achhetri_CRAB  - validity: 29 days, 22:33:10
DEBUG 2021-03-26 12:08:10.077 UTC: 	 Command use: status
DEBUG 2021-03-26 12:08:10.077 UTC: 	 Options use: ['-d', 'crab_QCD_Pt470to600_v2/']
DEBUG 2021-03-26 12:08:10.154 UTC: 	 CRABClient version: v3.210127
DEBUG 2021-03-26 12:08:10.154 UTC: 	 Instance is prod
DEBUG 2021-03-26 12:08:10.154 UTC: 	 Server base url is cmsweb-k8s-prod.cern.ch
DEBUG 2021-03-26 12:08:10.154 UTC: 	 Command url /crabserver/prod/workflow
DEBUG 2021-03-26 12:08:10.238 UTC: 	 Got information from server oracle database: {u'result': [u'210310_181229:achhetri_crab_QCD_Pt470to600_v2', u'None', u'None', u'SUBMITTED', u'SUBMIT', u'2021-03-10 18:12:29.325877', u'None', u'2021-03-10 18:12:59.166115', u'None', u'CMSSW_10_6_8', u'slc7_amd64_gcc700', u'/QCD_Pt-470to600_MuEnrichedPt5_TuneCP5_13TeV_pythia8/RunIISummer19UL17NanoAODv2-106X_mc2017_realistic_v8-v1/NANOAODSIM', u'F', u'0', u'[]', u'[]', u'FileBased', u"{'splitOnRun': False, 'halt_job_on_file_boundaries': False, 'files_per_job': 1, 'runs': [], 'lumis': []}", u'c29edb9fb60c309f0cb5765582b0749acc12040e1e10f94e161f75dc89f31141.tar.gz', u'https://cmsweb.cern.ch:8443/crabcache', u'achhetri', u'/DC=ch/DC=cern/OU=Organic Units/OU=Users/CN=achhetri/CN=804540/CN=Arjun Chhetri', u'cms', u'None', u'None', u'QCD_Pt470to600_v2-00000000000000000000000000000000', u'F', u'T3_CH_CERNBOX', u'https://cmsweb.cern.ch/dbs/prod/global/DBSReader', u'https://cmsweb.cern.ch/dbs/prod/phys03/DBSWriter', u'F', u'[]', u'[]', u"['tree.root']", u'Analysis', u'pythia', u'None', u'{}', u'[]', u'T', u'crab-prod-tw01', u'[]', u'1250', u'1', u'2000', u'10', u"['/QCD_Pt-470to600_MuEnrichedPt5_TuneCP5_13TeV_pythia8/achhetri-QCD_Pt470to600_v2-5d8f93ee2ba2db6b402c7167473e2950/USER']", u'[]', u'http://vocms0106.cern.ch/mon/cms341/210310_181229:achhetri_crab_QCD_Pt470to600_v2', u'crab_script_Tprime.sh', u'[]', u'[]', u'https://cmsweb.cern.ch/crabserver/prod', u'cmsgwms-collector-global.cern.ch:9620,cmsgwms-collector-global.fnal.gov', u'crab3@vocms0106.cern.ch', u'F', u'[]', u'T', u'/store/user/achhetri/Tprime_v5_NANo_AOD_106X', u'F', u'None', u'F', u'None', u'QCD_Pt-470to600_MuEnrichedPt5_TuneCP5_13TeV_pythia8', u'None', u'7ce0e82420d8015022655a5e930ef4670f8834048f9c5713e39b6561bbac3f5d.tar.gz', u'52889526', u'filetransfers', u'F', u'188.185.90.95', u'4.0', u'None'], u'desc': {u'columns': [u'tm_taskname', u'tm_activity', u'panda_jobset_id', u'tm_task_status', u'tm_task_command', u'tm_start_time', u'tm_start_injection', u'tm_end_injection', u'tm_task_failure', u'tm_job_sw', u'tm_job_arch', u'tm_input_dataset', u'tm_nonvalid_input_dataset', u'tm_use_parent', u'tm_site_whitelist', u'tm_site_blacklist', u'tm_split_algo', u'tm_split_args', u'tm_user_sandbox', u'tm_cache_url', u'tm_username', u'tm_user_dn', u'tm_user_vo', u'tm_user_role', u'tm_user_group', u'tm_publish_name', u'tm_publish_groupname', u'tm_asyncdest', u'tm_dbs_url', u'tm_publish_dbs_url', u'tm_publication', u'tm_outfiles', u'tm_tfile_outfiles', u'tm_edm_outfiles', u'tm_job_type', u'tm_generator', u'tm_events_per_lumi', u'tm_arguments', u'panda_resubmitted_jobs', u'tm_save_logs', u'tw_name', u'tm_user_infiles', u'tm_maxjobruntime', u'tm_numcores', u'tm_maxmemory', u'tm_priority', u'tm_output_dataset', u'tm_task_warnings', u'tm_user_webdir', u'tm_scriptexe', u'tm_scriptargs', u'tm_extrajdl', u'tm_asourl', u'tm_collector', u'tm_schedd', u'tm_dry_run', u'tm_user_files', u'tm_transfer_outputs', u'tm_output_lfn', u'tm_ignore_locality', u'tm_fail_limit', u'tm_one_event_mode', u'tm_secondary_input_dataset', u'tm_primary_dataset', u'tm_last_publication', u'tm_debug_files', u'clusterid', u'tm_asodb', u'tm_ignore_global_blacklist', u'tm_submitter_ip_addr', u'tm_totalunits', u'tm_ddm_reqid']}}
INFO 2021-03-26 12:08:10.238 UTC: 	 CRAB project directory:		/afs/cern.ch/work/a/achhetri/NANO_AOD/CMSSW_10_6_8/src/WTopScalefactorProducer/Skimmer/NANOcrab/crab_Tprime_v5_NANo_AOD_106X/crab_QCD_Pt470to600_v2
INFO 2021-03-26 12:08:10.239 UTC: 	 Task name:			210310_181229:achhetri_crab_QCD_Pt470to600_v2
INFO 2021-03-26 12:08:10.239 UTC: 	 Grid scheduler - Task Worker:	crab3@vocms0106.cern.ch - crab-prod-tw01
INFO 2021-03-26 12:08:10.239 UTC: 	 Status on the CRAB server:	SUBMITTED
INFO 2021-03-26 12:08:10.239 UTC: 	 Task URL to use for HELP:	https://cmsweb-k8s-prod.cern.ch/crabserver/ui/task/210310_181229%3Aachhetri_crab_QCD_Pt470to600_v2
INFO 2021-03-26 12:08:10.242 UTC: 	 Dashboard monitoring URL:	https://monit-grafana.cern.ch/d/cmsTMDetail/cms-task-monitoring-task-view?orgId=11&var-user=achhetri&var-task=210310_181229%3Aachhetri_crab_QCD_Pt470to600_v2&from=1615396349000&to=now
INFO 2021-03-26 12:08:10.242 UTC: 	 In case of issues with the dashboard, please provide feedback to hn-cms-computing-tools@cern.ch
DEBUG 2021-03-26 12:08:10.242 UTC: 	 The CRAB server submitted your task to the Grid scheduler (cluster ID: 52889526)
DEBUG 2021-03-26 12:08:10.242 UTC: 	 Webdir is located at http://vocms0106.cern.ch/mon/cms341/210310_181229:achhetri_crab_QCD_Pt470to600_v2
DEBUG 2021-03-26 12:08:10.354 UTC: 	 Proxied webdir is located at https://cmsweb.cern.ch:8443/scheddmon/0106/cms341/210310_181229:achhetri_crab_QCD_Pt470to600_v2
DEBUG 2021-03-26 12:08:10.354 UTC: 	 Retrieving 'status_cache' file from https://cmsweb.cern.ch:8443/scheddmon/0106/cms341/210310_181229:achhetri_crab_QCD_Pt470to600_v2/status_cache
DEBUG 2021-03-26 12:08:10.781 UTC: 	 Got information from status cache file: {'1': {'Retries': 0, 'WallDurations': [9.0, 57.64990210533142, 277.0], 'StartTimes': [1615400292.0], 'SubmitTimes': [1615399986.0], 'JobIds': ['52889529.0'], 'EndTimes': [1615400569.0], 'Restarts': 0, 'RecordedSite': True, 'State': 'finished', 'ResidentSetSize': [4284], 'TotalUserCpuTimeHistory': [97], 'SiteHistory': ['Unknown', 'T2_US_Wisconsin', 'T2_US_Wisconsin'], 'TotalSysCpuTimeHistory': [5]}, '3': {'Retries': 0, 'WallDurations': [8.0, 144.64990210533142, 2991.0], 'StartTimes': [1615400205.0], 'SubmitTimes': [1615399986.0], 'JobIds': ['52889530.0'], 'EndTimes': [1615403196.0], 'Restarts': 0, 'RecordedSite': True, 'State': 'finished', 'ResidentSetSize': [716288], 'TotalUserCpuTimeHistory': [2749], 'SiteHistory': ['Unknown', 'T1_IT_CNAF', 'T1_IT_CNAF'], 'TotalSysCpuTimeHistory': [119]}, '2': {'Retries': 0, 'WallDurations': [9.0, 61.64990210533142, 303.0], 'StartTimes': [1615400288.0], 'SubmitTimes': [1615399986.0], 'JobIds': ['52889531.0'], 'EndTimes': [1615400591.0], 'Restarts': 0, 'RecordedSite': True, 'State': 'finished', 'ResidentSetSize': [36800], 'TotalUserCpuTimeHistory': [226], 'SiteHistory': ['Unknown', 'T2_US_MIT', 'T2_US_MIT'], 'TotalSysCpuTimeHistory': [25]}, '4': {'Retries': 0, 'WallDurations': [8.0, 234.79624009132385, 304.0], 'StartTimes': [1615400415.0], 'SubmitTimes': [1615399986.0], 'JobIds': ['52889532.0'], 'EndTimes': [1615400719.0], 'Restarts': 0, 'RecordedSite': True, 'State': 'finished', 'ResidentSetSize': [28404], 'TotalUserCpuTimeHistory': [214], 'SiteHistory': ['Unknown', 'T1_IT_CNAF', 'T1_IT_CNAF'], 'TotalSysCpuTimeHistory': [13]}}
INFO 2021-03-26 12:08:10.781 UTC: 	 Status on the scheduler:	COMPLETED
INFO 2021-03-26 12:08:10.782 UTC: 	 
Jobs status:                    finished     		100.0% (4/4)
INFO 2021-03-26 12:08:10.782 UTC: 	 
No publication information (publication has been disabled in the CRAB configuration file)
INFO 2021-03-26 12:08:10.783 UTC: 	 
Warning: the max jobs runtime is less than 30% of the task requested value (1250 min), please consider to request a lower value for failed jobs (allowed through crab resubmit) and/or improve the jobs splitting (e.g. config.Data.splitting = 'Automatic') in a new task.
INFO 2021-03-26 12:08:10.783 UTC: 	 
Summary of run jobs:
 * Memory: 4MB min, 699MB max, 192MB ave
 * Runtime: 0:04:37 min, 0:49:51 max, 0:16:08 ave
 * CPU eff: 37% min, 96% max, 89% ave
 * Waste: 0:08:52 (12% of total)

INFO 2021-03-26 12:08:10.809 UTC: 	 Log file is /afs/cern.ch/work/a/achhetri/NANO_AOD/CMSSW_10_6_8/src/WTopScalefactorProducer/Skimmer/NANOcrab/crab_Tprime_v5_NANo_AOD_106X/crab_QCD_Pt470to600_v2/crab.log
