DEBUG 2021-06-28 14:08:35.018 UTC: 	 CRAB Client version: v3.210610
DEBUG 2021-06-28 14:08:35.019 UTC: 	 Running on: Linux lxplus763.cern.ch 3.10.0-1160.25.1.el7.x86_64 #1 SMP Wed Apr 28 21:49:45 UTC 2021 x86_64 x86_64 x86_64 GNU/Linux - CentOS Linux 7 (Core)
DEBUG 2021-06-28 14:08:35.019 UTC: 	 Executing command: 'submit'
DEBUG 2021-06-28 14:08:35.019 UTC: 	 Found CRAB cache file /afs/cern.ch/user/a/achhetri/.crab3
DEBUG 2021-06-28 14:08:35.020 UTC: 	 Will use CRAB Analysis plugin (i.e. will run an analysis job type).
DEBUG 2021-06-28 14:08:35.036 UTC: 	 Checking credentials
DEBUG 2021-06-28 14:08:35.037 UTC: 	 Found proxy file /tmp/x509up_u94350
DEBUG 2021-06-28 14:08:35.037 UTC: 	 Getting proxy life time left
DEBUG 2021-06-28 14:08:35.642 UTC: 	 Executing : 
 command : voms-proxy-info -file /tmp/x509up_u94350 -timeleft
 output : 690230

 error: 
 retcode : 0
DEBUG 2021-06-28 14:08:36.247 UTC: 	 Executing : 
 command : voms-proxy-info -file /tmp/x509up_u94350 -actimeleft
 output : 690229

 error: 
 retcode : 0
DEBUG 2021-06-28 14:08:36.247 UTC: 	 Proxy lifetime 690230 secs is different from voms extension lifetime 690229 secs for proxy: /tmp/x509up_u94350
DEBUG 2021-06-28 14:08:36.247 UTC: 	 Proxy valid for 191:43:49 hours
DEBUG 2021-06-28 14:08:36.855 UTC: 	 Executing : 
 command : env X509_USER_PROXY=/tmp/x509up_u94350 voms-proxy-info -fqan
 output : /cms/Role=NULL/Capability=NULL

 error: 
 retcode : 0
DEBUG 2021-06-28 14:08:36.932 UTC: 	 Registering user credentials for server /DC=ch/DC=cern/OU=computers/CN=crab-(preprod|prod|dev)-tw(02|01).cern.ch|/DC=ch/DC=cern/OU=computers/CN=(ddi|ddidk|mytw).cern.ch|/DC=ch/DC=cern/OU=computers/CN=stefanov(m|m2).cern.ch
DEBUG 2021-06-28 14:08:37.544 UTC: 	 Executing : 
 command : voms-proxy-info -file /tmp/x509up_u94350 -identity
 output : /DC=ch/DC=cern/OU=Organic Units/OU=Users/CN=achhetri/CN=804540/CN=Arjun Chhetri

 error: 
 retcode : 0
DEBUG 2021-06-28 14:08:37.551 UTC: 	 Getting myproxy life time left for myproxy.cern.ch
DEBUG 2021-06-28 14:08:37.551 UTC: 	 using eb0e67adc2dd9eb1770413a4ffd073f562b86f05 as credential login name
DEBUG 2021-06-28 14:08:37.855 UTC: 	 Executing : 
 command : myproxy-info -l eb0e67adc2dd9eb1770413a4ffd073f562b86f05 -s myproxy.cern.ch
 output : username: eb0e67adc2dd9eb1770413a4ffd073f562b86f05
owner: /DC=ch/DC=cern/OU=Organic Units/OU=Users/CN=achhetri/CN=804540/CN=Arjun Chhetri
  renewal policy: /DC=ch/DC=cern/OU=computers/CN=vocms0105.cern.ch|/DC=ch/DC=cern/OU=computers/CN=crab-(preprod|prod|dev)-tw(02|01).cern.ch|/DC=ch/DC=cern/OU=computers/CN=(ddi|ddidk|mytw).cern.ch|/DC=ch/DC=cern/OU=computers/CN=stefanov(m|m2).cern.ch
  trusted retrieval policy: /DC=ch/DC=cern/OU=computers/CN=vocms0105.cern.ch|/DC=ch/DC=cern/OU=computers/CN=crab-(preprod|prod|dev)-tw(02|01).cern.ch|/DC=ch/DC=cern/OU=computers/CN=(ddi|ddidk|mytw).cern.ch|/DC=ch/DC=cern/OU=computers/CN=stefanov(m|m2).cern.ch
  timeleft: 0:00:00

 error: 
 retcode : 0
DEBUG 2021-06-28 14:08:37.856 UTC: 	 Myproxy is valid: 0
DEBUG 2021-06-28 14:08:37.961 UTC: 	 Executing : 
 command : openssl x509 -noout -in ~/.globus/usercert.pem -dates
 output : notBefore=Nov 11 12:18:59 2020 GMT
notAfter=Dec 16 12:18:59 2021 GMT

 error: 
 retcode : 0
DEBUG 2021-06-28 14:08:37.961 UTC: 	 Delegating a myproxy for 720:00 hours
DEBUG 2021-06-28 14:08:37.961 UTC: 	 using eb0e67adc2dd9eb1770413a4ffd073f562b86f05 as credential login name
DEBUG 2021-06-28 14:08:38.067 UTC: 	 Executing : 
 command : export GT_PROXY_MODE=rfc ; myproxy-init -d -n -s myproxy.cern.ch -x -R '/DC=ch/DC=cern/OU=computers/CN=crab-(preprod|prod|dev)-tw(02|01).cern.ch|/DC=ch/DC=cern/OU=computers/CN=(ddi|ddidk|mytw).cern.ch|/DC=ch/DC=cern/OU=computers/CN=stefanov(m|m2).cern.ch' -x -Z '/DC=ch/DC=cern/OU=computers/CN=crab-(preprod|prod|dev)-tw(02|01).cern.ch|/DC=ch/DC=cern/OU=computers/CN=(ddi|ddidk|mytw).cern.ch|/DC=ch/DC=cern/OU=computers/CN=stefanov(m|m2).cern.ch' -l 'eb0e67adc2dd9eb1770413a4ffd073f562b86f05' -t 168:00 -c 720:00
 output : Your identity: /DC=ch/DC=cern/OU=Organic Units/OU=Users/CN=achhetri/CN=804540/CN=Arjun Chhetri

 error: Error: Couldn't read user key in /afs/cern.ch/user/a/achhetri/.globus/userkey.pem.
Use -debug for further information.
grid-proxy-init failed

 retcode : 1
DEBUG 2021-06-28 14:08:38.067 UTC: 	 using eb0e67adc2dd9eb1770413a4ffd073f562b86f05 as credential login name
DEBUG 2021-06-28 14:08:38.372 UTC: 	 Executing : 
 command : myproxy-info -l eb0e67adc2dd9eb1770413a4ffd073f562b86f05 -s myproxy.cern.ch
 output : username: eb0e67adc2dd9eb1770413a4ffd073f562b86f05
owner: /DC=ch/DC=cern/OU=Organic Units/OU=Users/CN=achhetri/CN=804540/CN=Arjun Chhetri
  renewal policy: /DC=ch/DC=cern/OU=computers/CN=vocms0105.cern.ch|/DC=ch/DC=cern/OU=computers/CN=crab-(preprod|prod|dev)-tw(02|01).cern.ch|/DC=ch/DC=cern/OU=computers/CN=(ddi|ddidk|mytw).cern.ch|/DC=ch/DC=cern/OU=computers/CN=stefanov(m|m2).cern.ch
  trusted retrieval policy: /DC=ch/DC=cern/OU=computers/CN=vocms0105.cern.ch|/DC=ch/DC=cern/OU=computers/CN=crab-(preprod|prod|dev)-tw(02|01).cern.ch|/DC=ch/DC=cern/OU=computers/CN=(ddi|ddidk|mytw).cern.ch|/DC=ch/DC=cern/OU=computers/CN=stefanov(m|m2).cern.ch
  timeleft: 0:00:00

 error: 
 retcode : 0
DEBUG 2021-06-28 14:08:38.372 UTC: 	 Retrieving username ...
DEBUG 2021-06-28 14:08:38.372 UTC: 	 Retrieving username from CRIC...
DEBUG 2021-06-28 14:08:39.138 UTC: 	 username is achhetri
DEBUG 2021-06-28 14:08:39.144 UTC: 	 Getting myproxy life time left for myproxy.cern.ch
DEBUG 2021-06-28 14:08:39.144 UTC: 	 using achhetri_CRAB as credential login name
DEBUG 2021-06-28 14:08:39.448 UTC: 	 Executing : 
 command : myproxy-info -l achhetri_CRAB -s myproxy.cern.ch
 output : username: achhetri_CRAB
owner: /DC=ch/DC=cern/OU=Organic Units/OU=Users/CN=achhetri/CN=804540/CN=Arjun Chhetri
  renewal policy: /DC=ch/DC=cern/OU=computers/CN=crab-(preprod|prod|dev)-tw(02|01).cern.ch|/DC=ch/DC=cern/OU=computers/CN=(ddi|ddidk|mytw).cern.ch|/DC=ch/DC=cern/OU=computers/CN=stefanov(m|m2).cern.ch
  trusted retrieval policy: /DC=ch/DC=cern/OU=computers/CN=crab-(preprod|prod|dev)-tw(02|01).cern.ch|/DC=ch/DC=cern/OU=computers/CN=(ddi|ddidk|mytw).cern.ch|/DC=ch/DC=cern/OU=computers/CN=stefanov(m|m2).cern.ch
  timeleft: 430:59:39  (18.0 days)

 error: 
 retcode : 0
DEBUG 2021-06-28 14:08:39.448 UTC: 	 Myproxy is valid: 1551579
DEBUG 2021-06-28 14:08:39.448 UTC: 	 Result of myproxy credential check:
  Error trying to create credential:
 Problems delegating My-proxy. It seems your proxy has not been delegated to myproxy. Please check the logfile for the exact error (Maybe you simply typed a wrong password)
  Credential exists on myproxy: username: achhetri_CRAB  - validity: 17 days, 22:59:39
DEBUG 2021-06-28 14:08:39.448 UTC: 	 Command use: submit
DEBUG 2021-06-28 14:08:39.448 UTC: 	 Options use: ['--config', <WMCore.Configuration.Configuration object at 0x7ffbedc0db50>]
DEBUG 2021-06-28 14:08:39.556 UTC: 	 CRABClient version: v3.210610
DEBUG 2021-06-28 14:08:39.556 UTC: 	 Instance is prod
DEBUG 2021-06-28 14:08:39.556 UTC: 	 Server base url is cmsweb.cern.ch
DEBUG 2021-06-28 14:08:39.556 UTC: 	 Command api workflow
DEBUG 2021-06-28 14:08:39.556 UTC: 	 Started submission
DEBUG 2021-06-28 14:08:39.556 UTC: 	 Working on /afs/cern.ch/work/a/achhetri/NANO_AOD/CMSSW_10_6_8/src/WTopScalefactorProducer/Skimmer/NANOcrab/crab_Tprime_v5_NANo_AOD_106X/crab_DYJetsToLL_M-50_HT-70to100_v2
DEBUG 2021-06-28 14:08:39.607 UTC: 	 Loading required information from the environment
DEBUG 2021-06-28 14:08:39.607 UTC: 	 Found CMSSW_10_6_8 for slc7_amd64_gcc700 with base /afs/cern.ch/work/a/achhetri/NANO_AOD/CMSSW_10_6_8
DEBUG 2021-06-28 14:08:39.607 UTC: 	 Loading required information from the environment
DEBUG 2021-06-28 14:08:39.607 UTC: 	 Found CMSSW_10_6_8 for slc7_amd64_gcc700 with base /afs/cern.ch/work/a/achhetri/NANO_AOD/CMSSW_10_6_8
DEBUG 2021-06-28 14:08:39.607 UTC: 	 UNIQUE NAME: tarUUID c8109dd7-ed0b-46e6-995e-aded5a191bdc 
DEBUG 2021-06-28 14:08:39.608 UTC: 	 self.config: from WMCore.Configuration import Configuration
config = Configuration()
config.section_('General')
config.General.transferLogs = True
config.General.workArea = 'crab_Tprime_v5_NANo_AOD_106X'
config.General.requestName = 'DYJetsToLL_M-50_HT-70to100_v2'
config.section_('JobType')
config.JobType.scriptExe = 'crab_script_Tprime.sh'
config.JobType.pluginName = 'Analysis'
config.JobType.sendPythonFolder = True
config.JobType.allowUndistributedCMSSW = True
config.JobType.psetName = 'PSet.py'
config.JobType.inputFiles = ['TprimeBToTH_LH_RunIISummer19UL16_Skimmer.py', 'keep_and_drop_v1.txt', '../../../PhysicsTools/NanoAODTools/scripts/haddnano.py']
config.section_('Data')
config.Data.inputDataset = '/DYJetsToLL_M-50_HT-70to100_TuneCP5_PSweights_13TeV-madgraphMLM-pythia8/RunIISummer20UL17NanoAODv2-106X_mc2017_realistic_v8-v1/NANOAODSIM'
config.Data.outputDatasetTag = 'DYJetsToLL_M-50_HT-70to100_v2'
config.Data.publication = False
config.Data.unitsPerJob = 1
config.Data.inputDBS = 'global'
config.Data.splitting = 'FileBased'
config.Data.outLFNDirBase = '/store/user/achhetri/Tprime_v5_NANo_AOD_106X'
config.Data.totalUnits = 21
config.section_('Site')
config.Site.storageSite = 'T3_CH_CERNBOX'
config.section_('User')
config.section_('Debug')

DEBUG 2021-06-28 14:08:39.608 UTC: 	 self.config.JobType.psetName: PSet.py
INFO 2021-06-28 14:08:39.608 UTC: 	 Importing CMSSW configuration PSet.py
INFO 2021-06-28 14:08:39.608 UTC: 	 Finished importing CMSSW configuration PSet.py
DEBUG 2021-06-28 14:08:39.608 UTC: 	 Writing CMSSW configuration to /afs/cern.ch/work/a/achhetri/NANO_AOD/CMSSW_10_6_8/src/WTopScalefactorProducer/Skimmer/NANOcrab/crab_Tprime_v5_NANo_AOD_106X/crab_DYJetsToLL_M-50_HT-70to100_v2/inputs/PSet.py
DEBUG 2021-06-28 14:08:39.614 UTC: 	 The following EDM output files will be collected: ['tree.root']
DEBUG 2021-06-28 14:08:39.614 UTC: 	 The following TFile output files will be collected: []
DEBUG 2021-06-28 14:08:39.614 UTC: 	 The following user output files (not listed as PoolOuputModule or TFileService in the CMSSW PSet) will be collected: 
DEBUG 2021-06-28 14:08:39.614 UTC: 	 Loading required information from the environment
DEBUG 2021-06-28 14:08:39.614 UTC: 	 Found CMSSW_10_6_8 for slc7_amd64_gcc700 with base /afs/cern.ch/work/a/achhetri/NANO_AOD/CMSSW_10_6_8
DEBUG 2021-06-28 14:08:39.614 UTC: 	 Making tarball in /afs/cern.ch/work/a/achhetri/NANO_AOD/CMSSW_10_6_8/src/WTopScalefactorProducer/Skimmer/NANOcrab/crab_Tprime_v5_NANo_AOD_106X/crab_DYJetsToLL_M-50_HT-70to100_v2/inputs/c8109dd7-ed0b-46e6-995e-aded5a191bdcdefault.tgz
DEBUG 2021-06-28 14:08:39.615 UTC: 	 Checking directory /afs/cern.ch/work/a/achhetri/NANO_AOD/CMSSW_10_6_8/lib
DEBUG 2021-06-28 14:08:39.615 UTC: 	 Adding directory /afs/cern.ch/work/a/achhetri/NANO_AOD/CMSSW_10_6_8/lib to tarball
DEBUG 2021-06-28 14:08:39.732 UTC: 	 Checking directory /afs/cern.ch/work/a/achhetri/NANO_AOD/CMSSW_10_6_8/biglib
DEBUG 2021-06-28 14:08:39.732 UTC: 	 Adding directory /afs/cern.ch/work/a/achhetri/NANO_AOD/CMSSW_10_6_8/biglib to tarball
DEBUG 2021-06-28 14:08:39.733 UTC: 	 Checking directory /afs/cern.ch/work/a/achhetri/NANO_AOD/CMSSW_10_6_8/module
DEBUG 2021-06-28 14:08:39.733 UTC: 	 Checking directory /afs/cern.ch/work/a/achhetri/NANO_AOD/CMSSW_10_6_8/python
DEBUG 2021-06-28 14:08:39.733 UTC: 	 Adding directory /afs/cern.ch/work/a/achhetri/NANO_AOD/CMSSW_10_6_8/python to tarball
DEBUG 2021-06-28 14:08:41.412 UTC: 	 Checking directory /afs/cern.ch/work/a/achhetri/NANO_AOD/CMSSW_10_6_8/cfipython
DEBUG 2021-06-28 14:08:41.412 UTC: 	 Adding directory /afs/cern.ch/work/a/achhetri/NANO_AOD/CMSSW_10_6_8/cfipython to tarball
DEBUG 2021-06-28 14:08:41.416 UTC: 	 Adding data directory /afs/cern.ch/work/a/achhetri/NANO_AOD/CMSSW_10_6_8/src/PhysicsTools/NanoAODTools/data to tarball
DEBUG 2021-06-28 14:08:53.134 UTC: 	 Adding data directory /afs/cern.ch/work/a/achhetri/NANO_AOD/CMSSW_10_6_8/src/PhysicsTools/NanoAODTools/interface to tarball
DEBUG 2021-06-28 14:08:53.138 UTC: 	 Adding data directory /afs/cern.ch/work/a/achhetri/NANO_AOD/CMSSW_10_6_8/src/PhysicsTools/NanoAODTools/python/postprocessing/data to tarball
DEBUG 2021-06-28 14:08:54.973 UTC: 	 Adding file TprimeBToTH_LH_RunIISummer19UL16_Skimmer.py to tarball
DEBUG 2021-06-28 14:08:54.973 UTC: 	 Adding file keep_and_drop_v1.txt to tarball
DEBUG 2021-06-28 14:08:54.974 UTC: 	 Adding file ../../../PhysicsTools/NanoAODTools/scripts/haddnano.py to tarball
DEBUG 2021-06-28 14:08:57.865 UTC: 	 Uploading archive /afs/cern.ch/work/a/achhetri/NANO_AOD/CMSSW_10_6_8/src/WTopScalefactorProducer/Skimmer/NANOcrab/crab_Tprime_v5_NANo_AOD_106X/crab_DYJetsToLL_M-50_HT-70to100_v2/inputs/c8109dd7-ed0b-46e6-995e-aded5a191bdcdefault.tgz (55 MB) to the CRAB cache. Using URI https://cmsweb.cern.ch/S3/crabcache_prod
DEBUG 2021-06-28 14:09:12.291 UTC: 	 sandbox dbb62c6e90d539c01b7361da7edd336f9b47ae6a13b3065aa8bb1bf2bea5890d.tar.gz is already in the S3 store, will not upload again
DEBUG 2021-06-28 14:09:12.291 UTC: 	 Loading required information from the environment
DEBUG 2021-06-28 14:09:12.291 UTC: 	 Found CMSSW_10_6_8 for slc7_amd64_gcc700 with base /afs/cern.ch/work/a/achhetri/NANO_AOD/CMSSW_10_6_8
DEBUG 2021-06-28 14:09:12.291 UTC: 	 Making tarball in /afs/cern.ch/work/a/achhetri/NANO_AOD/CMSSW_10_6_8/src/WTopScalefactorProducer/Skimmer/NANOcrab/crab_Tprime_v5_NANo_AOD_106X/crab_DYJetsToLL_M-50_HT-70to100_v2/inputs/debugFiles.tgz
DEBUG 2021-06-28 14:09:12.296 UTC: 	 Uploading archive /afs/cern.ch/work/a/achhetri/NANO_AOD/CMSSW_10_6_8/src/WTopScalefactorProducer/Skimmer/NANOcrab/crab_Tprime_v5_NANo_AOD_106X/crab_DYJetsToLL_M-50_HT-70to100_v2/inputs/debugFiles.tgz (1 KB) to the CRAB cache. Using URI https://cmsweb.cern.ch/S3/crabcache_prod
DEBUG 2021-06-28 14:09:12.425 UTC: 	 Will execute:
curl -f -v -X POST  -H "User-Agent: CRAB" -F "key=achhetri/sandboxes/30a16320c1084dab610c17b799c7eac8aea2995ab156081778720d4a4658ecff.tar.gz" -F "AWSAccessKeyId=ab00fcc889f248c495d2875f15a3badb" -F "policy=eyJjb25kaXRpb25zIjogW3siYnVja2V0IjogImNyYWJjYWNoZV9wcm9kIn0sIHsia2V5IjogImFjaGhldHJpL3NhbmRib3hlcy8zMGExNjMyMGMxMDg0ZGFiNjEwYzE3Yjc5OWM3ZWFjOGFlYTI5OTVhYjE1NjA4MTc3ODcyMGQ0YTQ2NThlY2ZmLnRhci5neiJ9XSwgImV4cGlyYXRpb24iOiAiMjAyMS0wNi0yOFQxNTowOToxMloifQ==" -F "signature=LBLrGQo2yMsF6+rYc+nPl333cY0=" -F "file=@/afs/cern.ch/work/a/achhetri/NANO_AOD/CMSSW_10_6_8/src/WTopScalefactorProducer/Skimmer/NANOcrab/crab_Tprime_v5_NANo_AOD_106X/crab_DYJetsToLL_M-50_HT-70to100_v2/inputs/debugFiles.tgz" "https://s3.cern.ch/crabcache_prod"
DEBUG 2021-06-28 14:09:13.525 UTC: 	 exitcode: 0
stdout: 
stderr: Note: Unnecessary use of -X or --request, POST is already inferred.
  % Total    % Received % Xferd  Average Speed   Time    Time     Time  Current
                                 Dload  Upload   Total   Spent    Left  Speed
  0     0    0     0    0     0      0      0 --:--:-- --:--:-- --:--:--     0*   Trying 2001:1458:d00:f::100:1b2...
* TCP_NODELAY set
* Connected to s3.cern.ch (2001:1458:d00:f::100:1b2) port 443 (#0)
* ALPN, offering http/1.1
* Cipher selection: ALL:!EXPORT:!EXPORT40:!EXPORT56:!aNULL:!LOW:!RC4:@STRENGTH
* successfully set certificate verify locations:
  CAfile: /etc/pki/tls/certs/ca-bundle.crt
  CApath: none
* TLSv1.2 (OUT), TLS header, Certificate Status (22):
} [5 bytes data]
* TLSv1.2 (OUT), TLS handshake, Client hello (1):
} [512 bytes data]
* TLSv1.2 (IN), TLS handshake, Server hello (2):
{ [70 bytes data]
* TLSv1.2 (IN), TLS handshake, Certificate (11):
{ [4780 bytes data]
* TLSv1.2 (IN), TLS handshake, Server key exchange (12):
{ [333 bytes data]
* TLSv1.2 (IN), TLS handshake, Server finished (14):
{ [4 bytes data]
* TLSv1.2 (OUT), TLS handshake, Client key exchange (16):
} [70 bytes data]
* TLSv1.2 (OUT), TLS change cipher, Client hello (1):
} [1 bytes data]
* TLSv1.2 (OUT), TLS handshake, Finished (20):
} [16 bytes data]
* TLSv1.2 (IN), TLS change cipher, Client hello (1):
{ [1 bytes data]
* TLSv1.2 (IN), TLS handshake, Finished (20):
{ [16 bytes data]
* SSL connection using TLSv1.2 / ECDHE-RSA-AES128-GCM-SHA256
* ALPN, server accepted to use http/1.1
* Server certificate:
*  subject: C=CH; ST=Genève; L=Meyrin; O=Organisation européenne pour la Recherche nucléaire (CERN); CN=*.s3.cern.ch
*  start date: Mar 10 00:00:00 2021 GMT
*  expire date: Mar 10 23:59:59 2022 GMT
*  subjectAltName: host "s3.cern.ch" matched cert's "s3.cern.ch"
*  issuer: C=GB; ST=Greater Manchester; L=Salford; O=Sectigo Limited; CN=Sectigo RSA Organization Validation Secure Server CA
*  SSL certificate verify ok.
} [5 bytes data]
> POST /crabcache_prod HTTP/1.1
> Host: s3.cern.ch
> Accept: */*
> User-Agent: CRAB
> Content-Length: 2667
> Content-Type: multipart/form-data; boundary=------------------------716aa5bf9c9787fb
> Expect: 100-continue
> 
* Done waiting for 100-continue
  0  2667    0     0    0     0      0      0 --:--:--  0:00:01 --:--:--     0} [5 bytes data]
< HTTP/1.1 100 Continue
{ [5 bytes data]
< HTTP/1.1 204 No Content
< Accept-Ranges: bytes
< Bucket: crabcache_prod
< Date: Mon, 28 Jun 2021 14:09:13 GMT
< X-Amz-Request-Id: tx0000000000000081ff979-0060d9d808-1c850a46-default
< 
100  2667    0     0  100  2667      0   2480  0:00:01  0:00:01 --:--:--  2480
* Connection #0 to host s3.cern.ch left intact

DEBUG 2021-06-28 14:09:13.525 UTC: 	 sandbox /afs/cern.ch/work/a/achhetri/NANO_AOD/CMSSW_10_6_8/src/WTopScalefactorProducer/Skimmer/NANOcrab/crab_Tprime_v5_NANo_AOD_106X/crab_DYJetsToLL_M-50_HT-70to100_v2/inputs/debugFiles.tgz successully uploaded to S3
DEBUG 2021-06-28 14:09:13.525 UTC: 	 Result uploading input files: dbb62c6e90d539c01b7361da7edd336f9b47ae6a13b3065aa8bb1bf2bea5890d.tar.gz 
INFO 2021-06-28 14:09:13.526 UTC: 	 Sending the request to the server at cmsweb.cern.ch
DEBUG 2021-06-28 14:09:13.526 UTC: 	 Submitting {'maxjobruntime': 1250, 'extrajdl': [], 'lfn': '/store/user/achhetri/Tprime_v5_NANo_AOD_106X', 'savelogsflag': 1, 'useparent': 0, 'scriptexe': 'crab_script_Tprime.sh', 'asyncdest': 'T3_CH_CERNBOX', 'algoargs': 1, 'cachefilename': 'dbb62c6e90d539c01b7361da7edd336f9b47ae6a13b3065aa8bb1bf2bea5890d.tar.gz', 'numcores': 1, 'addoutputfiles': [], 'generator': 'pythia', 'maxmemory': 2000, 'publishdbsurl': 'https://cmsweb.cern.ch/dbs/prod/phys03/DBSWriter', 'priority': 10, 'jobsw': 'CMSSW_10_6_8', 'edmoutfiles': ['tree.root'], 'userfiles': [], 'primarydataset': '', 'inputdata': '/DYJetsToLL_M-50_HT-70to100_TuneCP5_PSweights_13TeV-madgraphMLM-pythia8/RunIISummer20UL17NanoAODv2-106X_mc2017_realistic_v8-v1/NANOAODSIM', 'ignorelocality': 0, 'dryrun': 0, 'workflow': 'crab_DYJetsToLL_M-50_HT-70to100_v2', 'cacheurl': u'https://cmsweb.cern.ch/S3/crabcache_prod', 'nonprodsw': 1, 'tfileoutfiles': [], 'oneEventMode': 0, 'debugfilename': '30a16320c1084dab610c17b799c7eac8aea2995ab156081778720d4a4658ecff.tar.gz', 'saveoutput': 1, 'publication': 0, 'jobarch': 'slc7_amd64_gcc700', 'totalunits': 21, 'splitalgo': 'FileBased', 'ignoreglobalblacklist': 0, 'nonvaliddata': 0, 'dbsurl': 'https://cmsweb.cern.ch/dbs/prod/global/DBSReader', 'publishgroupname': 0, 'jobtype': 'Analysis', 'publishname2': 'DYJetsToLL_M-50_HT-70to100_v2'} 
DEBUG 2021-06-28 14:09:13.526 UTC: 	 Encoded submit request: maxjobruntime=1250&lfn=%2Fstore%2Fuser%2Fachhetri%2FTprime_v5_NANo_AOD_106X&savelogsflag=1&useparent=0&scriptexe=crab_script_Tprime.sh&asyncdest=T3_CH_CERNBOX&algoargs=1&cachefilename=dbb62c6e90d539c01b7361da7edd336f9b47ae6a13b3065aa8bb1bf2bea5890d.tar.gz&numcores=1&generator=pythia&maxmemory=2000&publishdbsurl=https%3A%2F%2Fcmsweb.cern.ch%2Fdbs%2Fprod%2Fphys03%2FDBSWriter&priority=10&jobsw=CMSSW_10_6_8&primarydataset=&inputdata=%2FDYJetsToLL_M-50_HT-70to100_TuneCP5_PSweights_13TeV-madgraphMLM-pythia8%2FRunIISummer20UL17NanoAODv2-106X_mc2017_realistic_v8-v1%2FNANOAODSIM&ignorelocality=0&dryrun=0&workflow=crab_DYJetsToLL_M-50_HT-70to100_v2&cacheurl=https%3A%2F%2Fcmsweb.cern.ch%2FS3%2Fcrabcache_prod&nonprodsw=1&oneEventMode=0&debugfilename=30a16320c1084dab610c17b799c7eac8aea2995ab156081778720d4a4658ecff.tar.gz&saveoutput=1&publication=0&jobarch=slc7_amd64_gcc700&totalunits=21&splitalgo=FileBased&ignoreglobalblacklist=0&nonvaliddata=0&dbsurl=https%3A%2F%2Fcmsweb.cern.ch%2Fdbs%2Fprod%2Fglobal%2FDBSReader&publishgroupname=0&jobtype=Analysis&publishname2=DYJetsToLL_M-50_HT-70to100_v2&edmoutfiles=tree.root
DEBUG 2021-06-28 14:09:13.651 UTC: 	 Result: {u'result': [{u'RequestName': u'210628_140913:achhetri_crab_DYJetsToLL_M-50_HT-70to100_v2'}]}
INFO 2021-06-28 14:09:13.653 UTC: 	 Success: Your task has been delivered to the prod CRAB3 server.
INFO 2021-06-28 14:09:13.653 UTC: 	 Task name: 210628_140913:achhetri_crab_DYJetsToLL_M-50_HT-70to100_v2
INFO 2021-06-28 14:09:13.654 UTC: 	 Project dir: crab_Tprime_v5_NANo_AOD_106X/crab_DYJetsToLL_M-50_HT-70to100_v2
INFO 2021-06-28 14:09:13.654 UTC: 	 Please use ' crab status -d crab_Tprime_v5_NANo_AOD_106X/crab_DYJetsToLL_M-50_HT-70to100_v2 ' to check how the submission process proceeds.
DEBUG 2021-06-28 14:09:13.654 UTC: 	 About to return
DEBUG 2021-06-28 14:15:36.009 UTC: 	 CRAB Client version: v3.210610
DEBUG 2021-06-28 14:15:36.009 UTC: 	 Running on: Linux lxplus763.cern.ch 3.10.0-1160.25.1.el7.x86_64 #1 SMP Wed Apr 28 21:49:45 UTC 2021 x86_64 x86_64 x86_64 GNU/Linux - CentOS Linux 7 (Core)
DEBUG 2021-06-28 14:15:36.010 UTC: 	 Executing command: 'status'
DEBUG 2021-06-28 14:15:36.010 UTC: 	 Found CRAB cache file /afs/cern.ch/user/a/achhetri/.crab3
DEBUG 2021-06-28 14:15:36.083 UTC: 	 Checking credentials
DEBUG 2021-06-28 14:15:36.083 UTC: 	 Found proxy file /tmp/x509up_u94350
DEBUG 2021-06-28 14:15:36.083 UTC: 	 Getting proxy life time left
DEBUG 2021-06-28 14:15:36.688 UTC: 	 Executing : 
 command : voms-proxy-info -file /tmp/x509up_u94350 -timeleft
 output : 689809

 error: 
 retcode : 0
DEBUG 2021-06-28 14:15:37.298 UTC: 	 Executing : 
 command : voms-proxy-info -file /tmp/x509up_u94350 -actimeleft
 output : 689808

 error: 
 retcode : 0
DEBUG 2021-06-28 14:15:37.298 UTC: 	 Proxy lifetime 689809 secs is different from voms extension lifetime 689808 secs for proxy: /tmp/x509up_u94350
DEBUG 2021-06-28 14:15:37.298 UTC: 	 Proxy valid for 191:36:48 hours
DEBUG 2021-06-28 14:15:37.413 UTC: 	 Registering user credentials for server /DC=ch/DC=cern/OU=computers/CN=crab-(preprod|prod|dev)-tw(02|01).cern.ch|/DC=ch/DC=cern/OU=computers/CN=(ddi|ddidk|mytw).cern.ch|/DC=ch/DC=cern/OU=computers/CN=stefanov(m|m2).cern.ch
DEBUG 2021-06-28 14:15:38.024 UTC: 	 Executing : 
 command : voms-proxy-info -file /tmp/x509up_u94350 -identity
 output : /DC=ch/DC=cern/OU=Organic Units/OU=Users/CN=achhetri/CN=804540/CN=Arjun Chhetri

 error: 
 retcode : 0
DEBUG 2021-06-28 14:15:38.030 UTC: 	 Getting myproxy life time left for myproxy.cern.ch
DEBUG 2021-06-28 14:15:38.030 UTC: 	 using eb0e67adc2dd9eb1770413a4ffd073f562b86f05 as credential login name
DEBUG 2021-06-28 14:15:38.434 UTC: 	 Executing : 
 command : myproxy-info -l eb0e67adc2dd9eb1770413a4ffd073f562b86f05 -s myproxy.cern.ch
 output : username: eb0e67adc2dd9eb1770413a4ffd073f562b86f05
owner: /DC=ch/DC=cern/OU=Organic Units/OU=Users/CN=achhetri/CN=804540/CN=Arjun Chhetri
  renewal policy: /DC=ch/DC=cern/OU=computers/CN=vocms0105.cern.ch|/DC=ch/DC=cern/OU=computers/CN=crab-(preprod|prod|dev)-tw(02|01).cern.ch|/DC=ch/DC=cern/OU=computers/CN=(ddi|ddidk|mytw).cern.ch|/DC=ch/DC=cern/OU=computers/CN=stefanov(m|m2).cern.ch
  trusted retrieval policy: /DC=ch/DC=cern/OU=computers/CN=vocms0105.cern.ch|/DC=ch/DC=cern/OU=computers/CN=crab-(preprod|prod|dev)-tw(02|01).cern.ch|/DC=ch/DC=cern/OU=computers/CN=(ddi|ddidk|mytw).cern.ch|/DC=ch/DC=cern/OU=computers/CN=stefanov(m|m2).cern.ch
  timeleft: 0:00:00

 error: 
 retcode : 0
DEBUG 2021-06-28 14:15:38.435 UTC: 	 Myproxy is valid: 0
DEBUG 2021-06-28 14:15:38.538 UTC: 	 Executing : 
 command : openssl x509 -noout -in ~/.globus/usercert.pem -dates
 output : notBefore=Nov 11 12:18:59 2020 GMT
notAfter=Dec 16 12:18:59 2021 GMT

 error: 
 retcode : 0
DEBUG 2021-06-28 14:15:38.543 UTC: 	 Delegating a myproxy for 720:00 hours
DEBUG 2021-06-28 14:15:38.543 UTC: 	 using eb0e67adc2dd9eb1770413a4ffd073f562b86f05 as credential login name
DEBUG 2021-06-28 14:16:08.209 UTC: 	 Executing : 
 command : export GT_PROXY_MODE=rfc ; myproxy-init -d -n -s myproxy.cern.ch -x -R '/DC=ch/DC=cern/OU=computers/CN=crab-(preprod|prod|dev)-tw(02|01).cern.ch|/DC=ch/DC=cern/OU=computers/CN=(ddi|ddidk|mytw).cern.ch|/DC=ch/DC=cern/OU=computers/CN=stefanov(m|m2).cern.ch' -x -Z '/DC=ch/DC=cern/OU=computers/CN=crab-(preprod|prod|dev)-tw(02|01).cern.ch|/DC=ch/DC=cern/OU=computers/CN=(ddi|ddidk|mytw).cern.ch|/DC=ch/DC=cern/OU=computers/CN=stefanov(m|m2).cern.ch' -l 'eb0e67adc2dd9eb1770413a4ffd073f562b86f05' -t 168:00 -c 720:00
 output : Your identity: /DC=ch/DC=cern/OU=Organic Units/OU=Users/CN=achhetri/CN=804540/CN=Arjun Chhetri

 error: Error: Couldn't read user key in /afs/cern.ch/user/a/achhetri/.globus/userkey.pem.
Use -debug for further information.
grid-proxy-init failed

 retcode : 1
DEBUG 2021-06-28 14:16:08.209 UTC: 	 using eb0e67adc2dd9eb1770413a4ffd073f562b86f05 as credential login name
DEBUG 2021-06-28 14:16:08.614 UTC: 	 Executing : 
 command : myproxy-info -l eb0e67adc2dd9eb1770413a4ffd073f562b86f05 -s myproxy.cern.ch
 output : username: eb0e67adc2dd9eb1770413a4ffd073f562b86f05
owner: /DC=ch/DC=cern/OU=Organic Units/OU=Users/CN=achhetri/CN=804540/CN=Arjun Chhetri
  renewal policy: /DC=ch/DC=cern/OU=computers/CN=vocms0105.cern.ch|/DC=ch/DC=cern/OU=computers/CN=crab-(preprod|prod|dev)-tw(02|01).cern.ch|/DC=ch/DC=cern/OU=computers/CN=(ddi|ddidk|mytw).cern.ch|/DC=ch/DC=cern/OU=computers/CN=stefanov(m|m2).cern.ch
  trusted retrieval policy: /DC=ch/DC=cern/OU=computers/CN=vocms0105.cern.ch|/DC=ch/DC=cern/OU=computers/CN=crab-(preprod|prod|dev)-tw(02|01).cern.ch|/DC=ch/DC=cern/OU=computers/CN=(ddi|ddidk|mytw).cern.ch|/DC=ch/DC=cern/OU=computers/CN=stefanov(m|m2).cern.ch
  timeleft: 0:00:00

 error: 
 retcode : 0
DEBUG 2021-06-28 14:16:08.614 UTC: 	 Retrieving username ...
DEBUG 2021-06-28 14:16:08.614 UTC: 	 Retrieving username from CRIC...
DEBUG 2021-06-28 14:16:11.888 UTC: 	 username is achhetri
DEBUG 2021-06-28 14:16:11.894 UTC: 	 Getting myproxy life time left for myproxy.cern.ch
DEBUG 2021-06-28 14:16:11.894 UTC: 	 using achhetri_CRAB as credential login name
DEBUG 2021-06-28 14:16:12.197 UTC: 	 Executing : 
 command : myproxy-info -l achhetri_CRAB -s myproxy.cern.ch
 output : username: achhetri_CRAB
owner: /DC=ch/DC=cern/OU=Organic Units/OU=Users/CN=achhetri/CN=804540/CN=Arjun Chhetri
  renewal policy: /DC=ch/DC=cern/OU=computers/CN=crab-(preprod|prod|dev)-tw(02|01).cern.ch|/DC=ch/DC=cern/OU=computers/CN=(ddi|ddidk|mytw).cern.ch|/DC=ch/DC=cern/OU=computers/CN=stefanov(m|m2).cern.ch
  trusted retrieval policy: /DC=ch/DC=cern/OU=computers/CN=crab-(preprod|prod|dev)-tw(02|01).cern.ch|/DC=ch/DC=cern/OU=computers/CN=(ddi|ddidk|mytw).cern.ch|/DC=ch/DC=cern/OU=computers/CN=stefanov(m|m2).cern.ch
  timeleft: 430:52:06  (18.0 days)

 error: 
 retcode : 0
DEBUG 2021-06-28 14:16:12.197 UTC: 	 Myproxy is valid: 1551126
DEBUG 2021-06-28 14:16:12.198 UTC: 	 Result of myproxy credential check:
  Error trying to create credential:
 Problems delegating My-proxy. It seems your proxy has not been delegated to myproxy. Please check the logfile for the exact error (Maybe you simply typed a wrong password)
  Credential exists on myproxy: username: achhetri_CRAB  - validity: 17 days, 22:52:06
DEBUG 2021-06-28 14:16:12.199 UTC: 	 Command use: status
DEBUG 2021-06-28 14:16:12.199 UTC: 	 Options use: ['-d', 'crab_Tprime_v5_NANo_AOD_106X/crab_DYJetsToLL_M-50_HT-70to100_v2']
DEBUG 2021-06-28 14:16:12.278 UTC: 	 CRABClient version: v3.210610
DEBUG 2021-06-28 14:16:12.278 UTC: 	 Instance is prod
DEBUG 2021-06-28 14:16:12.278 UTC: 	 Server base url is cmsweb.cern.ch
DEBUG 2021-06-28 14:16:12.278 UTC: 	 Command api workflow
DEBUG 2021-06-28 14:16:12.391 UTC: 	 Got information from server oracle database: {u'result': [u'210628_140913:achhetri_crab_DYJetsToLL_M-50_HT-70to100_v2', u'None', u'None', u'SUBMITTED', u'SUBMIT', u'2021-06-28 14:09:13.641544', u'None', u'2021-06-28 14:10:18.200026', u'None', u'CMSSW_10_6_8', u'slc7_amd64_gcc700', u'/DYJetsToLL_M-50_HT-70to100_TuneCP5_PSweights_13TeV-madgraphMLM-pythia8/RunIISummer20UL17NanoAODv2-106X_mc2017_realistic_v8-v1/NANOAODSIM', u'F', u'0', u'[]', u'[]', u'FileBased', u"{'splitOnRun': False, 'halt_job_on_file_boundaries': False, 'files_per_job': 1, 'runs': [], 'lumis': []}", u'dbb62c6e90d539c01b7361da7edd336f9b47ae6a13b3065aa8bb1bf2bea5890d.tar.gz', u'https://cmsweb.cern.ch/S3/crabcache_prod', u'achhetri', u'/DC=ch/DC=cern/OU=Organic Units/OU=Users/CN=achhetri/CN=804540/CN=Arjun Chhetri', u'cms', u'None', u'None', u'DYJetsToLL_M-50_HT-70to100_v2-00000000000000000000000000000000', u'F', u'T3_CH_CERNBOX', u'https://cmsweb.cern.ch/dbs/prod/global/DBSReader', u'https://cmsweb.cern.ch/dbs/prod/phys03/DBSWriter', u'F', u'[]', u'[]', u"[b'tree.root']", u'Analysis', u'pythia', u'None', u'{}', u'[]', u'T', u'crab-prod-tw01', u'[]', u'1250', u'1', u'2000', u'10', u'None', u'[]', u'http://vocms0144.cern.ch/mon/cms341/210628_140913:achhetri_crab_DYJetsToLL_M-50_HT-70to100_v2', u'crab_script_Tprime.sh', u'[]', u'[]', u'https://cmsweb.cern.ch/crabserver/prod', u'cmsgwms-collector-global.cern.ch:9620,cmsgwms-collector-global.fnal.gov:9620', u'crab3@vocms0144.cern.ch', u'F', u'[]', u'T', u'/store/user/achhetri/Tprime_v5_NANo_AOD_106X', u'F', u'None', u'F', u'None', u'DYJetsToLL_M-50_HT-70to100_TuneCP5_PSweights_13TeV-madgraphMLM-pythia8', u'None', u'30a16320c1084dab610c17b799c7eac8aea2995ab156081778720d4a4658ecff.tar.gz', u'68996614', u'filetransfers', u'F', u'137.138.120.6', u'21.0', u'None'], u'desc': {u'columns': [u'tm_taskname', u'tm_activity', u'panda_jobset_id', u'tm_task_status', u'tm_task_command', u'tm_start_time', u'tm_start_injection', u'tm_end_injection', u'tm_task_failure', u'tm_job_sw', u'tm_job_arch', u'tm_input_dataset', u'tm_nonvalid_input_dataset', u'tm_use_parent', u'tm_site_whitelist', u'tm_site_blacklist', u'tm_split_algo', u'tm_split_args', u'tm_user_sandbox', u'tm_cache_url', u'tm_username', u'tm_user_dn', u'tm_user_vo', u'tm_user_role', u'tm_user_group', u'tm_publish_name', u'tm_publish_groupname', u'tm_asyncdest', u'tm_dbs_url', u'tm_publish_dbs_url', u'tm_publication', u'tm_outfiles', u'tm_tfile_outfiles', u'tm_edm_outfiles', u'tm_job_type', u'tm_generator', u'tm_events_per_lumi', u'tm_arguments', u'panda_resubmitted_jobs', u'tm_save_logs', u'tw_name', u'tm_user_infiles', u'tm_maxjobruntime', u'tm_numcores', u'tm_maxmemory', u'tm_priority', u'tm_output_dataset', u'tm_task_warnings', u'tm_user_webdir', u'tm_scriptexe', u'tm_scriptargs', u'tm_extrajdl', u'tm_asourl', u'tm_collector', u'tm_schedd', u'tm_dry_run', u'tm_user_files', u'tm_transfer_outputs', u'tm_output_lfn', u'tm_ignore_locality', u'tm_fail_limit', u'tm_one_event_mode', u'tm_secondary_input_dataset', u'tm_primary_dataset', u'tm_last_publication', u'tm_debug_files', u'clusterid', u'tm_asodb', u'tm_ignore_global_blacklist', u'tm_submitter_ip_addr', u'tm_totalunits', u'tm_ddm_reqid']}}
INFO 2021-06-28 14:16:12.391 UTC: 	 CRAB project directory:		/afs/cern.ch/work/a/achhetri/NANO_AOD/CMSSW_10_6_8/src/WTopScalefactorProducer/Skimmer/NANOcrab/crab_Tprime_v5_NANo_AOD_106X/crab_DYJetsToLL_M-50_HT-70to100_v2
INFO 2021-06-28 14:16:12.391 UTC: 	 Task name:			210628_140913:achhetri_crab_DYJetsToLL_M-50_HT-70to100_v2
INFO 2021-06-28 14:16:12.391 UTC: 	 Grid scheduler - Task Worker:	crab3@vocms0144.cern.ch - crab-prod-tw01
INFO 2021-06-28 14:16:12.391 UTC: 	 Status on the CRAB server:	SUBMITTED
INFO 2021-06-28 14:16:12.392 UTC: 	 Task URL to use for HELP:	https://cmsweb.cern.ch/crabserver/ui/task/210628_140913%3Aachhetri_crab_DYJetsToLL_M-50_HT-70to100_v2
INFO 2021-06-28 14:16:12.393 UTC: 	 Dashboard monitoring URL:	https://monit-grafana.cern.ch/d/cmsTMDetail/cms-task-monitoring-task-view?orgId=11&var-user=achhetri&var-task=210628_140913%3Aachhetri_crab_DYJetsToLL_M-50_HT-70to100_v2&from=1624885753000&to=now
DEBUG 2021-06-28 14:16:12.393 UTC: 	 The CRAB server submitted your task to the Grid scheduler (cluster ID: 68996614)
DEBUG 2021-06-28 14:16:12.393 UTC: 	 Webdir is located at http://vocms0144.cern.ch/mon/cms341/210628_140913:achhetri_crab_DYJetsToLL_M-50_HT-70to100_v2
DEBUG 2021-06-28 14:16:12.613 UTC: 	 Proxied webdir is located at https://cmsweb.cern.ch:8443/scheddmon/0144/cms341/210628_140913:achhetri_crab_DYJetsToLL_M-50_HT-70to100_v2
DEBUG 2021-06-28 14:16:12.613 UTC: 	 Retrieving 'status_cache' file from https://cmsweb.cern.ch:8443/scheddmon/0144/cms341/210628_140913:achhetri_crab_DYJetsToLL_M-50_HT-70to100_v2/status_cache
DEBUG 2021-06-28 14:16:12.652 UTC: 	 Got information from status cache file: {'20': {'Retries': 0, 'WallDurations': [0], 'StartTimes': [], 'SubmitTimes': [1624889430.0], 'JobIds': ['68996635.0'], 'EndTimes': [], 'Restarts': 0, 'RecordedSite': False, 'State': 'idle', 'ResidentSetSize': [0], 'TotalUserCpuTimeHistory': [0.0], 'SiteHistory': ['Unknown'], 'TotalSysCpuTimeHistory': [0.0]}, '21': {'Retries': 0, 'WallDurations': [0], 'StartTimes': [], 'SubmitTimes': [1624889430.0], 'JobIds': ['68996636.0'], 'EndTimes': [], 'Restarts': 0, 'RecordedSite': False, 'State': 'idle', 'ResidentSetSize': [0], 'TotalUserCpuTimeHistory': [0.0], 'SiteHistory': ['Unknown'], 'TotalSysCpuTimeHistory': [0.0]}, '1': {'Retries': 0, 'WallDurations': [0], 'StartTimes': [], 'SubmitTimes': [1624889423.0], 'JobIds': ['68996616.0'], 'EndTimes': [], 'Restarts': 0, 'RecordedSite': False, 'State': 'idle', 'ResidentSetSize': [0], 'TotalUserCpuTimeHistory': [0.0], 'SiteHistory': ['Unknown'], 'TotalSysCpuTimeHistory': [0.0]}, '3': {'Retries': 0, 'WallDurations': [0], 'StartTimes': [], 'SubmitTimes': [1624889423.0], 'JobIds': ['68996618.0'], 'EndTimes': [], 'Restarts': 0, 'RecordedSite': False, 'State': 'idle', 'ResidentSetSize': [0], 'TotalUserCpuTimeHistory': [0.0], 'SiteHistory': ['Unknown'], 'TotalSysCpuTimeHistory': [0.0]}, '2': {'Retries': 0, 'WallDurations': [0], 'StartTimes': [], 'SubmitTimes': [1624889423.0], 'JobIds': ['68996617.0'], 'EndTimes': [], 'Restarts': 0, 'RecordedSite': False, 'State': 'idle', 'ResidentSetSize': [0], 'TotalUserCpuTimeHistory': [0.0], 'SiteHistory': ['Unknown'], 'TotalSysCpuTimeHistory': [0.0]}, '5': {'Retries': 0, 'WallDurations': [0], 'StartTimes': [], 'SubmitTimes': [1624889423.0], 'JobIds': ['68996620.0'], 'EndTimes': [], 'Restarts': 0, 'RecordedSite': False, 'State': 'idle', 'ResidentSetSize': [0], 'TotalUserCpuTimeHistory': [0.0], 'SiteHistory': ['Unknown'], 'TotalSysCpuTimeHistory': [0.0]}, '4': {'Retries': 0, 'WallDurations': [0], 'StartTimes': [], 'SubmitTimes': [1624889423.0], 'JobIds': ['68996619.0'], 'EndTimes': [], 'Restarts': 0, 'RecordedSite': False, 'State': 'idle', 'ResidentSetSize': [0], 'TotalUserCpuTimeHistory': [0.0], 'SiteHistory': ['Unknown'], 'TotalSysCpuTimeHistory': [0.0]}, '7': {'Retries': 0, 'WallDurations': [0], 'StartTimes': [], 'SubmitTimes': [1624889423.0], 'JobIds': ['68996622.0'], 'EndTimes': [], 'Restarts': 0, 'RecordedSite': False, 'State': 'idle', 'ResidentSetSize': [0], 'TotalUserCpuTimeHistory': [0.0], 'SiteHistory': ['Unknown'], 'TotalSysCpuTimeHistory': [0.0]}, '6': {'Retries': 0, 'WallDurations': [0], 'StartTimes': [], 'SubmitTimes': [1624889423.0], 'JobIds': ['68996621.0'], 'EndTimes': [], 'Restarts': 0, 'RecordedSite': False, 'State': 'idle', 'ResidentSetSize': [0], 'TotalUserCpuTimeHistory': [0.0], 'SiteHistory': ['Unknown'], 'TotalSysCpuTimeHistory': [0.0]}, '9': {'Retries': 0, 'WallDurations': [0], 'StartTimes': [], 'SubmitTimes': [1624889423.0], 'JobIds': ['68996623.0'], 'EndTimes': [], 'Restarts': 0, 'RecordedSite': False, 'State': 'idle', 'ResidentSetSize': [0], 'TotalUserCpuTimeHistory': [0.0], 'SiteHistory': ['Unknown'], 'TotalSysCpuTimeHistory': [0.0]}, '8': {'Retries': 0, 'WallDurations': [0], 'StartTimes': [], 'SubmitTimes': [1624889423.0], 'JobIds': ['68996624.0'], 'EndTimes': [], 'Restarts': 0, 'RecordedSite': False, 'State': 'idle', 'ResidentSetSize': [0], 'TotalUserCpuTimeHistory': [0.0], 'SiteHistory': ['Unknown'], 'TotalSysCpuTimeHistory': [0.0]}, '11': {'Retries': 0, 'WallDurations': [0], 'StartTimes': [], 'SubmitTimes': [1624889424.0], 'JobIds': ['68996626.0'], 'EndTimes': [], 'Restarts': 0, 'RecordedSite': False, 'State': 'idle', 'ResidentSetSize': [0], 'TotalUserCpuTimeHistory': [0.0], 'SiteHistory': ['Unknown'], 'TotalSysCpuTimeHistory': [0.0]}, '10': {'Retries': 0, 'WallDurations': [0], 'StartTimes': [], 'SubmitTimes': [1624889424.0], 'JobIds': ['68996625.0'], 'EndTimes': [], 'Restarts': 0, 'RecordedSite': False, 'State': 'idle', 'ResidentSetSize': [0], 'TotalUserCpuTimeHistory': [0.0], 'SiteHistory': ['Unknown'], 'TotalSysCpuTimeHistory': [0.0]}, '13': {'Retries': 0, 'WallDurations': [0], 'StartTimes': [], 'SubmitTimes': [1624889424.0], 'JobIds': ['68996628.0'], 'EndTimes': [], 'Restarts': 0, 'RecordedSite': False, 'State': 'idle', 'ResidentSetSize': [0], 'TotalUserCpuTimeHistory': [0.0], 'SiteHistory': ['Unknown'], 'TotalSysCpuTimeHistory': [0.0]}, '12': {'Retries': 0, 'WallDurations': [0], 'StartTimes': [], 'SubmitTimes': [1624889424.0], 'JobIds': ['68996627.0'], 'EndTimes': [], 'Restarts': 0, 'RecordedSite': False, 'State': 'idle', 'ResidentSetSize': [0], 'TotalUserCpuTimeHistory': [0.0], 'SiteHistory': ['Unknown'], 'TotalSysCpuTimeHistory': [0.0]}, '15': {'Retries': 0, 'WallDurations': [0], 'StartTimes': [], 'SubmitTimes': [1624889424.0], 'JobIds': ['68996629.0'], 'EndTimes': [], 'Restarts': 0, 'RecordedSite': False, 'State': 'idle', 'ResidentSetSize': [0], 'TotalUserCpuTimeHistory': [0.0], 'SiteHistory': ['Unknown'], 'TotalSysCpuTimeHistory': [0.0]}, '14': {'Retries': 0, 'WallDurations': [0], 'StartTimes': [], 'SubmitTimes': [1624889424.0], 'JobIds': ['68996630.0'], 'EndTimes': [], 'Restarts': 0, 'RecordedSite': False, 'State': 'idle', 'ResidentSetSize': [0], 'TotalUserCpuTimeHistory': [0.0], 'SiteHistory': ['Unknown'], 'TotalSysCpuTimeHistory': [0.0]}, '17': {'Retries': 0, 'WallDurations': [0], 'StartTimes': [], 'SubmitTimes': [1624889429.0], 'JobIds': ['68996632.0'], 'EndTimes': [], 'Restarts': 0, 'RecordedSite': False, 'State': 'idle', 'ResidentSetSize': [0], 'TotalUserCpuTimeHistory': [0.0], 'SiteHistory': ['Unknown'], 'TotalSysCpuTimeHistory': [0.0]}, '16': {'Retries': 0, 'WallDurations': [0], 'StartTimes': [], 'SubmitTimes': [1624889424.0], 'JobIds': ['68996631.0'], 'EndTimes': [], 'Restarts': 0, 'RecordedSite': False, 'State': 'idle', 'ResidentSetSize': [0], 'TotalUserCpuTimeHistory': [0.0], 'SiteHistory': ['Unknown'], 'TotalSysCpuTimeHistory': [0.0]}, '19': {'Retries': 0, 'WallDurations': [0], 'StartTimes': [], 'SubmitTimes': [1624889429.0], 'JobIds': ['68996634.0'], 'EndTimes': [], 'Restarts': 0, 'RecordedSite': False, 'State': 'idle', 'ResidentSetSize': [0], 'TotalUserCpuTimeHistory': [0.0], 'SiteHistory': ['Unknown'], 'TotalSysCpuTimeHistory': [0.0]}, '18': {'Retries': 0, 'WallDurations': [0], 'StartTimes': [], 'SubmitTimes': [1624889429.0], 'JobIds': ['68996633.0'], 'EndTimes': [], 'Restarts': 0, 'RecordedSite': False, 'State': 'idle', 'ResidentSetSize': [0], 'TotalUserCpuTimeHistory': [0.0], 'SiteHistory': ['Unknown'], 'TotalSysCpuTimeHistory': [0.0]}}
INFO 2021-06-28 14:16:12.652 UTC: 	 Status on the scheduler:	SUBMITTED
INFO 2021-06-28 14:16:12.653 UTC: 	 
Jobs status:                    idle         		100.0% (21/21)
INFO 2021-06-28 14:16:12.653 UTC: 	 
No publication information (publication has been disabled in the CRAB configuration file)
INFO 2021-06-28 14:16:12.658 UTC: 	 Log file is /afs/cern.ch/work/a/achhetri/NANO_AOD/CMSSW_10_6_8/src/WTopScalefactorProducer/Skimmer/NANOcrab/crab_Tprime_v5_NANo_AOD_106X/crab_DYJetsToLL_M-50_HT-70to100_v2/crab.log
DEBUG 2021-06-28 15:32:59.706 UTC: 	 CRAB Client version: v3.210610
DEBUG 2021-06-28 15:32:59.706 UTC: 	 Running on: Linux lxplus763.cern.ch 3.10.0-1160.25.1.el7.x86_64 #1 SMP Wed Apr 28 21:49:45 UTC 2021 x86_64 x86_64 x86_64 GNU/Linux - CentOS Linux 7 (Core)
DEBUG 2021-06-28 15:32:59.706 UTC: 	 Executing command: 'status'
DEBUG 2021-06-28 15:32:59.706 UTC: 	 Found CRAB cache file /afs/cern.ch/user/a/achhetri/.crab3
DEBUG 2021-06-28 15:32:59.776 UTC: 	 Checking credentials
DEBUG 2021-06-28 15:32:59.777 UTC: 	 Found proxy file /tmp/x509up_u94350
DEBUG 2021-06-28 15:32:59.777 UTC: 	 Getting proxy life time left
DEBUG 2021-06-28 15:33:00.487 UTC: 	 Executing : 
 command : voms-proxy-info -file /tmp/x509up_u94350 -timeleft
 output : 685165

 error: 
 retcode : 0
DEBUG 2021-06-28 15:33:01.298 UTC: 	 Executing : 
 command : voms-proxy-info -file /tmp/x509up_u94350 -actimeleft
 output : 685164

 error: 
 retcode : 0
DEBUG 2021-06-28 15:33:01.299 UTC: 	 Proxy lifetime 685165 secs is different from voms extension lifetime 685164 secs for proxy: /tmp/x509up_u94350
DEBUG 2021-06-28 15:33:01.299 UTC: 	 Proxy valid for 190:19:24 hours
DEBUG 2021-06-28 15:33:01.467 UTC: 	 Registering user credentials for server /DC=ch/DC=cern/OU=computers/CN=crab-(preprod|prod|dev)-tw(02|01).cern.ch|/DC=ch/DC=cern/OU=computers/CN=(ddi|ddidk|mytw).cern.ch|/DC=ch/DC=cern/OU=computers/CN=stefanov(m|m2).cern.ch
DEBUG 2021-06-28 15:33:02.191 UTC: 	 Executing : 
 command : voms-proxy-info -file /tmp/x509up_u94350 -identity
 output : /DC=ch/DC=cern/OU=Organic Units/OU=Users/CN=achhetri/CN=804540/CN=Arjun Chhetri

 error: 
 retcode : 0
DEBUG 2021-06-28 15:33:02.202 UTC: 	 Getting myproxy life time left for myproxy.cern.ch
DEBUG 2021-06-28 15:33:02.202 UTC: 	 using eb0e67adc2dd9eb1770413a4ffd073f562b86f05 as credential login name
DEBUG 2021-06-28 15:33:02.709 UTC: 	 Executing : 
 command : myproxy-info -l eb0e67adc2dd9eb1770413a4ffd073f562b86f05 -s myproxy.cern.ch
 output : username: eb0e67adc2dd9eb1770413a4ffd073f562b86f05
owner: /DC=ch/DC=cern/OU=Organic Units/OU=Users/CN=achhetri/CN=804540/CN=Arjun Chhetri
  renewal policy: /DC=ch/DC=cern/OU=computers/CN=vocms0105.cern.ch|/DC=ch/DC=cern/OU=computers/CN=crab-(preprod|prod|dev)-tw(02|01).cern.ch|/DC=ch/DC=cern/OU=computers/CN=(ddi|ddidk|mytw).cern.ch|/DC=ch/DC=cern/OU=computers/CN=stefanov(m|m2).cern.ch
  trusted retrieval policy: /DC=ch/DC=cern/OU=computers/CN=vocms0105.cern.ch|/DC=ch/DC=cern/OU=computers/CN=crab-(preprod|prod|dev)-tw(02|01).cern.ch|/DC=ch/DC=cern/OU=computers/CN=(ddi|ddidk|mytw).cern.ch|/DC=ch/DC=cern/OU=computers/CN=stefanov(m|m2).cern.ch
  timeleft: 0:00:00

 error: 
 retcode : 0
DEBUG 2021-06-28 15:33:02.710 UTC: 	 Myproxy is valid: 0
DEBUG 2021-06-28 15:33:02.815 UTC: 	 Executing : 
 command : openssl x509 -noout -in ~/.globus/usercert.pem -dates
 output : notBefore=Nov 11 12:18:59 2020 GMT
notAfter=Dec 16 12:18:59 2021 GMT

 error: 
 retcode : 0
DEBUG 2021-06-28 15:33:02.819 UTC: 	 Delegating a myproxy for 720:00 hours
DEBUG 2021-06-28 15:33:02.820 UTC: 	 using eb0e67adc2dd9eb1770413a4ffd073f562b86f05 as credential login name
DEBUG 2021-06-28 15:33:04.234 UTC: 	 Executing : 
 command : export GT_PROXY_MODE=rfc ; myproxy-init -d -n -s myproxy.cern.ch -x -R '/DC=ch/DC=cern/OU=computers/CN=crab-(preprod|prod|dev)-tw(02|01).cern.ch|/DC=ch/DC=cern/OU=computers/CN=(ddi|ddidk|mytw).cern.ch|/DC=ch/DC=cern/OU=computers/CN=stefanov(m|m2).cern.ch' -x -Z '/DC=ch/DC=cern/OU=computers/CN=crab-(preprod|prod|dev)-tw(02|01).cern.ch|/DC=ch/DC=cern/OU=computers/CN=(ddi|ddidk|mytw).cern.ch|/DC=ch/DC=cern/OU=computers/CN=stefanov(m|m2).cern.ch' -l 'eb0e67adc2dd9eb1770413a4ffd073f562b86f05' -t 168:00 -c 720:00
 output : Your identity: /DC=ch/DC=cern/OU=Organic Units/OU=Users/CN=achhetri/CN=804540/CN=Arjun Chhetri

 error: Error: Couldn't read user key in /afs/cern.ch/user/a/achhetri/.globus/userkey.pem.
Use -debug for further information.
grid-proxy-init failed

 retcode : 1
DEBUG 2021-06-28 15:33:04.235 UTC: 	 using eb0e67adc2dd9eb1770413a4ffd073f562b86f05 as credential login name
DEBUG 2021-06-28 15:33:04.541 UTC: 	 Executing : 
 command : myproxy-info -l eb0e67adc2dd9eb1770413a4ffd073f562b86f05 -s myproxy.cern.ch
 output : username: eb0e67adc2dd9eb1770413a4ffd073f562b86f05
owner: /DC=ch/DC=cern/OU=Organic Units/OU=Users/CN=achhetri/CN=804540/CN=Arjun Chhetri
  renewal policy: /DC=ch/DC=cern/OU=computers/CN=vocms0105.cern.ch|/DC=ch/DC=cern/OU=computers/CN=crab-(preprod|prod|dev)-tw(02|01).cern.ch|/DC=ch/DC=cern/OU=computers/CN=(ddi|ddidk|mytw).cern.ch|/DC=ch/DC=cern/OU=computers/CN=stefanov(m|m2).cern.ch
  trusted retrieval policy: /DC=ch/DC=cern/OU=computers/CN=vocms0105.cern.ch|/DC=ch/DC=cern/OU=computers/CN=crab-(preprod|prod|dev)-tw(02|01).cern.ch|/DC=ch/DC=cern/OU=computers/CN=(ddi|ddidk|mytw).cern.ch|/DC=ch/DC=cern/OU=computers/CN=stefanov(m|m2).cern.ch
  timeleft: 0:00:00

 error: 
 retcode : 0
DEBUG 2021-06-28 15:33:04.541 UTC: 	 Retrieving username ...
DEBUG 2021-06-28 15:33:04.541 UTC: 	 Retrieving username from CRIC...
DEBUG 2021-06-28 15:33:05.413 UTC: 	 username is achhetri
DEBUG 2021-06-28 15:33:05.422 UTC: 	 Getting myproxy life time left for myproxy.cern.ch
DEBUG 2021-06-28 15:33:05.422 UTC: 	 using achhetri_CRAB as credential login name
DEBUG 2021-06-28 15:33:05.826 UTC: 	 Executing : 
 command : myproxy-info -l achhetri_CRAB -s myproxy.cern.ch
 output : username: achhetri_CRAB
owner: /DC=ch/DC=cern/OU=Organic Units/OU=Users/CN=achhetri/CN=804540/CN=Arjun Chhetri
  renewal policy: /DC=ch/DC=cern/OU=computers/CN=crab-(preprod|prod|dev)-tw(02|01).cern.ch|/DC=ch/DC=cern/OU=computers/CN=(ddi|ddidk|mytw).cern.ch|/DC=ch/DC=cern/OU=computers/CN=stefanov(m|m2).cern.ch
  trusted retrieval policy: /DC=ch/DC=cern/OU=computers/CN=crab-(preprod|prod|dev)-tw(02|01).cern.ch|/DC=ch/DC=cern/OU=computers/CN=(ddi|ddidk|mytw).cern.ch|/DC=ch/DC=cern/OU=computers/CN=stefanov(m|m2).cern.ch
  timeleft: 429:35:13  (17.9 days)

 error: 
 retcode : 0
DEBUG 2021-06-28 15:33:05.827 UTC: 	 Myproxy is valid: 1546513
DEBUG 2021-06-28 15:33:05.827 UTC: 	 Result of myproxy credential check:
  Error trying to create credential:
 Problems delegating My-proxy. It seems your proxy has not been delegated to myproxy. Please check the logfile for the exact error (Maybe you simply typed a wrong password)
  Credential exists on myproxy: username: achhetri_CRAB  - validity: 17 days, 21:35:13
DEBUG 2021-06-28 15:33:05.846 UTC: 	 Command use: status
DEBUG 2021-06-28 15:33:05.846 UTC: 	 Options use: ['-d', 'crab_Tprime_v5_NANo_AOD_106X/crab_DYJetsToLL_M-50_HT-70to100_v2']
DEBUG 2021-06-28 15:33:05.906 UTC: 	 CRABClient version: v3.210610
DEBUG 2021-06-28 15:33:05.906 UTC: 	 Instance is prod
DEBUG 2021-06-28 15:33:05.906 UTC: 	 Server base url is cmsweb.cern.ch
DEBUG 2021-06-28 15:33:05.906 UTC: 	 Command api workflow
DEBUG 2021-06-28 15:33:06.019 UTC: 	 Got information from server oracle database: {u'result': [u'210628_140913:achhetri_crab_DYJetsToLL_M-50_HT-70to100_v2', u'None', u'None', u'SUBMITTED', u'SUBMIT', u'2021-06-28 14:09:13.641544', u'None', u'2021-06-28 14:10:18.200026', u'None', u'CMSSW_10_6_8', u'slc7_amd64_gcc700', u'/DYJetsToLL_M-50_HT-70to100_TuneCP5_PSweights_13TeV-madgraphMLM-pythia8/RunIISummer20UL17NanoAODv2-106X_mc2017_realistic_v8-v1/NANOAODSIM', u'F', u'0', u'[]', u'[]', u'FileBased', u"{'splitOnRun': False, 'halt_job_on_file_boundaries': False, 'files_per_job': 1, 'runs': [], 'lumis': []}", u'dbb62c6e90d539c01b7361da7edd336f9b47ae6a13b3065aa8bb1bf2bea5890d.tar.gz', u'https://cmsweb.cern.ch/S3/crabcache_prod', u'achhetri', u'/DC=ch/DC=cern/OU=Organic Units/OU=Users/CN=achhetri/CN=804540/CN=Arjun Chhetri', u'cms', u'None', u'None', u'DYJetsToLL_M-50_HT-70to100_v2-00000000000000000000000000000000', u'F', u'T3_CH_CERNBOX', u'https://cmsweb.cern.ch/dbs/prod/global/DBSReader', u'https://cmsweb.cern.ch/dbs/prod/phys03/DBSWriter', u'F', u'[]', u'[]', u"[b'tree.root']", u'Analysis', u'pythia', u'None', u'{}', u'[]', u'T', u'crab-prod-tw01', u'[]', u'1250', u'1', u'2000', u'10', u"['/DYJetsToLL_M-50_HT-70to100_TuneCP5_PSweights_13TeV-madgraphMLM-pythia8/achhetri-DYJetsToLL_M-50_HT-70to100_v2-5d8f93ee2ba2db6b402c7167473e2950/USER']", u'[]', u'http://vocms0144.cern.ch/mon/cms341/210628_140913:achhetri_crab_DYJetsToLL_M-50_HT-70to100_v2', u'crab_script_Tprime.sh', u'[]', u'[]', u'https://cmsweb.cern.ch/crabserver/prod', u'cmsgwms-collector-global.cern.ch:9620,cmsgwms-collector-global.fnal.gov:9620', u'crab3@vocms0144.cern.ch', u'F', u'[]', u'T', u'/store/user/achhetri/Tprime_v5_NANo_AOD_106X', u'F', u'None', u'F', u'None', u'DYJetsToLL_M-50_HT-70to100_TuneCP5_PSweights_13TeV-madgraphMLM-pythia8', u'None', u'30a16320c1084dab610c17b799c7eac8aea2995ab156081778720d4a4658ecff.tar.gz', u'68996614', u'filetransfers', u'F', u'137.138.120.6', u'21.0', u'None'], u'desc': {u'columns': [u'tm_taskname', u'tm_activity', u'panda_jobset_id', u'tm_task_status', u'tm_task_command', u'tm_start_time', u'tm_start_injection', u'tm_end_injection', u'tm_task_failure', u'tm_job_sw', u'tm_job_arch', u'tm_input_dataset', u'tm_nonvalid_input_dataset', u'tm_use_parent', u'tm_site_whitelist', u'tm_site_blacklist', u'tm_split_algo', u'tm_split_args', u'tm_user_sandbox', u'tm_cache_url', u'tm_username', u'tm_user_dn', u'tm_user_vo', u'tm_user_role', u'tm_user_group', u'tm_publish_name', u'tm_publish_groupname', u'tm_asyncdest', u'tm_dbs_url', u'tm_publish_dbs_url', u'tm_publication', u'tm_outfiles', u'tm_tfile_outfiles', u'tm_edm_outfiles', u'tm_job_type', u'tm_generator', u'tm_events_per_lumi', u'tm_arguments', u'panda_resubmitted_jobs', u'tm_save_logs', u'tw_name', u'tm_user_infiles', u'tm_maxjobruntime', u'tm_numcores', u'tm_maxmemory', u'tm_priority', u'tm_output_dataset', u'tm_task_warnings', u'tm_user_webdir', u'tm_scriptexe', u'tm_scriptargs', u'tm_extrajdl', u'tm_asourl', u'tm_collector', u'tm_schedd', u'tm_dry_run', u'tm_user_files', u'tm_transfer_outputs', u'tm_output_lfn', u'tm_ignore_locality', u'tm_fail_limit', u'tm_one_event_mode', u'tm_secondary_input_dataset', u'tm_primary_dataset', u'tm_last_publication', u'tm_debug_files', u'clusterid', u'tm_asodb', u'tm_ignore_global_blacklist', u'tm_submitter_ip_addr', u'tm_totalunits', u'tm_ddm_reqid']}}
INFO 2021-06-28 15:33:06.020 UTC: 	 CRAB project directory:		/afs/cern.ch/work/a/achhetri/NANO_AOD/CMSSW_10_6_8/src/WTopScalefactorProducer/Skimmer/NANOcrab/crab_Tprime_v5_NANo_AOD_106X/crab_DYJetsToLL_M-50_HT-70to100_v2
INFO 2021-06-28 15:33:06.020 UTC: 	 Task name:			210628_140913:achhetri_crab_DYJetsToLL_M-50_HT-70to100_v2
INFO 2021-06-28 15:33:06.020 UTC: 	 Grid scheduler - Task Worker:	crab3@vocms0144.cern.ch - crab-prod-tw01
INFO 2021-06-28 15:33:06.020 UTC: 	 Status on the CRAB server:	SUBMITTED
INFO 2021-06-28 15:33:06.020 UTC: 	 Task URL to use for HELP:	https://cmsweb.cern.ch/crabserver/ui/task/210628_140913%3Aachhetri_crab_DYJetsToLL_M-50_HT-70to100_v2
INFO 2021-06-28 15:33:06.021 UTC: 	 Dashboard monitoring URL:	https://monit-grafana.cern.ch/d/cmsTMDetail/cms-task-monitoring-task-view?orgId=11&var-user=achhetri&var-task=210628_140913%3Aachhetri_crab_DYJetsToLL_M-50_HT-70to100_v2&from=1624885753000&to=now
DEBUG 2021-06-28 15:33:06.021 UTC: 	 The CRAB server submitted your task to the Grid scheduler (cluster ID: 68996614)
DEBUG 2021-06-28 15:33:06.022 UTC: 	 Webdir is located at http://vocms0144.cern.ch/mon/cms341/210628_140913:achhetri_crab_DYJetsToLL_M-50_HT-70to100_v2
DEBUG 2021-06-28 15:33:06.122 UTC: 	 Proxied webdir is located at https://cmsweb.cern.ch:8443/scheddmon/0144/cms341/210628_140913:achhetri_crab_DYJetsToLL_M-50_HT-70to100_v2
DEBUG 2021-06-28 15:33:06.122 UTC: 	 Retrieving 'status_cache' file from https://cmsweb.cern.ch:8443/scheddmon/0144/cms341/210628_140913:achhetri_crab_DYJetsToLL_M-50_HT-70to100_v2/status_cache
DEBUG 2021-06-28 15:33:06.164 UTC: 	 Got information from status cache file: {'20': {'Retries': 0, 'WallDurations': [8.0, 280.3157639503479, 530.0], 'StartTimes': [1624889525.0], 'SubmitTimes': [1624889430.0], 'JobIds': ['68996635.0'], 'EndTimes': [1624890055.0], 'Restarts': 0, 'RecordedSite': True, 'State': 'finished', 'ResidentSetSize': [520728], 'TotalUserCpuTimeHistory': [360], 'SiteHistory': ['Unknown', 'T2_DE_DESY', 'T2_DE_DESY'], 'TotalSysCpuTimeHistory': [13]}, '21': {'Retries': 0, 'WallDurations': [147.0, 281.3157639503479, 281.3157639503479], 'StartTimes': [1624889524.0], 'SubmitTimes': [1624889430.0], 'JobIds': ['68996636.0'], 'EndTimes': [1624889671.0], 'Restarts': 0, 'RecordedSite': True, 'State': 'finished', 'ResidentSetSize': [49452], 'TotalUserCpuTimeHistory': [62], 'SiteHistory': ['Unknown', 'T2_IT_Bari', 'T2_IT_Bari'], 'TotalSysCpuTimeHistory': [3]}, '1': {'Retries': 0, 'WallDurations': [175.0, 284.3157639503479, 284.3157639503479], 'StartTimes': [1624889521.0], 'SubmitTimes': [1624889423.0], 'JobIds': ['68996616.0'], 'EndTimes': [1624889696.0], 'Restarts': 0, 'RecordedSite': True, 'State': 'finished', 'ResidentSetSize': [2836], 'TotalUserCpuTimeHistory': [76], 'SiteHistory': ['Unknown', 'T2_IT_Legnaro', 'T2_IT_Legnaro'], 'TotalSysCpuTimeHistory': [3]}, '3': {'Retries': 0, 'WallDurations': [9.0, 284.3157639503479, 938.0], 'StartTimes': [1624889521.0], 'SubmitTimes': [1624889423.0], 'JobIds': ['68996618.0'], 'EndTimes': [1624890459.0], 'Restarts': 0, 'RecordedSite': True, 'State': 'finished', 'ResidentSetSize': [335368], 'TotalUserCpuTimeHistory': [13], 'SiteHistory': ['Unknown', 'T2_UK_SGrid_RALPP', 'T2_UK_SGrid_RALPP'], 'TotalSysCpuTimeHistory': [1]}, '2': {'Retries': 0, 'WallDurations': [101.0, 284.3157639503479, 284.3157639503479], 'StartTimes': [1624889521.0], 'SubmitTimes': [1624889423.0], 'JobIds': ['68996617.0'], 'EndTimes': [1624889622.0], 'Restarts': 0, 'RecordedSite': True, 'State': 'finished', 'ResidentSetSize': [28300], 'TotalUserCpuTimeHistory': [5], 'SiteHistory': ['Unknown', 'T2_UK_London_IC', 'T2_UK_London_IC'], 'TotalSysCpuTimeHistory': [1]}, '5': {'Retries': 0, 'WallDurations': [147.0, 272.3157639503479, 272.3157639503479], 'StartTimes': [1624889533.0], 'SubmitTimes': [1624889423.0], 'JobIds': ['68996620.0'], 'EndTimes': [1624889680.0], 'Restarts': 0, 'RecordedSite': True, 'State': 'finished', 'ResidentSetSize': [2852], 'TotalUserCpuTimeHistory': [59], 'SiteHistory': ['Unknown', 'T2_UK_London_IC', 'T2_UK_London_IC'], 'TotalSysCpuTimeHistory': [4]}, '4': {'Retries': 0, 'WallDurations': [144.0, 283.3157639503479, 283.3157639503479], 'StartTimes': [1624889522.0], 'SubmitTimes': [1624889423.0], 'JobIds': ['68996619.0'], 'EndTimes': [1624889666.0], 'Restarts': 0, 'RecordedSite': True, 'State': 'finished', 'ResidentSetSize': [28272], 'TotalUserCpuTimeHistory': [22], 'SiteHistory': ['Unknown', 'T2_UK_London_IC', 'T2_UK_London_IC'], 'TotalSysCpuTimeHistory': [3]}, '7': {'Retries': 0, 'WallDurations': [113.0, 276.3157639503479, 276.3157639503479], 'StartTimes': [1624889529.0], 'SubmitTimes': [1624889423.0], 'JobIds': ['68996622.0'], 'EndTimes': [1624889642.0], 'Restarts': 0, 'RecordedSite': True, 'State': 'finished', 'ResidentSetSize': [2856], 'TotalUserCpuTimeHistory': [28], 'SiteHistory': ['Unknown', 'T2_UK_London_IC', 'T2_UK_London_IC'], 'TotalSysCpuTimeHistory': [2]}, '6': {'Retries': 0, 'WallDurations': [83.0, 275.3157639503479, 275.3157639503479], 'StartTimes': [1624889530.0], 'SubmitTimes': [1624889423.0], 'JobIds': ['68996621.0'], 'EndTimes': [1624889613.0], 'Restarts': 0, 'RecordedSite': True, 'State': 'finished', 'ResidentSetSize': [29396], 'TotalUserCpuTimeHistory': [14], 'SiteHistory': ['Unknown', 'T2_UK_London_IC', 'T2_UK_London_IC'], 'TotalSysCpuTimeHistory': [1]}, '9': {'Retries': 0, 'WallDurations': [82.0, 274.3157639503479, 274.3157639503479], 'StartTimes': [1624889531.0], 'SubmitTimes': [1624889423.0], 'JobIds': ['68996623.0'], 'EndTimes': [1624889613.0], 'Restarts': 0, 'RecordedSite': True, 'State': 'finished', 'ResidentSetSize': [50632], 'TotalUserCpuTimeHistory': [18], 'SiteHistory': ['Unknown', 'T2_UK_London_IC', 'T2_UK_London_IC'], 'TotalSysCpuTimeHistory': [2]}, '8': {'Retries': 0, 'WallDurations': [100.0, 284.3157639503479, 284.3157639503479], 'StartTimes': [1624889521.0], 'SubmitTimes': [1624889423.0], 'JobIds': ['68996624.0'], 'EndTimes': [1624889621.0], 'Restarts': 0, 'RecordedSite': True, 'State': 'finished', 'ResidentSetSize': [28492], 'TotalUserCpuTimeHistory': [6], 'SiteHistory': ['Unknown', 'T2_UK_London_IC', 'T2_UK_London_IC'], 'TotalSysCpuTimeHistory': [1]}, '11': {'Retries': 0, 'WallDurations': [9.0, 269.3157639503479, 684.0], 'StartTimes': [1624889536.0], 'SubmitTimes': [1624889424.0], 'JobIds': ['68996626.0'], 'EndTimes': [1624890220.0], 'Restarts': 0, 'RecordedSite': True, 'State': 'finished', 'ResidentSetSize': [567876], 'TotalUserCpuTimeHistory': [531], 'SiteHistory': ['Unknown', 'T2_UK_London_IC', 'T2_UK_London_IC'], 'TotalSysCpuTimeHistory': [32]}, '10': {'Retries': 0, 'WallDurations': [9.0, 283.3157639503479, 4517.0], 'StartTimes': [1624889522.0], 'SubmitTimes': [1624889424.0], 'JobIds': ['68996625.0'], 'EndTimes': [], 'Restarts': 0, 'RecordedSite': True, 'State': 'running', 'ResidentSetSize': [568352], 'TotalUserCpuTimeHistory': [481.0], 'SiteHistory': ['Unknown', 'T3_UK_ScotGrid_GLA', 'T3_UK_ScotGrid_GLA'], 'TotalSysCpuTimeHistory': [53.0]}, '13': {'Retries': 0, 'WallDurations': [200.0, 262.3157639503479, 262.3157639503479], 'StartTimes': [1624889543.0], 'SubmitTimes': [1624889424.0], 'JobIds': ['68996628.0'], 'EndTimes': [1624889743.0], 'Restarts': 0, 'RecordedSite': True, 'State': 'finished', 'ResidentSetSize': [2852], 'TotalUserCpuTimeHistory': [128], 'SiteHistory': ['Unknown', 'T2_UK_London_IC', 'T2_UK_London_IC'], 'TotalSysCpuTimeHistory': [7]}, '12': {'Retries': 0, 'WallDurations': [8.0, 283.3157639503479, 4515.0], 'StartTimes': [1624889522.0], 'SubmitTimes': [1624889424.0], 'JobIds': ['68996627.0'], 'EndTimes': [], 'Restarts': 0, 'RecordedSite': True, 'State': 'running', 'ResidentSetSize': [567708], 'TotalUserCpuTimeHistory': [465.0], 'SiteHistory': ['Unknown', 'T3_UK_ScotGrid_GLA', 'T3_UK_ScotGrid_GLA'], 'TotalSysCpuTimeHistory': [58.0]}, '15': {'Retries': 0, 'WallDurations': [8.0, 283.3157639503479, 645.0], 'StartTimes': [1624889522.0], 'SubmitTimes': [1624889424.0], 'JobIds': ['68996629.0'], 'EndTimes': [1624890167.0], 'Restarts': 0, 'RecordedSite': True, 'State': 'finished', 'ResidentSetSize': [563672], 'TotalUserCpuTimeHistory': [485], 'SiteHistory': ['Unknown', 'T2_IT_Legnaro', 'T2_IT_Legnaro'], 'TotalSysCpuTimeHistory': [19]}, '14': {'Retries': 0, 'WallDurations': [9.0, 278.3157639503479, 292.0], 'StartTimes': [1624889527.0], 'SubmitTimes': [1624889424.0], 'JobIds': ['68996630.0'], 'EndTimes': [1624889819.0], 'Restarts': 0, 'RecordedSite': True, 'State': 'finished', 'ResidentSetSize': [2860], 'TotalUserCpuTimeHistory': [201], 'SiteHistory': ['Unknown', 'T2_UK_London_IC', 'T2_UK_London_IC'], 'TotalSysCpuTimeHistory': [11]}, '17': {'Retries': 0, 'WallDurations': [9.0, 282.3157639503479, 4516.0], 'StartTimes': [1624889523.0], 'SubmitTimes': [1624889429.0], 'JobIds': ['68996632.0'], 'EndTimes': [], 'Restarts': 0, 'RecordedSite': True, 'State': 'running', 'ResidentSetSize': [557004], 'TotalUserCpuTimeHistory': [466.0], 'SiteHistory': ['Unknown', 'T3_UK_ScotGrid_GLA', 'T3_UK_ScotGrid_GLA'], 'TotalSysCpuTimeHistory': [56.0]}, '16': {'Retries': 0, 'WallDurations': [144.0, 284.3157639503479, 284.3157639503479], 'StartTimes': [1624889521.0], 'SubmitTimes': [1624889424.0], 'JobIds': ['68996631.0'], 'EndTimes': [1624889665.0], 'Restarts': 0, 'RecordedSite': True, 'State': 'finished', 'ResidentSetSize': [4916], 'TotalUserCpuTimeHistory': [33], 'SiteHistory': ['Unknown', 'T2_UK_London_IC', 'T2_UK_London_IC'], 'TotalSysCpuTimeHistory': [3]}, '19': {'Retries': 0, 'WallDurations': [173.0, 282.3157639503479, 282.3157639503479], 'StartTimes': [1624889523.0], 'SubmitTimes': [1624889429.0], 'JobIds': ['68996634.0'], 'EndTimes': [1624889696.0], 'Restarts': 0, 'RecordedSite': True, 'State': 'finished', 'ResidentSetSize': [3260], 'TotalUserCpuTimeHistory': [69], 'SiteHistory': ['Unknown', 'T3_UK_London_QMUL', 'T3_UK_London_QMUL'], 'TotalSysCpuTimeHistory': [4]}, '18': {'Retries': 0, 'WallDurations': [8.0, 277.3157639503479, 329.0], 'StartTimes': [1624889528.0], 'SubmitTimes': [1624889429.0], 'JobIds': ['68996633.0'], 'EndTimes': [1624889857.0], 'Restarts': 0, 'RecordedSite': True, 'State': 'finished', 'ResidentSetSize': [485972], 'TotalUserCpuTimeHistory': [198], 'SiteHistory': ['Unknown', 'T2_UK_London_IC', 'T2_UK_London_IC'], 'TotalSysCpuTimeHistory': [14]}}
INFO 2021-06-28 15:33:06.164 UTC: 	 Status on the scheduler:	SUBMITTED
INFO 2021-06-28 15:33:06.164 UTC: 	 
Jobs status:                    finished     		 85.7% (18/21)
INFO 2021-06-28 15:33:06.164 UTC: 	 				running      		 14.3% ( 3/21)
INFO 2021-06-28 15:33:06.164 UTC: 	 
No publication information (publication has been disabled in the CRAB configuration file)
INFO 2021-06-28 15:33:06.165 UTC: 	 
Warning: the max jobs runtime is less than 30% of the task requested value (1250 min), please consider to request a lower value for failed jobs (allowed through crab resubmit) and/or improve the jobs splitting (e.g. config.Data.splitting = 'Automatic') in a new task.
INFO 2021-06-28 15:33:06.165 UTC: 	 
Warning: the average jobs CPU efficiency is less than 50%, please consider to improve the jobs splitting (e.g. config.Data.splitting = 'Automatic') in a new task
INFO 2021-06-28 15:33:06.165 UTC: 	 
Summary of run jobs:
 * Memory: 2MB min, 554MB max, 147MB ave
 * Runtime: 0:04:22 min, 0:15:38 max, 0:06:15 ave
 * CPU eff: 1% min, 82% max, 36% ave
 * Waste: 1:51:17 (50% of total)

INFO 2021-06-28 15:33:06.220 UTC: 	 Log file is /afs/cern.ch/work/a/achhetri/NANO_AOD/CMSSW_10_6_8/src/WTopScalefactorProducer/Skimmer/NANOcrab/crab_Tprime_v5_NANo_AOD_106X/crab_DYJetsToLL_M-50_HT-70to100_v2/crab.log
DEBUG 2021-06-29 06:24:37.646 UTC: 	 CRAB Client version: v3.210610
DEBUG 2021-06-29 06:24:37.647 UTC: 	 Running on: Linux lxplus717.cern.ch 3.10.0-1160.31.1.el7.x86_64 #1 SMP Thu Jun 10 13:32:12 UTC 2021 x86_64 x86_64 x86_64 GNU/Linux - CentOS Linux 7 (Core)
DEBUG 2021-06-29 06:24:37.647 UTC: 	 Executing command: 'status'
DEBUG 2021-06-29 06:24:37.647 UTC: 	 Found CRAB cache file /afs/cern.ch/user/a/achhetri/.crab3
DEBUG 2021-06-29 06:24:37.701 UTC: 	 Checking credentials
DEBUG 2021-06-29 06:24:37.701 UTC: 	 Found proxy file /tmp/x509up_u94350
DEBUG 2021-06-29 06:24:37.701 UTC: 	 Getting proxy life time left
DEBUG 2021-06-29 06:24:38.407 UTC: 	 Executing : 
 command : voms-proxy-info -file /tmp/x509up_u94350 -timeleft
 output : 691157

 error: 
 retcode : 0
DEBUG 2021-06-29 06:24:39.115 UTC: 	 Executing : 
 command : voms-proxy-info -file /tmp/x509up_u94350 -actimeleft
 output : 691156

 error: 
 retcode : 0
DEBUG 2021-06-29 06:24:39.115 UTC: 	 Proxy lifetime 691157 secs is different from voms extension lifetime 691156 secs for proxy: /tmp/x509up_u94350
DEBUG 2021-06-29 06:24:39.115 UTC: 	 Proxy valid for 191:59:16 hours
DEBUG 2021-06-29 06:24:39.248 UTC: 	 Registering user credentials for server /DC=ch/DC=cern/OU=computers/CN=crab-(preprod|prod|dev)-tw(02|01).cern.ch|/DC=ch/DC=cern/OU=computers/CN=(ddi|ddidk|mytw).cern.ch|/DC=ch/DC=cern/OU=computers/CN=stefanov(m|m2).cern.ch
DEBUG 2021-06-29 06:24:39.960 UTC: 	 Executing : 
 command : voms-proxy-info -file /tmp/x509up_u94350 -identity
 output : /DC=ch/DC=cern/OU=Organic Units/OU=Users/CN=achhetri/CN=804540/CN=Arjun Chhetri

 error: 
 retcode : 0
DEBUG 2021-06-29 06:24:39.968 UTC: 	 Getting myproxy life time left for myproxy.cern.ch
DEBUG 2021-06-29 06:24:39.968 UTC: 	 using eb0e67adc2dd9eb1770413a4ffd073f562b86f05 as credential login name
DEBUG 2021-06-29 06:24:40.574 UTC: 	 Executing : 
 command : myproxy-info -l eb0e67adc2dd9eb1770413a4ffd073f562b86f05 -s myproxy.cern.ch
 output : username: eb0e67adc2dd9eb1770413a4ffd073f562b86f05
owner: /DC=ch/DC=cern/OU=Organic Units/OU=Users/CN=achhetri/CN=804540/CN=Arjun Chhetri
  renewal policy: /DC=ch/DC=cern/OU=computers/CN=vocms0105.cern.ch|/DC=ch/DC=cern/OU=computers/CN=crab-(preprod|prod|dev)-tw(02|01).cern.ch|/DC=ch/DC=cern/OU=computers/CN=(ddi|ddidk|mytw).cern.ch|/DC=ch/DC=cern/OU=computers/CN=stefanov(m|m2).cern.ch
  trusted retrieval policy: /DC=ch/DC=cern/OU=computers/CN=vocms0105.cern.ch|/DC=ch/DC=cern/OU=computers/CN=crab-(preprod|prod|dev)-tw(02|01).cern.ch|/DC=ch/DC=cern/OU=computers/CN=(ddi|ddidk|mytw).cern.ch|/DC=ch/DC=cern/OU=computers/CN=stefanov(m|m2).cern.ch
  timeleft: 0:00:00

 error: 
 retcode : 0
DEBUG 2021-06-29 06:24:40.575 UTC: 	 Myproxy is valid: 0
DEBUG 2021-06-29 06:24:40.680 UTC: 	 Executing : 
 command : openssl x509 -noout -in ~/.globus/usercert.pem -dates
 output : notBefore=Nov 11 12:18:59 2020 GMT
notAfter=Dec 16 12:18:59 2021 GMT

 error: 
 retcode : 0
DEBUG 2021-06-29 06:24:40.689 UTC: 	 Delegating a myproxy for 720:00 hours
DEBUG 2021-06-29 06:24:40.689 UTC: 	 using eb0e67adc2dd9eb1770413a4ffd073f562b86f05 as credential login name
DEBUG 2021-06-29 06:29:18.722 UTC: 	 Executing : 
 command : export GT_PROXY_MODE=rfc ; myproxy-init -d -n -s myproxy.cern.ch -x -R '/DC=ch/DC=cern/OU=computers/CN=crab-(preprod|prod|dev)-tw(02|01).cern.ch|/DC=ch/DC=cern/OU=computers/CN=(ddi|ddidk|mytw).cern.ch|/DC=ch/DC=cern/OU=computers/CN=stefanov(m|m2).cern.ch' -x -Z '/DC=ch/DC=cern/OU=computers/CN=crab-(preprod|prod|dev)-tw(02|01).cern.ch|/DC=ch/DC=cern/OU=computers/CN=(ddi|ddidk|mytw).cern.ch|/DC=ch/DC=cern/OU=computers/CN=stefanov(m|m2).cern.ch' -l 'eb0e67adc2dd9eb1770413a4ffd073f562b86f05' -t 168:00 -c 720:00
 output : Your identity: /DC=ch/DC=cern/OU=Organic Units/OU=Users/CN=achhetri/CN=804540/CN=Arjun Chhetri

 error: Error: Couldn't read user key in /afs/cern.ch/user/a/achhetri/.globus/userkey.pem.
Use -debug for further information.
grid-proxy-init failed

 retcode : 1
DEBUG 2021-06-29 06:29:18.723 UTC: 	 using eb0e67adc2dd9eb1770413a4ffd073f562b86f05 as credential login name
DEBUG 2021-06-29 06:29:19.128 UTC: 	 Executing : 
 command : myproxy-info -l eb0e67adc2dd9eb1770413a4ffd073f562b86f05 -s myproxy.cern.ch
 output : username: eb0e67adc2dd9eb1770413a4ffd073f562b86f05
owner: /DC=ch/DC=cern/OU=Organic Units/OU=Users/CN=achhetri/CN=804540/CN=Arjun Chhetri
  renewal policy: /DC=ch/DC=cern/OU=computers/CN=vocms0105.cern.ch|/DC=ch/DC=cern/OU=computers/CN=crab-(preprod|prod|dev)-tw(02|01).cern.ch|/DC=ch/DC=cern/OU=computers/CN=(ddi|ddidk|mytw).cern.ch|/DC=ch/DC=cern/OU=computers/CN=stefanov(m|m2).cern.ch
  trusted retrieval policy: /DC=ch/DC=cern/OU=computers/CN=vocms0105.cern.ch|/DC=ch/DC=cern/OU=computers/CN=crab-(preprod|prod|dev)-tw(02|01).cern.ch|/DC=ch/DC=cern/OU=computers/CN=(ddi|ddidk|mytw).cern.ch|/DC=ch/DC=cern/OU=computers/CN=stefanov(m|m2).cern.ch
  timeleft: 0:00:00

 error: 
 retcode : 0
DEBUG 2021-06-29 06:29:19.129 UTC: 	 Retrieving username ...
DEBUG 2021-06-29 06:29:19.129 UTC: 	 Retrieving username from CRIC...
DEBUG 2021-06-29 06:29:19.933 UTC: 	 username is achhetri
DEBUG 2021-06-29 06:29:19.940 UTC: 	 Getting myproxy life time left for myproxy.cern.ch
DEBUG 2021-06-29 06:29:19.940 UTC: 	 using achhetri_CRAB as credential login name
DEBUG 2021-06-29 06:29:20.344 UTC: 	 Executing : 
 command : myproxy-info -l achhetri_CRAB -s myproxy.cern.ch
 output : username: achhetri_CRAB
owner: /DC=ch/DC=cern/OU=Organic Units/OU=Users/CN=achhetri/CN=804540/CN=Arjun Chhetri
  renewal policy: /DC=ch/DC=cern/OU=computers/CN=crab-(preprod|prod|dev)-tw(02|01).cern.ch|/DC=ch/DC=cern/OU=computers/CN=(ddi|ddidk|mytw).cern.ch|/DC=ch/DC=cern/OU=computers/CN=stefanov(m|m2).cern.ch
  trusted retrieval policy: /DC=ch/DC=cern/OU=computers/CN=crab-(preprod|prod|dev)-tw(02|01).cern.ch|/DC=ch/DC=cern/OU=computers/CN=(ddi|ddidk|mytw).cern.ch|/DC=ch/DC=cern/OU=computers/CN=stefanov(m|m2).cern.ch
  timeleft: 414:38:58  (17.3 days)

 error: 
 retcode : 0
DEBUG 2021-06-29 06:29:20.345 UTC: 	 Myproxy is valid: 1492738
DEBUG 2021-06-29 06:29:20.345 UTC: 	 Result of myproxy credential check:
  Error trying to create credential:
 Problems delegating My-proxy. It seems your proxy has not been delegated to myproxy. Please check the logfile for the exact error (Maybe you simply typed a wrong password)
  Credential exists on myproxy: username: achhetri_CRAB  - validity: 17 days, 6:38:58
DEBUG 2021-06-29 06:29:20.347 UTC: 	 Command use: status
DEBUG 2021-06-29 06:29:20.347 UTC: 	 Options use: ['-d', 'crab_Tprime_v5_NANo_AOD_106X/crab_DYJetsToLL_M-50_HT-70to100_v2']
DEBUG 2021-06-29 06:29:20.412 UTC: 	 CRABClient version: v3.210610
DEBUG 2021-06-29 06:29:20.412 UTC: 	 Instance is prod
DEBUG 2021-06-29 06:29:20.412 UTC: 	 Server base url is cmsweb.cern.ch
DEBUG 2021-06-29 06:29:20.412 UTC: 	 Command api workflow
DEBUG 2021-06-29 06:29:20.576 UTC: 	 Got information from server oracle database: {u'result': [u'210628_140913:achhetri_crab_DYJetsToLL_M-50_HT-70to100_v2', u'None', u'None', u'SUBMITTED', u'SUBMIT', u'2021-06-28 14:09:13.641544', u'None', u'2021-06-28 14:10:18.200026', u'None', u'CMSSW_10_6_8', u'slc7_amd64_gcc700', u'/DYJetsToLL_M-50_HT-70to100_TuneCP5_PSweights_13TeV-madgraphMLM-pythia8/RunIISummer20UL17NanoAODv2-106X_mc2017_realistic_v8-v1/NANOAODSIM', u'F', u'0', u'[]', u'[]', u'FileBased', u"{'splitOnRun': False, 'halt_job_on_file_boundaries': False, 'files_per_job': 1, 'runs': [], 'lumis': []}", u'dbb62c6e90d539c01b7361da7edd336f9b47ae6a13b3065aa8bb1bf2bea5890d.tar.gz', u'https://cmsweb.cern.ch/S3/crabcache_prod', u'achhetri', u'/DC=ch/DC=cern/OU=Organic Units/OU=Users/CN=achhetri/CN=804540/CN=Arjun Chhetri', u'cms', u'None', u'None', u'DYJetsToLL_M-50_HT-70to100_v2-00000000000000000000000000000000', u'F', u'T3_CH_CERNBOX', u'https://cmsweb.cern.ch/dbs/prod/global/DBSReader', u'https://cmsweb.cern.ch/dbs/prod/phys03/DBSWriter', u'F', u'[]', u'[]', u"[b'tree.root']", u'Analysis', u'pythia', u'None', u'{}', u'[]', u'T', u'crab-prod-tw01', u'[]', u'1250', u'1', u'2000', u'10', u"['/DYJetsToLL_M-50_HT-70to100_TuneCP5_PSweights_13TeV-madgraphMLM-pythia8/achhetri-DYJetsToLL_M-50_HT-70to100_v2-5d8f93ee2ba2db6b402c7167473e2950/USER']", u'[]', u'http://vocms0144.cern.ch/mon/cms341/210628_140913:achhetri_crab_DYJetsToLL_M-50_HT-70to100_v2', u'crab_script_Tprime.sh', u'[]', u'[]', u'https://cmsweb.cern.ch/crabserver/prod', u'cmsgwms-collector-global.cern.ch:9620,cmsgwms-collector-global.fnal.gov:9620', u'crab3@vocms0144.cern.ch', u'F', u'[]', u'T', u'/store/user/achhetri/Tprime_v5_NANo_AOD_106X', u'F', u'None', u'F', u'None', u'DYJetsToLL_M-50_HT-70to100_TuneCP5_PSweights_13TeV-madgraphMLM-pythia8', u'None', u'30a16320c1084dab610c17b799c7eac8aea2995ab156081778720d4a4658ecff.tar.gz', u'68996614', u'filetransfers', u'F', u'137.138.120.6', u'21.0', u'None'], u'desc': {u'columns': [u'tm_taskname', u'tm_activity', u'panda_jobset_id', u'tm_task_status', u'tm_task_command', u'tm_start_time', u'tm_start_injection', u'tm_end_injection', u'tm_task_failure', u'tm_job_sw', u'tm_job_arch', u'tm_input_dataset', u'tm_nonvalid_input_dataset', u'tm_use_parent', u'tm_site_whitelist', u'tm_site_blacklist', u'tm_split_algo', u'tm_split_args', u'tm_user_sandbox', u'tm_cache_url', u'tm_username', u'tm_user_dn', u'tm_user_vo', u'tm_user_role', u'tm_user_group', u'tm_publish_name', u'tm_publish_groupname', u'tm_asyncdest', u'tm_dbs_url', u'tm_publish_dbs_url', u'tm_publication', u'tm_outfiles', u'tm_tfile_outfiles', u'tm_edm_outfiles', u'tm_job_type', u'tm_generator', u'tm_events_per_lumi', u'tm_arguments', u'panda_resubmitted_jobs', u'tm_save_logs', u'tw_name', u'tm_user_infiles', u'tm_maxjobruntime', u'tm_numcores', u'tm_maxmemory', u'tm_priority', u'tm_output_dataset', u'tm_task_warnings', u'tm_user_webdir', u'tm_scriptexe', u'tm_scriptargs', u'tm_extrajdl', u'tm_asourl', u'tm_collector', u'tm_schedd', u'tm_dry_run', u'tm_user_files', u'tm_transfer_outputs', u'tm_output_lfn', u'tm_ignore_locality', u'tm_fail_limit', u'tm_one_event_mode', u'tm_secondary_input_dataset', u'tm_primary_dataset', u'tm_last_publication', u'tm_debug_files', u'clusterid', u'tm_asodb', u'tm_ignore_global_blacklist', u'tm_submitter_ip_addr', u'tm_totalunits', u'tm_ddm_reqid']}}
INFO 2021-06-29 06:29:20.578 UTC: 	 CRAB project directory:		/afs/cern.ch/work/a/achhetri/NANO_AOD/CMSSW_10_6_8/src/WTopScalefactorProducer/Skimmer/NANOcrab/crab_Tprime_v5_NANo_AOD_106X/crab_DYJetsToLL_M-50_HT-70to100_v2
INFO 2021-06-29 06:29:20.578 UTC: 	 Task name:			210628_140913:achhetri_crab_DYJetsToLL_M-50_HT-70to100_v2
INFO 2021-06-29 06:29:20.578 UTC: 	 Grid scheduler - Task Worker:	crab3@vocms0144.cern.ch - crab-prod-tw01
INFO 2021-06-29 06:29:20.578 UTC: 	 Status on the CRAB server:	SUBMITTED
INFO 2021-06-29 06:29:20.578 UTC: 	 Task URL to use for HELP:	https://cmsweb.cern.ch/crabserver/ui/task/210628_140913%3Aachhetri_crab_DYJetsToLL_M-50_HT-70to100_v2
INFO 2021-06-29 06:29:20.579 UTC: 	 Dashboard monitoring URL:	https://monit-grafana.cern.ch/d/cmsTMDetail/cms-task-monitoring-task-view?orgId=11&var-user=achhetri&var-task=210628_140913%3Aachhetri_crab_DYJetsToLL_M-50_HT-70to100_v2&from=1624885753000&to=now
DEBUG 2021-06-29 06:29:20.580 UTC: 	 The CRAB server submitted your task to the Grid scheduler (cluster ID: 68996614)
DEBUG 2021-06-29 06:29:20.580 UTC: 	 Webdir is located at http://vocms0144.cern.ch/mon/cms341/210628_140913:achhetri_crab_DYJetsToLL_M-50_HT-70to100_v2
DEBUG 2021-06-29 06:29:20.748 UTC: 	 Proxied webdir is located at https://cmsweb.cern.ch:8443/scheddmon/0144/cms341/210628_140913:achhetri_crab_DYJetsToLL_M-50_HT-70to100_v2
DEBUG 2021-06-29 06:29:20.748 UTC: 	 Retrieving 'status_cache' file from https://cmsweb.cern.ch:8443/scheddmon/0144/cms341/210628_140913:achhetri_crab_DYJetsToLL_M-50_HT-70to100_v2/status_cache
DEBUG 2021-06-29 06:29:20.791 UTC: 	 Got information from status cache file: {'20': {'Retries': 0, 'WallDurations': [8.0, 280.3157639503479, 530.0], 'StartTimes': [1624889525.0], 'SubmitTimes': [1624889430.0], 'JobIds': ['68996635.0'], 'EndTimes': [1624890055.0], 'Restarts': 0, 'RecordedSite': True, 'State': 'finished', 'ResidentSetSize': [520728], 'TotalUserCpuTimeHistory': [360], 'SiteHistory': ['Unknown', 'T2_DE_DESY', 'T2_DE_DESY'], 'TotalSysCpuTimeHistory': [13]}, '21': {'Retries': 0, 'WallDurations': [147.0, 281.3157639503479, 281.3157639503479], 'StartTimes': [1624889524.0], 'SubmitTimes': [1624889430.0], 'JobIds': ['68996636.0'], 'EndTimes': [1624889671.0], 'Restarts': 0, 'RecordedSite': True, 'State': 'finished', 'ResidentSetSize': [49452], 'TotalUserCpuTimeHistory': [62], 'SiteHistory': ['Unknown', 'T2_IT_Bari', 'T2_IT_Bari'], 'TotalSysCpuTimeHistory': [3]}, '1': {'Retries': 0, 'WallDurations': [175.0, 284.3157639503479, 284.3157639503479], 'StartTimes': [1624889521.0], 'SubmitTimes': [1624889423.0], 'JobIds': ['68996616.0'], 'EndTimes': [1624889696.0], 'Restarts': 0, 'RecordedSite': True, 'State': 'finished', 'ResidentSetSize': [2836], 'TotalUserCpuTimeHistory': [76], 'SiteHistory': ['Unknown', 'T2_IT_Legnaro', 'T2_IT_Legnaro'], 'TotalSysCpuTimeHistory': [3]}, '3': {'Retries': 0, 'WallDurations': [9.0, 284.3157639503479, 938.0], 'StartTimes': [1624889521.0], 'SubmitTimes': [1624889423.0], 'JobIds': ['68996618.0'], 'EndTimes': [1624890459.0], 'Restarts': 0, 'RecordedSite': True, 'State': 'finished', 'ResidentSetSize': [335368], 'TotalUserCpuTimeHistory': [13], 'SiteHistory': ['Unknown', 'T2_UK_SGrid_RALPP', 'T2_UK_SGrid_RALPP'], 'TotalSysCpuTimeHistory': [1]}, '2': {'Retries': 0, 'WallDurations': [101.0, 284.3157639503479, 284.3157639503479], 'StartTimes': [1624889521.0], 'SubmitTimes': [1624889423.0], 'JobIds': ['68996617.0'], 'EndTimes': [1624889622.0], 'Restarts': 0, 'RecordedSite': True, 'State': 'finished', 'ResidentSetSize': [28300], 'TotalUserCpuTimeHistory': [5], 'SiteHistory': ['Unknown', 'T2_UK_London_IC', 'T2_UK_London_IC'], 'TotalSysCpuTimeHistory': [1]}, '5': {'Retries': 0, 'WallDurations': [147.0, 272.3157639503479, 272.3157639503479], 'StartTimes': [1624889533.0], 'SubmitTimes': [1624889423.0], 'JobIds': ['68996620.0'], 'EndTimes': [1624889680.0], 'Restarts': 0, 'RecordedSite': True, 'State': 'finished', 'ResidentSetSize': [2852], 'TotalUserCpuTimeHistory': [59], 'SiteHistory': ['Unknown', 'T2_UK_London_IC', 'T2_UK_London_IC'], 'TotalSysCpuTimeHistory': [4]}, '4': {'Retries': 0, 'WallDurations': [144.0, 283.3157639503479, 283.3157639503479], 'StartTimes': [1624889522.0], 'SubmitTimes': [1624889423.0], 'JobIds': ['68996619.0'], 'EndTimes': [1624889666.0], 'Restarts': 0, 'RecordedSite': True, 'State': 'finished', 'ResidentSetSize': [28272], 'TotalUserCpuTimeHistory': [22], 'SiteHistory': ['Unknown', 'T2_UK_London_IC', 'T2_UK_London_IC'], 'TotalSysCpuTimeHistory': [3]}, '7': {'Retries': 0, 'WallDurations': [113.0, 276.3157639503479, 276.3157639503479], 'StartTimes': [1624889529.0], 'SubmitTimes': [1624889423.0], 'JobIds': ['68996622.0'], 'EndTimes': [1624889642.0], 'Restarts': 0, 'RecordedSite': True, 'State': 'finished', 'ResidentSetSize': [2856], 'TotalUserCpuTimeHistory': [28], 'SiteHistory': ['Unknown', 'T2_UK_London_IC', 'T2_UK_London_IC'], 'TotalSysCpuTimeHistory': [2]}, '6': {'Retries': 0, 'WallDurations': [83.0, 275.3157639503479, 275.3157639503479], 'StartTimes': [1624889530.0], 'SubmitTimes': [1624889423.0], 'JobIds': ['68996621.0'], 'EndTimes': [1624889613.0], 'Restarts': 0, 'RecordedSite': True, 'State': 'finished', 'ResidentSetSize': [29396], 'TotalUserCpuTimeHistory': [14], 'SiteHistory': ['Unknown', 'T2_UK_London_IC', 'T2_UK_London_IC'], 'TotalSysCpuTimeHistory': [1]}, '9': {'Retries': 0, 'WallDurations': [82.0, 274.3157639503479, 274.3157639503479], 'StartTimes': [1624889531.0], 'SubmitTimes': [1624889423.0], 'JobIds': ['68996623.0'], 'EndTimes': [1624889613.0], 'Restarts': 0, 'RecordedSite': True, 'State': 'finished', 'ResidentSetSize': [50632], 'TotalUserCpuTimeHistory': [18], 'SiteHistory': ['Unknown', 'T2_UK_London_IC', 'T2_UK_London_IC'], 'TotalSysCpuTimeHistory': [2]}, '8': {'Retries': 0, 'WallDurations': [100.0, 284.3157639503479, 284.3157639503479], 'StartTimes': [1624889521.0], 'SubmitTimes': [1624889423.0], 'JobIds': ['68996624.0'], 'EndTimes': [1624889621.0], 'Restarts': 0, 'RecordedSite': True, 'State': 'finished', 'ResidentSetSize': [28492], 'TotalUserCpuTimeHistory': [6], 'SiteHistory': ['Unknown', 'T2_UK_London_IC', 'T2_UK_London_IC'], 'TotalSysCpuTimeHistory': [1]}, '11': {'Retries': 0, 'WallDurations': [9.0, 269.3157639503479, 684.0], 'StartTimes': [1624889536.0], 'SubmitTimes': [1624889424.0], 'JobIds': ['68996626.0'], 'EndTimes': [1624890220.0], 'Restarts': 0, 'RecordedSite': True, 'State': 'finished', 'ResidentSetSize': [567876], 'TotalUserCpuTimeHistory': [531], 'SiteHistory': ['Unknown', 'T2_UK_London_IC', 'T2_UK_London_IC'], 'TotalSysCpuTimeHistory': [32]}, '10': {'Retries': 0, 'WallDurations': [9.0, 283.3157639503479, 4922.0], 'StartTimes': [1624889522.0], 'SubmitTimes': [1624889424.0], 'JobIds': ['68996625.0'], 'EndTimes': [1624894444.0], 'Restarts': 0, 'RecordedSite': True, 'State': 'finished', 'ResidentSetSize': [568352], 'TotalUserCpuTimeHistory': [524], 'SiteHistory': ['Unknown', 'T3_UK_ScotGrid_GLA', 'T3_UK_ScotGrid_GLA'], 'TotalSysCpuTimeHistory': [58]}, '13': {'Retries': 0, 'WallDurations': [200.0, 262.3157639503479, 262.3157639503479], 'StartTimes': [1624889543.0], 'SubmitTimes': [1624889424.0], 'JobIds': ['68996628.0'], 'EndTimes': [1624889743.0], 'Restarts': 0, 'RecordedSite': True, 'State': 'finished', 'ResidentSetSize': [2852], 'TotalUserCpuTimeHistory': [128], 'SiteHistory': ['Unknown', 'T2_UK_London_IC', 'T2_UK_London_IC'], 'TotalSysCpuTimeHistory': [7]}, '12': {'Retries': 0, 'WallDurations': [8.0, 283.3157639503479, 5021.0], 'StartTimes': [1624889522.0], 'SubmitTimes': [1624889424.0], 'JobIds': ['68996627.0'], 'EndTimes': [1624894543.0], 'Restarts': 0, 'RecordedSite': True, 'State': 'finished', 'ResidentSetSize': [567984], 'TotalUserCpuTimeHistory': [511], 'SiteHistory': ['Unknown', 'T3_UK_ScotGrid_GLA', 'T3_UK_ScotGrid_GLA'], 'TotalSysCpuTimeHistory': [62]}, '15': {'Retries': 0, 'WallDurations': [8.0, 283.3157639503479, 645.0], 'StartTimes': [1624889522.0], 'SubmitTimes': [1624889424.0], 'JobIds': ['68996629.0'], 'EndTimes': [1624890167.0], 'Restarts': 0, 'RecordedSite': True, 'State': 'finished', 'ResidentSetSize': [563672], 'TotalUserCpuTimeHistory': [485], 'SiteHistory': ['Unknown', 'T2_IT_Legnaro', 'T2_IT_Legnaro'], 'TotalSysCpuTimeHistory': [19]}, '14': {'Retries': 0, 'WallDurations': [9.0, 278.3157639503479, 292.0], 'StartTimes': [1624889527.0], 'SubmitTimes': [1624889424.0], 'JobIds': ['68996630.0'], 'EndTimes': [1624889819.0], 'Restarts': 0, 'RecordedSite': True, 'State': 'finished', 'ResidentSetSize': [2860], 'TotalUserCpuTimeHistory': [201], 'SiteHistory': ['Unknown', 'T2_UK_London_IC', 'T2_UK_London_IC'], 'TotalSysCpuTimeHistory': [11]}, '17': {'Retries': 0, 'WallDurations': [9.0, 282.3157639503479, 4997.0], 'StartTimes': [1624889523.0], 'SubmitTimes': [1624889429.0], 'JobIds': ['68996632.0'], 'EndTimes': [1624894520.0], 'Restarts': 0, 'RecordedSite': True, 'State': 'finished', 'ResidentSetSize': [558020], 'TotalUserCpuTimeHistory': [515], 'SiteHistory': ['Unknown', 'T3_UK_ScotGrid_GLA', 'T3_UK_ScotGrid_GLA'], 'TotalSysCpuTimeHistory': [61]}, '16': {'Retries': 0, 'WallDurations': [144.0, 284.3157639503479, 284.3157639503479], 'StartTimes': [1624889521.0], 'SubmitTimes': [1624889424.0], 'JobIds': ['68996631.0'], 'EndTimes': [1624889665.0], 'Restarts': 0, 'RecordedSite': True, 'State': 'finished', 'ResidentSetSize': [4916], 'TotalUserCpuTimeHistory': [33], 'SiteHistory': ['Unknown', 'T2_UK_London_IC', 'T2_UK_London_IC'], 'TotalSysCpuTimeHistory': [3]}, '19': {'Retries': 0, 'WallDurations': [173.0, 282.3157639503479, 282.3157639503479], 'StartTimes': [1624889523.0], 'SubmitTimes': [1624889429.0], 'JobIds': ['68996634.0'], 'EndTimes': [1624889696.0], 'Restarts': 0, 'RecordedSite': True, 'State': 'finished', 'ResidentSetSize': [3260], 'TotalUserCpuTimeHistory': [69], 'SiteHistory': ['Unknown', 'T3_UK_London_QMUL', 'T3_UK_London_QMUL'], 'TotalSysCpuTimeHistory': [4]}, '18': {'Retries': 0, 'WallDurations': [8.0, 277.3157639503479, 329.0], 'StartTimes': [1624889528.0], 'SubmitTimes': [1624889429.0], 'JobIds': ['68996633.0'], 'EndTimes': [1624889857.0], 'Restarts': 0, 'RecordedSite': True, 'State': 'finished', 'ResidentSetSize': [485972], 'TotalUserCpuTimeHistory': [198], 'SiteHistory': ['Unknown', 'T2_UK_London_IC', 'T2_UK_London_IC'], 'TotalSysCpuTimeHistory': [14]}}
INFO 2021-06-29 06:29:20.791 UTC: 	 Status on the scheduler:	COMPLETED
INFO 2021-06-29 06:29:20.791 UTC: 	 
Jobs status:                    finished     		100.0% (21/21)
INFO 2021-06-29 06:29:20.791 UTC: 	 
No publication information (publication has been disabled in the CRAB configuration file)
INFO 2021-06-29 06:29:20.792 UTC: 	 
Warning: the max jobs runtime is less than 30% of the task requested value (1250 min), please consider to request a lower value for failed jobs (allowed through crab resubmit) and/or improve the jobs splitting (e.g. config.Data.splitting = 'Automatic') in a new task.
INFO 2021-06-29 06:29:20.792 UTC: 	 
Warning: the average jobs CPU efficiency is less than 50%, please consider to improve the jobs splitting (e.g. config.Data.splitting = 'Automatic') in a new task
INFO 2021-06-29 06:29:20.792 UTC: 	 
Summary of run jobs:
 * Memory: 2MB min, 555MB max, 205MB ave
 * Runtime: 0:04:22 min, 1:23:41 max, 0:17:13 ave
 * CPU eff: 1% min, 82% max, 19% ave
 * Waste: 2:05:52 (26% of total)

INFO 2021-06-29 06:29:20.822 UTC: 	 Log file is /afs/cern.ch/work/a/achhetri/NANO_AOD/CMSSW_10_6_8/src/WTopScalefactorProducer/Skimmer/NANOcrab/crab_Tprime_v5_NANo_AOD_106X/crab_DYJetsToLL_M-50_HT-70to100_v2/crab.log
