DEBUG 2021-03-16 06:01:57.598 UTC: 	 CRAB Client version: v3.201110
DEBUG 2021-03-16 06:01:57.598 UTC: 	 Running on: Linux lxplus700.cern.ch 3.10.0-1160.15.2.el7.x86_64 #1 SMP Wed Feb 3 15:06:38 UTC 2021 x86_64 x86_64 x86_64 GNU/Linux - CentOS Linux 7 (Core)
DEBUG 2021-03-16 06:01:57.598 UTC: 	 Executing command: 'submit'
DEBUG 2021-03-16 06:01:57.599 UTC: 	 Found CRAB cache file /afs/cern.ch/user/a/achhetri/.crab3
DEBUG 2021-03-16 06:01:57.600 UTC: 	 Will use CRAB Analysis plugin (i.e. will run an analysis job type).
DEBUG 2021-03-16 06:01:57.622 UTC: 	 Checking credentials
DEBUG 2021-03-16 06:01:57.622 UTC: 	 Found proxy file /afs/cern.ch/user/a/achhetri/x509up_u94350
DEBUG 2021-03-16 06:01:57.622 UTC: 	 Getting proxy life time left
DEBUG 2021-03-16 06:01:58.329 UTC: 	 Executing : 
 command : voms-proxy-info -file /afs/cern.ch/user/a/achhetri/x509up_u94350 -timeleft
 output : 690498

 error: 
 retcode : 0
DEBUG 2021-03-16 06:01:58.937 UTC: 	 Executing : 
 command : voms-proxy-info -file /afs/cern.ch/user/a/achhetri/x509up_u94350 -actimeleft
 output : 690498

 error: 
 retcode : 0
DEBUG 2021-03-16 06:01:58.937 UTC: 	 Proxy valid for 191:48:18 hours
DEBUG 2021-03-16 06:01:59.544 UTC: 	 Executing : 
 command : env X509_USER_PROXY=/afs/cern.ch/user/a/achhetri/x509up_u94350 voms-proxy-info -fqan
 output : /cms/Role=NULL/Capability=NULL

 error: 
 retcode : 0
DEBUG 2021-03-16 06:01:59.649 UTC: 	 Registering user credentials for server /DC=ch/DC=cern/OU=computers/CN=vocms0105.cern.ch|/DC=ch/DC=cern/OU=computers/CN=crab-(preprod|prod|dev)-tw(02|01).cern.ch|/DC=ch/DC=cern/OU=computers/CN=(ddi|ddidk|mytw).cern.ch|/DC=ch/DC=cern/OU=computers/CN=stefanov(m|m2).cern.ch
DEBUG 2021-03-16 06:02:00.263 UTC: 	 Executing : 
 command : voms-proxy-info -file /afs/cern.ch/user/a/achhetri/x509up_u94350 -identity
 output : /DC=ch/DC=cern/OU=Organic Units/OU=Users/CN=achhetri/CN=804540/CN=Arjun Chhetri

 error: 
 retcode : 0
DEBUG 2021-03-16 06:02:00.271 UTC: 	 Getting myproxy life time left for myproxy.cern.ch
DEBUG 2021-03-16 06:02:00.271 UTC: 	 using eb0e67adc2dd9eb1770413a4ffd073f562b86f05 as credential login name
DEBUG 2021-03-16 06:02:00.676 UTC: 	 Executing : 
 command : myproxy-info -l eb0e67adc2dd9eb1770413a4ffd073f562b86f05 -s myproxy.cern.ch
 output : username: eb0e67adc2dd9eb1770413a4ffd073f562b86f05
owner: /DC=ch/DC=cern/OU=Organic Units/OU=Users/CN=achhetri/CN=804540/CN=Arjun Chhetri
  renewal policy: /DC=ch/DC=cern/OU=computers/CN=vocms0105.cern.ch|/DC=ch/DC=cern/OU=computers/CN=crab-(preprod|prod|dev)-tw(02|01).cern.ch|/DC=ch/DC=cern/OU=computers/CN=(ddi|ddidk|mytw).cern.ch|/DC=ch/DC=cern/OU=computers/CN=stefanov(m|m2).cern.ch
  trusted retrieval policy: /DC=ch/DC=cern/OU=computers/CN=vocms0105.cern.ch|/DC=ch/DC=cern/OU=computers/CN=crab-(preprod|prod|dev)-tw(02|01).cern.ch|/DC=ch/DC=cern/OU=computers/CN=(ddi|ddidk|mytw).cern.ch|/DC=ch/DC=cern/OU=computers/CN=stefanov(m|m2).cern.ch
  timeleft: 557:52:09  (23.2 days)

 error: 
 retcode : 0
DEBUG 2021-03-16 06:02:00.676 UTC: 	 Myproxy is valid: 2008329
DEBUG 2021-03-16 06:02:00.677 UTC: 	 Retrieving username ...
DEBUG 2021-03-16 06:02:00.677 UTC: 	 Retrieving username from CRIC...
DEBUG 2021-03-16 06:02:01.384 UTC: 	 username is achhetri
DEBUG 2021-03-16 06:02:01.390 UTC: 	 Getting myproxy life time left for myproxy.cern.ch
DEBUG 2021-03-16 06:02:01.390 UTC: 	 using achhetri_CRAB as credential login name
DEBUG 2021-03-16 06:02:01.694 UTC: 	 Executing : 
 command : myproxy-info -l achhetri_CRAB -s myproxy.cern.ch
 output : username: achhetri_CRAB
owner: /DC=ch/DC=cern/OU=Organic Units/OU=Users/CN=achhetri/CN=804540/CN=Arjun Chhetri
  renewal policy: /DC=ch/DC=cern/OU=computers/CN=vocms0105.cern.ch|/DC=ch/DC=cern/OU=computers/CN=crab-(preprod|prod|dev)-tw(02|01).cern.ch|/DC=ch/DC=cern/OU=computers/CN=(ddi|ddidk|mytw).cern.ch|/DC=ch/DC=cern/OU=computers/CN=stefanov(m|m2).cern.ch
  trusted retrieval policy: /DC=ch/DC=cern/OU=computers/CN=vocms0105.cern.ch|/DC=ch/DC=cern/OU=computers/CN=crab-(preprod|prod|dev)-tw(02|01).cern.ch|/DC=ch/DC=cern/OU=computers/CN=(ddi|ddidk|mytw).cern.ch|/DC=ch/DC=cern/OU=computers/CN=stefanov(m|m2).cern.ch
  timeleft: 194:49:39  (8.1 days)

 error: 
 retcode : 0
DEBUG 2021-03-16 06:02:01.695 UTC: 	 Myproxy is valid: 701379
DEBUG 2021-03-16 06:02:01.799 UTC: 	 Executing : 
 command : openssl x509 -noout -in ~/.globus/usercert.pem -dates
 output : notBefore=Nov 11 12:18:59 2020 GMT
notAfter=Dec 16 12:18:59 2021 GMT

 error: 
 retcode : 0
DEBUG 2021-03-16 06:02:01.800 UTC: 	 Delegating a myproxy for 720:00 hours
DEBUG 2021-03-16 06:02:01.801 UTC: 	 using achhetri_CRAB as credential login name
DEBUG 2021-03-16 06:02:07.919 UTC: 	 Executing : 
 command : export GT_PROXY_MODE=rfc ; myproxy-init -d -n -s myproxy.cern.ch -x -R '/DC=ch/DC=cern/OU=computers/CN=vocms0105.cern.ch|/DC=ch/DC=cern/OU=computers/CN=crab-(preprod|prod|dev)-tw(02|01).cern.ch|/DC=ch/DC=cern/OU=computers/CN=(ddi|ddidk|mytw).cern.ch|/DC=ch/DC=cern/OU=computers/CN=stefanov(m|m2).cern.ch' -x -Z '/DC=ch/DC=cern/OU=computers/CN=vocms0105.cern.ch|/DC=ch/DC=cern/OU=computers/CN=crab-(preprod|prod|dev)-tw(02|01).cern.ch|/DC=ch/DC=cern/OU=computers/CN=(ddi|ddidk|mytw).cern.ch|/DC=ch/DC=cern/OU=computers/CN=stefanov(m|m2).cern.ch' -l 'achhetri_CRAB' -t 168:00 -c 720:00
 output : Your identity: /DC=ch/DC=cern/OU=Organic Units/OU=Users/CN=achhetri/CN=804540/CN=Arjun Chhetri

 error: Error: Couldn't read user key in /afs/cern.ch/user/a/achhetri/.globus/userkey.pem.
Use -debug for further information.
grid-proxy-init failed

 retcode : 1
DEBUG 2021-03-16 06:02:07.920 UTC: 	 using achhetri_CRAB as credential login name
DEBUG 2021-03-16 06:02:08.225 UTC: 	 Executing : 
 command : myproxy-info -l achhetri_CRAB -s myproxy.cern.ch
 output : username: achhetri_CRAB
owner: /DC=ch/DC=cern/OU=Organic Units/OU=Users/CN=achhetri/CN=804540/CN=Arjun Chhetri
  renewal policy: /DC=ch/DC=cern/OU=computers/CN=vocms0105.cern.ch|/DC=ch/DC=cern/OU=computers/CN=crab-(preprod|prod|dev)-tw(02|01).cern.ch|/DC=ch/DC=cern/OU=computers/CN=(ddi|ddidk|mytw).cern.ch|/DC=ch/DC=cern/OU=computers/CN=stefanov(m|m2).cern.ch
  trusted retrieval policy: /DC=ch/DC=cern/OU=computers/CN=vocms0105.cern.ch|/DC=ch/DC=cern/OU=computers/CN=crab-(preprod|prod|dev)-tw(02|01).cern.ch|/DC=ch/DC=cern/OU=computers/CN=(ddi|ddidk|mytw).cern.ch|/DC=ch/DC=cern/OU=computers/CN=stefanov(m|m2).cern.ch
  timeleft: 194:49:32  (8.1 days)

 error: 
 retcode : 0
DEBUG 2021-03-16 06:02:08.225 UTC: 	 My-proxy delegated.
DEBUG 2021-03-16 06:02:08.226 UTC: 	 Result of myproxy credential check:
  Credential exists on myproxy: username: eb0e67adc2dd9eb1770413a4ffd073f562b86f05  - validity: 23 days, 5:52:09
  Credential exists on myproxy: username: achhetri_CRAB  - validity: 8 days, 2:49:32
DEBUG 2021-03-16 06:02:08.226 UTC: 	 Command use: submit
DEBUG 2021-03-16 06:02:08.226 UTC: 	 Options use: ['--config', <WMCore.Configuration.Configuration object at 0x7f31731fbe90>]
DEBUG 2021-03-16 06:02:08.303 UTC: 	 CRABClient version: v3.201110
DEBUG 2021-03-16 06:02:08.303 UTC: 	 Instance is prod
DEBUG 2021-03-16 06:02:08.303 UTC: 	 Server base url is cmsweb-k8s-prod.cern.ch
DEBUG 2021-03-16 06:02:08.303 UTC: 	 Command url /crabserver/prod/workflow
DEBUG 2021-03-16 06:02:08.303 UTC: 	 Started submission
DEBUG 2021-03-16 06:02:08.303 UTC: 	 Working on /afs/cern.ch/work/a/achhetri/NANO_AOD/CMSSW_10_6_8/src/WTopScalefactorProducer/Skimmer/NANOcrab/crab_Tprime_v5_NANo_AOD_106X/crab_TprimeB_to_TH_M1000_LH_v2
DEBUG 2021-03-16 06:02:08.366 UTC: 	 Loading required information from the environment
DEBUG 2021-03-16 06:02:08.366 UTC: 	 Found CMSSW_10_6_8 for slc7_amd64_gcc700 with base /afs/cern.ch/work/a/achhetri/NANO_AOD/CMSSW_10_6_8
DEBUG 2021-03-16 06:02:08.366 UTC: 	 Loading required information from the environment
DEBUG 2021-03-16 06:02:08.366 UTC: 	 Found CMSSW_10_6_8 for slc7_amd64_gcc700 with base /afs/cern.ch/work/a/achhetri/NANO_AOD/CMSSW_10_6_8
DEBUG 2021-03-16 06:02:08.366 UTC: 	 UNIQUE NAME: tarUUID b5c15fc8-095d-40f7-854d-57cde1f652fb 
DEBUG 2021-03-16 06:02:08.367 UTC: 	 self.config: from WMCore.Configuration import Configuration
config = Configuration()
config.section_('General')
config.General.transferLogs = True
config.General.workArea = 'crab_Tprime_v5_NANo_AOD_106X'
config.General.requestName = 'TprimeB_to_TH_M1000_LH_v2'
config.section_('JobType')
config.JobType.scriptExe = 'crab_script_Tprime.sh'
config.JobType.pluginName = 'Analysis'
config.JobType.sendPythonFolder = True
config.JobType.allowUndistributedCMSSW = True
config.JobType.psetName = 'PSet.py'
config.JobType.inputFiles = ['TprimeBToTH_LH_RunIISummer19UL16_Skimmer.py', 'keep_and_drop_v1.txt', '../../../PhysicsTools/NanoAODTools/scripts/haddnano.py']
config.section_('Data')
config.Data.inputDataset = '/TprimeBToTH_M-1000_LH_TuneCP5_PSweights_13TeV-madgraph_pythia8/RunIISummer19UL17NanoAODv2-106X_mc2017_realistic_v8-v1/NANOAODSIM'
config.Data.outputDatasetTag = 'TprimeB_to_TH_M1000_LH_v2'
config.Data.publication = False
config.Data.unitsPerJob = 10000
config.Data.inputDBS = 'global'
config.Data.splitting = 'EventAwareLumiBased'
config.Data.outLFNDirBase = '/store/user/achhetri/Tprime_v5_NANo_AOD_106X'
config.Data.totalUnits = 400000
config.section_('Site')
config.Site.storageSite = 'T3_CH_CERNBOX'
config.section_('User')
config.section_('Debug')

DEBUG 2021-03-16 06:02:08.367 UTC: 	 self.config.JobType.psetName: PSet.py
INFO 2021-03-16 06:02:08.367 UTC: 	 Importing CMSSW configuration PSet.py
INFO 2021-03-16 06:02:08.367 UTC: 	 Finished importing CMSSW configuration PSet.py
DEBUG 2021-03-16 06:02:08.367 UTC: 	 Writing CMSSW configuration to /afs/cern.ch/work/a/achhetri/NANO_AOD/CMSSW_10_6_8/src/WTopScalefactorProducer/Skimmer/NANOcrab/crab_Tprime_v5_NANo_AOD_106X/crab_TprimeB_to_TH_M1000_LH_v2/inputs/PSet.py
DEBUG 2021-03-16 06:02:08.386 UTC: 	 The following EDM output files will be collected: ['tree.root']
DEBUG 2021-03-16 06:02:08.386 UTC: 	 The following TFile output files will be collected: []
DEBUG 2021-03-16 06:02:08.386 UTC: 	 The following user output files (not listed as PoolOuputModule or TFileService in the CMSSW PSet) will be collected: 
DEBUG 2021-03-16 06:02:08.386 UTC: 	 Loading required information from the environment
DEBUG 2021-03-16 06:02:08.386 UTC: 	 Found CMSSW_10_6_8 for slc7_amd64_gcc700 with base /afs/cern.ch/work/a/achhetri/NANO_AOD/CMSSW_10_6_8
DEBUG 2021-03-16 06:02:08.386 UTC: 	 Making tarball in /afs/cern.ch/work/a/achhetri/NANO_AOD/CMSSW_10_6_8/src/WTopScalefactorProducer/Skimmer/NANOcrab/crab_Tprime_v5_NANo_AOD_106X/crab_TprimeB_to_TH_M1000_LH_v2/inputs/b5c15fc8-095d-40f7-854d-57cde1f652fbdefault.tgz
DEBUG 2021-03-16 06:02:08.387 UTC: 	 Checking directory /afs/cern.ch/work/a/achhetri/NANO_AOD/CMSSW_10_6_8/lib
DEBUG 2021-03-16 06:02:08.387 UTC: 	 Adding directory /afs/cern.ch/work/a/achhetri/NANO_AOD/CMSSW_10_6_8/lib to tarball
DEBUG 2021-03-16 06:02:08.499 UTC: 	 Checking directory /afs/cern.ch/work/a/achhetri/NANO_AOD/CMSSW_10_6_8/biglib
DEBUG 2021-03-16 06:02:08.500 UTC: 	 Adding directory /afs/cern.ch/work/a/achhetri/NANO_AOD/CMSSW_10_6_8/biglib to tarball
DEBUG 2021-03-16 06:02:08.500 UTC: 	 Checking directory /afs/cern.ch/work/a/achhetri/NANO_AOD/CMSSW_10_6_8/module
DEBUG 2021-03-16 06:02:08.501 UTC: 	 Checking directory /afs/cern.ch/work/a/achhetri/NANO_AOD/CMSSW_10_6_8/python
DEBUG 2021-03-16 06:02:08.501 UTC: 	 Adding directory /afs/cern.ch/work/a/achhetri/NANO_AOD/CMSSW_10_6_8/python to tarball
DEBUG 2021-03-16 06:02:10.095 UTC: 	 Checking directory /afs/cern.ch/work/a/achhetri/NANO_AOD/CMSSW_10_6_8/cfipython
DEBUG 2021-03-16 06:02:10.096 UTC: 	 Adding directory /afs/cern.ch/work/a/achhetri/NANO_AOD/CMSSW_10_6_8/cfipython to tarball
DEBUG 2021-03-16 06:02:10.100 UTC: 	 Adding data directory /afs/cern.ch/work/a/achhetri/NANO_AOD/CMSSW_10_6_8/src/PhysicsTools/NanoAODTools/data to tarball
DEBUG 2021-03-16 06:02:21.456 UTC: 	 Adding data directory /afs/cern.ch/work/a/achhetri/NANO_AOD/CMSSW_10_6_8/src/PhysicsTools/NanoAODTools/interface to tarball
DEBUG 2021-03-16 06:02:21.460 UTC: 	 Adding data directory /afs/cern.ch/work/a/achhetri/NANO_AOD/CMSSW_10_6_8/src/PhysicsTools/NanoAODTools/python/postprocessing/data to tarball
DEBUG 2021-03-16 06:02:23.361 UTC: 	 Adding file TprimeBToTH_LH_RunIISummer19UL16_Skimmer.py to tarball
DEBUG 2021-03-16 06:02:23.362 UTC: 	 Adding file keep_and_drop_v1.txt to tarball
DEBUG 2021-03-16 06:02:23.363 UTC: 	 Adding file ../../../PhysicsTools/NanoAODTools/scripts/haddnano.py to tarball
DEBUG 2021-03-16 06:02:26.157 UTC: 	 Uploading archive /afs/cern.ch/work/a/achhetri/NANO_AOD/CMSSW_10_6_8/src/WTopScalefactorProducer/Skimmer/NANOcrab/crab_Tprime_v5_NANo_AOD_106X/crab_TprimeB_to_TH_M1000_LH_v2/inputs/b5c15fc8-095d-40f7-854d-57cde1f652fbdefault.tgz (55 MB) to the CRAB cache. Using URI https://cmsweb.cern.ch:8443/crabcache
DEBUG 2021-03-16 06:02:57.978 UTC: 	 Loading required information from the environment
DEBUG 2021-03-16 06:02:57.978 UTC: 	 Found CMSSW_10_6_8 for slc7_amd64_gcc700 with base /afs/cern.ch/work/a/achhetri/NANO_AOD/CMSSW_10_6_8
DEBUG 2021-03-16 06:02:57.978 UTC: 	 Making tarball in /afs/cern.ch/work/a/achhetri/NANO_AOD/CMSSW_10_6_8/src/WTopScalefactorProducer/Skimmer/NANOcrab/crab_Tprime_v5_NANo_AOD_106X/crab_TprimeB_to_TH_M1000_LH_v2/inputs/debugFiles.tgz
DEBUG 2021-03-16 06:02:57.984 UTC: 	 Uploading archive /afs/cern.ch/work/a/achhetri/NANO_AOD/CMSSW_10_6_8/src/WTopScalefactorProducer/Skimmer/NANOcrab/crab_Tprime_v5_NANo_AOD_106X/crab_TprimeB_to_TH_M1000_LH_v2/inputs/debugFiles.tgz (1 KB) to the CRAB cache. Using URI https://cmsweb.cern.ch:8443/crabcache
DEBUG 2021-03-16 06:02:58.026 UTC: 	 Result uploading input files: fc7a7651ae32a455489d7bba5472fb61254915346e808bfef548ea28c00d27f3.tar.gz 
INFO 2021-03-16 06:02:58.026 UTC: 	 Sending the request to the server at cmsweb-k8s-prod.cern.ch
DEBUG 2021-03-16 06:02:58.026 UTC: 	 Submitting {'maxjobruntime': 1250, 'extrajdl': [], 'lfn': '/store/user/achhetri/Tprime_v5_NANo_AOD_106X', 'savelogsflag': 1, 'useparent': 0, 'scriptexe': 'crab_script_Tprime.sh', 'asyncdest': 'T3_CH_CERNBOX', 'algoargs': 10000, 'cachefilename': 'fc7a7651ae32a455489d7bba5472fb61254915346e808bfef548ea28c00d27f3.tar.gz', 'numcores': 1, 'addoutputfiles': [], 'generator': 'pythia', 'maxmemory': 2000, 'publishdbsurl': 'https://cmsweb.cern.ch/dbs/prod/phys03/DBSWriter', 'priority': 10, 'jobsw': 'CMSSW_10_6_8', 'edmoutfiles': ['tree.root'], 'userfiles': [], 'primarydataset': '', 'inputdata': '/TprimeBToTH_M-1000_LH_TuneCP5_PSweights_13TeV-madgraph_pythia8/RunIISummer19UL17NanoAODv2-106X_mc2017_realistic_v8-v1/NANOAODSIM', 'ignorelocality': 0, 'dryrun': 0, 'workflow': 'crab_TprimeB_to_TH_M1000_LH_v2', 'cacheurl': u'https://cmsweb.cern.ch:8443/crabcache', 'nonprodsw': 1, 'tfileoutfiles': [], 'oneEventMode': 0, 'debugfilename': '21431ccb4505bb559547aeaf1d910adcca7d514fdb0f6272464e16e1a693ffbf.tar.gz', 'saveoutput': 1, 'publication': 0, 'jobarch': 'slc7_amd64_gcc700', 'totalunits': 400000, 'splitalgo': 'EventAwareLumiBased', 'ignoreglobalblacklist': 0, 'nonvaliddata': 0, 'dbsurl': 'https://cmsweb.cern.ch/dbs/prod/global/DBSReader', 'publishgroupname': 0, 'jobtype': 'Analysis', 'publishname2': 'TprimeB_to_TH_M1000_LH_v2'} 
DEBUG 2021-03-16 06:02:58.027 UTC: 	 Encoded submit request: maxjobruntime=1250&lfn=%2Fstore%2Fuser%2Fachhetri%2FTprime_v5_NANo_AOD_106X&savelogsflag=1&useparent=0&scriptexe=crab_script_Tprime.sh&asyncdest=T3_CH_CERNBOX&algoargs=10000&cachefilename=fc7a7651ae32a455489d7bba5472fb61254915346e808bfef548ea28c00d27f3.tar.gz&numcores=1&generator=pythia&maxmemory=2000&publishdbsurl=https%3A%2F%2Fcmsweb.cern.ch%2Fdbs%2Fprod%2Fphys03%2FDBSWriter&priority=10&jobsw=CMSSW_10_6_8&primarydataset=&inputdata=%2FTprimeBToTH_M-1000_LH_TuneCP5_PSweights_13TeV-madgraph_pythia8%2FRunIISummer19UL17NanoAODv2-106X_mc2017_realistic_v8-v1%2FNANOAODSIM&ignorelocality=0&dryrun=0&workflow=crab_TprimeB_to_TH_M1000_LH_v2&cacheurl=https%3A%2F%2Fcmsweb.cern.ch%3A8443%2Fcrabcache&nonprodsw=1&oneEventMode=0&debugfilename=21431ccb4505bb559547aeaf1d910adcca7d514fdb0f6272464e16e1a693ffbf.tar.gz&saveoutput=1&publication=0&jobarch=slc7_amd64_gcc700&totalunits=400000&splitalgo=EventAwareLumiBased&ignoreglobalblacklist=0&nonvaliddata=0&dbsurl=https%3A%2F%2Fcmsweb.cern.ch%2Fdbs%2Fprod%2Fglobal%2FDBSReader&publishgroupname=0&jobtype=Analysis&publishname2=TprimeB_to_TH_M1000_LH_v2&edmoutfiles=tree.root
DEBUG 2021-03-16 06:02:58.127 UTC: 	 Result: {u'result': [{u'RequestName': u'210316_060258:achhetri_crab_TprimeB_to_TH_M1000_LH_v2'}]}
INFO 2021-03-16 06:02:58.130 UTC: 	 Success: Your task has been delivered to the prod CRAB3 server.
INFO 2021-03-16 06:02:58.130 UTC: 	 Task name: 210316_060258:achhetri_crab_TprimeB_to_TH_M1000_LH_v2
INFO 2021-03-16 06:02:58.130 UTC: 	 Project dir: crab_Tprime_v5_NANo_AOD_106X/crab_TprimeB_to_TH_M1000_LH_v2
INFO 2021-03-16 06:02:58.130 UTC: 	 Please use ' crab status -d crab_Tprime_v5_NANo_AOD_106X/crab_TprimeB_to_TH_M1000_LH_v2 ' to check how the submission process proceeds.
DEBUG 2021-03-16 06:02:58.130 UTC: 	 About to return
DEBUG 2021-03-16 06:39:42.577 UTC: 	 CRAB Client version: v3.201110
DEBUG 2021-03-16 06:39:42.577 UTC: 	 Running on: Linux lxplus700.cern.ch 3.10.0-1160.15.2.el7.x86_64 #1 SMP Wed Feb 3 15:06:38 UTC 2021 x86_64 x86_64 x86_64 GNU/Linux - CentOS Linux 7 (Core)
DEBUG 2021-03-16 06:39:42.577 UTC: 	 Executing command: 'status'
DEBUG 2021-03-16 06:39:42.577 UTC: 	 Found CRAB cache file /afs/cern.ch/user/a/achhetri/.crab3
DEBUG 2021-03-16 06:39:42.644 UTC: 	 Checking credentials
DEBUG 2021-03-16 06:39:42.644 UTC: 	 Found proxy file /afs/cern.ch/user/a/achhetri/x509up_u94350
DEBUG 2021-03-16 06:39:42.644 UTC: 	 Getting proxy life time left
DEBUG 2021-03-16 06:39:43.248 UTC: 	 Executing : 
 command : voms-proxy-info -file /afs/cern.ch/user/a/achhetri/x509up_u94350 -timeleft
 output : 688233

 error: 
 retcode : 0
DEBUG 2021-03-16 06:39:43.854 UTC: 	 Executing : 
 command : voms-proxy-info -file /afs/cern.ch/user/a/achhetri/x509up_u94350 -actimeleft
 output : 688233

 error: 
 retcode : 0
DEBUG 2021-03-16 06:39:43.855 UTC: 	 Proxy valid for 191:10:33 hours
DEBUG 2021-03-16 06:39:43.934 UTC: 	 Registering user credentials for server /DC=ch/DC=cern/OU=computers/CN=vocms0105.cern.ch|/DC=ch/DC=cern/OU=computers/CN=crab-(preprod|prod|dev)-tw(02|01).cern.ch|/DC=ch/DC=cern/OU=computers/CN=(ddi|ddidk|mytw).cern.ch|/DC=ch/DC=cern/OU=computers/CN=stefanov(m|m2).cern.ch
DEBUG 2021-03-16 06:39:44.546 UTC: 	 Executing : 
 command : voms-proxy-info -file /afs/cern.ch/user/a/achhetri/x509up_u94350 -identity
 output : /DC=ch/DC=cern/OU=Organic Units/OU=Users/CN=achhetri/CN=804540/CN=Arjun Chhetri

 error: 
 retcode : 0
DEBUG 2021-03-16 06:39:44.553 UTC: 	 Getting myproxy life time left for myproxy.cern.ch
DEBUG 2021-03-16 06:39:44.553 UTC: 	 using eb0e67adc2dd9eb1770413a4ffd073f562b86f05 as credential login name
DEBUG 2021-03-16 06:39:44.957 UTC: 	 Executing : 
 command : myproxy-info -l eb0e67adc2dd9eb1770413a4ffd073f562b86f05 -s myproxy.cern.ch
 output : username: eb0e67adc2dd9eb1770413a4ffd073f562b86f05
owner: /DC=ch/DC=cern/OU=Organic Units/OU=Users/CN=achhetri/CN=804540/CN=Arjun Chhetri
  renewal policy: /DC=ch/DC=cern/OU=computers/CN=vocms0105.cern.ch|/DC=ch/DC=cern/OU=computers/CN=crab-(preprod|prod|dev)-tw(02|01).cern.ch|/DC=ch/DC=cern/OU=computers/CN=(ddi|ddidk|mytw).cern.ch|/DC=ch/DC=cern/OU=computers/CN=stefanov(m|m2).cern.ch
  trusted retrieval policy: /DC=ch/DC=cern/OU=computers/CN=vocms0105.cern.ch|/DC=ch/DC=cern/OU=computers/CN=crab-(preprod|prod|dev)-tw(02|01).cern.ch|/DC=ch/DC=cern/OU=computers/CN=(ddi|ddidk|mytw).cern.ch|/DC=ch/DC=cern/OU=computers/CN=stefanov(m|m2).cern.ch
  timeleft: 557:14:25  (23.2 days)

 error: 
 retcode : 0
DEBUG 2021-03-16 06:39:44.958 UTC: 	 Myproxy is valid: 2006065
DEBUG 2021-03-16 06:39:44.958 UTC: 	 Retrieving username ...
DEBUG 2021-03-16 06:39:44.958 UTC: 	 Retrieving username from CRIC...
DEBUG 2021-03-16 06:39:45.634 UTC: 	 username is achhetri
DEBUG 2021-03-16 06:39:45.641 UTC: 	 Getting myproxy life time left for myproxy.cern.ch
DEBUG 2021-03-16 06:39:45.641 UTC: 	 using achhetri_CRAB as credential login name
DEBUG 2021-03-16 06:39:46.046 UTC: 	 Executing : 
 command : myproxy-info -l achhetri_CRAB -s myproxy.cern.ch
 output : username: achhetri_CRAB
owner: /DC=ch/DC=cern/OU=Organic Units/OU=Users/CN=achhetri/CN=804540/CN=Arjun Chhetri
  renewal policy: /DC=ch/DC=cern/OU=computers/CN=vocms0105.cern.ch|/DC=ch/DC=cern/OU=computers/CN=crab-(preprod|prod|dev)-tw(02|01).cern.ch|/DC=ch/DC=cern/OU=computers/CN=(ddi|ddidk|mytw).cern.ch|/DC=ch/DC=cern/OU=computers/CN=stefanov(m|m2).cern.ch
  trusted retrieval policy: /DC=ch/DC=cern/OU=computers/CN=vocms0105.cern.ch|/DC=ch/DC=cern/OU=computers/CN=crab-(preprod|prod|dev)-tw(02|01).cern.ch|/DC=ch/DC=cern/OU=computers/CN=(ddi|ddidk|mytw).cern.ch|/DC=ch/DC=cern/OU=computers/CN=stefanov(m|m2).cern.ch
  timeleft: 194:11:55  (8.1 days)

 error: 
 retcode : 0
DEBUG 2021-03-16 06:39:46.046 UTC: 	 Myproxy is valid: 699115
DEBUG 2021-03-16 06:39:46.151 UTC: 	 Executing : 
 command : openssl x509 -noout -in ~/.globus/usercert.pem -dates
 output : notBefore=Nov 11 12:18:59 2020 GMT
notAfter=Dec 16 12:18:59 2021 GMT

 error: 
 retcode : 0
DEBUG 2021-03-16 06:39:46.156 UTC: 	 Delegating a myproxy for 720:00 hours
DEBUG 2021-03-16 06:39:46.156 UTC: 	 using achhetri_CRAB as credential login name
DEBUG 2021-03-16 06:39:47.964 UTC: 	 Executing : 
 command : export GT_PROXY_MODE=rfc ; myproxy-init -d -n -s myproxy.cern.ch -x -R '/DC=ch/DC=cern/OU=computers/CN=vocms0105.cern.ch|/DC=ch/DC=cern/OU=computers/CN=crab-(preprod|prod|dev)-tw(02|01).cern.ch|/DC=ch/DC=cern/OU=computers/CN=(ddi|ddidk|mytw).cern.ch|/DC=ch/DC=cern/OU=computers/CN=stefanov(m|m2).cern.ch' -x -Z '/DC=ch/DC=cern/OU=computers/CN=vocms0105.cern.ch|/DC=ch/DC=cern/OU=computers/CN=crab-(preprod|prod|dev)-tw(02|01).cern.ch|/DC=ch/DC=cern/OU=computers/CN=(ddi|ddidk|mytw).cern.ch|/DC=ch/DC=cern/OU=computers/CN=stefanov(m|m2).cern.ch' -l 'achhetri_CRAB' -t 168:00 -c 720:00
 output : Your identity: /DC=ch/DC=cern/OU=Organic Units/OU=Users/CN=achhetri/CN=804540/CN=Arjun Chhetri

 error: Error: Couldn't read user key in /afs/cern.ch/user/a/achhetri/.globus/userkey.pem.
Use -debug for further information.
grid-proxy-init failed

 retcode : 1
DEBUG 2021-03-16 06:39:47.964 UTC: 	 using achhetri_CRAB as credential login name
DEBUG 2021-03-16 06:39:48.269 UTC: 	 Executing : 
 command : myproxy-info -l achhetri_CRAB -s myproxy.cern.ch
 output : username: achhetri_CRAB
owner: /DC=ch/DC=cern/OU=Organic Units/OU=Users/CN=achhetri/CN=804540/CN=Arjun Chhetri
  renewal policy: /DC=ch/DC=cern/OU=computers/CN=vocms0105.cern.ch|/DC=ch/DC=cern/OU=computers/CN=crab-(preprod|prod|dev)-tw(02|01).cern.ch|/DC=ch/DC=cern/OU=computers/CN=(ddi|ddidk|mytw).cern.ch|/DC=ch/DC=cern/OU=computers/CN=stefanov(m|m2).cern.ch
  trusted retrieval policy: /DC=ch/DC=cern/OU=computers/CN=vocms0105.cern.ch|/DC=ch/DC=cern/OU=computers/CN=crab-(preprod|prod|dev)-tw(02|01).cern.ch|/DC=ch/DC=cern/OU=computers/CN=(ddi|ddidk|mytw).cern.ch|/DC=ch/DC=cern/OU=computers/CN=stefanov(m|m2).cern.ch
  timeleft: 194:11:52  (8.1 days)

 error: 
 retcode : 0
DEBUG 2021-03-16 06:39:48.270 UTC: 	 My-proxy delegated.
DEBUG 2021-03-16 06:39:48.270 UTC: 	 Result of myproxy credential check:
  Credential exists on myproxy: username: eb0e67adc2dd9eb1770413a4ffd073f562b86f05  - validity: 23 days, 5:14:25
  Credential exists on myproxy: username: achhetri_CRAB  - validity: 8 days, 2:11:52
DEBUG 2021-03-16 06:39:48.271 UTC: 	 Command use: status
DEBUG 2021-03-16 06:39:48.271 UTC: 	 Options use: ['-d', 'crab_Tprime_v5_NANo_AOD_106X/crab_TprimeB_to_TH_M1000_LH_v2/']
DEBUG 2021-03-16 06:39:48.318 UTC: 	 CRABClient version: v3.201110
DEBUG 2021-03-16 06:39:48.318 UTC: 	 Instance is prod
DEBUG 2021-03-16 06:39:48.318 UTC: 	 Server base url is cmsweb-k8s-prod.cern.ch
DEBUG 2021-03-16 06:39:48.318 UTC: 	 Command url /crabserver/prod/workflow
DEBUG 2021-03-16 06:39:48.450 UTC: 	 Got information from server oracle database: {u'result': [u'210316_060258:achhetri_crab_TprimeB_to_TH_M1000_LH_v2', u'None', u'None', u'SUBMITTED', u'SUBMIT', u'2021-03-16 06:02:58.120816', u'None', u'2021-03-16 06:03:25.096859', u'None', u'CMSSW_10_6_8', u'slc7_amd64_gcc700', u'/TprimeBToTH_M-1000_LH_TuneCP5_PSweights_13TeV-madgraph_pythia8/RunIISummer19UL17NanoAODv2-106X_mc2017_realistic_v8-v1/NANOAODSIM', u'F', u'0', u'[]', u'[]', u'EventAwareLumiBased', u"{'splitOnRun': False, 'events_per_job': 10000, 'halt_job_on_file_boundaries': False, 'runs': [], 'lumis': []}", u'fc7a7651ae32a455489d7bba5472fb61254915346e808bfef548ea28c00d27f3.tar.gz', u'https://cmsweb.cern.ch:8443/crabcache', u'achhetri', u'/DC=ch/DC=cern/OU=Organic Units/OU=Users/CN=achhetri/CN=804540/CN=Arjun Chhetri', u'cms', u'None', u'None', u'TprimeB_to_TH_M1000_LH_v2-00000000000000000000000000000000', u'F', u'T3_CH_CERNBOX', u'https://cmsweb.cern.ch/dbs/prod/global/DBSReader', u'https://cmsweb.cern.ch/dbs/prod/phys03/DBSWriter', u'F', u'[]', u'[]', u"['tree.root']", u'Analysis', u'pythia', u'None', u'{}', u'[]', u'T', u'crab-prod-tw01', u'[]', u'1250', u'1', u'2000', u'10', u"['/TprimeBToTH_M-1000_LH_TuneCP5_PSweights_13TeV-madgraph_pythia8/achhetri-TprimeB_to_TH_M1000_LH_v2-5d8f93ee2ba2db6b402c7167473e2950/USER']", u'[]', u'http://vocms0196.cern.ch/mon/cms341/210316_060258:achhetri_crab_TprimeB_to_TH_M1000_LH_v2', u'crab_script_Tprime.sh', u'[]', u'[]', u'https://cmsweb.cern.ch/crabserver/prod', u'cmsgwms-collector-global.cern.ch:9620,cmsgwms-collector-global.fnal.gov', u'crab3@vocms0196.cern.ch', u'F', u'[]', u'T', u'/store/user/achhetri/Tprime_v5_NANo_AOD_106X', u'F', u'None', u'F', u'None', u'TprimeBToTH_M-1000_LH_TuneCP5_PSweights_13TeV-madgraph_pythia8', u'None', u'21431ccb4505bb559547aeaf1d910adcca7d514fdb0f6272464e16e1a693ffbf.tar.gz', u'62726820', u'filetransfers', u'F', u'188.184.97.219', u'400000.0', u'None'], u'desc': {u'columns': [u'tm_taskname', u'tm_activity', u'panda_jobset_id', u'tm_task_status', u'tm_task_command', u'tm_start_time', u'tm_start_injection', u'tm_end_injection', u'tm_task_failure', u'tm_job_sw', u'tm_job_arch', u'tm_input_dataset', u'tm_nonvalid_input_dataset', u'tm_use_parent', u'tm_site_whitelist', u'tm_site_blacklist', u'tm_split_algo', u'tm_split_args', u'tm_user_sandbox', u'tm_cache_url', u'tm_username', u'tm_user_dn', u'tm_user_vo', u'tm_user_role', u'tm_user_group', u'tm_publish_name', u'tm_publish_groupname', u'tm_asyncdest', u'tm_dbs_url', u'tm_publish_dbs_url', u'tm_publication', u'tm_outfiles', u'tm_tfile_outfiles', u'tm_edm_outfiles', u'tm_job_type', u'tm_generator', u'tm_events_per_lumi', u'tm_arguments', u'panda_resubmitted_jobs', u'tm_save_logs', u'tw_name', u'tm_user_infiles', u'tm_maxjobruntime', u'tm_numcores', u'tm_maxmemory', u'tm_priority', u'tm_output_dataset', u'tm_task_warnings', u'tm_user_webdir', u'tm_scriptexe', u'tm_scriptargs', u'tm_extrajdl', u'tm_asourl', u'tm_collector', u'tm_schedd', u'tm_dry_run', u'tm_user_files', u'tm_transfer_outputs', u'tm_output_lfn', u'tm_ignore_locality', u'tm_fail_limit', u'tm_one_event_mode', u'tm_secondary_input_dataset', u'tm_primary_dataset', u'tm_last_publication', u'tm_debug_files', u'clusterid', u'tm_asodb', u'tm_ignore_global_blacklist', u'tm_submitter_ip_addr', u'tm_totalunits', u'tm_ddm_reqid']}}
INFO 2021-03-16 06:39:48.450 UTC: 	 CRAB project directory:		/afs/cern.ch/work/a/achhetri/NANO_AOD/CMSSW_10_6_8/src/WTopScalefactorProducer/Skimmer/NANOcrab/crab_Tprime_v5_NANo_AOD_106X/crab_TprimeB_to_TH_M1000_LH_v2
INFO 2021-03-16 06:39:48.451 UTC: 	 Task name:			210316_060258:achhetri_crab_TprimeB_to_TH_M1000_LH_v2
INFO 2021-03-16 06:39:48.451 UTC: 	 Grid scheduler - Task Worker:	crab3@vocms0196.cern.ch - crab-prod-tw01
INFO 2021-03-16 06:39:48.451 UTC: 	 Status on the CRAB server:	SUBMITTED
INFO 2021-03-16 06:39:48.451 UTC: 	 Task URL to use for HELP:	https://cmsweb-k8s-prod.cern.ch/crabserver/ui/task/210316_060258%3Aachhetri_crab_TprimeB_to_TH_M1000_LH_v2
INFO 2021-03-16 06:39:48.452 UTC: 	 Dashboard monitoring URL:	https://monit-grafana.cern.ch/d/cmsTMDetail/cms-task-monitoring-task-view?orgId=11&var-user=achhetri&var-task=210316_060258%3Aachhetri_crab_TprimeB_to_TH_M1000_LH_v2&from=1615870978000&to=now
INFO 2021-03-16 06:39:48.452 UTC: 	 In case of issues with the dashboard, please provide feedback to hn-cms-computing-tools@cern.ch
DEBUG 2021-03-16 06:39:48.452 UTC: 	 The CRAB server submitted your task to the Grid scheduler (cluster ID: 62726820)
DEBUG 2021-03-16 06:39:48.452 UTC: 	 Webdir is located at http://vocms0196.cern.ch/mon/cms341/210316_060258:achhetri_crab_TprimeB_to_TH_M1000_LH_v2
DEBUG 2021-03-16 06:39:48.519 UTC: 	 Proxied webdir is located at https://cmsweb.cern.ch:8443/scheddmon/0196/cms341/210316_060258:achhetri_crab_TprimeB_to_TH_M1000_LH_v2
DEBUG 2021-03-16 06:39:48.519 UTC: 	 Retrieving 'status_cache' file from https://cmsweb.cern.ch:8443/scheddmon/0196/cms341/210316_060258:achhetri_crab_TprimeB_to_TH_M1000_LH_v2/status_cache
DEBUG 2021-03-16 06:39:48.562 UTC: 	 Got information from status cache file: {'42': {'Retries': 0, 'WallDurations': [138.0, 231.44599199295044, 231.44599199295044], 'StartTimes': [1615874740.0], 'SubmitTimes': [1615874620.0], 'JobIds': ['62726862.0'], 'EndTimes': [1615874878.0], 'Restarts': 0, 'RecordedSite': True, 'State': 'transferring', 'ResidentSetSize': [2836], 'TotalUserCpuTimeHistory': [77], 'SiteHistory': ['Unknown', 'T2_UK_London_IC', 'T2_UK_London_IC'], 'TotalSysCpuTimeHistory': [6]}, '24': {'Retries': 0, 'WallDurations': [154.0, 177.44599199295044, 177.44599199295044], 'StartTimes': [1615874794.0], 'SubmitTimes': [1615874618.0], 'JobIds': ['62726845.0'], 'EndTimes': [1615874948.0], 'Restarts': 0, 'RecordedSite': True, 'State': 'transferring', 'ResidentSetSize': [48988], 'TotalUserCpuTimeHistory': [108], 'SiteHistory': ['Unknown', 'T1_RU_JINR', 'T1_RU_JINR'], 'TotalSysCpuTimeHistory': [4]}, '25': {'Retries': 0, 'WallDurations': [8.0, 138.44599199295044, 308.0], 'StartTimes': [1615874833.0], 'SubmitTimes': [1615874618.0], 'JobIds': ['62726846.0'], 'EndTimes': [], 'Restarts': 0, 'RecordedSite': True, 'State': 'running', 'ResidentSetSize': [197924], 'TotalUserCpuTimeHistory': [0.0], 'SiteHistory': ['Unknown', 'T1_RU_JINR', 'T1_RU_JINR'], 'TotalSysCpuTimeHistory': [0.0]}, '26': {'Retries': 0, 'WallDurations': [10.0, 167.44599199295044, 336.0], 'StartTimes': [1615874804.0], 'SubmitTimes': [1615874619.0], 'JobIds': ['62726847.0'], 'EndTimes': [1615875140.0], 'Restarts': 0, 'RecordedSite': True, 'State': 'transferring', 'ResidentSetSize': [570924], 'TotalUserCpuTimeHistory': [258], 'SiteHistory': ['Unknown', 'T1_US_FNAL', 'T1_US_FNAL'], 'TotalSysCpuTimeHistory': [29]}, '27': {'Retries': 0, 'WallDurations': [11.0, 152.44599199295044, 503.0], 'StartTimes': [1615874819.0], 'SubmitTimes': [1615874619.0], 'JobIds': ['62726848.0'], 'EndTimes': [1615875322.0], 'Restarts': 0, 'RecordedSite': True, 'State': 'transferring', 'ResidentSetSize': [497172], 'TotalUserCpuTimeHistory': [374], 'SiteHistory': ['Unknown', 'T1_US_FNAL', 'T1_US_FNAL'], 'TotalSysCpuTimeHistory': [48]}, '20': {'Retries': 0, 'WallDurations': [164.0, 177.44599199295044, 177.44599199295044], 'StartTimes': [1615874794.0], 'SubmitTimes': [1615874618.0], 'JobIds': ['62726841.0'], 'EndTimes': [1615874958.0], 'Restarts': 0, 'RecordedSite': True, 'State': 'transferring', 'ResidentSetSize': [2992], 'TotalUserCpuTimeHistory': [99], 'SiteHistory': ['Unknown', 'T1_RU_JINR', 'T1_RU_JINR'], 'TotalSysCpuTimeHistory': [3]}, '21': {'Retries': 0, 'WallDurations': [157.0, 177.44599199295044, 177.44599199295044], 'StartTimes': [1615874794.0], 'SubmitTimes': [1615874618.0], 'JobIds': ['62726842.0'], 'EndTimes': [1615874951.0], 'Restarts': 0, 'RecordedSite': True, 'State': 'transferring', 'ResidentSetSize': [50536], 'TotalUserCpuTimeHistory': [109], 'SiteHistory': ['Unknown', 'T1_RU_JINR', 'T1_RU_JINR'], 'TotalSysCpuTimeHistory': [4]}, '22': {'Retries': 0, 'WallDurations': [10.0, 171.44599199295044, 245.0], 'StartTimes': [1615874800.0], 'SubmitTimes': [1615874618.0], 'JobIds': ['62726843.0'], 'EndTimes': [1615875045.0], 'Restarts': 0, 'RecordedSite': True, 'State': 'transferring', 'ResidentSetSize': [2984], 'TotalUserCpuTimeHistory': [187], 'SiteHistory': ['Unknown', 'T1_RU_JINR', 'T1_RU_JINR'], 'TotalSysCpuTimeHistory': [10]}, '23': {'Retries': 0, 'WallDurations': [9.0, 149.44599199295044, 230.0], 'StartTimes': [1615874822.0], 'SubmitTimes': [1615874618.0], 'JobIds': ['62726844.0'], 'EndTimes': [1615875052.0], 'Restarts': 0, 'RecordedSite': True, 'State': 'transferring', 'ResidentSetSize': [50432], 'TotalUserCpuTimeHistory': [168], 'SiteHistory': ['Unknown', 'T1_RU_JINR', 'T1_RU_JINR'], 'TotalSysCpuTimeHistory': [10]}, '28': {'Retries': 0, 'WallDurations': [9.0, 148.44599199295044, 457.0], 'StartTimes': [1615874823.0], 'SubmitTimes': [1615874619.0], 'JobIds': ['62726849.0'], 'EndTimes': [1615875280.0], 'Restarts': 0, 'RecordedSite': True, 'State': 'transferring', 'ResidentSetSize': [508684], 'TotalUserCpuTimeHistory': [334], 'SiteHistory': ['Unknown', 'T1_US_FNAL', 'T1_US_FNAL'], 'TotalSysCpuTimeHistory': [49]}, '29': {'Retries': 0, 'WallDurations': [9.0, 145.44599199295044, 310.0], 'StartTimes': [1615874826.0], 'SubmitTimes': [1615874619.0], 'JobIds': ['62726850.0'], 'EndTimes': [], 'Restarts': 0, 'RecordedSite': True, 'State': 'running', 'ResidentSetSize': [197948], 'TotalUserCpuTimeHistory': [5.0], 'SiteHistory': ['Unknown', 'T1_RU_JINR', 'T1_RU_JINR'], 'TotalSysCpuTimeHistory': [0.0]}, '40': {'Retries': 0, 'WallDurations': [170.0, 178.44599199295044, 178.44599199295044], 'StartTimes': [1615874793.0], 'SubmitTimes': [1615874620.0], 'JobIds': ['62726860.0'], 'EndTimes': [1615874963.0], 'Restarts': 0, 'RecordedSite': True, 'State': 'transferring', 'ResidentSetSize': [3028], 'TotalUserCpuTimeHistory': [108], 'SiteHistory': ['Unknown', 'T1_RU_JINR', 'T1_RU_JINR'], 'TotalSysCpuTimeHistory': [4]}, '41': {'Retries': 0, 'WallDurations': [111.0, 154.44599199295044, 154.44599199295044], 'StartTimes': [1615874817.0], 'SubmitTimes': [1615874620.0], 'JobIds': ['62726861.0'], 'EndTimes': [1615874928.0], 'Restarts': 0, 'RecordedSite': True, 'State': 'transferring', 'ResidentSetSize': [3032], 'TotalUserCpuTimeHistory': [64], 'SiteHistory': ['Unknown', 'T1_RU_JINR', 'T1_RU_JINR'], 'TotalSysCpuTimeHistory': [3]}, '1': {'Retries': 0, 'WallDurations': [170.0, 223.44599199295044, 223.44599199295044], 'StartTimes': [1615874748.0], 'SubmitTimes': [1615874610.0], 'JobIds': ['62726822.0'], 'EndTimes': [1615874918.0], 'Restarts': 0, 'RecordedSite': True, 'State': 'transferring', 'ResidentSetSize': [53692], 'TotalUserCpuTimeHistory': [112], 'SiteHistory': ['Unknown', 'T2_IN_TIFR', 'T2_IN_TIFR'], 'TotalSysCpuTimeHistory': [9]}, '3': {'Retries': 0, 'WallDurations': [8.0, 136.44599199295044, 309.0], 'StartTimes': [1615874835.0], 'SubmitTimes': [1615874611.0], 'JobIds': ['62726827.0'], 'EndTimes': [], 'Restarts': 0, 'RecordedSite': True, 'State': 'running', 'ResidentSetSize': [197992], 'TotalUserCpuTimeHistory': [8.0], 'SiteHistory': ['Unknown', 'T1_RU_JINR', 'T1_RU_JINR'], 'TotalSysCpuTimeHistory': [0.0]}, '2': {'Retries': 0, 'WallDurations': [144.0, 214.44599199295044, 214.44599199295044], 'StartTimes': [1615874757.0], 'SubmitTimes': [1615874610.0], 'JobIds': ['62726823.0'], 'EndTimes': [1615874901.0], 'Restarts': 0, 'RecordedSite': True, 'State': 'transferring', 'ResidentSetSize': [52320], 'TotalUserCpuTimeHistory': [81], 'SiteHistory': ['Unknown', 'T2_IN_TIFR', 'T2_IN_TIFR'], 'TotalSysCpuTimeHistory': [8]}, '5': {'Retries': 0, 'WallDurations': [8.0, 132.44599199295044, 308.0], 'StartTimes': [1615874839.0], 'SubmitTimes': [1615874610.0], 'JobIds': ['62726824.0'], 'EndTimes': [], 'Restarts': 0, 'RecordedSite': True, 'State': 'running', 'ResidentSetSize': [197740], 'TotalUserCpuTimeHistory': [6.0], 'SiteHistory': ['Unknown', 'T1_RU_JINR', 'T1_RU_JINR'], 'TotalSysCpuTimeHistory': [0.0]}, '4': {'Retries': 0, 'WallDurations': [10.0, 170.44599199295044, 334.0], 'StartTimes': [1615874801.0], 'SubmitTimes': [1615874611.0], 'JobIds': ['62726828.0'], 'EndTimes': [1615875135.0], 'Restarts': 0, 'RecordedSite': True, 'State': 'transferring', 'ResidentSetSize': [574352], 'TotalUserCpuTimeHistory': [234], 'SiteHistory': ['Unknown', 'T1_US_FNAL', 'T1_US_FNAL'], 'TotalSysCpuTimeHistory': [29]}, '7': {'Retries': 0, 'WallDurations': [8.0, 185.44599199295044, 229.0], 'StartTimes': [1615874786.0], 'SubmitTimes': [1615874611.0], 'JobIds': ['62726826.0'], 'EndTimes': [1615875015.0], 'Restarts': 0, 'RecordedSite': True, 'State': 'transferring', 'ResidentSetSize': [51016], 'TotalUserCpuTimeHistory': [172], 'SiteHistory': ['Unknown', 'T2_CH_CERN', 'T2_CH_CERN'], 'TotalSysCpuTimeHistory': [11]}, '6': {'Retries': 0, 'WallDurations': [9.0, 184.44599199295044, 296.0], 'StartTimes': [1615874787.0], 'SubmitTimes': [1615874610.0], 'JobIds': ['62726825.0'], 'EndTimes': [1615875083.0], 'Restarts': 0, 'RecordedSite': True, 'State': 'transferring', 'ResidentSetSize': [2816], 'TotalUserCpuTimeHistory': [233], 'SiteHistory': ['Unknown', 'T2_CH_CERN', 'T2_CH_CERN'], 'TotalSysCpuTimeHistory': [13]}, '9': {'Retries': 0, 'WallDurations': [9.0, 186.44599199295044, 326.0], 'StartTimes': [1615874785.0], 'SubmitTimes': [1615874611.0], 'JobIds': ['62726830.0'], 'EndTimes': [1615875111.0], 'Restarts': 0, 'RecordedSite': True, 'State': 'transferring', 'ResidentSetSize': [596584], 'TotalUserCpuTimeHistory': [265], 'SiteHistory': ['Unknown', 'T2_CH_CERN', 'T2_CH_CERN'], 'TotalSysCpuTimeHistory': [15]}, '8': {'Retries': 0, 'WallDurations': [8.0, 185.44599199295044, 244.0], 'StartTimes': [1615874786.0], 'SubmitTimes': [1615874611.0], 'JobIds': ['62726829.0'], 'EndTimes': [1615875030.0], 'Restarts': 0, 'RecordedSite': True, 'State': 'transferring', 'ResidentSetSize': [51220], 'TotalUserCpuTimeHistory': [190], 'SiteHistory': ['Unknown', 'T2_CH_CERN', 'T2_CH_CERN'], 'TotalSysCpuTimeHistory': [12]}, '13': {'Retries': 0, 'WallDurations': [8.0, 183.44599199295044, 361.0], 'StartTimes': [1615874788.0], 'SubmitTimes': [1615874617.0], 'JobIds': ['62726834.0'], 'EndTimes': [1615875149.0], 'Restarts': 0, 'RecordedSite': True, 'State': 'transferring', 'ResidentSetSize': [522996], 'TotalUserCpuTimeHistory': [277], 'SiteHistory': ['Unknown', 'T2_CH_CERN', 'T2_CH_CERN'], 'TotalSysCpuTimeHistory': [18]}, '12': {'Retries': 0, 'WallDurations': [9.0, 184.44599199295044, 409.0], 'StartTimes': [1615874787.0], 'SubmitTimes': [1615874617.0], 'JobIds': ['62726833.0'], 'EndTimes': [1615875196.0], 'Restarts': 0, 'RecordedSite': True, 'State': 'transferring', 'ResidentSetSize': [521024], 'TotalUserCpuTimeHistory': [299], 'SiteHistory': ['Unknown', 'T2_CH_CERN', 'T2_CH_CERN'], 'TotalSysCpuTimeHistory': [16]}, '11': {'Retries': 0, 'WallDurations': [8.0, 183.44599199295044, 400.0], 'StartTimes': [1615874788.0], 'SubmitTimes': [1615874617.0], 'JobIds': ['62726832.0'], 'EndTimes': [1615875188.0], 'Restarts': 0, 'RecordedSite': True, 'State': 'transferring', 'ResidentSetSize': [520472], 'TotalUserCpuTimeHistory': [299], 'SiteHistory': ['Unknown', 'T2_CH_CERN', 'T2_CH_CERN'], 'TotalSysCpuTimeHistory': [16]}, '10': {'Retries': 0, 'WallDurations': [9.0, 185.44599199295044, 299.0], 'StartTimes': [1615874786.0], 'SubmitTimes': [1615874611.0], 'JobIds': ['62726831.0'], 'EndTimes': [1615875085.0], 'Restarts': 0, 'RecordedSite': True, 'State': 'transferring', 'ResidentSetSize': [50944], 'TotalUserCpuTimeHistory': [234], 'SiteHistory': ['Unknown', 'T2_CH_CERN', 'T2_CH_CERN'], 'TotalSysCpuTimeHistory': [13]}, '39': {'Retries': 0, 'WallDurations': [10.0, 134.44599199295044, 611.0], 'StartTimes': [1615874837.0], 'SubmitTimes': [1615874620.0], 'JobIds': ['62726858.0'], 'EndTimes': [], 'Restarts': 0, 'RecordedSite': True, 'State': 'running', 'ResidentSetSize': [197944], 'TotalUserCpuTimeHistory': [1.0], 'SiteHistory': ['Unknown', 'T1_RU_JINR', 'T1_RU_JINR'], 'TotalSysCpuTimeHistory': [0.0]}, '38': {'Retries': 0, 'WallDurations': [140.0, 177.44599199295044, 177.44599199295044], 'StartTimes': [1615874794.0], 'SubmitTimes': [1615874620.0], 'JobIds': ['62726859.0'], 'EndTimes': [1615874934.0], 'Restarts': 0, 'RecordedSite': True, 'State': 'transferring', 'ResidentSetSize': [3028], 'TotalUserCpuTimeHistory': [88], 'SiteHistory': ['Unknown', 'T1_RU_JINR', 'T1_RU_JINR'], 'TotalSysCpuTimeHistory': [3]}, '15': {'Retries': 0, 'WallDurations': [9.0, 186.44599199295044, 225.0], 'StartTimes': [1615874785.0], 'SubmitTimes': [1615874617.0], 'JobIds': ['62726836.0'], 'EndTimes': [1615875010.0], 'Restarts': 0, 'RecordedSite': True, 'State': 'transferring', 'ResidentSetSize': [50948], 'TotalUserCpuTimeHistory': [177], 'SiteHistory': ['Unknown', 'T2_CH_CERN', 'T2_CH_CERN'], 'TotalSysCpuTimeHistory': [10]}, '14': {'Retries': 0, 'WallDurations': [8.0, 183.44599199295044, 394.0], 'StartTimes': [1615874788.0], 'SubmitTimes': [1615874617.0], 'JobIds': ['62726835.0'], 'EndTimes': [1615875182.0], 'Restarts': 0, 'RecordedSite': True, 'State': 'transferring', 'ResidentSetSize': [520012], 'TotalUserCpuTimeHistory': [305], 'SiteHistory': ['Unknown', 'T2_CH_CERN', 'T2_CH_CERN'], 'TotalSysCpuTimeHistory': [16]}, '17': {'Retries': 0, 'WallDurations': [10.0, 186.44599199295044, 314.0], 'StartTimes': [1615874785.0], 'SubmitTimes': [1615874617.0], 'JobIds': ['62726838.0'], 'EndTimes': [1615875099.0], 'Restarts': 0, 'RecordedSite': True, 'State': 'transferring', 'ResidentSetSize': [596076], 'TotalUserCpuTimeHistory': [246], 'SiteHistory': ['Unknown', 'T2_CH_CERN', 'T2_CH_CERN'], 'TotalSysCpuTimeHistory': [15]}, '16': {'Retries': 0, 'WallDurations': [9.0, 185.44599199295044, 361.0], 'StartTimes': [1615874786.0], 'SubmitTimes': [1615874617.0], 'JobIds': ['62726837.0'], 'EndTimes': [1615875147.0], 'Restarts': 0, 'RecordedSite': True, 'State': 'transferring', 'ResidentSetSize': [523840], 'TotalUserCpuTimeHistory': [268], 'SiteHistory': ['Unknown', 'T2_CH_CERN', 'T2_CH_CERN'], 'TotalSysCpuTimeHistory': [16]}, '19': {'Retries': 0, 'WallDurations': [11.0, 171.44599199295044, 268.0], 'StartTimes': [1615874800.0], 'SubmitTimes': [1615874618.0], 'JobIds': ['62726840.0'], 'EndTimes': [1615875068.0], 'Restarts': 0, 'RecordedSite': True, 'State': 'transferring', 'ResidentSetSize': [37316], 'TotalUserCpuTimeHistory': [188], 'SiteHistory': ['Unknown', 'T1_US_FNAL', 'T1_US_FNAL'], 'TotalSysCpuTimeHistory': [24]}, '18': {'Retries': 0, 'WallDurations': [8.0, 185.44599199295044, 226.0], 'StartTimes': [1615874786.0], 'SubmitTimes': [1615874617.0], 'JobIds': ['62726839.0'], 'EndTimes': [1615875012.0], 'Restarts': 0, 'RecordedSite': True, 'State': 'transferring', 'ResidentSetSize': [2808], 'TotalUserCpuTimeHistory': [165], 'SiteHistory': ['Unknown', 'T2_CH_CERN', 'T2_CH_CERN'], 'TotalSysCpuTimeHistory': [12]}, '31': {'Retries': 0, 'WallDurations': [9.0, 170.44599199295044, 251.0], 'StartTimes': [1615874801.0], 'SubmitTimes': [1615874620.0], 'JobIds': ['62726863.0'], 'EndTimes': [1615875052.0], 'Restarts': 0, 'RecordedSite': True, 'State': 'transferring', 'ResidentSetSize': [50072], 'TotalUserCpuTimeHistory': [190], 'SiteHistory': ['Unknown', 'T1_RU_JINR', 'T1_RU_JINR'], 'TotalSysCpuTimeHistory': [10]}, '30': {'Retries': 0, 'WallDurations': [152.0, 178.44599199295044, 178.44599199295044], 'StartTimes': [1615874793.0], 'SubmitTimes': [1615874619.0], 'JobIds': ['62726851.0'], 'EndTimes': [1615874945.0], 'Restarts': 0, 'RecordedSite': True, 'State': 'transferring', 'ResidentSetSize': [50568], 'TotalUserCpuTimeHistory': [105], 'SiteHistory': ['Unknown', 'T1_RU_JINR', 'T1_RU_JINR'], 'TotalSysCpuTimeHistory': [4]}, '37': {'Retries': 0, 'WallDurations': [161.0, 178.44599199295044, 178.44599199295044], 'StartTimes': [1615874793.0], 'SubmitTimes': [1615874620.0], 'JobIds': ['62726857.0'], 'EndTimes': [1615874954.0], 'Restarts': 0, 'RecordedSite': True, 'State': 'transferring', 'ResidentSetSize': [62368], 'TotalUserCpuTimeHistory': [94], 'SiteHistory': ['Unknown', 'T1_RU_JINR', 'T1_RU_JINR'], 'TotalSysCpuTimeHistory': [3]}, '36': {'Retries': 0, 'WallDurations': [9.0, 147.44599199295044, 310.0], 'StartTimes': [1615874824.0], 'SubmitTimes': [1615874619.0], 'JobIds': ['62726854.0'], 'EndTimes': [], 'Restarts': 0, 'RecordedSite': True, 'State': 'running', 'ResidentSetSize': [313224], 'TotalUserCpuTimeHistory': [7.0], 'SiteHistory': ['Unknown', 'T1_RU_JINR', 'T1_RU_JINR'], 'TotalSysCpuTimeHistory': [0.0]}, '35': {'Retries': 0, 'WallDurations': [8.0, 144.44599199295044, 309.0], 'StartTimes': [1615874827.0], 'SubmitTimes': [1615874620.0], 'JobIds': ['62726856.0'], 'EndTimes': [], 'Restarts': 0, 'RecordedSite': True, 'State': 'running', 'ResidentSetSize': [197356], 'TotalUserCpuTimeHistory': [0.0], 'SiteHistory': ['Unknown', 'T1_RU_JINR', 'T1_RU_JINR'], 'TotalSysCpuTimeHistory': [0.0]}, '34': {'Retries': 0, 'WallDurations': [9.0, 153.44599199295044, 226.0], 'StartTimes': [1615874818.0], 'SubmitTimes': [1615874619.0], 'JobIds': ['62726853.0'], 'EndTimes': [1615875044.0], 'Restarts': 0, 'RecordedSite': True, 'State': 'transferring', 'ResidentSetSize': [3028], 'TotalUserCpuTimeHistory': [170], 'SiteHistory': ['Unknown', 'T1_RU_JINR', 'T1_RU_JINR'], 'TotalSysCpuTimeHistory': [10]}, '33': {'Retries': 0, 'WallDurations': [9.0, 165.44599199295044, 243.0], 'StartTimes': [1615874806.0], 'SubmitTimes': [1615874620.0], 'JobIds': ['62726855.0'], 'EndTimes': [1615875049.0], 'Restarts': 0, 'RecordedSite': True, 'State': 'transferring', 'ResidentSetSize': [50792], 'TotalUserCpuTimeHistory': [181], 'SiteHistory': ['Unknown', 'T1_RU_JINR', 'T1_RU_JINR'], 'TotalSysCpuTimeHistory': [10]}, '32': {'Retries': 0, 'WallDurations': [8.0, 153.44599199295044, 204.0], 'StartTimes': [1615874818.0], 'SubmitTimes': [1615874619.0], 'JobIds': ['62726852.0'], 'EndTimes': [1615875022.0], 'Restarts': 0, 'RecordedSite': True, 'State': 'transferring', 'ResidentSetSize': [49788], 'TotalUserCpuTimeHistory': [153], 'SiteHistory': ['Unknown', 'T1_RU_JINR', 'T1_RU_JINR'], 'TotalSysCpuTimeHistory': [8]}}
INFO 2021-03-16 06:39:48.563 UTC: 	 Status on the scheduler:	SUBMITTED
INFO 2021-03-16 06:39:48.563 UTC: 	 
Jobs status:                    running      		 16.7% ( 7/42)
INFO 2021-03-16 06:39:48.563 UTC: 	 				transferring 		 83.3% (35/42)
INFO 2021-03-16 06:39:48.563 UTC: 	 
No publication information (publication has been disabled in the CRAB configuration file)
INFO 2021-03-16 06:39:48.564 UTC: 	 
Warning: the max jobs runtime is less than 30% of the task requested value (1250 min), please consider to request a lower value for failed jobs (allowed through crab resubmit) and/or improve the jobs splitting (e.g. config.Data.splitting = 'Automatic') in a new task.
INFO 2021-03-16 06:39:48.564 UTC: 	 
Summary of run jobs:
 * Memory: 52MB min, 582MB max, 188MB ave
 * Runtime: 0:02:34 min, 0:08:23 max, 0:04:29 ave
 * CPU eff: 36% min, 86% max, 75% ave
 * Waste: 2:15:26 (46% of total)

INFO 2021-03-16 06:39:48.570 UTC: 	 Log file is /afs/cern.ch/work/a/achhetri/NANO_AOD/CMSSW_10_6_8/src/WTopScalefactorProducer/Skimmer/NANOcrab/crab_Tprime_v5_NANo_AOD_106X/crab_TprimeB_to_TH_M1000_LH_v2/crab.log
DEBUG 2021-03-16 08:10:41.799 UTC: 	 CRAB Client version: v3.201110
DEBUG 2021-03-16 08:10:41.799 UTC: 	 Running on: Linux lxplus700.cern.ch 3.10.0-1160.15.2.el7.x86_64 #1 SMP Wed Feb 3 15:06:38 UTC 2021 x86_64 x86_64 x86_64 GNU/Linux - CentOS Linux 7 (Core)
DEBUG 2021-03-16 08:10:41.799 UTC: 	 Executing command: 'status'
DEBUG 2021-03-16 08:10:41.799 UTC: 	 Found CRAB cache file /afs/cern.ch/user/a/achhetri/.crab3
DEBUG 2021-03-16 08:10:41.921 UTC: 	 Checking credentials
DEBUG 2021-03-16 08:10:41.921 UTC: 	 Found proxy file /afs/cern.ch/user/a/achhetri/x509up_u94350
DEBUG 2021-03-16 08:10:41.921 UTC: 	 Getting proxy life time left
DEBUG 2021-03-16 08:10:42.628 UTC: 	 Executing : 
 command : voms-proxy-info -file /afs/cern.ch/user/a/achhetri/x509up_u94350 -timeleft
 output : 682774

 error: 
 retcode : 0
DEBUG 2021-03-16 08:10:43.333 UTC: 	 Executing : 
 command : voms-proxy-info -file /afs/cern.ch/user/a/achhetri/x509up_u94350 -actimeleft
 output : 682773

 error: 
 retcode : 0
DEBUG 2021-03-16 08:10:43.334 UTC: 	 Proxy lifetime 682774 secs is different from voms extension lifetime 682773 secs for proxy: /afs/cern.ch/user/a/achhetri/x509up_u94350
DEBUG 2021-03-16 08:10:43.334 UTC: 	 Proxy valid for 189:39:33 hours
DEBUG 2021-03-16 08:10:43.413 UTC: 	 Registering user credentials for server /DC=ch/DC=cern/OU=computers/CN=vocms0105.cern.ch|/DC=ch/DC=cern/OU=computers/CN=crab-(preprod|prod|dev)-tw(02|01).cern.ch|/DC=ch/DC=cern/OU=computers/CN=(ddi|ddidk|mytw).cern.ch|/DC=ch/DC=cern/OU=computers/CN=stefanov(m|m2).cern.ch
DEBUG 2021-03-16 08:10:44.127 UTC: 	 Executing : 
 command : voms-proxy-info -file /afs/cern.ch/user/a/achhetri/x509up_u94350 -identity
 output : /DC=ch/DC=cern/OU=Organic Units/OU=Users/CN=achhetri/CN=804540/CN=Arjun Chhetri

 error: 
 retcode : 0
DEBUG 2021-03-16 08:10:44.134 UTC: 	 Getting myproxy life time left for myproxy.cern.ch
DEBUG 2021-03-16 08:10:44.134 UTC: 	 using eb0e67adc2dd9eb1770413a4ffd073f562b86f05 as credential login name
DEBUG 2021-03-16 08:10:44.538 UTC: 	 Executing : 
 command : myproxy-info -l eb0e67adc2dd9eb1770413a4ffd073f562b86f05 -s myproxy.cern.ch
 output : username: eb0e67adc2dd9eb1770413a4ffd073f562b86f05
owner: /DC=ch/DC=cern/OU=Organic Units/OU=Users/CN=achhetri/CN=804540/CN=Arjun Chhetri
  renewal policy: /DC=ch/DC=cern/OU=computers/CN=vocms0105.cern.ch|/DC=ch/DC=cern/OU=computers/CN=crab-(preprod|prod|dev)-tw(02|01).cern.ch|/DC=ch/DC=cern/OU=computers/CN=(ddi|ddidk|mytw).cern.ch|/DC=ch/DC=cern/OU=computers/CN=stefanov(m|m2).cern.ch
  trusted retrieval policy: /DC=ch/DC=cern/OU=computers/CN=vocms0105.cern.ch|/DC=ch/DC=cern/OU=computers/CN=crab-(preprod|prod|dev)-tw(02|01).cern.ch|/DC=ch/DC=cern/OU=computers/CN=(ddi|ddidk|mytw).cern.ch|/DC=ch/DC=cern/OU=computers/CN=stefanov(m|m2).cern.ch
  timeleft: 555:43:25  (23.2 days)

 error: 
 retcode : 0
DEBUG 2021-03-16 08:10:44.539 UTC: 	 Myproxy is valid: 2000605
DEBUG 2021-03-16 08:10:44.539 UTC: 	 Retrieving username ...
DEBUG 2021-03-16 08:10:44.539 UTC: 	 Retrieving username from CRIC...
DEBUG 2021-03-16 08:10:45.250 UTC: 	 username is achhetri
DEBUG 2021-03-16 08:10:45.258 UTC: 	 Getting myproxy life time left for myproxy.cern.ch
DEBUG 2021-03-16 08:10:45.258 UTC: 	 using achhetri_CRAB as credential login name
DEBUG 2021-03-16 08:10:45.565 UTC: 	 Executing : 
 command : myproxy-info -l achhetri_CRAB -s myproxy.cern.ch
 output : username: achhetri_CRAB
owner: /DC=ch/DC=cern/OU=Organic Units/OU=Users/CN=achhetri/CN=804540/CN=Arjun Chhetri
  renewal policy: /DC=ch/DC=cern/OU=computers/CN=vocms0105.cern.ch|/DC=ch/DC=cern/OU=computers/CN=crab-(preprod|prod|dev)-tw(02|01).cern.ch|/DC=ch/DC=cern/OU=computers/CN=(ddi|ddidk|mytw).cern.ch|/DC=ch/DC=cern/OU=computers/CN=stefanov(m|m2).cern.ch
  trusted retrieval policy: /DC=ch/DC=cern/OU=computers/CN=vocms0105.cern.ch|/DC=ch/DC=cern/OU=computers/CN=crab-(preprod|prod|dev)-tw(02|01).cern.ch|/DC=ch/DC=cern/OU=computers/CN=(ddi|ddidk|mytw).cern.ch|/DC=ch/DC=cern/OU=computers/CN=stefanov(m|m2).cern.ch
  timeleft: 192:40:55  (8.0 days)

 error: 
 retcode : 0
DEBUG 2021-03-16 08:10:45.566 UTC: 	 Myproxy is valid: 693655
DEBUG 2021-03-16 08:10:45.670 UTC: 	 Executing : 
 command : openssl x509 -noout -in ~/.globus/usercert.pem -dates
 output : notBefore=Nov 11 12:18:59 2020 GMT
notAfter=Dec 16 12:18:59 2021 GMT

 error: 
 retcode : 0
DEBUG 2021-03-16 08:10:45.675 UTC: 	 Delegating a myproxy for 720:00 hours
DEBUG 2021-03-16 08:10:45.676 UTC: 	 using achhetri_CRAB as credential login name
DEBUG 2021-03-16 08:10:47.985 UTC: 	 Executing : 
 command : export GT_PROXY_MODE=rfc ; myproxy-init -d -n -s myproxy.cern.ch -x -R '/DC=ch/DC=cern/OU=computers/CN=vocms0105.cern.ch|/DC=ch/DC=cern/OU=computers/CN=crab-(preprod|prod|dev)-tw(02|01).cern.ch|/DC=ch/DC=cern/OU=computers/CN=(ddi|ddidk|mytw).cern.ch|/DC=ch/DC=cern/OU=computers/CN=stefanov(m|m2).cern.ch' -x -Z '/DC=ch/DC=cern/OU=computers/CN=vocms0105.cern.ch|/DC=ch/DC=cern/OU=computers/CN=crab-(preprod|prod|dev)-tw(02|01).cern.ch|/DC=ch/DC=cern/OU=computers/CN=(ddi|ddidk|mytw).cern.ch|/DC=ch/DC=cern/OU=computers/CN=stefanov(m|m2).cern.ch' -l 'achhetri_CRAB' -t 168:00 -c 720:00
 output : Your identity: /DC=ch/DC=cern/OU=Organic Units/OU=Users/CN=achhetri/CN=804540/CN=Arjun Chhetri

 error: Error: Couldn't read user key in /afs/cern.ch/user/a/achhetri/.globus/userkey.pem.
Use -debug for further information.
grid-proxy-init failed

 retcode : 1
DEBUG 2021-03-16 08:10:47.986 UTC: 	 using achhetri_CRAB as credential login name
DEBUG 2021-03-16 08:10:48.291 UTC: 	 Executing : 
 command : myproxy-info -l achhetri_CRAB -s myproxy.cern.ch
 output : username: achhetri_CRAB
owner: /DC=ch/DC=cern/OU=Organic Units/OU=Users/CN=achhetri/CN=804540/CN=Arjun Chhetri
  renewal policy: /DC=ch/DC=cern/OU=computers/CN=vocms0105.cern.ch|/DC=ch/DC=cern/OU=computers/CN=crab-(preprod|prod|dev)-tw(02|01).cern.ch|/DC=ch/DC=cern/OU=computers/CN=(ddi|ddidk|mytw).cern.ch|/DC=ch/DC=cern/OU=computers/CN=stefanov(m|m2).cern.ch
  trusted retrieval policy: /DC=ch/DC=cern/OU=computers/CN=vocms0105.cern.ch|/DC=ch/DC=cern/OU=computers/CN=crab-(preprod|prod|dev)-tw(02|01).cern.ch|/DC=ch/DC=cern/OU=computers/CN=(ddi|ddidk|mytw).cern.ch|/DC=ch/DC=cern/OU=computers/CN=stefanov(m|m2).cern.ch
  timeleft: 192:40:52  (8.0 days)

 error: 
 retcode : 0
DEBUG 2021-03-16 08:10:48.291 UTC: 	 My-proxy delegated.
DEBUG 2021-03-16 08:10:48.292 UTC: 	 Result of myproxy credential check:
  Credential exists on myproxy: username: eb0e67adc2dd9eb1770413a4ffd073f562b86f05  - validity: 23 days, 3:43:25
  Credential exists on myproxy: username: achhetri_CRAB  - validity: 8 days, 0:40:52
DEBUG 2021-03-16 08:10:48.292 UTC: 	 Command use: status
DEBUG 2021-03-16 08:10:48.292 UTC: 	 Options use: ['-d', 'crab_Tprime_v5_NANo_AOD_106X/crab_TprimeB_to_TH_M1000_LH_v2/']
DEBUG 2021-03-16 08:10:48.343 UTC: 	 CRABClient version: v3.201110
DEBUG 2021-03-16 08:10:48.343 UTC: 	 Instance is prod
DEBUG 2021-03-16 08:10:48.343 UTC: 	 Server base url is cmsweb-k8s-prod.cern.ch
DEBUG 2021-03-16 08:10:48.343 UTC: 	 Command url /crabserver/prod/workflow
DEBUG 2021-03-16 08:10:48.418 UTC: 	 Got information from server oracle database: {u'result': [u'210316_060258:achhetri_crab_TprimeB_to_TH_M1000_LH_v2', u'None', u'None', u'SUBMITTED', u'SUBMIT', u'2021-03-16 06:02:58.120816', u'None', u'2021-03-16 06:03:25.096859', u'None', u'CMSSW_10_6_8', u'slc7_amd64_gcc700', u'/TprimeBToTH_M-1000_LH_TuneCP5_PSweights_13TeV-madgraph_pythia8/RunIISummer19UL17NanoAODv2-106X_mc2017_realistic_v8-v1/NANOAODSIM', u'F', u'0', u'[]', u'[]', u'EventAwareLumiBased', u"{'splitOnRun': False, 'events_per_job': 10000, 'halt_job_on_file_boundaries': False, 'runs': [], 'lumis': []}", u'fc7a7651ae32a455489d7bba5472fb61254915346e808bfef548ea28c00d27f3.tar.gz', u'https://cmsweb.cern.ch:8443/crabcache', u'achhetri', u'/DC=ch/DC=cern/OU=Organic Units/OU=Users/CN=achhetri/CN=804540/CN=Arjun Chhetri', u'cms', u'None', u'None', u'TprimeB_to_TH_M1000_LH_v2-00000000000000000000000000000000', u'F', u'T3_CH_CERNBOX', u'https://cmsweb.cern.ch/dbs/prod/global/DBSReader', u'https://cmsweb.cern.ch/dbs/prod/phys03/DBSWriter', u'F', u'[]', u'[]', u"['tree.root']", u'Analysis', u'pythia', u'None', u'{}', u'[]', u'T', u'crab-prod-tw01', u'[]', u'1250', u'1', u'2000', u'10', u"['/TprimeBToTH_M-1000_LH_TuneCP5_PSweights_13TeV-madgraph_pythia8/achhetri-TprimeB_to_TH_M1000_LH_v2-5d8f93ee2ba2db6b402c7167473e2950/USER']", u'[]', u'http://vocms0196.cern.ch/mon/cms341/210316_060258:achhetri_crab_TprimeB_to_TH_M1000_LH_v2', u'crab_script_Tprime.sh', u'[]', u'[]', u'https://cmsweb.cern.ch/crabserver/prod', u'cmsgwms-collector-global.cern.ch:9620,cmsgwms-collector-global.fnal.gov', u'crab3@vocms0196.cern.ch', u'F', u'[]', u'T', u'/store/user/achhetri/Tprime_v5_NANo_AOD_106X', u'F', u'None', u'F', u'None', u'TprimeBToTH_M-1000_LH_TuneCP5_PSweights_13TeV-madgraph_pythia8', u'None', u'21431ccb4505bb559547aeaf1d910adcca7d514fdb0f6272464e16e1a693ffbf.tar.gz', u'62726820', u'filetransfers', u'F', u'188.184.97.219', u'400000.0', u'None'], u'desc': {u'columns': [u'tm_taskname', u'tm_activity', u'panda_jobset_id', u'tm_task_status', u'tm_task_command', u'tm_start_time', u'tm_start_injection', u'tm_end_injection', u'tm_task_failure', u'tm_job_sw', u'tm_job_arch', u'tm_input_dataset', u'tm_nonvalid_input_dataset', u'tm_use_parent', u'tm_site_whitelist', u'tm_site_blacklist', u'tm_split_algo', u'tm_split_args', u'tm_user_sandbox', u'tm_cache_url', u'tm_username', u'tm_user_dn', u'tm_user_vo', u'tm_user_role', u'tm_user_group', u'tm_publish_name', u'tm_publish_groupname', u'tm_asyncdest', u'tm_dbs_url', u'tm_publish_dbs_url', u'tm_publication', u'tm_outfiles', u'tm_tfile_outfiles', u'tm_edm_outfiles', u'tm_job_type', u'tm_generator', u'tm_events_per_lumi', u'tm_arguments', u'panda_resubmitted_jobs', u'tm_save_logs', u'tw_name', u'tm_user_infiles', u'tm_maxjobruntime', u'tm_numcores', u'tm_maxmemory', u'tm_priority', u'tm_output_dataset', u'tm_task_warnings', u'tm_user_webdir', u'tm_scriptexe', u'tm_scriptargs', u'tm_extrajdl', u'tm_asourl', u'tm_collector', u'tm_schedd', u'tm_dry_run', u'tm_user_files', u'tm_transfer_outputs', u'tm_output_lfn', u'tm_ignore_locality', u'tm_fail_limit', u'tm_one_event_mode', u'tm_secondary_input_dataset', u'tm_primary_dataset', u'tm_last_publication', u'tm_debug_files', u'clusterid', u'tm_asodb', u'tm_ignore_global_blacklist', u'tm_submitter_ip_addr', u'tm_totalunits', u'tm_ddm_reqid']}}
INFO 2021-03-16 08:10:48.419 UTC: 	 CRAB project directory:		/afs/cern.ch/work/a/achhetri/NANO_AOD/CMSSW_10_6_8/src/WTopScalefactorProducer/Skimmer/NANOcrab/crab_Tprime_v5_NANo_AOD_106X/crab_TprimeB_to_TH_M1000_LH_v2
INFO 2021-03-16 08:10:48.419 UTC: 	 Task name:			210316_060258:achhetri_crab_TprimeB_to_TH_M1000_LH_v2
INFO 2021-03-16 08:10:48.419 UTC: 	 Grid scheduler - Task Worker:	crab3@vocms0196.cern.ch - crab-prod-tw01
INFO 2021-03-16 08:10:48.419 UTC: 	 Status on the CRAB server:	SUBMITTED
INFO 2021-03-16 08:10:48.419 UTC: 	 Task URL to use for HELP:	https://cmsweb-k8s-prod.cern.ch/crabserver/ui/task/210316_060258%3Aachhetri_crab_TprimeB_to_TH_M1000_LH_v2
INFO 2021-03-16 08:10:48.420 UTC: 	 Dashboard monitoring URL:	https://monit-grafana.cern.ch/d/cmsTMDetail/cms-task-monitoring-task-view?orgId=11&var-user=achhetri&var-task=210316_060258%3Aachhetri_crab_TprimeB_to_TH_M1000_LH_v2&from=1615870978000&to=now
INFO 2021-03-16 08:10:48.420 UTC: 	 In case of issues with the dashboard, please provide feedback to hn-cms-computing-tools@cern.ch
DEBUG 2021-03-16 08:10:48.421 UTC: 	 The CRAB server submitted your task to the Grid scheduler (cluster ID: 62726820)
DEBUG 2021-03-16 08:10:48.421 UTC: 	 Webdir is located at http://vocms0196.cern.ch/mon/cms341/210316_060258:achhetri_crab_TprimeB_to_TH_M1000_LH_v2
DEBUG 2021-03-16 08:10:48.533 UTC: 	 Proxied webdir is located at https://cmsweb.cern.ch:8443/scheddmon/0196/cms341/210316_060258:achhetri_crab_TprimeB_to_TH_M1000_LH_v2
DEBUG 2021-03-16 08:10:48.533 UTC: 	 Retrieving 'status_cache' file from https://cmsweb.cern.ch:8443/scheddmon/0196/cms341/210316_060258:achhetri_crab_TprimeB_to_TH_M1000_LH_v2/status_cache
DEBUG 2021-03-16 08:10:48.577 UTC: 	 Got information from status cache file: {'42': {'Retries': 0, 'WallDurations': [138.0, 231.44599199295044, 231.44599199295044], 'StartTimes': [1615874740.0], 'SubmitTimes': [1615874620.0], 'JobIds': ['62726862.0'], 'EndTimes': [1615874878.0], 'Restarts': 0, 'RecordedSite': True, 'State': 'finished', 'ResidentSetSize': [2836], 'TotalUserCpuTimeHistory': [77], 'SiteHistory': ['Unknown', 'T2_UK_London_IC', 'T2_UK_London_IC'], 'TotalSysCpuTimeHistory': [6]}, '24': {'Retries': 0, 'WallDurations': [154.0, 177.44599199295044, 177.44599199295044], 'StartTimes': [1615874794.0], 'SubmitTimes': [1615874618.0], 'JobIds': ['62726845.0'], 'EndTimes': [1615874948.0], 'Restarts': 0, 'RecordedSite': True, 'State': 'finished', 'ResidentSetSize': [48988], 'TotalUserCpuTimeHistory': [108], 'SiteHistory': ['Unknown', 'T1_RU_JINR', 'T1_RU_JINR'], 'TotalSysCpuTimeHistory': [4]}, '25': {'Retries': 0, 'WallDurations': [8.0, 138.44599199295044, 3213.0], 'StartTimes': [1615874833.0], 'SubmitTimes': [1615874618.0], 'JobIds': ['62726846.0'], 'EndTimes': [1615878046.0], 'Restarts': 0, 'RecordedSite': True, 'State': 'finished', 'ResidentSetSize': [340944], 'TotalUserCpuTimeHistory': [163], 'SiteHistory': ['Unknown', 'T1_RU_JINR', 'T1_RU_JINR'], 'TotalSysCpuTimeHistory': [9]}, '26': {'Retries': 0, 'WallDurations': [10.0, 167.44599199295044, 336.0], 'StartTimes': [1615874804.0], 'SubmitTimes': [1615874619.0], 'JobIds': ['62726847.0'], 'EndTimes': [1615875140.0], 'Restarts': 0, 'RecordedSite': True, 'State': 'finished', 'ResidentSetSize': [570924], 'TotalUserCpuTimeHistory': [258], 'SiteHistory': ['Unknown', 'T1_US_FNAL', 'T1_US_FNAL'], 'TotalSysCpuTimeHistory': [29]}, '27': {'Retries': 0, 'WallDurations': [11.0, 152.44599199295044, 503.0], 'StartTimes': [1615874819.0], 'SubmitTimes': [1615874619.0], 'JobIds': ['62726848.0'], 'EndTimes': [1615875322.0], 'Restarts': 0, 'RecordedSite': True, 'State': 'finished', 'ResidentSetSize': [497172], 'TotalUserCpuTimeHistory': [374], 'SiteHistory': ['Unknown', 'T1_US_FNAL', 'T1_US_FNAL'], 'TotalSysCpuTimeHistory': [48]}, '20': {'Retries': 0, 'WallDurations': [164.0, 177.44599199295044, 177.44599199295044], 'StartTimes': [1615874794.0], 'SubmitTimes': [1615874618.0], 'JobIds': ['62726841.0'], 'EndTimes': [1615874958.0], 'Restarts': 0, 'RecordedSite': True, 'State': 'finished', 'ResidentSetSize': [2992], 'TotalUserCpuTimeHistory': [99], 'SiteHistory': ['Unknown', 'T1_RU_JINR', 'T1_RU_JINR'], 'TotalSysCpuTimeHistory': [3]}, '21': {'Retries': 0, 'WallDurations': [157.0, 177.44599199295044, 177.44599199295044], 'StartTimes': [1615874794.0], 'SubmitTimes': [1615874618.0], 'JobIds': ['62726842.0'], 'EndTimes': [1615874951.0], 'Restarts': 0, 'RecordedSite': True, 'State': 'finished', 'ResidentSetSize': [50536], 'TotalUserCpuTimeHistory': [109], 'SiteHistory': ['Unknown', 'T1_RU_JINR', 'T1_RU_JINR'], 'TotalSysCpuTimeHistory': [4]}, '22': {'Retries': 0, 'WallDurations': [10.0, 171.44599199295044, 245.0], 'StartTimes': [1615874800.0], 'SubmitTimes': [1615874618.0], 'JobIds': ['62726843.0'], 'EndTimes': [1615875045.0], 'Restarts': 0, 'RecordedSite': True, 'State': 'finished', 'ResidentSetSize': [2984], 'TotalUserCpuTimeHistory': [187], 'SiteHistory': ['Unknown', 'T1_RU_JINR', 'T1_RU_JINR'], 'TotalSysCpuTimeHistory': [10]}, '23': {'Retries': 0, 'WallDurations': [9.0, 149.44599199295044, 230.0], 'StartTimes': [1615874822.0], 'SubmitTimes': [1615874618.0], 'JobIds': ['62726844.0'], 'EndTimes': [1615875052.0], 'Restarts': 0, 'RecordedSite': True, 'State': 'finished', 'ResidentSetSize': [50432], 'TotalUserCpuTimeHistory': [168], 'SiteHistory': ['Unknown', 'T1_RU_JINR', 'T1_RU_JINR'], 'TotalSysCpuTimeHistory': [10]}, '28': {'Retries': 0, 'WallDurations': [9.0, 148.44599199295044, 457.0], 'StartTimes': [1615874823.0], 'SubmitTimes': [1615874619.0], 'JobIds': ['62726849.0'], 'EndTimes': [1615875280.0], 'Restarts': 0, 'RecordedSite': True, 'State': 'finished', 'ResidentSetSize': [508684], 'TotalUserCpuTimeHistory': [334], 'SiteHistory': ['Unknown', 'T1_US_FNAL', 'T1_US_FNAL'], 'TotalSysCpuTimeHistory': [49]}, '29': {'Retries': 0, 'WallDurations': [9.0, 145.44599199295044, 3226.0], 'StartTimes': [1615874826.0], 'SubmitTimes': [1615874619.0], 'JobIds': ['62726850.0'], 'EndTimes': [1615878052.0], 'Restarts': 0, 'RecordedSite': True, 'State': 'finished', 'ResidentSetSize': [197948], 'TotalUserCpuTimeHistory': [176], 'SiteHistory': ['Unknown', 'T1_RU_JINR', 'T1_RU_JINR'], 'TotalSysCpuTimeHistory': [9]}, '40': {'Retries': 0, 'WallDurations': [170.0, 178.44599199295044, 178.44599199295044], 'StartTimes': [1615874793.0], 'SubmitTimes': [1615874620.0], 'JobIds': ['62726860.0'], 'EndTimes': [1615874963.0], 'Restarts': 0, 'RecordedSite': True, 'State': 'finished', 'ResidentSetSize': [3028], 'TotalUserCpuTimeHistory': [108], 'SiteHistory': ['Unknown', 'T1_RU_JINR', 'T1_RU_JINR'], 'TotalSysCpuTimeHistory': [4]}, '41': {'Retries': 0, 'WallDurations': [111.0, 154.44599199295044, 154.44599199295044], 'StartTimes': [1615874817.0], 'SubmitTimes': [1615874620.0], 'JobIds': ['62726861.0'], 'EndTimes': [1615874928.0], 'Restarts': 0, 'RecordedSite': True, 'State': 'finished', 'ResidentSetSize': [3032], 'TotalUserCpuTimeHistory': [64], 'SiteHistory': ['Unknown', 'T1_RU_JINR', 'T1_RU_JINR'], 'TotalSysCpuTimeHistory': [3]}, '1': {'Retries': 0, 'WallDurations': [170.0, 223.44599199295044, 223.44599199295044], 'StartTimes': [1615874748.0], 'SubmitTimes': [1615874610.0], 'JobIds': ['62726822.0'], 'EndTimes': [1615874918.0], 'Restarts': 0, 'RecordedSite': True, 'State': 'finished', 'ResidentSetSize': [53692], 'TotalUserCpuTimeHistory': [112], 'SiteHistory': ['Unknown', 'T2_IN_TIFR', 'T2_IN_TIFR'], 'TotalSysCpuTimeHistory': [9]}, '3': {'Retries': 0, 'WallDurations': [8.0, 136.44599199295044, 3202.0], 'StartTimes': [1615874835.0], 'SubmitTimes': [1615874611.0], 'JobIds': ['62726827.0'], 'EndTimes': [1615878037.0], 'Restarts': 0, 'RecordedSite': True, 'State': 'finished', 'ResidentSetSize': [342656], 'TotalUserCpuTimeHistory': [169], 'SiteHistory': ['Unknown', 'T1_RU_JINR', 'T1_RU_JINR'], 'TotalSysCpuTimeHistory': [10]}, '2': {'Retries': 0, 'WallDurations': [144.0, 214.44599199295044, 214.44599199295044], 'StartTimes': [1615874757.0], 'SubmitTimes': [1615874610.0], 'JobIds': ['62726823.0'], 'EndTimes': [1615874901.0], 'Restarts': 0, 'RecordedSite': True, 'State': 'finished', 'ResidentSetSize': [52320], 'TotalUserCpuTimeHistory': [81], 'SiteHistory': ['Unknown', 'T2_IN_TIFR', 'T2_IN_TIFR'], 'TotalSysCpuTimeHistory': [8]}, '5': {'Retries': 0, 'WallDurations': [8.0, 132.44599199295044, 3212.0], 'StartTimes': [1615874839.0], 'SubmitTimes': [1615874610.0], 'JobIds': ['62726824.0'], 'EndTimes': [1615878051.0], 'Restarts': 0, 'RecordedSite': True, 'State': 'finished', 'ResidentSetSize': [354848], 'TotalUserCpuTimeHistory': [171], 'SiteHistory': ['Unknown', 'T1_RU_JINR', 'T1_RU_JINR'], 'TotalSysCpuTimeHistory': [10]}, '4': {'Retries': 0, 'WallDurations': [10.0, 170.44599199295044, 334.0], 'StartTimes': [1615874801.0], 'SubmitTimes': [1615874611.0], 'JobIds': ['62726828.0'], 'EndTimes': [1615875135.0], 'Restarts': 0, 'RecordedSite': True, 'State': 'finished', 'ResidentSetSize': [574352], 'TotalUserCpuTimeHistory': [234], 'SiteHistory': ['Unknown', 'T1_US_FNAL', 'T1_US_FNAL'], 'TotalSysCpuTimeHistory': [29]}, '7': {'Retries': 0, 'WallDurations': [8.0, 185.44599199295044, 229.0], 'StartTimes': [1615874786.0], 'SubmitTimes': [1615874611.0], 'JobIds': ['62726826.0'], 'EndTimes': [1615875015.0], 'Restarts': 0, 'RecordedSite': True, 'State': 'finished', 'ResidentSetSize': [51016], 'TotalUserCpuTimeHistory': [172], 'SiteHistory': ['Unknown', 'T2_CH_CERN', 'T2_CH_CERN'], 'TotalSysCpuTimeHistory': [11]}, '6': {'Retries': 0, 'WallDurations': [9.0, 184.44599199295044, 296.0], 'StartTimes': [1615874787.0], 'SubmitTimes': [1615874610.0], 'JobIds': ['62726825.0'], 'EndTimes': [1615875083.0], 'Restarts': 0, 'RecordedSite': True, 'State': 'finished', 'ResidentSetSize': [2816], 'TotalUserCpuTimeHistory': [233], 'SiteHistory': ['Unknown', 'T2_CH_CERN', 'T2_CH_CERN'], 'TotalSysCpuTimeHistory': [13]}, '9': {'Retries': 0, 'WallDurations': [9.0, 186.44599199295044, 326.0], 'StartTimes': [1615874785.0], 'SubmitTimes': [1615874611.0], 'JobIds': ['62726830.0'], 'EndTimes': [1615875111.0], 'Restarts': 0, 'RecordedSite': True, 'State': 'finished', 'ResidentSetSize': [596584], 'TotalUserCpuTimeHistory': [265], 'SiteHistory': ['Unknown', 'T2_CH_CERN', 'T2_CH_CERN'], 'TotalSysCpuTimeHistory': [15]}, '8': {'Retries': 0, 'WallDurations': [8.0, 185.44599199295044, 244.0], 'StartTimes': [1615874786.0], 'SubmitTimes': [1615874611.0], 'JobIds': ['62726829.0'], 'EndTimes': [1615875030.0], 'Restarts': 0, 'RecordedSite': True, 'State': 'finished', 'ResidentSetSize': [51220], 'TotalUserCpuTimeHistory': [190], 'SiteHistory': ['Unknown', 'T2_CH_CERN', 'T2_CH_CERN'], 'TotalSysCpuTimeHistory': [12]}, '39': {'Retries': 0, 'WallDurations': [10.0, 134.44599199295044, 3207.0], 'StartTimes': [1615874837.0], 'SubmitTimes': [1615874620.0], 'JobIds': ['62726858.0'], 'EndTimes': [1615878044.0], 'Restarts': 0, 'RecordedSite': True, 'State': 'finished', 'ResidentSetSize': [342728], 'TotalUserCpuTimeHistory': [169], 'SiteHistory': ['Unknown', 'T1_RU_JINR', 'T1_RU_JINR'], 'TotalSysCpuTimeHistory': [9]}, '38': {'Retries': 0, 'WallDurations': [140.0, 177.44599199295044, 177.44599199295044], 'StartTimes': [1615874794.0], 'SubmitTimes': [1615874620.0], 'JobIds': ['62726859.0'], 'EndTimes': [1615874934.0], 'Restarts': 0, 'RecordedSite': True, 'State': 'finished', 'ResidentSetSize': [3028], 'TotalUserCpuTimeHistory': [88], 'SiteHistory': ['Unknown', 'T1_RU_JINR', 'T1_RU_JINR'], 'TotalSysCpuTimeHistory': [3]}, '11': {'Retries': 0, 'WallDurations': [8.0, 183.44599199295044, 400.0], 'StartTimes': [1615874788.0], 'SubmitTimes': [1615874617.0], 'JobIds': ['62726832.0'], 'EndTimes': [1615875188.0], 'Restarts': 0, 'RecordedSite': True, 'State': 'finished', 'ResidentSetSize': [520472], 'TotalUserCpuTimeHistory': [299], 'SiteHistory': ['Unknown', 'T2_CH_CERN', 'T2_CH_CERN'], 'TotalSysCpuTimeHistory': [16]}, '10': {'Retries': 0, 'WallDurations': [9.0, 185.44599199295044, 299.0], 'StartTimes': [1615874786.0], 'SubmitTimes': [1615874611.0], 'JobIds': ['62726831.0'], 'EndTimes': [1615875085.0], 'Restarts': 0, 'RecordedSite': True, 'State': 'finished', 'ResidentSetSize': [50944], 'TotalUserCpuTimeHistory': [234], 'SiteHistory': ['Unknown', 'T2_CH_CERN', 'T2_CH_CERN'], 'TotalSysCpuTimeHistory': [13]}, '13': {'Retries': 0, 'WallDurations': [8.0, 183.44599199295044, 361.0], 'StartTimes': [1615874788.0], 'SubmitTimes': [1615874617.0], 'JobIds': ['62726834.0'], 'EndTimes': [1615875149.0], 'Restarts': 0, 'RecordedSite': True, 'State': 'finished', 'ResidentSetSize': [522996], 'TotalUserCpuTimeHistory': [277], 'SiteHistory': ['Unknown', 'T2_CH_CERN', 'T2_CH_CERN'], 'TotalSysCpuTimeHistory': [18]}, '12': {'Retries': 0, 'WallDurations': [9.0, 184.44599199295044, 409.0], 'StartTimes': [1615874787.0], 'SubmitTimes': [1615874617.0], 'JobIds': ['62726833.0'], 'EndTimes': [1615875196.0], 'Restarts': 0, 'RecordedSite': True, 'State': 'finished', 'ResidentSetSize': [521024], 'TotalUserCpuTimeHistory': [299], 'SiteHistory': ['Unknown', 'T2_CH_CERN', 'T2_CH_CERN'], 'TotalSysCpuTimeHistory': [16]}, '15': {'Retries': 0, 'WallDurations': [9.0, 186.44599199295044, 225.0], 'StartTimes': [1615874785.0], 'SubmitTimes': [1615874617.0], 'JobIds': ['62726836.0'], 'EndTimes': [1615875010.0], 'Restarts': 0, 'RecordedSite': True, 'State': 'finished', 'ResidentSetSize': [50948], 'TotalUserCpuTimeHistory': [177], 'SiteHistory': ['Unknown', 'T2_CH_CERN', 'T2_CH_CERN'], 'TotalSysCpuTimeHistory': [10]}, '14': {'Retries': 0, 'WallDurations': [8.0, 183.44599199295044, 394.0], 'StartTimes': [1615874788.0], 'SubmitTimes': [1615874617.0], 'JobIds': ['62726835.0'], 'EndTimes': [1615875182.0], 'Restarts': 0, 'RecordedSite': True, 'State': 'finished', 'ResidentSetSize': [520012], 'TotalUserCpuTimeHistory': [305], 'SiteHistory': ['Unknown', 'T2_CH_CERN', 'T2_CH_CERN'], 'TotalSysCpuTimeHistory': [16]}, '17': {'Retries': 0, 'WallDurations': [10.0, 186.44599199295044, 314.0], 'StartTimes': [1615874785.0], 'SubmitTimes': [1615874617.0], 'JobIds': ['62726838.0'], 'EndTimes': [1615875099.0], 'Restarts': 0, 'RecordedSite': True, 'State': 'finished', 'ResidentSetSize': [596076], 'TotalUserCpuTimeHistory': [246], 'SiteHistory': ['Unknown', 'T2_CH_CERN', 'T2_CH_CERN'], 'TotalSysCpuTimeHistory': [15]}, '16': {'Retries': 0, 'WallDurations': [9.0, 185.44599199295044, 361.0], 'StartTimes': [1615874786.0], 'SubmitTimes': [1615874617.0], 'JobIds': ['62726837.0'], 'EndTimes': [1615875147.0], 'Restarts': 0, 'RecordedSite': True, 'State': 'finished', 'ResidentSetSize': [523840], 'TotalUserCpuTimeHistory': [268], 'SiteHistory': ['Unknown', 'T2_CH_CERN', 'T2_CH_CERN'], 'TotalSysCpuTimeHistory': [16]}, '19': {'Retries': 0, 'WallDurations': [11.0, 171.44599199295044, 268.0], 'StartTimes': [1615874800.0], 'SubmitTimes': [1615874618.0], 'JobIds': ['62726840.0'], 'EndTimes': [1615875068.0], 'Restarts': 0, 'RecordedSite': True, 'State': 'finished', 'ResidentSetSize': [37316], 'TotalUserCpuTimeHistory': [188], 'SiteHistory': ['Unknown', 'T1_US_FNAL', 'T1_US_FNAL'], 'TotalSysCpuTimeHistory': [24]}, '18': {'Retries': 0, 'WallDurations': [8.0, 185.44599199295044, 226.0], 'StartTimes': [1615874786.0], 'SubmitTimes': [1615874617.0], 'JobIds': ['62726839.0'], 'EndTimes': [1615875012.0], 'Restarts': 0, 'RecordedSite': True, 'State': 'finished', 'ResidentSetSize': [2808], 'TotalUserCpuTimeHistory': [165], 'SiteHistory': ['Unknown', 'T2_CH_CERN', 'T2_CH_CERN'], 'TotalSysCpuTimeHistory': [12]}, '31': {'Retries': 0, 'WallDurations': [9.0, 170.44599199295044, 251.0], 'StartTimes': [1615874801.0], 'SubmitTimes': [1615874620.0], 'JobIds': ['62726863.0'], 'EndTimes': [1615875052.0], 'Restarts': 0, 'RecordedSite': True, 'State': 'finished', 'ResidentSetSize': [50072], 'TotalUserCpuTimeHistory': [190], 'SiteHistory': ['Unknown', 'T1_RU_JINR', 'T1_RU_JINR'], 'TotalSysCpuTimeHistory': [10]}, '30': {'Retries': 0, 'WallDurations': [152.0, 178.44599199295044, 178.44599199295044], 'StartTimes': [1615874793.0], 'SubmitTimes': [1615874619.0], 'JobIds': ['62726851.0'], 'EndTimes': [1615874945.0], 'Restarts': 0, 'RecordedSite': True, 'State': 'finished', 'ResidentSetSize': [50568], 'TotalUserCpuTimeHistory': [105], 'SiteHistory': ['Unknown', 'T1_RU_JINR', 'T1_RU_JINR'], 'TotalSysCpuTimeHistory': [4]}, '37': {'Retries': 0, 'WallDurations': [161.0, 178.44599199295044, 178.44599199295044], 'StartTimes': [1615874793.0], 'SubmitTimes': [1615874620.0], 'JobIds': ['62726857.0'], 'EndTimes': [1615874954.0], 'Restarts': 0, 'RecordedSite': True, 'State': 'finished', 'ResidentSetSize': [62368], 'TotalUserCpuTimeHistory': [94], 'SiteHistory': ['Unknown', 'T1_RU_JINR', 'T1_RU_JINR'], 'TotalSysCpuTimeHistory': [3]}, '36': {'Retries': 0, 'WallDurations': [9.0, 147.44599199295044, 3222.0], 'StartTimes': [1615874824.0], 'SubmitTimes': [1615874619.0], 'JobIds': ['62726854.0'], 'EndTimes': [1615878046.0], 'Restarts': 0, 'RecordedSite': True, 'State': 'finished', 'ResidentSetSize': [313224], 'TotalUserCpuTimeHistory': [166], 'SiteHistory': ['Unknown', 'T1_RU_JINR', 'T1_RU_JINR'], 'TotalSysCpuTimeHistory': [10]}, '35': {'Retries': 0, 'WallDurations': [8.0, 144.44599199295044, 3224.0], 'StartTimes': [1615874827.0], 'SubmitTimes': [1615874620.0], 'JobIds': ['62726856.0'], 'EndTimes': [1615878051.0], 'Restarts': 0, 'RecordedSite': True, 'State': 'finished', 'ResidentSetSize': [197356], 'TotalUserCpuTimeHistory': [173], 'SiteHistory': ['Unknown', 'T1_RU_JINR', 'T1_RU_JINR'], 'TotalSysCpuTimeHistory': [10]}, '34': {'Retries': 0, 'WallDurations': [9.0, 153.44599199295044, 226.0], 'StartTimes': [1615874818.0], 'SubmitTimes': [1615874619.0], 'JobIds': ['62726853.0'], 'EndTimes': [1615875044.0], 'Restarts': 0, 'RecordedSite': True, 'State': 'finished', 'ResidentSetSize': [3028], 'TotalUserCpuTimeHistory': [170], 'SiteHistory': ['Unknown', 'T1_RU_JINR', 'T1_RU_JINR'], 'TotalSysCpuTimeHistory': [10]}, '33': {'Retries': 0, 'WallDurations': [9.0, 165.44599199295044, 243.0], 'StartTimes': [1615874806.0], 'SubmitTimes': [1615874620.0], 'JobIds': ['62726855.0'], 'EndTimes': [1615875049.0], 'Restarts': 0, 'RecordedSite': True, 'State': 'finished', 'ResidentSetSize': [50792], 'TotalUserCpuTimeHistory': [181], 'SiteHistory': ['Unknown', 'T1_RU_JINR', 'T1_RU_JINR'], 'TotalSysCpuTimeHistory': [10]}, '32': {'Retries': 0, 'WallDurations': [8.0, 153.44599199295044, 204.0], 'StartTimes': [1615874818.0], 'SubmitTimes': [1615874619.0], 'JobIds': ['62726852.0'], 'EndTimes': [1615875022.0], 'Restarts': 0, 'RecordedSite': True, 'State': 'finished', 'ResidentSetSize': [49788], 'TotalUserCpuTimeHistory': [153], 'SiteHistory': ['Unknown', 'T1_RU_JINR', 'T1_RU_JINR'], 'TotalSysCpuTimeHistory': [8]}}
INFO 2021-03-16 08:10:48.577 UTC: 	 Status on the scheduler:	COMPLETED
INFO 2021-03-16 08:10:48.578 UTC: 	 
Jobs status:                    finished     		100.0% (42/42)
INFO 2021-03-16 08:10:48.578 UTC: 	 
No publication information (publication has been disabled in the CRAB configuration file)
INFO 2021-03-16 08:10:48.579 UTC: 	 
Warning: the max jobs runtime is less than 30% of the task requested value (1250 min), please consider to request a lower value for failed jobs (allowed through crab resubmit) and/or improve the jobs splitting (e.g. config.Data.splitting = 'Automatic') in a new task.
INFO 2021-03-16 08:10:48.579 UTC: 	 
Warning: the average jobs CPU efficiency is less than 50%, please consider to improve the jobs splitting (e.g. config.Data.splitting = 'Automatic') in a new task
INFO 2021-03-16 08:10:48.579 UTC: 	 
Summary of run jobs:
 * Memory: 52MB min, 582MB max, 205MB ave
 * Runtime: 0:02:34 min, 0:53:46 max, 0:12:40 ave
 * CPU eff: 5% min, 86% max, 26% ave
 * Waste: 2:32:45 (22% of total)

INFO 2021-03-16 08:10:48.594 UTC: 	 Log file is /afs/cern.ch/work/a/achhetri/NANO_AOD/CMSSW_10_6_8/src/WTopScalefactorProducer/Skimmer/NANOcrab/crab_Tprime_v5_NANo_AOD_106X/crab_TprimeB_to_TH_M1000_LH_v2/crab.log
