DEBUG 2021-03-10 18:05:18.959 UTC: 	 CRAB Client version: v3.201110
DEBUG 2021-03-10 18:05:18.959 UTC: 	 Running on: Linux lxplus719.cern.ch 3.10.0-1160.15.2.el7.x86_64 #1 SMP Wed Feb 3 15:06:38 UTC 2021 x86_64 x86_64 x86_64 GNU/Linux - CentOS Linux 7 (Core)
DEBUG 2021-03-10 18:05:18.959 UTC: 	 Executing command: 'submit'
DEBUG 2021-03-10 18:05:18.971 UTC: 	 Found CRAB cache file /afs/cern.ch/user/a/achhetri/.crab3
DEBUG 2021-03-10 18:05:18.975 UTC: 	 Will use CRAB Analysis plugin (i.e. will run an analysis job type).
DEBUG 2021-03-10 18:05:19.069 UTC: 	 Checking credentials
DEBUG 2021-03-10 18:05:19.069 UTC: 	 Found proxy file /afs/cern.ch/user/a/achhetri/x509up_u94350
DEBUG 2021-03-10 18:05:19.069 UTC: 	 Getting proxy life time left
DEBUG 2021-03-10 18:05:20.077 UTC: 	 Executing : 
 command : voms-proxy-info -file /afs/cern.ch/user/a/achhetri/x509up_u94350 -timeleft
 output : 669284

 error: 
 retcode : 0
DEBUG 2021-03-10 18:05:20.684 UTC: 	 Executing : 
 command : voms-proxy-info -file /afs/cern.ch/user/a/achhetri/x509up_u94350 -actimeleft
 output : 669282

 error: 
 retcode : 0
DEBUG 2021-03-10 18:05:20.684 UTC: 	 Proxy lifetime 669284 secs is different from voms extension lifetime 669282 secs for proxy: /afs/cern.ch/user/a/achhetri/x509up_u94350
DEBUG 2021-03-10 18:05:20.684 UTC: 	 Proxy valid for 185:54:42 hours
DEBUG 2021-03-10 18:05:21.289 UTC: 	 Executing : 
 command : env X509_USER_PROXY=/afs/cern.ch/user/a/achhetri/x509up_u94350 voms-proxy-info -fqan
 output : /cms/Role=NULL/Capability=NULL

 error: 
 retcode : 0
DEBUG 2021-03-10 18:05:21.371 UTC: 	 Registering user credentials for server /DC=ch/DC=cern/OU=computers/CN=vocms0105.cern.ch|/DC=ch/DC=cern/OU=computers/CN=crab-(preprod|prod|dev)-tw(02|01).cern.ch|/DC=ch/DC=cern/OU=computers/CN=(ddi|ddidk|mytw).cern.ch|/DC=ch/DC=cern/OU=computers/CN=stefanov(m|m2).cern.ch
DEBUG 2021-03-10 18:05:22.086 UTC: 	 Executing : 
 command : voms-proxy-info -file /afs/cern.ch/user/a/achhetri/x509up_u94350 -identity
 output : /DC=ch/DC=cern/OU=Organic Units/OU=Users/CN=achhetri/CN=804540/CN=Arjun Chhetri

 error: 
 retcode : 0
DEBUG 2021-03-10 18:05:22.094 UTC: 	 Getting myproxy life time left for myproxy.cern.ch
DEBUG 2021-03-10 18:05:22.094 UTC: 	 using eb0e67adc2dd9eb1770413a4ffd073f562b86f05 as credential login name
DEBUG 2021-03-10 18:05:22.399 UTC: 	 Executing : 
 command : myproxy-info -l eb0e67adc2dd9eb1770413a4ffd073f562b86f05 -s myproxy.cern.ch
 output : username: eb0e67adc2dd9eb1770413a4ffd073f562b86f05
owner: /DC=ch/DC=cern/OU=Organic Units/OU=Users/CN=achhetri/CN=804540/CN=Arjun Chhetri
  renewal policy: /DC=ch/DC=cern/OU=computers/CN=vocms0105.cern.ch|/DC=ch/DC=cern/OU=computers/CN=crab-(preprod|prod|dev)-tw(02|01).cern.ch|/DC=ch/DC=cern/OU=computers/CN=(ddi|ddidk|mytw).cern.ch|/DC=ch/DC=cern/OU=computers/CN=stefanov(m|m2).cern.ch
  trusted retrieval policy: /DC=ch/DC=cern/OU=computers/CN=vocms0105.cern.ch|/DC=ch/DC=cern/OU=computers/CN=crab-(preprod|prod|dev)-tw(02|01).cern.ch|/DC=ch/DC=cern/OU=computers/CN=(ddi|ddidk|mytw).cern.ch|/DC=ch/DC=cern/OU=computers/CN=stefanov(m|m2).cern.ch
  timeleft: 689:48:47  (28.7 days)

 error: 
 retcode : 0
DEBUG 2021-03-10 18:05:22.400 UTC: 	 Myproxy is valid: 2483327
DEBUG 2021-03-10 18:05:22.400 UTC: 	 Retrieving username ...
DEBUG 2021-03-10 18:05:22.400 UTC: 	 Retrieving username from CRIC...
DEBUG 2021-03-10 18:05:23.100 UTC: 	 username is achhetri
DEBUG 2021-03-10 18:05:23.108 UTC: 	 Getting myproxy life time left for myproxy.cern.ch
DEBUG 2021-03-10 18:05:23.108 UTC: 	 using achhetri_CRAB as credential login name
DEBUG 2021-03-10 18:05:23.413 UTC: 	 Executing : 
 command : myproxy-info -l achhetri_CRAB -s myproxy.cern.ch
 output : username: achhetri_CRAB
owner: /DC=ch/DC=cern/OU=Organic Units/OU=Users/CN=achhetri/CN=804540/CN=Arjun Chhetri
  renewal policy: /DC=ch/DC=cern/OU=computers/CN=vocms0105.cern.ch|/DC=ch/DC=cern/OU=computers/CN=crab-(preprod|prod|dev)-tw(02|01).cern.ch|/DC=ch/DC=cern/OU=computers/CN=(ddi|ddidk|mytw).cern.ch|/DC=ch/DC=cern/OU=computers/CN=stefanov(m|m2).cern.ch
  trusted retrieval policy: /DC=ch/DC=cern/OU=computers/CN=vocms0105.cern.ch|/DC=ch/DC=cern/OU=computers/CN=crab-(preprod|prod|dev)-tw(02|01).cern.ch|/DC=ch/DC=cern/OU=computers/CN=(ddi|ddidk|mytw).cern.ch|/DC=ch/DC=cern/OU=computers/CN=stefanov(m|m2).cern.ch
  timeleft: 326:46:17  (13.6 days)

 error: 
 retcode : 0
DEBUG 2021-03-10 18:05:23.413 UTC: 	 Myproxy is valid: 1176377
DEBUG 2021-03-10 18:05:23.520 UTC: 	 Executing : 
 command : openssl x509 -noout -in ~/.globus/usercert.pem -dates
 output : notBefore=Nov 11 12:18:59 2020 GMT
notAfter=Dec 16 12:18:59 2021 GMT

 error: 
 retcode : 0
DEBUG 2021-03-10 18:05:23.524 UTC: 	 Delegating a myproxy for 720:00 hours
DEBUG 2021-03-10 18:05:23.524 UTC: 	 using achhetri_CRAB as credential login name
DEBUG 2021-03-10 18:05:25.637 UTC: 	 Executing : 
 command : export GT_PROXY_MODE=rfc ; myproxy-init -d -n -s myproxy.cern.ch -x -R '/DC=ch/DC=cern/OU=computers/CN=vocms0105.cern.ch|/DC=ch/DC=cern/OU=computers/CN=crab-(preprod|prod|dev)-tw(02|01).cern.ch|/DC=ch/DC=cern/OU=computers/CN=(ddi|ddidk|mytw).cern.ch|/DC=ch/DC=cern/OU=computers/CN=stefanov(m|m2).cern.ch' -x -Z '/DC=ch/DC=cern/OU=computers/CN=vocms0105.cern.ch|/DC=ch/DC=cern/OU=computers/CN=crab-(preprod|prod|dev)-tw(02|01).cern.ch|/DC=ch/DC=cern/OU=computers/CN=(ddi|ddidk|mytw).cern.ch|/DC=ch/DC=cern/OU=computers/CN=stefanov(m|m2).cern.ch' -l 'achhetri_CRAB' -t 168:00 -c 720:00
 output : Your identity: /DC=ch/DC=cern/OU=Organic Units/OU=Users/CN=achhetri/CN=804540/CN=Arjun Chhetri

 error: Error: Couldn't read user key in /afs/cern.ch/user/a/achhetri/.globus/userkey.pem.
Use -debug for further information.
grid-proxy-init failed

 retcode : 1
DEBUG 2021-03-10 18:05:25.637 UTC: 	 using achhetri_CRAB as credential login name
DEBUG 2021-03-10 18:05:25.944 UTC: 	 Executing : 
 command : myproxy-info -l achhetri_CRAB -s myproxy.cern.ch
 output : username: achhetri_CRAB
owner: /DC=ch/DC=cern/OU=Organic Units/OU=Users/CN=achhetri/CN=804540/CN=Arjun Chhetri
  renewal policy: /DC=ch/DC=cern/OU=computers/CN=vocms0105.cern.ch|/DC=ch/DC=cern/OU=computers/CN=crab-(preprod|prod|dev)-tw(02|01).cern.ch|/DC=ch/DC=cern/OU=computers/CN=(ddi|ddidk|mytw).cern.ch|/DC=ch/DC=cern/OU=computers/CN=stefanov(m|m2).cern.ch
  trusted retrieval policy: /DC=ch/DC=cern/OU=computers/CN=vocms0105.cern.ch|/DC=ch/DC=cern/OU=computers/CN=crab-(preprod|prod|dev)-tw(02|01).cern.ch|/DC=ch/DC=cern/OU=computers/CN=(ddi|ddidk|mytw).cern.ch|/DC=ch/DC=cern/OU=computers/CN=stefanov(m|m2).cern.ch
  timeleft: 326:46:15  (13.6 days)

 error: 
 retcode : 0
DEBUG 2021-03-10 18:05:25.944 UTC: 	 My-proxy delegated.
DEBUG 2021-03-10 18:05:25.944 UTC: 	 Result of myproxy credential check:
  Credential exists on myproxy: username: eb0e67adc2dd9eb1770413a4ffd073f562b86f05  - validity: 28 days, 17:48:47
  Credential exists on myproxy: username: achhetri_CRAB  - validity: 13 days, 14:46:15
DEBUG 2021-03-10 18:05:25.944 UTC: 	 Command use: submit
DEBUG 2021-03-10 18:05:25.944 UTC: 	 Options use: ['--config', <WMCore.Configuration.Configuration object at 0x7f470fba4bd0>]
DEBUG 2021-03-10 18:05:25.989 UTC: 	 CRABClient version: v3.201110
DEBUG 2021-03-10 18:05:25.989 UTC: 	 Instance is prod
DEBUG 2021-03-10 18:05:25.989 UTC: 	 Server base url is cmsweb-k8s-prod.cern.ch
DEBUG 2021-03-10 18:05:25.989 UTC: 	 Command url /crabserver/prod/workflow
DEBUG 2021-03-10 18:05:25.989 UTC: 	 Started submission
DEBUG 2021-03-10 18:05:25.989 UTC: 	 Working on /afs/cern.ch/work/a/achhetri/NANO_AOD/CMSSW_10_6_8/src/WTopScalefactorProducer/Skimmer/NANOcrab/crab_Tprime_v5_NANo_AOD_106X/crab_QCD_Pt1000toInf_v2
DEBUG 2021-03-10 18:05:26.115 UTC: 	 Loading required information from the environment
DEBUG 2021-03-10 18:05:26.115 UTC: 	 Found CMSSW_10_6_8 for slc7_amd64_gcc700 with base /afs/cern.ch/work/a/achhetri/NANO_AOD/CMSSW_10_6_8
DEBUG 2021-03-10 18:05:26.115 UTC: 	 Loading required information from the environment
DEBUG 2021-03-10 18:05:26.115 UTC: 	 Found CMSSW_10_6_8 for slc7_amd64_gcc700 with base /afs/cern.ch/work/a/achhetri/NANO_AOD/CMSSW_10_6_8
DEBUG 2021-03-10 18:05:26.116 UTC: 	 UNIQUE NAME: tarUUID d488c3a4-0f21-45b6-b74d-fc580892c967 
DEBUG 2021-03-10 18:05:26.116 UTC: 	 self.config: from WMCore.Configuration import Configuration
config = Configuration()
config.section_('General')
config.General.transferLogs = True
config.General.workArea = 'crab_Tprime_v5_NANo_AOD_106X'
config.General.requestName = 'QCD_Pt1000toInf_v2'
config.section_('JobType')
config.JobType.scriptExe = 'crab_script_Tprime.sh'
config.JobType.pluginName = 'Analysis'
config.JobType.sendPythonFolder = True
config.JobType.allowUndistributedCMSSW = True
config.JobType.psetName = 'PSet.py'
config.JobType.inputFiles = ['TprimeBToTH_LH_RunIISummer19UL16_Skimmer.py', 'keep_and_drop_v1.txt', '../../../PhysicsTools/NanoAODTools/scripts/haddnano.py']
config.section_('Data')
config.Data.inputDataset = '/QCD_Pt-1000toInf_MuEnrichedPt5_TuneCP5_13TeV_pythia8/RunIISummer19UL17NanoAODv2-106X_mc2017_realistic_v8-v1/NANOAODSIM'
config.Data.outputDatasetTag = 'QCD_Pt1000toInf_v2'
config.Data.publication = False
config.Data.unitsPerJob = 1
config.Data.inputDBS = 'global'
config.Data.splitting = 'FileBased'
config.Data.outLFNDirBase = '/store/user/achhetri/Tprime_v5_NANo_AOD_106X'
config.Data.totalUnits = 21
config.section_('Site')
config.Site.storageSite = 'T3_CH_CERNBOX'
config.section_('User')
config.section_('Debug')

DEBUG 2021-03-10 18:05:26.116 UTC: 	 self.config.JobType.psetName: PSet.py
INFO 2021-03-10 18:05:26.116 UTC: 	 Importing CMSSW configuration PSet.py
INFO 2021-03-10 18:05:26.594 UTC: 	 Finished importing CMSSW configuration PSet.py
DEBUG 2021-03-10 18:05:26.594 UTC: 	 Writing CMSSW configuration to /afs/cern.ch/work/a/achhetri/NANO_AOD/CMSSW_10_6_8/src/WTopScalefactorProducer/Skimmer/NANOcrab/crab_Tprime_v5_NANo_AOD_106X/crab_QCD_Pt1000toInf_v2/inputs/PSet.py
DEBUG 2021-03-10 18:05:26.604 UTC: 	 The following EDM output files will be collected: ['tree.root']
DEBUG 2021-03-10 18:05:26.604 UTC: 	 The following TFile output files will be collected: []
DEBUG 2021-03-10 18:05:26.604 UTC: 	 The following user output files (not listed as PoolOuputModule or TFileService in the CMSSW PSet) will be collected: 
DEBUG 2021-03-10 18:05:26.604 UTC: 	 Loading required information from the environment
DEBUG 2021-03-10 18:05:26.604 UTC: 	 Found CMSSW_10_6_8 for slc7_amd64_gcc700 with base /afs/cern.ch/work/a/achhetri/NANO_AOD/CMSSW_10_6_8
DEBUG 2021-03-10 18:05:26.604 UTC: 	 Making tarball in /afs/cern.ch/work/a/achhetri/NANO_AOD/CMSSW_10_6_8/src/WTopScalefactorProducer/Skimmer/NANOcrab/crab_Tprime_v5_NANo_AOD_106X/crab_QCD_Pt1000toInf_v2/inputs/d488c3a4-0f21-45b6-b74d-fc580892c967default.tgz
DEBUG 2021-03-10 18:05:26.605 UTC: 	 Checking directory /afs/cern.ch/work/a/achhetri/NANO_AOD/CMSSW_10_6_8/lib
DEBUG 2021-03-10 18:05:26.605 UTC: 	 Adding directory /afs/cern.ch/work/a/achhetri/NANO_AOD/CMSSW_10_6_8/lib to tarball
DEBUG 2021-03-10 18:05:26.721 UTC: 	 Checking directory /afs/cern.ch/work/a/achhetri/NANO_AOD/CMSSW_10_6_8/biglib
DEBUG 2021-03-10 18:05:26.722 UTC: 	 Adding directory /afs/cern.ch/work/a/achhetri/NANO_AOD/CMSSW_10_6_8/biglib to tarball
DEBUG 2021-03-10 18:05:26.722 UTC: 	 Checking directory /afs/cern.ch/work/a/achhetri/NANO_AOD/CMSSW_10_6_8/module
DEBUG 2021-03-10 18:05:26.722 UTC: 	 Checking directory /afs/cern.ch/work/a/achhetri/NANO_AOD/CMSSW_10_6_8/python
DEBUG 2021-03-10 18:05:26.722 UTC: 	 Adding directory /afs/cern.ch/work/a/achhetri/NANO_AOD/CMSSW_10_6_8/python to tarball
DEBUG 2021-03-10 18:05:28.464 UTC: 	 Checking directory /afs/cern.ch/work/a/achhetri/NANO_AOD/CMSSW_10_6_8/cfipython
DEBUG 2021-03-10 18:05:28.464 UTC: 	 Adding directory /afs/cern.ch/work/a/achhetri/NANO_AOD/CMSSW_10_6_8/cfipython to tarball
DEBUG 2021-03-10 18:05:28.508 UTC: 	 Adding data directory /afs/cern.ch/work/a/achhetri/NANO_AOD/CMSSW_10_6_8/src/PhysicsTools/NanoAODTools/data to tarball
DEBUG 2021-03-10 18:05:40.115 UTC: 	 Adding data directory /afs/cern.ch/work/a/achhetri/NANO_AOD/CMSSW_10_6_8/src/PhysicsTools/NanoAODTools/interface to tarball
DEBUG 2021-03-10 18:05:40.164 UTC: 	 Adding data directory /afs/cern.ch/work/a/achhetri/NANO_AOD/CMSSW_10_6_8/src/PhysicsTools/NanoAODTools/python/postprocessing/data to tarball
DEBUG 2021-03-10 18:05:42.407 UTC: 	 Adding file TprimeBToTH_LH_RunIISummer19UL16_Skimmer.py to tarball
DEBUG 2021-03-10 18:05:42.486 UTC: 	 Adding file keep_and_drop_v1.txt to tarball
DEBUG 2021-03-10 18:05:42.585 UTC: 	 Adding file ../../../PhysicsTools/NanoAODTools/scripts/haddnano.py to tarball
DEBUG 2021-03-10 18:05:46.141 UTC: 	 Uploading archive /afs/cern.ch/work/a/achhetri/NANO_AOD/CMSSW_10_6_8/src/WTopScalefactorProducer/Skimmer/NANOcrab/crab_Tprime_v5_NANo_AOD_106X/crab_QCD_Pt1000toInf_v2/inputs/d488c3a4-0f21-45b6-b74d-fc580892c967default.tgz (55 MB) to the CRAB cache. Using URI https://cmsweb.cern.ch:8443/crabcache
DEBUG 2021-03-10 18:06:19.312 UTC: 	 Loading required information from the environment
DEBUG 2021-03-10 18:06:19.312 UTC: 	 Found CMSSW_10_6_8 for slc7_amd64_gcc700 with base /afs/cern.ch/work/a/achhetri/NANO_AOD/CMSSW_10_6_8
DEBUG 2021-03-10 18:06:19.312 UTC: 	 Making tarball in /afs/cern.ch/work/a/achhetri/NANO_AOD/CMSSW_10_6_8/src/WTopScalefactorProducer/Skimmer/NANOcrab/crab_Tprime_v5_NANo_AOD_106X/crab_QCD_Pt1000toInf_v2/inputs/debugFiles.tgz
DEBUG 2021-03-10 18:06:19.318 UTC: 	 Uploading archive /afs/cern.ch/work/a/achhetri/NANO_AOD/CMSSW_10_6_8/src/WTopScalefactorProducer/Skimmer/NANOcrab/crab_Tprime_v5_NANo_AOD_106X/crab_QCD_Pt1000toInf_v2/inputs/debugFiles.tgz (1 KB) to the CRAB cache. Using URI https://cmsweb.cern.ch:8443/crabcache
DEBUG 2021-03-10 18:06:19.357 UTC: 	 Result uploading input files: c29edb9fb60c309f0cb5765582b0749acc12040e1e10f94e161f75dc89f31141.tar.gz 
INFO 2021-03-10 18:06:19.357 UTC: 	 Sending the request to the server at cmsweb-k8s-prod.cern.ch
DEBUG 2021-03-10 18:06:19.357 UTC: 	 Submitting {'maxjobruntime': 1250, 'extrajdl': [], 'lfn': '/store/user/achhetri/Tprime_v5_NANo_AOD_106X', 'savelogsflag': 1, 'useparent': 0, 'scriptexe': 'crab_script_Tprime.sh', 'asyncdest': 'T3_CH_CERNBOX', 'algoargs': 1, 'cachefilename': 'c29edb9fb60c309f0cb5765582b0749acc12040e1e10f94e161f75dc89f31141.tar.gz', 'numcores': 1, 'addoutputfiles': [], 'generator': 'pythia', 'maxmemory': 2000, 'publishdbsurl': 'https://cmsweb.cern.ch/dbs/prod/phys03/DBSWriter', 'priority': 10, 'jobsw': 'CMSSW_10_6_8', 'edmoutfiles': ['tree.root'], 'userfiles': [], 'primarydataset': '', 'inputdata': '/QCD_Pt-1000toInf_MuEnrichedPt5_TuneCP5_13TeV_pythia8/RunIISummer19UL17NanoAODv2-106X_mc2017_realistic_v8-v1/NANOAODSIM', 'ignorelocality': 0, 'dryrun': 0, 'workflow': 'crab_QCD_Pt1000toInf_v2', 'cacheurl': u'https://cmsweb.cern.ch:8443/crabcache', 'nonprodsw': 1, 'tfileoutfiles': [], 'oneEventMode': 0, 'debugfilename': '105be9ff397602212cd62a8440728a6a793f7314a3891c903732abdb8170dc39.tar.gz', 'saveoutput': 1, 'publication': 0, 'jobarch': 'slc7_amd64_gcc700', 'totalunits': 21, 'splitalgo': 'FileBased', 'ignoreglobalblacklist': 0, 'nonvaliddata': 0, 'dbsurl': 'https://cmsweb.cern.ch/dbs/prod/global/DBSReader', 'publishgroupname': 0, 'jobtype': 'Analysis', 'publishname2': 'QCD_Pt1000toInf_v2'} 
DEBUG 2021-03-10 18:06:19.357 UTC: 	 Encoded submit request: maxjobruntime=1250&lfn=%2Fstore%2Fuser%2Fachhetri%2FTprime_v5_NANo_AOD_106X&savelogsflag=1&useparent=0&scriptexe=crab_script_Tprime.sh&asyncdest=T3_CH_CERNBOX&algoargs=1&cachefilename=c29edb9fb60c309f0cb5765582b0749acc12040e1e10f94e161f75dc89f31141.tar.gz&numcores=1&generator=pythia&maxmemory=2000&publishdbsurl=https%3A%2F%2Fcmsweb.cern.ch%2Fdbs%2Fprod%2Fphys03%2FDBSWriter&priority=10&jobsw=CMSSW_10_6_8&primarydataset=&inputdata=%2FQCD_Pt-1000toInf_MuEnrichedPt5_TuneCP5_13TeV_pythia8%2FRunIISummer19UL17NanoAODv2-106X_mc2017_realistic_v8-v1%2FNANOAODSIM&ignorelocality=0&dryrun=0&workflow=crab_QCD_Pt1000toInf_v2&cacheurl=https%3A%2F%2Fcmsweb.cern.ch%3A8443%2Fcrabcache&nonprodsw=1&oneEventMode=0&debugfilename=105be9ff397602212cd62a8440728a6a793f7314a3891c903732abdb8170dc39.tar.gz&saveoutput=1&publication=0&jobarch=slc7_amd64_gcc700&totalunits=21&splitalgo=FileBased&ignoreglobalblacklist=0&nonvaliddata=0&dbsurl=https%3A%2F%2Fcmsweb.cern.ch%2Fdbs%2Fprod%2Fglobal%2FDBSReader&publishgroupname=0&jobtype=Analysis&publishname2=QCD_Pt1000toInf_v2&edmoutfiles=tree.root
DEBUG 2021-03-10 18:06:19.418 UTC: 	 Result: {u'result': [{u'RequestName': u'210310_180619:achhetri_crab_QCD_Pt1000toInf_v2'}]}
INFO 2021-03-10 18:06:19.421 UTC: 	 Success: Your task has been delivered to the prod CRAB3 server.
INFO 2021-03-10 18:06:19.422 UTC: 	 Task name: 210310_180619:achhetri_crab_QCD_Pt1000toInf_v2
INFO 2021-03-10 18:06:19.422 UTC: 	 Project dir: crab_Tprime_v5_NANo_AOD_106X/crab_QCD_Pt1000toInf_v2
INFO 2021-03-10 18:06:19.422 UTC: 	 Please use ' crab status -d crab_Tprime_v5_NANo_AOD_106X/crab_QCD_Pt1000toInf_v2 ' to check how the submission process proceeds.
DEBUG 2021-03-10 18:06:19.422 UTC: 	 About to return
DEBUG 2021-03-16 06:56:30.401 UTC: 	 CRAB Client version: v3.201110
DEBUG 2021-03-16 06:56:30.402 UTC: 	 Running on: Linux lxplus700.cern.ch 3.10.0-1160.15.2.el7.x86_64 #1 SMP Wed Feb 3 15:06:38 UTC 2021 x86_64 x86_64 x86_64 GNU/Linux - CentOS Linux 7 (Core)
DEBUG 2021-03-16 06:56:30.402 UTC: 	 Executing command: 'status'
DEBUG 2021-03-16 06:56:30.402 UTC: 	 Found CRAB cache file /afs/cern.ch/user/a/achhetri/.crab3
DEBUG 2021-03-16 06:56:30.500 UTC: 	 Checking credentials
DEBUG 2021-03-16 06:56:30.500 UTC: 	 Found proxy file /afs/cern.ch/user/a/achhetri/x509up_u94350
DEBUG 2021-03-16 06:56:30.500 UTC: 	 Getting proxy life time left
DEBUG 2021-03-16 06:56:31.108 UTC: 	 Executing : 
 command : voms-proxy-info -file /afs/cern.ch/user/a/achhetri/x509up_u94350 -timeleft
 output : 687225

 error: 
 retcode : 0
DEBUG 2021-03-16 06:56:31.716 UTC: 	 Executing : 
 command : voms-proxy-info -file /afs/cern.ch/user/a/achhetri/x509up_u94350 -actimeleft
 output : 687225

 error: 
 retcode : 0
DEBUG 2021-03-16 06:56:31.716 UTC: 	 Proxy valid for 190:53:45 hours
DEBUG 2021-03-16 06:56:31.832 UTC: 	 Registering user credentials for server /DC=ch/DC=cern/OU=computers/CN=vocms0105.cern.ch|/DC=ch/DC=cern/OU=computers/CN=crab-(preprod|prod|dev)-tw(02|01).cern.ch|/DC=ch/DC=cern/OU=computers/CN=(ddi|ddidk|mytw).cern.ch|/DC=ch/DC=cern/OU=computers/CN=stefanov(m|m2).cern.ch
DEBUG 2021-03-16 06:56:32.443 UTC: 	 Executing : 
 command : voms-proxy-info -file /afs/cern.ch/user/a/achhetri/x509up_u94350 -identity
 output : /DC=ch/DC=cern/OU=Organic Units/OU=Users/CN=achhetri/CN=804540/CN=Arjun Chhetri

 error: 
 retcode : 0
DEBUG 2021-03-16 06:56:32.449 UTC: 	 Getting myproxy life time left for myproxy.cern.ch
DEBUG 2021-03-16 06:56:32.449 UTC: 	 using eb0e67adc2dd9eb1770413a4ffd073f562b86f05 as credential login name
DEBUG 2021-03-16 06:56:32.753 UTC: 	 Executing : 
 command : myproxy-info -l eb0e67adc2dd9eb1770413a4ffd073f562b86f05 -s myproxy.cern.ch
 output : username: eb0e67adc2dd9eb1770413a4ffd073f562b86f05
owner: /DC=ch/DC=cern/OU=Organic Units/OU=Users/CN=achhetri/CN=804540/CN=Arjun Chhetri
  renewal policy: /DC=ch/DC=cern/OU=computers/CN=vocms0105.cern.ch|/DC=ch/DC=cern/OU=computers/CN=crab-(preprod|prod|dev)-tw(02|01).cern.ch|/DC=ch/DC=cern/OU=computers/CN=(ddi|ddidk|mytw).cern.ch|/DC=ch/DC=cern/OU=computers/CN=stefanov(m|m2).cern.ch
  trusted retrieval policy: /DC=ch/DC=cern/OU=computers/CN=vocms0105.cern.ch|/DC=ch/DC=cern/OU=computers/CN=crab-(preprod|prod|dev)-tw(02|01).cern.ch|/DC=ch/DC=cern/OU=computers/CN=(ddi|ddidk|mytw).cern.ch|/DC=ch/DC=cern/OU=computers/CN=stefanov(m|m2).cern.ch
  timeleft: 556:57:37  (23.2 days)

 error: 
 retcode : 0
DEBUG 2021-03-16 06:56:32.754 UTC: 	 Myproxy is valid: 2005057
DEBUG 2021-03-16 06:56:32.754 UTC: 	 Retrieving username ...
DEBUG 2021-03-16 06:56:32.754 UTC: 	 Retrieving username from CRIC...
DEBUG 2021-03-16 06:56:33.517 UTC: 	 username is achhetri
DEBUG 2021-03-16 06:56:33.524 UTC: 	 Getting myproxy life time left for myproxy.cern.ch
DEBUG 2021-03-16 06:56:33.524 UTC: 	 using achhetri_CRAB as credential login name
DEBUG 2021-03-16 06:56:33.828 UTC: 	 Executing : 
 command : myproxy-info -l achhetri_CRAB -s myproxy.cern.ch
 output : username: achhetri_CRAB
owner: /DC=ch/DC=cern/OU=Organic Units/OU=Users/CN=achhetri/CN=804540/CN=Arjun Chhetri
  renewal policy: /DC=ch/DC=cern/OU=computers/CN=vocms0105.cern.ch|/DC=ch/DC=cern/OU=computers/CN=crab-(preprod|prod|dev)-tw(02|01).cern.ch|/DC=ch/DC=cern/OU=computers/CN=(ddi|ddidk|mytw).cern.ch|/DC=ch/DC=cern/OU=computers/CN=stefanov(m|m2).cern.ch
  trusted retrieval policy: /DC=ch/DC=cern/OU=computers/CN=vocms0105.cern.ch|/DC=ch/DC=cern/OU=computers/CN=crab-(preprod|prod|dev)-tw(02|01).cern.ch|/DC=ch/DC=cern/OU=computers/CN=(ddi|ddidk|mytw).cern.ch|/DC=ch/DC=cern/OU=computers/CN=stefanov(m|m2).cern.ch
  timeleft: 193:55:07  (8.1 days)

 error: 
 retcode : 0
DEBUG 2021-03-16 06:56:33.828 UTC: 	 Myproxy is valid: 698107
DEBUG 2021-03-16 06:56:33.932 UTC: 	 Executing : 
 command : openssl x509 -noout -in ~/.globus/usercert.pem -dates
 output : notBefore=Nov 11 12:18:59 2020 GMT
notAfter=Dec 16 12:18:59 2021 GMT

 error: 
 retcode : 0
DEBUG 2021-03-16 06:56:33.936 UTC: 	 Delegating a myproxy for 720:00 hours
DEBUG 2021-03-16 06:56:33.936 UTC: 	 using achhetri_CRAB as credential login name
DEBUG 2021-03-16 06:56:35.243 UTC: 	 Executing : 
 command : export GT_PROXY_MODE=rfc ; myproxy-init -d -n -s myproxy.cern.ch -x -R '/DC=ch/DC=cern/OU=computers/CN=vocms0105.cern.ch|/DC=ch/DC=cern/OU=computers/CN=crab-(preprod|prod|dev)-tw(02|01).cern.ch|/DC=ch/DC=cern/OU=computers/CN=(ddi|ddidk|mytw).cern.ch|/DC=ch/DC=cern/OU=computers/CN=stefanov(m|m2).cern.ch' -x -Z '/DC=ch/DC=cern/OU=computers/CN=vocms0105.cern.ch|/DC=ch/DC=cern/OU=computers/CN=crab-(preprod|prod|dev)-tw(02|01).cern.ch|/DC=ch/DC=cern/OU=computers/CN=(ddi|ddidk|mytw).cern.ch|/DC=ch/DC=cern/OU=computers/CN=stefanov(m|m2).cern.ch' -l 'achhetri_CRAB' -t 168:00 -c 720:00
 output : Your identity: /DC=ch/DC=cern/OU=Organic Units/OU=Users/CN=achhetri/CN=804540/CN=Arjun Chhetri

 error: Error: Couldn't read user key in /afs/cern.ch/user/a/achhetri/.globus/userkey.pem.
Use -debug for further information.
grid-proxy-init failed

 retcode : 1
DEBUG 2021-03-16 06:56:35.243 UTC: 	 using achhetri_CRAB as credential login name
DEBUG 2021-03-16 06:56:35.548 UTC: 	 Executing : 
 command : myproxy-info -l achhetri_CRAB -s myproxy.cern.ch
 output : username: achhetri_CRAB
owner: /DC=ch/DC=cern/OU=Organic Units/OU=Users/CN=achhetri/CN=804540/CN=Arjun Chhetri
  renewal policy: /DC=ch/DC=cern/OU=computers/CN=vocms0105.cern.ch|/DC=ch/DC=cern/OU=computers/CN=crab-(preprod|prod|dev)-tw(02|01).cern.ch|/DC=ch/DC=cern/OU=computers/CN=(ddi|ddidk|mytw).cern.ch|/DC=ch/DC=cern/OU=computers/CN=stefanov(m|m2).cern.ch
  trusted retrieval policy: /DC=ch/DC=cern/OU=computers/CN=vocms0105.cern.ch|/DC=ch/DC=cern/OU=computers/CN=crab-(preprod|prod|dev)-tw(02|01).cern.ch|/DC=ch/DC=cern/OU=computers/CN=(ddi|ddidk|mytw).cern.ch|/DC=ch/DC=cern/OU=computers/CN=stefanov(m|m2).cern.ch
  timeleft: 193:55:05  (8.1 days)

 error: 
 retcode : 0
DEBUG 2021-03-16 06:56:35.548 UTC: 	 My-proxy delegated.
DEBUG 2021-03-16 06:56:35.549 UTC: 	 Result of myproxy credential check:
  Credential exists on myproxy: username: eb0e67adc2dd9eb1770413a4ffd073f562b86f05  - validity: 23 days, 4:57:37
  Credential exists on myproxy: username: achhetri_CRAB  - validity: 8 days, 1:55:05
DEBUG 2021-03-16 06:56:35.549 UTC: 	 Command use: status
DEBUG 2021-03-16 06:56:35.549 UTC: 	 Options use: ['-d', 'crab_Tprime_v5_NANo_AOD_106X/crab_QCD_Pt1000toInf_v2/']
DEBUG 2021-03-16 06:56:35.656 UTC: 	 CRABClient version: v3.201110
DEBUG 2021-03-16 06:56:35.656 UTC: 	 Instance is prod
DEBUG 2021-03-16 06:56:35.656 UTC: 	 Server base url is cmsweb-k8s-prod.cern.ch
DEBUG 2021-03-16 06:56:35.656 UTC: 	 Command url /crabserver/prod/workflow
DEBUG 2021-03-16 06:56:35.736 UTC: 	 Got information from server oracle database: {u'result': [u'210310_180619:achhetri_crab_QCD_Pt1000toInf_v2', u'None', u'None', u'SUBMITTED', u'SUBMIT', u'2021-03-10 18:06:19.412309', u'None', u'2021-03-10 18:07:14.873383', u'None', u'CMSSW_10_6_8', u'slc7_amd64_gcc700', u'/QCD_Pt-1000toInf_MuEnrichedPt5_TuneCP5_13TeV_pythia8/RunIISummer19UL17NanoAODv2-106X_mc2017_realistic_v8-v1/NANOAODSIM', u'F', u'0', u'[]', u'[]', u'FileBased', u"{'splitOnRun': False, 'halt_job_on_file_boundaries': False, 'files_per_job': 1, 'runs': [], 'lumis': []}", u'c29edb9fb60c309f0cb5765582b0749acc12040e1e10f94e161f75dc89f31141.tar.gz', u'https://cmsweb.cern.ch:8443/crabcache', u'achhetri', u'/DC=ch/DC=cern/OU=Organic Units/OU=Users/CN=achhetri/CN=804540/CN=Arjun Chhetri', u'cms', u'None', u'None', u'QCD_Pt1000toInf_v2-00000000000000000000000000000000', u'F', u'T3_CH_CERNBOX', u'https://cmsweb.cern.ch/dbs/prod/global/DBSReader', u'https://cmsweb.cern.ch/dbs/prod/phys03/DBSWriter', u'F', u'[]', u'[]', u"['tree.root']", u'Analysis', u'pythia', u'None', u'{}', u'[]', u'T', u'crab-prod-tw01', u'[]', u'1250', u'1', u'2000', u'10', u"['/QCD_Pt-1000toInf_MuEnrichedPt5_TuneCP5_13TeV_pythia8/achhetri-QCD_Pt1000toInf_v2-5d8f93ee2ba2db6b402c7167473e2950/USER']", u'[]', u'http://vocms0197.cern.ch/mon/cms341/210310_180619:achhetri_crab_QCD_Pt1000toInf_v2', u'crab_script_Tprime.sh', u'[]', u'[]', u'https://cmsweb.cern.ch/crabserver/prod', u'cmsgwms-collector-global.cern.ch:9620,cmsgwms-collector-global.fnal.gov', u'crab3@vocms0197.cern.ch', u'F', u'[]', u'T', u'/store/user/achhetri/Tprime_v5_NANo_AOD_106X', u'F', u'None', u'F', u'None', u'QCD_Pt-1000toInf_MuEnrichedPt5_TuneCP5_13TeV_pythia8', u'None', u'105be9ff397602212cd62a8440728a6a793f7314a3891c903732abdb8170dc39.tar.gz', u'62537576', u'filetransfers', u'F', u'188.185.90.95', u'21.0', u'None'], u'desc': {u'columns': [u'tm_taskname', u'tm_activity', u'panda_jobset_id', u'tm_task_status', u'tm_task_command', u'tm_start_time', u'tm_start_injection', u'tm_end_injection', u'tm_task_failure', u'tm_job_sw', u'tm_job_arch', u'tm_input_dataset', u'tm_nonvalid_input_dataset', u'tm_use_parent', u'tm_site_whitelist', u'tm_site_blacklist', u'tm_split_algo', u'tm_split_args', u'tm_user_sandbox', u'tm_cache_url', u'tm_username', u'tm_user_dn', u'tm_user_vo', u'tm_user_role', u'tm_user_group', u'tm_publish_name', u'tm_publish_groupname', u'tm_asyncdest', u'tm_dbs_url', u'tm_publish_dbs_url', u'tm_publication', u'tm_outfiles', u'tm_tfile_outfiles', u'tm_edm_outfiles', u'tm_job_type', u'tm_generator', u'tm_events_per_lumi', u'tm_arguments', u'panda_resubmitted_jobs', u'tm_save_logs', u'tw_name', u'tm_user_infiles', u'tm_maxjobruntime', u'tm_numcores', u'tm_maxmemory', u'tm_priority', u'tm_output_dataset', u'tm_task_warnings', u'tm_user_webdir', u'tm_scriptexe', u'tm_scriptargs', u'tm_extrajdl', u'tm_asourl', u'tm_collector', u'tm_schedd', u'tm_dry_run', u'tm_user_files', u'tm_transfer_outputs', u'tm_output_lfn', u'tm_ignore_locality', u'tm_fail_limit', u'tm_one_event_mode', u'tm_secondary_input_dataset', u'tm_primary_dataset', u'tm_last_publication', u'tm_debug_files', u'clusterid', u'tm_asodb', u'tm_ignore_global_blacklist', u'tm_submitter_ip_addr', u'tm_totalunits', u'tm_ddm_reqid']}}
INFO 2021-03-16 06:56:35.736 UTC: 	 CRAB project directory:		/afs/cern.ch/work/a/achhetri/NANO_AOD/CMSSW_10_6_8/src/WTopScalefactorProducer/Skimmer/NANOcrab/crab_Tprime_v5_NANo_AOD_106X/crab_QCD_Pt1000toInf_v2
INFO 2021-03-16 06:56:35.736 UTC: 	 Task name:			210310_180619:achhetri_crab_QCD_Pt1000toInf_v2
INFO 2021-03-16 06:56:35.736 UTC: 	 Grid scheduler - Task Worker:	crab3@vocms0197.cern.ch - crab-prod-tw01
INFO 2021-03-16 06:56:35.736 UTC: 	 Status on the CRAB server:	SUBMITTED
INFO 2021-03-16 06:56:35.736 UTC: 	 Task URL to use for HELP:	https://cmsweb-k8s-prod.cern.ch/crabserver/ui/task/210310_180619%3Aachhetri_crab_QCD_Pt1000toInf_v2
INFO 2021-03-16 06:56:35.737 UTC: 	 Dashboard monitoring URL:	https://monit-grafana.cern.ch/d/cmsTMDetail/cms-task-monitoring-task-view?orgId=11&var-user=achhetri&var-task=210310_180619%3Aachhetri_crab_QCD_Pt1000toInf_v2&from=1615395979000&to=now
INFO 2021-03-16 06:56:35.738 UTC: 	 In case of issues with the dashboard, please provide feedback to hn-cms-computing-tools@cern.ch
DEBUG 2021-03-16 06:56:35.738 UTC: 	 The CRAB server submitted your task to the Grid scheduler (cluster ID: 62537576)
DEBUG 2021-03-16 06:56:35.738 UTC: 	 Webdir is located at http://vocms0197.cern.ch/mon/cms341/210310_180619:achhetri_crab_QCD_Pt1000toInf_v2
DEBUG 2021-03-16 06:56:35.853 UTC: 	 Proxied webdir is located at https://cmsweb.cern.ch:8443/scheddmon/0197/cms341/210310_180619:achhetri_crab_QCD_Pt1000toInf_v2
DEBUG 2021-03-16 06:56:35.853 UTC: 	 Retrieving 'status_cache' file from https://cmsweb.cern.ch:8443/scheddmon/0197/cms341/210310_180619:achhetri_crab_QCD_Pt1000toInf_v2/status_cache
DEBUG 2021-03-16 06:56:36.067 UTC: 	 Got information from status cache file: {'20': {'Retries': 1, 'WallDurations': [8.0, 116.26283502578735, 5992.0, 10.0, 55.8233060836792, 25934.0], 'StartTimes': [1615399903.0, 1615409937.0], 'SubmitTimes': [1615399656.0, 1615409567.0], 'JobIds': ['62537599.0', '62538079.0'], 'EndTimes': [1615405895.0, 1615435871.0], 'Restarts': 0, 'RecordedSite': True, 'State': 'finished', 'ResidentSetSize': [605304, 648804], 'TotalUserCpuTimeHistory': [5187, 8696], 'SiteHistory': ['Unknown', 'T2_UK_SGrid_RALPP', 'T2_UK_SGrid_RALPP', 'Unknown', 'T2_US_Wisconsin', 'T2_US_Wisconsin'], 'TotalSysCpuTimeHistory': [424, 497]}, '21': {'Retries': 1, 'WallDurations': [8.0, 129.26283502578735, 6368.0, 8.0, 281.83055996894836, 11191.0], 'StartTimes': [1615399890.0, 1615410013.0], 'SubmitTimes': [1615399656.0, 1615409934.0], 'JobIds': ['62537600.0', '62538177.0'], 'EndTimes': [1615406258.0, 1615421204.0], 'Restarts': 0, 'RecordedSite': True, 'State': 'finished', 'ResidentSetSize': [669440, 708424], 'TotalUserCpuTimeHistory': [5945, 10408], 'SiteHistory': ['Unknown', 'T2_DE_RWTH', 'T2_DE_RWTH', 'Unknown', 'T2_DE_RWTH', 'T2_DE_RWTH'], 'TotalSysCpuTimeHistory': [278, 560]}, '1': {'Retries': 0, 'WallDurations': [8.0, 130.26283502578735, 2069.0], 'StartTimes': [1615399889.0], 'SubmitTimes': [1615399643.0], 'JobIds': ['62537579.0'], 'EndTimes': [1615401958.0], 'Restarts': 0, 'RecordedSite': True, 'State': 'finished', 'ResidentSetSize': [569836], 'TotalUserCpuTimeHistory': [2139], 'SiteHistory': ['Unknown', 'T2_FR_GRIF_LLR', 'T2_FR_GRIF_LLR'], 'TotalSysCpuTimeHistory': [789]}, '3': {'Retries': 0, 'WallDurations': [8.0, 124.26283502578735, 9095.0], 'StartTimes': [1615399895.0], 'SubmitTimes': [1615399643.0], 'JobIds': ['62537581.0'], 'EndTimes': [1615408990.0], 'Restarts': 0, 'RecordedSite': True, 'State': 'finished', 'ResidentSetSize': [623260], 'TotalUserCpuTimeHistory': [8433], 'SiteHistory': ['Unknown', 'T2_IT_Legnaro', 'T2_IT_Legnaro'], 'TotalSysCpuTimeHistory': [482]}, '2': {'Retries': 0, 'WallDurations': [9.0, 127.26283502578735, 3296.0], 'StartTimes': [1615399892.0], 'SubmitTimes': [1615399643.0], 'JobIds': ['62537580.0'], 'EndTimes': [1615403188.0], 'Restarts': 0, 'RecordedSite': True, 'State': 'finished', 'ResidentSetSize': [593596], 'TotalUserCpuTimeHistory': [2381], 'SiteHistory': ['Unknown', 'T3_UK_London_QMUL', 'T3_UK_London_QMUL'], 'TotalSysCpuTimeHistory': [96]}, '5': {'Retries': 1, 'WallDurations': [9.0, 127.26283502578735, 14416.0, 9.0, 6412.0], 'StartTimes': [1615399892.0, 1615416334.0], 'SubmitTimes': [1615399645.0, 1615416177.0], 'JobIds': ['62537583.0', '62539837.0'], 'EndTimes': [1615414308.0, 1615422746.0], 'Restarts': 0, 'RecordedSite': True, 'State': 'finished', 'ResidentSetSize': [614616, 656756], 'TotalUserCpuTimeHistory': [9162, 5441], 'SiteHistory': ['Unknown', 'T2_IT_Bari', 'T2_IT_Bari', 'T1_UK_RAL', 'T1_UK_RAL'], 'TotalSysCpuTimeHistory': [652, 837]}, '4': {'Retries': 0, 'WallDurations': [9.0, 125.26283502578735, 15868.0], 'StartTimes': [1615399894.0], 'SubmitTimes': [1615399644.0], 'JobIds': ['62537582.0'], 'EndTimes': [1615415762.0], 'Restarts': 0, 'RecordedSite': True, 'State': 'finished', 'ResidentSetSize': [655540], 'TotalUserCpuTimeHistory': [14662], 'SiteHistory': ['Unknown', 'T2_IT_Legnaro', 'T2_IT_Legnaro'], 'TotalSysCpuTimeHistory': [830]}, '7': {'Retries': 1, 'WallDurations': [8.0, 125.26283502578735, 6305.0, 8.0, 29728.0], 'StartTimes': [1615399894.0, 1615409960.0], 'SubmitTimes': [1615399645.0, 1615409873.0], 'JobIds': ['62537584.0', '62538176.0'], 'EndTimes': [1615406199.0, 1615439688.0], 'Restarts': 0, 'RecordedSite': True, 'State': 'finished', 'ResidentSetSize': [664288, 755096], 'TotalUserCpuTimeHistory': [5539, 5521], 'SiteHistory': ['Unknown', 'T2_UK_SGrid_RALPP', 'T2_UK_SGrid_RALPP', 'T2_US_Florida', 'T2_US_Florida'], 'TotalSysCpuTimeHistory': [282, 152]}, '6': {'Retries': 1, 'WallDurations': [8.0, 129.26283502578735, 5500.0, 9.0, 117.71129393577576, 7000.0], 'StartTimes': [1615399890.0, 1615407755.0], 'SubmitTimes': [1615399645.0, 1615407267.0], 'JobIds': ['62537585.0', '62537869.0'], 'EndTimes': [1615405390.0, 1615414755.0], 'Restarts': 0, 'RecordedSite': True, 'State': 'finished', 'ResidentSetSize': [626484, 610052], 'TotalUserCpuTimeHistory': [4719, 6591], 'SiteHistory': ['Unknown', 'T2_UK_London_IC', 'T2_UK_London_IC', 'Unknown', 'T2_US_MIT', 'T2_US_MIT'], 'TotalSysCpuTimeHistory': [300, 240]}, '9': {'Retries': 0, 'WallDurations': [9.0, 121.26283502578735, 48599.0], 'StartTimes': [1615399898.0], 'SubmitTimes': [1615399646.0], 'JobIds': ['62537586.0'], 'EndTimes': [1615448497.0], 'Restarts': 0, 'RecordedSite': True, 'State': 'finished', 'ResidentSetSize': [692076], 'TotalUserCpuTimeHistory': [8565], 'SiteHistory': ['Unknown', 'T2_UK_SGrid_RALPP', 'T2_UK_SGrid_RALPP'], 'TotalSysCpuTimeHistory': [523]}, '8': {'Retries': 0, 'WallDurations': [8.0, 126.26283502578735, 22272.0], 'StartTimes': [1615399893.0], 'SubmitTimes': [1615399646.0], 'JobIds': ['62537587.0'], 'EndTimes': [1615422165.0], 'Restarts': 0, 'RecordedSite': True, 'State': 'finished', 'ResidentSetSize': [644096], 'TotalUserCpuTimeHistory': [14476], 'SiteHistory': ['Unknown', 'T3_UK_London_QMUL', 'T3_UK_London_QMUL'], 'TotalSysCpuTimeHistory': [608]}, '11': {'Retries': 1, 'WallDurations': [10.0, 127.26283502578735, 9460.0, 9.0, 34287.0], 'StartTimes': [1615399892.0, 1615413261.0], 'SubmitTimes': [1615399647.0, 1615413029.0], 'JobIds': ['62537589.0', '62539670.0'], 'EndTimes': [1615409352.0, 1615447548.0], 'Restarts': 0, 'RecordedSite': True, 'State': 'finished', 'ResidentSetSize': [621656, 696520], 'TotalUserCpuTimeHistory': [8497, 11002], 'SiteHistory': ['Unknown', 'T2_UK_SGrid_RALPP', 'T2_UK_SGrid_RALPP', 'T2_US_Wisconsin', 'T2_US_Wisconsin'], 'TotalSysCpuTimeHistory': [459, 677]}, '10': {'Retries': 1, 'WallDurations': [8.0, 122.26283502578735, 11756.0, 9.0, 15.15966010093689, 17082.0], 'StartTimes': [1615399897.0, 1615413909.0], 'SubmitTimes': [1615399646.0, 1615413526.0], 'JobIds': ['62537588.0', '62539691.0'], 'EndTimes': [1615411653.0, 1615430991.0], 'Restarts': 0, 'RecordedSite': True, 'State': 'finished', 'ResidentSetSize': [638124, 631388], 'TotalUserCpuTimeHistory': [10324, 11519], 'SiteHistory': ['Unknown', 'T2_UK_SGrid_RALPP', 'T2_UK_SGrid_RALPP', 'Unknown', 'T3_UK_London_QMUL', 'T3_UK_London_QMUL'], 'TotalSysCpuTimeHistory': [853, 458]}, '13': {'Retries': 2, 'WallDurations': [8.0, 127.26283502578735, 8809.0, 9.0, 150.68800806999207, 10922.0, 9.0, 249.07569694519043, 26896.0], 'StartTimes': [1615399892.0, 1615411054.0, 1615424255.0], 'SubmitTimes': [1615399653.0, 1615410571.0, 1615423912.0], 'JobIds': ['62537594.0', '62538923.0', '62544982.0'], 'EndTimes': [1615408701.0, 1615421976.0, 1615451151.0], 'Restarts': 0, 'RecordedSite': True, 'State': 'finished', 'ResidentSetSize': [633116, 614908, 620340], 'TotalUserCpuTimeHistory': [6625, 9645, 7749], 'SiteHistory': ['Unknown', 'T2_UK_London_IC', 'T2_UK_London_IC', 'Unknown', 'T1_US_FNAL', 'T1_US_FNAL', 'Unknown', 'T2_US_MIT', 'T2_US_MIT'], 'TotalSysCpuTimeHistory': [455, 1100, 461]}, '12': {'Retries': 1, 'WallDurations': [8.0, 117.26283502578735, 5591.0, 9.0, 199.71129393577576, 6890.0], 'StartTimes': [1615399902.0, 1615407673.0], 'SubmitTimes': [1615399647.0, 1615407374.0], 'JobIds': ['62537590.0', '62537888.0'], 'EndTimes': [1615405493.0, 1615414563.0], 'Restarts': 0, 'RecordedSite': True, 'State': 'finished', 'ResidentSetSize': [654448, 698724], 'TotalUserCpuTimeHistory': [4701, 6363], 'SiteHistory': ['Unknown', 'T2_UK_SGrid_RALPP', 'T2_UK_SGrid_RALPP', 'Unknown', 'T2_DE_RWTH', 'T2_DE_RWTH'], 'TotalSysCpuTimeHistory': [283, 380]}, '15': {'Retries': 0, 'WallDurations': [8.0, 124.26283502578735, 9579.0], 'StartTimes': [1615399895.0], 'SubmitTimes': [1615399648.0], 'JobIds': ['62537592.0'], 'EndTimes': [1615409474.0], 'Restarts': 0, 'RecordedSite': True, 'State': 'finished', 'ResidentSetSize': [623440], 'TotalUserCpuTimeHistory': [8371], 'SiteHistory': ['Unknown', 'T2_UK_London_IC', 'T2_UK_London_IC'], 'TotalSysCpuTimeHistory': [686]}, '14': {'Retries': 0, 'WallDurations': [9.0, 126.26283502578735, 14008.0], 'StartTimes': [1615399893.0], 'SubmitTimes': [1615399647.0], 'JobIds': ['62537591.0'], 'EndTimes': [1615413901.0], 'Restarts': 0, 'RecordedSite': True, 'State': 'finished', 'ResidentSetSize': [633500], 'TotalUserCpuTimeHistory': [10427], 'SiteHistory': ['Unknown', 'T3_UK_London_QMUL', 'T3_UK_London_QMUL'], 'TotalSysCpuTimeHistory': [424]}, '17': {'Retries': 0, 'WallDurations': [8.0, 124.26283502578735, 10631.0, 0, 16534.0], 'StartTimes': [1615399895.0, 1615411069.0], 'SubmitTimes': [1615399655.0, -1], 'JobIds': ['62537597.0', '62537597.0'], 'EndTimes': [1615410526.0, 1615427603.0], 'Restarts': 1, 'RecordedSite': True, 'State': 'finished', 'ResidentSetSize': [610828, 0], 'TotalUserCpuTimeHistory': [7411.0, 21736], 'SiteHistory': ['Unknown', 'T2_BE_IIHE', 'T2_BE_IIHE', 'Unknown', 'T1_US_FNAL'], 'TotalSysCpuTimeHistory': [469.0, 2286]}, '16': {'Retries': 0, 'WallDurations': [9.0, 126.26283502578735, 7357.0, 0, 152.71129393577576], 'StartTimes': [1615399893.0, 1615407720.0], 'SubmitTimes': [1615399653.0, -1], 'JobIds': ['62537595.0', '62537595.0'], 'EndTimes': [1615407250.0], 'Restarts': 1, 'RecordedSite': True, 'State': 'failed', 'ResidentSetSize': [644640, 0], 'Error': [50664, 'Not retrying job due to wall clock limit (job automatically killed on the worker node)', {}], 'TotalUserCpuTimeHistory': [4381.0, 14264.0], 'SiteHistory': ['Unknown', 'T2_BE_IIHE', 'T2_BE_IIHE', 'Unknown', 'T1_UK_RAL'], 'TotalSysCpuTimeHistory': [242.0, 23246.0]}, '19': {'Retries': 0, 'WallDurations': [10.0, 128.26283502578735, 10665.0], 'StartTimes': [1615399891.0], 'SubmitTimes': [1615399656.0], 'JobIds': ['62537598.0'], 'EndTimes': [1615410556.0], 'Restarts': 0, 'RecordedSite': True, 'State': 'finished', 'ResidentSetSize': [662364], 'TotalUserCpuTimeHistory': [9958], 'SiteHistory': ['Unknown', 'T2_ES_CIEMAT', 'T2_ES_CIEMAT'], 'TotalSysCpuTimeHistory': [515]}, '18': {'Retries': 0, 'WallDurations': [8.0, 123.26283502578735, 11870.0, 0, 19753.0], 'StartTimes': [1615399896.0, 1615412070.0], 'SubmitTimes': [1615399654.0, -1], 'JobIds': ['62537596.0', '62537596.0'], 'EndTimes': [1615411766.0, 1615431823.0], 'Restarts': 1, 'RecordedSite': True, 'State': 'finished', 'ResidentSetSize': [630004, 750000], 'TotalUserCpuTimeHistory': [8435.0, 19000], 'SiteHistory': ['Unknown', 'T2_BE_IIHE', 'T2_BE_IIHE', 'Unknown', 'T3_UK_ScotGrid_GLA'], 'TotalSysCpuTimeHistory': [562.0, 982]}}
INFO 2021-03-16 06:56:36.067 UTC: 	 Status on the scheduler:	FAILED
INFO 2021-03-16 06:56:36.067 UTC: 	 
Jobs status:                    failed       		  4.8% ( 1/21)
INFO 2021-03-16 06:56:36.067 UTC: 	 				finished     		 95.2% (20/21)
INFO 2021-03-16 06:56:36.068 UTC: 	 
No publication information (publication has been disabled in the CRAB configuration file)
INFO 2021-03-16 06:56:36.068 UTC: 	 
Error Summary: (use crab status --verboseErrors for details about the errors)

 1 jobs failed with exit code 50664

Have a look at https://twiki.cern.ch/twiki/bin/viewauth/CMSPublic/JobExitCodes for a description of the exit codes.
INFO 2021-03-16 06:56:36.068 UTC: 	 
Summary of run jobs:
 * Memory: 0MB min, 737MB max, 580MB ave
 * Runtime: 0:02:32 min, 13:29:59 max, 4:27:42 ave
 * CPU eff: 19% min, 24563% max, 72% ave
 * Waste: 33:02:22 (26% of total)

INFO 2021-03-16 06:56:36.421 UTC: 	 Log file is /afs/cern.ch/work/a/achhetri/NANO_AOD/CMSSW_10_6_8/src/WTopScalefactorProducer/Skimmer/NANOcrab/crab_Tprime_v5_NANo_AOD_106X/crab_QCD_Pt1000toInf_v2/crab.log
DEBUG 2021-03-16 06:56:52.080 UTC: 	 CRAB Client version: v3.201110
DEBUG 2021-03-16 06:56:52.081 UTC: 	 Running on: Linux lxplus700.cern.ch 3.10.0-1160.15.2.el7.x86_64 #1 SMP Wed Feb 3 15:06:38 UTC 2021 x86_64 x86_64 x86_64 GNU/Linux - CentOS Linux 7 (Core)
DEBUG 2021-03-16 06:56:52.081 UTC: 	 Executing command: 'resubmit'
DEBUG 2021-03-16 06:56:52.081 UTC: 	 Found CRAB cache file /afs/cern.ch/user/a/achhetri/.crab3
DEBUG 2021-03-16 06:56:52.154 UTC: 	 Checking credentials
DEBUG 2021-03-16 06:56:52.154 UTC: 	 Found proxy file /afs/cern.ch/user/a/achhetri/x509up_u94350
DEBUG 2021-03-16 06:56:52.154 UTC: 	 Getting proxy life time left
DEBUG 2021-03-16 06:56:52.759 UTC: 	 Executing : 
 command : voms-proxy-info -file /afs/cern.ch/user/a/achhetri/x509up_u94350 -timeleft
 output : 687204

 error: 
 retcode : 0
DEBUG 2021-03-16 06:56:53.365 UTC: 	 Executing : 
 command : voms-proxy-info -file /afs/cern.ch/user/a/achhetri/x509up_u94350 -actimeleft
 output : 687203

 error: 
 retcode : 0
DEBUG 2021-03-16 06:56:53.365 UTC: 	 Proxy lifetime 687204 secs is different from voms extension lifetime 687203 secs for proxy: /afs/cern.ch/user/a/achhetri/x509up_u94350
DEBUG 2021-03-16 06:56:53.365 UTC: 	 Proxy valid for 190:53:23 hours
DEBUG 2021-03-16 06:56:53.428 UTC: 	 Registering user credentials for server /DC=ch/DC=cern/OU=computers/CN=vocms0105.cern.ch|/DC=ch/DC=cern/OU=computers/CN=crab-(preprod|prod|dev)-tw(02|01).cern.ch|/DC=ch/DC=cern/OU=computers/CN=(ddi|ddidk|mytw).cern.ch|/DC=ch/DC=cern/OU=computers/CN=stefanov(m|m2).cern.ch
DEBUG 2021-03-16 06:56:54.039 UTC: 	 Executing : 
 command : voms-proxy-info -file /afs/cern.ch/user/a/achhetri/x509up_u94350 -identity
 output : /DC=ch/DC=cern/OU=Organic Units/OU=Users/CN=achhetri/CN=804540/CN=Arjun Chhetri

 error: 
 retcode : 0
DEBUG 2021-03-16 06:56:54.047 UTC: 	 Getting myproxy life time left for myproxy.cern.ch
DEBUG 2021-03-16 06:56:54.047 UTC: 	 using eb0e67adc2dd9eb1770413a4ffd073f562b86f05 as credential login name
DEBUG 2021-03-16 06:56:54.351 UTC: 	 Executing : 
 command : myproxy-info -l eb0e67adc2dd9eb1770413a4ffd073f562b86f05 -s myproxy.cern.ch
 output : username: eb0e67adc2dd9eb1770413a4ffd073f562b86f05
owner: /DC=ch/DC=cern/OU=Organic Units/OU=Users/CN=achhetri/CN=804540/CN=Arjun Chhetri
  renewal policy: /DC=ch/DC=cern/OU=computers/CN=vocms0105.cern.ch|/DC=ch/DC=cern/OU=computers/CN=crab-(preprod|prod|dev)-tw(02|01).cern.ch|/DC=ch/DC=cern/OU=computers/CN=(ddi|ddidk|mytw).cern.ch|/DC=ch/DC=cern/OU=computers/CN=stefanov(m|m2).cern.ch
  trusted retrieval policy: /DC=ch/DC=cern/OU=computers/CN=vocms0105.cern.ch|/DC=ch/DC=cern/OU=computers/CN=crab-(preprod|prod|dev)-tw(02|01).cern.ch|/DC=ch/DC=cern/OU=computers/CN=(ddi|ddidk|mytw).cern.ch|/DC=ch/DC=cern/OU=computers/CN=stefanov(m|m2).cern.ch
  timeleft: 556:57:15  (23.2 days)

 error: 
 retcode : 0
DEBUG 2021-03-16 06:56:54.352 UTC: 	 Myproxy is valid: 2005035
DEBUG 2021-03-16 06:56:54.353 UTC: 	 Retrieving username ...
DEBUG 2021-03-16 06:56:54.353 UTC: 	 Retrieving username from CRIC...
DEBUG 2021-03-16 06:56:55.192 UTC: 	 username is achhetri
DEBUG 2021-03-16 06:56:55.198 UTC: 	 Getting myproxy life time left for myproxy.cern.ch
DEBUG 2021-03-16 06:56:55.198 UTC: 	 using achhetri_CRAB as credential login name
DEBUG 2021-03-16 06:56:55.502 UTC: 	 Executing : 
 command : myproxy-info -l achhetri_CRAB -s myproxy.cern.ch
 output : username: achhetri_CRAB
owner: /DC=ch/DC=cern/OU=Organic Units/OU=Users/CN=achhetri/CN=804540/CN=Arjun Chhetri
  renewal policy: /DC=ch/DC=cern/OU=computers/CN=vocms0105.cern.ch|/DC=ch/DC=cern/OU=computers/CN=crab-(preprod|prod|dev)-tw(02|01).cern.ch|/DC=ch/DC=cern/OU=computers/CN=(ddi|ddidk|mytw).cern.ch|/DC=ch/DC=cern/OU=computers/CN=stefanov(m|m2).cern.ch
  trusted retrieval policy: /DC=ch/DC=cern/OU=computers/CN=vocms0105.cern.ch|/DC=ch/DC=cern/OU=computers/CN=crab-(preprod|prod|dev)-tw(02|01).cern.ch|/DC=ch/DC=cern/OU=computers/CN=(ddi|ddidk|mytw).cern.ch|/DC=ch/DC=cern/OU=computers/CN=stefanov(m|m2).cern.ch
  timeleft: 193:54:45  (8.1 days)

 error: 
 retcode : 0
DEBUG 2021-03-16 06:56:55.503 UTC: 	 Myproxy is valid: 698085
DEBUG 2021-03-16 06:56:55.607 UTC: 	 Executing : 
 command : openssl x509 -noout -in ~/.globus/usercert.pem -dates
 output : notBefore=Nov 11 12:18:59 2020 GMT
notAfter=Dec 16 12:18:59 2021 GMT

 error: 
 retcode : 0
DEBUG 2021-03-16 06:56:55.610 UTC: 	 Delegating a myproxy for 720:00 hours
DEBUG 2021-03-16 06:56:55.611 UTC: 	 using achhetri_CRAB as credential login name
DEBUG 2021-03-16 06:57:02.329 UTC: 	 Executing : 
 command : export GT_PROXY_MODE=rfc ; myproxy-init -d -n -s myproxy.cern.ch -x -R '/DC=ch/DC=cern/OU=computers/CN=vocms0105.cern.ch|/DC=ch/DC=cern/OU=computers/CN=crab-(preprod|prod|dev)-tw(02|01).cern.ch|/DC=ch/DC=cern/OU=computers/CN=(ddi|ddidk|mytw).cern.ch|/DC=ch/DC=cern/OU=computers/CN=stefanov(m|m2).cern.ch' -x -Z '/DC=ch/DC=cern/OU=computers/CN=vocms0105.cern.ch|/DC=ch/DC=cern/OU=computers/CN=crab-(preprod|prod|dev)-tw(02|01).cern.ch|/DC=ch/DC=cern/OU=computers/CN=(ddi|ddidk|mytw).cern.ch|/DC=ch/DC=cern/OU=computers/CN=stefanov(m|m2).cern.ch' -l 'achhetri_CRAB' -t 168:00 -c 720:00
 output : Your identity: /DC=ch/DC=cern/OU=Organic Units/OU=Users/CN=achhetri/CN=804540/CN=Arjun Chhetri

 error: Error: Couldn't read user key in /afs/cern.ch/user/a/achhetri/.globus/userkey.pem.
Use -debug for further information.
grid-proxy-init failed

 retcode : 1
DEBUG 2021-03-16 06:57:02.329 UTC: 	 using achhetri_CRAB as credential login name
DEBUG 2021-03-16 06:57:02.633 UTC: 	 Executing : 
 command : myproxy-info -l achhetri_CRAB -s myproxy.cern.ch
 output : username: achhetri_CRAB
owner: /DC=ch/DC=cern/OU=Organic Units/OU=Users/CN=achhetri/CN=804540/CN=Arjun Chhetri
  renewal policy: /DC=ch/DC=cern/OU=computers/CN=vocms0105.cern.ch|/DC=ch/DC=cern/OU=computers/CN=crab-(preprod|prod|dev)-tw(02|01).cern.ch|/DC=ch/DC=cern/OU=computers/CN=(ddi|ddidk|mytw).cern.ch|/DC=ch/DC=cern/OU=computers/CN=stefanov(m|m2).cern.ch
  trusted retrieval policy: /DC=ch/DC=cern/OU=computers/CN=vocms0105.cern.ch|/DC=ch/DC=cern/OU=computers/CN=crab-(preprod|prod|dev)-tw(02|01).cern.ch|/DC=ch/DC=cern/OU=computers/CN=(ddi|ddidk|mytw).cern.ch|/DC=ch/DC=cern/OU=computers/CN=stefanov(m|m2).cern.ch
  timeleft: 193:54:38  (8.1 days)

 error: 
 retcode : 0
DEBUG 2021-03-16 06:57:02.633 UTC: 	 My-proxy delegated.
DEBUG 2021-03-16 06:57:02.634 UTC: 	 Result of myproxy credential check:
  Credential exists on myproxy: username: eb0e67adc2dd9eb1770413a4ffd073f562b86f05  - validity: 23 days, 4:57:15
  Credential exists on myproxy: username: achhetri_CRAB  - validity: 8 days, 1:54:38
DEBUG 2021-03-16 06:57:02.748 UTC: 	 Command use: resubmit
DEBUG 2021-03-16 06:57:02.748 UTC: 	 Options use: ['-d', 'crab_Tprime_v5_NANo_AOD_106X/crab_QCD_Pt1000toInf_v2/']
DEBUG 2021-03-16 06:57:02.865 UTC: 	 CRABClient version: v3.201110
DEBUG 2021-03-16 06:57:02.865 UTC: 	 Instance is prod
DEBUG 2021-03-16 06:57:02.865 UTC: 	 Server base url is cmsweb-k8s-prod.cern.ch
DEBUG 2021-03-16 06:57:02.865 UTC: 	 Command url /crabserver/prod/workflow
DEBUG 2021-03-16 06:57:02.878 UTC: 	 CRAB Client version: v3.201110
DEBUG 2021-03-16 06:57:02.878 UTC: 	 Running on: Linux lxplus700.cern.ch 3.10.0-1160.15.2.el7.x86_64 #1 SMP Wed Feb 3 15:06:38 UTC 2021 x86_64 x86_64 x86_64 GNU/Linux - CentOS Linux 7 (Core)
DEBUG 2021-03-16 06:57:02.878 UTC: 	 Executing command: 'status'
DEBUG 2021-03-16 06:57:02.878 UTC: 	 Found CRAB cache file /afs/cern.ch/user/a/achhetri/.crab3
DEBUG 2021-03-16 06:57:02.934 UTC: 	 Checking credentials
DEBUG 2021-03-16 06:57:02.934 UTC: 	 Found proxy file /afs/cern.ch/user/a/achhetri/x509up_u94350
DEBUG 2021-03-16 06:57:02.934 UTC: 	 Getting proxy life time left
DEBUG 2021-03-16 06:57:03.539 UTC: 	 Executing : 
 command : voms-proxy-info -file /afs/cern.ch/user/a/achhetri/x509up_u94350 -timeleft
 output : 687193

 error: 
 retcode : 0
DEBUG 2021-03-16 06:57:04.145 UTC: 	 Executing : 
 command : voms-proxy-info -file /afs/cern.ch/user/a/achhetri/x509up_u94350 -actimeleft
 output : 687192

 error: 
 retcode : 0
DEBUG 2021-03-16 06:57:04.145 UTC: 	 Proxy lifetime 687193 secs is different from voms extension lifetime 687192 secs for proxy: /afs/cern.ch/user/a/achhetri/x509up_u94350
DEBUG 2021-03-16 06:57:04.145 UTC: 	 Proxy valid for 190:53:12 hours
DEBUG 2021-03-16 06:57:04.221 UTC: 	 Registering user credentials for server /DC=ch/DC=cern/OU=computers/CN=vocms0105.cern.ch|/DC=ch/DC=cern/OU=computers/CN=crab-(preprod|prod|dev)-tw(02|01).cern.ch|/DC=ch/DC=cern/OU=computers/CN=(ddi|ddidk|mytw).cern.ch|/DC=ch/DC=cern/OU=computers/CN=stefanov(m|m2).cern.ch
DEBUG 2021-03-16 06:57:04.833 UTC: 	 Executing : 
 command : voms-proxy-info -file /afs/cern.ch/user/a/achhetri/x509up_u94350 -identity
 output : /DC=ch/DC=cern/OU=Organic Units/OU=Users/CN=achhetri/CN=804540/CN=Arjun Chhetri

 error: 
 retcode : 0
DEBUG 2021-03-16 06:57:04.839 UTC: 	 Getting myproxy life time left for myproxy.cern.ch
DEBUG 2021-03-16 06:57:04.840 UTC: 	 using eb0e67adc2dd9eb1770413a4ffd073f562b86f05 as credential login name
DEBUG 2021-03-16 06:57:05.143 UTC: 	 Executing : 
 command : myproxy-info -l eb0e67adc2dd9eb1770413a4ffd073f562b86f05 -s myproxy.cern.ch
 output : username: eb0e67adc2dd9eb1770413a4ffd073f562b86f05
owner: /DC=ch/DC=cern/OU=Organic Units/OU=Users/CN=achhetri/CN=804540/CN=Arjun Chhetri
  renewal policy: /DC=ch/DC=cern/OU=computers/CN=vocms0105.cern.ch|/DC=ch/DC=cern/OU=computers/CN=crab-(preprod|prod|dev)-tw(02|01).cern.ch|/DC=ch/DC=cern/OU=computers/CN=(ddi|ddidk|mytw).cern.ch|/DC=ch/DC=cern/OU=computers/CN=stefanov(m|m2).cern.ch
  trusted retrieval policy: /DC=ch/DC=cern/OU=computers/CN=vocms0105.cern.ch|/DC=ch/DC=cern/OU=computers/CN=crab-(preprod|prod|dev)-tw(02|01).cern.ch|/DC=ch/DC=cern/OU=computers/CN=(ddi|ddidk|mytw).cern.ch|/DC=ch/DC=cern/OU=computers/CN=stefanov(m|m2).cern.ch
  timeleft: 556:57:04  (23.2 days)

 error: 
 retcode : 0
DEBUG 2021-03-16 06:57:05.143 UTC: 	 Myproxy is valid: 2005024
DEBUG 2021-03-16 06:57:05.144 UTC: 	 Retrieving username ...
DEBUG 2021-03-16 06:57:05.144 UTC: 	 Retrieving username from CRIC...
DEBUG 2021-03-16 06:57:05.998 UTC: 	 username is achhetri
DEBUG 2021-03-16 06:57:06.004 UTC: 	 Getting myproxy life time left for myproxy.cern.ch
DEBUG 2021-03-16 06:57:06.004 UTC: 	 using achhetri_CRAB as credential login name
DEBUG 2021-03-16 06:57:06.307 UTC: 	 Executing : 
 command : myproxy-info -l achhetri_CRAB -s myproxy.cern.ch
 output : username: achhetri_CRAB
owner: /DC=ch/DC=cern/OU=Organic Units/OU=Users/CN=achhetri/CN=804540/CN=Arjun Chhetri
  renewal policy: /DC=ch/DC=cern/OU=computers/CN=vocms0105.cern.ch|/DC=ch/DC=cern/OU=computers/CN=crab-(preprod|prod|dev)-tw(02|01).cern.ch|/DC=ch/DC=cern/OU=computers/CN=(ddi|ddidk|mytw).cern.ch|/DC=ch/DC=cern/OU=computers/CN=stefanov(m|m2).cern.ch
  trusted retrieval policy: /DC=ch/DC=cern/OU=computers/CN=vocms0105.cern.ch|/DC=ch/DC=cern/OU=computers/CN=crab-(preprod|prod|dev)-tw(02|01).cern.ch|/DC=ch/DC=cern/OU=computers/CN=(ddi|ddidk|mytw).cern.ch|/DC=ch/DC=cern/OU=computers/CN=stefanov(m|m2).cern.ch
  timeleft: 193:54:34  (8.1 days)

 error: 
 retcode : 0
DEBUG 2021-03-16 06:57:06.308 UTC: 	 Myproxy is valid: 698074
DEBUG 2021-03-16 06:57:06.411 UTC: 	 Executing : 
 command : openssl x509 -noout -in ~/.globus/usercert.pem -dates
 output : notBefore=Nov 11 12:18:59 2020 GMT
notAfter=Dec 16 12:18:59 2021 GMT

 error: 
 retcode : 0
DEBUG 2021-03-16 06:57:06.412 UTC: 	 Delegating a myproxy for 720:00 hours
DEBUG 2021-03-16 06:57:06.412 UTC: 	 using achhetri_CRAB as credential login name
DEBUG 2021-03-16 06:57:06.516 UTC: 	 Executing : 
 command : export GT_PROXY_MODE=rfc ; myproxy-init -d -n -s myproxy.cern.ch -x -R '/DC=ch/DC=cern/OU=computers/CN=vocms0105.cern.ch|/DC=ch/DC=cern/OU=computers/CN=crab-(preprod|prod|dev)-tw(02|01).cern.ch|/DC=ch/DC=cern/OU=computers/CN=(ddi|ddidk|mytw).cern.ch|/DC=ch/DC=cern/OU=computers/CN=stefanov(m|m2).cern.ch' -x -Z '/DC=ch/DC=cern/OU=computers/CN=vocms0105.cern.ch|/DC=ch/DC=cern/OU=computers/CN=crab-(preprod|prod|dev)-tw(02|01).cern.ch|/DC=ch/DC=cern/OU=computers/CN=(ddi|ddidk|mytw).cern.ch|/DC=ch/DC=cern/OU=computers/CN=stefanov(m|m2).cern.ch' -l 'achhetri_CRAB' -t 168:00 -c 720:00
 output : Your identity: /DC=ch/DC=cern/OU=Organic Units/OU=Users/CN=achhetri/CN=804540/CN=Arjun Chhetri

 error: Error: Couldn't read user key in /afs/cern.ch/user/a/achhetri/.globus/userkey.pem.
Use -debug for further information.
grid-proxy-init failed

 retcode : 1
DEBUG 2021-03-16 06:57:06.516 UTC: 	 using achhetri_CRAB as credential login name
DEBUG 2021-03-16 06:57:06.820 UTC: 	 Executing : 
 command : myproxy-info -l achhetri_CRAB -s myproxy.cern.ch
 output : username: achhetri_CRAB
owner: /DC=ch/DC=cern/OU=Organic Units/OU=Users/CN=achhetri/CN=804540/CN=Arjun Chhetri
  renewal policy: /DC=ch/DC=cern/OU=computers/CN=vocms0105.cern.ch|/DC=ch/DC=cern/OU=computers/CN=crab-(preprod|prod|dev)-tw(02|01).cern.ch|/DC=ch/DC=cern/OU=computers/CN=(ddi|ddidk|mytw).cern.ch|/DC=ch/DC=cern/OU=computers/CN=stefanov(m|m2).cern.ch
  trusted retrieval policy: /DC=ch/DC=cern/OU=computers/CN=vocms0105.cern.ch|/DC=ch/DC=cern/OU=computers/CN=crab-(preprod|prod|dev)-tw(02|01).cern.ch|/DC=ch/DC=cern/OU=computers/CN=(ddi|ddidk|mytw).cern.ch|/DC=ch/DC=cern/OU=computers/CN=stefanov(m|m2).cern.ch
  timeleft: 193:54:34  (8.1 days)

 error: 
 retcode : 0
DEBUG 2021-03-16 06:57:06.821 UTC: 	 My-proxy delegated.
DEBUG 2021-03-16 06:57:06.821 UTC: 	 Result of myproxy credential check:
  Credential exists on myproxy: username: eb0e67adc2dd9eb1770413a4ffd073f562b86f05  - validity: 23 days, 4:57:04
  Credential exists on myproxy: username: achhetri_CRAB  - validity: 8 days, 1:54:34
DEBUG 2021-03-16 06:57:06.822 UTC: 	 Command use: status
DEBUG 2021-03-16 06:57:06.822 UTC: 	 Options use: []
DEBUG 2021-03-16 06:57:06.896 UTC: 	 CRABClient version: v3.201110
DEBUG 2021-03-16 06:57:06.896 UTC: 	 Instance is prod
DEBUG 2021-03-16 06:57:06.896 UTC: 	 Server base url is cmsweb-k8s-prod.cern.ch
DEBUG 2021-03-16 06:57:06.896 UTC: 	 Command url /crabserver/prod/workflow
DEBUG 2021-03-16 06:57:07.007 UTC: 	 Got information from server oracle database: {u'result': [u'210310_180619:achhetri_crab_QCD_Pt1000toInf_v2', u'None', u'None', u'SUBMITTED', u'SUBMIT', u'2021-03-10 18:06:19.412309', u'None', u'2021-03-10 18:07:14.873383', u'None', u'CMSSW_10_6_8', u'slc7_amd64_gcc700', u'/QCD_Pt-1000toInf_MuEnrichedPt5_TuneCP5_13TeV_pythia8/RunIISummer19UL17NanoAODv2-106X_mc2017_realistic_v8-v1/NANOAODSIM', u'F', u'0', u'[]', u'[]', u'FileBased', u"{'splitOnRun': False, 'halt_job_on_file_boundaries': False, 'files_per_job': 1, 'runs': [], 'lumis': []}", u'c29edb9fb60c309f0cb5765582b0749acc12040e1e10f94e161f75dc89f31141.tar.gz', u'https://cmsweb.cern.ch:8443/crabcache', u'achhetri', u'/DC=ch/DC=cern/OU=Organic Units/OU=Users/CN=achhetri/CN=804540/CN=Arjun Chhetri', u'cms', u'None', u'None', u'QCD_Pt1000toInf_v2-00000000000000000000000000000000', u'F', u'T3_CH_CERNBOX', u'https://cmsweb.cern.ch/dbs/prod/global/DBSReader', u'https://cmsweb.cern.ch/dbs/prod/phys03/DBSWriter', u'F', u'[]', u'[]', u"['tree.root']", u'Analysis', u'pythia', u'None', u'{}', u'[]', u'T', u'crab-prod-tw01', u'[]', u'1250', u'1', u'2000', u'10', u"['/QCD_Pt-1000toInf_MuEnrichedPt5_TuneCP5_13TeV_pythia8/achhetri-QCD_Pt1000toInf_v2-5d8f93ee2ba2db6b402c7167473e2950/USER']", u'[]', u'http://vocms0197.cern.ch/mon/cms341/210310_180619:achhetri_crab_QCD_Pt1000toInf_v2', u'crab_script_Tprime.sh', u'[]', u'[]', u'https://cmsweb.cern.ch/crabserver/prod', u'cmsgwms-collector-global.cern.ch:9620,cmsgwms-collector-global.fnal.gov', u'crab3@vocms0197.cern.ch', u'F', u'[]', u'T', u'/store/user/achhetri/Tprime_v5_NANo_AOD_106X', u'F', u'None', u'F', u'None', u'QCD_Pt-1000toInf_MuEnrichedPt5_TuneCP5_13TeV_pythia8', u'None', u'105be9ff397602212cd62a8440728a6a793f7314a3891c903732abdb8170dc39.tar.gz', u'62537576', u'filetransfers', u'F', u'188.185.90.95', u'21.0', u'None'], u'desc': {u'columns': [u'tm_taskname', u'tm_activity', u'panda_jobset_id', u'tm_task_status', u'tm_task_command', u'tm_start_time', u'tm_start_injection', u'tm_end_injection', u'tm_task_failure', u'tm_job_sw', u'tm_job_arch', u'tm_input_dataset', u'tm_nonvalid_input_dataset', u'tm_use_parent', u'tm_site_whitelist', u'tm_site_blacklist', u'tm_split_algo', u'tm_split_args', u'tm_user_sandbox', u'tm_cache_url', u'tm_username', u'tm_user_dn', u'tm_user_vo', u'tm_user_role', u'tm_user_group', u'tm_publish_name', u'tm_publish_groupname', u'tm_asyncdest', u'tm_dbs_url', u'tm_publish_dbs_url', u'tm_publication', u'tm_outfiles', u'tm_tfile_outfiles', u'tm_edm_outfiles', u'tm_job_type', u'tm_generator', u'tm_events_per_lumi', u'tm_arguments', u'panda_resubmitted_jobs', u'tm_save_logs', u'tw_name', u'tm_user_infiles', u'tm_maxjobruntime', u'tm_numcores', u'tm_maxmemory', u'tm_priority', u'tm_output_dataset', u'tm_task_warnings', u'tm_user_webdir', u'tm_scriptexe', u'tm_scriptargs', u'tm_extrajdl', u'tm_asourl', u'tm_collector', u'tm_schedd', u'tm_dry_run', u'tm_user_files', u'tm_transfer_outputs', u'tm_output_lfn', u'tm_ignore_locality', u'tm_fail_limit', u'tm_one_event_mode', u'tm_secondary_input_dataset', u'tm_primary_dataset', u'tm_last_publication', u'tm_debug_files', u'clusterid', u'tm_asodb', u'tm_ignore_global_blacklist', u'tm_submitter_ip_addr', u'tm_totalunits', u'tm_ddm_reqid']}}
INFO 2021-03-16 06:57:07.007 UTC: 	 CRAB project directory:		/afs/cern.ch/work/a/achhetri/NANO_AOD/CMSSW_10_6_8/src/WTopScalefactorProducer/Skimmer/NANOcrab/crab_Tprime_v5_NANo_AOD_106X/crab_QCD_Pt1000toInf_v2
INFO 2021-03-16 06:57:07.007 UTC: 	 Task name:			210310_180619:achhetri_crab_QCD_Pt1000toInf_v2
INFO 2021-03-16 06:57:07.007 UTC: 	 Grid scheduler - Task Worker:	crab3@vocms0197.cern.ch - crab-prod-tw01
INFO 2021-03-16 06:57:07.007 UTC: 	 Status on the CRAB server:	SUBMITTED
INFO 2021-03-16 06:57:07.007 UTC: 	 Task URL to use for HELP:	https://cmsweb-k8s-prod.cern.ch/crabserver/ui/task/210310_180619%3Aachhetri_crab_QCD_Pt1000toInf_v2
INFO 2021-03-16 06:57:07.009 UTC: 	 Dashboard monitoring URL:	https://monit-grafana.cern.ch/d/cmsTMDetail/cms-task-monitoring-task-view?orgId=11&var-user=achhetri&var-task=210310_180619%3Aachhetri_crab_QCD_Pt1000toInf_v2&from=1615395979000&to=now
INFO 2021-03-16 06:57:07.009 UTC: 	 In case of issues with the dashboard, please provide feedback to hn-cms-computing-tools@cern.ch
DEBUG 2021-03-16 06:57:07.009 UTC: 	 The CRAB server submitted your task to the Grid scheduler (cluster ID: 62537576)
DEBUG 2021-03-16 06:57:07.009 UTC: 	 Webdir is located at http://vocms0197.cern.ch/mon/cms341/210310_180619:achhetri_crab_QCD_Pt1000toInf_v2
DEBUG 2021-03-16 06:57:07.088 UTC: 	 Proxied webdir is located at https://cmsweb.cern.ch:8443/scheddmon/0197/cms341/210310_180619:achhetri_crab_QCD_Pt1000toInf_v2
DEBUG 2021-03-16 06:57:07.088 UTC: 	 Retrieving 'status_cache' file from https://cmsweb.cern.ch:8443/scheddmon/0197/cms341/210310_180619:achhetri_crab_QCD_Pt1000toInf_v2/status_cache
DEBUG 2021-03-16 06:57:07.130 UTC: 	 Got information from status cache file: {'20': {'Retries': 1, 'WallDurations': [8.0, 116.26283502578735, 5992.0, 10.0, 55.8233060836792, 25934.0], 'StartTimes': [1615399903.0, 1615409937.0], 'SubmitTimes': [1615399656.0, 1615409567.0], 'JobIds': ['62537599.0', '62538079.0'], 'EndTimes': [1615405895.0, 1615435871.0], 'Restarts': 0, 'RecordedSite': True, 'State': 'finished', 'ResidentSetSize': [605304, 648804], 'TotalUserCpuTimeHistory': [5187, 8696], 'SiteHistory': ['Unknown', 'T2_UK_SGrid_RALPP', 'T2_UK_SGrid_RALPP', 'Unknown', 'T2_US_Wisconsin', 'T2_US_Wisconsin'], 'TotalSysCpuTimeHistory': [424, 497]}, '21': {'Retries': 1, 'WallDurations': [8.0, 129.26283502578735, 6368.0, 8.0, 281.83055996894836, 11191.0], 'StartTimes': [1615399890.0, 1615410013.0], 'SubmitTimes': [1615399656.0, 1615409934.0], 'JobIds': ['62537600.0', '62538177.0'], 'EndTimes': [1615406258.0, 1615421204.0], 'Restarts': 0, 'RecordedSite': True, 'State': 'finished', 'ResidentSetSize': [669440, 708424], 'TotalUserCpuTimeHistory': [5945, 10408], 'SiteHistory': ['Unknown', 'T2_DE_RWTH', 'T2_DE_RWTH', 'Unknown', 'T2_DE_RWTH', 'T2_DE_RWTH'], 'TotalSysCpuTimeHistory': [278, 560]}, '1': {'Retries': 0, 'WallDurations': [8.0, 130.26283502578735, 2069.0], 'StartTimes': [1615399889.0], 'SubmitTimes': [1615399643.0], 'JobIds': ['62537579.0'], 'EndTimes': [1615401958.0], 'Restarts': 0, 'RecordedSite': True, 'State': 'finished', 'ResidentSetSize': [569836], 'TotalUserCpuTimeHistory': [2139], 'SiteHistory': ['Unknown', 'T2_FR_GRIF_LLR', 'T2_FR_GRIF_LLR'], 'TotalSysCpuTimeHistory': [789]}, '3': {'Retries': 0, 'WallDurations': [8.0, 124.26283502578735, 9095.0], 'StartTimes': [1615399895.0], 'SubmitTimes': [1615399643.0], 'JobIds': ['62537581.0'], 'EndTimes': [1615408990.0], 'Restarts': 0, 'RecordedSite': True, 'State': 'finished', 'ResidentSetSize': [623260], 'TotalUserCpuTimeHistory': [8433], 'SiteHistory': ['Unknown', 'T2_IT_Legnaro', 'T2_IT_Legnaro'], 'TotalSysCpuTimeHistory': [482]}, '2': {'Retries': 0, 'WallDurations': [9.0, 127.26283502578735, 3296.0], 'StartTimes': [1615399892.0], 'SubmitTimes': [1615399643.0], 'JobIds': ['62537580.0'], 'EndTimes': [1615403188.0], 'Restarts': 0, 'RecordedSite': True, 'State': 'finished', 'ResidentSetSize': [593596], 'TotalUserCpuTimeHistory': [2381], 'SiteHistory': ['Unknown', 'T3_UK_London_QMUL', 'T3_UK_London_QMUL'], 'TotalSysCpuTimeHistory': [96]}, '5': {'Retries': 1, 'WallDurations': [9.0, 127.26283502578735, 14416.0, 9.0, 6412.0], 'StartTimes': [1615399892.0, 1615416334.0], 'SubmitTimes': [1615399645.0, 1615416177.0], 'JobIds': ['62537583.0', '62539837.0'], 'EndTimes': [1615414308.0, 1615422746.0], 'Restarts': 0, 'RecordedSite': True, 'State': 'finished', 'ResidentSetSize': [614616, 656756], 'TotalUserCpuTimeHistory': [9162, 5441], 'SiteHistory': ['Unknown', 'T2_IT_Bari', 'T2_IT_Bari', 'T1_UK_RAL', 'T1_UK_RAL'], 'TotalSysCpuTimeHistory': [652, 837]}, '4': {'Retries': 0, 'WallDurations': [9.0, 125.26283502578735, 15868.0], 'StartTimes': [1615399894.0], 'SubmitTimes': [1615399644.0], 'JobIds': ['62537582.0'], 'EndTimes': [1615415762.0], 'Restarts': 0, 'RecordedSite': True, 'State': 'finished', 'ResidentSetSize': [655540], 'TotalUserCpuTimeHistory': [14662], 'SiteHistory': ['Unknown', 'T2_IT_Legnaro', 'T2_IT_Legnaro'], 'TotalSysCpuTimeHistory': [830]}, '7': {'Retries': 1, 'WallDurations': [8.0, 125.26283502578735, 6305.0, 8.0, 29728.0], 'StartTimes': [1615399894.0, 1615409960.0], 'SubmitTimes': [1615399645.0, 1615409873.0], 'JobIds': ['62537584.0', '62538176.0'], 'EndTimes': [1615406199.0, 1615439688.0], 'Restarts': 0, 'RecordedSite': True, 'State': 'finished', 'ResidentSetSize': [664288, 755096], 'TotalUserCpuTimeHistory': [5539, 5521], 'SiteHistory': ['Unknown', 'T2_UK_SGrid_RALPP', 'T2_UK_SGrid_RALPP', 'T2_US_Florida', 'T2_US_Florida'], 'TotalSysCpuTimeHistory': [282, 152]}, '6': {'Retries': 1, 'WallDurations': [8.0, 129.26283502578735, 5500.0, 9.0, 117.71129393577576, 7000.0], 'StartTimes': [1615399890.0, 1615407755.0], 'SubmitTimes': [1615399645.0, 1615407267.0], 'JobIds': ['62537585.0', '62537869.0'], 'EndTimes': [1615405390.0, 1615414755.0], 'Restarts': 0, 'RecordedSite': True, 'State': 'finished', 'ResidentSetSize': [626484, 610052], 'TotalUserCpuTimeHistory': [4719, 6591], 'SiteHistory': ['Unknown', 'T2_UK_London_IC', 'T2_UK_London_IC', 'Unknown', 'T2_US_MIT', 'T2_US_MIT'], 'TotalSysCpuTimeHistory': [300, 240]}, '9': {'Retries': 0, 'WallDurations': [9.0, 121.26283502578735, 48599.0], 'StartTimes': [1615399898.0], 'SubmitTimes': [1615399646.0], 'JobIds': ['62537586.0'], 'EndTimes': [1615448497.0], 'Restarts': 0, 'RecordedSite': True, 'State': 'finished', 'ResidentSetSize': [692076], 'TotalUserCpuTimeHistory': [8565], 'SiteHistory': ['Unknown', 'T2_UK_SGrid_RALPP', 'T2_UK_SGrid_RALPP'], 'TotalSysCpuTimeHistory': [523]}, '8': {'Retries': 0, 'WallDurations': [8.0, 126.26283502578735, 22272.0], 'StartTimes': [1615399893.0], 'SubmitTimes': [1615399646.0], 'JobIds': ['62537587.0'], 'EndTimes': [1615422165.0], 'Restarts': 0, 'RecordedSite': True, 'State': 'finished', 'ResidentSetSize': [644096], 'TotalUserCpuTimeHistory': [14476], 'SiteHistory': ['Unknown', 'T3_UK_London_QMUL', 'T3_UK_London_QMUL'], 'TotalSysCpuTimeHistory': [608]}, '11': {'Retries': 1, 'WallDurations': [10.0, 127.26283502578735, 9460.0, 9.0, 34287.0], 'StartTimes': [1615399892.0, 1615413261.0], 'SubmitTimes': [1615399647.0, 1615413029.0], 'JobIds': ['62537589.0', '62539670.0'], 'EndTimes': [1615409352.0, 1615447548.0], 'Restarts': 0, 'RecordedSite': True, 'State': 'finished', 'ResidentSetSize': [621656, 696520], 'TotalUserCpuTimeHistory': [8497, 11002], 'SiteHistory': ['Unknown', 'T2_UK_SGrid_RALPP', 'T2_UK_SGrid_RALPP', 'T2_US_Wisconsin', 'T2_US_Wisconsin'], 'TotalSysCpuTimeHistory': [459, 677]}, '10': {'Retries': 1, 'WallDurations': [8.0, 122.26283502578735, 11756.0, 9.0, 15.15966010093689, 17082.0], 'StartTimes': [1615399897.0, 1615413909.0], 'SubmitTimes': [1615399646.0, 1615413526.0], 'JobIds': ['62537588.0', '62539691.0'], 'EndTimes': [1615411653.0, 1615430991.0], 'Restarts': 0, 'RecordedSite': True, 'State': 'finished', 'ResidentSetSize': [638124, 631388], 'TotalUserCpuTimeHistory': [10324, 11519], 'SiteHistory': ['Unknown', 'T2_UK_SGrid_RALPP', 'T2_UK_SGrid_RALPP', 'Unknown', 'T3_UK_London_QMUL', 'T3_UK_London_QMUL'], 'TotalSysCpuTimeHistory': [853, 458]}, '13': {'Retries': 2, 'WallDurations': [8.0, 127.26283502578735, 8809.0, 9.0, 150.68800806999207, 10922.0, 9.0, 249.07569694519043, 26896.0], 'StartTimes': [1615399892.0, 1615411054.0, 1615424255.0], 'SubmitTimes': [1615399653.0, 1615410571.0, 1615423912.0], 'JobIds': ['62537594.0', '62538923.0', '62544982.0'], 'EndTimes': [1615408701.0, 1615421976.0, 1615451151.0], 'Restarts': 0, 'RecordedSite': True, 'State': 'finished', 'ResidentSetSize': [633116, 614908, 620340], 'TotalUserCpuTimeHistory': [6625, 9645, 7749], 'SiteHistory': ['Unknown', 'T2_UK_London_IC', 'T2_UK_London_IC', 'Unknown', 'T1_US_FNAL', 'T1_US_FNAL', 'Unknown', 'T2_US_MIT', 'T2_US_MIT'], 'TotalSysCpuTimeHistory': [455, 1100, 461]}, '12': {'Retries': 1, 'WallDurations': [8.0, 117.26283502578735, 5591.0, 9.0, 199.71129393577576, 6890.0], 'StartTimes': [1615399902.0, 1615407673.0], 'SubmitTimes': [1615399647.0, 1615407374.0], 'JobIds': ['62537590.0', '62537888.0'], 'EndTimes': [1615405493.0, 1615414563.0], 'Restarts': 0, 'RecordedSite': True, 'State': 'finished', 'ResidentSetSize': [654448, 698724], 'TotalUserCpuTimeHistory': [4701, 6363], 'SiteHistory': ['Unknown', 'T2_UK_SGrid_RALPP', 'T2_UK_SGrid_RALPP', 'Unknown', 'T2_DE_RWTH', 'T2_DE_RWTH'], 'TotalSysCpuTimeHistory': [283, 380]}, '15': {'Retries': 0, 'WallDurations': [8.0, 124.26283502578735, 9579.0], 'StartTimes': [1615399895.0], 'SubmitTimes': [1615399648.0], 'JobIds': ['62537592.0'], 'EndTimes': [1615409474.0], 'Restarts': 0, 'RecordedSite': True, 'State': 'finished', 'ResidentSetSize': [623440], 'TotalUserCpuTimeHistory': [8371], 'SiteHistory': ['Unknown', 'T2_UK_London_IC', 'T2_UK_London_IC'], 'TotalSysCpuTimeHistory': [686]}, '14': {'Retries': 0, 'WallDurations': [9.0, 126.26283502578735, 14008.0], 'StartTimes': [1615399893.0], 'SubmitTimes': [1615399647.0], 'JobIds': ['62537591.0'], 'EndTimes': [1615413901.0], 'Restarts': 0, 'RecordedSite': True, 'State': 'finished', 'ResidentSetSize': [633500], 'TotalUserCpuTimeHistory': [10427], 'SiteHistory': ['Unknown', 'T3_UK_London_QMUL', 'T3_UK_London_QMUL'], 'TotalSysCpuTimeHistory': [424]}, '17': {'Retries': 0, 'WallDurations': [8.0, 124.26283502578735, 10631.0, 0, 16534.0], 'StartTimes': [1615399895.0, 1615411069.0], 'SubmitTimes': [1615399655.0, -1], 'JobIds': ['62537597.0', '62537597.0'], 'EndTimes': [1615410526.0, 1615427603.0], 'Restarts': 1, 'RecordedSite': True, 'State': 'finished', 'ResidentSetSize': [610828, 0], 'TotalUserCpuTimeHistory': [7411.0, 21736], 'SiteHistory': ['Unknown', 'T2_BE_IIHE', 'T2_BE_IIHE', 'Unknown', 'T1_US_FNAL'], 'TotalSysCpuTimeHistory': [469.0, 2286]}, '16': {'Retries': 0, 'WallDurations': [9.0, 126.26283502578735, 7357.0, 0, 152.71129393577576], 'StartTimes': [1615399893.0, 1615407720.0], 'SubmitTimes': [1615399653.0, -1], 'JobIds': ['62537595.0', '62537595.0'], 'EndTimes': [1615407250.0], 'Restarts': 1, 'RecordedSite': True, 'State': 'failed', 'ResidentSetSize': [644640, 0], 'Error': [50664, 'Not retrying job due to wall clock limit (job automatically killed on the worker node)', {}], 'TotalUserCpuTimeHistory': [4381.0, 14264.0], 'SiteHistory': ['Unknown', 'T2_BE_IIHE', 'T2_BE_IIHE', 'Unknown', 'T1_UK_RAL'], 'TotalSysCpuTimeHistory': [242.0, 23246.0]}, '19': {'Retries': 0, 'WallDurations': [10.0, 128.26283502578735, 10665.0], 'StartTimes': [1615399891.0], 'SubmitTimes': [1615399656.0], 'JobIds': ['62537598.0'], 'EndTimes': [1615410556.0], 'Restarts': 0, 'RecordedSite': True, 'State': 'finished', 'ResidentSetSize': [662364], 'TotalUserCpuTimeHistory': [9958], 'SiteHistory': ['Unknown', 'T2_ES_CIEMAT', 'T2_ES_CIEMAT'], 'TotalSysCpuTimeHistory': [515]}, '18': {'Retries': 0, 'WallDurations': [8.0, 123.26283502578735, 11870.0, 0, 19753.0], 'StartTimes': [1615399896.0, 1615412070.0], 'SubmitTimes': [1615399654.0, -1], 'JobIds': ['62537596.0', '62537596.0'], 'EndTimes': [1615411766.0, 1615431823.0], 'Restarts': 1, 'RecordedSite': True, 'State': 'finished', 'ResidentSetSize': [630004, 750000], 'TotalUserCpuTimeHistory': [8435.0, 19000], 'SiteHistory': ['Unknown', 'T2_BE_IIHE', 'T2_BE_IIHE', 'Unknown', 'T3_UK_ScotGrid_GLA'], 'TotalSysCpuTimeHistory': [562.0, 982]}}
INFO 2021-03-16 06:57:07.131 UTC: 	 Status on the scheduler:	FAILED
INFO 2021-03-16 06:57:07.131 UTC: 	 
Jobs status:                    failed       		  4.8% ( 1/21)
INFO 2021-03-16 06:57:07.131 UTC: 	 				finished     		 95.2% (20/21)
INFO 2021-03-16 06:57:07.131 UTC: 	 
No publication information (publication has been disabled in the CRAB configuration file)
INFO 2021-03-16 06:57:07.131 UTC: 	 
Error Summary: (use crab status --verboseErrors for details about the errors)

 1 jobs failed with exit code 50664

Have a look at https://twiki.cern.ch/twiki/bin/viewauth/CMSPublic/JobExitCodes for a description of the exit codes.
INFO 2021-03-16 06:57:07.131 UTC: 	 
Summary of run jobs:
 * Memory: 0MB min, 737MB max, 580MB ave
 * Runtime: 0:02:32 min, 13:29:59 max, 4:27:42 ave
 * CPU eff: 19% min, 24563% max, 72% ave
 * Waste: 33:02:22 (26% of total)

DEBUG 2021-03-16 06:57:07.132 UTC: 	 Requesting resubmission of failed jobs in task 210310_180619:achhetri_crab_QCD_Pt1000toInf_v2
INFO 2021-03-16 06:57:07.132 UTC: 	 Sending resubmit request to the server.
DEBUG 2021-03-16 06:57:07.132 UTC: 	 Submitting {'publication': 0, 'jobids': ['16'], 'subresource': 'resubmit2', 'workflow': u'210310_180619:achhetri_crab_QCD_Pt1000toInf_v2'} 
DEBUG 2021-03-16 06:57:07.132 UTC: 	 Encoded resubmit request: publication=0&subresource=resubmit2&workflow=210310_180619%3Aachhetri_crab_QCD_Pt1000toInf_v2&jobids=16
DEBUG 2021-03-16 06:57:07.330 UTC: 	 Result: {u'result': [{u'result': u'ok'}], u'desc': {u'columns': [u'tm_site_blacklist', u'tm_site_whitelist', u'tm_maxjobruntime', u'tm_maxmemory', u'tm_numcores', u'tm_priority']}}
INFO 2021-03-16 06:57:07.330 UTC: 	 Resubmit request sent to the server.
INFO 2021-03-16 06:57:07.330 UTC: 	 Please use ' crab status ' to check how the resubmission process proceeds.
Notice it may take a couple of minutes for the resubmission to get fully processed.
INFO 2021-03-16 06:57:07.333 UTC: 	 Log file is /afs/cern.ch/work/a/achhetri/NANO_AOD/CMSSW_10_6_8/src/WTopScalefactorProducer/Skimmer/NANOcrab/crab_Tprime_v5_NANo_AOD_106X/crab_QCD_Pt1000toInf_v2/crab.log
DEBUG 2021-03-26 12:07:13.971 UTC: 	 CRAB Client version: v3.210127
DEBUG 2021-03-26 12:07:13.971 UTC: 	 Running on: Linux lxplus775.cern.ch 3.10.0-1160.15.2.el7.x86_64 #1 SMP Wed Feb 3 15:06:38 UTC 2021 x86_64 x86_64 x86_64 GNU/Linux - CentOS Linux 7 (Core)
DEBUG 2021-03-26 12:07:13.971 UTC: 	 Executing command: 'status'
DEBUG 2021-03-26 12:07:13.971 UTC: 	 Found CRAB cache file /afs/cern.ch/user/a/achhetri/.crab3
DEBUG 2021-03-26 12:07:14.074 UTC: 	 Checking credentials
DEBUG 2021-03-26 12:07:14.074 UTC: 	 Found proxy file /afs/cern.ch/user/a/achhetri/x509up_u94350
DEBUG 2021-03-26 12:07:14.074 UTC: 	 Getting proxy life time left
DEBUG 2021-03-26 12:07:14.989 UTC: 	 Executing : 
 command : voms-proxy-info -file /afs/cern.ch/user/a/achhetri/x509up_u94350 -timeleft
 output : 674506

 error: 
 retcode : 0
DEBUG 2021-03-26 12:07:16.220 UTC: 	 Executing : 
 command : voms-proxy-info -file /afs/cern.ch/user/a/achhetri/x509up_u94350 -actimeleft
 output : 674504

 error: 
 retcode : 0
DEBUG 2021-03-26 12:07:16.220 UTC: 	 Proxy lifetime 674506 secs is different from voms extension lifetime 674504 secs for proxy: /afs/cern.ch/user/a/achhetri/x509up_u94350
DEBUG 2021-03-26 12:07:16.220 UTC: 	 Proxy valid for 187:21:44 hours
DEBUG 2021-03-26 12:07:16.338 UTC: 	 Registering user credentials for server /DC=ch/DC=cern/OU=computers/CN=vocms0105.cern.ch|/DC=ch/DC=cern/OU=computers/CN=crab-(preprod|prod|dev)-tw(02|01).cern.ch|/DC=ch/DC=cern/OU=computers/CN=(ddi|ddidk|mytw).cern.ch|/DC=ch/DC=cern/OU=computers/CN=stefanov(m|m2).cern.ch
DEBUG 2021-03-26 12:07:17.271 UTC: 	 Executing : 
 command : voms-proxy-info -file /afs/cern.ch/user/a/achhetri/x509up_u94350 -identity
 output : /DC=ch/DC=cern/OU=Organic Units/OU=Users/CN=achhetri/CN=804540/CN=Arjun Chhetri

 error: 
 retcode : 0
DEBUG 2021-03-26 12:07:17.279 UTC: 	 Getting myproxy life time left for myproxy.cern.ch
DEBUG 2021-03-26 12:07:17.279 UTC: 	 using eb0e67adc2dd9eb1770413a4ffd073f562b86f05 as credential login name
DEBUG 2021-03-26 12:07:17.685 UTC: 	 Executing : 
 command : myproxy-info -l eb0e67adc2dd9eb1770413a4ffd073f562b86f05 -s myproxy.cern.ch
 output : username: eb0e67adc2dd9eb1770413a4ffd073f562b86f05
owner: /DC=ch/DC=cern/OU=Organic Units/OU=Users/CN=achhetri/CN=804540/CN=Arjun Chhetri
  renewal policy: /DC=ch/DC=cern/OU=computers/CN=vocms0105.cern.ch|/DC=ch/DC=cern/OU=computers/CN=crab-(preprod|prod|dev)-tw(02|01).cern.ch|/DC=ch/DC=cern/OU=computers/CN=(ddi|ddidk|mytw).cern.ch|/DC=ch/DC=cern/OU=computers/CN=stefanov(m|m2).cern.ch
  trusted retrieval policy: /DC=ch/DC=cern/OU=computers/CN=vocms0105.cern.ch|/DC=ch/DC=cern/OU=computers/CN=crab-(preprod|prod|dev)-tw(02|01).cern.ch|/DC=ch/DC=cern/OU=computers/CN=(ddi|ddidk|mytw).cern.ch|/DC=ch/DC=cern/OU=computers/CN=stefanov(m|m2).cern.ch
  timeleft: 718:33:54  (29.9 days)

 error: 
 retcode : 0
DEBUG 2021-03-26 12:07:17.686 UTC: 	 Myproxy is valid: 2586834
DEBUG 2021-03-26 12:07:17.686 UTC: 	 Retrieving username ...
DEBUG 2021-03-26 12:07:17.686 UTC: 	 Retrieving username from CRIC...
DEBUG 2021-03-26 12:07:18.397 UTC: 	 username is achhetri
DEBUG 2021-03-26 12:07:18.404 UTC: 	 Getting myproxy life time left for myproxy.cern.ch
DEBUG 2021-03-26 12:07:18.405 UTC: 	 using achhetri_CRAB as credential login name
DEBUG 2021-03-26 12:07:18.709 UTC: 	 Executing : 
 command : myproxy-info -l achhetri_CRAB -s myproxy.cern.ch
 output : username: achhetri_CRAB
owner: /DC=ch/DC=cern/OU=Organic Units/OU=Users/CN=achhetri/CN=804540/CN=Arjun Chhetri
  renewal policy: /DC=ch/DC=cern/OU=computers/CN=vocms0105.cern.ch|/DC=ch/DC=cern/OU=computers/CN=crab-(preprod|prod|dev)-tw(02|01).cern.ch|/DC=ch/DC=cern/OU=computers/CN=(ddi|ddidk|mytw).cern.ch|/DC=ch/DC=cern/OU=computers/CN=stefanov(m|m2).cern.ch
  trusted retrieval policy: /DC=ch/DC=cern/OU=computers/CN=vocms0105.cern.ch|/DC=ch/DC=cern/OU=computers/CN=crab-(preprod|prod|dev)-tw(02|01).cern.ch|/DC=ch/DC=cern/OU=computers/CN=(ddi|ddidk|mytw).cern.ch|/DC=ch/DC=cern/OU=computers/CN=stefanov(m|m2).cern.ch
  timeleft: 718:34:01  (29.9 days)

 error: 
 retcode : 0
DEBUG 2021-03-26 12:07:18.710 UTC: 	 Myproxy is valid: 2586841
DEBUG 2021-03-26 12:07:18.710 UTC: 	 Result of myproxy credential check:
  Credential exists on myproxy: username: eb0e67adc2dd9eb1770413a4ffd073f562b86f05  - validity: 29 days, 22:33:54
  Credential exists on myproxy: username: achhetri_CRAB  - validity: 29 days, 22:34:01
DEBUG 2021-03-26 12:07:18.711 UTC: 	 Command use: status
DEBUG 2021-03-26 12:07:18.711 UTC: 	 Options use: ['-d', 'crab_QCD_Pt1000toInf_v2']
DEBUG 2021-03-26 12:07:18.772 UTC: 	 CRABClient version: v3.210127
DEBUG 2021-03-26 12:07:18.772 UTC: 	 Instance is prod
DEBUG 2021-03-26 12:07:18.772 UTC: 	 Server base url is cmsweb-k8s-prod.cern.ch
DEBUG 2021-03-26 12:07:18.772 UTC: 	 Command url /crabserver/prod/workflow
DEBUG 2021-03-26 12:07:18.879 UTC: 	 Got information from server oracle database: {u'result': [u'210310_180619:achhetri_crab_QCD_Pt1000toInf_v2', u'None', u'None', u'SUBMITTED', u'None', u'2021-03-10 18:06:19.412309', u'None', u'2021-03-10 18:07:14.873383', u'None', u'CMSSW_10_6_8', u'slc7_amd64_gcc700', u'/QCD_Pt-1000toInf_MuEnrichedPt5_TuneCP5_13TeV_pythia8/RunIISummer19UL17NanoAODv2-106X_mc2017_realistic_v8-v1/NANOAODSIM', u'F', u'0', u'[]', u'[]', u'FileBased', u"{'splitOnRun': False, 'halt_job_on_file_boundaries': False, 'files_per_job': 1, 'runs': [], 'lumis': []}", u'c29edb9fb60c309f0cb5765582b0749acc12040e1e10f94e161f75dc89f31141.tar.gz', u'https://cmsweb.cern.ch:8443/crabcache', u'achhetri', u'/DC=ch/DC=cern/OU=Organic Units/OU=Users/CN=achhetri/CN=804540/CN=Arjun Chhetri', u'cms', u'None', u'None', u'QCD_Pt1000toInf_v2-00000000000000000000000000000000', u'F', u'T3_CH_CERNBOX', u'https://cmsweb.cern.ch/dbs/prod/global/DBSReader', u'https://cmsweb.cern.ch/dbs/prod/phys03/DBSWriter', u'F', u'[]', u'[]', u"['tree.root']", u'Analysis', u'pythia', u'None', u"{'maxjobruntime': 1250, 'priority': 10, 'site_blacklist': [], 'resubmit_jobids': ['16'], 'numcores': 1, 'site_whitelist': [], 'maxmemory': 2000, 'resubmit_publication': 0}", u'[]', u'T', u'crab-prod-tw01', u'[]', u'1250', u'1', u'2000', u'10', u"['/QCD_Pt-1000toInf_MuEnrichedPt5_TuneCP5_13TeV_pythia8/achhetri-QCD_Pt1000toInf_v2-5d8f93ee2ba2db6b402c7167473e2950/USER']", u'[]', u'http://vocms0197.cern.ch/mon/cms341/210310_180619:achhetri_crab_QCD_Pt1000toInf_v2', u'crab_script_Tprime.sh', u'[]', u'[]', u'https://cmsweb.cern.ch/crabserver/prod', u'cmsgwms-collector-global.cern.ch:9620,cmsgwms-collector-global.fnal.gov', u'crab3@vocms0197.cern.ch', u'F', u'[]', u'T', u'/store/user/achhetri/Tprime_v5_NANo_AOD_106X', u'F', u'None', u'F', u'None', u'QCD_Pt-1000toInf_MuEnrichedPt5_TuneCP5_13TeV_pythia8', u'None', u'105be9ff397602212cd62a8440728a6a793f7314a3891c903732abdb8170dc39.tar.gz', u'62537576', u'filetransfers', u'F', u'188.185.90.95', u'21.0', u'None'], u'desc': {u'columns': [u'tm_taskname', u'tm_activity', u'panda_jobset_id', u'tm_task_status', u'tm_task_command', u'tm_start_time', u'tm_start_injection', u'tm_end_injection', u'tm_task_failure', u'tm_job_sw', u'tm_job_arch', u'tm_input_dataset', u'tm_nonvalid_input_dataset', u'tm_use_parent', u'tm_site_whitelist', u'tm_site_blacklist', u'tm_split_algo', u'tm_split_args', u'tm_user_sandbox', u'tm_cache_url', u'tm_username', u'tm_user_dn', u'tm_user_vo', u'tm_user_role', u'tm_user_group', u'tm_publish_name', u'tm_publish_groupname', u'tm_asyncdest', u'tm_dbs_url', u'tm_publish_dbs_url', u'tm_publication', u'tm_outfiles', u'tm_tfile_outfiles', u'tm_edm_outfiles', u'tm_job_type', u'tm_generator', u'tm_events_per_lumi', u'tm_arguments', u'panda_resubmitted_jobs', u'tm_save_logs', u'tw_name', u'tm_user_infiles', u'tm_maxjobruntime', u'tm_numcores', u'tm_maxmemory', u'tm_priority', u'tm_output_dataset', u'tm_task_warnings', u'tm_user_webdir', u'tm_scriptexe', u'tm_scriptargs', u'tm_extrajdl', u'tm_asourl', u'tm_collector', u'tm_schedd', u'tm_dry_run', u'tm_user_files', u'tm_transfer_outputs', u'tm_output_lfn', u'tm_ignore_locality', u'tm_fail_limit', u'tm_one_event_mode', u'tm_secondary_input_dataset', u'tm_primary_dataset', u'tm_last_publication', u'tm_debug_files', u'clusterid', u'tm_asodb', u'tm_ignore_global_blacklist', u'tm_submitter_ip_addr', u'tm_totalunits', u'tm_ddm_reqid']}}
INFO 2021-03-26 12:07:18.880 UTC: 	 CRAB project directory:		/afs/cern.ch/work/a/achhetri/NANO_AOD/CMSSW_10_6_8/src/WTopScalefactorProducer/Skimmer/NANOcrab/crab_Tprime_v5_NANo_AOD_106X/crab_QCD_Pt1000toInf_v2
INFO 2021-03-26 12:07:18.880 UTC: 	 Task name:			210310_180619:achhetri_crab_QCD_Pt1000toInf_v2
INFO 2021-03-26 12:07:18.880 UTC: 	 Grid scheduler - Task Worker:	crab3@vocms0197.cern.ch - crab-prod-tw01
INFO 2021-03-26 12:07:18.880 UTC: 	 Status on the CRAB server:	SUBMITTED
INFO 2021-03-26 12:07:18.880 UTC: 	 Task URL to use for HELP:	https://cmsweb-k8s-prod.cern.ch/crabserver/ui/task/210310_180619%3Aachhetri_crab_QCD_Pt1000toInf_v2
INFO 2021-03-26 12:07:18.886 UTC: 	 Dashboard monitoring URL:	https://monit-grafana.cern.ch/d/cmsTMDetail/cms-task-monitoring-task-view?orgId=11&var-user=achhetri&var-task=210310_180619%3Aachhetri_crab_QCD_Pt1000toInf_v2&from=1615395979000&to=now
INFO 2021-03-26 12:07:18.887 UTC: 	 In case of issues with the dashboard, please provide feedback to hn-cms-computing-tools@cern.ch
DEBUG 2021-03-26 12:07:18.887 UTC: 	 The CRAB server submitted your task to the Grid scheduler (cluster ID: 62537576)
DEBUG 2021-03-26 12:07:18.887 UTC: 	 Webdir is located at http://vocms0197.cern.ch/mon/cms341/210310_180619:achhetri_crab_QCD_Pt1000toInf_v2
DEBUG 2021-03-26 12:07:19.024 UTC: 	 Proxied webdir is located at https://cmsweb.cern.ch:8443/scheddmon/0197/cms341/210310_180619:achhetri_crab_QCD_Pt1000toInf_v2
DEBUG 2021-03-26 12:07:19.024 UTC: 	 Retrieving 'status_cache' file from https://cmsweb.cern.ch:8443/scheddmon/0197/cms341/210310_180619:achhetri_crab_QCD_Pt1000toInf_v2/status_cache
DEBUG 2021-03-26 12:07:19.374 UTC: 	 Got information from status cache file: {'20': {'Retries': 1, 'WallDurations': [8.0, 116.26283502578735, 5992.0, 10.0, 55.8233060836792, 25934.0], 'StartTimes': [1615399903.0, 1615409937.0], 'SubmitTimes': [1615399656.0, 1615409567.0], 'JobIds': ['62537599.0', '62538079.0'], 'EndTimes': [1615405895.0, 1615435871.0], 'Restarts': 0, 'RecordedSite': True, 'State': 'finished', 'ResidentSetSize': [605304, 648804], 'TotalUserCpuTimeHistory': [5187, 8696], 'SiteHistory': ['Unknown', 'T2_UK_SGrid_RALPP', 'T2_UK_SGrid_RALPP', 'Unknown', 'T2_US_Wisconsin', 'T2_US_Wisconsin'], 'TotalSysCpuTimeHistory': [424, 497]}, '21': {'Retries': 1, 'WallDurations': [8.0, 129.26283502578735, 6368.0, 8.0, 281.83055996894836, 11191.0], 'StartTimes': [1615399890.0, 1615410013.0], 'SubmitTimes': [1615399656.0, 1615409934.0], 'JobIds': ['62537600.0', '62538177.0'], 'EndTimes': [1615406258.0, 1615421204.0], 'Restarts': 0, 'RecordedSite': True, 'State': 'finished', 'ResidentSetSize': [669440, 708424], 'TotalUserCpuTimeHistory': [5945, 10408], 'SiteHistory': ['Unknown', 'T2_DE_RWTH', 'T2_DE_RWTH', 'Unknown', 'T2_DE_RWTH', 'T2_DE_RWTH'], 'TotalSysCpuTimeHistory': [278, 560]}, '1': {'Retries': 0, 'WallDurations': [8.0, 130.26283502578735, 2069.0], 'StartTimes': [1615399889.0], 'SubmitTimes': [1615399643.0], 'JobIds': ['62537579.0'], 'EndTimes': [1615401958.0], 'Restarts': 0, 'RecordedSite': True, 'State': 'finished', 'ResidentSetSize': [569836], 'TotalUserCpuTimeHistory': [2139], 'SiteHistory': ['Unknown', 'T2_FR_GRIF_LLR', 'T2_FR_GRIF_LLR'], 'TotalSysCpuTimeHistory': [789]}, '3': {'Retries': 0, 'WallDurations': [8.0, 124.26283502578735, 9095.0], 'StartTimes': [1615399895.0], 'SubmitTimes': [1615399643.0], 'JobIds': ['62537581.0'], 'EndTimes': [1615408990.0], 'Restarts': 0, 'RecordedSite': True, 'State': 'finished', 'ResidentSetSize': [623260], 'TotalUserCpuTimeHistory': [8433], 'SiteHistory': ['Unknown', 'T2_IT_Legnaro', 'T2_IT_Legnaro'], 'TotalSysCpuTimeHistory': [482]}, '2': {'Retries': 0, 'WallDurations': [9.0, 127.26283502578735, 3296.0], 'StartTimes': [1615399892.0], 'SubmitTimes': [1615399643.0], 'JobIds': ['62537580.0'], 'EndTimes': [1615403188.0], 'Restarts': 0, 'RecordedSite': True, 'State': 'finished', 'ResidentSetSize': [593596], 'TotalUserCpuTimeHistory': [2381], 'SiteHistory': ['Unknown', 'T3_UK_London_QMUL', 'T3_UK_London_QMUL'], 'TotalSysCpuTimeHistory': [96]}, '5': {'Retries': 1, 'WallDurations': [9.0, 127.26283502578735, 14416.0, 9.0, 6412.0], 'StartTimes': [1615399892.0, 1615416334.0], 'SubmitTimes': [1615399645.0, 1615416177.0], 'JobIds': ['62537583.0', '62539837.0'], 'EndTimes': [1615414308.0, 1615422746.0], 'Restarts': 0, 'RecordedSite': True, 'State': 'finished', 'ResidentSetSize': [614616, 656756], 'TotalUserCpuTimeHistory': [9162, 5441], 'SiteHistory': ['Unknown', 'T2_IT_Bari', 'T2_IT_Bari', 'T1_UK_RAL', 'T1_UK_RAL'], 'TotalSysCpuTimeHistory': [652, 837]}, '4': {'Retries': 0, 'WallDurations': [9.0, 125.26283502578735, 15868.0], 'StartTimes': [1615399894.0], 'SubmitTimes': [1615399644.0], 'JobIds': ['62537582.0'], 'EndTimes': [1615415762.0], 'Restarts': 0, 'RecordedSite': True, 'State': 'finished', 'ResidentSetSize': [655540], 'TotalUserCpuTimeHistory': [14662], 'SiteHistory': ['Unknown', 'T2_IT_Legnaro', 'T2_IT_Legnaro'], 'TotalSysCpuTimeHistory': [830]}, '7': {'Retries': 1, 'WallDurations': [8.0, 125.26283502578735, 6305.0, 8.0, 29728.0], 'StartTimes': [1615399894.0, 1615409960.0], 'SubmitTimes': [1615399645.0, 1615409873.0], 'JobIds': ['62537584.0', '62538176.0'], 'EndTimes': [1615406199.0, 1615439688.0], 'Restarts': 0, 'RecordedSite': True, 'State': 'finished', 'ResidentSetSize': [664288, 755096], 'TotalUserCpuTimeHistory': [5539, 5521], 'SiteHistory': ['Unknown', 'T2_UK_SGrid_RALPP', 'T2_UK_SGrid_RALPP', 'T2_US_Florida', 'T2_US_Florida'], 'TotalSysCpuTimeHistory': [282, 152]}, '6': {'Retries': 1, 'WallDurations': [8.0, 129.26283502578735, 5500.0, 9.0, 117.71129393577576, 7000.0], 'StartTimes': [1615399890.0, 1615407755.0], 'SubmitTimes': [1615399645.0, 1615407267.0], 'JobIds': ['62537585.0', '62537869.0'], 'EndTimes': [1615405390.0, 1615414755.0], 'Restarts': 0, 'RecordedSite': True, 'State': 'finished', 'ResidentSetSize': [626484, 610052], 'TotalUserCpuTimeHistory': [4719, 6591], 'SiteHistory': ['Unknown', 'T2_UK_London_IC', 'T2_UK_London_IC', 'Unknown', 'T2_US_MIT', 'T2_US_MIT'], 'TotalSysCpuTimeHistory': [300, 240]}, '9': {'Retries': 0, 'WallDurations': [9.0, 121.26283502578735, 48599.0], 'StartTimes': [1615399898.0], 'SubmitTimes': [1615399646.0], 'JobIds': ['62537586.0'], 'EndTimes': [1615448497.0], 'Restarts': 0, 'RecordedSite': True, 'State': 'finished', 'ResidentSetSize': [692076], 'TotalUserCpuTimeHistory': [8565], 'SiteHistory': ['Unknown', 'T2_UK_SGrid_RALPP', 'T2_UK_SGrid_RALPP'], 'TotalSysCpuTimeHistory': [523]}, '8': {'Retries': 0, 'WallDurations': [8.0, 126.26283502578735, 22272.0], 'StartTimes': [1615399893.0], 'SubmitTimes': [1615399646.0], 'JobIds': ['62537587.0'], 'EndTimes': [1615422165.0], 'Restarts': 0, 'RecordedSite': True, 'State': 'finished', 'ResidentSetSize': [644096], 'TotalUserCpuTimeHistory': [14476], 'SiteHistory': ['Unknown', 'T3_UK_London_QMUL', 'T3_UK_London_QMUL'], 'TotalSysCpuTimeHistory': [608]}, '11': {'Retries': 1, 'WallDurations': [10.0, 127.26283502578735, 9460.0, 9.0, 34287.0], 'StartTimes': [1615399892.0, 1615413261.0], 'SubmitTimes': [1615399647.0, 1615413029.0], 'JobIds': ['62537589.0', '62539670.0'], 'EndTimes': [1615409352.0, 1615447548.0], 'Restarts': 0, 'RecordedSite': True, 'State': 'finished', 'ResidentSetSize': [621656, 696520], 'TotalUserCpuTimeHistory': [8497, 11002], 'SiteHistory': ['Unknown', 'T2_UK_SGrid_RALPP', 'T2_UK_SGrid_RALPP', 'T2_US_Wisconsin', 'T2_US_Wisconsin'], 'TotalSysCpuTimeHistory': [459, 677]}, '10': {'Retries': 1, 'WallDurations': [8.0, 122.26283502578735, 11756.0, 9.0, 15.15966010093689, 17082.0], 'StartTimes': [1615399897.0, 1615413909.0], 'SubmitTimes': [1615399646.0, 1615413526.0], 'JobIds': ['62537588.0', '62539691.0'], 'EndTimes': [1615411653.0, 1615430991.0], 'Restarts': 0, 'RecordedSite': True, 'State': 'finished', 'ResidentSetSize': [638124, 631388], 'TotalUserCpuTimeHistory': [10324, 11519], 'SiteHistory': ['Unknown', 'T2_UK_SGrid_RALPP', 'T2_UK_SGrid_RALPP', 'Unknown', 'T3_UK_London_QMUL', 'T3_UK_London_QMUL'], 'TotalSysCpuTimeHistory': [853, 458]}, '13': {'Retries': 2, 'WallDurations': [8.0, 127.26283502578735, 8809.0, 9.0, 150.68800806999207, 10922.0, 9.0, 249.07569694519043, 26896.0], 'StartTimes': [1615399892.0, 1615411054.0, 1615424255.0], 'SubmitTimes': [1615399653.0, 1615410571.0, 1615423912.0], 'JobIds': ['62537594.0', '62538923.0', '62544982.0'], 'EndTimes': [1615408701.0, 1615421976.0, 1615451151.0], 'Restarts': 0, 'RecordedSite': True, 'State': 'finished', 'ResidentSetSize': [633116, 614908, 620340], 'TotalUserCpuTimeHistory': [6625, 9645, 7749], 'SiteHistory': ['Unknown', 'T2_UK_London_IC', 'T2_UK_London_IC', 'Unknown', 'T1_US_FNAL', 'T1_US_FNAL', 'Unknown', 'T2_US_MIT', 'T2_US_MIT'], 'TotalSysCpuTimeHistory': [455, 1100, 461]}, '12': {'Retries': 1, 'WallDurations': [8.0, 117.26283502578735, 5591.0, 9.0, 199.71129393577576, 6890.0], 'StartTimes': [1615399902.0, 1615407673.0], 'SubmitTimes': [1615399647.0, 1615407374.0], 'JobIds': ['62537590.0', '62537888.0'], 'EndTimes': [1615405493.0, 1615414563.0], 'Restarts': 0, 'RecordedSite': True, 'State': 'finished', 'ResidentSetSize': [654448, 698724], 'TotalUserCpuTimeHistory': [4701, 6363], 'SiteHistory': ['Unknown', 'T2_UK_SGrid_RALPP', 'T2_UK_SGrid_RALPP', 'Unknown', 'T2_DE_RWTH', 'T2_DE_RWTH'], 'TotalSysCpuTimeHistory': [283, 380]}, '15': {'Retries': 0, 'WallDurations': [8.0, 124.26283502578735, 9579.0], 'StartTimes': [1615399895.0], 'SubmitTimes': [1615399648.0], 'JobIds': ['62537592.0'], 'EndTimes': [1615409474.0], 'Restarts': 0, 'RecordedSite': True, 'State': 'finished', 'ResidentSetSize': [623440], 'TotalUserCpuTimeHistory': [8371], 'SiteHistory': ['Unknown', 'T2_UK_London_IC', 'T2_UK_London_IC'], 'TotalSysCpuTimeHistory': [686]}, '14': {'Retries': 0, 'WallDurations': [9.0, 126.26283502578735, 14008.0], 'StartTimes': [1615399893.0], 'SubmitTimes': [1615399647.0], 'JobIds': ['62537591.0'], 'EndTimes': [1615413901.0], 'Restarts': 0, 'RecordedSite': True, 'State': 'finished', 'ResidentSetSize': [633500], 'TotalUserCpuTimeHistory': [10427], 'SiteHistory': ['Unknown', 'T3_UK_London_QMUL', 'T3_UK_London_QMUL'], 'TotalSysCpuTimeHistory': [424]}, '17': {'Retries': 0, 'WallDurations': [8.0, 124.26283502578735, 10631.0, 0, 16534.0], 'StartTimes': [1615399895.0, 1615411069.0], 'SubmitTimes': [1615399655.0, -1], 'JobIds': ['62537597.0', '62537597.0'], 'EndTimes': [1615410526.0, 1615427603.0], 'Restarts': 1, 'RecordedSite': True, 'State': 'finished', 'ResidentSetSize': [610828, 0], 'TotalUserCpuTimeHistory': [7411.0, 21736], 'SiteHistory': ['Unknown', 'T2_BE_IIHE', 'T2_BE_IIHE', 'Unknown', 'T1_US_FNAL'], 'TotalSysCpuTimeHistory': [469.0, 2286]}, '16': {'Retries': 2, 'WallDurations': [9.0, 126.26283502578735, 7357.0, 0, 152.71129393577576, 9.0, 46.41402506828308, 15242.0], 'StartTimes': [1615399893.0, 1615407720.0, 1615878186.0], 'SubmitTimes': [1615399653.0, -1, 1615877859.0], 'JobIds': ['62537595.0', '62537595.0', '62729128.0'], 'EndTimes': [1615407250.0, 1615893428.0], 'Restarts': 1, 'RecordedSite': True, 'State': 'finished', 'ResidentSetSize': [644640, 0, 701660], 'Error': [50664, 'Not retrying job due to wall clock limit (job automatically killed on the worker node)', {}], 'TotalUserCpuTimeHistory': [4381.0, 14264.0, 9100], 'SiteHistory': ['Unknown', 'T2_BE_IIHE', 'T2_BE_IIHE', 'Unknown', 'T1_UK_RAL', 'Unknown', 'T3_UK_ScotGrid_GLA', 'T3_UK_ScotGrid_GLA'], 'TotalSysCpuTimeHistory': [242.0, 23246.0, 423]}, '19': {'Retries': 0, 'WallDurations': [10.0, 128.26283502578735, 10665.0], 'StartTimes': [1615399891.0], 'SubmitTimes': [1615399656.0], 'JobIds': ['62537598.0'], 'EndTimes': [1615410556.0], 'Restarts': 0, 'RecordedSite': True, 'State': 'finished', 'ResidentSetSize': [662364], 'TotalUserCpuTimeHistory': [9958], 'SiteHistory': ['Unknown', 'T2_ES_CIEMAT', 'T2_ES_CIEMAT'], 'TotalSysCpuTimeHistory': [515]}, '18': {'Retries': 0, 'WallDurations': [8.0, 123.26283502578735, 11870.0, 0, 19753.0], 'StartTimes': [1615399896.0, 1615412070.0], 'SubmitTimes': [1615399654.0, -1], 'JobIds': ['62537596.0', '62537596.0'], 'EndTimes': [1615411766.0, 1615431823.0], 'Restarts': 1, 'RecordedSite': True, 'State': 'finished', 'ResidentSetSize': [630004, 750000], 'TotalUserCpuTimeHistory': [8435.0, 19000], 'SiteHistory': ['Unknown', 'T2_BE_IIHE', 'T2_BE_IIHE', 'Unknown', 'T3_UK_ScotGrid_GLA'], 'TotalSysCpuTimeHistory': [562.0, 982]}}
INFO 2021-03-26 12:07:19.374 UTC: 	 Status on the scheduler:	COMPLETED
INFO 2021-03-26 12:07:19.375 UTC: 	 
Jobs status:                    finished     		100.0% (21/21)
INFO 2021-03-26 12:07:19.375 UTC: 	 
No publication information (publication has been disabled in the CRAB configuration file)
INFO 2021-03-26 12:07:19.376 UTC: 	 
Summary of run jobs:
 * Memory: 556MB min, 737MB max, 613MB ave
 * Runtime: 0:34:29 min, 13:29:59 max, 4:39:40 ave
 * CPU eff: 19% min, 145% max, 61% ave
 * Waste: 33:05:50 (25% of total)

INFO 2021-03-26 12:07:19.449 UTC: 	 Log file is /afs/cern.ch/work/a/achhetri/NANO_AOD/CMSSW_10_6_8/src/WTopScalefactorProducer/Skimmer/NANOcrab/crab_Tprime_v5_NANo_AOD_106X/crab_QCD_Pt1000toInf_v2/crab.log
