DEBUG 2021-03-16 06:01:02.669 UTC: 	 CRAB Client version: v3.201110
DEBUG 2021-03-16 06:01:02.669 UTC: 	 Running on: Linux lxplus700.cern.ch 3.10.0-1160.15.2.el7.x86_64 #1 SMP Wed Feb 3 15:06:38 UTC 2021 x86_64 x86_64 x86_64 GNU/Linux - CentOS Linux 7 (Core)
DEBUG 2021-03-16 06:01:02.670 UTC: 	 Executing command: 'submit'
DEBUG 2021-03-16 06:01:02.672 UTC: 	 Found CRAB cache file /afs/cern.ch/user/a/achhetri/.crab3
DEBUG 2021-03-16 06:01:02.673 UTC: 	 Will use CRAB Analysis plugin (i.e. will run an analysis job type).
DEBUG 2021-03-16 06:01:02.690 UTC: 	 Checking credentials
DEBUG 2021-03-16 06:01:02.691 UTC: 	 Found proxy file /afs/cern.ch/user/a/achhetri/x509up_u94350
DEBUG 2021-03-16 06:01:02.691 UTC: 	 Getting proxy life time left
DEBUG 2021-03-16 06:01:03.398 UTC: 	 Executing : 
 command : voms-proxy-info -file /afs/cern.ch/user/a/achhetri/x509up_u94350 -timeleft
 output : 690553

 error: 
 retcode : 0
DEBUG 2021-03-16 06:01:04.004 UTC: 	 Executing : 
 command : voms-proxy-info -file /afs/cern.ch/user/a/achhetri/x509up_u94350 -actimeleft
 output : 690553

 error: 
 retcode : 0
DEBUG 2021-03-16 06:01:04.005 UTC: 	 Proxy valid for 191:49:13 hours
DEBUG 2021-03-16 06:01:04.611 UTC: 	 Executing : 
 command : env X509_USER_PROXY=/afs/cern.ch/user/a/achhetri/x509up_u94350 voms-proxy-info -fqan
 output : /cms/Role=NULL/Capability=NULL

 error: 
 retcode : 0
DEBUG 2021-03-16 06:01:04.690 UTC: 	 Registering user credentials for server /DC=ch/DC=cern/OU=computers/CN=vocms0105.cern.ch|/DC=ch/DC=cern/OU=computers/CN=crab-(preprod|prod|dev)-tw(02|01).cern.ch|/DC=ch/DC=cern/OU=computers/CN=(ddi|ddidk|mytw).cern.ch|/DC=ch/DC=cern/OU=computers/CN=stefanov(m|m2).cern.ch
DEBUG 2021-03-16 06:01:05.304 UTC: 	 Executing : 
 command : voms-proxy-info -file /afs/cern.ch/user/a/achhetri/x509up_u94350 -identity
 output : /DC=ch/DC=cern/OU=Organic Units/OU=Users/CN=achhetri/CN=804540/CN=Arjun Chhetri

 error: 
 retcode : 0
DEBUG 2021-03-16 06:01:05.313 UTC: 	 Getting myproxy life time left for myproxy.cern.ch
DEBUG 2021-03-16 06:01:05.313 UTC: 	 using eb0e67adc2dd9eb1770413a4ffd073f562b86f05 as credential login name
DEBUG 2021-03-16 06:01:05.718 UTC: 	 Executing : 
 command : myproxy-info -l eb0e67adc2dd9eb1770413a4ffd073f562b86f05 -s myproxy.cern.ch
 output : username: eb0e67adc2dd9eb1770413a4ffd073f562b86f05
owner: /DC=ch/DC=cern/OU=Organic Units/OU=Users/CN=achhetri/CN=804540/CN=Arjun Chhetri
  renewal policy: /DC=ch/DC=cern/OU=computers/CN=vocms0105.cern.ch|/DC=ch/DC=cern/OU=computers/CN=crab-(preprod|prod|dev)-tw(02|01).cern.ch|/DC=ch/DC=cern/OU=computers/CN=(ddi|ddidk|mytw).cern.ch|/DC=ch/DC=cern/OU=computers/CN=stefanov(m|m2).cern.ch
  trusted retrieval policy: /DC=ch/DC=cern/OU=computers/CN=vocms0105.cern.ch|/DC=ch/DC=cern/OU=computers/CN=crab-(preprod|prod|dev)-tw(02|01).cern.ch|/DC=ch/DC=cern/OU=computers/CN=(ddi|ddidk|mytw).cern.ch|/DC=ch/DC=cern/OU=computers/CN=stefanov(m|m2).cern.ch
  timeleft: 557:53:04  (23.2 days)

 error: 
 retcode : 0
DEBUG 2021-03-16 06:01:05.719 UTC: 	 Myproxy is valid: 2008384
DEBUG 2021-03-16 06:01:05.719 UTC: 	 Retrieving username ...
DEBUG 2021-03-16 06:01:05.719 UTC: 	 Retrieving username from CRIC...
DEBUG 2021-03-16 06:01:06.412 UTC: 	 username is achhetri
DEBUG 2021-03-16 06:01:06.418 UTC: 	 Getting myproxy life time left for myproxy.cern.ch
DEBUG 2021-03-16 06:01:06.418 UTC: 	 using achhetri_CRAB as credential login name
DEBUG 2021-03-16 06:01:06.722 UTC: 	 Executing : 
 command : myproxy-info -l achhetri_CRAB -s myproxy.cern.ch
 output : username: achhetri_CRAB
owner: /DC=ch/DC=cern/OU=Organic Units/OU=Users/CN=achhetri/CN=804540/CN=Arjun Chhetri
  renewal policy: /DC=ch/DC=cern/OU=computers/CN=vocms0105.cern.ch|/DC=ch/DC=cern/OU=computers/CN=crab-(preprod|prod|dev)-tw(02|01).cern.ch|/DC=ch/DC=cern/OU=computers/CN=(ddi|ddidk|mytw).cern.ch|/DC=ch/DC=cern/OU=computers/CN=stefanov(m|m2).cern.ch
  trusted retrieval policy: /DC=ch/DC=cern/OU=computers/CN=vocms0105.cern.ch|/DC=ch/DC=cern/OU=computers/CN=crab-(preprod|prod|dev)-tw(02|01).cern.ch|/DC=ch/DC=cern/OU=computers/CN=(ddi|ddidk|mytw).cern.ch|/DC=ch/DC=cern/OU=computers/CN=stefanov(m|m2).cern.ch
  timeleft: 194:50:34  (8.1 days)

 error: 
 retcode : 0
DEBUG 2021-03-16 06:01:06.722 UTC: 	 Myproxy is valid: 701434
DEBUG 2021-03-16 06:01:06.828 UTC: 	 Executing : 
 command : openssl x509 -noout -in ~/.globus/usercert.pem -dates
 output : notBefore=Nov 11 12:18:59 2020 GMT
notAfter=Dec 16 12:18:59 2021 GMT

 error: 
 retcode : 0
DEBUG 2021-03-16 06:01:06.829 UTC: 	 Delegating a myproxy for 720:00 hours
DEBUG 2021-03-16 06:01:06.829 UTC: 	 using achhetri_CRAB as credential login name
DEBUG 2021-03-16 06:01:06.934 UTC: 	 Executing : 
 command : export GT_PROXY_MODE=rfc ; myproxy-init -d -n -s myproxy.cern.ch -x -R '/DC=ch/DC=cern/OU=computers/CN=vocms0105.cern.ch|/DC=ch/DC=cern/OU=computers/CN=crab-(preprod|prod|dev)-tw(02|01).cern.ch|/DC=ch/DC=cern/OU=computers/CN=(ddi|ddidk|mytw).cern.ch|/DC=ch/DC=cern/OU=computers/CN=stefanov(m|m2).cern.ch' -x -Z '/DC=ch/DC=cern/OU=computers/CN=vocms0105.cern.ch|/DC=ch/DC=cern/OU=computers/CN=crab-(preprod|prod|dev)-tw(02|01).cern.ch|/DC=ch/DC=cern/OU=computers/CN=(ddi|ddidk|mytw).cern.ch|/DC=ch/DC=cern/OU=computers/CN=stefanov(m|m2).cern.ch' -l 'achhetri_CRAB' -t 168:00 -c 720:00
 output : Your identity: /DC=ch/DC=cern/OU=Organic Units/OU=Users/CN=achhetri/CN=804540/CN=Arjun Chhetri

 error: Error: Couldn't read user key in /afs/cern.ch/user/a/achhetri/.globus/userkey.pem.
Use -debug for further information.
grid-proxy-init failed

 retcode : 1
DEBUG 2021-03-16 06:01:06.935 UTC: 	 using achhetri_CRAB as credential login name
DEBUG 2021-03-16 06:01:07.240 UTC: 	 Executing : 
 command : myproxy-info -l achhetri_CRAB -s myproxy.cern.ch
 output : username: achhetri_CRAB
owner: /DC=ch/DC=cern/OU=Organic Units/OU=Users/CN=achhetri/CN=804540/CN=Arjun Chhetri
  renewal policy: /DC=ch/DC=cern/OU=computers/CN=vocms0105.cern.ch|/DC=ch/DC=cern/OU=computers/CN=crab-(preprod|prod|dev)-tw(02|01).cern.ch|/DC=ch/DC=cern/OU=computers/CN=(ddi|ddidk|mytw).cern.ch|/DC=ch/DC=cern/OU=computers/CN=stefanov(m|m2).cern.ch
  trusted retrieval policy: /DC=ch/DC=cern/OU=computers/CN=vocms0105.cern.ch|/DC=ch/DC=cern/OU=computers/CN=crab-(preprod|prod|dev)-tw(02|01).cern.ch|/DC=ch/DC=cern/OU=computers/CN=(ddi|ddidk|mytw).cern.ch|/DC=ch/DC=cern/OU=computers/CN=stefanov(m|m2).cern.ch
  timeleft: 194:50:33  (8.1 days)

 error: 
 retcode : 0
DEBUG 2021-03-16 06:01:07.241 UTC: 	 My-proxy delegated.
DEBUG 2021-03-16 06:01:07.241 UTC: 	 Result of myproxy credential check:
  Credential exists on myproxy: username: eb0e67adc2dd9eb1770413a4ffd073f562b86f05  - validity: 23 days, 5:53:04
  Credential exists on myproxy: username: achhetri_CRAB  - validity: 8 days, 2:50:33
DEBUG 2021-03-16 06:01:07.241 UTC: 	 Command use: submit
DEBUG 2021-03-16 06:01:07.241 UTC: 	 Options use: ['--config', <WMCore.Configuration.Configuration object at 0x7f31731fbe90>]
DEBUG 2021-03-16 06:01:07.347 UTC: 	 CRABClient version: v3.201110
DEBUG 2021-03-16 06:01:07.347 UTC: 	 Instance is prod
DEBUG 2021-03-16 06:01:07.347 UTC: 	 Server base url is cmsweb-k8s-prod.cern.ch
DEBUG 2021-03-16 06:01:07.347 UTC: 	 Command url /crabserver/prod/workflow
DEBUG 2021-03-16 06:01:07.347 UTC: 	 Started submission
DEBUG 2021-03-16 06:01:07.347 UTC: 	 Working on /afs/cern.ch/work/a/achhetri/NANO_AOD/CMSSW_10_6_8/src/WTopScalefactorProducer/Skimmer/NANOcrab/crab_Tprime_v5_NANo_AOD_106X/crab_TprimeB_to_TH_M1500_LH_v2
DEBUG 2021-03-16 06:01:07.455 UTC: 	 Loading required information from the environment
DEBUG 2021-03-16 06:01:07.455 UTC: 	 Found CMSSW_10_6_8 for slc7_amd64_gcc700 with base /afs/cern.ch/work/a/achhetri/NANO_AOD/CMSSW_10_6_8
DEBUG 2021-03-16 06:01:07.456 UTC: 	 Loading required information from the environment
DEBUG 2021-03-16 06:01:07.456 UTC: 	 Found CMSSW_10_6_8 for slc7_amd64_gcc700 with base /afs/cern.ch/work/a/achhetri/NANO_AOD/CMSSW_10_6_8
DEBUG 2021-03-16 06:01:07.456 UTC: 	 UNIQUE NAME: tarUUID 9c9a7100-e1df-4c10-aef2-016f6b750d89 
DEBUG 2021-03-16 06:01:07.456 UTC: 	 self.config: from WMCore.Configuration import Configuration
config = Configuration()
config.section_('General')
config.General.transferLogs = True
config.General.workArea = 'crab_Tprime_v5_NANo_AOD_106X'
config.General.requestName = 'TprimeB_to_TH_M1500_LH_v2'
config.section_('JobType')
config.JobType.scriptExe = 'crab_script_Tprime.sh'
config.JobType.pluginName = 'Analysis'
config.JobType.sendPythonFolder = True
config.JobType.allowUndistributedCMSSW = True
config.JobType.psetName = 'PSet.py'
config.JobType.inputFiles = ['TprimeBToTH_LH_RunIISummer19UL16_Skimmer.py', 'keep_and_drop_v1.txt', '../../../PhysicsTools/NanoAODTools/scripts/haddnano.py']
config.section_('Data')
config.Data.inputDataset = '/TprimeBToTH_M-1500_LH_TuneCP5_PSweights_13TeV-madgraph_pythia8/RunIISummer19UL17NanoAODv2-106X_mc2017_realistic_v8-v1/NANOAODSIM'
config.Data.outputDatasetTag = 'TprimeB_to_TH_M1500_LH_v2'
config.Data.publication = False
config.Data.unitsPerJob = 10000
config.Data.inputDBS = 'global'
config.Data.splitting = 'EventAwareLumiBased'
config.Data.outLFNDirBase = '/store/user/achhetri/Tprime_v5_NANo_AOD_106X'
config.Data.totalUnits = 400000
config.section_('Site')
config.Site.storageSite = 'T3_CH_CERNBOX'
config.section_('User')
config.section_('Debug')

DEBUG 2021-03-16 06:01:07.456 UTC: 	 self.config.JobType.psetName: PSet.py
INFO 2021-03-16 06:01:07.456 UTC: 	 Importing CMSSW configuration PSet.py
INFO 2021-03-16 06:01:07.457 UTC: 	 Finished importing CMSSW configuration PSet.py
DEBUG 2021-03-16 06:01:07.457 UTC: 	 Writing CMSSW configuration to /afs/cern.ch/work/a/achhetri/NANO_AOD/CMSSW_10_6_8/src/WTopScalefactorProducer/Skimmer/NANOcrab/crab_Tprime_v5_NANo_AOD_106X/crab_TprimeB_to_TH_M1500_LH_v2/inputs/PSet.py
DEBUG 2021-03-16 06:01:07.467 UTC: 	 The following EDM output files will be collected: ['tree.root']
DEBUG 2021-03-16 06:01:07.467 UTC: 	 The following TFile output files will be collected: []
DEBUG 2021-03-16 06:01:07.468 UTC: 	 The following user output files (not listed as PoolOuputModule or TFileService in the CMSSW PSet) will be collected: 
DEBUG 2021-03-16 06:01:07.468 UTC: 	 Loading required information from the environment
DEBUG 2021-03-16 06:01:07.468 UTC: 	 Found CMSSW_10_6_8 for slc7_amd64_gcc700 with base /afs/cern.ch/work/a/achhetri/NANO_AOD/CMSSW_10_6_8
DEBUG 2021-03-16 06:01:07.468 UTC: 	 Making tarball in /afs/cern.ch/work/a/achhetri/NANO_AOD/CMSSW_10_6_8/src/WTopScalefactorProducer/Skimmer/NANOcrab/crab_Tprime_v5_NANo_AOD_106X/crab_TprimeB_to_TH_M1500_LH_v2/inputs/9c9a7100-e1df-4c10-aef2-016f6b750d89default.tgz
DEBUG 2021-03-16 06:01:07.469 UTC: 	 Checking directory /afs/cern.ch/work/a/achhetri/NANO_AOD/CMSSW_10_6_8/lib
DEBUG 2021-03-16 06:01:07.469 UTC: 	 Adding directory /afs/cern.ch/work/a/achhetri/NANO_AOD/CMSSW_10_6_8/lib to tarball
DEBUG 2021-03-16 06:01:07.588 UTC: 	 Checking directory /afs/cern.ch/work/a/achhetri/NANO_AOD/CMSSW_10_6_8/biglib
DEBUG 2021-03-16 06:01:07.588 UTC: 	 Adding directory /afs/cern.ch/work/a/achhetri/NANO_AOD/CMSSW_10_6_8/biglib to tarball
DEBUG 2021-03-16 06:01:07.591 UTC: 	 Checking directory /afs/cern.ch/work/a/achhetri/NANO_AOD/CMSSW_10_6_8/module
DEBUG 2021-03-16 06:01:07.591 UTC: 	 Checking directory /afs/cern.ch/work/a/achhetri/NANO_AOD/CMSSW_10_6_8/python
DEBUG 2021-03-16 06:01:07.591 UTC: 	 Adding directory /afs/cern.ch/work/a/achhetri/NANO_AOD/CMSSW_10_6_8/python to tarball
DEBUG 2021-03-16 06:01:09.210 UTC: 	 Checking directory /afs/cern.ch/work/a/achhetri/NANO_AOD/CMSSW_10_6_8/cfipython
DEBUG 2021-03-16 06:01:09.211 UTC: 	 Adding directory /afs/cern.ch/work/a/achhetri/NANO_AOD/CMSSW_10_6_8/cfipython to tarball
DEBUG 2021-03-16 06:01:09.215 UTC: 	 Adding data directory /afs/cern.ch/work/a/achhetri/NANO_AOD/CMSSW_10_6_8/src/PhysicsTools/NanoAODTools/data to tarball
DEBUG 2021-03-16 06:01:20.635 UTC: 	 Adding data directory /afs/cern.ch/work/a/achhetri/NANO_AOD/CMSSW_10_6_8/src/PhysicsTools/NanoAODTools/interface to tarball
DEBUG 2021-03-16 06:01:20.641 UTC: 	 Adding data directory /afs/cern.ch/work/a/achhetri/NANO_AOD/CMSSW_10_6_8/src/PhysicsTools/NanoAODTools/python/postprocessing/data to tarball
DEBUG 2021-03-16 06:01:22.518 UTC: 	 Adding file TprimeBToTH_LH_RunIISummer19UL16_Skimmer.py to tarball
DEBUG 2021-03-16 06:01:22.518 UTC: 	 Adding file keep_and_drop_v1.txt to tarball
DEBUG 2021-03-16 06:01:22.519 UTC: 	 Adding file ../../../PhysicsTools/NanoAODTools/scripts/haddnano.py to tarball
DEBUG 2021-03-16 06:01:25.281 UTC: 	 Uploading archive /afs/cern.ch/work/a/achhetri/NANO_AOD/CMSSW_10_6_8/src/WTopScalefactorProducer/Skimmer/NANOcrab/crab_Tprime_v5_NANo_AOD_106X/crab_TprimeB_to_TH_M1500_LH_v2/inputs/9c9a7100-e1df-4c10-aef2-016f6b750d89default.tgz (55 MB) to the CRAB cache. Using URI https://cmsweb.cern.ch:8443/crabcache
DEBUG 2021-03-16 06:01:57.068 UTC: 	 Loading required information from the environment
DEBUG 2021-03-16 06:01:57.068 UTC: 	 Found CMSSW_10_6_8 for slc7_amd64_gcc700 with base /afs/cern.ch/work/a/achhetri/NANO_AOD/CMSSW_10_6_8
DEBUG 2021-03-16 06:01:57.068 UTC: 	 Making tarball in /afs/cern.ch/work/a/achhetri/NANO_AOD/CMSSW_10_6_8/src/WTopScalefactorProducer/Skimmer/NANOcrab/crab_Tprime_v5_NANo_AOD_106X/crab_TprimeB_to_TH_M1500_LH_v2/inputs/debugFiles.tgz
DEBUG 2021-03-16 06:01:57.075 UTC: 	 Uploading archive /afs/cern.ch/work/a/achhetri/NANO_AOD/CMSSW_10_6_8/src/WTopScalefactorProducer/Skimmer/NANOcrab/crab_Tprime_v5_NANo_AOD_106X/crab_TprimeB_to_TH_M1500_LH_v2/inputs/debugFiles.tgz (1 KB) to the CRAB cache. Using URI https://cmsweb.cern.ch:8443/crabcache
DEBUG 2021-03-16 06:01:57.121 UTC: 	 Result uploading input files: fc7a7651ae32a455489d7bba5472fb61254915346e808bfef548ea28c00d27f3.tar.gz 
INFO 2021-03-16 06:01:57.122 UTC: 	 Sending the request to the server at cmsweb-k8s-prod.cern.ch
DEBUG 2021-03-16 06:01:57.122 UTC: 	 Submitting {'maxjobruntime': 1250, 'extrajdl': [], 'lfn': '/store/user/achhetri/Tprime_v5_NANo_AOD_106X', 'savelogsflag': 1, 'useparent': 0, 'scriptexe': 'crab_script_Tprime.sh', 'asyncdest': 'T3_CH_CERNBOX', 'algoargs': 10000, 'cachefilename': 'fc7a7651ae32a455489d7bba5472fb61254915346e808bfef548ea28c00d27f3.tar.gz', 'numcores': 1, 'addoutputfiles': [], 'generator': 'pythia', 'maxmemory': 2000, 'publishdbsurl': 'https://cmsweb.cern.ch/dbs/prod/phys03/DBSWriter', 'priority': 10, 'jobsw': 'CMSSW_10_6_8', 'edmoutfiles': ['tree.root'], 'userfiles': [], 'primarydataset': '', 'inputdata': '/TprimeBToTH_M-1500_LH_TuneCP5_PSweights_13TeV-madgraph_pythia8/RunIISummer19UL17NanoAODv2-106X_mc2017_realistic_v8-v1/NANOAODSIM', 'ignorelocality': 0, 'dryrun': 0, 'workflow': 'crab_TprimeB_to_TH_M1500_LH_v2', 'cacheurl': u'https://cmsweb.cern.ch:8443/crabcache', 'nonprodsw': 1, 'tfileoutfiles': [], 'oneEventMode': 0, 'debugfilename': 'fb75d06bf1d0b727b51805942d363b796b08b3ce09b21040d75d32d29d437748.tar.gz', 'saveoutput': 1, 'publication': 0, 'jobarch': 'slc7_amd64_gcc700', 'totalunits': 400000, 'splitalgo': 'EventAwareLumiBased', 'ignoreglobalblacklist': 0, 'nonvaliddata': 0, 'dbsurl': 'https://cmsweb.cern.ch/dbs/prod/global/DBSReader', 'publishgroupname': 0, 'jobtype': 'Analysis', 'publishname2': 'TprimeB_to_TH_M1500_LH_v2'} 
DEBUG 2021-03-16 06:01:57.122 UTC: 	 Encoded submit request: maxjobruntime=1250&lfn=%2Fstore%2Fuser%2Fachhetri%2FTprime_v5_NANo_AOD_106X&savelogsflag=1&useparent=0&scriptexe=crab_script_Tprime.sh&asyncdest=T3_CH_CERNBOX&algoargs=10000&cachefilename=fc7a7651ae32a455489d7bba5472fb61254915346e808bfef548ea28c00d27f3.tar.gz&numcores=1&generator=pythia&maxmemory=2000&publishdbsurl=https%3A%2F%2Fcmsweb.cern.ch%2Fdbs%2Fprod%2Fphys03%2FDBSWriter&priority=10&jobsw=CMSSW_10_6_8&primarydataset=&inputdata=%2FTprimeBToTH_M-1500_LH_TuneCP5_PSweights_13TeV-madgraph_pythia8%2FRunIISummer19UL17NanoAODv2-106X_mc2017_realistic_v8-v1%2FNANOAODSIM&ignorelocality=0&dryrun=0&workflow=crab_TprimeB_to_TH_M1500_LH_v2&cacheurl=https%3A%2F%2Fcmsweb.cern.ch%3A8443%2Fcrabcache&nonprodsw=1&oneEventMode=0&debugfilename=fb75d06bf1d0b727b51805942d363b796b08b3ce09b21040d75d32d29d437748.tar.gz&saveoutput=1&publication=0&jobarch=slc7_amd64_gcc700&totalunits=400000&splitalgo=EventAwareLumiBased&ignoreglobalblacklist=0&nonvaliddata=0&dbsurl=https%3A%2F%2Fcmsweb.cern.ch%2Fdbs%2Fprod%2Fglobal%2FDBSReader&publishgroupname=0&jobtype=Analysis&publishname2=TprimeB_to_TH_M1500_LH_v2&edmoutfiles=tree.root
DEBUG 2021-03-16 06:01:57.414 UTC: 	 Result: {u'result': [{u'RequestName': u'210316_060157:achhetri_crab_TprimeB_to_TH_M1500_LH_v2'}]}
INFO 2021-03-16 06:01:57.417 UTC: 	 Success: Your task has been delivered to the prod CRAB3 server.
INFO 2021-03-16 06:01:57.417 UTC: 	 Task name: 210316_060157:achhetri_crab_TprimeB_to_TH_M1500_LH_v2
INFO 2021-03-16 06:01:57.417 UTC: 	 Project dir: crab_Tprime_v5_NANo_AOD_106X/crab_TprimeB_to_TH_M1500_LH_v2
INFO 2021-03-16 06:01:57.417 UTC: 	 Please use ' crab status -d crab_Tprime_v5_NANo_AOD_106X/crab_TprimeB_to_TH_M1500_LH_v2 ' to check how the submission process proceeds.
DEBUG 2021-03-16 06:01:57.418 UTC: 	 About to return
DEBUG 2021-03-16 06:40:04.683 UTC: 	 CRAB Client version: v3.201110
DEBUG 2021-03-16 06:40:04.683 UTC: 	 Running on: Linux lxplus700.cern.ch 3.10.0-1160.15.2.el7.x86_64 #1 SMP Wed Feb 3 15:06:38 UTC 2021 x86_64 x86_64 x86_64 GNU/Linux - CentOS Linux 7 (Core)
DEBUG 2021-03-16 06:40:04.683 UTC: 	 Executing command: 'status'
DEBUG 2021-03-16 06:40:04.684 UTC: 	 Found CRAB cache file /afs/cern.ch/user/a/achhetri/.crab3
DEBUG 2021-03-16 06:40:04.774 UTC: 	 Checking credentials
DEBUG 2021-03-16 06:40:04.775 UTC: 	 Found proxy file /afs/cern.ch/user/a/achhetri/x509up_u94350
DEBUG 2021-03-16 06:40:04.775 UTC: 	 Getting proxy life time left
DEBUG 2021-03-16 06:40:05.380 UTC: 	 Executing : 
 command : voms-proxy-info -file /afs/cern.ch/user/a/achhetri/x509up_u94350 -timeleft
 output : 688211

 error: 
 retcode : 0
DEBUG 2021-03-16 06:40:05.985 UTC: 	 Executing : 
 command : voms-proxy-info -file /afs/cern.ch/user/a/achhetri/x509up_u94350 -actimeleft
 output : 688211

 error: 
 retcode : 0
DEBUG 2021-03-16 06:40:05.985 UTC: 	 Proxy valid for 191:10:11 hours
DEBUG 2021-03-16 06:40:06.098 UTC: 	 Registering user credentials for server /DC=ch/DC=cern/OU=computers/CN=vocms0105.cern.ch|/DC=ch/DC=cern/OU=computers/CN=crab-(preprod|prod|dev)-tw(02|01).cern.ch|/DC=ch/DC=cern/OU=computers/CN=(ddi|ddidk|mytw).cern.ch|/DC=ch/DC=cern/OU=computers/CN=stefanov(m|m2).cern.ch
DEBUG 2021-03-16 06:40:06.710 UTC: 	 Executing : 
 command : voms-proxy-info -file /afs/cern.ch/user/a/achhetri/x509up_u94350 -identity
 output : /DC=ch/DC=cern/OU=Organic Units/OU=Users/CN=achhetri/CN=804540/CN=Arjun Chhetri

 error: 
 retcode : 0
DEBUG 2021-03-16 06:40:06.717 UTC: 	 Getting myproxy life time left for myproxy.cern.ch
DEBUG 2021-03-16 06:40:06.718 UTC: 	 using eb0e67adc2dd9eb1770413a4ffd073f562b86f05 as credential login name
DEBUG 2021-03-16 06:40:07.022 UTC: 	 Executing : 
 command : myproxy-info -l eb0e67adc2dd9eb1770413a4ffd073f562b86f05 -s myproxy.cern.ch
 output : username: eb0e67adc2dd9eb1770413a4ffd073f562b86f05
owner: /DC=ch/DC=cern/OU=Organic Units/OU=Users/CN=achhetri/CN=804540/CN=Arjun Chhetri
  renewal policy: /DC=ch/DC=cern/OU=computers/CN=vocms0105.cern.ch|/DC=ch/DC=cern/OU=computers/CN=crab-(preprod|prod|dev)-tw(02|01).cern.ch|/DC=ch/DC=cern/OU=computers/CN=(ddi|ddidk|mytw).cern.ch|/DC=ch/DC=cern/OU=computers/CN=stefanov(m|m2).cern.ch
  trusted retrieval policy: /DC=ch/DC=cern/OU=computers/CN=vocms0105.cern.ch|/DC=ch/DC=cern/OU=computers/CN=crab-(preprod|prod|dev)-tw(02|01).cern.ch|/DC=ch/DC=cern/OU=computers/CN=(ddi|ddidk|mytw).cern.ch|/DC=ch/DC=cern/OU=computers/CN=stefanov(m|m2).cern.ch
  timeleft: 557:14:02  (23.2 days)

 error: 
 retcode : 0
DEBUG 2021-03-16 06:40:07.023 UTC: 	 Myproxy is valid: 2006042
DEBUG 2021-03-16 06:40:07.023 UTC: 	 Retrieving username ...
DEBUG 2021-03-16 06:40:07.023 UTC: 	 Retrieving username from CRIC...
DEBUG 2021-03-16 06:40:08.019 UTC: 	 username is achhetri
DEBUG 2021-03-16 06:40:08.026 UTC: 	 Getting myproxy life time left for myproxy.cern.ch
DEBUG 2021-03-16 06:40:08.026 UTC: 	 using achhetri_CRAB as credential login name
DEBUG 2021-03-16 06:40:08.338 UTC: 	 Executing : 
 command : myproxy-info -l achhetri_CRAB -s myproxy.cern.ch
 output : username: achhetri_CRAB
owner: /DC=ch/DC=cern/OU=Organic Units/OU=Users/CN=achhetri/CN=804540/CN=Arjun Chhetri
  renewal policy: /DC=ch/DC=cern/OU=computers/CN=vocms0105.cern.ch|/DC=ch/DC=cern/OU=computers/CN=crab-(preprod|prod|dev)-tw(02|01).cern.ch|/DC=ch/DC=cern/OU=computers/CN=(ddi|ddidk|mytw).cern.ch|/DC=ch/DC=cern/OU=computers/CN=stefanov(m|m2).cern.ch
  trusted retrieval policy: /DC=ch/DC=cern/OU=computers/CN=vocms0105.cern.ch|/DC=ch/DC=cern/OU=computers/CN=crab-(preprod|prod|dev)-tw(02|01).cern.ch|/DC=ch/DC=cern/OU=computers/CN=(ddi|ddidk|mytw).cern.ch|/DC=ch/DC=cern/OU=computers/CN=stefanov(m|m2).cern.ch
  timeleft: 194:11:32  (8.1 days)

 error: 
 retcode : 0
DEBUG 2021-03-16 06:40:08.338 UTC: 	 Myproxy is valid: 699092
DEBUG 2021-03-16 06:40:08.443 UTC: 	 Executing : 
 command : openssl x509 -noout -in ~/.globus/usercert.pem -dates
 output : notBefore=Nov 11 12:18:59 2020 GMT
notAfter=Dec 16 12:18:59 2021 GMT

 error: 
 retcode : 0
DEBUG 2021-03-16 06:40:08.447 UTC: 	 Delegating a myproxy for 720:00 hours
DEBUG 2021-03-16 06:40:08.447 UTC: 	 using achhetri_CRAB as credential login name
DEBUG 2021-03-16 06:40:10.657 UTC: 	 Executing : 
 command : export GT_PROXY_MODE=rfc ; myproxy-init -d -n -s myproxy.cern.ch -x -R '/DC=ch/DC=cern/OU=computers/CN=vocms0105.cern.ch|/DC=ch/DC=cern/OU=computers/CN=crab-(preprod|prod|dev)-tw(02|01).cern.ch|/DC=ch/DC=cern/OU=computers/CN=(ddi|ddidk|mytw).cern.ch|/DC=ch/DC=cern/OU=computers/CN=stefanov(m|m2).cern.ch' -x -Z '/DC=ch/DC=cern/OU=computers/CN=vocms0105.cern.ch|/DC=ch/DC=cern/OU=computers/CN=crab-(preprod|prod|dev)-tw(02|01).cern.ch|/DC=ch/DC=cern/OU=computers/CN=(ddi|ddidk|mytw).cern.ch|/DC=ch/DC=cern/OU=computers/CN=stefanov(m|m2).cern.ch' -l 'achhetri_CRAB' -t 168:00 -c 720:00
 output : Your identity: /DC=ch/DC=cern/OU=Organic Units/OU=Users/CN=achhetri/CN=804540/CN=Arjun Chhetri

 error: Error: Couldn't read user key in /afs/cern.ch/user/a/achhetri/.globus/userkey.pem.
Use -debug for further information.
grid-proxy-init failed

 retcode : 1
DEBUG 2021-03-16 06:40:10.657 UTC: 	 using achhetri_CRAB as credential login name
DEBUG 2021-03-16 06:40:10.963 UTC: 	 Executing : 
 command : myproxy-info -l achhetri_CRAB -s myproxy.cern.ch
 output : username: achhetri_CRAB
owner: /DC=ch/DC=cern/OU=Organic Units/OU=Users/CN=achhetri/CN=804540/CN=Arjun Chhetri
  renewal policy: /DC=ch/DC=cern/OU=computers/CN=vocms0105.cern.ch|/DC=ch/DC=cern/OU=computers/CN=crab-(preprod|prod|dev)-tw(02|01).cern.ch|/DC=ch/DC=cern/OU=computers/CN=(ddi|ddidk|mytw).cern.ch|/DC=ch/DC=cern/OU=computers/CN=stefanov(m|m2).cern.ch
  trusted retrieval policy: /DC=ch/DC=cern/OU=computers/CN=vocms0105.cern.ch|/DC=ch/DC=cern/OU=computers/CN=crab-(preprod|prod|dev)-tw(02|01).cern.ch|/DC=ch/DC=cern/OU=computers/CN=(ddi|ddidk|mytw).cern.ch|/DC=ch/DC=cern/OU=computers/CN=stefanov(m|m2).cern.ch
  timeleft: 194:11:30  (8.1 days)

 error: 
 retcode : 0
DEBUG 2021-03-16 06:40:10.963 UTC: 	 My-proxy delegated.
DEBUG 2021-03-16 06:40:10.963 UTC: 	 Result of myproxy credential check:
  Credential exists on myproxy: username: eb0e67adc2dd9eb1770413a4ffd073f562b86f05  - validity: 23 days, 5:14:02
  Credential exists on myproxy: username: achhetri_CRAB  - validity: 8 days, 2:11:30
DEBUG 2021-03-16 06:40:10.964 UTC: 	 Command use: status
DEBUG 2021-03-16 06:40:10.964 UTC: 	 Options use: ['-d', 'crab_Tprime_v5_NANo_AOD_106X/crab_TprimeB_to_TH_M1500_LH_v2/']
DEBUG 2021-03-16 06:40:11.038 UTC: 	 CRABClient version: v3.201110
DEBUG 2021-03-16 06:40:11.038 UTC: 	 Instance is prod
DEBUG 2021-03-16 06:40:11.038 UTC: 	 Server base url is cmsweb-k8s-prod.cern.ch
DEBUG 2021-03-16 06:40:11.039 UTC: 	 Command url /crabserver/prod/workflow
DEBUG 2021-03-16 06:40:11.144 UTC: 	 Got information from server oracle database: {u'result': [u'210316_060157:achhetri_crab_TprimeB_to_TH_M1500_LH_v2', u'None', u'None', u'SUBMITTED', u'SUBMIT', u'2021-03-16 06:01:57.406875', u'None', u'2021-03-16 06:02:48.452806', u'None', u'CMSSW_10_6_8', u'slc7_amd64_gcc700', u'/TprimeBToTH_M-1500_LH_TuneCP5_PSweights_13TeV-madgraph_pythia8/RunIISummer19UL17NanoAODv2-106X_mc2017_realistic_v8-v1/NANOAODSIM', u'F', u'0', u'[]', u'[]', u'EventAwareLumiBased', u"{'splitOnRun': False, 'events_per_job': 10000, 'halt_job_on_file_boundaries': False, 'runs': [], 'lumis': []}", u'fc7a7651ae32a455489d7bba5472fb61254915346e808bfef548ea28c00d27f3.tar.gz', u'https://cmsweb.cern.ch:8443/crabcache', u'achhetri', u'/DC=ch/DC=cern/OU=Organic Units/OU=Users/CN=achhetri/CN=804540/CN=Arjun Chhetri', u'cms', u'None', u'None', u'TprimeB_to_TH_M1500_LH_v2-00000000000000000000000000000000', u'F', u'T3_CH_CERNBOX', u'https://cmsweb.cern.ch/dbs/prod/global/DBSReader', u'https://cmsweb.cern.ch/dbs/prod/phys03/DBSWriter', u'F', u'[]', u'[]', u"['tree.root']", u'Analysis', u'pythia', u'None', u'{}', u'[]', u'T', u'crab-prod-tw01', u'[]', u'1250', u'1', u'2000', u'10', u"['/TprimeBToTH_M-1500_LH_TuneCP5_PSweights_13TeV-madgraph_pythia8/achhetri-TprimeB_to_TH_M1500_LH_v2-5d8f93ee2ba2db6b402c7167473e2950/USER']", u'[]', u'http://vocms0120.cern.ch/mon/cms341/210316_060157:achhetri_crab_TprimeB_to_TH_M1500_LH_v2', u'crab_script_Tprime.sh', u'[]', u'[]', u'https://cmsweb.cern.ch/crabserver/prod', u'cmsgwms-collector-global.cern.ch:9620,cmsgwms-collector-global.fnal.gov', u'crab3@vocms0120.cern.ch', u'F', u'[]', u'T', u'/store/user/achhetri/Tprime_v5_NANo_AOD_106X', u'F', u'None', u'F', u'None', u'TprimeBToTH_M-1500_LH_TuneCP5_PSweights_13TeV-madgraph_pythia8', u'None', u'fb75d06bf1d0b727b51805942d363b796b08b3ce09b21040d75d32d29d437748.tar.gz', u'63992909', u'filetransfers', u'F', u'188.184.97.219', u'400000.0', u'None'], u'desc': {u'columns': [u'tm_taskname', u'tm_activity', u'panda_jobset_id', u'tm_task_status', u'tm_task_command', u'tm_start_time', u'tm_start_injection', u'tm_end_injection', u'tm_task_failure', u'tm_job_sw', u'tm_job_arch', u'tm_input_dataset', u'tm_nonvalid_input_dataset', u'tm_use_parent', u'tm_site_whitelist', u'tm_site_blacklist', u'tm_split_algo', u'tm_split_args', u'tm_user_sandbox', u'tm_cache_url', u'tm_username', u'tm_user_dn', u'tm_user_vo', u'tm_user_role', u'tm_user_group', u'tm_publish_name', u'tm_publish_groupname', u'tm_asyncdest', u'tm_dbs_url', u'tm_publish_dbs_url', u'tm_publication', u'tm_outfiles', u'tm_tfile_outfiles', u'tm_edm_outfiles', u'tm_job_type', u'tm_generator', u'tm_events_per_lumi', u'tm_arguments', u'panda_resubmitted_jobs', u'tm_save_logs', u'tw_name', u'tm_user_infiles', u'tm_maxjobruntime', u'tm_numcores', u'tm_maxmemory', u'tm_priority', u'tm_output_dataset', u'tm_task_warnings', u'tm_user_webdir', u'tm_scriptexe', u'tm_scriptargs', u'tm_extrajdl', u'tm_asourl', u'tm_collector', u'tm_schedd', u'tm_dry_run', u'tm_user_files', u'tm_transfer_outputs', u'tm_output_lfn', u'tm_ignore_locality', u'tm_fail_limit', u'tm_one_event_mode', u'tm_secondary_input_dataset', u'tm_primary_dataset', u'tm_last_publication', u'tm_debug_files', u'clusterid', u'tm_asodb', u'tm_ignore_global_blacklist', u'tm_submitter_ip_addr', u'tm_totalunits', u'tm_ddm_reqid']}}
INFO 2021-03-16 06:40:11.144 UTC: 	 CRAB project directory:		/afs/cern.ch/work/a/achhetri/NANO_AOD/CMSSW_10_6_8/src/WTopScalefactorProducer/Skimmer/NANOcrab/crab_Tprime_v5_NANo_AOD_106X/crab_TprimeB_to_TH_M1500_LH_v2
INFO 2021-03-16 06:40:11.145 UTC: 	 Task name:			210316_060157:achhetri_crab_TprimeB_to_TH_M1500_LH_v2
INFO 2021-03-16 06:40:11.145 UTC: 	 Grid scheduler - Task Worker:	crab3@vocms0120.cern.ch - crab-prod-tw01
INFO 2021-03-16 06:40:11.145 UTC: 	 Status on the CRAB server:	SUBMITTED
INFO 2021-03-16 06:40:11.145 UTC: 	 Task URL to use for HELP:	https://cmsweb-k8s-prod.cern.ch/crabserver/ui/task/210316_060157%3Aachhetri_crab_TprimeB_to_TH_M1500_LH_v2
INFO 2021-03-16 06:40:11.146 UTC: 	 Dashboard monitoring URL:	https://monit-grafana.cern.ch/d/cmsTMDetail/cms-task-monitoring-task-view?orgId=11&var-user=achhetri&var-task=210316_060157%3Aachhetri_crab_TprimeB_to_TH_M1500_LH_v2&from=1615870917000&to=now
INFO 2021-03-16 06:40:11.146 UTC: 	 In case of issues with the dashboard, please provide feedback to hn-cms-computing-tools@cern.ch
DEBUG 2021-03-16 06:40:11.146 UTC: 	 The CRAB server submitted your task to the Grid scheduler (cluster ID: 63992909)
DEBUG 2021-03-16 06:40:11.146 UTC: 	 Webdir is located at http://vocms0120.cern.ch/mon/cms341/210316_060157:achhetri_crab_TprimeB_to_TH_M1500_LH_v2
DEBUG 2021-03-16 06:40:11.269 UTC: 	 Proxied webdir is located at https://cmsweb.cern.ch:8443/scheddmon/0120/cms341/210316_060157:achhetri_crab_TprimeB_to_TH_M1500_LH_v2
DEBUG 2021-03-16 06:40:11.269 UTC: 	 Retrieving 'status_cache' file from https://cmsweb.cern.ch:8443/scheddmon/0120/cms341/210316_060157:achhetri_crab_TprimeB_to_TH_M1500_LH_v2/status_cache
DEBUG 2021-03-16 06:40:11.312 UTC: 	 Got information from status cache file: {'42': {'Retries': 0, 'WallDurations': [9.0, 212.86045289039612, 285.0], 'StartTimes': [1615874739.0], 'SubmitTimes': [1615874584.0], 'JobIds': ['63992953.0'], 'EndTimes': [1615875024.0], 'Restarts': 0, 'RecordedSite': True, 'State': 'transferring', 'ResidentSetSize': [2968], 'TotalUserCpuTimeHistory': [130], 'SiteHistory': ['Unknown', 'T3_UK_ScotGrid_GLA', 'T3_UK_ScotGrid_GLA'], 'TotalSysCpuTimeHistory': [7]}, '24': {'Retries': 0, 'WallDurations': [8.0, 201.86045289039612, 639.0], 'StartTimes': [1615874750.0], 'SubmitTimes': [1615874582.0], 'JobIds': ['63992935.0'], 'EndTimes': [1615875389.0], 'Restarts': 0, 'RecordedSite': True, 'State': 'transferring', 'ResidentSetSize': [503832], 'TotalUserCpuTimeHistory': [284], 'SiteHistory': ['Unknown', 'T2_BE_UCL', 'T2_BE_UCL'], 'TotalSysCpuTimeHistory': [24]}, '25': {'Retries': 0, 'WallDurations': [8.0, 210.86045289039612, 474.0], 'StartTimes': [1615874741.0], 'SubmitTimes': [1615874582.0], 'JobIds': ['63992936.0'], 'EndTimes': [1615875215.0], 'Restarts': 0, 'RecordedSite': True, 'State': 'transferring', 'ResidentSetSize': [31240], 'TotalUserCpuTimeHistory': [155], 'SiteHistory': ['Unknown', 'T2_BE_UCL', 'T2_BE_UCL'], 'TotalSysCpuTimeHistory': [7]}, '26': {'Retries': 0, 'WallDurations': [9.0, 203.86045289039612, 596.0], 'StartTimes': [1615874748.0], 'SubmitTimes': [1615874582.0], 'JobIds': ['63992937.0'], 'EndTimes': [1615875344.0], 'Restarts': 0, 'RecordedSite': True, 'State': 'transferring', 'ResidentSetSize': [591344], 'TotalUserCpuTimeHistory': [258], 'SiteHistory': ['Unknown', 'T2_BE_UCL', 'T2_BE_UCL'], 'TotalSysCpuTimeHistory': [22]}, '27': {'Retries': 0, 'WallDurations': [8.0, 201.86045289039612, 625.0], 'StartTimes': [1615874750.0], 'SubmitTimes': [1615874582.0], 'JobIds': ['63992938.0'], 'EndTimes': [1615875375.0], 'Restarts': 0, 'RecordedSite': True, 'State': 'transferring', 'ResidentSetSize': [504944], 'TotalUserCpuTimeHistory': [284], 'SiteHistory': ['Unknown', 'T2_BE_UCL', 'T2_BE_UCL'], 'TotalSysCpuTimeHistory': [25]}, '20': {'Retries': 0, 'WallDurations': [9.0, 207.86045289039612, 531.0], 'StartTimes': [1615874744.0], 'SubmitTimes': [1615874582.0], 'JobIds': ['63992932.0'], 'EndTimes': [1615875275.0], 'Restarts': 0, 'RecordedSite': True, 'State': 'transferring', 'ResidentSetSize': [31320], 'TotalUserCpuTimeHistory': [223], 'SiteHistory': ['Unknown', 'T2_BE_UCL', 'T2_BE_UCL'], 'TotalSysCpuTimeHistory': [10]}, '21': {'Retries': 0, 'WallDurations': [9.0, 206.86045289039612, 561.0], 'StartTimes': [1615874745.0], 'SubmitTimes': [1615874576.0], 'JobIds': ['63992930.0'], 'EndTimes': [1615875306.0], 'Restarts': 0, 'RecordedSite': True, 'State': 'transferring', 'ResidentSetSize': [60500], 'TotalUserCpuTimeHistory': [235], 'SiteHistory': ['Unknown', 'T2_BE_UCL', 'T2_BE_UCL'], 'TotalSysCpuTimeHistory': [14]}, '22': {'Retries': 0, 'WallDurations': [9.0, 209.86045289039612, 783.0], 'StartTimes': [1615874742.0], 'SubmitTimes': [1615874582.0], 'JobIds': ['63992933.0'], 'EndTimes': [1615875525.0], 'Restarts': 0, 'RecordedSite': True, 'State': 'transferring', 'ResidentSetSize': [491832], 'TotalUserCpuTimeHistory': [425], 'SiteHistory': ['Unknown', 'T2_BE_UCL', 'T2_BE_UCL'], 'TotalSysCpuTimeHistory': [29]}, '23': {'Retries': 0, 'WallDurations': [8.0, 203.86045289039612, 644.0], 'StartTimes': [1615874748.0], 'SubmitTimes': [1615874582.0], 'JobIds': ['63992934.0'], 'EndTimes': [1615875392.0], 'Restarts': 0, 'RecordedSite': True, 'State': 'transferring', 'ResidentSetSize': [477760], 'TotalUserCpuTimeHistory': [313], 'SiteHistory': ['Unknown', 'T2_BE_UCL', 'T2_BE_UCL'], 'TotalSysCpuTimeHistory': [26]}, '28': {'Retries': 0, 'WallDurations': [9.0, 208.86045289039612, 599.0], 'StartTimes': [1615874743.0], 'SubmitTimes': [1615874582.0], 'JobIds': ['63992939.0'], 'EndTimes': [1615875342.0], 'Restarts': 0, 'RecordedSite': True, 'State': 'transferring', 'ResidentSetSize': [517776], 'TotalUserCpuTimeHistory': [285], 'SiteHistory': ['Unknown', 'T2_BE_UCL', 'T2_BE_UCL'], 'TotalSysCpuTimeHistory': [17]}, '29': {'Retries': 0, 'WallDurations': [9.0, 204.86045289039612, 542.0], 'StartTimes': [1615874747.0], 'SubmitTimes': [1615874583.0], 'JobIds': ['63992940.0'], 'EndTimes': [1615875289.0], 'Restarts': 0, 'RecordedSite': True, 'State': 'transferring', 'ResidentSetSize': [42408], 'TotalUserCpuTimeHistory': [217], 'SiteHistory': ['Unknown', 'T2_BE_UCL', 'T2_BE_UCL'], 'TotalSysCpuTimeHistory': [12]}, '40': {'Retries': 0, 'WallDurations': [8.0, 206.86045289039612, 555.0], 'StartTimes': [1615874745.0], 'SubmitTimes': [1615874584.0], 'JobIds': ['63992954.0'], 'EndTimes': [1615875300.0], 'Restarts': 0, 'RecordedSite': True, 'State': 'transferring', 'ResidentSetSize': [198916], 'TotalUserCpuTimeHistory': [238], 'SiteHistory': ['Unknown', 'T2_BE_UCL', 'T2_BE_UCL'], 'TotalSysCpuTimeHistory': [15]}, '41': {'Retries': 0, 'WallDurations': [8.0, 208.86045289039612, 505.0], 'StartTimes': [1615874743.0], 'SubmitTimes': [1615874584.0], 'JobIds': ['63992952.0'], 'EndTimes': [1615875248.0], 'Restarts': 0, 'RecordedSite': True, 'State': 'transferring', 'ResidentSetSize': [33000], 'TotalUserCpuTimeHistory': [194], 'SiteHistory': ['Unknown', 'T2_BE_UCL', 'T2_BE_UCL'], 'TotalSysCpuTimeHistory': [10]}, '1': {'Retries': 0, 'WallDurations': [8.0, 124.86045289039612, 239.0], 'StartTimes': [1615874827.0], 'SubmitTimes': [1615874574.0], 'JobIds': ['63992912.0'], 'EndTimes': [1615875066.0], 'Restarts': 0, 'RecordedSite': True, 'State': 'transferring', 'ResidentSetSize': [2844], 'TotalUserCpuTimeHistory': [181], 'SiteHistory': ['Unknown', 'T1_RU_JINR', 'T1_RU_JINR'], 'TotalSysCpuTimeHistory': [11]}, '3': {'Retries': 0, 'WallDurations': [8.0, 132.86045289039612, 190.0], 'StartTimes': [1615874819.0], 'SubmitTimes': [1615874574.0], 'JobIds': ['63992914.0'], 'EndTimes': [1615875009.0], 'Restarts': 0, 'RecordedSite': True, 'State': 'transferring', 'ResidentSetSize': [3036], 'TotalUserCpuTimeHistory': [138], 'SiteHistory': ['Unknown', 'T1_RU_JINR', 'T1_RU_JINR'], 'TotalSysCpuTimeHistory': [8]}, '2': {'Retries': 0, 'WallDurations': [9.0, 144.86045289039612, 379.0], 'StartTimes': [1615874807.0], 'SubmitTimes': [1615874574.0], 'JobIds': ['63992913.0'], 'EndTimes': [1615875186.0], 'Restarts': 0, 'RecordedSite': True, 'State': 'finished', 'ResidentSetSize': [33416], 'TotalUserCpuTimeHistory': [186], 'SiteHistory': ['Unknown', 'T1_US_FNAL', 'T1_US_FNAL'], 'TotalSysCpuTimeHistory': [20]}, '5': {'Retries': 0, 'WallDurations': [9.0, 139.86045289039612, 239.0], 'StartTimes': [1615874812.0], 'SubmitTimes': [1615874574.0], 'JobIds': ['63992916.0'], 'EndTimes': [1615875051.0], 'Restarts': 0, 'RecordedSite': True, 'State': 'transferring', 'ResidentSetSize': [7576], 'TotalUserCpuTimeHistory': [129], 'SiteHistory': ['Unknown', 'T1_UK_RAL', 'T1_UK_RAL'], 'TotalSysCpuTimeHistory': [7]}, '4': {'Retries': 0, 'WallDurations': [9.0, 139.86045289039612, 240.0], 'StartTimes': [1615874812.0], 'SubmitTimes': [1615874574.0], 'JobIds': ['63992915.0'], 'EndTimes': [1615875052.0], 'Restarts': 0, 'RecordedSite': True, 'State': 'finished', 'ResidentSetSize': [3976], 'TotalUserCpuTimeHistory': [42], 'SiteHistory': ['Unknown', 'T1_US_FNAL', 'T1_US_FNAL'], 'TotalSysCpuTimeHistory': [6]}, '7': {'Retries': 0, 'WallDurations': [9.0, 210.86045289039612, 612.0], 'StartTimes': [1615874741.0], 'SubmitTimes': [1615874575.0], 'JobIds': ['63992919.0'], 'EndTimes': [1615875353.0], 'Restarts': 0, 'RecordedSite': True, 'State': 'transferring', 'ResidentSetSize': [503808], 'TotalUserCpuTimeHistory': [278], 'SiteHistory': ['Unknown', 'T2_BE_UCL', 'T2_BE_UCL'], 'TotalSysCpuTimeHistory': [22]}, '6': {'Retries': 0, 'WallDurations': [160.0, 211.86045289039612, 211.86045289039612], 'StartTimes': [1615874740.0], 'SubmitTimes': [1615874574.0], 'JobIds': ['63992917.0'], 'EndTimes': [1615874900.0], 'Restarts': 0, 'RecordedSite': True, 'State': 'finished', 'ResidentSetSize': [2924], 'TotalUserCpuTimeHistory': [101], 'SiteHistory': ['Unknown', 'T2_BE_IIHE', 'T2_BE_IIHE'], 'TotalSysCpuTimeHistory': [6]}, '9': {'Retries': 0, 'WallDurations': [8.0, 206.86045289039612, 780.0], 'StartTimes': [1615874745.0], 'SubmitTimes': [1615874575.0], 'JobIds': ['63992920.0'], 'EndTimes': [1615875525.0], 'Restarts': 0, 'RecordedSite': True, 'State': 'transferring', 'ResidentSetSize': [491856], 'TotalUserCpuTimeHistory': [427], 'SiteHistory': ['Unknown', 'T2_BE_UCL', 'T2_BE_UCL'], 'TotalSysCpuTimeHistory': [26]}, '8': {'Retries': 0, 'WallDurations': [8.0, 203.86045289039612, 562.0], 'StartTimes': [1615874748.0], 'SubmitTimes': [1615874575.0], 'JobIds': ['63992918.0'], 'EndTimes': [1615875310.0], 'Restarts': 0, 'RecordedSite': True, 'State': 'transferring', 'ResidentSetSize': [53964], 'TotalUserCpuTimeHistory': [225], 'SiteHistory': ['Unknown', 'T2_BE_UCL', 'T2_BE_UCL'], 'TotalSysCpuTimeHistory': [17]}, '39': {'Retries': 0, 'WallDurations': [9.0, 202.86045289039612, 663.0], 'StartTimes': [1615874749.0], 'SubmitTimes': [1615874584.0], 'JobIds': ['63992951.0'], 'EndTimes': [1615875412.0], 'Restarts': 0, 'RecordedSite': True, 'State': 'transferring', 'ResidentSetSize': [502448], 'TotalUserCpuTimeHistory': [313], 'SiteHistory': ['Unknown', 'T2_BE_UCL', 'T2_BE_UCL'], 'TotalSysCpuTimeHistory': [28]}, '38': {'Retries': 0, 'WallDurations': [8.0, 208.86045289039612, 442.0], 'StartTimes': [1615874743.0], 'SubmitTimes': [1615874584.0], 'JobIds': ['63992950.0'], 'EndTimes': [1615875185.0], 'Restarts': 0, 'RecordedSite': True, 'State': 'transferring', 'ResidentSetSize': [50504], 'TotalUserCpuTimeHistory': [127], 'SiteHistory': ['Unknown', 'T2_BE_UCL', 'T2_BE_UCL'], 'TotalSysCpuTimeHistory': [7]}, '11': {'Retries': 0, 'WallDurations': [9.0, 212.86045289039612, 630.0], 'StartTimes': [1615874739.0], 'SubmitTimes': [1615874575.0], 'JobIds': ['63992921.0'], 'EndTimes': [1615875369.0], 'Restarts': 0, 'RecordedSite': True, 'State': 'transferring', 'ResidentSetSize': [478252], 'TotalUserCpuTimeHistory': [280], 'SiteHistory': ['Unknown', 'T2_BE_UCL', 'T2_BE_UCL'], 'TotalSysCpuTimeHistory': [25]}, '10': {'Retries': 0, 'WallDurations': [9.0, 206.86045289039612, 651.0], 'StartTimes': [1615874745.0], 'SubmitTimes': [1615874575.0], 'JobIds': ['63992922.0'], 'EndTimes': [1615875396.0], 'Restarts': 0, 'RecordedSite': True, 'State': 'transferring', 'ResidentSetSize': [488260], 'TotalUserCpuTimeHistory': [313], 'SiteHistory': ['Unknown', 'T2_BE_UCL', 'T2_BE_UCL'], 'TotalSysCpuTimeHistory': [26]}, '13': {'Retries': 0, 'WallDurations': [10.0, 203.86045289039612, 654.0], 'StartTimes': [1615874748.0], 'SubmitTimes': [1615874575.0], 'JobIds': ['63992925.0'], 'EndTimes': [1615875402.0], 'Restarts': 0, 'RecordedSite': True, 'State': 'transferring', 'ResidentSetSize': [502712], 'TotalUserCpuTimeHistory': [315], 'SiteHistory': ['Unknown', 'T2_BE_UCL', 'T2_BE_UCL'], 'TotalSysCpuTimeHistory': [26]}, '12': {'Retries': 0, 'WallDurations': [8.0, 207.86045289039612, 562.0], 'StartTimes': [1615874744.0], 'SubmitTimes': [1615874575.0], 'JobIds': ['63992923.0'], 'EndTimes': [1615875306.0], 'Restarts': 0, 'RecordedSite': True, 'State': 'transferring', 'ResidentSetSize': [57344], 'TotalUserCpuTimeHistory': [237], 'SiteHistory': ['Unknown', 'T2_BE_UCL', 'T2_BE_UCL'], 'TotalSysCpuTimeHistory': [13]}, '15': {'Retries': 0, 'WallDurations': [8.0, 211.86045289039612, 594.0], 'StartTimes': [1615874740.0], 'SubmitTimes': [1615874576.0], 'JobIds': ['63992927.0'], 'EndTimes': [1615875334.0], 'Restarts': 0, 'RecordedSite': True, 'State': 'transferring', 'ResidentSetSize': [593908], 'TotalUserCpuTimeHistory': [275], 'SiteHistory': ['Unknown', 'T2_BE_UCL', 'T2_BE_UCL'], 'TotalSysCpuTimeHistory': [16]}, '14': {'Retries': 0, 'WallDurations': [9.0, 208.86045289039612, 531.0], 'StartTimes': [1615874743.0], 'SubmitTimes': [1615874575.0], 'JobIds': ['63992926.0'], 'EndTimes': [1615875274.0], 'Restarts': 0, 'RecordedSite': True, 'State': 'transferring', 'ResidentSetSize': [36748], 'TotalUserCpuTimeHistory': [222], 'SiteHistory': ['Unknown', 'T2_BE_UCL', 'T2_BE_UCL'], 'TotalSysCpuTimeHistory': [10]}, '17': {'Retries': 0, 'WallDurations': [8.0, 205.86045289039612, 601.0], 'StartTimes': [1615874746.0], 'SubmitTimes': [1615874576.0], 'JobIds': ['63992929.0'], 'EndTimes': [1615875347.0], 'Restarts': 0, 'RecordedSite': True, 'State': 'transferring', 'ResidentSetSize': [515120], 'TotalUserCpuTimeHistory': [282], 'SiteHistory': ['Unknown', 'T2_BE_UCL', 'T2_BE_UCL'], 'TotalSysCpuTimeHistory': [16]}, '16': {'Retries': 0, 'WallDurations': [9.0, 211.86045289039612, 442.0], 'StartTimes': [1615874740.0], 'SubmitTimes': [1615874575.0], 'JobIds': ['63992924.0'], 'EndTimes': [1615875182.0], 'Restarts': 0, 'RecordedSite': True, 'State': 'transferring', 'ResidentSetSize': [45836], 'TotalUserCpuTimeHistory': [118], 'SiteHistory': ['Unknown', 'T2_BE_UCL', 'T2_BE_UCL'], 'TotalSysCpuTimeHistory': [7]}, '19': {'Retries': 0, 'WallDurations': [9.0, 211.86045289039612, 455.0], 'StartTimes': [1615874740.0], 'SubmitTimes': [1615874581.0], 'JobIds': ['63992931.0'], 'EndTimes': [1615875195.0], 'Restarts': 0, 'RecordedSite': True, 'State': 'transferring', 'ResidentSetSize': [45884], 'TotalUserCpuTimeHistory': [132], 'SiteHistory': ['Unknown', 'T2_BE_UCL', 'T2_BE_UCL'], 'TotalSysCpuTimeHistory': [7]}, '18': {'Retries': 0, 'WallDurations': [9.0, 206.86045289039612, 643.0], 'StartTimes': [1615874745.0], 'SubmitTimes': [1615874576.0], 'JobIds': ['63992928.0'], 'EndTimes': [1615875388.0], 'Restarts': 0, 'RecordedSite': True, 'State': 'transferring', 'ResidentSetSize': [505824], 'TotalUserCpuTimeHistory': [289], 'SiteHistory': ['Unknown', 'T2_BE_UCL', 'T2_BE_UCL'], 'TotalSysCpuTimeHistory': [25]}, '31': {'Retries': 0, 'WallDurations': [9.0, 205.86045289039612, 792.0], 'StartTimes': [1615874746.0], 'SubmitTimes': [1615874583.0], 'JobIds': ['63992942.0'], 'EndTimes': [1615875538.0], 'Restarts': 0, 'RecordedSite': True, 'State': 'transferring', 'ResidentSetSize': [494044], 'TotalUserCpuTimeHistory': [438], 'SiteHistory': ['Unknown', 'T2_BE_UCL', 'T2_BE_UCL'], 'TotalSysCpuTimeHistory': [33]}, '30': {'Retries': 0, 'WallDurations': [9.0, 206.86045289039612, 459.0], 'StartTimes': [1615874745.0], 'SubmitTimes': [1615874583.0], 'JobIds': ['63992941.0'], 'EndTimes': [1615875204.0], 'Restarts': 0, 'RecordedSite': True, 'State': 'transferring', 'ResidentSetSize': [34920], 'TotalUserCpuTimeHistory': [145], 'SiteHistory': ['Unknown', 'T2_BE_UCL', 'T2_BE_UCL'], 'TotalSysCpuTimeHistory': [8]}, '37': {'Retries': 0, 'WallDurations': [8.0, 204.86045289039612, 629.0], 'StartTimes': [1615874747.0], 'SubmitTimes': [1615874583.0], 'JobIds': ['63992949.0'], 'EndTimes': [1615875376.0], 'Restarts': 0, 'RecordedSite': True, 'State': 'transferring', 'ResidentSetSize': [479316], 'TotalUserCpuTimeHistory': [292], 'SiteHistory': ['Unknown', 'T2_BE_UCL', 'T2_BE_UCL'], 'TotalSysCpuTimeHistory': [26]}, '36': {'Retries': 0, 'WallDurations': [9.0, 208.86045289039612, 599.0], 'StartTimes': [1615874743.0], 'SubmitTimes': [1615874583.0], 'JobIds': ['63992948.0'], 'EndTimes': [1615875342.0], 'Restarts': 0, 'RecordedSite': True, 'State': 'transferring', 'ResidentSetSize': [516408], 'TotalUserCpuTimeHistory': [275], 'SiteHistory': ['Unknown', 'T2_BE_UCL', 'T2_BE_UCL'], 'TotalSysCpuTimeHistory': [16]}, '35': {'Retries': 0, 'WallDurations': [9.0, 206.86045289039612, 549.0], 'StartTimes': [1615874745.0], 'SubmitTimes': [1615874583.0], 'JobIds': ['63992947.0'], 'EndTimes': [1615875294.0], 'Restarts': 0, 'RecordedSite': True, 'State': 'transferring', 'ResidentSetSize': [35540], 'TotalUserCpuTimeHistory': [239], 'SiteHistory': ['Unknown', 'T2_BE_UCL', 'T2_BE_UCL'], 'TotalSysCpuTimeHistory': [13]}, '34': {'Retries': 0, 'WallDurations': [8.0, 204.86045289039612, 464.0], 'StartTimes': [1615874747.0], 'SubmitTimes': [1615874583.0], 'JobIds': ['63992945.0'], 'EndTimes': [1615875211.0], 'Restarts': 0, 'RecordedSite': True, 'State': 'transferring', 'ResidentSetSize': [49632], 'TotalUserCpuTimeHistory': [157], 'SiteHistory': ['Unknown', 'T2_BE_UCL', 'T2_BE_UCL'], 'TotalSysCpuTimeHistory': [8]}, '33': {'Retries': 0, 'WallDurations': [9.0, 207.86045289039612, 648.0], 'StartTimes': [1615874744.0], 'SubmitTimes': [1615874583.0], 'JobIds': ['63992944.0'], 'EndTimes': [1615875392.0], 'Restarts': 0, 'RecordedSite': True, 'State': 'transferring', 'ResidentSetSize': [477356], 'TotalUserCpuTimeHistory': [294], 'SiteHistory': ['Unknown', 'T2_BE_UCL', 'T2_BE_UCL'], 'TotalSysCpuTimeHistory': [26]}, '32': {'Retries': 0, 'WallDurations': [9.0, 201.86045289039612, 649.0], 'StartTimes': [1615874750.0], 'SubmitTimes': [1615874583.0], 'JobIds': ['63992943.0'], 'EndTimes': [1615875399.0], 'Restarts': 0, 'RecordedSite': True, 'State': 'transferring', 'ResidentSetSize': [507688], 'TotalUserCpuTimeHistory': [296], 'SiteHistory': ['Unknown', 'T2_BE_UCL', 'T2_BE_UCL'], 'TotalSysCpuTimeHistory': [28]}}
INFO 2021-03-16 06:40:11.312 UTC: 	 Status on the scheduler:	SUBMITTED
INFO 2021-03-16 06:40:11.312 UTC: 	 
Jobs status:                    finished     		  7.1% ( 3/42)
INFO 2021-03-16 06:40:11.313 UTC: 	 				transferring 		 92.9% (39/42)
INFO 2021-03-16 06:40:11.313 UTC: 	 
No publication information (publication has been disabled in the CRAB configuration file)
INFO 2021-03-16 06:40:11.314 UTC: 	 
Warning: the max jobs runtime is less than 30% of the task requested value (1250 min), please consider to request a lower value for failed jobs (allowed through crab resubmit) and/or improve the jobs splitting (e.g. config.Data.splitting = 'Automatic') in a new task.
INFO 2021-03-16 06:40:11.314 UTC: 	 
Warning: the average jobs CPU efficiency is less than 50%, please consider to improve the jobs splitting (e.g. config.Data.splitting = 'Automatic') in a new task
INFO 2021-03-16 06:40:11.314 UTC: 	 
Summary of run jobs:
 * Memory: 2MB min, 579MB max, 256MB ave
 * Runtime: 0:03:10 min, 0:13:12 max, 0:08:54 ave
 * CPU eff: 20% min, 80% max, 48% ave
 * Waste: 2:27:47 (28% of total)

INFO 2021-03-16 06:40:11.320 UTC: 	 Log file is /afs/cern.ch/work/a/achhetri/NANO_AOD/CMSSW_10_6_8/src/WTopScalefactorProducer/Skimmer/NANOcrab/crab_Tprime_v5_NANo_AOD_106X/crab_TprimeB_to_TH_M1500_LH_v2/crab.log
DEBUG 2021-03-16 08:10:54.539 UTC: 	 CRAB Client version: v3.201110
DEBUG 2021-03-16 08:10:54.539 UTC: 	 Running on: Linux lxplus700.cern.ch 3.10.0-1160.15.2.el7.x86_64 #1 SMP Wed Feb 3 15:06:38 UTC 2021 x86_64 x86_64 x86_64 GNU/Linux - CentOS Linux 7 (Core)
DEBUG 2021-03-16 08:10:54.539 UTC: 	 Executing command: 'status'
DEBUG 2021-03-16 08:10:54.540 UTC: 	 Found CRAB cache file /afs/cern.ch/user/a/achhetri/.crab3
DEBUG 2021-03-16 08:10:54.614 UTC: 	 Checking credentials
DEBUG 2021-03-16 08:10:54.614 UTC: 	 Found proxy file /afs/cern.ch/user/a/achhetri/x509up_u94350
DEBUG 2021-03-16 08:10:54.614 UTC: 	 Getting proxy life time left
DEBUG 2021-03-16 08:10:55.319 UTC: 	 Executing : 
 command : voms-proxy-info -file /afs/cern.ch/user/a/achhetri/x509up_u94350 -timeleft
 output : 682761

 error: 
 retcode : 0
DEBUG 2021-03-16 08:10:56.028 UTC: 	 Executing : 
 command : voms-proxy-info -file /afs/cern.ch/user/a/achhetri/x509up_u94350 -actimeleft
 output : 682761

 error: 
 retcode : 0
DEBUG 2021-03-16 08:10:56.028 UTC: 	 Proxy valid for 189:39:21 hours
DEBUG 2021-03-16 08:10:56.086 UTC: 	 Registering user credentials for server /DC=ch/DC=cern/OU=computers/CN=vocms0105.cern.ch|/DC=ch/DC=cern/OU=computers/CN=crab-(preprod|prod|dev)-tw(02|01).cern.ch|/DC=ch/DC=cern/OU=computers/CN=(ddi|ddidk|mytw).cern.ch|/DC=ch/DC=cern/OU=computers/CN=stefanov(m|m2).cern.ch
DEBUG 2021-03-16 08:10:56.700 UTC: 	 Executing : 
 command : voms-proxy-info -file /afs/cern.ch/user/a/achhetri/x509up_u94350 -identity
 output : /DC=ch/DC=cern/OU=Organic Units/OU=Users/CN=achhetri/CN=804540/CN=Arjun Chhetri

 error: 
 retcode : 0
DEBUG 2021-03-16 08:10:56.706 UTC: 	 Getting myproxy life time left for myproxy.cern.ch
DEBUG 2021-03-16 08:10:56.706 UTC: 	 using eb0e67adc2dd9eb1770413a4ffd073f562b86f05 as credential login name
DEBUG 2021-03-16 08:10:57.010 UTC: 	 Executing : 
 command : myproxy-info -l eb0e67adc2dd9eb1770413a4ffd073f562b86f05 -s myproxy.cern.ch
 output : username: eb0e67adc2dd9eb1770413a4ffd073f562b86f05
owner: /DC=ch/DC=cern/OU=Organic Units/OU=Users/CN=achhetri/CN=804540/CN=Arjun Chhetri
  renewal policy: /DC=ch/DC=cern/OU=computers/CN=vocms0105.cern.ch|/DC=ch/DC=cern/OU=computers/CN=crab-(preprod|prod|dev)-tw(02|01).cern.ch|/DC=ch/DC=cern/OU=computers/CN=(ddi|ddidk|mytw).cern.ch|/DC=ch/DC=cern/OU=computers/CN=stefanov(m|m2).cern.ch
  trusted retrieval policy: /DC=ch/DC=cern/OU=computers/CN=vocms0105.cern.ch|/DC=ch/DC=cern/OU=computers/CN=crab-(preprod|prod|dev)-tw(02|01).cern.ch|/DC=ch/DC=cern/OU=computers/CN=(ddi|ddidk|mytw).cern.ch|/DC=ch/DC=cern/OU=computers/CN=stefanov(m|m2).cern.ch
  timeleft: 555:43:13  (23.2 days)

 error: 
 retcode : 0
DEBUG 2021-03-16 08:10:57.011 UTC: 	 Myproxy is valid: 2000593
DEBUG 2021-03-16 08:10:57.011 UTC: 	 Retrieving username ...
DEBUG 2021-03-16 08:10:57.011 UTC: 	 Retrieving username from CRIC...
DEBUG 2021-03-16 08:10:57.793 UTC: 	 username is achhetri
DEBUG 2021-03-16 08:10:57.800 UTC: 	 Getting myproxy life time left for myproxy.cern.ch
DEBUG 2021-03-16 08:10:57.800 UTC: 	 using achhetri_CRAB as credential login name
DEBUG 2021-03-16 08:10:58.108 UTC: 	 Executing : 
 command : myproxy-info -l achhetri_CRAB -s myproxy.cern.ch
 output : username: achhetri_CRAB
owner: /DC=ch/DC=cern/OU=Organic Units/OU=Users/CN=achhetri/CN=804540/CN=Arjun Chhetri
  renewal policy: /DC=ch/DC=cern/OU=computers/CN=vocms0105.cern.ch|/DC=ch/DC=cern/OU=computers/CN=crab-(preprod|prod|dev)-tw(02|01).cern.ch|/DC=ch/DC=cern/OU=computers/CN=(ddi|ddidk|mytw).cern.ch|/DC=ch/DC=cern/OU=computers/CN=stefanov(m|m2).cern.ch
  trusted retrieval policy: /DC=ch/DC=cern/OU=computers/CN=vocms0105.cern.ch|/DC=ch/DC=cern/OU=computers/CN=crab-(preprod|prod|dev)-tw(02|01).cern.ch|/DC=ch/DC=cern/OU=computers/CN=(ddi|ddidk|mytw).cern.ch|/DC=ch/DC=cern/OU=computers/CN=stefanov(m|m2).cern.ch
  timeleft: 192:40:42  (8.0 days)

 error: 
 retcode : 0
DEBUG 2021-03-16 08:10:58.108 UTC: 	 Myproxy is valid: 693642
DEBUG 2021-03-16 08:10:58.212 UTC: 	 Executing : 
 command : openssl x509 -noout -in ~/.globus/usercert.pem -dates
 output : notBefore=Nov 11 12:18:59 2020 GMT
notAfter=Dec 16 12:18:59 2021 GMT

 error: 
 retcode : 0
DEBUG 2021-03-16 08:10:58.217 UTC: 	 Delegating a myproxy for 720:00 hours
DEBUG 2021-03-16 08:10:58.217 UTC: 	 using achhetri_CRAB as credential login name
DEBUG 2021-03-16 08:11:01.127 UTC: 	 Executing : 
 command : export GT_PROXY_MODE=rfc ; myproxy-init -d -n -s myproxy.cern.ch -x -R '/DC=ch/DC=cern/OU=computers/CN=vocms0105.cern.ch|/DC=ch/DC=cern/OU=computers/CN=crab-(preprod|prod|dev)-tw(02|01).cern.ch|/DC=ch/DC=cern/OU=computers/CN=(ddi|ddidk|mytw).cern.ch|/DC=ch/DC=cern/OU=computers/CN=stefanov(m|m2).cern.ch' -x -Z '/DC=ch/DC=cern/OU=computers/CN=vocms0105.cern.ch|/DC=ch/DC=cern/OU=computers/CN=crab-(preprod|prod|dev)-tw(02|01).cern.ch|/DC=ch/DC=cern/OU=computers/CN=(ddi|ddidk|mytw).cern.ch|/DC=ch/DC=cern/OU=computers/CN=stefanov(m|m2).cern.ch' -l 'achhetri_CRAB' -t 168:00 -c 720:00
 output : Your identity: /DC=ch/DC=cern/OU=Organic Units/OU=Users/CN=achhetri/CN=804540/CN=Arjun Chhetri

 error: Error: Couldn't read user key in /afs/cern.ch/user/a/achhetri/.globus/userkey.pem.
Use -debug for further information.
grid-proxy-init failed

 retcode : 1
DEBUG 2021-03-16 08:11:01.127 UTC: 	 using achhetri_CRAB as credential login name
DEBUG 2021-03-16 08:11:01.532 UTC: 	 Executing : 
 command : myproxy-info -l achhetri_CRAB -s myproxy.cern.ch
 output : username: achhetri_CRAB
owner: /DC=ch/DC=cern/OU=Organic Units/OU=Users/CN=achhetri/CN=804540/CN=Arjun Chhetri
  renewal policy: /DC=ch/DC=cern/OU=computers/CN=vocms0105.cern.ch|/DC=ch/DC=cern/OU=computers/CN=crab-(preprod|prod|dev)-tw(02|01).cern.ch|/DC=ch/DC=cern/OU=computers/CN=(ddi|ddidk|mytw).cern.ch|/DC=ch/DC=cern/OU=computers/CN=stefanov(m|m2).cern.ch
  trusted retrieval policy: /DC=ch/DC=cern/OU=computers/CN=vocms0105.cern.ch|/DC=ch/DC=cern/OU=computers/CN=crab-(preprod|prod|dev)-tw(02|01).cern.ch|/DC=ch/DC=cern/OU=computers/CN=(ddi|ddidk|mytw).cern.ch|/DC=ch/DC=cern/OU=computers/CN=stefanov(m|m2).cern.ch
  timeleft: 192:40:39  (8.0 days)

 error: 
 retcode : 0
DEBUG 2021-03-16 08:11:01.532 UTC: 	 My-proxy delegated.
DEBUG 2021-03-16 08:11:01.533 UTC: 	 Result of myproxy credential check:
  Credential exists on myproxy: username: eb0e67adc2dd9eb1770413a4ffd073f562b86f05  - validity: 23 days, 3:43:13
  Credential exists on myproxy: username: achhetri_CRAB  - validity: 8 days, 0:40:39
DEBUG 2021-03-16 08:11:01.533 UTC: 	 Command use: status
DEBUG 2021-03-16 08:11:01.533 UTC: 	 Options use: ['-d', 'crab_Tprime_v5_NANo_AOD_106X/crab_TprimeB_to_TH_M1500_LH_v2/']
DEBUG 2021-03-16 08:11:01.664 UTC: 	 CRABClient version: v3.201110
DEBUG 2021-03-16 08:11:01.664 UTC: 	 Instance is prod
DEBUG 2021-03-16 08:11:01.664 UTC: 	 Server base url is cmsweb-k8s-prod.cern.ch
DEBUG 2021-03-16 08:11:01.664 UTC: 	 Command url /crabserver/prod/workflow
DEBUG 2021-03-16 08:11:01.743 UTC: 	 Got information from server oracle database: {u'result': [u'210316_060157:achhetri_crab_TprimeB_to_TH_M1500_LH_v2', u'None', u'None', u'SUBMITTED', u'SUBMIT', u'2021-03-16 06:01:57.406875', u'None', u'2021-03-16 06:02:48.452806', u'None', u'CMSSW_10_6_8', u'slc7_amd64_gcc700', u'/TprimeBToTH_M-1500_LH_TuneCP5_PSweights_13TeV-madgraph_pythia8/RunIISummer19UL17NanoAODv2-106X_mc2017_realistic_v8-v1/NANOAODSIM', u'F', u'0', u'[]', u'[]', u'EventAwareLumiBased', u"{'splitOnRun': False, 'events_per_job': 10000, 'halt_job_on_file_boundaries': False, 'runs': [], 'lumis': []}", u'fc7a7651ae32a455489d7bba5472fb61254915346e808bfef548ea28c00d27f3.tar.gz', u'https://cmsweb.cern.ch:8443/crabcache', u'achhetri', u'/DC=ch/DC=cern/OU=Organic Units/OU=Users/CN=achhetri/CN=804540/CN=Arjun Chhetri', u'cms', u'None', u'None', u'TprimeB_to_TH_M1500_LH_v2-00000000000000000000000000000000', u'F', u'T3_CH_CERNBOX', u'https://cmsweb.cern.ch/dbs/prod/global/DBSReader', u'https://cmsweb.cern.ch/dbs/prod/phys03/DBSWriter', u'F', u'[]', u'[]', u"['tree.root']", u'Analysis', u'pythia', u'None', u'{}', u'[]', u'T', u'crab-prod-tw01', u'[]', u'1250', u'1', u'2000', u'10', u"['/TprimeBToTH_M-1500_LH_TuneCP5_PSweights_13TeV-madgraph_pythia8/achhetri-TprimeB_to_TH_M1500_LH_v2-5d8f93ee2ba2db6b402c7167473e2950/USER']", u'[]', u'http://vocms0120.cern.ch/mon/cms341/210316_060157:achhetri_crab_TprimeB_to_TH_M1500_LH_v2', u'crab_script_Tprime.sh', u'[]', u'[]', u'https://cmsweb.cern.ch/crabserver/prod', u'cmsgwms-collector-global.cern.ch:9620,cmsgwms-collector-global.fnal.gov', u'crab3@vocms0120.cern.ch', u'F', u'[]', u'T', u'/store/user/achhetri/Tprime_v5_NANo_AOD_106X', u'F', u'None', u'F', u'None', u'TprimeBToTH_M-1500_LH_TuneCP5_PSweights_13TeV-madgraph_pythia8', u'None', u'fb75d06bf1d0b727b51805942d363b796b08b3ce09b21040d75d32d29d437748.tar.gz', u'63992909', u'filetransfers', u'F', u'188.184.97.219', u'400000.0', u'None'], u'desc': {u'columns': [u'tm_taskname', u'tm_activity', u'panda_jobset_id', u'tm_task_status', u'tm_task_command', u'tm_start_time', u'tm_start_injection', u'tm_end_injection', u'tm_task_failure', u'tm_job_sw', u'tm_job_arch', u'tm_input_dataset', u'tm_nonvalid_input_dataset', u'tm_use_parent', u'tm_site_whitelist', u'tm_site_blacklist', u'tm_split_algo', u'tm_split_args', u'tm_user_sandbox', u'tm_cache_url', u'tm_username', u'tm_user_dn', u'tm_user_vo', u'tm_user_role', u'tm_user_group', u'tm_publish_name', u'tm_publish_groupname', u'tm_asyncdest', u'tm_dbs_url', u'tm_publish_dbs_url', u'tm_publication', u'tm_outfiles', u'tm_tfile_outfiles', u'tm_edm_outfiles', u'tm_job_type', u'tm_generator', u'tm_events_per_lumi', u'tm_arguments', u'panda_resubmitted_jobs', u'tm_save_logs', u'tw_name', u'tm_user_infiles', u'tm_maxjobruntime', u'tm_numcores', u'tm_maxmemory', u'tm_priority', u'tm_output_dataset', u'tm_task_warnings', u'tm_user_webdir', u'tm_scriptexe', u'tm_scriptargs', u'tm_extrajdl', u'tm_asourl', u'tm_collector', u'tm_schedd', u'tm_dry_run', u'tm_user_files', u'tm_transfer_outputs', u'tm_output_lfn', u'tm_ignore_locality', u'tm_fail_limit', u'tm_one_event_mode', u'tm_secondary_input_dataset', u'tm_primary_dataset', u'tm_last_publication', u'tm_debug_files', u'clusterid', u'tm_asodb', u'tm_ignore_global_blacklist', u'tm_submitter_ip_addr', u'tm_totalunits', u'tm_ddm_reqid']}}
INFO 2021-03-16 08:11:01.744 UTC: 	 CRAB project directory:		/afs/cern.ch/work/a/achhetri/NANO_AOD/CMSSW_10_6_8/src/WTopScalefactorProducer/Skimmer/NANOcrab/crab_Tprime_v5_NANo_AOD_106X/crab_TprimeB_to_TH_M1500_LH_v2
INFO 2021-03-16 08:11:01.744 UTC: 	 Task name:			210316_060157:achhetri_crab_TprimeB_to_TH_M1500_LH_v2
INFO 2021-03-16 08:11:01.744 UTC: 	 Grid scheduler - Task Worker:	crab3@vocms0120.cern.ch - crab-prod-tw01
INFO 2021-03-16 08:11:01.744 UTC: 	 Status on the CRAB server:	SUBMITTED
INFO 2021-03-16 08:11:01.744 UTC: 	 Task URL to use for HELP:	https://cmsweb-k8s-prod.cern.ch/crabserver/ui/task/210316_060157%3Aachhetri_crab_TprimeB_to_TH_M1500_LH_v2
INFO 2021-03-16 08:11:01.746 UTC: 	 Dashboard monitoring URL:	https://monit-grafana.cern.ch/d/cmsTMDetail/cms-task-monitoring-task-view?orgId=11&var-user=achhetri&var-task=210316_060157%3Aachhetri_crab_TprimeB_to_TH_M1500_LH_v2&from=1615870917000&to=now
INFO 2021-03-16 08:11:01.746 UTC: 	 In case of issues with the dashboard, please provide feedback to hn-cms-computing-tools@cern.ch
DEBUG 2021-03-16 08:11:01.746 UTC: 	 The CRAB server submitted your task to the Grid scheduler (cluster ID: 63992909)
DEBUG 2021-03-16 08:11:01.746 UTC: 	 Webdir is located at http://vocms0120.cern.ch/mon/cms341/210316_060157:achhetri_crab_TprimeB_to_TH_M1500_LH_v2
DEBUG 2021-03-16 08:11:01.873 UTC: 	 Proxied webdir is located at https://cmsweb.cern.ch:8443/scheddmon/0120/cms341/210316_060157:achhetri_crab_TprimeB_to_TH_M1500_LH_v2
DEBUG 2021-03-16 08:11:01.873 UTC: 	 Retrieving 'status_cache' file from https://cmsweb.cern.ch:8443/scheddmon/0120/cms341/210316_060157:achhetri_crab_TprimeB_to_TH_M1500_LH_v2/status_cache
DEBUG 2021-03-16 08:11:01.975 UTC: 	 Got information from status cache file: {'42': {'Retries': 0, 'WallDurations': [9.0, 212.86045289039612, 285.0], 'StartTimes': [1615874739.0], 'SubmitTimes': [1615874584.0], 'JobIds': ['63992953.0'], 'EndTimes': [1615875024.0], 'Restarts': 0, 'RecordedSite': True, 'State': 'finished', 'ResidentSetSize': [2968], 'TotalUserCpuTimeHistory': [130], 'SiteHistory': ['Unknown', 'T3_UK_ScotGrid_GLA', 'T3_UK_ScotGrid_GLA'], 'TotalSysCpuTimeHistory': [7]}, '24': {'Retries': 0, 'WallDurations': [8.0, 201.86045289039612, 639.0], 'StartTimes': [1615874750.0], 'SubmitTimes': [1615874582.0], 'JobIds': ['63992935.0'], 'EndTimes': [1615875389.0], 'Restarts': 0, 'RecordedSite': True, 'State': 'finished', 'ResidentSetSize': [503832], 'TotalUserCpuTimeHistory': [284], 'SiteHistory': ['Unknown', 'T2_BE_UCL', 'T2_BE_UCL'], 'TotalSysCpuTimeHistory': [24]}, '25': {'Retries': 0, 'WallDurations': [8.0, 210.86045289039612, 474.0], 'StartTimes': [1615874741.0], 'SubmitTimes': [1615874582.0], 'JobIds': ['63992936.0'], 'EndTimes': [1615875215.0], 'Restarts': 0, 'RecordedSite': True, 'State': 'finished', 'ResidentSetSize': [31240], 'TotalUserCpuTimeHistory': [155], 'SiteHistory': ['Unknown', 'T2_BE_UCL', 'T2_BE_UCL'], 'TotalSysCpuTimeHistory': [7]}, '26': {'Retries': 0, 'WallDurations': [9.0, 203.86045289039612, 596.0], 'StartTimes': [1615874748.0], 'SubmitTimes': [1615874582.0], 'JobIds': ['63992937.0'], 'EndTimes': [1615875344.0], 'Restarts': 0, 'RecordedSite': True, 'State': 'finished', 'ResidentSetSize': [591344], 'TotalUserCpuTimeHistory': [258], 'SiteHistory': ['Unknown', 'T2_BE_UCL', 'T2_BE_UCL'], 'TotalSysCpuTimeHistory': [22]}, '27': {'Retries': 0, 'WallDurations': [8.0, 201.86045289039612, 625.0], 'StartTimes': [1615874750.0], 'SubmitTimes': [1615874582.0], 'JobIds': ['63992938.0'], 'EndTimes': [1615875375.0], 'Restarts': 0, 'RecordedSite': True, 'State': 'finished', 'ResidentSetSize': [504944], 'TotalUserCpuTimeHistory': [284], 'SiteHistory': ['Unknown', 'T2_BE_UCL', 'T2_BE_UCL'], 'TotalSysCpuTimeHistory': [25]}, '20': {'Retries': 0, 'WallDurations': [9.0, 207.86045289039612, 531.0], 'StartTimes': [1615874744.0], 'SubmitTimes': [1615874582.0], 'JobIds': ['63992932.0'], 'EndTimes': [1615875275.0], 'Restarts': 0, 'RecordedSite': True, 'State': 'finished', 'ResidentSetSize': [31320], 'TotalUserCpuTimeHistory': [223], 'SiteHistory': ['Unknown', 'T2_BE_UCL', 'T2_BE_UCL'], 'TotalSysCpuTimeHistory': [10]}, '21': {'Retries': 0, 'WallDurations': [9.0, 206.86045289039612, 561.0], 'StartTimes': [1615874745.0], 'SubmitTimes': [1615874576.0], 'JobIds': ['63992930.0'], 'EndTimes': [1615875306.0], 'Restarts': 0, 'RecordedSite': True, 'State': 'finished', 'ResidentSetSize': [60500], 'TotalUserCpuTimeHistory': [235], 'SiteHistory': ['Unknown', 'T2_BE_UCL', 'T2_BE_UCL'], 'TotalSysCpuTimeHistory': [14]}, '22': {'Retries': 0, 'WallDurations': [9.0, 209.86045289039612, 783.0], 'StartTimes': [1615874742.0], 'SubmitTimes': [1615874582.0], 'JobIds': ['63992933.0'], 'EndTimes': [1615875525.0], 'Restarts': 0, 'RecordedSite': True, 'State': 'finished', 'ResidentSetSize': [491832], 'TotalUserCpuTimeHistory': [425], 'SiteHistory': ['Unknown', 'T2_BE_UCL', 'T2_BE_UCL'], 'TotalSysCpuTimeHistory': [29]}, '23': {'Retries': 0, 'WallDurations': [8.0, 203.86045289039612, 644.0], 'StartTimes': [1615874748.0], 'SubmitTimes': [1615874582.0], 'JobIds': ['63992934.0'], 'EndTimes': [1615875392.0], 'Restarts': 0, 'RecordedSite': True, 'State': 'finished', 'ResidentSetSize': [477760], 'TotalUserCpuTimeHistory': [313], 'SiteHistory': ['Unknown', 'T2_BE_UCL', 'T2_BE_UCL'], 'TotalSysCpuTimeHistory': [26]}, '28': {'Retries': 0, 'WallDurations': [9.0, 208.86045289039612, 599.0], 'StartTimes': [1615874743.0], 'SubmitTimes': [1615874582.0], 'JobIds': ['63992939.0'], 'EndTimes': [1615875342.0], 'Restarts': 0, 'RecordedSite': True, 'State': 'finished', 'ResidentSetSize': [517776], 'TotalUserCpuTimeHistory': [285], 'SiteHistory': ['Unknown', 'T2_BE_UCL', 'T2_BE_UCL'], 'TotalSysCpuTimeHistory': [17]}, '29': {'Retries': 0, 'WallDurations': [9.0, 204.86045289039612, 542.0], 'StartTimes': [1615874747.0], 'SubmitTimes': [1615874583.0], 'JobIds': ['63992940.0'], 'EndTimes': [1615875289.0], 'Restarts': 0, 'RecordedSite': True, 'State': 'finished', 'ResidentSetSize': [42408], 'TotalUserCpuTimeHistory': [217], 'SiteHistory': ['Unknown', 'T2_BE_UCL', 'T2_BE_UCL'], 'TotalSysCpuTimeHistory': [12]}, '40': {'Retries': 0, 'WallDurations': [8.0, 206.86045289039612, 555.0], 'StartTimes': [1615874745.0], 'SubmitTimes': [1615874584.0], 'JobIds': ['63992954.0'], 'EndTimes': [1615875300.0], 'Restarts': 0, 'RecordedSite': True, 'State': 'finished', 'ResidentSetSize': [198916], 'TotalUserCpuTimeHistory': [238], 'SiteHistory': ['Unknown', 'T2_BE_UCL', 'T2_BE_UCL'], 'TotalSysCpuTimeHistory': [15]}, '41': {'Retries': 0, 'WallDurations': [8.0, 208.86045289039612, 505.0], 'StartTimes': [1615874743.0], 'SubmitTimes': [1615874584.0], 'JobIds': ['63992952.0'], 'EndTimes': [1615875248.0], 'Restarts': 0, 'RecordedSite': True, 'State': 'finished', 'ResidentSetSize': [33000], 'TotalUserCpuTimeHistory': [194], 'SiteHistory': ['Unknown', 'T2_BE_UCL', 'T2_BE_UCL'], 'TotalSysCpuTimeHistory': [10]}, '1': {'Retries': 0, 'WallDurations': [8.0, 124.86045289039612, 239.0], 'StartTimes': [1615874827.0], 'SubmitTimes': [1615874574.0], 'JobIds': ['63992912.0'], 'EndTimes': [1615875066.0], 'Restarts': 0, 'RecordedSite': True, 'State': 'finished', 'ResidentSetSize': [2844], 'TotalUserCpuTimeHistory': [181], 'SiteHistory': ['Unknown', 'T1_RU_JINR', 'T1_RU_JINR'], 'TotalSysCpuTimeHistory': [11]}, '3': {'Retries': 0, 'WallDurations': [8.0, 132.86045289039612, 190.0], 'StartTimes': [1615874819.0], 'SubmitTimes': [1615874574.0], 'JobIds': ['63992914.0'], 'EndTimes': [1615875009.0], 'Restarts': 0, 'RecordedSite': True, 'State': 'finished', 'ResidentSetSize': [3036], 'TotalUserCpuTimeHistory': [138], 'SiteHistory': ['Unknown', 'T1_RU_JINR', 'T1_RU_JINR'], 'TotalSysCpuTimeHistory': [8]}, '2': {'Retries': 0, 'WallDurations': [9.0, 144.86045289039612, 379.0], 'StartTimes': [1615874807.0], 'SubmitTimes': [1615874574.0], 'JobIds': ['63992913.0'], 'EndTimes': [1615875186.0], 'Restarts': 0, 'RecordedSite': True, 'State': 'finished', 'ResidentSetSize': [33416], 'TotalUserCpuTimeHistory': [186], 'SiteHistory': ['Unknown', 'T1_US_FNAL', 'T1_US_FNAL'], 'TotalSysCpuTimeHistory': [20]}, '5': {'Retries': 0, 'WallDurations': [9.0, 139.86045289039612, 239.0], 'StartTimes': [1615874812.0], 'SubmitTimes': [1615874574.0], 'JobIds': ['63992916.0'], 'EndTimes': [1615875051.0], 'Restarts': 0, 'RecordedSite': True, 'State': 'finished', 'ResidentSetSize': [7576], 'TotalUserCpuTimeHistory': [129], 'SiteHistory': ['Unknown', 'T1_UK_RAL', 'T1_UK_RAL'], 'TotalSysCpuTimeHistory': [7]}, '4': {'Retries': 0, 'WallDurations': [9.0, 139.86045289039612, 240.0], 'StartTimes': [1615874812.0], 'SubmitTimes': [1615874574.0], 'JobIds': ['63992915.0'], 'EndTimes': [1615875052.0], 'Restarts': 0, 'RecordedSite': True, 'State': 'finished', 'ResidentSetSize': [3976], 'TotalUserCpuTimeHistory': [42], 'SiteHistory': ['Unknown', 'T1_US_FNAL', 'T1_US_FNAL'], 'TotalSysCpuTimeHistory': [6]}, '7': {'Retries': 0, 'WallDurations': [9.0, 210.86045289039612, 612.0], 'StartTimes': [1615874741.0], 'SubmitTimes': [1615874575.0], 'JobIds': ['63992919.0'], 'EndTimes': [1615875353.0], 'Restarts': 0, 'RecordedSite': True, 'State': 'finished', 'ResidentSetSize': [503808], 'TotalUserCpuTimeHistory': [278], 'SiteHistory': ['Unknown', 'T2_BE_UCL', 'T2_BE_UCL'], 'TotalSysCpuTimeHistory': [22]}, '6': {'Retries': 0, 'WallDurations': [160.0, 211.86045289039612, 211.86045289039612], 'StartTimes': [1615874740.0], 'SubmitTimes': [1615874574.0], 'JobIds': ['63992917.0'], 'EndTimes': [1615874900.0], 'Restarts': 0, 'RecordedSite': True, 'State': 'finished', 'ResidentSetSize': [2924], 'TotalUserCpuTimeHistory': [101], 'SiteHistory': ['Unknown', 'T2_BE_IIHE', 'T2_BE_IIHE'], 'TotalSysCpuTimeHistory': [6]}, '9': {'Retries': 0, 'WallDurations': [8.0, 206.86045289039612, 780.0], 'StartTimes': [1615874745.0], 'SubmitTimes': [1615874575.0], 'JobIds': ['63992920.0'], 'EndTimes': [1615875525.0], 'Restarts': 0, 'RecordedSite': True, 'State': 'finished', 'ResidentSetSize': [491856], 'TotalUserCpuTimeHistory': [427], 'SiteHistory': ['Unknown', 'T2_BE_UCL', 'T2_BE_UCL'], 'TotalSysCpuTimeHistory': [26]}, '8': {'Retries': 0, 'WallDurations': [8.0, 203.86045289039612, 562.0], 'StartTimes': [1615874748.0], 'SubmitTimes': [1615874575.0], 'JobIds': ['63992918.0'], 'EndTimes': [1615875310.0], 'Restarts': 0, 'RecordedSite': True, 'State': 'finished', 'ResidentSetSize': [53964], 'TotalUserCpuTimeHistory': [225], 'SiteHistory': ['Unknown', 'T2_BE_UCL', 'T2_BE_UCL'], 'TotalSysCpuTimeHistory': [17]}, '39': {'Retries': 0, 'WallDurations': [9.0, 202.86045289039612, 663.0], 'StartTimes': [1615874749.0], 'SubmitTimes': [1615874584.0], 'JobIds': ['63992951.0'], 'EndTimes': [1615875412.0], 'Restarts': 0, 'RecordedSite': True, 'State': 'finished', 'ResidentSetSize': [502448], 'TotalUserCpuTimeHistory': [313], 'SiteHistory': ['Unknown', 'T2_BE_UCL', 'T2_BE_UCL'], 'TotalSysCpuTimeHistory': [28]}, '38': {'Retries': 0, 'WallDurations': [8.0, 208.86045289039612, 442.0], 'StartTimes': [1615874743.0], 'SubmitTimes': [1615874584.0], 'JobIds': ['63992950.0'], 'EndTimes': [1615875185.0], 'Restarts': 0, 'RecordedSite': True, 'State': 'finished', 'ResidentSetSize': [50504], 'TotalUserCpuTimeHistory': [127], 'SiteHistory': ['Unknown', 'T2_BE_UCL', 'T2_BE_UCL'], 'TotalSysCpuTimeHistory': [7]}, '11': {'Retries': 0, 'WallDurations': [9.0, 212.86045289039612, 630.0], 'StartTimes': [1615874739.0], 'SubmitTimes': [1615874575.0], 'JobIds': ['63992921.0'], 'EndTimes': [1615875369.0], 'Restarts': 0, 'RecordedSite': True, 'State': 'finished', 'ResidentSetSize': [478252], 'TotalUserCpuTimeHistory': [280], 'SiteHistory': ['Unknown', 'T2_BE_UCL', 'T2_BE_UCL'], 'TotalSysCpuTimeHistory': [25]}, '10': {'Retries': 0, 'WallDurations': [9.0, 206.86045289039612, 651.0], 'StartTimes': [1615874745.0], 'SubmitTimes': [1615874575.0], 'JobIds': ['63992922.0'], 'EndTimes': [1615875396.0], 'Restarts': 0, 'RecordedSite': True, 'State': 'finished', 'ResidentSetSize': [488260], 'TotalUserCpuTimeHistory': [313], 'SiteHistory': ['Unknown', 'T2_BE_UCL', 'T2_BE_UCL'], 'TotalSysCpuTimeHistory': [26]}, '13': {'Retries': 0, 'WallDurations': [10.0, 203.86045289039612, 654.0], 'StartTimes': [1615874748.0], 'SubmitTimes': [1615874575.0], 'JobIds': ['63992925.0'], 'EndTimes': [1615875402.0], 'Restarts': 0, 'RecordedSite': True, 'State': 'finished', 'ResidentSetSize': [502712], 'TotalUserCpuTimeHistory': [315], 'SiteHistory': ['Unknown', 'T2_BE_UCL', 'T2_BE_UCL'], 'TotalSysCpuTimeHistory': [26]}, '12': {'Retries': 0, 'WallDurations': [8.0, 207.86045289039612, 562.0], 'StartTimes': [1615874744.0], 'SubmitTimes': [1615874575.0], 'JobIds': ['63992923.0'], 'EndTimes': [1615875306.0], 'Restarts': 0, 'RecordedSite': True, 'State': 'finished', 'ResidentSetSize': [57344], 'TotalUserCpuTimeHistory': [237], 'SiteHistory': ['Unknown', 'T2_BE_UCL', 'T2_BE_UCL'], 'TotalSysCpuTimeHistory': [13]}, '15': {'Retries': 0, 'WallDurations': [8.0, 211.86045289039612, 594.0], 'StartTimes': [1615874740.0], 'SubmitTimes': [1615874576.0], 'JobIds': ['63992927.0'], 'EndTimes': [1615875334.0], 'Restarts': 0, 'RecordedSite': True, 'State': 'finished', 'ResidentSetSize': [593908], 'TotalUserCpuTimeHistory': [275], 'SiteHistory': ['Unknown', 'T2_BE_UCL', 'T2_BE_UCL'], 'TotalSysCpuTimeHistory': [16]}, '14': {'Retries': 0, 'WallDurations': [9.0, 208.86045289039612, 531.0], 'StartTimes': [1615874743.0], 'SubmitTimes': [1615874575.0], 'JobIds': ['63992926.0'], 'EndTimes': [1615875274.0], 'Restarts': 0, 'RecordedSite': True, 'State': 'finished', 'ResidentSetSize': [36748], 'TotalUserCpuTimeHistory': [222], 'SiteHistory': ['Unknown', 'T2_BE_UCL', 'T2_BE_UCL'], 'TotalSysCpuTimeHistory': [10]}, '17': {'Retries': 0, 'WallDurations': [8.0, 205.86045289039612, 601.0], 'StartTimes': [1615874746.0], 'SubmitTimes': [1615874576.0], 'JobIds': ['63992929.0'], 'EndTimes': [1615875347.0], 'Restarts': 0, 'RecordedSite': True, 'State': 'finished', 'ResidentSetSize': [515120], 'TotalUserCpuTimeHistory': [282], 'SiteHistory': ['Unknown', 'T2_BE_UCL', 'T2_BE_UCL'], 'TotalSysCpuTimeHistory': [16]}, '16': {'Retries': 0, 'WallDurations': [9.0, 211.86045289039612, 442.0], 'StartTimes': [1615874740.0], 'SubmitTimes': [1615874575.0], 'JobIds': ['63992924.0'], 'EndTimes': [1615875182.0], 'Restarts': 0, 'RecordedSite': True, 'State': 'finished', 'ResidentSetSize': [45836], 'TotalUserCpuTimeHistory': [118], 'SiteHistory': ['Unknown', 'T2_BE_UCL', 'T2_BE_UCL'], 'TotalSysCpuTimeHistory': [7]}, '19': {'Retries': 0, 'WallDurations': [9.0, 211.86045289039612, 455.0], 'StartTimes': [1615874740.0], 'SubmitTimes': [1615874581.0], 'JobIds': ['63992931.0'], 'EndTimes': [1615875195.0], 'Restarts': 0, 'RecordedSite': True, 'State': 'finished', 'ResidentSetSize': [45884], 'TotalUserCpuTimeHistory': [132], 'SiteHistory': ['Unknown', 'T2_BE_UCL', 'T2_BE_UCL'], 'TotalSysCpuTimeHistory': [7]}, '18': {'Retries': 0, 'WallDurations': [9.0, 206.86045289039612, 643.0], 'StartTimes': [1615874745.0], 'SubmitTimes': [1615874576.0], 'JobIds': ['63992928.0'], 'EndTimes': [1615875388.0], 'Restarts': 0, 'RecordedSite': True, 'State': 'finished', 'ResidentSetSize': [505824], 'TotalUserCpuTimeHistory': [289], 'SiteHistory': ['Unknown', 'T2_BE_UCL', 'T2_BE_UCL'], 'TotalSysCpuTimeHistory': [25]}, '31': {'Retries': 0, 'WallDurations': [9.0, 205.86045289039612, 792.0], 'StartTimes': [1615874746.0], 'SubmitTimes': [1615874583.0], 'JobIds': ['63992942.0'], 'EndTimes': [1615875538.0], 'Restarts': 0, 'RecordedSite': True, 'State': 'finished', 'ResidentSetSize': [494044], 'TotalUserCpuTimeHistory': [438], 'SiteHistory': ['Unknown', 'T2_BE_UCL', 'T2_BE_UCL'], 'TotalSysCpuTimeHistory': [33]}, '30': {'Retries': 0, 'WallDurations': [9.0, 206.86045289039612, 459.0], 'StartTimes': [1615874745.0], 'SubmitTimes': [1615874583.0], 'JobIds': ['63992941.0'], 'EndTimes': [1615875204.0], 'Restarts': 0, 'RecordedSite': True, 'State': 'finished', 'ResidentSetSize': [34920], 'TotalUserCpuTimeHistory': [145], 'SiteHistory': ['Unknown', 'T2_BE_UCL', 'T2_BE_UCL'], 'TotalSysCpuTimeHistory': [8]}, '37': {'Retries': 0, 'WallDurations': [8.0, 204.86045289039612, 629.0], 'StartTimes': [1615874747.0], 'SubmitTimes': [1615874583.0], 'JobIds': ['63992949.0'], 'EndTimes': [1615875376.0], 'Restarts': 0, 'RecordedSite': True, 'State': 'finished', 'ResidentSetSize': [479316], 'TotalUserCpuTimeHistory': [292], 'SiteHistory': ['Unknown', 'T2_BE_UCL', 'T2_BE_UCL'], 'TotalSysCpuTimeHistory': [26]}, '36': {'Retries': 0, 'WallDurations': [9.0, 208.86045289039612, 599.0], 'StartTimes': [1615874743.0], 'SubmitTimes': [1615874583.0], 'JobIds': ['63992948.0'], 'EndTimes': [1615875342.0], 'Restarts': 0, 'RecordedSite': True, 'State': 'finished', 'ResidentSetSize': [516408], 'TotalUserCpuTimeHistory': [275], 'SiteHistory': ['Unknown', 'T2_BE_UCL', 'T2_BE_UCL'], 'TotalSysCpuTimeHistory': [16]}, '35': {'Retries': 0, 'WallDurations': [9.0, 206.86045289039612, 549.0], 'StartTimes': [1615874745.0], 'SubmitTimes': [1615874583.0], 'JobIds': ['63992947.0'], 'EndTimes': [1615875294.0], 'Restarts': 0, 'RecordedSite': True, 'State': 'finished', 'ResidentSetSize': [35540], 'TotalUserCpuTimeHistory': [239], 'SiteHistory': ['Unknown', 'T2_BE_UCL', 'T2_BE_UCL'], 'TotalSysCpuTimeHistory': [13]}, '34': {'Retries': 0, 'WallDurations': [8.0, 204.86045289039612, 464.0], 'StartTimes': [1615874747.0], 'SubmitTimes': [1615874583.0], 'JobIds': ['63992945.0'], 'EndTimes': [1615875211.0], 'Restarts': 0, 'RecordedSite': True, 'State': 'finished', 'ResidentSetSize': [49632], 'TotalUserCpuTimeHistory': [157], 'SiteHistory': ['Unknown', 'T2_BE_UCL', 'T2_BE_UCL'], 'TotalSysCpuTimeHistory': [8]}, '33': {'Retries': 0, 'WallDurations': [9.0, 207.86045289039612, 648.0], 'StartTimes': [1615874744.0], 'SubmitTimes': [1615874583.0], 'JobIds': ['63992944.0'], 'EndTimes': [1615875392.0], 'Restarts': 0, 'RecordedSite': True, 'State': 'finished', 'ResidentSetSize': [477356], 'TotalUserCpuTimeHistory': [294], 'SiteHistory': ['Unknown', 'T2_BE_UCL', 'T2_BE_UCL'], 'TotalSysCpuTimeHistory': [26]}, '32': {'Retries': 0, 'WallDurations': [9.0, 201.86045289039612, 649.0], 'StartTimes': [1615874750.0], 'SubmitTimes': [1615874583.0], 'JobIds': ['63992943.0'], 'EndTimes': [1615875399.0], 'Restarts': 0, 'RecordedSite': True, 'State': 'finished', 'ResidentSetSize': [507688], 'TotalUserCpuTimeHistory': [296], 'SiteHistory': ['Unknown', 'T2_BE_UCL', 'T2_BE_UCL'], 'TotalSysCpuTimeHistory': [28]}}
INFO 2021-03-16 08:11:01.975 UTC: 	 Status on the scheduler:	COMPLETED
INFO 2021-03-16 08:11:01.975 UTC: 	 
Jobs status:                    finished     		100.0% (42/42)
INFO 2021-03-16 08:11:01.975 UTC: 	 
No publication information (publication has been disabled in the CRAB configuration file)
INFO 2021-03-16 08:11:01.977 UTC: 	 
Warning: the max jobs runtime is less than 30% of the task requested value (1250 min), please consider to request a lower value for failed jobs (allowed through crab resubmit) and/or improve the jobs splitting (e.g. config.Data.splitting = 'Automatic') in a new task.
INFO 2021-03-16 08:11:01.977 UTC: 	 
Warning: the average jobs CPU efficiency is less than 50%, please consider to improve the jobs splitting (e.g. config.Data.splitting = 'Automatic') in a new task
INFO 2021-03-16 08:11:01.977 UTC: 	 
Summary of run jobs:
 * Memory: 2MB min, 579MB max, 256MB ave
 * Runtime: 0:03:10 min, 0:13:12 max, 0:08:54 ave
 * CPU eff: 20% min, 80% max, 48% ave
 * Waste: 2:27:47 (28% of total)

INFO 2021-03-16 08:11:01.999 UTC: 	 Log file is /afs/cern.ch/work/a/achhetri/NANO_AOD/CMSSW_10_6_8/src/WTopScalefactorProducer/Skimmer/NANOcrab/crab_Tprime_v5_NANo_AOD_106X/crab_TprimeB_to_TH_M1500_LH_v2/crab.log
