DEBUG 2021-04-28 22:11:05.809 UTC: 	 CRAB Client version: v3.210323
DEBUG 2021-04-28 22:11:05.810 UTC: 	 Running on: Linux lxplus736.cern.ch 3.10.0-1160.15.2.el7.x86_64 #1 SMP Wed Feb 3 15:06:38 UTC 2021 x86_64 x86_64 x86_64 GNU/Linux - CentOS Linux 7 (Core)
DEBUG 2021-04-28 22:11:05.810 UTC: 	 Executing command: 'submit'
DEBUG 2021-04-28 22:11:05.818 UTC: 	 Found CRAB cache file /afs/cern.ch/user/a/achhetri/.crab3
DEBUG 2021-04-28 22:11:05.820 UTC: 	 Will use CRAB Analysis plugin (i.e. will run an analysis job type).
DEBUG 2021-04-28 22:11:05.878 UTC: 	 Checking credentials
DEBUG 2021-04-28 22:11:05.879 UTC: 	 Found proxy file /tmp/x509up_u94350
DEBUG 2021-04-28 22:11:05.879 UTC: 	 Getting proxy life time left
DEBUG 2021-04-28 22:11:06.586 UTC: 	 Executing : 
 command : voms-proxy-info -file /tmp/x509up_u94350 -timeleft
 output : 689145

 error: 
 retcode : 0
DEBUG 2021-04-28 22:11:07.293 UTC: 	 Executing : 
 command : voms-proxy-info -file /tmp/x509up_u94350 -actimeleft
 output : 689144

 error: 
 retcode : 0
DEBUG 2021-04-28 22:11:07.293 UTC: 	 Proxy lifetime 689145 secs is different from voms extension lifetime 689144 secs for proxy: /tmp/x509up_u94350
DEBUG 2021-04-28 22:11:07.294 UTC: 	 Proxy valid for 191:25:44 hours
DEBUG 2021-04-28 22:11:07.901 UTC: 	 Executing : 
 command : env X509_USER_PROXY=/tmp/x509up_u94350 voms-proxy-info -fqan
 output : /cms/Role=NULL/Capability=NULL

 error: 
 retcode : 0
DEBUG 2021-04-28 22:11:07.980 UTC: 	 Registering user credentials for server /DC=ch/DC=cern/OU=computers/CN=vocms0105.cern.ch|/DC=ch/DC=cern/OU=computers/CN=crab-(preprod|prod|dev)-tw(02|01).cern.ch|/DC=ch/DC=cern/OU=computers/CN=(ddi|ddidk|mytw).cern.ch|/DC=ch/DC=cern/OU=computers/CN=stefanov(m|m2).cern.ch
DEBUG 2021-04-28 22:11:08.596 UTC: 	 Executing : 
 command : voms-proxy-info -file /tmp/x509up_u94350 -identity
 output : /DC=ch/DC=cern/OU=Organic Units/OU=Users/CN=achhetri/CN=804540/CN=Arjun Chhetri

 error: 
 retcode : 0
DEBUG 2021-04-28 22:11:08.603 UTC: 	 Getting myproxy life time left for myproxy.cern.ch
DEBUG 2021-04-28 22:11:08.604 UTC: 	 using eb0e67adc2dd9eb1770413a4ffd073f562b86f05 as credential login name
DEBUG 2021-04-28 22:11:09.008 UTC: 	 Executing : 
 command : myproxy-info -l eb0e67adc2dd9eb1770413a4ffd073f562b86f05 -s myproxy.cern.ch
 output : username: eb0e67adc2dd9eb1770413a4ffd073f562b86f05
owner: /DC=ch/DC=cern/OU=Organic Units/OU=Users/CN=achhetri/CN=804540/CN=Arjun Chhetri
  renewal policy: /DC=ch/DC=cern/OU=computers/CN=vocms0105.cern.ch|/DC=ch/DC=cern/OU=computers/CN=crab-(preprod|prod|dev)-tw(02|01).cern.ch|/DC=ch/DC=cern/OU=computers/CN=(ddi|ddidk|mytw).cern.ch|/DC=ch/DC=cern/OU=computers/CN=stefanov(m|m2).cern.ch
  trusted retrieval policy: /DC=ch/DC=cern/OU=computers/CN=vocms0105.cern.ch|/DC=ch/DC=cern/OU=computers/CN=crab-(preprod|prod|dev)-tw(02|01).cern.ch|/DC=ch/DC=cern/OU=computers/CN=(ddi|ddidk|mytw).cern.ch|/DC=ch/DC=cern/OU=computers/CN=stefanov(m|m2).cern.ch
  timeleft: 719:58:15  (30.0 days)

 error: 
 retcode : 0
DEBUG 2021-04-28 22:11:09.009 UTC: 	 Myproxy is valid: 2591895
DEBUG 2021-04-28 22:11:09.009 UTC: 	 Retrieving username ...
DEBUG 2021-04-28 22:11:09.009 UTC: 	 Retrieving username from CRIC...
DEBUG 2021-04-28 22:11:10.595 UTC: 	 username is achhetri
DEBUG 2021-04-28 22:11:10.603 UTC: 	 Getting myproxy life time left for myproxy.cern.ch
DEBUG 2021-04-28 22:11:10.604 UTC: 	 using achhetri_CRAB as credential login name
DEBUG 2021-04-28 22:11:11.008 UTC: 	 Executing : 
 command : myproxy-info -l achhetri_CRAB -s myproxy.cern.ch
 output : username: achhetri_CRAB
owner: /DC=ch/DC=cern/OU=Organic Units/OU=Users/CN=achhetri/CN=804540/CN=Arjun Chhetri
  renewal policy: /DC=ch/DC=cern/OU=computers/CN=vocms0105.cern.ch|/DC=ch/DC=cern/OU=computers/CN=crab-(preprod|prod|dev)-tw(02|01).cern.ch|/DC=ch/DC=cern/OU=computers/CN=(ddi|ddidk|mytw).cern.ch|/DC=ch/DC=cern/OU=computers/CN=stefanov(m|m2).cern.ch
  trusted retrieval policy: /DC=ch/DC=cern/OU=computers/CN=vocms0105.cern.ch|/DC=ch/DC=cern/OU=computers/CN=crab-(preprod|prod|dev)-tw(02|01).cern.ch|/DC=ch/DC=cern/OU=computers/CN=(ddi|ddidk|mytw).cern.ch|/DC=ch/DC=cern/OU=computers/CN=stefanov(m|m2).cern.ch
  timeleft: 371:32:47  (15.5 days)

 error: 
 retcode : 0
DEBUG 2021-04-28 22:11:11.009 UTC: 	 Myproxy is valid: 1337567
DEBUG 2021-04-28 22:11:11.009 UTC: 	 Result of myproxy credential check:
  Credential exists on myproxy: username: eb0e67adc2dd9eb1770413a4ffd073f562b86f05  - validity: 29 days, 23:58:15
  Credential exists on myproxy: username: achhetri_CRAB  - validity: 15 days, 11:32:47
DEBUG 2021-04-28 22:11:11.009 UTC: 	 Command use: submit
DEBUG 2021-04-28 22:11:11.009 UTC: 	 Options use: ['--config', <WMCore.Configuration.Configuration object at 0x7fd4676bf190>]
DEBUG 2021-04-28 22:11:11.109 UTC: 	 CRABClient version: v3.210323
DEBUG 2021-04-28 22:11:11.109 UTC: 	 Instance is prod
DEBUG 2021-04-28 22:11:11.110 UTC: 	 Server base url is cmsweb.cern.ch
DEBUG 2021-04-28 22:11:11.110 UTC: 	 Command url /crabserver/prod/workflow
DEBUG 2021-04-28 22:11:11.110 UTC: 	 Started submission
DEBUG 2021-04-28 22:11:11.110 UTC: 	 Working on /afs/cern.ch/work/a/achhetri/NANO_AOD/CMSSW_10_6_8/src/WTopScalefactorProducer/Skimmer/NANOcrab/crab_Tprime_v5_NANo_AOD_106X/crab_WJetsToLNu_HT-800To1200_v2
DEBUG 2021-04-28 22:11:11.219 UTC: 	 Loading required information from the environment
DEBUG 2021-04-28 22:11:11.220 UTC: 	 Found CMSSW_10_6_8 for slc7_amd64_gcc700 with base /afs/cern.ch/work/a/achhetri/NANO_AOD/CMSSW_10_6_8
DEBUG 2021-04-28 22:11:11.220 UTC: 	 Loading required information from the environment
DEBUG 2021-04-28 22:11:11.220 UTC: 	 Found CMSSW_10_6_8 for slc7_amd64_gcc700 with base /afs/cern.ch/work/a/achhetri/NANO_AOD/CMSSW_10_6_8
DEBUG 2021-04-28 22:11:11.220 UTC: 	 UNIQUE NAME: tarUUID 5334cb07-d456-4a35-b707-d60b72ee2d9f 
DEBUG 2021-04-28 22:11:11.220 UTC: 	 self.config: from WMCore.Configuration import Configuration
config = Configuration()
config.section_('General')
config.General.transferLogs = True
config.General.workArea = 'crab_Tprime_v5_NANo_AOD_106X'
config.General.requestName = 'WJetsToLNu_HT-800To1200_v2'
config.section_('JobType')
config.JobType.scriptExe = 'crab_script_Tprime.sh'
config.JobType.pluginName = 'Analysis'
config.JobType.sendPythonFolder = True
config.JobType.allowUndistributedCMSSW = True
config.JobType.psetName = 'PSet.py'
config.JobType.inputFiles = ['TprimeBToTH_LH_RunIISummer19UL16_Skimmer.py', 'keep_and_drop_v1.txt', '../../../PhysicsTools/NanoAODTools/scripts/haddnano.py']
config.section_('Data')
config.Data.inputDataset = '/WJetsToLNu_HT-800To1200_TuneCP5_13TeV-madgraphMLM-pythia8/RunIISummer20UL17NanoAODv2-106X_mc2017_realistic_v8-v1/NANOAODSIM'
config.Data.outputDatasetTag = 'WJetsToLNu_HT-800To1200_v2'
config.Data.publication = False
config.Data.unitsPerJob = 1
config.Data.inputDBS = 'global'
config.Data.splitting = 'FileBased'
config.Data.outLFNDirBase = '/store/user/achhetri/Tprime_v5_NANo_AOD_106X'
config.Data.totalUnits = 6
config.section_('Site')
config.Site.storageSite = 'T3_CH_CERNBOX'
config.section_('User')
config.section_('Debug')

DEBUG 2021-04-28 22:11:11.220 UTC: 	 self.config.JobType.psetName: PSet.py
INFO 2021-04-28 22:11:11.220 UTC: 	 Importing CMSSW configuration PSet.py
INFO 2021-04-28 22:11:11.221 UTC: 	 Finished importing CMSSW configuration PSet.py
DEBUG 2021-04-28 22:11:11.221 UTC: 	 Writing CMSSW configuration to /afs/cern.ch/work/a/achhetri/NANO_AOD/CMSSW_10_6_8/src/WTopScalefactorProducer/Skimmer/NANOcrab/crab_Tprime_v5_NANo_AOD_106X/crab_WJetsToLNu_HT-800To1200_v2/inputs/PSet.py
DEBUG 2021-04-28 22:11:11.252 UTC: 	 The following EDM output files will be collected: ['tree.root']
DEBUG 2021-04-28 22:11:11.252 UTC: 	 The following TFile output files will be collected: []
DEBUG 2021-04-28 22:11:11.252 UTC: 	 The following user output files (not listed as PoolOuputModule or TFileService in the CMSSW PSet) will be collected: 
DEBUG 2021-04-28 22:11:11.252 UTC: 	 Loading required information from the environment
DEBUG 2021-04-28 22:11:11.252 UTC: 	 Found CMSSW_10_6_8 for slc7_amd64_gcc700 with base /afs/cern.ch/work/a/achhetri/NANO_AOD/CMSSW_10_6_8
DEBUG 2021-04-28 22:11:11.252 UTC: 	 Making tarball in /afs/cern.ch/work/a/achhetri/NANO_AOD/CMSSW_10_6_8/src/WTopScalefactorProducer/Skimmer/NANOcrab/crab_Tprime_v5_NANo_AOD_106X/crab_WJetsToLNu_HT-800To1200_v2/inputs/5334cb07-d456-4a35-b707-d60b72ee2d9fdefault.tgz
DEBUG 2021-04-28 22:11:11.257 UTC: 	 Checking directory /afs/cern.ch/work/a/achhetri/NANO_AOD/CMSSW_10_6_8/lib
DEBUG 2021-04-28 22:11:11.257 UTC: 	 Adding directory /afs/cern.ch/work/a/achhetri/NANO_AOD/CMSSW_10_6_8/lib to tarball
DEBUG 2021-04-28 22:11:11.389 UTC: 	 Checking directory /afs/cern.ch/work/a/achhetri/NANO_AOD/CMSSW_10_6_8/biglib
DEBUG 2021-04-28 22:11:11.389 UTC: 	 Adding directory /afs/cern.ch/work/a/achhetri/NANO_AOD/CMSSW_10_6_8/biglib to tarball
DEBUG 2021-04-28 22:11:11.397 UTC: 	 Checking directory /afs/cern.ch/work/a/achhetri/NANO_AOD/CMSSW_10_6_8/module
DEBUG 2021-04-28 22:11:11.401 UTC: 	 Checking directory /afs/cern.ch/work/a/achhetri/NANO_AOD/CMSSW_10_6_8/python
DEBUG 2021-04-28 22:11:11.401 UTC: 	 Adding directory /afs/cern.ch/work/a/achhetri/NANO_AOD/CMSSW_10_6_8/python to tarball
DEBUG 2021-04-28 22:11:13.380 UTC: 	 Checking directory /afs/cern.ch/work/a/achhetri/NANO_AOD/CMSSW_10_6_8/cfipython
DEBUG 2021-04-28 22:11:13.380 UTC: 	 Adding directory /afs/cern.ch/work/a/achhetri/NANO_AOD/CMSSW_10_6_8/cfipython to tarball
DEBUG 2021-04-28 22:11:13.634 UTC: 	 Adding data directory /afs/cern.ch/work/a/achhetri/NANO_AOD/CMSSW_10_6_8/src/PhysicsTools/NanoAODTools/data to tarball
DEBUG 2021-04-28 22:11:25.765 UTC: 	 Adding data directory /afs/cern.ch/work/a/achhetri/NANO_AOD/CMSSW_10_6_8/src/PhysicsTools/NanoAODTools/interface to tarball
DEBUG 2021-04-28 22:11:25.778 UTC: 	 Adding data directory /afs/cern.ch/work/a/achhetri/NANO_AOD/CMSSW_10_6_8/src/PhysicsTools/NanoAODTools/python/postprocessing/data to tarball
DEBUG 2021-04-28 22:11:29.117 UTC: 	 Adding file TprimeBToTH_LH_RunIISummer19UL16_Skimmer.py to tarball
DEBUG 2021-04-28 22:11:29.118 UTC: 	 Adding file keep_and_drop_v1.txt to tarball
DEBUG 2021-04-28 22:11:29.118 UTC: 	 Adding file ../../../PhysicsTools/NanoAODTools/scripts/haddnano.py to tarball
DEBUG 2021-04-28 22:11:33.841 UTC: 	 Uploading archive /afs/cern.ch/work/a/achhetri/NANO_AOD/CMSSW_10_6_8/src/WTopScalefactorProducer/Skimmer/NANOcrab/crab_Tprime_v5_NANo_AOD_106X/crab_WJetsToLNu_HT-800To1200_v2/inputs/5334cb07-d456-4a35-b707-d60b72ee2d9fdefault.tgz (55 MB) to the CRAB cache. Using URI https://cmsweb.cern.ch:8443/crabcache
DEBUG 2021-04-28 22:12:22.250 UTC: 	 Loading required information from the environment
DEBUG 2021-04-28 22:12:22.250 UTC: 	 Found CMSSW_10_6_8 for slc7_amd64_gcc700 with base /afs/cern.ch/work/a/achhetri/NANO_AOD/CMSSW_10_6_8
DEBUG 2021-04-28 22:12:22.250 UTC: 	 Making tarball in /afs/cern.ch/work/a/achhetri/NANO_AOD/CMSSW_10_6_8/src/WTopScalefactorProducer/Skimmer/NANOcrab/crab_Tprime_v5_NANo_AOD_106X/crab_WJetsToLNu_HT-800To1200_v2/inputs/debugFiles.tgz
DEBUG 2021-04-28 22:12:22.271 UTC: 	 Uploading archive /afs/cern.ch/work/a/achhetri/NANO_AOD/CMSSW_10_6_8/src/WTopScalefactorProducer/Skimmer/NANOcrab/crab_Tprime_v5_NANo_AOD_106X/crab_WJetsToLNu_HT-800To1200_v2/inputs/debugFiles.tgz (1 KB) to the CRAB cache. Using URI https://cmsweb.cern.ch:8443/crabcache
DEBUG 2021-04-28 22:12:22.355 UTC: 	 Result uploading input files: dbb62c6e90d539c01b7361da7edd336f9b47ae6a13b3065aa8bb1bf2bea5890d.tar.gz 
INFO 2021-04-28 22:12:22.355 UTC: 	 Sending the request to the server at cmsweb.cern.ch
DEBUG 2021-04-28 22:12:22.355 UTC: 	 Submitting {'maxjobruntime': 1250, 'extrajdl': [], 'lfn': '/store/user/achhetri/Tprime_v5_NANo_AOD_106X', 'savelogsflag': 1, 'useparent': 0, 'scriptexe': 'crab_script_Tprime.sh', 'asyncdest': 'T3_CH_CERNBOX', 'algoargs': 1, 'cachefilename': 'dbb62c6e90d539c01b7361da7edd336f9b47ae6a13b3065aa8bb1bf2bea5890d.tar.gz', 'numcores': 1, 'addoutputfiles': [], 'generator': 'pythia', 'maxmemory': 2000, 'publishdbsurl': 'https://cmsweb.cern.ch/dbs/prod/phys03/DBSWriter', 'priority': 10, 'jobsw': 'CMSSW_10_6_8', 'edmoutfiles': ['tree.root'], 'userfiles': [], 'primarydataset': '', 'inputdata': '/WJetsToLNu_HT-800To1200_TuneCP5_13TeV-madgraphMLM-pythia8/RunIISummer20UL17NanoAODv2-106X_mc2017_realistic_v8-v1/NANOAODSIM', 'ignorelocality': 0, 'dryrun': 0, 'workflow': 'crab_WJetsToLNu_HT-800To1200_v2', 'cacheurl': u'https://cmsweb.cern.ch:8443/crabcache', 'nonprodsw': 1, 'tfileoutfiles': [], 'oneEventMode': 0, 'debugfilename': '5336d74db504db23cb0f57e9d8f66093ee9ee371625c14b2e747def05a1e8ee3.tar.gz', 'saveoutput': 1, 'publication': 0, 'jobarch': 'slc7_amd64_gcc700', 'totalunits': 6, 'splitalgo': 'FileBased', 'ignoreglobalblacklist': 0, 'nonvaliddata': 0, 'dbsurl': 'https://cmsweb.cern.ch/dbs/prod/global/DBSReader', 'publishgroupname': 0, 'jobtype': 'Analysis', 'publishname2': 'WJetsToLNu_HT-800To1200_v2'} 
DEBUG 2021-04-28 22:12:22.355 UTC: 	 Encoded submit request: maxjobruntime=1250&lfn=%2Fstore%2Fuser%2Fachhetri%2FTprime_v5_NANo_AOD_106X&savelogsflag=1&useparent=0&scriptexe=crab_script_Tprime.sh&asyncdest=T3_CH_CERNBOX&algoargs=1&cachefilename=dbb62c6e90d539c01b7361da7edd336f9b47ae6a13b3065aa8bb1bf2bea5890d.tar.gz&numcores=1&generator=pythia&maxmemory=2000&publishdbsurl=https%3A%2F%2Fcmsweb.cern.ch%2Fdbs%2Fprod%2Fphys03%2FDBSWriter&priority=10&jobsw=CMSSW_10_6_8&primarydataset=&inputdata=%2FWJetsToLNu_HT-800To1200_TuneCP5_13TeV-madgraphMLM-pythia8%2FRunIISummer20UL17NanoAODv2-106X_mc2017_realistic_v8-v1%2FNANOAODSIM&ignorelocality=0&dryrun=0&workflow=crab_WJetsToLNu_HT-800To1200_v2&cacheurl=https%3A%2F%2Fcmsweb.cern.ch%3A8443%2Fcrabcache&nonprodsw=1&oneEventMode=0&debugfilename=5336d74db504db23cb0f57e9d8f66093ee9ee371625c14b2e747def05a1e8ee3.tar.gz&saveoutput=1&publication=0&jobarch=slc7_amd64_gcc700&totalunits=6&splitalgo=FileBased&ignoreglobalblacklist=0&nonvaliddata=0&dbsurl=https%3A%2F%2Fcmsweb.cern.ch%2Fdbs%2Fprod%2Fglobal%2FDBSReader&publishgroupname=0&jobtype=Analysis&publishname2=WJetsToLNu_HT-800To1200_v2&edmoutfiles=tree.root
DEBUG 2021-04-28 22:12:22.453 UTC: 	 Result: {u'result': [{u'RequestName': u'210428_221222:achhetri_crab_WJetsToLNu_HT-800To1200_v2'}]}
INFO 2021-04-28 22:12:22.470 UTC: 	 Success: Your task has been delivered to the prod CRAB3 server.
INFO 2021-04-28 22:12:22.470 UTC: 	 Task name: 210428_221222:achhetri_crab_WJetsToLNu_HT-800To1200_v2
INFO 2021-04-28 22:12:22.470 UTC: 	 Project dir: crab_Tprime_v5_NANo_AOD_106X/crab_WJetsToLNu_HT-800To1200_v2
INFO 2021-04-28 22:12:22.470 UTC: 	 Please use ' crab status -d crab_Tprime_v5_NANo_AOD_106X/crab_WJetsToLNu_HT-800To1200_v2 ' to check how the submission process proceeds.
DEBUG 2021-04-28 22:12:22.471 UTC: 	 About to return
DEBUG 2021-04-28 22:24:01.760 UTC: 	 CRAB Client version: v3.210323
DEBUG 2021-04-28 22:24:01.760 UTC: 	 Running on: Linux lxplus736.cern.ch 3.10.0-1160.15.2.el7.x86_64 #1 SMP Wed Feb 3 15:06:38 UTC 2021 x86_64 x86_64 x86_64 GNU/Linux - CentOS Linux 7 (Core)
DEBUG 2021-04-28 22:24:01.760 UTC: 	 Executing command: 'status'
DEBUG 2021-04-28 22:24:01.760 UTC: 	 Found CRAB cache file /afs/cern.ch/user/a/achhetri/.crab3
DEBUG 2021-04-28 22:24:01.858 UTC: 	 Checking credentials
DEBUG 2021-04-28 22:24:01.859 UTC: 	 Found proxy file /tmp/x509up_u94350
DEBUG 2021-04-28 22:24:01.859 UTC: 	 Getting proxy life time left
DEBUG 2021-04-28 22:24:02.463 UTC: 	 Executing : 
 command : voms-proxy-info -file /tmp/x509up_u94350 -timeleft
 output : 688369

 error: 
 retcode : 0
DEBUG 2021-04-28 22:24:03.069 UTC: 	 Executing : 
 command : voms-proxy-info -file /tmp/x509up_u94350 -actimeleft
 output : 688368

 error: 
 retcode : 0
DEBUG 2021-04-28 22:24:03.069 UTC: 	 Proxy lifetime 688369 secs is different from voms extension lifetime 688368 secs for proxy: /tmp/x509up_u94350
DEBUG 2021-04-28 22:24:03.069 UTC: 	 Proxy valid for 191:12:48 hours
DEBUG 2021-04-28 22:24:03.122 UTC: 	 Registering user credentials for server /DC=ch/DC=cern/OU=computers/CN=vocms0105.cern.ch|/DC=ch/DC=cern/OU=computers/CN=crab-(preprod|prod|dev)-tw(02|01).cern.ch|/DC=ch/DC=cern/OU=computers/CN=(ddi|ddidk|mytw).cern.ch|/DC=ch/DC=cern/OU=computers/CN=stefanov(m|m2).cern.ch
DEBUG 2021-04-28 22:24:03.834 UTC: 	 Executing : 
 command : voms-proxy-info -file /tmp/x509up_u94350 -identity
 output : /DC=ch/DC=cern/OU=Organic Units/OU=Users/CN=achhetri/CN=804540/CN=Arjun Chhetri

 error: 
 retcode : 0
DEBUG 2021-04-28 22:24:03.842 UTC: 	 Getting myproxy life time left for myproxy.cern.ch
DEBUG 2021-04-28 22:24:03.842 UTC: 	 using eb0e67adc2dd9eb1770413a4ffd073f562b86f05 as credential login name
DEBUG 2021-04-28 22:24:05.148 UTC: 	 Executing : 
 command : myproxy-info -l eb0e67adc2dd9eb1770413a4ffd073f562b86f05 -s myproxy.cern.ch
 output : username: eb0e67adc2dd9eb1770413a4ffd073f562b86f05
owner: /DC=ch/DC=cern/OU=Organic Units/OU=Users/CN=achhetri/CN=804540/CN=Arjun Chhetri
  renewal policy: /DC=ch/DC=cern/OU=computers/CN=vocms0105.cern.ch|/DC=ch/DC=cern/OU=computers/CN=crab-(preprod|prod|dev)-tw(02|01).cern.ch|/DC=ch/DC=cern/OU=computers/CN=(ddi|ddidk|mytw).cern.ch|/DC=ch/DC=cern/OU=computers/CN=stefanov(m|m2).cern.ch
  trusted retrieval policy: /DC=ch/DC=cern/OU=computers/CN=vocms0105.cern.ch|/DC=ch/DC=cern/OU=computers/CN=crab-(preprod|prod|dev)-tw(02|01).cern.ch|/DC=ch/DC=cern/OU=computers/CN=(ddi|ddidk|mytw).cern.ch|/DC=ch/DC=cern/OU=computers/CN=stefanov(m|m2).cern.ch
  timeleft: 719:45:18  (30.0 days)

 error: 
 retcode : 0
DEBUG 2021-04-28 22:24:05.149 UTC: 	 Myproxy is valid: 2591118
DEBUG 2021-04-28 22:24:05.149 UTC: 	 Retrieving username ...
DEBUG 2021-04-28 22:24:05.149 UTC: 	 Retrieving username from CRIC...
DEBUG 2021-04-28 22:24:10.432 UTC: 	 username is achhetri
DEBUG 2021-04-28 22:24:10.439 UTC: 	 Getting myproxy life time left for myproxy.cern.ch
DEBUG 2021-04-28 22:24:10.439 UTC: 	 using achhetri_CRAB as credential login name
DEBUG 2021-04-28 22:24:10.744 UTC: 	 Executing : 
 command : myproxy-info -l achhetri_CRAB -s myproxy.cern.ch
 output : username: achhetri_CRAB
owner: /DC=ch/DC=cern/OU=Organic Units/OU=Users/CN=achhetri/CN=804540/CN=Arjun Chhetri
  renewal policy: /DC=ch/DC=cern/OU=computers/CN=vocms0105.cern.ch|/DC=ch/DC=cern/OU=computers/CN=crab-(preprod|prod|dev)-tw(02|01).cern.ch|/DC=ch/DC=cern/OU=computers/CN=(ddi|ddidk|mytw).cern.ch|/DC=ch/DC=cern/OU=computers/CN=stefanov(m|m2).cern.ch
  trusted retrieval policy: /DC=ch/DC=cern/OU=computers/CN=vocms0105.cern.ch|/DC=ch/DC=cern/OU=computers/CN=crab-(preprod|prod|dev)-tw(02|01).cern.ch|/DC=ch/DC=cern/OU=computers/CN=(ddi|ddidk|mytw).cern.ch|/DC=ch/DC=cern/OU=computers/CN=stefanov(m|m2).cern.ch
  timeleft: 371:19:47  (15.5 days)

 error: 
 retcode : 0
DEBUG 2021-04-28 22:24:10.744 UTC: 	 Myproxy is valid: 1336787
DEBUG 2021-04-28 22:24:10.744 UTC: 	 Result of myproxy credential check:
  Credential exists on myproxy: username: eb0e67adc2dd9eb1770413a4ffd073f562b86f05  - validity: 29 days, 23:45:18
  Credential exists on myproxy: username: achhetri_CRAB  - validity: 15 days, 11:19:47
DEBUG 2021-04-28 22:24:10.745 UTC: 	 Command use: status
DEBUG 2021-04-28 22:24:10.745 UTC: 	 Options use: ['-d', 'crab_Tprime_v5_NANo_AOD_106X/crab_WJetsToLNu_HT-800To1200_v2/']
DEBUG 2021-04-28 22:24:10.796 UTC: 	 CRABClient version: v3.210323
DEBUG 2021-04-28 22:24:10.796 UTC: 	 Instance is prod
DEBUG 2021-04-28 22:24:10.796 UTC: 	 Server base url is cmsweb.cern.ch
DEBUG 2021-04-28 22:24:10.796 UTC: 	 Command url /crabserver/prod/workflow
DEBUG 2021-04-28 22:24:10.846 UTC: 	 Got information from server oracle database: {u'result': [u'210428_221222:achhetri_crab_WJetsToLNu_HT-800To1200_v2', u'None', u'None', u'SUBMITTED', u'SUBMIT', u'2021-04-28 22:12:22.446893', u'None', u'2021-04-28 22:13:54.935925', u'None', u'CMSSW_10_6_8', u'slc7_amd64_gcc700', u'/WJetsToLNu_HT-800To1200_TuneCP5_13TeV-madgraphMLM-pythia8/RunIISummer20UL17NanoAODv2-106X_mc2017_realistic_v8-v1/NANOAODSIM', u'F', u'0', u'[]', u'[]', u'FileBased', u"{'splitOnRun': False, 'halt_job_on_file_boundaries': False, 'files_per_job': 1, 'runs': [], 'lumis': []}", u'dbb62c6e90d539c01b7361da7edd336f9b47ae6a13b3065aa8bb1bf2bea5890d.tar.gz', u'https://cmsweb.cern.ch:8443/crabcache', u'achhetri', u'/DC=ch/DC=cern/OU=Organic Units/OU=Users/CN=achhetri/CN=804540/CN=Arjun Chhetri', u'cms', u'None', u'None', u'WJetsToLNu_HT-800To1200_v2-00000000000000000000000000000000', u'F', u'T3_CH_CERNBOX', u'https://cmsweb.cern.ch/dbs/prod/global/DBSReader', u'https://cmsweb.cern.ch/dbs/prod/phys03/DBSWriter', u'F', u'[]', u'[]', u"['tree.root']", u'Analysis', u'pythia', u'None', u'{}', u'[]', u'T', u'crab-prod-tw01', u'[]', u'1250', u'1', u'2000', u'10', u'None', u'[]', u'http://vocms0196.cern.ch/mon/cms341/210428_221222:achhetri_crab_WJetsToLNu_HT-800To1200_v2', u'crab_script_Tprime.sh', u'[]', u'[]', u'https://cmsweb.cern.ch/crabserver/prod', u'cmsgwms-collector-global.cern.ch:9620', u'crab3@vocms0196.cern.ch', u'F', u'[]', u'T', u'/store/user/achhetri/Tprime_v5_NANo_AOD_106X', u'F', u'None', u'F', u'None', u'WJetsToLNu_HT-800To1200_TuneCP5_13TeV-madgraphMLM-pythia8', u'None', u'5336d74db504db23cb0f57e9d8f66093ee9ee371625c14b2e747def05a1e8ee3.tar.gz', u'64066002', u'filetransfers', u'F', u'188.185.90.209', u'6.0', u'None'], u'desc': {u'columns': [u'tm_taskname', u'tm_activity', u'panda_jobset_id', u'tm_task_status', u'tm_task_command', u'tm_start_time', u'tm_start_injection', u'tm_end_injection', u'tm_task_failure', u'tm_job_sw', u'tm_job_arch', u'tm_input_dataset', u'tm_nonvalid_input_dataset', u'tm_use_parent', u'tm_site_whitelist', u'tm_site_blacklist', u'tm_split_algo', u'tm_split_args', u'tm_user_sandbox', u'tm_cache_url', u'tm_username', u'tm_user_dn', u'tm_user_vo', u'tm_user_role', u'tm_user_group', u'tm_publish_name', u'tm_publish_groupname', u'tm_asyncdest', u'tm_dbs_url', u'tm_publish_dbs_url', u'tm_publication', u'tm_outfiles', u'tm_tfile_outfiles', u'tm_edm_outfiles', u'tm_job_type', u'tm_generator', u'tm_events_per_lumi', u'tm_arguments', u'panda_resubmitted_jobs', u'tm_save_logs', u'tw_name', u'tm_user_infiles', u'tm_maxjobruntime', u'tm_numcores', u'tm_maxmemory', u'tm_priority', u'tm_output_dataset', u'tm_task_warnings', u'tm_user_webdir', u'tm_scriptexe', u'tm_scriptargs', u'tm_extrajdl', u'tm_asourl', u'tm_collector', u'tm_schedd', u'tm_dry_run', u'tm_user_files', u'tm_transfer_outputs', u'tm_output_lfn', u'tm_ignore_locality', u'tm_fail_limit', u'tm_one_event_mode', u'tm_secondary_input_dataset', u'tm_primary_dataset', u'tm_last_publication', u'tm_debug_files', u'clusterid', u'tm_asodb', u'tm_ignore_global_blacklist', u'tm_submitter_ip_addr', u'tm_totalunits', u'tm_ddm_reqid']}}
INFO 2021-04-28 22:24:10.847 UTC: 	 CRAB project directory:		/afs/cern.ch/work/a/achhetri/NANO_AOD/CMSSW_10_6_8/src/WTopScalefactorProducer/Skimmer/NANOcrab/crab_Tprime_v5_NANo_AOD_106X/crab_WJetsToLNu_HT-800To1200_v2
INFO 2021-04-28 22:24:10.847 UTC: 	 Task name:			210428_221222:achhetri_crab_WJetsToLNu_HT-800To1200_v2
INFO 2021-04-28 22:24:10.847 UTC: 	 Grid scheduler - Task Worker:	crab3@vocms0196.cern.ch - crab-prod-tw01
INFO 2021-04-28 22:24:10.847 UTC: 	 Status on the CRAB server:	SUBMITTED
INFO 2021-04-28 22:24:10.847 UTC: 	 Task URL to use for HELP:	https://cmsweb.cern.ch/crabserver/ui/task/210428_221222%3Aachhetri_crab_WJetsToLNu_HT-800To1200_v2
INFO 2021-04-28 22:24:10.850 UTC: 	 Dashboard monitoring URL:	https://monit-grafana.cern.ch/d/cmsTMDetail/cms-task-monitoring-task-view?orgId=11&var-user=achhetri&var-task=210428_221222%3Aachhetri_crab_WJetsToLNu_HT-800To1200_v2&from=1619644342000&to=now
DEBUG 2021-04-28 22:24:10.850 UTC: 	 The CRAB server submitted your task to the Grid scheduler (cluster ID: 64066002)
DEBUG 2021-04-28 22:24:10.850 UTC: 	 Webdir is located at http://vocms0196.cern.ch/mon/cms341/210428_221222:achhetri_crab_WJetsToLNu_HT-800To1200_v2
DEBUG 2021-04-28 22:24:11.162 UTC: 	 Proxied webdir is located at https://cmsweb.cern.ch:8443/scheddmon/0196/cms341/210428_221222:achhetri_crab_WJetsToLNu_HT-800To1200_v2
DEBUG 2021-04-28 22:24:11.162 UTC: 	 Retrieving 'status_cache' file from https://cmsweb.cern.ch:8443/scheddmon/0196/cms341/210428_221222:achhetri_crab_WJetsToLNu_HT-800To1200_v2/status_cache
DEBUG 2021-04-28 22:24:11.200 UTC: 	 Got information from status cache file: {'1': {'Retries': 0, 'WallDurations': [9.0, 248.00164604187012, 248.00164604187012], 'StartTimes': [1619648166.0], 'SubmitTimes': [1619648046.0], 'JobIds': ['64066004.0'], 'EndTimes': [], 'Restarts': 0, 'RecordedSite': True, 'State': 'running', 'ResidentSetSize': [3888], 'TotalUserCpuTimeHistory': [0.0], 'SiteHistory': ['Unknown', 'T1_US_FNAL', 'T1_US_FNAL'], 'TotalSysCpuTimeHistory': [0.0]}, '3': {'Retries': 0, 'WallDurations': [8.0, 197.00164604187012, 197.00164604187012], 'StartTimes': [1619648217.0], 'SubmitTimes': [1619648047.0], 'JobIds': ['64066009.0'], 'EndTimes': [], 'Restarts': 0, 'RecordedSite': True, 'State': 'running', 'ResidentSetSize': [31324], 'TotalUserCpuTimeHistory': [0.0], 'SiteHistory': ['Unknown', 'T2_DE_DESY', 'T2_DE_DESY'], 'TotalSysCpuTimeHistory': [0.0]}, '2': {'Retries': 0, 'WallDurations': [10.0, 225.00164604187012, 225.00164604187012], 'StartTimes': [1619648189.0], 'SubmitTimes': [1619648046.0], 'JobIds': ['64066005.0'], 'EndTimes': [], 'Restarts': 0, 'RecordedSite': True, 'State': 'running', 'ResidentSetSize': [21768], 'TotalUserCpuTimeHistory': [0.0], 'SiteHistory': ['Unknown', 'T1_US_FNAL', 'T1_US_FNAL'], 'TotalSysCpuTimeHistory': [0.0]}, '5': {'Retries': 0, 'WallDurations': [8.0, 153.00164604187012, 153.00164604187012], 'StartTimes': [1619648261.0], 'SubmitTimes': [1619648047.0], 'JobIds': ['64066008.0'], 'EndTimes': [], 'Restarts': 0, 'RecordedSite': True, 'State': 'running', 'ResidentSetSize': [3096], 'TotalUserCpuTimeHistory': [0.0], 'SiteHistory': ['Unknown', 'T2_US_Vanderbilt', 'T2_US_Vanderbilt'], 'TotalSysCpuTimeHistory': [0.0]}, '4': {'Retries': 0, 'WallDurations': [9.0, 164.00164604187012, 164.00164604187012], 'StartTimes': [1619648250.0], 'SubmitTimes': [1619648047.0], 'JobIds': ['64066007.0'], 'EndTimes': [], 'Restarts': 0, 'RecordedSite': True, 'State': 'running', 'ResidentSetSize': [36928], 'TotalUserCpuTimeHistory': [0.0], 'SiteHistory': ['Unknown', 'T2_US_Vanderbilt', 'T2_US_Vanderbilt'], 'TotalSysCpuTimeHistory': [0.0]}, '6': {'Retries': 0, 'WallDurations': [9.0, 245.00164604187012, 245.00164604187012], 'StartTimes': [1619648169.0], 'SubmitTimes': [1619648047.0], 'JobIds': ['64066006.0'], 'EndTimes': [], 'Restarts': 0, 'RecordedSite': True, 'State': 'running', 'ResidentSetSize': [3900], 'TotalUserCpuTimeHistory': [0.0], 'SiteHistory': ['Unknown', 'T1_US_FNAL', 'T1_US_FNAL'], 'TotalSysCpuTimeHistory': [0.0]}}
INFO 2021-04-28 22:24:11.200 UTC: 	 Status on the scheduler:	SUBMITTED
INFO 2021-04-28 22:24:11.200 UTC: 	 
Jobs status:                    running      		100.0% (6/6)
INFO 2021-04-28 22:24:11.200 UTC: 	 
No publication information (publication has been disabled in the CRAB configuration file)
INFO 2021-04-28 22:24:11.261 UTC: 	 Log file is /afs/cern.ch/work/a/achhetri/NANO_AOD/CMSSW_10_6_8/src/WTopScalefactorProducer/Skimmer/NANOcrab/crab_Tprime_v5_NANo_AOD_106X/crab_WJetsToLNu_HT-800To1200_v2/crab.log
DEBUG 2021-04-29 13:58:40.169 UTC: 	 CRAB Client version: v3.210323
DEBUG 2021-04-29 13:58:40.169 UTC: 	 Running on: Linux lxplus748.cern.ch 3.10.0-1160.21.1.el7.x86_64 #1 SMP Tue Mar 16 18:28:22 UTC 2021 x86_64 x86_64 x86_64 GNU/Linux - CentOS Linux 7 (Core)
DEBUG 2021-04-29 13:58:40.169 UTC: 	 Executing command: 'status'
DEBUG 2021-04-29 13:58:40.169 UTC: 	 Found CRAB cache file /afs/cern.ch/user/a/achhetri/.crab3
DEBUG 2021-04-29 13:58:40.286 UTC: 	 Checking credentials
DEBUG 2021-04-29 13:58:40.286 UTC: 	 Found proxy file /afs/cern.ch/user/a/achhetri/x509up_u94350
DEBUG 2021-04-29 13:58:40.286 UTC: 	 Getting proxy life time left
DEBUG 2021-04-29 13:58:41.302 UTC: 	 Executing : 
 command : voms-proxy-info -file /afs/cern.ch/user/a/achhetri/x509up_u94350 -timeleft
 output : 691065

 error: 
 retcode : 0
DEBUG 2021-04-29 13:58:42.115 UTC: 	 Executing : 
 command : voms-proxy-info -file /afs/cern.ch/user/a/achhetri/x509up_u94350 -actimeleft
 output : 691064

 error: 
 retcode : 0
DEBUG 2021-04-29 13:58:42.116 UTC: 	 Proxy lifetime 691065 secs is different from voms extension lifetime 691064 secs for proxy: /afs/cern.ch/user/a/achhetri/x509up_u94350
DEBUG 2021-04-29 13:58:42.116 UTC: 	 Proxy valid for 191:57:44 hours
DEBUG 2021-04-29 13:58:42.200 UTC: 	 Registering user credentials for server /DC=ch/DC=cern/OU=computers/CN=vocms0105.cern.ch|/DC=ch/DC=cern/OU=computers/CN=crab-(preprod|prod|dev)-tw(02|01).cern.ch|/DC=ch/DC=cern/OU=computers/CN=(ddi|ddidk|mytw).cern.ch|/DC=ch/DC=cern/OU=computers/CN=stefanov(m|m2).cern.ch
DEBUG 2021-04-29 13:58:43.226 UTC: 	 Executing : 
 command : voms-proxy-info -file /afs/cern.ch/user/a/achhetri/x509up_u94350 -identity
 output : /DC=ch/DC=cern/OU=Organic Units/OU=Users/CN=achhetri/CN=804540/CN=Arjun Chhetri

 error: 
 retcode : 0
DEBUG 2021-04-29 13:58:43.239 UTC: 	 Getting myproxy life time left for myproxy.cern.ch
DEBUG 2021-04-29 13:58:43.239 UTC: 	 using eb0e67adc2dd9eb1770413a4ffd073f562b86f05 as credential login name
DEBUG 2021-04-29 13:58:43.645 UTC: 	 Executing : 
 command : myproxy-info -l eb0e67adc2dd9eb1770413a4ffd073f562b86f05 -s myproxy.cern.ch
 output : username: eb0e67adc2dd9eb1770413a4ffd073f562b86f05
owner: /DC=ch/DC=cern/OU=Organic Units/OU=Users/CN=achhetri/CN=804540/CN=Arjun Chhetri
  renewal policy: /DC=ch/DC=cern/OU=computers/CN=vocms0105.cern.ch|/DC=ch/DC=cern/OU=computers/CN=crab-(preprod|prod|dev)-tw(02|01).cern.ch|/DC=ch/DC=cern/OU=computers/CN=(ddi|ddidk|mytw).cern.ch|/DC=ch/DC=cern/OU=computers/CN=stefanov(m|m2).cern.ch
  trusted retrieval policy: /DC=ch/DC=cern/OU=computers/CN=vocms0105.cern.ch|/DC=ch/DC=cern/OU=computers/CN=crab-(preprod|prod|dev)-tw(02|01).cern.ch|/DC=ch/DC=cern/OU=computers/CN=(ddi|ddidk|mytw).cern.ch|/DC=ch/DC=cern/OU=computers/CN=stefanov(m|m2).cern.ch
  timeleft: 704:10:40  (29.3 days)

 error: 
 retcode : 0
DEBUG 2021-04-29 13:58:43.646 UTC: 	 Myproxy is valid: 2535040
DEBUG 2021-04-29 13:58:43.647 UTC: 	 Retrieving username ...
DEBUG 2021-04-29 13:58:43.647 UTC: 	 Retrieving username from CRIC...
DEBUG 2021-04-29 13:58:44.418 UTC: 	 username is achhetri
DEBUG 2021-04-29 13:58:44.426 UTC: 	 Getting myproxy life time left for myproxy.cern.ch
DEBUG 2021-04-29 13:58:44.426 UTC: 	 using achhetri_CRAB as credential login name
DEBUG 2021-04-29 13:58:44.733 UTC: 	 Executing : 
 command : myproxy-info -l achhetri_CRAB -s myproxy.cern.ch
 output : username: achhetri_CRAB
owner: /DC=ch/DC=cern/OU=Organic Units/OU=Users/CN=achhetri/CN=804540/CN=Arjun Chhetri
  renewal policy: /DC=ch/DC=cern/OU=computers/CN=vocms0105.cern.ch|/DC=ch/DC=cern/OU=computers/CN=crab-(preprod|prod|dev)-tw(02|01).cern.ch|/DC=ch/DC=cern/OU=computers/CN=(ddi|ddidk|mytw).cern.ch|/DC=ch/DC=cern/OU=computers/CN=stefanov(m|m2).cern.ch
  trusted retrieval policy: /DC=ch/DC=cern/OU=computers/CN=vocms0105.cern.ch|/DC=ch/DC=cern/OU=computers/CN=crab-(preprod|prod|dev)-tw(02|01).cern.ch|/DC=ch/DC=cern/OU=computers/CN=(ddi|ddidk|mytw).cern.ch|/DC=ch/DC=cern/OU=computers/CN=stefanov(m|m2).cern.ch
  timeleft: 355:45:13  (14.8 days)

 error: 
 retcode : 0
DEBUG 2021-04-29 13:58:44.733 UTC: 	 Myproxy is valid: 1280713
DEBUG 2021-04-29 13:58:44.839 UTC: 	 Executing : 
 command : openssl x509 -noout -in ~/.globus/usercert.pem -dates
 output : notBefore=Nov 11 12:18:59 2020 GMT
notAfter=Dec 16 12:18:59 2021 GMT

 error: 
 retcode : 0
DEBUG 2021-04-29 13:58:44.848 UTC: 	 Delegating a myproxy for 720:00 hours
DEBUG 2021-04-29 13:58:44.849 UTC: 	 using achhetri_CRAB as credential login name
DEBUG 2021-04-29 13:58:46.363 UTC: 	 Executing : 
 command : export GT_PROXY_MODE=rfc ; myproxy-init -d -n -s myproxy.cern.ch -x -R '/DC=ch/DC=cern/OU=computers/CN=vocms0105.cern.ch|/DC=ch/DC=cern/OU=computers/CN=crab-(preprod|prod|dev)-tw(02|01).cern.ch|/DC=ch/DC=cern/OU=computers/CN=(ddi|ddidk|mytw).cern.ch|/DC=ch/DC=cern/OU=computers/CN=stefanov(m|m2).cern.ch' -x -Z '/DC=ch/DC=cern/OU=computers/CN=vocms0105.cern.ch|/DC=ch/DC=cern/OU=computers/CN=crab-(preprod|prod|dev)-tw(02|01).cern.ch|/DC=ch/DC=cern/OU=computers/CN=(ddi|ddidk|mytw).cern.ch|/DC=ch/DC=cern/OU=computers/CN=stefanov(m|m2).cern.ch' -l 'achhetri_CRAB' -t 168:00 -c 720:00
 output : Your identity: /DC=ch/DC=cern/OU=Organic Units/OU=Users/CN=achhetri/CN=804540/CN=Arjun Chhetri

 error: Error: Couldn't read user key in /afs/cern.ch/user/a/achhetri/.globus/userkey.pem.
Use -debug for further information.
grid-proxy-init failed

 retcode : 1
DEBUG 2021-04-29 13:58:46.363 UTC: 	 using achhetri_CRAB as credential login name
DEBUG 2021-04-29 13:58:46.771 UTC: 	 Executing : 
 command : myproxy-info -l achhetri_CRAB -s myproxy.cern.ch
 output : username: achhetri_CRAB
owner: /DC=ch/DC=cern/OU=Organic Units/OU=Users/CN=achhetri/CN=804540/CN=Arjun Chhetri
  renewal policy: /DC=ch/DC=cern/OU=computers/CN=vocms0105.cern.ch|/DC=ch/DC=cern/OU=computers/CN=crab-(preprod|prod|dev)-tw(02|01).cern.ch|/DC=ch/DC=cern/OU=computers/CN=(ddi|ddidk|mytw).cern.ch|/DC=ch/DC=cern/OU=computers/CN=stefanov(m|m2).cern.ch
  trusted retrieval policy: /DC=ch/DC=cern/OU=computers/CN=vocms0105.cern.ch|/DC=ch/DC=cern/OU=computers/CN=crab-(preprod|prod|dev)-tw(02|01).cern.ch|/DC=ch/DC=cern/OU=computers/CN=(ddi|ddidk|mytw).cern.ch|/DC=ch/DC=cern/OU=computers/CN=stefanov(m|m2).cern.ch
  timeleft: 355:45:11  (14.8 days)

 error: 
 retcode : 0
DEBUG 2021-04-29 13:58:46.772 UTC: 	 My-proxy delegated.
DEBUG 2021-04-29 13:58:46.772 UTC: 	 Result of myproxy credential check:
  Credential exists on myproxy: username: eb0e67adc2dd9eb1770413a4ffd073f562b86f05  - validity: 29 days, 8:10:40
  Credential exists on myproxy: username: achhetri_CRAB  - validity: 14 days, 19:45:11
DEBUG 2021-04-29 13:58:46.773 UTC: 	 Command use: status
DEBUG 2021-04-29 13:58:46.773 UTC: 	 Options use: ['-d', 'crab_WJetsToLNu_HT-800To1200_v2/']
DEBUG 2021-04-29 13:58:46.841 UTC: 	 CRABClient version: v3.210323
DEBUG 2021-04-29 13:58:46.841 UTC: 	 Instance is prod
DEBUG 2021-04-29 13:58:46.841 UTC: 	 Server base url is cmsweb.cern.ch
DEBUG 2021-04-29 13:58:46.841 UTC: 	 Command url /crabserver/prod/workflow
DEBUG 2021-04-29 13:58:46.953 UTC: 	 Got information from server oracle database: {u'result': [u'210428_221222:achhetri_crab_WJetsToLNu_HT-800To1200_v2', u'None', u'None', u'SUBMITTED', u'SUBMIT', u'2021-04-28 22:12:22.446893', u'None', u'2021-04-28 22:13:54.935925', u'None', u'CMSSW_10_6_8', u'slc7_amd64_gcc700', u'/WJetsToLNu_HT-800To1200_TuneCP5_13TeV-madgraphMLM-pythia8/RunIISummer20UL17NanoAODv2-106X_mc2017_realistic_v8-v1/NANOAODSIM', u'F', u'0', u'[]', u'[]', u'FileBased', u"{'splitOnRun': False, 'halt_job_on_file_boundaries': False, 'files_per_job': 1, 'runs': [], 'lumis': []}", u'dbb62c6e90d539c01b7361da7edd336f9b47ae6a13b3065aa8bb1bf2bea5890d.tar.gz', u'https://cmsweb.cern.ch:8443/crabcache', u'achhetri', u'/DC=ch/DC=cern/OU=Organic Units/OU=Users/CN=achhetri/CN=804540/CN=Arjun Chhetri', u'cms', u'None', u'None', u'WJetsToLNu_HT-800To1200_v2-00000000000000000000000000000000', u'F', u'T3_CH_CERNBOX', u'https://cmsweb.cern.ch/dbs/prod/global/DBSReader', u'https://cmsweb.cern.ch/dbs/prod/phys03/DBSWriter', u'F', u'[]', u'[]', u"['tree.root']", u'Analysis', u'pythia', u'None', u'{}', u'[]', u'T', u'crab-prod-tw01', u'[]', u'1250', u'1', u'2000', u'10', u"['/WJetsToLNu_HT-800To1200_TuneCP5_13TeV-madgraphMLM-pythia8/achhetri-WJetsToLNu_HT-800To1200_v2-5d8f93ee2ba2db6b402c7167473e2950/USER']", u'[]', u'http://vocms0196.cern.ch/mon/cms341/210428_221222:achhetri_crab_WJetsToLNu_HT-800To1200_v2', u'crab_script_Tprime.sh', u'[]', u'[]', u'https://cmsweb.cern.ch/crabserver/prod', u'cmsgwms-collector-global.cern.ch:9620', u'crab3@vocms0196.cern.ch', u'F', u'[]', u'T', u'/store/user/achhetri/Tprime_v5_NANo_AOD_106X', u'F', u'None', u'F', u'None', u'WJetsToLNu_HT-800To1200_TuneCP5_13TeV-madgraphMLM-pythia8', u'None', u'5336d74db504db23cb0f57e9d8f66093ee9ee371625c14b2e747def05a1e8ee3.tar.gz', u'64066002', u'filetransfers', u'F', u'188.185.90.209', u'6.0', u'None'], u'desc': {u'columns': [u'tm_taskname', u'tm_activity', u'panda_jobset_id', u'tm_task_status', u'tm_task_command', u'tm_start_time', u'tm_start_injection', u'tm_end_injection', u'tm_task_failure', u'tm_job_sw', u'tm_job_arch', u'tm_input_dataset', u'tm_nonvalid_input_dataset', u'tm_use_parent', u'tm_site_whitelist', u'tm_site_blacklist', u'tm_split_algo', u'tm_split_args', u'tm_user_sandbox', u'tm_cache_url', u'tm_username', u'tm_user_dn', u'tm_user_vo', u'tm_user_role', u'tm_user_group', u'tm_publish_name', u'tm_publish_groupname', u'tm_asyncdest', u'tm_dbs_url', u'tm_publish_dbs_url', u'tm_publication', u'tm_outfiles', u'tm_tfile_outfiles', u'tm_edm_outfiles', u'tm_job_type', u'tm_generator', u'tm_events_per_lumi', u'tm_arguments', u'panda_resubmitted_jobs', u'tm_save_logs', u'tw_name', u'tm_user_infiles', u'tm_maxjobruntime', u'tm_numcores', u'tm_maxmemory', u'tm_priority', u'tm_output_dataset', u'tm_task_warnings', u'tm_user_webdir', u'tm_scriptexe', u'tm_scriptargs', u'tm_extrajdl', u'tm_asourl', u'tm_collector', u'tm_schedd', u'tm_dry_run', u'tm_user_files', u'tm_transfer_outputs', u'tm_output_lfn', u'tm_ignore_locality', u'tm_fail_limit', u'tm_one_event_mode', u'tm_secondary_input_dataset', u'tm_primary_dataset', u'tm_last_publication', u'tm_debug_files', u'clusterid', u'tm_asodb', u'tm_ignore_global_blacklist', u'tm_submitter_ip_addr', u'tm_totalunits', u'tm_ddm_reqid']}}
INFO 2021-04-29 13:58:46.953 UTC: 	 CRAB project directory:		/afs/cern.ch/work/a/achhetri/NANO_AOD/CMSSW_10_6_8/src/WTopScalefactorProducer/Skimmer/NANOcrab/crab_Tprime_v5_NANo_AOD_106X/crab_WJetsToLNu_HT-800To1200_v2
INFO 2021-04-29 13:58:46.953 UTC: 	 Task name:			210428_221222:achhetri_crab_WJetsToLNu_HT-800To1200_v2
INFO 2021-04-29 13:58:46.953 UTC: 	 Grid scheduler - Task Worker:	crab3@vocms0196.cern.ch - crab-prod-tw01
INFO 2021-04-29 13:58:46.953 UTC: 	 Status on the CRAB server:	SUBMITTED
INFO 2021-04-29 13:58:46.954 UTC: 	 Task URL to use for HELP:	https://cmsweb.cern.ch/crabserver/ui/task/210428_221222%3Aachhetri_crab_WJetsToLNu_HT-800To1200_v2
INFO 2021-04-29 13:58:46.955 UTC: 	 Dashboard monitoring URL:	https://monit-grafana.cern.ch/d/cmsTMDetail/cms-task-monitoring-task-view?orgId=11&var-user=achhetri&var-task=210428_221222%3Aachhetri_crab_WJetsToLNu_HT-800To1200_v2&from=1619644342000&to=now
DEBUG 2021-04-29 13:58:46.955 UTC: 	 The CRAB server submitted your task to the Grid scheduler (cluster ID: 64066002)
DEBUG 2021-04-29 13:58:46.955 UTC: 	 Webdir is located at http://vocms0196.cern.ch/mon/cms341/210428_221222:achhetri_crab_WJetsToLNu_HT-800To1200_v2
DEBUG 2021-04-29 13:58:47.043 UTC: 	 Proxied webdir is located at https://cmsweb.cern.ch:8443/scheddmon/0196/cms341/210428_221222:achhetri_crab_WJetsToLNu_HT-800To1200_v2
DEBUG 2021-04-29 13:58:47.043 UTC: 	 Retrieving 'status_cache' file from https://cmsweb.cern.ch:8443/scheddmon/0196/cms341/210428_221222:achhetri_crab_WJetsToLNu_HT-800To1200_v2/status_cache
DEBUG 2021-04-29 13:58:47.081 UTC: 	 Got information from status cache file: {'1': {'Retries': 0, 'WallDurations': [9.0, 248.00164604187012, 23357.0], 'StartTimes': [1619648166.0], 'SubmitTimes': [1619648046.0], 'JobIds': ['64066004.0'], 'EndTimes': [1619671523.0], 'Restarts': 0, 'RecordedSite': True, 'State': 'finished', 'ResidentSetSize': [620328], 'TotalUserCpuTimeHistory': [20422], 'SiteHistory': ['Unknown', 'T1_US_FNAL', 'T1_US_FNAL'], 'TotalSysCpuTimeHistory': [2390]}, '3': {'Retries': 0, 'WallDurations': [8.0, 197.00164604187012, 31973.0], 'StartTimes': [1619648217.0], 'SubmitTimes': [1619648047.0], 'JobIds': ['64066009.0'], 'EndTimes': [1619680190.0], 'Restarts': 0, 'RecordedSite': True, 'State': 'finished', 'ResidentSetSize': [694624], 'TotalUserCpuTimeHistory': [28985], 'SiteHistory': ['Unknown', 'T2_DE_DESY', 'T2_DE_DESY'], 'TotalSysCpuTimeHistory': [1906]}, '2': {'Retries': 0, 'WallDurations': [10.0, 225.00164604187012, 2416.0], 'StartTimes': [1619648189.0], 'SubmitTimes': [1619648046.0], 'JobIds': ['64066005.0'], 'EndTimes': [], 'Restarts': 0, 'RecordedSite': True, 'State': 'running', 'ResidentSetSize': [626884], 'TotalUserCpuTimeHistory': [1990.0], 'SiteHistory': ['Unknown', 'T1_US_FNAL', 'T1_US_FNAL'], 'TotalSysCpuTimeHistory': [284.0]}, '5': {'Retries': 0, 'WallDurations': [8.0, 153.00164604187012, 1859.0], 'StartTimes': [1619648261.0], 'SubmitTimes': [1619648047.0], 'JobIds': ['64066008.0'], 'EndTimes': [1619650120.0], 'Restarts': 0, 'RecordedSite': True, 'State': 'finished', 'ResidentSetSize': [652888], 'TotalUserCpuTimeHistory': [1608], 'SiteHistory': ['Unknown', 'T2_US_Vanderbilt', 'T2_US_Vanderbilt'], 'TotalSysCpuTimeHistory': [70]}, '4': {'Retries': 0, 'WallDurations': [9.0, 164.00164604187012, 30176.0], 'StartTimes': [1619648250.0], 'SubmitTimes': [1619648047.0], 'JobIds': ['64066007.0'], 'EndTimes': [1619678426.0], 'Restarts': 0, 'RecordedSite': True, 'State': 'finished', 'ResidentSetSize': [664300], 'TotalUserCpuTimeHistory': [24002], 'SiteHistory': ['Unknown', 'T2_US_Vanderbilt', 'T2_US_Vanderbilt'], 'TotalSysCpuTimeHistory': [1139]}, '6': {'Retries': 0, 'WallDurations': [9.0, 245.00164604187012, 37741.0], 'StartTimes': [1619648169.0], 'SubmitTimes': [1619648047.0], 'JobIds': ['64066006.0'], 'EndTimes': [1619685910.0], 'Restarts': 0, 'RecordedSite': True, 'State': 'finished', 'ResidentSetSize': [644776], 'TotalUserCpuTimeHistory': [32919], 'SiteHistory': ['Unknown', 'T1_US_FNAL', 'T1_US_FNAL'], 'TotalSysCpuTimeHistory': [3752]}}
INFO 2021-04-29 13:58:47.081 UTC: 	 Status on the scheduler:	SUBMITTED
INFO 2021-04-29 13:58:47.082 UTC: 	 
Jobs status:                    finished     		 83.3% (5/6)
INFO 2021-04-29 13:58:47.082 UTC: 	 				running      		 16.7% (1/6)
INFO 2021-04-29 13:58:47.082 UTC: 	 
No publication information (publication has been disabled in the CRAB configuration file)
INFO 2021-04-29 13:58:47.082 UTC: 	 
Summary of run jobs:
 * Memory: 605MB min, 678MB max, 640MB ave
 * Runtime: 0:30:59 min, 10:29:01 max, 6:57:01 ave
 * CPU eff: 83% min, 98% max, 94% ave
 * Waste: 0:17:30 (1% of total)

INFO 2021-04-29 13:58:47.104 UTC: 	 Log file is /afs/cern.ch/work/a/achhetri/NANO_AOD/CMSSW_10_6_8/src/WTopScalefactorProducer/Skimmer/NANOcrab/crab_Tprime_v5_NANo_AOD_106X/crab_WJetsToLNu_HT-800To1200_v2/crab.log
DEBUG 2021-04-29 17:50:24.452 UTC: 	 CRAB Client version: v3.210323
DEBUG 2021-04-29 17:50:24.453 UTC: 	 Running on: Linux lxplus779.cern.ch 3.10.0-1160.24.1.el7.x86_64 #1 SMP Thu Apr 8 19:51:47 UTC 2021 x86_64 x86_64 x86_64 GNU/Linux - CentOS Linux 7 (Core)
DEBUG 2021-04-29 17:50:24.453 UTC: 	 Executing command: 'status'
DEBUG 2021-04-29 17:50:24.453 UTC: 	 Found CRAB cache file /afs/cern.ch/user/a/achhetri/.crab3
DEBUG 2021-04-29 17:50:24.600 UTC: 	 Checking credentials
DEBUG 2021-04-29 17:50:24.600 UTC: 	 Found proxy file /afs/cern.ch/user/a/achhetri/x509up_u94350
DEBUG 2021-04-29 17:50:24.600 UTC: 	 Getting proxy life time left
DEBUG 2021-04-29 17:50:25.205 UTC: 	 Executing : 
 command : voms-proxy-info -file /afs/cern.ch/user/a/achhetri/x509up_u94350 -timeleft
 output : 690920

 error: 
 retcode : 0
DEBUG 2021-04-29 17:50:25.813 UTC: 	 Executing : 
 command : voms-proxy-info -file /afs/cern.ch/user/a/achhetri/x509up_u94350 -actimeleft
 output : 690920

 error: 
 retcode : 0
DEBUG 2021-04-29 17:50:25.813 UTC: 	 Proxy valid for 191:55:20 hours
DEBUG 2021-04-29 17:50:25.892 UTC: 	 Registering user credentials for server /DC=ch/DC=cern/OU=computers/CN=vocms0105.cern.ch|/DC=ch/DC=cern/OU=computers/CN=crab-(preprod|prod|dev)-tw(02|01).cern.ch|/DC=ch/DC=cern/OU=computers/CN=(ddi|ddidk|mytw).cern.ch|/DC=ch/DC=cern/OU=computers/CN=stefanov(m|m2).cern.ch
DEBUG 2021-04-29 17:50:26.503 UTC: 	 Executing : 
 command : voms-proxy-info -file /afs/cern.ch/user/a/achhetri/x509up_u94350 -identity
 output : /DC=ch/DC=cern/OU=Organic Units/OU=Users/CN=achhetri/CN=804540/CN=Arjun Chhetri

 error: 
 retcode : 0
DEBUG 2021-04-29 17:50:26.510 UTC: 	 Getting myproxy life time left for myproxy.cern.ch
DEBUG 2021-04-29 17:50:26.511 UTC: 	 using eb0e67adc2dd9eb1770413a4ffd073f562b86f05 as credential login name
DEBUG 2021-04-29 17:50:27.016 UTC: 	 Executing : 
 command : myproxy-info -l eb0e67adc2dd9eb1770413a4ffd073f562b86f05 -s myproxy.cern.ch
 output : username: eb0e67adc2dd9eb1770413a4ffd073f562b86f05
owner: /DC=ch/DC=cern/OU=Organic Units/OU=Users/CN=achhetri/CN=804540/CN=Arjun Chhetri
  renewal policy: /DC=ch/DC=cern/OU=computers/CN=vocms0105.cern.ch|/DC=ch/DC=cern/OU=computers/CN=crab-(preprod|prod|dev)-tw(02|01).cern.ch|/DC=ch/DC=cern/OU=computers/CN=(ddi|ddidk|mytw).cern.ch|/DC=ch/DC=cern/OU=computers/CN=stefanov(m|m2).cern.ch
  trusted retrieval policy: /DC=ch/DC=cern/OU=computers/CN=vocms0105.cern.ch|/DC=ch/DC=cern/OU=computers/CN=crab-(preprod|prod|dev)-tw(02|01).cern.ch|/DC=ch/DC=cern/OU=computers/CN=(ddi|ddidk|mytw).cern.ch|/DC=ch/DC=cern/OU=computers/CN=stefanov(m|m2).cern.ch
  timeleft: 700:18:57  (29.2 days)

 error: 
 retcode : 0
DEBUG 2021-04-29 17:50:27.017 UTC: 	 Myproxy is valid: 2521137
DEBUG 2021-04-29 17:50:27.017 UTC: 	 Retrieving username ...
DEBUG 2021-04-29 17:50:27.017 UTC: 	 Retrieving username from CRIC...
DEBUG 2021-04-29 17:50:27.866 UTC: 	 username is achhetri
DEBUG 2021-04-29 17:50:27.873 UTC: 	 Getting myproxy life time left for myproxy.cern.ch
DEBUG 2021-04-29 17:50:27.873 UTC: 	 using achhetri_CRAB as credential login name
DEBUG 2021-04-29 17:50:28.380 UTC: 	 Executing : 
 command : myproxy-info -l achhetri_CRAB -s myproxy.cern.ch
 output : username: achhetri_CRAB
owner: /DC=ch/DC=cern/OU=Organic Units/OU=Users/CN=achhetri/CN=804540/CN=Arjun Chhetri
  renewal policy: /DC=ch/DC=cern/OU=computers/CN=vocms0105.cern.ch|/DC=ch/DC=cern/OU=computers/CN=crab-(preprod|prod|dev)-tw(02|01).cern.ch|/DC=ch/DC=cern/OU=computers/CN=(ddi|ddidk|mytw).cern.ch|/DC=ch/DC=cern/OU=computers/CN=stefanov(m|m2).cern.ch
  trusted retrieval policy: /DC=ch/DC=cern/OU=computers/CN=vocms0105.cern.ch|/DC=ch/DC=cern/OU=computers/CN=crab-(preprod|prod|dev)-tw(02|01).cern.ch|/DC=ch/DC=cern/OU=computers/CN=(ddi|ddidk|mytw).cern.ch|/DC=ch/DC=cern/OU=computers/CN=stefanov(m|m2).cern.ch
  timeleft: 351:53:29  (14.7 days)

 error: 
 retcode : 0
DEBUG 2021-04-29 17:50:28.380 UTC: 	 Myproxy is valid: 1266809
DEBUG 2021-04-29 17:50:28.485 UTC: 	 Executing : 
 command : openssl x509 -noout -in ~/.globus/usercert.pem -dates
 output : notBefore=Nov 11 12:18:59 2020 GMT
notAfter=Dec 16 12:18:59 2021 GMT

 error: 
 retcode : 0
DEBUG 2021-04-29 17:50:28.489 UTC: 	 Delegating a myproxy for 720:00 hours
DEBUG 2021-04-29 17:50:28.489 UTC: 	 using achhetri_CRAB as credential login name
DEBUG 2021-04-29 17:50:28.594 UTC: 	 Executing : 
 command : export GT_PROXY_MODE=rfc ; myproxy-init -d -n -s myproxy.cern.ch -x -R '/DC=ch/DC=cern/OU=computers/CN=vocms0105.cern.ch|/DC=ch/DC=cern/OU=computers/CN=crab-(preprod|prod|dev)-tw(02|01).cern.ch|/DC=ch/DC=cern/OU=computers/CN=(ddi|ddidk|mytw).cern.ch|/DC=ch/DC=cern/OU=computers/CN=stefanov(m|m2).cern.ch' -x -Z '/DC=ch/DC=cern/OU=computers/CN=vocms0105.cern.ch|/DC=ch/DC=cern/OU=computers/CN=crab-(preprod|prod|dev)-tw(02|01).cern.ch|/DC=ch/DC=cern/OU=computers/CN=(ddi|ddidk|mytw).cern.ch|/DC=ch/DC=cern/OU=computers/CN=stefanov(m|m2).cern.ch' -l 'achhetri_CRAB' -t 168:00 -c 720:00
 output : Your identity: /DC=ch/DC=cern/OU=Organic Units/OU=Users/CN=achhetri/CN=804540/CN=Arjun Chhetri

 error: Error: Couldn't read user key in /afs/cern.ch/user/a/achhetri/.globus/userkey.pem.
Use -debug for further information.
grid-proxy-init failed

 retcode : 1
DEBUG 2021-04-29 17:50:28.595 UTC: 	 using achhetri_CRAB as credential login name
DEBUG 2021-04-29 17:50:29.000 UTC: 	 Executing : 
 command : myproxy-info -l achhetri_CRAB -s myproxy.cern.ch
 output : username: achhetri_CRAB
owner: /DC=ch/DC=cern/OU=Organic Units/OU=Users/CN=achhetri/CN=804540/CN=Arjun Chhetri
  renewal policy: /DC=ch/DC=cern/OU=computers/CN=vocms0105.cern.ch|/DC=ch/DC=cern/OU=computers/CN=crab-(preprod|prod|dev)-tw(02|01).cern.ch|/DC=ch/DC=cern/OU=computers/CN=(ddi|ddidk|mytw).cern.ch|/DC=ch/DC=cern/OU=computers/CN=stefanov(m|m2).cern.ch
  trusted retrieval policy: /DC=ch/DC=cern/OU=computers/CN=vocms0105.cern.ch|/DC=ch/DC=cern/OU=computers/CN=crab-(preprod|prod|dev)-tw(02|01).cern.ch|/DC=ch/DC=cern/OU=computers/CN=(ddi|ddidk|mytw).cern.ch|/DC=ch/DC=cern/OU=computers/CN=stefanov(m|m2).cern.ch
  timeleft: 351:53:29  (14.7 days)

 error: 
 retcode : 0
DEBUG 2021-04-29 17:50:29.001 UTC: 	 My-proxy delegated.
DEBUG 2021-04-29 17:50:29.001 UTC: 	 Result of myproxy credential check:
  Credential exists on myproxy: username: eb0e67adc2dd9eb1770413a4ffd073f562b86f05  - validity: 29 days, 4:18:57
  Credential exists on myproxy: username: achhetri_CRAB  - validity: 14 days, 15:53:29
DEBUG 2021-04-29 17:50:29.001 UTC: 	 Command use: status
DEBUG 2021-04-29 17:50:29.001 UTC: 	 Options use: ['-d', 'crab_WJetsToLNu_HT-800To1200_v2/']
DEBUG 2021-04-29 17:50:29.054 UTC: 	 CRABClient version: v3.210323
DEBUG 2021-04-29 17:50:29.054 UTC: 	 Instance is prod
DEBUG 2021-04-29 17:50:29.054 UTC: 	 Server base url is cmsweb.cern.ch
DEBUG 2021-04-29 17:50:29.054 UTC: 	 Command url /crabserver/prod/workflow
DEBUG 2021-04-29 17:50:29.167 UTC: 	 Got information from server oracle database: {u'result': [u'210428_221222:achhetri_crab_WJetsToLNu_HT-800To1200_v2', u'None', u'None', u'SUBMITTED', u'SUBMIT', u'2021-04-28 22:12:22.446893', u'None', u'2021-04-28 22:13:54.935925', u'None', u'CMSSW_10_6_8', u'slc7_amd64_gcc700', u'/WJetsToLNu_HT-800To1200_TuneCP5_13TeV-madgraphMLM-pythia8/RunIISummer20UL17NanoAODv2-106X_mc2017_realistic_v8-v1/NANOAODSIM', u'F', u'0', u'[]', u'[]', u'FileBased', u"{'splitOnRun': False, 'halt_job_on_file_boundaries': False, 'files_per_job': 1, 'runs': [], 'lumis': []}", u'dbb62c6e90d539c01b7361da7edd336f9b47ae6a13b3065aa8bb1bf2bea5890d.tar.gz', u'https://cmsweb.cern.ch:8443/crabcache', u'achhetri', u'/DC=ch/DC=cern/OU=Organic Units/OU=Users/CN=achhetri/CN=804540/CN=Arjun Chhetri', u'cms', u'None', u'None', u'WJetsToLNu_HT-800To1200_v2-00000000000000000000000000000000', u'F', u'T3_CH_CERNBOX', u'https://cmsweb.cern.ch/dbs/prod/global/DBSReader', u'https://cmsweb.cern.ch/dbs/prod/phys03/DBSWriter', u'F', u'[]', u'[]', u"['tree.root']", u'Analysis', u'pythia', u'None', u'{}', u'[]', u'T', u'crab-prod-tw01', u'[]', u'1250', u'1', u'2000', u'10', u"['/WJetsToLNu_HT-800To1200_TuneCP5_13TeV-madgraphMLM-pythia8/achhetri-WJetsToLNu_HT-800To1200_v2-5d8f93ee2ba2db6b402c7167473e2950/USER']", u'[]', u'http://vocms0196.cern.ch/mon/cms341/210428_221222:achhetri_crab_WJetsToLNu_HT-800To1200_v2', u'crab_script_Tprime.sh', u'[]', u'[]', u'https://cmsweb.cern.ch/crabserver/prod', u'cmsgwms-collector-global.cern.ch:9620', u'crab3@vocms0196.cern.ch', u'F', u'[]', u'T', u'/store/user/achhetri/Tprime_v5_NANo_AOD_106X', u'F', u'None', u'F', u'None', u'WJetsToLNu_HT-800To1200_TuneCP5_13TeV-madgraphMLM-pythia8', u'None', u'5336d74db504db23cb0f57e9d8f66093ee9ee371625c14b2e747def05a1e8ee3.tar.gz', u'64066002', u'filetransfers', u'F', u'188.185.90.209', u'6.0', u'None'], u'desc': {u'columns': [u'tm_taskname', u'tm_activity', u'panda_jobset_id', u'tm_task_status', u'tm_task_command', u'tm_start_time', u'tm_start_injection', u'tm_end_injection', u'tm_task_failure', u'tm_job_sw', u'tm_job_arch', u'tm_input_dataset', u'tm_nonvalid_input_dataset', u'tm_use_parent', u'tm_site_whitelist', u'tm_site_blacklist', u'tm_split_algo', u'tm_split_args', u'tm_user_sandbox', u'tm_cache_url', u'tm_username', u'tm_user_dn', u'tm_user_vo', u'tm_user_role', u'tm_user_group', u'tm_publish_name', u'tm_publish_groupname', u'tm_asyncdest', u'tm_dbs_url', u'tm_publish_dbs_url', u'tm_publication', u'tm_outfiles', u'tm_tfile_outfiles', u'tm_edm_outfiles', u'tm_job_type', u'tm_generator', u'tm_events_per_lumi', u'tm_arguments', u'panda_resubmitted_jobs', u'tm_save_logs', u'tw_name', u'tm_user_infiles', u'tm_maxjobruntime', u'tm_numcores', u'tm_maxmemory', u'tm_priority', u'tm_output_dataset', u'tm_task_warnings', u'tm_user_webdir', u'tm_scriptexe', u'tm_scriptargs', u'tm_extrajdl', u'tm_asourl', u'tm_collector', u'tm_schedd', u'tm_dry_run', u'tm_user_files', u'tm_transfer_outputs', u'tm_output_lfn', u'tm_ignore_locality', u'tm_fail_limit', u'tm_one_event_mode', u'tm_secondary_input_dataset', u'tm_primary_dataset', u'tm_last_publication', u'tm_debug_files', u'clusterid', u'tm_asodb', u'tm_ignore_global_blacklist', u'tm_submitter_ip_addr', u'tm_totalunits', u'tm_ddm_reqid']}}
INFO 2021-04-29 17:50:29.167 UTC: 	 CRAB project directory:		/afs/cern.ch/work/a/achhetri/NANO_AOD/CMSSW_10_6_8/src/WTopScalefactorProducer/Skimmer/NANOcrab/crab_Tprime_v5_NANo_AOD_106X/crab_WJetsToLNu_HT-800To1200_v2
INFO 2021-04-29 17:50:29.167 UTC: 	 Task name:			210428_221222:achhetri_crab_WJetsToLNu_HT-800To1200_v2
INFO 2021-04-29 17:50:29.167 UTC: 	 Grid scheduler - Task Worker:	crab3@vocms0196.cern.ch - crab-prod-tw01
INFO 2021-04-29 17:50:29.167 UTC: 	 Status on the CRAB server:	SUBMITTED
INFO 2021-04-29 17:50:29.167 UTC: 	 Task URL to use for HELP:	https://cmsweb.cern.ch/crabserver/ui/task/210428_221222%3Aachhetri_crab_WJetsToLNu_HT-800To1200_v2
INFO 2021-04-29 17:50:29.168 UTC: 	 Dashboard monitoring URL:	https://monit-grafana.cern.ch/d/cmsTMDetail/cms-task-monitoring-task-view?orgId=11&var-user=achhetri&var-task=210428_221222%3Aachhetri_crab_WJetsToLNu_HT-800To1200_v2&from=1619644342000&to=now
DEBUG 2021-04-29 17:50:29.169 UTC: 	 The CRAB server submitted your task to the Grid scheduler (cluster ID: 64066002)
DEBUG 2021-04-29 17:50:29.169 UTC: 	 Webdir is located at http://vocms0196.cern.ch/mon/cms341/210428_221222:achhetri_crab_WJetsToLNu_HT-800To1200_v2
DEBUG 2021-04-29 17:50:29.251 UTC: 	 Proxied webdir is located at https://cmsweb.cern.ch:8443/scheddmon/0196/cms341/210428_221222:achhetri_crab_WJetsToLNu_HT-800To1200_v2
DEBUG 2021-04-29 17:50:29.251 UTC: 	 Retrieving 'status_cache' file from https://cmsweb.cern.ch:8443/scheddmon/0196/cms341/210428_221222:achhetri_crab_WJetsToLNu_HT-800To1200_v2/status_cache
DEBUG 2021-04-29 17:50:29.292 UTC: 	 Got information from status cache file: {'1': {'Retries': 0, 'WallDurations': [9.0, 248.00164604187012, 23357.0], 'StartTimes': [1619648166.0], 'SubmitTimes': [1619648046.0], 'JobIds': ['64066004.0'], 'EndTimes': [1619671523.0], 'Restarts': 0, 'RecordedSite': True, 'State': 'finished', 'ResidentSetSize': [620328], 'TotalUserCpuTimeHistory': [20422], 'SiteHistory': ['Unknown', 'T1_US_FNAL', 'T1_US_FNAL'], 'TotalSysCpuTimeHistory': [2390]}, '3': {'Retries': 0, 'WallDurations': [8.0, 197.00164604187012, 31973.0], 'StartTimes': [1619648217.0], 'SubmitTimes': [1619648047.0], 'JobIds': ['64066009.0'], 'EndTimes': [1619680190.0], 'Restarts': 0, 'RecordedSite': True, 'State': 'finished', 'ResidentSetSize': [694624], 'TotalUserCpuTimeHistory': [28985], 'SiteHistory': ['Unknown', 'T2_DE_DESY', 'T2_DE_DESY'], 'TotalSysCpuTimeHistory': [1906]}, '2': {'Retries': 0, 'WallDurations': [10.0, 225.00164604187012, 62168.0], 'StartTimes': [1619648189.0], 'SubmitTimes': [1619648046.0], 'JobIds': ['64066005.0'], 'EndTimes': [1619710357.0], 'Restarts': 0, 'RecordedSite': True, 'State': 'finished', 'ResidentSetSize': [704632], 'TotalUserCpuTimeHistory': [53444], 'SiteHistory': ['Unknown', 'T1_US_FNAL', 'T1_US_FNAL'], 'TotalSysCpuTimeHistory': [6883]}, '5': {'Retries': 0, 'WallDurations': [8.0, 153.00164604187012, 1859.0], 'StartTimes': [1619648261.0], 'SubmitTimes': [1619648047.0], 'JobIds': ['64066008.0'], 'EndTimes': [1619650120.0], 'Restarts': 0, 'RecordedSite': True, 'State': 'finished', 'ResidentSetSize': [652888], 'TotalUserCpuTimeHistory': [1608], 'SiteHistory': ['Unknown', 'T2_US_Vanderbilt', 'T2_US_Vanderbilt'], 'TotalSysCpuTimeHistory': [70]}, '4': {'Retries': 0, 'WallDurations': [9.0, 164.00164604187012, 30176.0], 'StartTimes': [1619648250.0], 'SubmitTimes': [1619648047.0], 'JobIds': ['64066007.0'], 'EndTimes': [1619678426.0], 'Restarts': 0, 'RecordedSite': True, 'State': 'finished', 'ResidentSetSize': [664300], 'TotalUserCpuTimeHistory': [24002], 'SiteHistory': ['Unknown', 'T2_US_Vanderbilt', 'T2_US_Vanderbilt'], 'TotalSysCpuTimeHistory': [1139]}, '6': {'Retries': 0, 'WallDurations': [9.0, 245.00164604187012, 37741.0], 'StartTimes': [1619648169.0], 'SubmitTimes': [1619648047.0], 'JobIds': ['64066006.0'], 'EndTimes': [1619685910.0], 'Restarts': 0, 'RecordedSite': True, 'State': 'finished', 'ResidentSetSize': [644776], 'TotalUserCpuTimeHistory': [32919], 'SiteHistory': ['Unknown', 'T1_US_FNAL', 'T1_US_FNAL'], 'TotalSysCpuTimeHistory': [3752]}}
INFO 2021-04-29 17:50:29.292 UTC: 	 Status on the scheduler:	COMPLETED
INFO 2021-04-29 17:50:29.292 UTC: 	 
Jobs status:                    finished     		100.0% (6/6)
INFO 2021-04-29 17:50:29.292 UTC: 	 
No publication information (publication has been disabled in the CRAB configuration file)
INFO 2021-04-29 17:50:29.292 UTC: 	 
Summary of run jobs:
 * Memory: 605MB min, 688MB max, 648MB ave
 * Runtime: 0:30:59 min, 17:16:08 max, 8:40:12 ave
 * CPU eff: 83% min, 98% max, 95% ave
 * Waste: 0:21:25 (1% of total)

INFO 2021-04-29 17:50:29.325 UTC: 	 Log file is /afs/cern.ch/work/a/achhetri/NANO_AOD/CMSSW_10_6_8/src/WTopScalefactorProducer/Skimmer/NANOcrab/crab_Tprime_v5_NANo_AOD_106X/crab_WJetsToLNu_HT-800To1200_v2/crab.log
DEBUG 2021-05-01 10:58:57.416 UTC: 	 CRAB Client version: v3.210323
DEBUG 2021-05-01 10:58:57.417 UTC: 	 Running on: Linux lxplus771.cern.ch 3.10.0-1160.24.1.el7.x86_64 #1 SMP Thu Apr 8 19:51:47 UTC 2021 x86_64 x86_64 x86_64 GNU/Linux - CentOS Linux 7 (Core)
DEBUG 2021-05-01 10:58:57.417 UTC: 	 Executing command: 'status'
DEBUG 2021-05-01 10:58:57.417 UTC: 	 Found CRAB cache file /afs/cern.ch/user/a/achhetri/.crab3
DEBUG 2021-05-01 10:58:57.535 UTC: 	 Checking credentials
DEBUG 2021-05-01 10:58:57.536 UTC: 	 Found proxy file /afs/cern.ch/user/a/achhetri/x509up_u94350
DEBUG 2021-05-01 10:58:57.536 UTC: 	 Getting proxy life time left
DEBUG 2021-05-01 10:58:58.241 UTC: 	 Executing : 
 command : voms-proxy-info -file /afs/cern.ch/user/a/achhetri/x509up_u94350 -timeleft
 output : 690911

 error: 
 retcode : 0
DEBUG 2021-05-01 10:58:58.846 UTC: 	 Executing : 
 command : voms-proxy-info -file /afs/cern.ch/user/a/achhetri/x509up_u94350 -actimeleft
 output : 690911

 error: 
 retcode : 0
DEBUG 2021-05-01 10:58:58.847 UTC: 	 Proxy valid for 191:55:11 hours
DEBUG 2021-05-01 10:58:58.900 UTC: 	 Registering user credentials for server /DC=ch/DC=cern/OU=computers/CN=vocms0105.cern.ch|/DC=ch/DC=cern/OU=computers/CN=crab-(preprod|prod|dev)-tw(02|01).cern.ch|/DC=ch/DC=cern/OU=computers/CN=(ddi|ddidk|mytw).cern.ch|/DC=ch/DC=cern/OU=computers/CN=stefanov(m|m2).cern.ch
DEBUG 2021-05-01 10:58:59.513 UTC: 	 Executing : 
 command : voms-proxy-info -file /afs/cern.ch/user/a/achhetri/x509up_u94350 -identity
 output : /DC=ch/DC=cern/OU=Organic Units/OU=Users/CN=achhetri/CN=804540/CN=Arjun Chhetri

 error: 
 retcode : 0
DEBUG 2021-05-01 10:58:59.520 UTC: 	 Getting myproxy life time left for myproxy.cern.ch
DEBUG 2021-05-01 10:58:59.520 UTC: 	 using eb0e67adc2dd9eb1770413a4ffd073f562b86f05 as credential login name
DEBUG 2021-05-01 10:58:59.924 UTC: 	 Executing : 
 command : myproxy-info -l eb0e67adc2dd9eb1770413a4ffd073f562b86f05 -s myproxy.cern.ch
 output : username: eb0e67adc2dd9eb1770413a4ffd073f562b86f05
owner: /DC=ch/DC=cern/OU=Organic Units/OU=Users/CN=achhetri/CN=804540/CN=Arjun Chhetri
  renewal policy: /DC=ch/DC=cern/OU=computers/CN=vocms0105.cern.ch|/DC=ch/DC=cern/OU=computers/CN=crab-(preprod|prod|dev)-tw(02|01).cern.ch|/DC=ch/DC=cern/OU=computers/CN=(ddi|ddidk|mytw).cern.ch|/DC=ch/DC=cern/OU=computers/CN=stefanov(m|m2).cern.ch
  trusted retrieval policy: /DC=ch/DC=cern/OU=computers/CN=vocms0105.cern.ch|/DC=ch/DC=cern/OU=computers/CN=crab-(preprod|prod|dev)-tw(02|01).cern.ch|/DC=ch/DC=cern/OU=computers/CN=(ddi|ddidk|mytw).cern.ch|/DC=ch/DC=cern/OU=computers/CN=stefanov(m|m2).cern.ch
  timeleft: 659:10:24  (27.5 days)

 error: 
 retcode : 0
DEBUG 2021-05-01 10:58:59.926 UTC: 	 Myproxy is valid: 2373024
DEBUG 2021-05-01 10:58:59.926 UTC: 	 Retrieving username ...
DEBUG 2021-05-01 10:58:59.926 UTC: 	 Retrieving username from CRIC...
DEBUG 2021-05-01 10:59:01.142 UTC: 	 username is achhetri
DEBUG 2021-05-01 10:59:01.151 UTC: 	 Getting myproxy life time left for myproxy.cern.ch
DEBUG 2021-05-01 10:59:01.151 UTC: 	 using achhetri_CRAB as credential login name
DEBUG 2021-05-01 10:59:01.456 UTC: 	 Executing : 
 command : myproxy-info -l achhetri_CRAB -s myproxy.cern.ch
 output : username: achhetri_CRAB
owner: /DC=ch/DC=cern/OU=Organic Units/OU=Users/CN=achhetri/CN=804540/CN=Arjun Chhetri
  renewal policy: /DC=ch/DC=cern/OU=computers/CN=vocms0105.cern.ch|/DC=ch/DC=cern/OU=computers/CN=crab-(preprod|prod|dev)-tw(02|01).cern.ch|/DC=ch/DC=cern/OU=computers/CN=(ddi|ddidk|mytw).cern.ch|/DC=ch/DC=cern/OU=computers/CN=stefanov(m|m2).cern.ch
  trusted retrieval policy: /DC=ch/DC=cern/OU=computers/CN=vocms0105.cern.ch|/DC=ch/DC=cern/OU=computers/CN=crab-(preprod|prod|dev)-tw(02|01).cern.ch|/DC=ch/DC=cern/OU=computers/CN=(ddi|ddidk|mytw).cern.ch|/DC=ch/DC=cern/OU=computers/CN=stefanov(m|m2).cern.ch
  timeleft: 310:44:56  (12.9 days)

 error: 
 retcode : 0
DEBUG 2021-05-01 10:59:01.456 UTC: 	 Myproxy is valid: 1118696
DEBUG 2021-05-01 10:59:01.561 UTC: 	 Executing : 
 command : openssl x509 -noout -in ~/.globus/usercert.pem -dates
 output : notBefore=Nov 11 12:18:59 2020 GMT
notAfter=Dec 16 12:18:59 2021 GMT

 error: 
 retcode : 0
DEBUG 2021-05-01 10:59:01.566 UTC: 	 Delegating a myproxy for 720:00 hours
DEBUG 2021-05-01 10:59:01.567 UTC: 	 using achhetri_CRAB as credential login name
DEBUG 2021-05-01 10:59:02.473 UTC: 	 Executing : 
 command : export GT_PROXY_MODE=rfc ; myproxy-init -d -n -s myproxy.cern.ch -x -R '/DC=ch/DC=cern/OU=computers/CN=vocms0105.cern.ch|/DC=ch/DC=cern/OU=computers/CN=crab-(preprod|prod|dev)-tw(02|01).cern.ch|/DC=ch/DC=cern/OU=computers/CN=(ddi|ddidk|mytw).cern.ch|/DC=ch/DC=cern/OU=computers/CN=stefanov(m|m2).cern.ch' -x -Z '/DC=ch/DC=cern/OU=computers/CN=vocms0105.cern.ch|/DC=ch/DC=cern/OU=computers/CN=crab-(preprod|prod|dev)-tw(02|01).cern.ch|/DC=ch/DC=cern/OU=computers/CN=(ddi|ddidk|mytw).cern.ch|/DC=ch/DC=cern/OU=computers/CN=stefanov(m|m2).cern.ch' -l 'achhetri_CRAB' -t 168:00 -c 720:00
 output : Your identity: /DC=ch/DC=cern/OU=Organic Units/OU=Users/CN=achhetri/CN=804540/CN=Arjun Chhetri

 error: Error: Couldn't read user key in /afs/cern.ch/user/a/achhetri/.globus/userkey.pem.
Use -debug for further information.
grid-proxy-init failed

 retcode : 1
DEBUG 2021-05-01 10:59:02.474 UTC: 	 using achhetri_CRAB as credential login name
DEBUG 2021-05-01 10:59:02.982 UTC: 	 Executing : 
 command : myproxy-info -l achhetri_CRAB -s myproxy.cern.ch
 output : username: achhetri_CRAB
owner: /DC=ch/DC=cern/OU=Organic Units/OU=Users/CN=achhetri/CN=804540/CN=Arjun Chhetri
  renewal policy: /DC=ch/DC=cern/OU=computers/CN=vocms0105.cern.ch|/DC=ch/DC=cern/OU=computers/CN=crab-(preprod|prod|dev)-tw(02|01).cern.ch|/DC=ch/DC=cern/OU=computers/CN=(ddi|ddidk|mytw).cern.ch|/DC=ch/DC=cern/OU=computers/CN=stefanov(m|m2).cern.ch
  trusted retrieval policy: /DC=ch/DC=cern/OU=computers/CN=vocms0105.cern.ch|/DC=ch/DC=cern/OU=computers/CN=crab-(preprod|prod|dev)-tw(02|01).cern.ch|/DC=ch/DC=cern/OU=computers/CN=(ddi|ddidk|mytw).cern.ch|/DC=ch/DC=cern/OU=computers/CN=stefanov(m|m2).cern.ch
  timeleft: 310:44:55  (12.9 days)

 error: 
 retcode : 0
DEBUG 2021-05-01 10:59:02.982 UTC: 	 My-proxy delegated.
DEBUG 2021-05-01 10:59:02.982 UTC: 	 Result of myproxy credential check:
  Credential exists on myproxy: username: eb0e67adc2dd9eb1770413a4ffd073f562b86f05  - validity: 27 days, 11:10:24
  Credential exists on myproxy: username: achhetri_CRAB  - validity: 12 days, 22:44:55
DEBUG 2021-05-01 10:59:02.983 UTC: 	 Command use: status
DEBUG 2021-05-01 10:59:02.983 UTC: 	 Options use: ['-d', 'crab_WJetsToLNu_HT-800To1200_v2/']
DEBUG 2021-05-01 10:59:03.109 UTC: 	 CRABClient version: v3.210323
DEBUG 2021-05-01 10:59:03.109 UTC: 	 Instance is prod
DEBUG 2021-05-01 10:59:03.109 UTC: 	 Server base url is cmsweb.cern.ch
DEBUG 2021-05-01 10:59:03.109 UTC: 	 Command url /crabserver/prod/workflow
DEBUG 2021-05-01 10:59:03.163 UTC: 	 Got information from server oracle database: {u'result': [u'210428_221222:achhetri_crab_WJetsToLNu_HT-800To1200_v2', u'None', u'None', u'SUBMITTED', u'SUBMIT', u'2021-04-28 22:12:22.446893', u'None', u'2021-04-28 22:13:54.935925', u'None', u'CMSSW_10_6_8', u'slc7_amd64_gcc700', u'/WJetsToLNu_HT-800To1200_TuneCP5_13TeV-madgraphMLM-pythia8/RunIISummer20UL17NanoAODv2-106X_mc2017_realistic_v8-v1/NANOAODSIM', u'F', u'0', u'[]', u'[]', u'FileBased', u"{'splitOnRun': False, 'halt_job_on_file_boundaries': False, 'files_per_job': 1, 'runs': [], 'lumis': []}", u'dbb62c6e90d539c01b7361da7edd336f9b47ae6a13b3065aa8bb1bf2bea5890d.tar.gz', u'https://cmsweb.cern.ch:8443/crabcache', u'achhetri', u'/DC=ch/DC=cern/OU=Organic Units/OU=Users/CN=achhetri/CN=804540/CN=Arjun Chhetri', u'cms', u'None', u'None', u'WJetsToLNu_HT-800To1200_v2-00000000000000000000000000000000', u'F', u'T3_CH_CERNBOX', u'https://cmsweb.cern.ch/dbs/prod/global/DBSReader', u'https://cmsweb.cern.ch/dbs/prod/phys03/DBSWriter', u'F', u'[]', u'[]', u"['tree.root']", u'Analysis', u'pythia', u'None', u'{}', u'[]', u'T', u'crab-prod-tw01', u'[]', u'1250', u'1', u'2000', u'10', u"['/WJetsToLNu_HT-800To1200_TuneCP5_13TeV-madgraphMLM-pythia8/achhetri-WJetsToLNu_HT-800To1200_v2-5d8f93ee2ba2db6b402c7167473e2950/USER']", u'[]', u'http://vocms0196.cern.ch/mon/cms341/210428_221222:achhetri_crab_WJetsToLNu_HT-800To1200_v2', u'crab_script_Tprime.sh', u'[]', u'[]', u'https://cmsweb.cern.ch/crabserver/prod', u'cmsgwms-collector-global.cern.ch:9620', u'crab3@vocms0196.cern.ch', u'F', u'[]', u'T', u'/store/user/achhetri/Tprime_v5_NANo_AOD_106X', u'F', u'None', u'F', u'None', u'WJetsToLNu_HT-800To1200_TuneCP5_13TeV-madgraphMLM-pythia8', u'None', u'5336d74db504db23cb0f57e9d8f66093ee9ee371625c14b2e747def05a1e8ee3.tar.gz', u'64066002', u'filetransfers', u'F', u'188.185.90.209', u'6.0', u'None'], u'desc': {u'columns': [u'tm_taskname', u'tm_activity', u'panda_jobset_id', u'tm_task_status', u'tm_task_command', u'tm_start_time', u'tm_start_injection', u'tm_end_injection', u'tm_task_failure', u'tm_job_sw', u'tm_job_arch', u'tm_input_dataset', u'tm_nonvalid_input_dataset', u'tm_use_parent', u'tm_site_whitelist', u'tm_site_blacklist', u'tm_split_algo', u'tm_split_args', u'tm_user_sandbox', u'tm_cache_url', u'tm_username', u'tm_user_dn', u'tm_user_vo', u'tm_user_role', u'tm_user_group', u'tm_publish_name', u'tm_publish_groupname', u'tm_asyncdest', u'tm_dbs_url', u'tm_publish_dbs_url', u'tm_publication', u'tm_outfiles', u'tm_tfile_outfiles', u'tm_edm_outfiles', u'tm_job_type', u'tm_generator', u'tm_events_per_lumi', u'tm_arguments', u'panda_resubmitted_jobs', u'tm_save_logs', u'tw_name', u'tm_user_infiles', u'tm_maxjobruntime', u'tm_numcores', u'tm_maxmemory', u'tm_priority', u'tm_output_dataset', u'tm_task_warnings', u'tm_user_webdir', u'tm_scriptexe', u'tm_scriptargs', u'tm_extrajdl', u'tm_asourl', u'tm_collector', u'tm_schedd', u'tm_dry_run', u'tm_user_files', u'tm_transfer_outputs', u'tm_output_lfn', u'tm_ignore_locality', u'tm_fail_limit', u'tm_one_event_mode', u'tm_secondary_input_dataset', u'tm_primary_dataset', u'tm_last_publication', u'tm_debug_files', u'clusterid', u'tm_asodb', u'tm_ignore_global_blacklist', u'tm_submitter_ip_addr', u'tm_totalunits', u'tm_ddm_reqid']}}
INFO 2021-05-01 10:59:03.164 UTC: 	 CRAB project directory:		/afs/cern.ch/work/a/achhetri/NANO_AOD/CMSSW_10_6_8/src/WTopScalefactorProducer/Skimmer/NANOcrab/crab_Tprime_v5_NANo_AOD_106X/crab_WJetsToLNu_HT-800To1200_v2
INFO 2021-05-01 10:59:03.164 UTC: 	 Task name:			210428_221222:achhetri_crab_WJetsToLNu_HT-800To1200_v2
INFO 2021-05-01 10:59:03.164 UTC: 	 Grid scheduler - Task Worker:	crab3@vocms0196.cern.ch - crab-prod-tw01
INFO 2021-05-01 10:59:03.164 UTC: 	 Status on the CRAB server:	SUBMITTED
INFO 2021-05-01 10:59:03.164 UTC: 	 Task URL to use for HELP:	https://cmsweb.cern.ch/crabserver/ui/task/210428_221222%3Aachhetri_crab_WJetsToLNu_HT-800To1200_v2
INFO 2021-05-01 10:59:03.165 UTC: 	 Dashboard monitoring URL:	https://monit-grafana.cern.ch/d/cmsTMDetail/cms-task-monitoring-task-view?orgId=11&var-user=achhetri&var-task=210428_221222%3Aachhetri_crab_WJetsToLNu_HT-800To1200_v2&from=1619644342000&to=now
DEBUG 2021-05-01 10:59:03.165 UTC: 	 The CRAB server submitted your task to the Grid scheduler (cluster ID: 64066002)
DEBUG 2021-05-01 10:59:03.165 UTC: 	 Webdir is located at http://vocms0196.cern.ch/mon/cms341/210428_221222:achhetri_crab_WJetsToLNu_HT-800To1200_v2
DEBUG 2021-05-01 10:59:03.290 UTC: 	 Proxied webdir is located at https://cmsweb.cern.ch:8443/scheddmon/0196/cms341/210428_221222:achhetri_crab_WJetsToLNu_HT-800To1200_v2
DEBUG 2021-05-01 10:59:03.290 UTC: 	 Retrieving 'status_cache' file from https://cmsweb.cern.ch:8443/scheddmon/0196/cms341/210428_221222:achhetri_crab_WJetsToLNu_HT-800To1200_v2/status_cache
DEBUG 2021-05-01 10:59:03.363 UTC: 	 Got information from status cache file: {'1': {'Retries': 0, 'WallDurations': [9.0, 248.00164604187012, 23357.0], 'StartTimes': [1619648166.0], 'SubmitTimes': [1619648046.0], 'JobIds': ['64066004.0'], 'EndTimes': [1619671523.0], 'Restarts': 0, 'RecordedSite': True, 'State': 'finished', 'ResidentSetSize': [620328], 'TotalUserCpuTimeHistory': [20422], 'SiteHistory': ['Unknown', 'T1_US_FNAL', 'T1_US_FNAL'], 'TotalSysCpuTimeHistory': [2390]}, '3': {'Retries': 0, 'WallDurations': [8.0, 197.00164604187012, 31973.0], 'StartTimes': [1619648217.0], 'SubmitTimes': [1619648047.0], 'JobIds': ['64066009.0'], 'EndTimes': [1619680190.0], 'Restarts': 0, 'RecordedSite': True, 'State': 'finished', 'ResidentSetSize': [694624], 'TotalUserCpuTimeHistory': [28985], 'SiteHistory': ['Unknown', 'T2_DE_DESY', 'T2_DE_DESY'], 'TotalSysCpuTimeHistory': [1906]}, '2': {'Retries': 0, 'WallDurations': [10.0, 225.00164604187012, 62168.0], 'StartTimes': [1619648189.0], 'SubmitTimes': [1619648046.0], 'JobIds': ['64066005.0'], 'EndTimes': [1619710357.0], 'Restarts': 0, 'RecordedSite': True, 'State': 'finished', 'ResidentSetSize': [704632], 'TotalUserCpuTimeHistory': [53444], 'SiteHistory': ['Unknown', 'T1_US_FNAL', 'T1_US_FNAL'], 'TotalSysCpuTimeHistory': [6883]}, '5': {'Retries': 0, 'WallDurations': [8.0, 153.00164604187012, 1859.0], 'StartTimes': [1619648261.0], 'SubmitTimes': [1619648047.0], 'JobIds': ['64066008.0'], 'EndTimes': [1619650120.0], 'Restarts': 0, 'RecordedSite': True, 'State': 'finished', 'ResidentSetSize': [652888], 'TotalUserCpuTimeHistory': [1608], 'SiteHistory': ['Unknown', 'T2_US_Vanderbilt', 'T2_US_Vanderbilt'], 'TotalSysCpuTimeHistory': [70]}, '4': {'Retries': 0, 'WallDurations': [9.0, 164.00164604187012, 30176.0], 'StartTimes': [1619648250.0], 'SubmitTimes': [1619648047.0], 'JobIds': ['64066007.0'], 'EndTimes': [1619678426.0], 'Restarts': 0, 'RecordedSite': True, 'State': 'finished', 'ResidentSetSize': [664300], 'TotalUserCpuTimeHistory': [24002], 'SiteHistory': ['Unknown', 'T2_US_Vanderbilt', 'T2_US_Vanderbilt'], 'TotalSysCpuTimeHistory': [1139]}, '6': {'Retries': 0, 'WallDurations': [9.0, 245.00164604187012, 37741.0], 'StartTimes': [1619648169.0], 'SubmitTimes': [1619648047.0], 'JobIds': ['64066006.0'], 'EndTimes': [1619685910.0], 'Restarts': 0, 'RecordedSite': True, 'State': 'finished', 'ResidentSetSize': [644776], 'TotalUserCpuTimeHistory': [32919], 'SiteHistory': ['Unknown', 'T1_US_FNAL', 'T1_US_FNAL'], 'TotalSysCpuTimeHistory': [3752]}}
INFO 2021-05-01 10:59:03.363 UTC: 	 Status on the scheduler:	COMPLETED
INFO 2021-05-01 10:59:03.363 UTC: 	 
Jobs status:                    finished     		100.0% (6/6)
INFO 2021-05-01 10:59:03.363 UTC: 	 
No publication information (publication has been disabled in the CRAB configuration file)
INFO 2021-05-01 10:59:03.363 UTC: 	 
Summary of run jobs:
 * Memory: 605MB min, 688MB max, 648MB ave
 * Runtime: 0:30:59 min, 17:16:08 max, 8:40:12 ave
 * CPU eff: 83% min, 98% max, 95% ave
 * Waste: 0:21:25 (1% of total)

INFO 2021-05-01 10:59:03.432 UTC: 	 Log file is /afs/cern.ch/work/a/achhetri/NANO_AOD/CMSSW_10_6_8/src/WTopScalefactorProducer/Skimmer/NANOcrab/crab_Tprime_v5_NANo_AOD_106X/crab_WJetsToLNu_HT-800To1200_v2/crab.log
