DEBUG 2021-06-16 13:12:56.368 UTC: 	 CRAB Client version: v3.210610
DEBUG 2021-06-16 13:12:56.369 UTC: 	 Running on: Linux lxplus768.cern.ch 3.10.0-1160.25.1.el7.x86_64 #1 SMP Wed Apr 28 21:49:45 UTC 2021 x86_64 x86_64 x86_64 GNU/Linux - CentOS Linux 7 (Core)
DEBUG 2021-06-16 13:12:56.369 UTC: 	 Executing command: 'submit'
DEBUG 2021-06-16 13:12:56.369 UTC: 	 Found CRAB cache file /afs/cern.ch/user/a/achhetri/.crab3
DEBUG 2021-06-16 13:12:56.372 UTC: 	 Will use CRAB Analysis plugin (i.e. will run an analysis job type).
DEBUG 2021-06-16 13:12:56.399 UTC: 	 Checking credentials
DEBUG 2021-06-16 13:12:56.399 UTC: 	 Found proxy file /tmp/x509up_u94350
DEBUG 2021-06-16 13:12:56.399 UTC: 	 Getting proxy life time left
DEBUG 2021-06-16 13:12:57.207 UTC: 	 Executing : 
 command : voms-proxy-info -file /tmp/x509up_u94350 -timeleft
 output : 690263

 error: 
 retcode : 0
DEBUG 2021-06-16 13:12:57.916 UTC: 	 Executing : 
 command : voms-proxy-info -file /tmp/x509up_u94350 -actimeleft
 output : 690263

 error: 
 retcode : 0
DEBUG 2021-06-16 13:12:57.917 UTC: 	 Proxy valid for 191:44:23 hours
DEBUG 2021-06-16 13:12:58.627 UTC: 	 Executing : 
 command : env X509_USER_PROXY=/tmp/x509up_u94350 voms-proxy-info -fqan
 output : /cms/Role=NULL/Capability=NULL

 error: 
 retcode : 0
DEBUG 2021-06-16 13:12:58.714 UTC: 	 Registering user credentials for server /DC=ch/DC=cern/OU=computers/CN=crab-(preprod|prod|dev)-tw(02|01).cern.ch|/DC=ch/DC=cern/OU=computers/CN=(ddi|ddidk|mytw).cern.ch|/DC=ch/DC=cern/OU=computers/CN=stefanov(m|m2).cern.ch
DEBUG 2021-06-16 13:12:59.331 UTC: 	 Executing : 
 command : voms-proxy-info -file /tmp/x509up_u94350 -identity
 output : /DC=ch/DC=cern/OU=Organic Units/OU=Users/CN=achhetri/CN=804540/CN=Arjun Chhetri

 error: 
 retcode : 0
DEBUG 2021-06-16 13:12:59.339 UTC: 	 Getting myproxy life time left for myproxy.cern.ch
DEBUG 2021-06-16 13:12:59.339 UTC: 	 using eb0e67adc2dd9eb1770413a4ffd073f562b86f05 as credential login name
DEBUG 2021-06-16 13:12:59.745 UTC: 	 Executing : 
 command : myproxy-info -l eb0e67adc2dd9eb1770413a4ffd073f562b86f05 -s myproxy.cern.ch
 output : username: eb0e67adc2dd9eb1770413a4ffd073f562b86f05
owner: /DC=ch/DC=cern/OU=Organic Units/OU=Users/CN=achhetri/CN=804540/CN=Arjun Chhetri
  renewal policy: /DC=ch/DC=cern/OU=computers/CN=vocms0105.cern.ch|/DC=ch/DC=cern/OU=computers/CN=crab-(preprod|prod|dev)-tw(02|01).cern.ch|/DC=ch/DC=cern/OU=computers/CN=(ddi|ddidk|mytw).cern.ch|/DC=ch/DC=cern/OU=computers/CN=stefanov(m|m2).cern.ch
  trusted retrieval policy: /DC=ch/DC=cern/OU=computers/CN=vocms0105.cern.ch|/DC=ch/DC=cern/OU=computers/CN=crab-(preprod|prod|dev)-tw(02|01).cern.ch|/DC=ch/DC=cern/OU=computers/CN=(ddi|ddidk|mytw).cern.ch|/DC=ch/DC=cern/OU=computers/CN=stefanov(m|m2).cern.ch
  timeleft: 0:00:00

 error: 
 retcode : 0
DEBUG 2021-06-16 13:12:59.746 UTC: 	 Myproxy is valid: 0
DEBUG 2021-06-16 13:12:59.851 UTC: 	 Executing : 
 command : openssl x509 -noout -in ~/.globus/usercert.pem -dates
 output : notBefore=Nov 11 12:18:59 2020 GMT
notAfter=Dec 16 12:18:59 2021 GMT

 error: 
 retcode : 0
DEBUG 2021-06-16 13:12:59.852 UTC: 	 Delegating a myproxy for 720:00 hours
DEBUG 2021-06-16 13:12:59.853 UTC: 	 using eb0e67adc2dd9eb1770413a4ffd073f562b86f05 as credential login name
DEBUG 2021-06-16 13:12:59.959 UTC: 	 Executing : 
 command : export GT_PROXY_MODE=rfc ; myproxy-init -d -n -s myproxy.cern.ch -x -R '/DC=ch/DC=cern/OU=computers/CN=crab-(preprod|prod|dev)-tw(02|01).cern.ch|/DC=ch/DC=cern/OU=computers/CN=(ddi|ddidk|mytw).cern.ch|/DC=ch/DC=cern/OU=computers/CN=stefanov(m|m2).cern.ch' -x -Z '/DC=ch/DC=cern/OU=computers/CN=crab-(preprod|prod|dev)-tw(02|01).cern.ch|/DC=ch/DC=cern/OU=computers/CN=(ddi|ddidk|mytw).cern.ch|/DC=ch/DC=cern/OU=computers/CN=stefanov(m|m2).cern.ch' -l 'eb0e67adc2dd9eb1770413a4ffd073f562b86f05' -t 168:00 -c 720:00
 output : Your identity: /DC=ch/DC=cern/OU=Organic Units/OU=Users/CN=achhetri/CN=804540/CN=Arjun Chhetri

 error: Error: Couldn't read user key in /afs/cern.ch/user/a/achhetri/.globus/userkey.pem.
Use -debug for further information.
grid-proxy-init failed

 retcode : 1
DEBUG 2021-06-16 13:12:59.959 UTC: 	 using eb0e67adc2dd9eb1770413a4ffd073f562b86f05 as credential login name
DEBUG 2021-06-16 13:13:00.265 UTC: 	 Executing : 
 command : myproxy-info -l eb0e67adc2dd9eb1770413a4ffd073f562b86f05 -s myproxy.cern.ch
 output : username: eb0e67adc2dd9eb1770413a4ffd073f562b86f05
owner: /DC=ch/DC=cern/OU=Organic Units/OU=Users/CN=achhetri/CN=804540/CN=Arjun Chhetri
  renewal policy: /DC=ch/DC=cern/OU=computers/CN=vocms0105.cern.ch|/DC=ch/DC=cern/OU=computers/CN=crab-(preprod|prod|dev)-tw(02|01).cern.ch|/DC=ch/DC=cern/OU=computers/CN=(ddi|ddidk|mytw).cern.ch|/DC=ch/DC=cern/OU=computers/CN=stefanov(m|m2).cern.ch
  trusted retrieval policy: /DC=ch/DC=cern/OU=computers/CN=vocms0105.cern.ch|/DC=ch/DC=cern/OU=computers/CN=crab-(preprod|prod|dev)-tw(02|01).cern.ch|/DC=ch/DC=cern/OU=computers/CN=(ddi|ddidk|mytw).cern.ch|/DC=ch/DC=cern/OU=computers/CN=stefanov(m|m2).cern.ch
  timeleft: 0:00:00

 error: 
 retcode : 0
DEBUG 2021-06-16 13:13:00.265 UTC: 	 Retrieving username ...
DEBUG 2021-06-16 13:13:00.266 UTC: 	 Retrieving username from CRIC...
DEBUG 2021-06-16 13:13:01.065 UTC: 	 username is achhetri
DEBUG 2021-06-16 13:13:01.074 UTC: 	 Getting myproxy life time left for myproxy.cern.ch
DEBUG 2021-06-16 13:13:01.075 UTC: 	 using achhetri_CRAB as credential login name
DEBUG 2021-06-16 13:13:01.380 UTC: 	 Executing : 
 command : myproxy-info -l achhetri_CRAB -s myproxy.cern.ch
 output : username: achhetri_CRAB
owner: /DC=ch/DC=cern/OU=Organic Units/OU=Users/CN=achhetri/CN=804540/CN=Arjun Chhetri
  renewal policy: /DC=ch/DC=cern/OU=computers/CN=crab-(preprod|prod|dev)-tw(02|01).cern.ch|/DC=ch/DC=cern/OU=computers/CN=(ddi|ddidk|mytw).cern.ch|/DC=ch/DC=cern/OU=computers/CN=stefanov(m|m2).cern.ch
  trusted retrieval policy: /DC=ch/DC=cern/OU=computers/CN=crab-(preprod|prod|dev)-tw(02|01).cern.ch|/DC=ch/DC=cern/OU=computers/CN=(ddi|ddidk|mytw).cern.ch|/DC=ch/DC=cern/OU=computers/CN=stefanov(m|m2).cern.ch
  timeleft: 719:55:17  (30.0 days)

 error: 
 retcode : 0
DEBUG 2021-06-16 13:13:01.381 UTC: 	 Myproxy is valid: 2591717
DEBUG 2021-06-16 13:13:01.381 UTC: 	 Result of myproxy credential check:
  Error trying to create credential:
 Problems delegating My-proxy. It seems your proxy has not been delegated to myproxy. Please check the logfile for the exact error (Maybe you simply typed a wrong password)
  Credential exists on myproxy: username: achhetri_CRAB  - validity: 29 days, 23:55:17
DEBUG 2021-06-16 13:13:01.381 UTC: 	 Command use: submit
DEBUG 2021-06-16 13:13:01.381 UTC: 	 Options use: ['--config', <WMCore.Configuration.Configuration object at 0x7f68dfac2b50>]
DEBUG 2021-06-16 13:13:01.495 UTC: 	 CRABClient version: v3.210610
DEBUG 2021-06-16 13:13:01.495 UTC: 	 Instance is prod
DEBUG 2021-06-16 13:13:01.495 UTC: 	 Server base url is cmsweb.cern.ch
DEBUG 2021-06-16 13:13:01.495 UTC: 	 Command api workflow
DEBUG 2021-06-16 13:13:01.495 UTC: 	 Started submission
DEBUG 2021-06-16 13:13:01.495 UTC: 	 Working on /afs/cern.ch/work/a/achhetri/NANO_AOD/CMSSW_10_6_8/src/WTopScalefactorProducer/Skimmer/NANOcrab/crab_Tprime_v5_NANo_AOD_106X/crab_DYJetsToLL_M-50_HT-800to1200_v2
DEBUG 2021-06-16 13:13:01.573 UTC: 	 Loading required information from the environment
DEBUG 2021-06-16 13:13:01.574 UTC: 	 Found CMSSW_10_6_8 for slc7_amd64_gcc700 with base /afs/cern.ch/work/a/achhetri/NANO_AOD/CMSSW_10_6_8
DEBUG 2021-06-16 13:13:01.574 UTC: 	 Loading required information from the environment
DEBUG 2021-06-16 13:13:01.574 UTC: 	 Found CMSSW_10_6_8 for slc7_amd64_gcc700 with base /afs/cern.ch/work/a/achhetri/NANO_AOD/CMSSW_10_6_8
DEBUG 2021-06-16 13:13:01.574 UTC: 	 UNIQUE NAME: tarUUID a484b618-1658-45b5-9f9a-d2a34afe9740 
DEBUG 2021-06-16 13:13:01.574 UTC: 	 self.config: from WMCore.Configuration import Configuration
config = Configuration()
config.section_('General')
config.General.transferLogs = True
config.General.workArea = 'crab_Tprime_v5_NANo_AOD_106X'
config.General.requestName = 'DYJetsToLL_M-50_HT-800to1200_v2'
config.section_('JobType')
config.JobType.scriptExe = 'crab_script_Tprime.sh'
config.JobType.pluginName = 'Analysis'
config.JobType.sendPythonFolder = True
config.JobType.allowUndistributedCMSSW = True
config.JobType.psetName = 'PSet.py'
config.JobType.inputFiles = ['TprimeBToTH_LH_RunIISummer19UL16_Skimmer.py', 'keep_and_drop_v1.txt', '../../../PhysicsTools/NanoAODTools/scripts/haddnano.py']
config.section_('Data')
config.Data.inputDataset = '/DYJetsToLL_M-50_HT-800to1200_TuneCP5_PSweights_13TeV-madgraphMLM-pythia8/RunIISummer20UL17NanoAODv2-106X_mc2017_realistic_v8-v1/NANOAODSIM'
config.Data.outputDatasetTag = 'DYJetsToLL_M-50_HT-800to1200_v2'
config.Data.publication = False
config.Data.unitsPerJob = 1
config.Data.inputDBS = 'global'
config.Data.splitting = 'FileBased'
config.Data.outLFNDirBase = '/store/user/achhetri/Tprime_v5_NANo_AOD_106X'
config.Data.totalUnits = 7
config.section_('Site')
config.Site.storageSite = 'T3_CH_CERNBOX'
config.section_('User')
config.section_('Debug')

DEBUG 2021-06-16 13:13:01.574 UTC: 	 self.config.JobType.psetName: PSet.py
INFO 2021-06-16 13:13:01.574 UTC: 	 Importing CMSSW configuration PSet.py
INFO 2021-06-16 13:13:01.575 UTC: 	 Finished importing CMSSW configuration PSet.py
DEBUG 2021-06-16 13:13:01.575 UTC: 	 Writing CMSSW configuration to /afs/cern.ch/work/a/achhetri/NANO_AOD/CMSSW_10_6_8/src/WTopScalefactorProducer/Skimmer/NANOcrab/crab_Tprime_v5_NANo_AOD_106X/crab_DYJetsToLL_M-50_HT-800to1200_v2/inputs/PSet.py
DEBUG 2021-06-16 13:13:01.583 UTC: 	 The following EDM output files will be collected: ['tree.root']
DEBUG 2021-06-16 13:13:01.583 UTC: 	 The following TFile output files will be collected: []
DEBUG 2021-06-16 13:13:01.583 UTC: 	 The following user output files (not listed as PoolOuputModule or TFileService in the CMSSW PSet) will be collected: 
DEBUG 2021-06-16 13:13:01.583 UTC: 	 Loading required information from the environment
DEBUG 2021-06-16 13:13:01.584 UTC: 	 Found CMSSW_10_6_8 for slc7_amd64_gcc700 with base /afs/cern.ch/work/a/achhetri/NANO_AOD/CMSSW_10_6_8
DEBUG 2021-06-16 13:13:01.584 UTC: 	 Making tarball in /afs/cern.ch/work/a/achhetri/NANO_AOD/CMSSW_10_6_8/src/WTopScalefactorProducer/Skimmer/NANOcrab/crab_Tprime_v5_NANo_AOD_106X/crab_DYJetsToLL_M-50_HT-800to1200_v2/inputs/a484b618-1658-45b5-9f9a-d2a34afe9740default.tgz
DEBUG 2021-06-16 13:13:01.584 UTC: 	 Checking directory /afs/cern.ch/work/a/achhetri/NANO_AOD/CMSSW_10_6_8/lib
DEBUG 2021-06-16 13:13:01.584 UTC: 	 Adding directory /afs/cern.ch/work/a/achhetri/NANO_AOD/CMSSW_10_6_8/lib to tarball
DEBUG 2021-06-16 13:13:01.787 UTC: 	 Checking directory /afs/cern.ch/work/a/achhetri/NANO_AOD/CMSSW_10_6_8/biglib
DEBUG 2021-06-16 13:13:01.787 UTC: 	 Adding directory /afs/cern.ch/work/a/achhetri/NANO_AOD/CMSSW_10_6_8/biglib to tarball
DEBUG 2021-06-16 13:13:01.788 UTC: 	 Checking directory /afs/cern.ch/work/a/achhetri/NANO_AOD/CMSSW_10_6_8/module
DEBUG 2021-06-16 13:13:01.789 UTC: 	 Checking directory /afs/cern.ch/work/a/achhetri/NANO_AOD/CMSSW_10_6_8/python
DEBUG 2021-06-16 13:13:01.789 UTC: 	 Adding directory /afs/cern.ch/work/a/achhetri/NANO_AOD/CMSSW_10_6_8/python to tarball
DEBUG 2021-06-16 13:13:04.100 UTC: 	 Checking directory /afs/cern.ch/work/a/achhetri/NANO_AOD/CMSSW_10_6_8/cfipython
DEBUG 2021-06-16 13:13:04.100 UTC: 	 Adding directory /afs/cern.ch/work/a/achhetri/NANO_AOD/CMSSW_10_6_8/cfipython to tarball
DEBUG 2021-06-16 13:13:04.389 UTC: 	 Adding data directory /afs/cern.ch/work/a/achhetri/NANO_AOD/CMSSW_10_6_8/src/PhysicsTools/NanoAODTools/data to tarball
DEBUG 2021-06-16 13:13:26.346 UTC: 	 Adding data directory /afs/cern.ch/work/a/achhetri/NANO_AOD/CMSSW_10_6_8/src/PhysicsTools/NanoAODTools/interface to tarball
DEBUG 2021-06-16 13:13:26.372 UTC: 	 Adding data directory /afs/cern.ch/work/a/achhetri/NANO_AOD/CMSSW_10_6_8/src/PhysicsTools/NanoAODTools/python/postprocessing/data to tarball
DEBUG 2021-06-16 13:13:29.877 UTC: 	 Adding file TprimeBToTH_LH_RunIISummer19UL16_Skimmer.py to tarball
DEBUG 2021-06-16 13:13:29.881 UTC: 	 Adding file keep_and_drop_v1.txt to tarball
DEBUG 2021-06-16 13:13:29.883 UTC: 	 Adding file ../../../PhysicsTools/NanoAODTools/scripts/haddnano.py to tarball
DEBUG 2021-06-16 13:13:33.282 UTC: 	 Uploading archive /afs/cern.ch/work/a/achhetri/NANO_AOD/CMSSW_10_6_8/src/WTopScalefactorProducer/Skimmer/NANOcrab/crab_Tprime_v5_NANo_AOD_106X/crab_DYJetsToLL_M-50_HT-800to1200_v2/inputs/a484b618-1658-45b5-9f9a-d2a34afe9740default.tgz (55 MB) to the CRAB cache. Using URI https://cmsweb-prod.cern.ch:8443/crabcache
DEBUG 2021-06-16 13:14:19.774 UTC: 	 Successfully uploaded tarball to S3 as well
DEBUG 2021-06-16 13:14:19.929 UTC: 	 Report of S3 upload stored on CrabCache as S3-210616_131419.641:s3report.json
DEBUG 2021-06-16 13:14:19.931 UTC: 	 Loading required information from the environment
DEBUG 2021-06-16 13:14:19.933 UTC: 	 Found CMSSW_10_6_8 for slc7_amd64_gcc700 with base /afs/cern.ch/work/a/achhetri/NANO_AOD/CMSSW_10_6_8
DEBUG 2021-06-16 13:14:19.933 UTC: 	 Making tarball in /afs/cern.ch/work/a/achhetri/NANO_AOD/CMSSW_10_6_8/src/WTopScalefactorProducer/Skimmer/NANOcrab/crab_Tprime_v5_NANo_AOD_106X/crab_DYJetsToLL_M-50_HT-800to1200_v2/inputs/debugFiles.tgz
DEBUG 2021-06-16 13:14:20.172 UTC: 	 Uploading archive /afs/cern.ch/work/a/achhetri/NANO_AOD/CMSSW_10_6_8/src/WTopScalefactorProducer/Skimmer/NANOcrab/crab_Tprime_v5_NANo_AOD_106X/crab_DYJetsToLL_M-50_HT-800to1200_v2/inputs/debugFiles.tgz (1 KB) to the CRAB cache. Using URI https://cmsweb-prod.cern.ch:8443/crabcache
DEBUG 2021-06-16 13:14:21.626 UTC: 	 Successfully uploaded tarball to S3 as well
DEBUG 2021-06-16 13:14:22.103 UTC: 	 Report of S3 upload stored on CrabCache as S3-210616_131420.376:s3report.json
DEBUG 2021-06-16 13:14:22.104 UTC: 	 Result uploading input files: dbb62c6e90d539c01b7361da7edd336f9b47ae6a13b3065aa8bb1bf2bea5890d.tar.gz 
INFO 2021-06-16 13:14:22.105 UTC: 	 Sending the request to the server at cmsweb.cern.ch
DEBUG 2021-06-16 13:14:22.105 UTC: 	 Submitting {'maxjobruntime': 1250, 'extrajdl': [], 'lfn': '/store/user/achhetri/Tprime_v5_NANo_AOD_106X', 'savelogsflag': 1, 'useparent': 0, 'scriptexe': 'crab_script_Tprime.sh', 'asyncdest': 'T3_CH_CERNBOX', 'algoargs': 1, 'cachefilename': 'dbb62c6e90d539c01b7361da7edd336f9b47ae6a13b3065aa8bb1bf2bea5890d.tar.gz', 'numcores': 1, 'addoutputfiles': [], 'generator': 'pythia', 'maxmemory': 2000, 'publishdbsurl': 'https://cmsweb.cern.ch/dbs/prod/phys03/DBSWriter', 'priority': 10, 'jobsw': 'CMSSW_10_6_8', 'edmoutfiles': ['tree.root'], 'userfiles': [], 'primarydataset': '', 'inputdata': '/DYJetsToLL_M-50_HT-800to1200_TuneCP5_PSweights_13TeV-madgraphMLM-pythia8/RunIISummer20UL17NanoAODv2-106X_mc2017_realistic_v8-v1/NANOAODSIM', 'ignorelocality': 0, 'dryrun': 0, 'workflow': 'crab_DYJetsToLL_M-50_HT-800to1200_v2', 'cacheurl': u'https://cmsweb-prod.cern.ch:8443/crabcache', 'nonprodsw': 1, 'tfileoutfiles': [], 'oneEventMode': 0, 'debugfilename': '152636ffc0f32e392209c8e78220672e196e9566ed0cbd9de26329271e6ed7b0.tar.gz', 'saveoutput': 1, 'publication': 0, 'jobarch': 'slc7_amd64_gcc700', 'totalunits': 7, 'splitalgo': 'FileBased', 'ignoreglobalblacklist': 0, 'nonvaliddata': 0, 'dbsurl': 'https://cmsweb.cern.ch/dbs/prod/global/DBSReader', 'publishgroupname': 0, 'jobtype': 'Analysis', 'publishname2': 'DYJetsToLL_M-50_HT-800to1200_v2'} 
DEBUG 2021-06-16 13:14:22.105 UTC: 	 Encoded submit request: maxjobruntime=1250&lfn=%2Fstore%2Fuser%2Fachhetri%2FTprime_v5_NANo_AOD_106X&savelogsflag=1&useparent=0&scriptexe=crab_script_Tprime.sh&asyncdest=T3_CH_CERNBOX&algoargs=1&cachefilename=dbb62c6e90d539c01b7361da7edd336f9b47ae6a13b3065aa8bb1bf2bea5890d.tar.gz&numcores=1&generator=pythia&maxmemory=2000&publishdbsurl=https%3A%2F%2Fcmsweb.cern.ch%2Fdbs%2Fprod%2Fphys03%2FDBSWriter&priority=10&jobsw=CMSSW_10_6_8&primarydataset=&inputdata=%2FDYJetsToLL_M-50_HT-800to1200_TuneCP5_PSweights_13TeV-madgraphMLM-pythia8%2FRunIISummer20UL17NanoAODv2-106X_mc2017_realistic_v8-v1%2FNANOAODSIM&ignorelocality=0&dryrun=0&workflow=crab_DYJetsToLL_M-50_HT-800to1200_v2&cacheurl=https%3A%2F%2Fcmsweb-prod.cern.ch%3A8443%2Fcrabcache&nonprodsw=1&oneEventMode=0&debugfilename=152636ffc0f32e392209c8e78220672e196e9566ed0cbd9de26329271e6ed7b0.tar.gz&saveoutput=1&publication=0&jobarch=slc7_amd64_gcc700&totalunits=7&splitalgo=FileBased&ignoreglobalblacklist=0&nonvaliddata=0&dbsurl=https%3A%2F%2Fcmsweb.cern.ch%2Fdbs%2Fprod%2Fglobal%2FDBSReader&publishgroupname=0&jobtype=Analysis&publishname2=DYJetsToLL_M-50_HT-800to1200_v2&edmoutfiles=tree.root
DEBUG 2021-06-16 13:14:22.178 UTC: 	 Result: {u'result': [{u'RequestName': u'210616_131422:achhetri_crab_DYJetsToLL_M-50_HT-800to1200_v2'}]}
INFO 2021-06-16 13:14:22.188 UTC: 	 Success: Your task has been delivered to the prod CRAB3 server.
INFO 2021-06-16 13:14:22.188 UTC: 	 Task name: 210616_131422:achhetri_crab_DYJetsToLL_M-50_HT-800to1200_v2
INFO 2021-06-16 13:14:22.188 UTC: 	 Project dir: crab_Tprime_v5_NANo_AOD_106X/crab_DYJetsToLL_M-50_HT-800to1200_v2
INFO 2021-06-16 13:14:22.188 UTC: 	 Please use ' crab status -d crab_Tprime_v5_NANo_AOD_106X/crab_DYJetsToLL_M-50_HT-800to1200_v2 ' to check how the submission process proceeds.
DEBUG 2021-06-16 13:14:22.188 UTC: 	 About to return
DEBUG 2021-06-17 10:05:39.691 UTC: 	 CRAB Client version: v3.210610
DEBUG 2021-06-17 10:05:39.692 UTC: 	 Running on: Linux lxplus727.cern.ch 3.10.0-1160.25.1.el7.x86_64 #1 SMP Wed Apr 28 21:49:45 UTC 2021 x86_64 x86_64 x86_64 GNU/Linux - CentOS Linux 7 (Core)
DEBUG 2021-06-17 10:05:39.692 UTC: 	 Executing command: 'status'
DEBUG 2021-06-17 10:05:39.692 UTC: 	 Found CRAB cache file /afs/cern.ch/user/a/achhetri/.crab3
DEBUG 2021-06-17 10:05:39.743 UTC: 	 Checking credentials
DEBUG 2021-06-17 10:05:39.743 UTC: 	 Found proxy file /tmp/x509up_u94350
DEBUG 2021-06-17 10:05:39.743 UTC: 	 Getting proxy life time left
DEBUG 2021-06-17 10:05:40.348 UTC: 	 Executing : 
 command : voms-proxy-info -file /tmp/x509up_u94350 -timeleft
 output : 690974

 error: 
 retcode : 0
DEBUG 2021-06-17 10:05:40.955 UTC: 	 Executing : 
 command : voms-proxy-info -file /tmp/x509up_u94350 -actimeleft
 output : 690974

 error: 
 retcode : 0
DEBUG 2021-06-17 10:05:40.955 UTC: 	 Proxy valid for 191:56:14 hours
DEBUG 2021-06-17 10:05:41.034 UTC: 	 Registering user credentials for server /DC=ch/DC=cern/OU=computers/CN=crab-(preprod|prod|dev)-tw(02|01).cern.ch|/DC=ch/DC=cern/OU=computers/CN=(ddi|ddidk|mytw).cern.ch|/DC=ch/DC=cern/OU=computers/CN=stefanov(m|m2).cern.ch
DEBUG 2021-06-17 10:05:41.746 UTC: 	 Executing : 
 command : voms-proxy-info -file /tmp/x509up_u94350 -identity
 output : /DC=ch/DC=cern/OU=Organic Units/OU=Users/CN=achhetri/CN=804540/CN=Arjun Chhetri

 error: 
 retcode : 0
DEBUG 2021-06-17 10:05:41.754 UTC: 	 Getting myproxy life time left for myproxy.cern.ch
DEBUG 2021-06-17 10:05:41.754 UTC: 	 using eb0e67adc2dd9eb1770413a4ffd073f562b86f05 as credential login name
DEBUG 2021-06-17 10:05:42.159 UTC: 	 Executing : 
 command : myproxy-info -l eb0e67adc2dd9eb1770413a4ffd073f562b86f05 -s myproxy.cern.ch
 output : username: eb0e67adc2dd9eb1770413a4ffd073f562b86f05
owner: /DC=ch/DC=cern/OU=Organic Units/OU=Users/CN=achhetri/CN=804540/CN=Arjun Chhetri
  renewal policy: /DC=ch/DC=cern/OU=computers/CN=vocms0105.cern.ch|/DC=ch/DC=cern/OU=computers/CN=crab-(preprod|prod|dev)-tw(02|01).cern.ch|/DC=ch/DC=cern/OU=computers/CN=(ddi|ddidk|mytw).cern.ch|/DC=ch/DC=cern/OU=computers/CN=stefanov(m|m2).cern.ch
  trusted retrieval policy: /DC=ch/DC=cern/OU=computers/CN=vocms0105.cern.ch|/DC=ch/DC=cern/OU=computers/CN=crab-(preprod|prod|dev)-tw(02|01).cern.ch|/DC=ch/DC=cern/OU=computers/CN=(ddi|ddidk|mytw).cern.ch|/DC=ch/DC=cern/OU=computers/CN=stefanov(m|m2).cern.ch
  timeleft: 0:00:00

 error: 
 retcode : 0
DEBUG 2021-06-17 10:05:42.160 UTC: 	 Myproxy is valid: 0
DEBUG 2021-06-17 10:05:42.268 UTC: 	 Executing : 
 command : openssl x509 -noout -in ~/.globus/usercert.pem -dates
 output : notBefore=Nov 11 12:18:59 2020 GMT
notAfter=Dec 16 12:18:59 2021 GMT

 error: 
 retcode : 0
DEBUG 2021-06-17 10:05:42.272 UTC: 	 Delegating a myproxy for 720:00 hours
DEBUG 2021-06-17 10:05:42.272 UTC: 	 using eb0e67adc2dd9eb1770413a4ffd073f562b86f05 as credential login name
DEBUG 2021-06-17 10:05:52.301 UTC: 	 Executing : 
 command : export GT_PROXY_MODE=rfc ; myproxy-init -d -n -s myproxy.cern.ch -x -R '/DC=ch/DC=cern/OU=computers/CN=crab-(preprod|prod|dev)-tw(02|01).cern.ch|/DC=ch/DC=cern/OU=computers/CN=(ddi|ddidk|mytw).cern.ch|/DC=ch/DC=cern/OU=computers/CN=stefanov(m|m2).cern.ch' -x -Z '/DC=ch/DC=cern/OU=computers/CN=crab-(preprod|prod|dev)-tw(02|01).cern.ch|/DC=ch/DC=cern/OU=computers/CN=(ddi|ddidk|mytw).cern.ch|/DC=ch/DC=cern/OU=computers/CN=stefanov(m|m2).cern.ch' -l 'eb0e67adc2dd9eb1770413a4ffd073f562b86f05' -t 168:00 -c 720:00
 output : Your identity: /DC=ch/DC=cern/OU=Organic Units/OU=Users/CN=achhetri/CN=804540/CN=Arjun Chhetri

 error: Error: Couldn't read user key in /afs/cern.ch/user/a/achhetri/.globus/userkey.pem.
Use -debug for further information.
grid-proxy-init failed

 retcode : 1
DEBUG 2021-06-17 10:05:52.302 UTC: 	 using eb0e67adc2dd9eb1770413a4ffd073f562b86f05 as credential login name
DEBUG 2021-06-17 10:05:52.708 UTC: 	 Executing : 
 command : myproxy-info -l eb0e67adc2dd9eb1770413a4ffd073f562b86f05 -s myproxy.cern.ch
 output : username: eb0e67adc2dd9eb1770413a4ffd073f562b86f05
owner: /DC=ch/DC=cern/OU=Organic Units/OU=Users/CN=achhetri/CN=804540/CN=Arjun Chhetri
  renewal policy: /DC=ch/DC=cern/OU=computers/CN=vocms0105.cern.ch|/DC=ch/DC=cern/OU=computers/CN=crab-(preprod|prod|dev)-tw(02|01).cern.ch|/DC=ch/DC=cern/OU=computers/CN=(ddi|ddidk|mytw).cern.ch|/DC=ch/DC=cern/OU=computers/CN=stefanov(m|m2).cern.ch
  trusted retrieval policy: /DC=ch/DC=cern/OU=computers/CN=vocms0105.cern.ch|/DC=ch/DC=cern/OU=computers/CN=crab-(preprod|prod|dev)-tw(02|01).cern.ch|/DC=ch/DC=cern/OU=computers/CN=(ddi|ddidk|mytw).cern.ch|/DC=ch/DC=cern/OU=computers/CN=stefanov(m|m2).cern.ch
  timeleft: 0:00:00

 error: 
 retcode : 0
DEBUG 2021-06-17 10:05:52.709 UTC: 	 Retrieving username ...
DEBUG 2021-06-17 10:05:52.709 UTC: 	 Retrieving username from CRIC...
DEBUG 2021-06-17 10:05:53.466 UTC: 	 username is achhetri
DEBUG 2021-06-17 10:05:53.472 UTC: 	 Getting myproxy life time left for myproxy.cern.ch
DEBUG 2021-06-17 10:05:53.473 UTC: 	 using achhetri_CRAB as credential login name
DEBUG 2021-06-17 10:05:53.877 UTC: 	 Executing : 
 command : myproxy-info -l achhetri_CRAB -s myproxy.cern.ch
 output : username: achhetri_CRAB
owner: /DC=ch/DC=cern/OU=Organic Units/OU=Users/CN=achhetri/CN=804540/CN=Arjun Chhetri
  renewal policy: /DC=ch/DC=cern/OU=computers/CN=crab-(preprod|prod|dev)-tw(02|01).cern.ch|/DC=ch/DC=cern/OU=computers/CN=(ddi|ddidk|mytw).cern.ch|/DC=ch/DC=cern/OU=computers/CN=stefanov(m|m2).cern.ch
  trusted retrieval policy: /DC=ch/DC=cern/OU=computers/CN=crab-(preprod|prod|dev)-tw(02|01).cern.ch|/DC=ch/DC=cern/OU=computers/CN=(ddi|ddidk|mytw).cern.ch|/DC=ch/DC=cern/OU=computers/CN=stefanov(m|m2).cern.ch
  timeleft: 699:02:25  (29.1 days)

 error: 
 retcode : 0
DEBUG 2021-06-17 10:05:53.877 UTC: 	 Myproxy is valid: 2516545
DEBUG 2021-06-17 10:05:53.877 UTC: 	 Result of myproxy credential check:
  Error trying to create credential:
 Problems delegating My-proxy. It seems your proxy has not been delegated to myproxy. Please check the logfile for the exact error (Maybe you simply typed a wrong password)
  Credential exists on myproxy: username: achhetri_CRAB  - validity: 29 days, 3:02:25
DEBUG 2021-06-17 10:05:53.878 UTC: 	 Command use: status
DEBUG 2021-06-17 10:05:53.879 UTC: 	 Options use: ['-d', 'crab_DYJetsToLL_M-50_HT-800to1200_v2/']
DEBUG 2021-06-17 10:05:53.990 UTC: 	 CRABClient version: v3.210610
DEBUG 2021-06-17 10:05:53.990 UTC: 	 Instance is prod
DEBUG 2021-06-17 10:05:53.990 UTC: 	 Server base url is cmsweb.cern.ch
DEBUG 2021-06-17 10:05:53.990 UTC: 	 Command api workflow
DEBUG 2021-06-17 10:05:54.105 UTC: 	 Got information from server oracle database: {u'result': [u'210616_131422:achhetri_crab_DYJetsToLL_M-50_HT-800to1200_v2', u'None', u'None', u'SUBMITTED', u'SUBMIT', u'2021-06-16 13:14:22.170546', u'None', u'2021-06-16 13:17:00.553408', u'None', u'CMSSW_10_6_8', u'slc7_amd64_gcc700', u'/DYJetsToLL_M-50_HT-800to1200_TuneCP5_PSweights_13TeV-madgraphMLM-pythia8/RunIISummer20UL17NanoAODv2-106X_mc2017_realistic_v8-v1/NANOAODSIM', u'F', u'0', u'[]', u'[]', u'FileBased', u"{'splitOnRun': False, 'halt_job_on_file_boundaries': False, 'files_per_job': 1, 'runs': [], 'lumis': []}", u'dbb62c6e90d539c01b7361da7edd336f9b47ae6a13b3065aa8bb1bf2bea5890d.tar.gz', u'https://cmsweb-prod.cern.ch:8443/crabcache', u'achhetri', u'/DC=ch/DC=cern/OU=Organic Units/OU=Users/CN=achhetri/CN=804540/CN=Arjun Chhetri', u'cms', u'None', u'None', u'DYJetsToLL_M-50_HT-800to1200_v2-00000000000000000000000000000000', u'F', u'T3_CH_CERNBOX', u'https://cmsweb.cern.ch/dbs/prod/global/DBSReader', u'https://cmsweb.cern.ch/dbs/prod/phys03/DBSWriter', u'F', u'[]', u'[]', u"[b'tree.root']", u'Analysis', u'pythia', u'None', u'{}', u'[]', u'T', u'crab-prod-tw01', u'[]', u'1250', u'1', u'2000', u'10', u"[b'/DYJetsToLL_M-50_HT-800to1200_TuneCP5_PSweights_13TeV-madgraphMLM-pythia8/achhetri-DYJetsToLL_M-50_HT-800to1200_v2-5d8f93ee2ba2db6b402c7167473e2950/USER']", u'[]', u'http://vocms0199.cern.ch/mon/cms341/210616_131422:achhetri_crab_DYJetsToLL_M-50_HT-800to1200_v2', u'crab_script_Tprime.sh', u'[]', u'[]', u'https://cmsweb.cern.ch/crabserver/prod', u'cmsgwms-collector-global.cern.ch:9620,cmsgwms-collector-global.fnal.gov:9620', u'crab3@vocms0199.cern.ch', u'F', u'[]', u'T', u'/store/user/achhetri/Tprime_v5_NANo_AOD_106X', u'F', u'None', u'F', u'None', u'DYJetsToLL_M-50_HT-800to1200_TuneCP5_PSweights_13TeV-madgraphMLM-pythia8', u'None', u'152636ffc0f32e392209c8e78220672e196e9566ed0cbd9de26329271e6ed7b0.tar.gz', u'27013564', u'filetransfers', u'F', u'137.138.120.6', u'7.0', u'None'], u'desc': {u'columns': [u'tm_taskname', u'tm_activity', u'panda_jobset_id', u'tm_task_status', u'tm_task_command', u'tm_start_time', u'tm_start_injection', u'tm_end_injection', u'tm_task_failure', u'tm_job_sw', u'tm_job_arch', u'tm_input_dataset', u'tm_nonvalid_input_dataset', u'tm_use_parent', u'tm_site_whitelist', u'tm_site_blacklist', u'tm_split_algo', u'tm_split_args', u'tm_user_sandbox', u'tm_cache_url', u'tm_username', u'tm_user_dn', u'tm_user_vo', u'tm_user_role', u'tm_user_group', u'tm_publish_name', u'tm_publish_groupname', u'tm_asyncdest', u'tm_dbs_url', u'tm_publish_dbs_url', u'tm_publication', u'tm_outfiles', u'tm_tfile_outfiles', u'tm_edm_outfiles', u'tm_job_type', u'tm_generator', u'tm_events_per_lumi', u'tm_arguments', u'panda_resubmitted_jobs', u'tm_save_logs', u'tw_name', u'tm_user_infiles', u'tm_maxjobruntime', u'tm_numcores', u'tm_maxmemory', u'tm_priority', u'tm_output_dataset', u'tm_task_warnings', u'tm_user_webdir', u'tm_scriptexe', u'tm_scriptargs', u'tm_extrajdl', u'tm_asourl', u'tm_collector', u'tm_schedd', u'tm_dry_run', u'tm_user_files', u'tm_transfer_outputs', u'tm_output_lfn', u'tm_ignore_locality', u'tm_fail_limit', u'tm_one_event_mode', u'tm_secondary_input_dataset', u'tm_primary_dataset', u'tm_last_publication', u'tm_debug_files', u'clusterid', u'tm_asodb', u'tm_ignore_global_blacklist', u'tm_submitter_ip_addr', u'tm_totalunits', u'tm_ddm_reqid']}}
INFO 2021-06-17 10:05:54.106 UTC: 	 CRAB project directory:		/afs/cern.ch/work/a/achhetri/NANO_AOD/CMSSW_10_6_8/src/WTopScalefactorProducer/Skimmer/NANOcrab/crab_Tprime_v5_NANo_AOD_106X/crab_DYJetsToLL_M-50_HT-800to1200_v2
INFO 2021-06-17 10:05:54.106 UTC: 	 Task name:			210616_131422:achhetri_crab_DYJetsToLL_M-50_HT-800to1200_v2
INFO 2021-06-17 10:05:54.106 UTC: 	 Grid scheduler - Task Worker:	crab3@vocms0199.cern.ch - crab-prod-tw01
INFO 2021-06-17 10:05:54.106 UTC: 	 Status on the CRAB server:	SUBMITTED
INFO 2021-06-17 10:05:54.106 UTC: 	 Task URL to use for HELP:	https://cmsweb.cern.ch/crabserver/ui/task/210616_131422%3Aachhetri_crab_DYJetsToLL_M-50_HT-800to1200_v2
INFO 2021-06-17 10:05:54.108 UTC: 	 Dashboard monitoring URL:	https://monit-grafana.cern.ch/d/cmsTMDetail/cms-task-monitoring-task-view?orgId=11&var-user=achhetri&var-task=210616_131422%3Aachhetri_crab_DYJetsToLL_M-50_HT-800to1200_v2&from=1623845662000&to=now
DEBUG 2021-06-17 10:05:54.108 UTC: 	 The CRAB server submitted your task to the Grid scheduler (cluster ID: 27013564)
DEBUG 2021-06-17 10:05:54.108 UTC: 	 Webdir is located at http://vocms0199.cern.ch/mon/cms341/210616_131422:achhetri_crab_DYJetsToLL_M-50_HT-800to1200_v2
DEBUG 2021-06-17 10:05:54.305 UTC: 	 Proxied webdir is located at https://cmsweb.cern.ch:8443/scheddmon/0199/cms341/210616_131422:achhetri_crab_DYJetsToLL_M-50_HT-800to1200_v2
DEBUG 2021-06-17 10:05:54.306 UTC: 	 Retrieving 'status_cache' file from https://cmsweb.cern.ch:8443/scheddmon/0199/cms341/210616_131422:achhetri_crab_DYJetsToLL_M-50_HT-800to1200_v2/status_cache
DEBUG 2021-06-17 10:05:54.366 UTC: 	 Got information from status cache file: {'1': {'Retries': 0, 'WallDurations': [9.0, 254.36109495162964, 21281.0], 'StartTimes': [1623849535.0], 'SubmitTimes': [1623849431.0], 'JobIds': ['27013596.0'], 'EndTimes': [1623870816.0], 'Restarts': 0, 'RecordedSite': True, 'State': 'finished', 'ResidentSetSize': [598764], 'TotalUserCpuTimeHistory': [19613], 'SiteHistory': ['Unknown', 'T2_US_MIT', 'T2_US_MIT'], 'TotalSysCpuTimeHistory': [1255]}, '3': {'Retries': 0, 'WallDurations': [8.0, 254.36109495162964, 4545.0], 'StartTimes': [1623849535.0], 'SubmitTimes': [1623849431.0], 'JobIds': ['27013597.0'], 'EndTimes': [1623854080.0], 'Restarts': 0, 'RecordedSite': True, 'State': 'finished', 'ResidentSetSize': [633712], 'TotalUserCpuTimeHistory': [4120], 'SiteHistory': ['Unknown', 'T2_US_MIT', 'T2_US_MIT'], 'TotalSysCpuTimeHistory': [242]}, '2': {'Retries': 0, 'WallDurations': [9.0, 254.36109495162964, 403.0], 'StartTimes': [1623849535.0], 'SubmitTimes': [1623849432.0], 'JobIds': ['27013599.0'], 'EndTimes': [1623849938.0], 'Restarts': 0, 'RecordedSite': True, 'State': 'finished', 'ResidentSetSize': [486924], 'TotalUserCpuTimeHistory': [302], 'SiteHistory': ['Unknown', 'T2_US_MIT', 'T2_US_MIT'], 'TotalSysCpuTimeHistory': [34]}, '5': {'Retries': 0, 'WallDurations': [9.0, 254.36109495162964, 39993.0], 'StartTimes': [1623849535.0], 'SubmitTimes': [1623849432.0], 'JobIds': ['27013598.0'], 'EndTimes': [1623889528.0], 'Restarts': 0, 'RecordedSite': True, 'State': 'finished', 'ResidentSetSize': [663192], 'TotalUserCpuTimeHistory': [36812], 'SiteHistory': ['Unknown', 'T2_US_MIT', 'T2_US_MIT'], 'TotalSysCpuTimeHistory': [2489]}, '4': {'Retries': 0, 'WallDurations': [8.0, 254.36109495162964, 41150.0], 'StartTimes': [1623849535.0], 'SubmitTimes': [1623849430.0], 'JobIds': ['27013595.0'], 'EndTimes': [1623890685.0], 'Restarts': 0, 'RecordedSite': True, 'State': 'finished', 'ResidentSetSize': [572020], 'TotalUserCpuTimeHistory': [36942], 'SiteHistory': ['Unknown', 'T2_US_MIT', 'T2_US_MIT'], 'TotalSysCpuTimeHistory': [3748]}, '7': {'Retries': 0, 'WallDurations': [9.0, 256.36109495162964, 34295.0], 'StartTimes': [1623849533.0], 'SubmitTimes': [1623849432.0], 'JobIds': ['27013600.0'], 'EndTimes': [1623883828.0], 'Restarts': 0, 'RecordedSite': True, 'State': 'finished', 'ResidentSetSize': [638448], 'TotalUserCpuTimeHistory': [32595], 'SiteHistory': ['Unknown', 'T2_US_MIT', 'T2_US_MIT'], 'TotalSysCpuTimeHistory': [1326]}, '6': {'Retries': 0, 'WallDurations': [8.0, 255.36109495162964, 32585.0], 'StartTimes': [1623849534.0], 'SubmitTimes': [1623849432.0], 'JobIds': ['27013601.0'], 'EndTimes': [1623882119.0], 'Restarts': 0, 'RecordedSite': True, 'State': 'finished', 'ResidentSetSize': [659188], 'TotalUserCpuTimeHistory': [30961], 'SiteHistory': ['Unknown', 'T2_US_MIT', 'T2_US_MIT'], 'TotalSysCpuTimeHistory': [1223]}}
INFO 2021-06-17 10:05:54.366 UTC: 	 Status on the scheduler:	COMPLETED
INFO 2021-06-17 10:05:54.366 UTC: 	 
Jobs status:                    finished     		100.0% (7/7)
INFO 2021-06-17 10:05:54.366 UTC: 	 
No publication information (publication has been disabled in the CRAB configuration file)
INFO 2021-06-17 10:05:54.367 UTC: 	 
Summary of run jobs:
 * Memory: 475MB min, 647MB max, 593MB ave
 * Runtime: 0:06:43 min, 11:25:50 max, 6:54:53 ave
 * CPU eff: 83% min, 99% max, 99% ave
 * Waste: 0:30:43 (1% of total)

INFO 2021-06-17 10:05:54.388 UTC: 	 Log file is /afs/cern.ch/work/a/achhetri/NANO_AOD/CMSSW_10_6_8/src/WTopScalefactorProducer/Skimmer/NANOcrab/crab_Tprime_v5_NANo_AOD_106X/crab_DYJetsToLL_M-50_HT-800to1200_v2/crab.log
