DEBUG 2021-03-09 11:58:33.745 UTC: 	 CRAB Client version: v3.201110
DEBUG 2021-03-09 11:58:33.746 UTC: 	 Running on: Linux lxplus731.cern.ch 3.10.0-1160.15.2.el7.x86_64 #1 SMP Wed Feb 3 15:06:38 UTC 2021 x86_64 x86_64 x86_64 GNU/Linux - CentOS Linux 7 (Core)
DEBUG 2021-03-09 11:58:33.746 UTC: 	 Executing command: 'submit'
DEBUG 2021-03-09 11:58:33.748 UTC: 	 Found CRAB cache file /afs/cern.ch/user/a/achhetri/.crab3
DEBUG 2021-03-09 11:58:33.749 UTC: 	 Will use CRAB Analysis plugin (i.e. will run an analysis job type).
DEBUG 2021-03-09 11:58:33.764 UTC: 	 Checking credentials
DEBUG 2021-03-09 11:58:33.764 UTC: 	 Found proxy file /afs/cern.ch/user/a/achhetri/x509up_u94350
DEBUG 2021-03-09 11:58:33.764 UTC: 	 Getting proxy life time left
DEBUG 2021-03-09 11:58:34.575 UTC: 	 Executing : 
 command : voms-proxy-info -file /afs/cern.ch/user/a/achhetri/x509up_u94350 -timeleft
 output : 680973

 error: 
 retcode : 0
DEBUG 2021-03-09 11:58:35.183 UTC: 	 Executing : 
 command : voms-proxy-info -file /afs/cern.ch/user/a/achhetri/x509up_u94350 -actimeleft
 output : 680972

 error: 
 retcode : 0
DEBUG 2021-03-09 11:58:35.183 UTC: 	 Proxy lifetime 680973 secs is different from voms extension lifetime 680972 secs for proxy: /afs/cern.ch/user/a/achhetri/x509up_u94350
DEBUG 2021-03-09 11:58:35.183 UTC: 	 Proxy valid for 189:09:32 hours
DEBUG 2021-03-09 11:58:35.791 UTC: 	 Executing : 
 command : env X509_USER_PROXY=/afs/cern.ch/user/a/achhetri/x509up_u94350 voms-proxy-info -fqan
 output : /cms/Role=NULL/Capability=NULL

 error: 
 retcode : 0
DEBUG 2021-03-09 11:58:35.855 UTC: 	 Registering user credentials for server /DC=ch/DC=cern/OU=computers/CN=vocms0105.cern.ch|/DC=ch/DC=cern/OU=computers/CN=crab-(preprod|prod|dev)-tw(02|01).cern.ch|/DC=ch/DC=cern/OU=computers/CN=(ddi|ddidk|mytw).cern.ch|/DC=ch/DC=cern/OU=computers/CN=stefanov(m|m2).cern.ch
DEBUG 2021-03-09 11:58:36.467 UTC: 	 Executing : 
 command : voms-proxy-info -file /afs/cern.ch/user/a/achhetri/x509up_u94350 -identity
 output : /DC=ch/DC=cern/OU=Organic Units/OU=Users/CN=achhetri/CN=804540/CN=Arjun Chhetri

 error: 
 retcode : 0
DEBUG 2021-03-09 11:58:36.483 UTC: 	 Getting myproxy life time left for myproxy.cern.ch
DEBUG 2021-03-09 11:58:36.484 UTC: 	 using eb0e67adc2dd9eb1770413a4ffd073f562b86f05 as credential login name
DEBUG 2021-03-09 11:58:36.888 UTC: 	 Executing : 
 command : myproxy-info -l eb0e67adc2dd9eb1770413a4ffd073f562b86f05 -s myproxy.cern.ch
 output : username: eb0e67adc2dd9eb1770413a4ffd073f562b86f05
owner: /DC=ch/DC=cern/OU=Organic Units/OU=Users/CN=achhetri/CN=804540/CN=Arjun Chhetri
  renewal policy: /DC=ch/DC=cern/OU=computers/CN=vocms0105.cern.ch|/DC=ch/DC=cern/OU=computers/CN=crab-(preprod|prod|dev)-tw(02|01).cern.ch|/DC=ch/DC=cern/OU=computers/CN=(ddi|ddidk|mytw).cern.ch|/DC=ch/DC=cern/OU=computers/CN=stefanov(m|m2).cern.ch
  trusted retrieval policy: /DC=ch/DC=cern/OU=computers/CN=vocms0105.cern.ch|/DC=ch/DC=cern/OU=computers/CN=crab-(preprod|prod|dev)-tw(02|01).cern.ch|/DC=ch/DC=cern/OU=computers/CN=(ddi|ddidk|mytw).cern.ch|/DC=ch/DC=cern/OU=computers/CN=stefanov(m|m2).cern.ch
  timeleft: 719:55:33  (30.0 days)

 error: 
 retcode : 0
DEBUG 2021-03-09 11:58:36.889 UTC: 	 Myproxy is valid: 2591733
DEBUG 2021-03-09 11:58:36.890 UTC: 	 Retrieving username ...
DEBUG 2021-03-09 11:58:36.890 UTC: 	 Retrieving username from CRIC...
DEBUG 2021-03-09 11:58:37.597 UTC: 	 username is achhetri
DEBUG 2021-03-09 11:58:37.605 UTC: 	 Getting myproxy life time left for myproxy.cern.ch
DEBUG 2021-03-09 11:58:37.605 UTC: 	 using achhetri_CRAB as credential login name
DEBUG 2021-03-09 11:58:37.910 UTC: 	 Executing : 
 command : myproxy-info -l achhetri_CRAB -s myproxy.cern.ch
 output : username: achhetri_CRAB
owner: /DC=ch/DC=cern/OU=Organic Units/OU=Users/CN=achhetri/CN=804540/CN=Arjun Chhetri
  renewal policy: /DC=ch/DC=cern/OU=computers/CN=vocms0105.cern.ch|/DC=ch/DC=cern/OU=computers/CN=crab-(preprod|prod|dev)-tw(02|01).cern.ch|/DC=ch/DC=cern/OU=computers/CN=(ddi|ddidk|mytw).cern.ch|/DC=ch/DC=cern/OU=computers/CN=stefanov(m|m2).cern.ch
  trusted retrieval policy: /DC=ch/DC=cern/OU=computers/CN=vocms0105.cern.ch|/DC=ch/DC=cern/OU=computers/CN=crab-(preprod|prod|dev)-tw(02|01).cern.ch|/DC=ch/DC=cern/OU=computers/CN=(ddi|ddidk|mytw).cern.ch|/DC=ch/DC=cern/OU=computers/CN=stefanov(m|m2).cern.ch
  timeleft: 356:53:03  (14.9 days)

 error: 
 retcode : 0
DEBUG 2021-03-09 11:58:37.911 UTC: 	 Myproxy is valid: 1284783
DEBUG 2021-03-09 11:58:38.015 UTC: 	 Executing : 
 command : openssl x509 -noout -in ~/.globus/usercert.pem -dates
 output : notBefore=Nov 11 12:18:59 2020 GMT
notAfter=Dec 16 12:18:59 2021 GMT

 error: 
 retcode : 0
DEBUG 2021-03-09 11:58:38.016 UTC: 	 Delegating a myproxy for 720:00 hours
DEBUG 2021-03-09 11:58:38.016 UTC: 	 using achhetri_CRAB as credential login name
DEBUG 2021-03-09 11:59:06.300 UTC: 	 Executing : 
 command : export GT_PROXY_MODE=rfc ; myproxy-init -d -n -s myproxy.cern.ch -x -R '/DC=ch/DC=cern/OU=computers/CN=vocms0105.cern.ch|/DC=ch/DC=cern/OU=computers/CN=crab-(preprod|prod|dev)-tw(02|01).cern.ch|/DC=ch/DC=cern/OU=computers/CN=(ddi|ddidk|mytw).cern.ch|/DC=ch/DC=cern/OU=computers/CN=stefanov(m|m2).cern.ch' -x -Z '/DC=ch/DC=cern/OU=computers/CN=vocms0105.cern.ch|/DC=ch/DC=cern/OU=computers/CN=crab-(preprod|prod|dev)-tw(02|01).cern.ch|/DC=ch/DC=cern/OU=computers/CN=(ddi|ddidk|mytw).cern.ch|/DC=ch/DC=cern/OU=computers/CN=stefanov(m|m2).cern.ch' -l 'achhetri_CRAB' -t 168:00 -c 720:00
 output : Your identity: /DC=ch/DC=cern/OU=Organic Units/OU=Users/CN=achhetri/CN=804540/CN=Arjun Chhetri

 error: Error: Couldn't read user key in /afs/cern.ch/user/a/achhetri/.globus/userkey.pem.
Use -debug for further information.
grid-proxy-init failed

 retcode : 1
DEBUG 2021-03-09 11:59:06.301 UTC: 	 using achhetri_CRAB as credential login name
DEBUG 2021-03-09 11:59:06.706 UTC: 	 Executing : 
 command : myproxy-info -l achhetri_CRAB -s myproxy.cern.ch
 output : username: achhetri_CRAB
owner: /DC=ch/DC=cern/OU=Organic Units/OU=Users/CN=achhetri/CN=804540/CN=Arjun Chhetri
  renewal policy: /DC=ch/DC=cern/OU=computers/CN=vocms0105.cern.ch|/DC=ch/DC=cern/OU=computers/CN=crab-(preprod|prod|dev)-tw(02|01).cern.ch|/DC=ch/DC=cern/OU=computers/CN=(ddi|ddidk|mytw).cern.ch|/DC=ch/DC=cern/OU=computers/CN=stefanov(m|m2).cern.ch
  trusted retrieval policy: /DC=ch/DC=cern/OU=computers/CN=vocms0105.cern.ch|/DC=ch/DC=cern/OU=computers/CN=crab-(preprod|prod|dev)-tw(02|01).cern.ch|/DC=ch/DC=cern/OU=computers/CN=(ddi|ddidk|mytw).cern.ch|/DC=ch/DC=cern/OU=computers/CN=stefanov(m|m2).cern.ch
  timeleft: 356:52:34  (14.9 days)

 error: 
 retcode : 0
DEBUG 2021-03-09 11:59:06.706 UTC: 	 My-proxy delegated.
DEBUG 2021-03-09 11:59:06.706 UTC: 	 Result of myproxy credential check:
  Credential exists on myproxy: username: eb0e67adc2dd9eb1770413a4ffd073f562b86f05  - validity: 29 days, 23:55:33
  Credential exists on myproxy: username: achhetri_CRAB  - validity: 14 days, 20:52:34
DEBUG 2021-03-09 11:59:06.706 UTC: 	 Command use: submit
DEBUG 2021-03-09 11:59:06.706 UTC: 	 Options use: ['--config', <WMCore.Configuration.Configuration object at 0x7f6203b66fd0>]
DEBUG 2021-03-09 11:59:06.781 UTC: 	 CRABClient version: v3.201110
DEBUG 2021-03-09 11:59:06.781 UTC: 	 Instance is prod
DEBUG 2021-03-09 11:59:06.781 UTC: 	 Server base url is cmsweb-k8s-prod.cern.ch
DEBUG 2021-03-09 11:59:06.781 UTC: 	 Command url /crabserver/prod/workflow
DEBUG 2021-03-09 11:59:06.781 UTC: 	 Started submission
DEBUG 2021-03-09 11:59:06.781 UTC: 	 Working on /afs/cern.ch/work/a/achhetri/NANO_AOD/CMSSW_10_6_8/src/WTopScalefactorProducer/Skimmer/NANOcrab/crab_Tprime_v5_NANo_AOD_106X/crab_QCD_Pt50to80_EM_v2
DEBUG 2021-03-09 11:59:06.890 UTC: 	 Loading required information from the environment
DEBUG 2021-03-09 11:59:06.890 UTC: 	 Found CMSSW_10_6_8 for slc7_amd64_gcc700 with base /afs/cern.ch/work/a/achhetri/NANO_AOD/CMSSW_10_6_8
DEBUG 2021-03-09 11:59:06.891 UTC: 	 Loading required information from the environment
DEBUG 2021-03-09 11:59:06.891 UTC: 	 Found CMSSW_10_6_8 for slc7_amd64_gcc700 with base /afs/cern.ch/work/a/achhetri/NANO_AOD/CMSSW_10_6_8
DEBUG 2021-03-09 11:59:06.891 UTC: 	 UNIQUE NAME: tarUUID d32da1f5-da11-4f91-93d3-4713b56b2dfa 
DEBUG 2021-03-09 11:59:06.891 UTC: 	 self.config: from WMCore.Configuration import Configuration
config = Configuration()
config.section_('General')
config.General.transferLogs = True
config.General.workArea = 'crab_Tprime_v5_NANo_AOD_106X'
config.General.requestName = 'QCD_Pt50to80_EM_v2'
config.section_('JobType')
config.JobType.scriptExe = 'crab_script_Tprime.sh'
config.JobType.pluginName = 'Analysis'
config.JobType.sendPythonFolder = True
config.JobType.allowUndistributedCMSSW = True
config.JobType.psetName = 'PSet.py'
config.JobType.inputFiles = ['TprimeBToTH_LH_RunIISummer19UL16_Skimmer.py', 'keep_and_drop_v1.txt', '../../../PhysicsTools/NanoAODTools/scripts/haddnano.py']
config.section_('Data')
config.Data.inputDataset = '/QCD_Pt-50to80_EMEnriched_TuneCP5_13TeV_pythia8/RunIISummer19UL17NanoAODv2-106X_mc2017_realistic_v8-v1/NANOAODSIM'
config.Data.outputDatasetTag = 'QCD_Pt50to80_EM_v2'
config.Data.publication = False
config.Data.unitsPerJob = 1
config.Data.inputDBS = 'global'
config.Data.splitting = 'FileBased'
config.Data.outLFNDirBase = '/store/user/achhetri/Tprime_v5_NANo_AOD_106X'
config.Data.totalUnits = 13
config.section_('Site')
config.Site.storageSite = 'T3_CH_CERNBOX'
config.section_('User')
config.section_('Debug')

DEBUG 2021-03-09 11:59:06.891 UTC: 	 self.config.JobType.psetName: PSet.py
INFO 2021-03-09 11:59:06.891 UTC: 	 Importing CMSSW configuration PSet.py
INFO 2021-03-09 11:59:06.892 UTC: 	 Finished importing CMSSW configuration PSet.py
DEBUG 2021-03-09 11:59:06.893 UTC: 	 Writing CMSSW configuration to /afs/cern.ch/work/a/achhetri/NANO_AOD/CMSSW_10_6_8/src/WTopScalefactorProducer/Skimmer/NANOcrab/crab_Tprime_v5_NANo_AOD_106X/crab_QCD_Pt50to80_EM_v2/inputs/PSet.py
DEBUG 2021-03-09 11:59:06.899 UTC: 	 The following EDM output files will be collected: ['tree.root']
DEBUG 2021-03-09 11:59:06.899 UTC: 	 The following TFile output files will be collected: []
DEBUG 2021-03-09 11:59:06.900 UTC: 	 The following user output files (not listed as PoolOuputModule or TFileService in the CMSSW PSet) will be collected: 
DEBUG 2021-03-09 11:59:06.900 UTC: 	 Loading required information from the environment
DEBUG 2021-03-09 11:59:06.900 UTC: 	 Found CMSSW_10_6_8 for slc7_amd64_gcc700 with base /afs/cern.ch/work/a/achhetri/NANO_AOD/CMSSW_10_6_8
DEBUG 2021-03-09 11:59:06.900 UTC: 	 Making tarball in /afs/cern.ch/work/a/achhetri/NANO_AOD/CMSSW_10_6_8/src/WTopScalefactorProducer/Skimmer/NANOcrab/crab_Tprime_v5_NANo_AOD_106X/crab_QCD_Pt50to80_EM_v2/inputs/d32da1f5-da11-4f91-93d3-4713b56b2dfadefault.tgz
DEBUG 2021-03-09 11:59:06.901 UTC: 	 Checking directory /afs/cern.ch/work/a/achhetri/NANO_AOD/CMSSW_10_6_8/lib
DEBUG 2021-03-09 11:59:06.901 UTC: 	 Adding directory /afs/cern.ch/work/a/achhetri/NANO_AOD/CMSSW_10_6_8/lib to tarball
DEBUG 2021-03-09 11:59:07.069 UTC: 	 Checking directory /afs/cern.ch/work/a/achhetri/NANO_AOD/CMSSW_10_6_8/biglib
DEBUG 2021-03-09 11:59:07.069 UTC: 	 Adding directory /afs/cern.ch/work/a/achhetri/NANO_AOD/CMSSW_10_6_8/biglib to tarball
DEBUG 2021-03-09 11:59:07.071 UTC: 	 Checking directory /afs/cern.ch/work/a/achhetri/NANO_AOD/CMSSW_10_6_8/module
DEBUG 2021-03-09 11:59:07.072 UTC: 	 Checking directory /afs/cern.ch/work/a/achhetri/NANO_AOD/CMSSW_10_6_8/python
DEBUG 2021-03-09 11:59:07.072 UTC: 	 Adding directory /afs/cern.ch/work/a/achhetri/NANO_AOD/CMSSW_10_6_8/python to tarball
DEBUG 2021-03-09 11:59:08.575 UTC: 	 Checking directory /afs/cern.ch/work/a/achhetri/NANO_AOD/CMSSW_10_6_8/cfipython
DEBUG 2021-03-09 11:59:08.576 UTC: 	 Adding directory /afs/cern.ch/work/a/achhetri/NANO_AOD/CMSSW_10_6_8/cfipython to tarball
DEBUG 2021-03-09 11:59:08.604 UTC: 	 Adding data directory /afs/cern.ch/work/a/achhetri/NANO_AOD/CMSSW_10_6_8/src/PhysicsTools/NanoAODTools/data to tarball
DEBUG 2021-03-09 11:59:18.091 UTC: 	 Adding data directory /afs/cern.ch/work/a/achhetri/NANO_AOD/CMSSW_10_6_8/src/PhysicsTools/NanoAODTools/interface to tarball
DEBUG 2021-03-09 11:59:18.095 UTC: 	 Adding data directory /afs/cern.ch/work/a/achhetri/NANO_AOD/CMSSW_10_6_8/src/PhysicsTools/NanoAODTools/python/postprocessing/data to tarball
DEBUG 2021-03-09 11:59:20.171 UTC: 	 Adding file TprimeBToTH_LH_RunIISummer19UL16_Skimmer.py to tarball
DEBUG 2021-03-09 11:59:20.172 UTC: 	 Adding file keep_and_drop_v1.txt to tarball
DEBUG 2021-03-09 11:59:20.172 UTC: 	 Adding file ../../../PhysicsTools/NanoAODTools/scripts/haddnano.py to tarball
DEBUG 2021-03-09 11:59:23.264 UTC: 	 Uploading archive /afs/cern.ch/work/a/achhetri/NANO_AOD/CMSSW_10_6_8/src/WTopScalefactorProducer/Skimmer/NANOcrab/crab_Tprime_v5_NANo_AOD_106X/crab_QCD_Pt50to80_EM_v2/inputs/d32da1f5-da11-4f91-93d3-4713b56b2dfadefault.tgz (55 MB) to the CRAB cache. Using URI https://cmsweb.cern.ch:8443/crabcache
DEBUG 2021-03-09 12:00:07.632 UTC: 	 Loading required information from the environment
DEBUG 2021-03-09 12:00:07.632 UTC: 	 Found CMSSW_10_6_8 for slc7_amd64_gcc700 with base /afs/cern.ch/work/a/achhetri/NANO_AOD/CMSSW_10_6_8
DEBUG 2021-03-09 12:00:07.633 UTC: 	 Making tarball in /afs/cern.ch/work/a/achhetri/NANO_AOD/CMSSW_10_6_8/src/WTopScalefactorProducer/Skimmer/NANOcrab/crab_Tprime_v5_NANo_AOD_106X/crab_QCD_Pt50to80_EM_v2/inputs/debugFiles.tgz
DEBUG 2021-03-09 12:00:07.640 UTC: 	 Uploading archive /afs/cern.ch/work/a/achhetri/NANO_AOD/CMSSW_10_6_8/src/WTopScalefactorProducer/Skimmer/NANOcrab/crab_Tprime_v5_NANo_AOD_106X/crab_QCD_Pt50to80_EM_v2/inputs/debugFiles.tgz (1 KB) to the CRAB cache. Using URI https://cmsweb.cern.ch:8443/crabcache
DEBUG 2021-03-09 12:00:07.716 UTC: 	 Result uploading input files: db34ebad3d4b9da4ae9c866827f2ee5a2e927bca2b5d12de79379f506faf14a9.tar.gz 
INFO 2021-03-09 12:00:07.716 UTC: 	 Sending the request to the server at cmsweb-k8s-prod.cern.ch
DEBUG 2021-03-09 12:00:07.716 UTC: 	 Submitting {'maxjobruntime': 1250, 'extrajdl': [], 'lfn': '/store/user/achhetri/Tprime_v5_NANo_AOD_106X', 'savelogsflag': 1, 'useparent': 0, 'scriptexe': 'crab_script_Tprime.sh', 'asyncdest': 'T3_CH_CERNBOX', 'algoargs': 1, 'cachefilename': 'db34ebad3d4b9da4ae9c866827f2ee5a2e927bca2b5d12de79379f506faf14a9.tar.gz', 'numcores': 1, 'addoutputfiles': [], 'generator': 'pythia', 'maxmemory': 2000, 'publishdbsurl': 'https://cmsweb.cern.ch/dbs/prod/phys03/DBSWriter', 'priority': 10, 'jobsw': 'CMSSW_10_6_8', 'edmoutfiles': ['tree.root'], 'userfiles': [], 'primarydataset': '', 'inputdata': '/QCD_Pt-50to80_EMEnriched_TuneCP5_13TeV_pythia8/RunIISummer19UL17NanoAODv2-106X_mc2017_realistic_v8-v1/NANOAODSIM', 'ignorelocality': 0, 'dryrun': 0, 'workflow': 'crab_QCD_Pt50to80_EM_v2', 'cacheurl': u'https://cmsweb.cern.ch:8443/crabcache', 'nonprodsw': 1, 'tfileoutfiles': [], 'oneEventMode': 0, 'debugfilename': '56ceaeb3d55a655a1570b0cf90c0b51dfec722de9e40e3aca4249b417101940b.tar.gz', 'saveoutput': 1, 'publication': 0, 'jobarch': 'slc7_amd64_gcc700', 'totalunits': 13, 'splitalgo': 'FileBased', 'ignoreglobalblacklist': 0, 'nonvaliddata': 0, 'dbsurl': 'https://cmsweb.cern.ch/dbs/prod/global/DBSReader', 'publishgroupname': 0, 'jobtype': 'Analysis', 'publishname2': 'QCD_Pt50to80_EM_v2'} 
DEBUG 2021-03-09 12:00:07.717 UTC: 	 Encoded submit request: maxjobruntime=1250&lfn=%2Fstore%2Fuser%2Fachhetri%2FTprime_v5_NANo_AOD_106X&savelogsflag=1&useparent=0&scriptexe=crab_script_Tprime.sh&asyncdest=T3_CH_CERNBOX&algoargs=1&cachefilename=db34ebad3d4b9da4ae9c866827f2ee5a2e927bca2b5d12de79379f506faf14a9.tar.gz&numcores=1&generator=pythia&maxmemory=2000&publishdbsurl=https%3A%2F%2Fcmsweb.cern.ch%2Fdbs%2Fprod%2Fphys03%2FDBSWriter&priority=10&jobsw=CMSSW_10_6_8&primarydataset=&inputdata=%2FQCD_Pt-50to80_EMEnriched_TuneCP5_13TeV_pythia8%2FRunIISummer19UL17NanoAODv2-106X_mc2017_realistic_v8-v1%2FNANOAODSIM&ignorelocality=0&dryrun=0&workflow=crab_QCD_Pt50to80_EM_v2&cacheurl=https%3A%2F%2Fcmsweb.cern.ch%3A8443%2Fcrabcache&nonprodsw=1&oneEventMode=0&debugfilename=56ceaeb3d55a655a1570b0cf90c0b51dfec722de9e40e3aca4249b417101940b.tar.gz&saveoutput=1&publication=0&jobarch=slc7_amd64_gcc700&totalunits=13&splitalgo=FileBased&ignoreglobalblacklist=0&nonvaliddata=0&dbsurl=https%3A%2F%2Fcmsweb.cern.ch%2Fdbs%2Fprod%2Fglobal%2FDBSReader&publishgroupname=0&jobtype=Analysis&publishname2=QCD_Pt50to80_EM_v2&edmoutfiles=tree.root
DEBUG 2021-03-09 12:00:07.786 UTC: 	 Result: {u'result': [{u'RequestName': u'210309_120007:achhetri_crab_QCD_Pt50to80_EM_v2'}]}
INFO 2021-03-09 12:00:07.793 UTC: 	 Success: Your task has been delivered to the prod CRAB3 server.
INFO 2021-03-09 12:00:07.793 UTC: 	 Task name: 210309_120007:achhetri_crab_QCD_Pt50to80_EM_v2
INFO 2021-03-09 12:00:07.793 UTC: 	 Project dir: crab_Tprime_v5_NANo_AOD_106X/crab_QCD_Pt50to80_EM_v2
INFO 2021-03-09 12:00:07.793 UTC: 	 Please use ' crab status -d crab_Tprime_v5_NANo_AOD_106X/crab_QCD_Pt50to80_EM_v2 ' to check how the submission process proceeds.
DEBUG 2021-03-09 12:00:07.794 UTC: 	 About to return
DEBUG 2021-03-09 12:11:29.333 UTC: 	 CRAB Client version: v3.201110
DEBUG 2021-03-09 12:11:29.333 UTC: 	 Running on: Linux lxplus731.cern.ch 3.10.0-1160.15.2.el7.x86_64 #1 SMP Wed Feb 3 15:06:38 UTC 2021 x86_64 x86_64 x86_64 GNU/Linux - CentOS Linux 7 (Core)
DEBUG 2021-03-09 12:11:29.333 UTC: 	 Executing command: 'status'
DEBUG 2021-03-09 12:11:29.334 UTC: 	 Found CRAB cache file /afs/cern.ch/user/a/achhetri/.crab3
DEBUG 2021-03-09 12:11:29.349 UTC: 	 Checking credentials
DEBUG 2021-03-09 12:11:29.350 UTC: 	 Found proxy file /afs/cern.ch/user/a/achhetri/x509up_u94350
DEBUG 2021-03-09 12:11:29.350 UTC: 	 Getting proxy life time left
DEBUG 2021-03-09 12:11:29.954 UTC: 	 Executing : 
 command : voms-proxy-info -file /afs/cern.ch/user/a/achhetri/x509up_u94350 -timeleft
 output : 680198

 error: 
 retcode : 0
DEBUG 2021-03-09 12:11:30.559 UTC: 	 Executing : 
 command : voms-proxy-info -file /afs/cern.ch/user/a/achhetri/x509up_u94350 -actimeleft
 output : 680197

 error: 
 retcode : 0
DEBUG 2021-03-09 12:11:30.559 UTC: 	 Proxy lifetime 680198 secs is different from voms extension lifetime 680197 secs for proxy: /afs/cern.ch/user/a/achhetri/x509up_u94350
DEBUG 2021-03-09 12:11:30.559 UTC: 	 Proxy valid for 188:56:37 hours
DEBUG 2021-03-09 12:11:30.666 UTC: 	 Registering user credentials for server /DC=ch/DC=cern/OU=computers/CN=vocms0105.cern.ch|/DC=ch/DC=cern/OU=computers/CN=crab-(preprod|prod|dev)-tw(02|01).cern.ch|/DC=ch/DC=cern/OU=computers/CN=(ddi|ddidk|mytw).cern.ch|/DC=ch/DC=cern/OU=computers/CN=stefanov(m|m2).cern.ch
DEBUG 2021-03-09 12:11:31.276 UTC: 	 Executing : 
 command : voms-proxy-info -file /afs/cern.ch/user/a/achhetri/x509up_u94350 -identity
 output : /DC=ch/DC=cern/OU=Organic Units/OU=Users/CN=achhetri/CN=804540/CN=Arjun Chhetri

 error: 
 retcode : 0
DEBUG 2021-03-09 12:11:31.283 UTC: 	 Getting myproxy life time left for myproxy.cern.ch
DEBUG 2021-03-09 12:11:31.283 UTC: 	 using eb0e67adc2dd9eb1770413a4ffd073f562b86f05 as credential login name
DEBUG 2021-03-09 12:11:31.687 UTC: 	 Executing : 
 command : myproxy-info -l eb0e67adc2dd9eb1770413a4ffd073f562b86f05 -s myproxy.cern.ch
 output : username: eb0e67adc2dd9eb1770413a4ffd073f562b86f05
owner: /DC=ch/DC=cern/OU=Organic Units/OU=Users/CN=achhetri/CN=804540/CN=Arjun Chhetri
  renewal policy: /DC=ch/DC=cern/OU=computers/CN=vocms0105.cern.ch|/DC=ch/DC=cern/OU=computers/CN=crab-(preprod|prod|dev)-tw(02|01).cern.ch|/DC=ch/DC=cern/OU=computers/CN=(ddi|ddidk|mytw).cern.ch|/DC=ch/DC=cern/OU=computers/CN=stefanov(m|m2).cern.ch
  trusted retrieval policy: /DC=ch/DC=cern/OU=computers/CN=vocms0105.cern.ch|/DC=ch/DC=cern/OU=computers/CN=crab-(preprod|prod|dev)-tw(02|01).cern.ch|/DC=ch/DC=cern/OU=computers/CN=(ddi|ddidk|mytw).cern.ch|/DC=ch/DC=cern/OU=computers/CN=stefanov(m|m2).cern.ch
  timeleft: 719:42:38  (30.0 days)

 error: 
 retcode : 0
DEBUG 2021-03-09 12:11:31.688 UTC: 	 Myproxy is valid: 2590958
DEBUG 2021-03-09 12:11:31.688 UTC: 	 Retrieving username ...
DEBUG 2021-03-09 12:11:31.688 UTC: 	 Retrieving username from CRIC...
DEBUG 2021-03-09 12:11:32.366 UTC: 	 username is achhetri
DEBUG 2021-03-09 12:11:32.372 UTC: 	 Getting myproxy life time left for myproxy.cern.ch
DEBUG 2021-03-09 12:11:32.372 UTC: 	 using achhetri_CRAB as credential login name
DEBUG 2021-03-09 12:11:32.776 UTC: 	 Executing : 
 command : myproxy-info -l achhetri_CRAB -s myproxy.cern.ch
 output : username: achhetri_CRAB
owner: /DC=ch/DC=cern/OU=Organic Units/OU=Users/CN=achhetri/CN=804540/CN=Arjun Chhetri
  renewal policy: /DC=ch/DC=cern/OU=computers/CN=vocms0105.cern.ch|/DC=ch/DC=cern/OU=computers/CN=crab-(preprod|prod|dev)-tw(02|01).cern.ch|/DC=ch/DC=cern/OU=computers/CN=(ddi|ddidk|mytw).cern.ch|/DC=ch/DC=cern/OU=computers/CN=stefanov(m|m2).cern.ch
  trusted retrieval policy: /DC=ch/DC=cern/OU=computers/CN=vocms0105.cern.ch|/DC=ch/DC=cern/OU=computers/CN=crab-(preprod|prod|dev)-tw(02|01).cern.ch|/DC=ch/DC=cern/OU=computers/CN=(ddi|ddidk|mytw).cern.ch|/DC=ch/DC=cern/OU=computers/CN=stefanov(m|m2).cern.ch
  timeleft: 356:40:08  (14.9 days)

 error: 
 retcode : 0
DEBUG 2021-03-09 12:11:32.776 UTC: 	 Myproxy is valid: 1284008
DEBUG 2021-03-09 12:11:32.880 UTC: 	 Executing : 
 command : openssl x509 -noout -in ~/.globus/usercert.pem -dates
 output : notBefore=Nov 11 12:18:59 2020 GMT
notAfter=Dec 16 12:18:59 2021 GMT

 error: 
 retcode : 0
DEBUG 2021-03-09 12:11:32.884 UTC: 	 Delegating a myproxy for 720:00 hours
DEBUG 2021-03-09 12:11:32.884 UTC: 	 using achhetri_CRAB as credential login name
DEBUG 2021-03-09 12:11:32.988 UTC: 	 Executing : 
 command : export GT_PROXY_MODE=rfc ; myproxy-init -d -n -s myproxy.cern.ch -x -R '/DC=ch/DC=cern/OU=computers/CN=vocms0105.cern.ch|/DC=ch/DC=cern/OU=computers/CN=crab-(preprod|prod|dev)-tw(02|01).cern.ch|/DC=ch/DC=cern/OU=computers/CN=(ddi|ddidk|mytw).cern.ch|/DC=ch/DC=cern/OU=computers/CN=stefanov(m|m2).cern.ch' -x -Z '/DC=ch/DC=cern/OU=computers/CN=vocms0105.cern.ch|/DC=ch/DC=cern/OU=computers/CN=crab-(preprod|prod|dev)-tw(02|01).cern.ch|/DC=ch/DC=cern/OU=computers/CN=(ddi|ddidk|mytw).cern.ch|/DC=ch/DC=cern/OU=computers/CN=stefanov(m|m2).cern.ch' -l 'achhetri_CRAB' -t 168:00 -c 720:00
 output : Your identity: /DC=ch/DC=cern/OU=Organic Units/OU=Users/CN=achhetri/CN=804540/CN=Arjun Chhetri

 error: Error: Couldn't read user key in /afs/cern.ch/user/a/achhetri/.globus/userkey.pem.
Use -debug for further information.
grid-proxy-init failed

 retcode : 1
DEBUG 2021-03-09 12:11:32.988 UTC: 	 using achhetri_CRAB as credential login name
DEBUG 2021-03-09 12:11:33.292 UTC: 	 Executing : 
 command : myproxy-info -l achhetri_CRAB -s myproxy.cern.ch
 output : username: achhetri_CRAB
owner: /DC=ch/DC=cern/OU=Organic Units/OU=Users/CN=achhetri/CN=804540/CN=Arjun Chhetri
  renewal policy: /DC=ch/DC=cern/OU=computers/CN=vocms0105.cern.ch|/DC=ch/DC=cern/OU=computers/CN=crab-(preprod|prod|dev)-tw(02|01).cern.ch|/DC=ch/DC=cern/OU=computers/CN=(ddi|ddidk|mytw).cern.ch|/DC=ch/DC=cern/OU=computers/CN=stefanov(m|m2).cern.ch
  trusted retrieval policy: /DC=ch/DC=cern/OU=computers/CN=vocms0105.cern.ch|/DC=ch/DC=cern/OU=computers/CN=crab-(preprod|prod|dev)-tw(02|01).cern.ch|/DC=ch/DC=cern/OU=computers/CN=(ddi|ddidk|mytw).cern.ch|/DC=ch/DC=cern/OU=computers/CN=stefanov(m|m2).cern.ch
  timeleft: 356:40:07  (14.9 days)

 error: 
 retcode : 0
DEBUG 2021-03-09 12:11:33.292 UTC: 	 My-proxy delegated.
DEBUG 2021-03-09 12:11:33.292 UTC: 	 Result of myproxy credential check:
  Credential exists on myproxy: username: eb0e67adc2dd9eb1770413a4ffd073f562b86f05  - validity: 29 days, 23:42:38
  Credential exists on myproxy: username: achhetri_CRAB  - validity: 14 days, 20:40:07
DEBUG 2021-03-09 12:11:33.293 UTC: 	 Command use: status
DEBUG 2021-03-09 12:11:33.293 UTC: 	 Options use: ['-d', 'crab_Tprime_v5_NANo_AOD_106X/crab_QCD_Pt50to80_EM_v2']
DEBUG 2021-03-09 12:11:33.366 UTC: 	 CRABClient version: v3.201110
DEBUG 2021-03-09 12:11:33.366 UTC: 	 Instance is prod
DEBUG 2021-03-09 12:11:33.367 UTC: 	 Server base url is cmsweb-k8s-prod.cern.ch
DEBUG 2021-03-09 12:11:33.367 UTC: 	 Command url /crabserver/prod/workflow
DEBUG 2021-03-09 12:11:33.413 UTC: 	 Got information from server oracle database: {u'result': [u'210309_120007:achhetri_crab_QCD_Pt50to80_EM_v2', u'None', u'None', u'SUBMITTED', u'SUBMIT', u'2021-03-09 12:00:07.779567', u'None', u'2021-03-09 12:01:08.143854', u'None', u'CMSSW_10_6_8', u'slc7_amd64_gcc700', u'/QCD_Pt-50to80_EMEnriched_TuneCP5_13TeV_pythia8/RunIISummer19UL17NanoAODv2-106X_mc2017_realistic_v8-v1/NANOAODSIM', u'F', u'0', u'[]', u'[]', u'FileBased', u"{'splitOnRun': False, 'halt_job_on_file_boundaries': False, 'files_per_job': 1, 'runs': [], 'lumis': []}", u'db34ebad3d4b9da4ae9c866827f2ee5a2e927bca2b5d12de79379f506faf14a9.tar.gz', u'https://cmsweb.cern.ch:8443/crabcache', u'achhetri', u'/DC=ch/DC=cern/OU=Organic Units/OU=Users/CN=achhetri/CN=804540/CN=Arjun Chhetri', u'cms', u'None', u'None', u'QCD_Pt50to80_EM_v2-00000000000000000000000000000000', u'F', u'T3_CH_CERNBOX', u'https://cmsweb.cern.ch/dbs/prod/global/DBSReader', u'https://cmsweb.cern.ch/dbs/prod/phys03/DBSWriter', u'F', u'[]', u'[]', u"['tree.root']", u'Analysis', u'pythia', u'None', u'{}', u'[]', u'T', u'crab-prod-tw01', u'[]', u'1250', u'1', u'2000', u'10', u'None', u'[]', u'http://vocms0107.cern.ch/mon/cms341/210309_120007:achhetri_crab_QCD_Pt50to80_EM_v2', u'crab_script_Tprime.sh', u'[]', u'[]', u'https://cmsweb.cern.ch/crabserver/prod', u'cmsgwms-collector-global.cern.ch:9620,cmsgwms-collector-global.fnal.gov', u'crab3@vocms0107.cern.ch', u'F', u'[]', u'T', u'/store/user/achhetri/Tprime_v5_NANo_AOD_106X', u'F', u'None', u'F', u'None', u'QCD_Pt-50to80_EMEnriched_TuneCP5_13TeV_pythia8', u'None', u'56ceaeb3d55a655a1570b0cf90c0b51dfec722de9e40e3aca4249b417101940b.tar.gz', u'65185588', u'filetransfers', u'F', u'188.185.90.95', u'13.0', u'None'], u'desc': {u'columns': [u'tm_taskname', u'tm_activity', u'panda_jobset_id', u'tm_task_status', u'tm_task_command', u'tm_start_time', u'tm_start_injection', u'tm_end_injection', u'tm_task_failure', u'tm_job_sw', u'tm_job_arch', u'tm_input_dataset', u'tm_nonvalid_input_dataset', u'tm_use_parent', u'tm_site_whitelist', u'tm_site_blacklist', u'tm_split_algo', u'tm_split_args', u'tm_user_sandbox', u'tm_cache_url', u'tm_username', u'tm_user_dn', u'tm_user_vo', u'tm_user_role', u'tm_user_group', u'tm_publish_name', u'tm_publish_groupname', u'tm_asyncdest', u'tm_dbs_url', u'tm_publish_dbs_url', u'tm_publication', u'tm_outfiles', u'tm_tfile_outfiles', u'tm_edm_outfiles', u'tm_job_type', u'tm_generator', u'tm_events_per_lumi', u'tm_arguments', u'panda_resubmitted_jobs', u'tm_save_logs', u'tw_name', u'tm_user_infiles', u'tm_maxjobruntime', u'tm_numcores', u'tm_maxmemory', u'tm_priority', u'tm_output_dataset', u'tm_task_warnings', u'tm_user_webdir', u'tm_scriptexe', u'tm_scriptargs', u'tm_extrajdl', u'tm_asourl', u'tm_collector', u'tm_schedd', u'tm_dry_run', u'tm_user_files', u'tm_transfer_outputs', u'tm_output_lfn', u'tm_ignore_locality', u'tm_fail_limit', u'tm_one_event_mode', u'tm_secondary_input_dataset', u'tm_primary_dataset', u'tm_last_publication', u'tm_debug_files', u'clusterid', u'tm_asodb', u'tm_ignore_global_blacklist', u'tm_submitter_ip_addr', u'tm_totalunits', u'tm_ddm_reqid']}}
INFO 2021-03-09 12:11:33.414 UTC: 	 CRAB project directory:		/afs/cern.ch/work/a/achhetri/NANO_AOD/CMSSW_10_6_8/src/WTopScalefactorProducer/Skimmer/NANOcrab/crab_Tprime_v5_NANo_AOD_106X/crab_QCD_Pt50to80_EM_v2
INFO 2021-03-09 12:11:33.414 UTC: 	 Task name:			210309_120007:achhetri_crab_QCD_Pt50to80_EM_v2
INFO 2021-03-09 12:11:33.414 UTC: 	 Grid scheduler - Task Worker:	crab3@vocms0107.cern.ch - crab-prod-tw01
INFO 2021-03-09 12:11:33.414 UTC: 	 Status on the CRAB server:	SUBMITTED
INFO 2021-03-09 12:11:33.414 UTC: 	 Task URL to use for HELP:	https://cmsweb-k8s-prod.cern.ch/crabserver/ui/task/210309_120007%3Aachhetri_crab_QCD_Pt50to80_EM_v2
INFO 2021-03-09 12:11:33.415 UTC: 	 Dashboard monitoring URL:	https://monit-grafana.cern.ch/d/cmsTMDetail/cms-task-monitoring-task-view?orgId=11&var-user=achhetri&var-task=210309_120007%3Aachhetri_crab_QCD_Pt50to80_EM_v2&from=1615287607000&to=now
INFO 2021-03-09 12:11:33.415 UTC: 	 In case of issues with the dashboard, please provide feedback to hn-cms-computing-tools@cern.ch
DEBUG 2021-03-09 12:11:33.415 UTC: 	 The CRAB server submitted your task to the Grid scheduler (cluster ID: 65185588)
DEBUG 2021-03-09 12:11:33.415 UTC: 	 Webdir is located at http://vocms0107.cern.ch/mon/cms341/210309_120007:achhetri_crab_QCD_Pt50to80_EM_v2
DEBUG 2021-03-09 12:11:33.462 UTC: 	 Proxied webdir is located at https://cmsweb.cern.ch:8443/scheddmon/0107/cms341/210309_120007:achhetri_crab_QCD_Pt50to80_EM_v2
DEBUG 2021-03-09 12:11:33.462 UTC: 	 Retrieving 'status_cache' file from https://cmsweb.cern.ch:8443/scheddmon/0107/cms341/210309_120007:achhetri_crab_QCD_Pt50to80_EM_v2/status_cache
DEBUG 2021-03-09 12:11:33.497 UTC: 	 Got information from status cache file: {'11': {'Retries': 0, 'WallDurations': [153.0, 179.39042401313782, 179.39042401313782], 'StartTimes': [1615291458.0], 'SubmitTimes': [1615291275.0], 'JobIds': ['65185603.0'], 'EndTimes': [1615291611.0], 'Restarts': 0, 'RecordedSite': True, 'State': 'transferring', 'ResidentSetSize': [49732], 'TotalUserCpuTimeHistory': [15], 'SiteHistory': ['Unknown', 'T2_US_Caltech', 'T2_US_Caltech'], 'TotalSysCpuTimeHistory': [1]}, '10': {'Retries': 0, 'WallDurations': [8.0, 188.39042401313782, 188.39042401313782], 'StartTimes': [1615291449.0], 'SubmitTimes': [1615291275.0], 'JobIds': ['65185602.0'], 'EndTimes': [], 'Restarts': 0, 'RecordedSite': True, 'State': 'running', 'ResidentSetSize': [21232], 'TotalUserCpuTimeHistory': [0.0], 'SiteHistory': ['Unknown', 'T2_US_Vanderbilt', 'T2_US_Vanderbilt'], 'TotalSysCpuTimeHistory': [0.0]}, '13': {'Retries': 0, 'WallDurations': [81.0, 202.39042401313782, 202.39042401313782], 'StartTimes': [1615291435.0], 'SubmitTimes': [1615291275.0], 'JobIds': ['65185605.0'], 'EndTimes': [1615291516.0], 'Restarts': 0, 'RecordedSite': True, 'State': 'transferring', 'ResidentSetSize': [2840], 'TotalUserCpuTimeHistory': [32], 'SiteHistory': ['Unknown', 'T2_DE_DESY', 'T2_DE_DESY'], 'TotalSysCpuTimeHistory': [2]}, '12': {'Retries': 0, 'WallDurations': [86.0, 203.39042401313782, 203.39042401313782], 'StartTimes': [1615291434.0], 'SubmitTimes': [1615291275.0], 'JobIds': ['65185604.0'], 'EndTimes': [1615291520.0], 'Restarts': 0, 'RecordedSite': True, 'State': 'transferring', 'ResidentSetSize': [29916], 'TotalUserCpuTimeHistory': [17], 'SiteHistory': ['Unknown', 'T2_DE_DESY', 'T2_DE_DESY'], 'TotalSysCpuTimeHistory': [3]}, '1': {'Retries': 0, 'WallDurations': [8.0, 203.39042401313782, 203.39042401313782], 'StartTimes': [1615291434.0], 'SubmitTimes': [1615291274.0], 'JobIds': ['65185595.0'], 'EndTimes': [], 'Restarts': 0, 'RecordedSite': True, 'State': 'running', 'ResidentSetSize': [2832], 'TotalUserCpuTimeHistory': [0.0], 'SiteHistory': ['Unknown', 'T2_DE_DESY', 'T2_DE_DESY'], 'TotalSysCpuTimeHistory': [0.0]}, '3': {'Retries': 0, 'WallDurations': [9.0, 205.39042401313782, 205.39042401313782], 'StartTimes': [1615291432.0], 'SubmitTimes': [1615291273.0], 'JobIds': ['65185592.0'], 'EndTimes': [], 'Restarts': 0, 'RecordedSite': True, 'State': 'running', 'ResidentSetSize': [2820], 'TotalUserCpuTimeHistory': [0.0], 'SiteHistory': ['Unknown', 'T2_FR_GRIF_LLR', 'T2_FR_GRIF_LLR'], 'TotalSysCpuTimeHistory': [0.0]}, '2': {'Retries': 0, 'WallDurations': [9.0, 204.39042401313782, 204.39042401313782], 'StartTimes': [1615291433.0], 'SubmitTimes': [1615291274.0], 'JobIds': ['65185594.0'], 'EndTimes': [], 'Restarts': 0, 'RecordedSite': True, 'State': 'running', 'ResidentSetSize': [50380], 'TotalUserCpuTimeHistory': [4.0], 'SiteHistory': ['Unknown', 'T2_FR_GRIF_LLR', 'T2_FR_GRIF_LLR'], 'TotalSysCpuTimeHistory': [0.0]}, '5': {'Retries': 0, 'WallDurations': [9.0, 205.39042401313782, 205.39042401313782], 'StartTimes': [1615291432.0], 'SubmitTimes': [1615291274.0], 'JobIds': ['65185596.0'], 'EndTimes': [], 'Restarts': 0, 'RecordedSite': True, 'State': 'running', 'ResidentSetSize': [51996], 'TotalUserCpuTimeHistory': [5.0], 'SiteHistory': ['Unknown', 'T2_FR_GRIF_LLR', 'T2_FR_GRIF_LLR'], 'TotalSysCpuTimeHistory': [0.0]}, '4': {'Retries': 0, 'WallDurations': [71.0, 203.39042401313782, 203.39042401313782], 'StartTimes': [1615291434.0], 'SubmitTimes': [1615291274.0], 'JobIds': ['65185593.0'], 'EndTimes': [1615291505.0], 'Restarts': 0, 'RecordedSite': True, 'State': 'transferring', 'ResidentSetSize': [64096], 'TotalUserCpuTimeHistory': [10], 'SiteHistory': ['Unknown', 'T2_FR_GRIF_LLR', 'T2_FR_GRIF_LLR'], 'TotalSysCpuTimeHistory': [1]}, '7': {'Retries': 0, 'WallDurations': [200.0, 205.39042401313782, 205.39042401313782], 'StartTimes': [1615291432.0], 'SubmitTimes': [1615291274.0], 'JobIds': ['65185599.0'], 'EndTimes': [1615291632.0], 'Restarts': 0, 'RecordedSite': True, 'State': 'transferring', 'ResidentSetSize': [2808], 'TotalUserCpuTimeHistory': [133], 'SiteHistory': ['Unknown', 'T2_FR_GRIF_LLR', 'T2_FR_GRIF_LLR'], 'TotalSysCpuTimeHistory': [6]}, '6': {'Retries': 0, 'WallDurations': [8.0, 200.39042401313782, 200.39042401313782], 'StartTimes': [1615291437.0], 'SubmitTimes': [1615291274.0], 'JobIds': ['65185598.0'], 'EndTimes': [], 'Restarts': 0, 'RecordedSite': True, 'State': 'running', 'ResidentSetSize': [2816], 'TotalUserCpuTimeHistory': [0.0], 'SiteHistory': ['Unknown', 'T2_FR_GRIF_LLR', 'T2_FR_GRIF_LLR'], 'TotalSysCpuTimeHistory': [0.0]}, '9': {'Retries': 0, 'WallDurations': [231.0, 245.39042401313782, 245.39042401313782], 'StartTimes': [1615291392.0], 'SubmitTimes': [1615291275.0], 'JobIds': ['65185601.0'], 'EndTimes': [1615291623.0], 'Restarts': 0, 'RecordedSite': True, 'State': 'transferring', 'ResidentSetSize': [51776], 'TotalUserCpuTimeHistory': [104], 'SiteHistory': ['Unknown', 'T2_CH_CERN', 'T2_CH_CERN'], 'TotalSysCpuTimeHistory': [6]}, '8': {'Retries': 0, 'WallDurations': [8.0, 204.39042401313782, 204.39042401313782], 'StartTimes': [1615291433.0], 'SubmitTimes': [1615291275.0], 'JobIds': ['65185600.0'], 'EndTimes': [], 'Restarts': 0, 'RecordedSite': True, 'State': 'running', 'ResidentSetSize': [2816], 'TotalUserCpuTimeHistory': [0.0], 'SiteHistory': ['Unknown', 'T2_FR_GRIF_LLR', 'T2_FR_GRIF_LLR'], 'TotalSysCpuTimeHistory': [0.0]}}
INFO 2021-03-09 12:11:33.498 UTC: 	 Status on the scheduler:	SUBMITTED
INFO 2021-03-09 12:11:33.498 UTC: 	 
Jobs status:                    running      		 53.8% ( 7/13)
INFO 2021-03-09 12:11:33.498 UTC: 	 				transferring 		 46.2% ( 6/13)
INFO 2021-03-09 12:11:33.498 UTC: 	 
No publication information (publication has been disabled in the CRAB configuration file)
INFO 2021-03-09 12:11:33.498 UTC: 	 
Warning: the max jobs runtime is less than 30% of the task requested value (1250 min), please consider to request a lower value for failed jobs (allowed through crab resubmit) and/or improve the jobs splitting (e.g. config.Data.splitting = 'Automatic') in a new task.
INFO 2021-03-09 12:11:33.498 UTC: 	 
Warning: the average jobs CPU efficiency is less than 50%, please consider to improve the jobs splitting (e.g. config.Data.splitting = 'Automatic') in a new task
INFO 2021-03-09 12:11:33.498 UTC: 	 
Summary of run jobs:
 * Memory: 2MB min, 62MB max, 33MB ave
 * Runtime: 0:02:59 min, 0:04:05 max, 0:03:26 ave
 * CPU eff: 5% min, 68% max, 27% ave
 * Waste: 0:34:21 (62% of total)

INFO 2021-03-09 12:11:33.503 UTC: 	 Log file is /afs/cern.ch/work/a/achhetri/NANO_AOD/CMSSW_10_6_8/src/WTopScalefactorProducer/Skimmer/NANOcrab/crab_Tprime_v5_NANo_AOD_106X/crab_QCD_Pt50to80_EM_v2/crab.log
DEBUG 2021-03-09 16:08:03.982 UTC: 	 CRAB Client version: v3.201110
DEBUG 2021-03-09 16:08:03.983 UTC: 	 Running on: Linux lxplus799.cern.ch 3.10.0-1160.15.2.el7.x86_64 #1 SMP Wed Feb 3 15:06:38 UTC 2021 x86_64 x86_64 x86_64 GNU/Linux - CentOS Linux 7 (Core)
DEBUG 2021-03-09 16:08:03.983 UTC: 	 Executing command: 'status'
DEBUG 2021-03-09 16:08:03.983 UTC: 	 Found CRAB cache file /afs/cern.ch/user/a/achhetri/.crab3
DEBUG 2021-03-09 16:08:04.098 UTC: 	 Checking credentials
DEBUG 2021-03-09 16:08:04.099 UTC: 	 Found proxy file /afs/cern.ch/user/a/achhetri/x509up_u94350
DEBUG 2021-03-09 16:08:04.099 UTC: 	 Getting proxy life time left
DEBUG 2021-03-09 16:08:04.706 UTC: 	 Executing : 
 command : voms-proxy-info -file /afs/cern.ch/user/a/achhetri/x509up_u94350 -timeleft
 output : 691039

 error: 
 retcode : 0
DEBUG 2021-03-09 16:08:05.316 UTC: 	 Executing : 
 command : voms-proxy-info -file /afs/cern.ch/user/a/achhetri/x509up_u94350 -actimeleft
 output : 691037

 error: 
 retcode : 0
DEBUG 2021-03-09 16:08:05.317 UTC: 	 Proxy lifetime 691039 secs is different from voms extension lifetime 691037 secs for proxy: /afs/cern.ch/user/a/achhetri/x509up_u94350
DEBUG 2021-03-09 16:08:05.317 UTC: 	 Proxy valid for 191:57:17 hours
DEBUG 2021-03-09 16:08:05.404 UTC: 	 Registering user credentials for server /DC=ch/DC=cern/OU=computers/CN=vocms0105.cern.ch|/DC=ch/DC=cern/OU=computers/CN=crab-(preprod|prod|dev)-tw(02|01).cern.ch|/DC=ch/DC=cern/OU=computers/CN=(ddi|ddidk|mytw).cern.ch|/DC=ch/DC=cern/OU=computers/CN=stefanov(m|m2).cern.ch
DEBUG 2021-03-09 16:08:06.016 UTC: 	 Executing : 
 command : voms-proxy-info -file /afs/cern.ch/user/a/achhetri/x509up_u94350 -identity
 output : /DC=ch/DC=cern/OU=Organic Units/OU=Users/CN=achhetri/CN=804540/CN=Arjun Chhetri

 error: 
 retcode : 0
DEBUG 2021-03-09 16:08:06.023 UTC: 	 Getting myproxy life time left for myproxy.cern.ch
DEBUG 2021-03-09 16:08:06.023 UTC: 	 using eb0e67adc2dd9eb1770413a4ffd073f562b86f05 as credential login name
DEBUG 2021-03-09 16:08:12.450 UTC: 	 Executing : 
 command : myproxy-info -l eb0e67adc2dd9eb1770413a4ffd073f562b86f05 -s myproxy.cern.ch
 output : username: eb0e67adc2dd9eb1770413a4ffd073f562b86f05
owner: /DC=ch/DC=cern/OU=Organic Units/OU=Users/CN=achhetri/CN=804540/CN=Arjun Chhetri
  renewal policy: /DC=ch/DC=cern/OU=computers/CN=vocms0105.cern.ch|/DC=ch/DC=cern/OU=computers/CN=crab-(preprod|prod|dev)-tw(02|01).cern.ch|/DC=ch/DC=cern/OU=computers/CN=(ddi|ddidk|mytw).cern.ch|/DC=ch/DC=cern/OU=computers/CN=stefanov(m|m2).cern.ch
  trusted retrieval policy: /DC=ch/DC=cern/OU=computers/CN=vocms0105.cern.ch|/DC=ch/DC=cern/OU=computers/CN=crab-(preprod|prod|dev)-tw(02|01).cern.ch|/DC=ch/DC=cern/OU=computers/CN=(ddi|ddidk|mytw).cern.ch|/DC=ch/DC=cern/OU=computers/CN=stefanov(m|m2).cern.ch
  timeleft: 715:45:57  (29.8 days)

 error: 
 retcode : 0
DEBUG 2021-03-09 16:08:12.452 UTC: 	 Myproxy is valid: 2576757
DEBUG 2021-03-09 16:08:12.452 UTC: 	 Retrieving username ...
DEBUG 2021-03-09 16:08:12.452 UTC: 	 Retrieving username from CRIC...
DEBUG 2021-03-09 16:08:14.782 UTC: 	 username is achhetri
DEBUG 2021-03-09 16:08:14.790 UTC: 	 Getting myproxy life time left for myproxy.cern.ch
DEBUG 2021-03-09 16:08:14.790 UTC: 	 using achhetri_CRAB as credential login name
DEBUG 2021-03-09 16:08:15.095 UTC: 	 Executing : 
 command : myproxy-info -l achhetri_CRAB -s myproxy.cern.ch
 output : username: achhetri_CRAB
owner: /DC=ch/DC=cern/OU=Organic Units/OU=Users/CN=achhetri/CN=804540/CN=Arjun Chhetri
  renewal policy: /DC=ch/DC=cern/OU=computers/CN=vocms0105.cern.ch|/DC=ch/DC=cern/OU=computers/CN=crab-(preprod|prod|dev)-tw(02|01).cern.ch|/DC=ch/DC=cern/OU=computers/CN=(ddi|ddidk|mytw).cern.ch|/DC=ch/DC=cern/OU=computers/CN=stefanov(m|m2).cern.ch
  trusted retrieval policy: /DC=ch/DC=cern/OU=computers/CN=vocms0105.cern.ch|/DC=ch/DC=cern/OU=computers/CN=crab-(preprod|prod|dev)-tw(02|01).cern.ch|/DC=ch/DC=cern/OU=computers/CN=(ddi|ddidk|mytw).cern.ch|/DC=ch/DC=cern/OU=computers/CN=stefanov(m|m2).cern.ch
  timeleft: 352:43:25  (14.7 days)

 error: 
 retcode : 0
DEBUG 2021-03-09 16:08:15.095 UTC: 	 Myproxy is valid: 1269805
DEBUG 2021-03-09 16:08:15.200 UTC: 	 Executing : 
 command : openssl x509 -noout -in ~/.globus/usercert.pem -dates
 output : notBefore=Nov 11 12:18:59 2020 GMT
notAfter=Dec 16 12:18:59 2021 GMT

 error: 
 retcode : 0
DEBUG 2021-03-09 16:08:15.206 UTC: 	 Delegating a myproxy for 720:00 hours
DEBUG 2021-03-09 16:08:15.207 UTC: 	 using achhetri_CRAB as credential login name
DEBUG 2021-03-09 16:08:15.314 UTC: 	 Executing : 
 command : export GT_PROXY_MODE=rfc ; myproxy-init -d -n -s myproxy.cern.ch -x -R '/DC=ch/DC=cern/OU=computers/CN=vocms0105.cern.ch|/DC=ch/DC=cern/OU=computers/CN=crab-(preprod|prod|dev)-tw(02|01).cern.ch|/DC=ch/DC=cern/OU=computers/CN=(ddi|ddidk|mytw).cern.ch|/DC=ch/DC=cern/OU=computers/CN=stefanov(m|m2).cern.ch' -x -Z '/DC=ch/DC=cern/OU=computers/CN=vocms0105.cern.ch|/DC=ch/DC=cern/OU=computers/CN=crab-(preprod|prod|dev)-tw(02|01).cern.ch|/DC=ch/DC=cern/OU=computers/CN=(ddi|ddidk|mytw).cern.ch|/DC=ch/DC=cern/OU=computers/CN=stefanov(m|m2).cern.ch' -l 'achhetri_CRAB' -t 168:00 -c 720:00
 output : Your identity: /DC=ch/DC=cern/OU=Organic Units/OU=Users/CN=achhetri/CN=804540/CN=Arjun Chhetri

 error: Error: Couldn't read user key in /afs/cern.ch/user/a/achhetri/.globus/userkey.pem.
Use -debug for further information.
grid-proxy-init failed

 retcode : 1
DEBUG 2021-03-09 16:08:15.315 UTC: 	 using achhetri_CRAB as credential login name
DEBUG 2021-03-09 16:08:15.723 UTC: 	 Executing : 
 command : myproxy-info -l achhetri_CRAB -s myproxy.cern.ch
 output : username: achhetri_CRAB
owner: /DC=ch/DC=cern/OU=Organic Units/OU=Users/CN=achhetri/CN=804540/CN=Arjun Chhetri
  renewal policy: /DC=ch/DC=cern/OU=computers/CN=vocms0105.cern.ch|/DC=ch/DC=cern/OU=computers/CN=crab-(preprod|prod|dev)-tw(02|01).cern.ch|/DC=ch/DC=cern/OU=computers/CN=(ddi|ddidk|mytw).cern.ch|/DC=ch/DC=cern/OU=computers/CN=stefanov(m|m2).cern.ch
  trusted retrieval policy: /DC=ch/DC=cern/OU=computers/CN=vocms0105.cern.ch|/DC=ch/DC=cern/OU=computers/CN=crab-(preprod|prod|dev)-tw(02|01).cern.ch|/DC=ch/DC=cern/OU=computers/CN=(ddi|ddidk|mytw).cern.ch|/DC=ch/DC=cern/OU=computers/CN=stefanov(m|m2).cern.ch
  timeleft: 352:43:25  (14.7 days)

 error: 
 retcode : 0
DEBUG 2021-03-09 16:08:15.723 UTC: 	 My-proxy delegated.
DEBUG 2021-03-09 16:08:15.724 UTC: 	 Result of myproxy credential check:
  Credential exists on myproxy: username: eb0e67adc2dd9eb1770413a4ffd073f562b86f05  - validity: 29 days, 19:45:57
  Credential exists on myproxy: username: achhetri_CRAB  - validity: 14 days, 16:43:25
DEBUG 2021-03-09 16:08:15.724 UTC: 	 Command use: status
DEBUG 2021-03-09 16:08:15.724 UTC: 	 Options use: ['-d', 'crab_Tprime_v5_NANo_AOD_106X/crab_QCD_Pt50to80_EM_v2/']
DEBUG 2021-03-09 16:08:15.890 UTC: 	 CRABClient version: v3.201110
DEBUG 2021-03-09 16:08:15.890 UTC: 	 Instance is prod
DEBUG 2021-03-09 16:08:15.890 UTC: 	 Server base url is cmsweb-k8s-prod.cern.ch
DEBUG 2021-03-09 16:08:15.890 UTC: 	 Command url /crabserver/prod/workflow
DEBUG 2021-03-09 16:08:15.966 UTC: 	 Got information from server oracle database: {u'result': [u'210309_120007:achhetri_crab_QCD_Pt50to80_EM_v2', u'None', u'None', u'SUBMITTED', u'SUBMIT', u'2021-03-09 12:00:07.779567', u'None', u'2021-03-09 12:01:08.143854', u'None', u'CMSSW_10_6_8', u'slc7_amd64_gcc700', u'/QCD_Pt-50to80_EMEnriched_TuneCP5_13TeV_pythia8/RunIISummer19UL17NanoAODv2-106X_mc2017_realistic_v8-v1/NANOAODSIM', u'F', u'0', u'[]', u'[]', u'FileBased', u"{'splitOnRun': False, 'halt_job_on_file_boundaries': False, 'files_per_job': 1, 'runs': [], 'lumis': []}", u'db34ebad3d4b9da4ae9c866827f2ee5a2e927bca2b5d12de79379f506faf14a9.tar.gz', u'https://cmsweb.cern.ch:8443/crabcache', u'achhetri', u'/DC=ch/DC=cern/OU=Organic Units/OU=Users/CN=achhetri/CN=804540/CN=Arjun Chhetri', u'cms', u'None', u'None', u'QCD_Pt50to80_EM_v2-00000000000000000000000000000000', u'F', u'T3_CH_CERNBOX', u'https://cmsweb.cern.ch/dbs/prod/global/DBSReader', u'https://cmsweb.cern.ch/dbs/prod/phys03/DBSWriter', u'F', u'[]', u'[]', u"['tree.root']", u'Analysis', u'pythia', u'None', u'{}', u'[]', u'T', u'crab-prod-tw01', u'[]', u'1250', u'1', u'2000', u'10', u"['/QCD_Pt-50to80_EMEnriched_TuneCP5_13TeV_pythia8/achhetri-QCD_Pt50to80_EM_v2-5d8f93ee2ba2db6b402c7167473e2950/USER']", u'[]', u'http://vocms0107.cern.ch/mon/cms341/210309_120007:achhetri_crab_QCD_Pt50to80_EM_v2', u'crab_script_Tprime.sh', u'[]', u'[]', u'https://cmsweb.cern.ch/crabserver/prod', u'cmsgwms-collector-global.cern.ch:9620,cmsgwms-collector-global.fnal.gov', u'crab3@vocms0107.cern.ch', u'F', u'[]', u'T', u'/store/user/achhetri/Tprime_v5_NANo_AOD_106X', u'F', u'None', u'F', u'None', u'QCD_Pt-50to80_EMEnriched_TuneCP5_13TeV_pythia8', u'None', u'56ceaeb3d55a655a1570b0cf90c0b51dfec722de9e40e3aca4249b417101940b.tar.gz', u'65185588', u'filetransfers', u'F', u'188.185.90.95', u'13.0', u'None'], u'desc': {u'columns': [u'tm_taskname', u'tm_activity', u'panda_jobset_id', u'tm_task_status', u'tm_task_command', u'tm_start_time', u'tm_start_injection', u'tm_end_injection', u'tm_task_failure', u'tm_job_sw', u'tm_job_arch', u'tm_input_dataset', u'tm_nonvalid_input_dataset', u'tm_use_parent', u'tm_site_whitelist', u'tm_site_blacklist', u'tm_split_algo', u'tm_split_args', u'tm_user_sandbox', u'tm_cache_url', u'tm_username', u'tm_user_dn', u'tm_user_vo', u'tm_user_role', u'tm_user_group', u'tm_publish_name', u'tm_publish_groupname', u'tm_asyncdest', u'tm_dbs_url', u'tm_publish_dbs_url', u'tm_publication', u'tm_outfiles', u'tm_tfile_outfiles', u'tm_edm_outfiles', u'tm_job_type', u'tm_generator', u'tm_events_per_lumi', u'tm_arguments', u'panda_resubmitted_jobs', u'tm_save_logs', u'tw_name', u'tm_user_infiles', u'tm_maxjobruntime', u'tm_numcores', u'tm_maxmemory', u'tm_priority', u'tm_output_dataset', u'tm_task_warnings', u'tm_user_webdir', u'tm_scriptexe', u'tm_scriptargs', u'tm_extrajdl', u'tm_asourl', u'tm_collector', u'tm_schedd', u'tm_dry_run', u'tm_user_files', u'tm_transfer_outputs', u'tm_output_lfn', u'tm_ignore_locality', u'tm_fail_limit', u'tm_one_event_mode', u'tm_secondary_input_dataset', u'tm_primary_dataset', u'tm_last_publication', u'tm_debug_files', u'clusterid', u'tm_asodb', u'tm_ignore_global_blacklist', u'tm_submitter_ip_addr', u'tm_totalunits', u'tm_ddm_reqid']}}
INFO 2021-03-09 16:08:15.967 UTC: 	 CRAB project directory:		/afs/cern.ch/work/a/achhetri/NANO_AOD/CMSSW_10_6_8/src/WTopScalefactorProducer/Skimmer/NANOcrab/crab_Tprime_v5_NANo_AOD_106X/crab_QCD_Pt50to80_EM_v2
INFO 2021-03-09 16:08:15.967 UTC: 	 Task name:			210309_120007:achhetri_crab_QCD_Pt50to80_EM_v2
INFO 2021-03-09 16:08:15.967 UTC: 	 Grid scheduler - Task Worker:	crab3@vocms0107.cern.ch - crab-prod-tw01
INFO 2021-03-09 16:08:15.967 UTC: 	 Status on the CRAB server:	SUBMITTED
INFO 2021-03-09 16:08:15.967 UTC: 	 Task URL to use for HELP:	https://cmsweb-k8s-prod.cern.ch/crabserver/ui/task/210309_120007%3Aachhetri_crab_QCD_Pt50to80_EM_v2
INFO 2021-03-09 16:08:15.968 UTC: 	 Dashboard monitoring URL:	https://monit-grafana.cern.ch/d/cmsTMDetail/cms-task-monitoring-task-view?orgId=11&var-user=achhetri&var-task=210309_120007%3Aachhetri_crab_QCD_Pt50to80_EM_v2&from=1615287607000&to=now
INFO 2021-03-09 16:08:15.968 UTC: 	 In case of issues with the dashboard, please provide feedback to hn-cms-computing-tools@cern.ch
DEBUG 2021-03-09 16:08:15.968 UTC: 	 The CRAB server submitted your task to the Grid scheduler (cluster ID: 65185588)
DEBUG 2021-03-09 16:08:15.968 UTC: 	 Webdir is located at http://vocms0107.cern.ch/mon/cms341/210309_120007:achhetri_crab_QCD_Pt50to80_EM_v2
DEBUG 2021-03-09 16:08:16.049 UTC: 	 Proxied webdir is located at https://cmsweb.cern.ch:8443/scheddmon/0107/cms341/210309_120007:achhetri_crab_QCD_Pt50to80_EM_v2
DEBUG 2021-03-09 16:08:16.049 UTC: 	 Retrieving 'status_cache' file from https://cmsweb.cern.ch:8443/scheddmon/0107/cms341/210309_120007:achhetri_crab_QCD_Pt50to80_EM_v2/status_cache
DEBUG 2021-03-09 16:08:16.088 UTC: 	 Got information from status cache file: {'11': {'Retries': 0, 'WallDurations': [153.0, 179.39042401313782, 179.39042401313782], 'StartTimes': [1615291458.0], 'SubmitTimes': [1615291275.0], 'JobIds': ['65185603.0'], 'EndTimes': [1615291611.0], 'Restarts': 0, 'RecordedSite': True, 'State': 'finished', 'ResidentSetSize': [49732], 'TotalUserCpuTimeHistory': [15], 'SiteHistory': ['Unknown', 'T2_US_Caltech', 'T2_US_Caltech'], 'TotalSysCpuTimeHistory': [1]}, '10': {'Retries': 0, 'WallDurations': [8.0, 188.39042401313782, 452.0], 'StartTimes': [1615291449.0], 'SubmitTimes': [1615291275.0], 'JobIds': ['65185602.0'], 'EndTimes': [1615291901.0], 'Restarts': 0, 'RecordedSite': True, 'State': 'finished', 'ResidentSetSize': [411640], 'TotalUserCpuTimeHistory': [288], 'SiteHistory': ['Unknown', 'T2_US_Vanderbilt', 'T2_US_Vanderbilt'], 'TotalSysCpuTimeHistory': [12]}, '13': {'Retries': 0, 'WallDurations': [81.0, 202.39042401313782, 202.39042401313782], 'StartTimes': [1615291435.0], 'SubmitTimes': [1615291275.0], 'JobIds': ['65185605.0'], 'EndTimes': [1615291516.0], 'Restarts': 0, 'RecordedSite': True, 'State': 'finished', 'ResidentSetSize': [2840], 'TotalUserCpuTimeHistory': [32], 'SiteHistory': ['Unknown', 'T2_DE_DESY', 'T2_DE_DESY'], 'TotalSysCpuTimeHistory': [2]}, '12': {'Retries': 0, 'WallDurations': [86.0, 203.39042401313782, 203.39042401313782], 'StartTimes': [1615291434.0], 'SubmitTimes': [1615291275.0], 'JobIds': ['65185604.0'], 'EndTimes': [1615291520.0], 'Restarts': 0, 'RecordedSite': True, 'State': 'finished', 'ResidentSetSize': [29916], 'TotalUserCpuTimeHistory': [17], 'SiteHistory': ['Unknown', 'T2_DE_DESY', 'T2_DE_DESY'], 'TotalSysCpuTimeHistory': [3]}, '1': {'Retries': 0, 'WallDurations': [8.0, 203.39042401313782, 256.0], 'StartTimes': [1615291434.0], 'SubmitTimes': [1615291274.0], 'JobIds': ['65185595.0'], 'EndTimes': [1615291690.0], 'Restarts': 0, 'RecordedSite': True, 'State': 'finished', 'ResidentSetSize': [2832], 'TotalUserCpuTimeHistory': [173], 'SiteHistory': ['Unknown', 'T2_DE_DESY', 'T2_DE_DESY'], 'TotalSysCpuTimeHistory': [6]}, '3': {'Retries': 0, 'WallDurations': [9.0, 205.39042401313782, 218.0], 'StartTimes': [1615291432.0], 'SubmitTimes': [1615291273.0], 'JobIds': ['65185592.0'], 'EndTimes': [1615291650.0], 'Restarts': 0, 'RecordedSite': True, 'State': 'finished', 'ResidentSetSize': [2820], 'TotalUserCpuTimeHistory': [121], 'SiteHistory': ['Unknown', 'T2_FR_GRIF_LLR', 'T2_FR_GRIF_LLR'], 'TotalSysCpuTimeHistory': [3]}, '2': {'Retries': 0, 'WallDurations': [9.0, 204.39042401313782, 211.0], 'StartTimes': [1615291433.0], 'SubmitTimes': [1615291274.0], 'JobIds': ['65185594.0'], 'EndTimes': [1615291644.0], 'Restarts': 0, 'RecordedSite': True, 'State': 'finished', 'ResidentSetSize': [50380], 'TotalUserCpuTimeHistory': [110], 'SiteHistory': ['Unknown', 'T2_FR_GRIF_LLR', 'T2_FR_GRIF_LLR'], 'TotalSysCpuTimeHistory': [9]}, '5': {'Retries': 0, 'WallDurations': [9.0, 205.39042401313782, 271.0], 'StartTimes': [1615291432.0], 'SubmitTimes': [1615291274.0], 'JobIds': ['65185596.0'], 'EndTimes': [1615291703.0], 'Restarts': 0, 'RecordedSite': True, 'State': 'finished', 'ResidentSetSize': [51996], 'TotalUserCpuTimeHistory': [173], 'SiteHistory': ['Unknown', 'T2_FR_GRIF_LLR', 'T2_FR_GRIF_LLR'], 'TotalSysCpuTimeHistory': [7]}, '4': {'Retries': 0, 'WallDurations': [71.0, 203.39042401313782, 203.39042401313782], 'StartTimes': [1615291434.0], 'SubmitTimes': [1615291274.0], 'JobIds': ['65185593.0'], 'EndTimes': [1615291505.0], 'Restarts': 0, 'RecordedSite': True, 'State': 'finished', 'ResidentSetSize': [64096], 'TotalUserCpuTimeHistory': [10], 'SiteHistory': ['Unknown', 'T2_FR_GRIF_LLR', 'T2_FR_GRIF_LLR'], 'TotalSysCpuTimeHistory': [1]}, '7': {'Retries': 0, 'WallDurations': [200.0, 205.39042401313782, 205.39042401313782], 'StartTimes': [1615291432.0], 'SubmitTimes': [1615291274.0], 'JobIds': ['65185599.0'], 'EndTimes': [1615291632.0], 'Restarts': 0, 'RecordedSite': True, 'State': 'finished', 'ResidentSetSize': [2808], 'TotalUserCpuTimeHistory': [133], 'SiteHistory': ['Unknown', 'T2_FR_GRIF_LLR', 'T2_FR_GRIF_LLR'], 'TotalSysCpuTimeHistory': [6]}, '6': {'Retries': 0, 'WallDurations': [8.0, 200.39042401313782, 1017.0], 'StartTimes': [1615291437.0], 'SubmitTimes': [1615291274.0], 'JobIds': ['65185598.0'], 'EndTimes': [1615292454.0], 'Restarts': 0, 'RecordedSite': True, 'State': 'finished', 'ResidentSetSize': [420208], 'TotalUserCpuTimeHistory': [395], 'SiteHistory': ['Unknown', 'T2_FR_GRIF_LLR', 'T2_FR_GRIF_LLR'], 'TotalSysCpuTimeHistory': [21]}, '9': {'Retries': 0, 'WallDurations': [231.0, 245.39042401313782, 245.39042401313782], 'StartTimes': [1615291392.0], 'SubmitTimes': [1615291275.0], 'JobIds': ['65185601.0'], 'EndTimes': [1615291623.0], 'Restarts': 0, 'RecordedSite': True, 'State': 'finished', 'ResidentSetSize': [51776], 'TotalUserCpuTimeHistory': [104], 'SiteHistory': ['Unknown', 'T2_CH_CERN', 'T2_CH_CERN'], 'TotalSysCpuTimeHistory': [6]}, '8': {'Retries': 0, 'WallDurations': [8.0, 204.39042401313782, 538.0], 'StartTimes': [1615291433.0], 'SubmitTimes': [1615291275.0], 'JobIds': ['65185600.0'], 'EndTimes': [1615291971.0], 'Restarts': 0, 'RecordedSite': True, 'State': 'finished', 'ResidentSetSize': [552436], 'TotalUserCpuTimeHistory': [400], 'SiteHistory': ['Unknown', 'T2_FR_GRIF_LLR', 'T2_FR_GRIF_LLR'], 'TotalSysCpuTimeHistory': [16]}}
INFO 2021-03-09 16:08:16.088 UTC: 	 Status on the scheduler:	COMPLETED
INFO 2021-03-09 16:08:16.088 UTC: 	 
Jobs status:                    finished     		100.0% (13/13)
INFO 2021-03-09 16:08:16.089 UTC: 	 
No publication information (publication has been disabled in the CRAB configuration file)
INFO 2021-03-09 16:08:16.089 UTC: 	 
Warning: the max jobs runtime is less than 30% of the task requested value (1250 min), please consider to request a lower value for failed jobs (allowed through crab resubmit) and/or improve the jobs splitting (e.g. config.Data.splitting = 'Automatic') in a new task.
INFO 2021-03-09 16:08:16.089 UTC: 	 
Warning: the average jobs CPU efficiency is less than 50%, please consider to improve the jobs splitting (e.g. config.Data.splitting = 'Automatic') in a new task
INFO 2021-03-09 16:08:16.089 UTC: 	 
Summary of run jobs:
 * Memory: 2MB min, 539MB max, 127MB ave
 * Runtime: 0:02:59 min, 0:16:57 max, 0:05:23 ave
 * CPU eff: 5% min, 77% max, 49% ave
 * Waste: 0:58:52 (46% of total)

INFO 2021-03-09 16:08:16.153 UTC: 	 Log file is /afs/cern.ch/work/a/achhetri/NANO_AOD/CMSSW_10_6_8/src/WTopScalefactorProducer/Skimmer/NANOcrab/crab_Tprime_v5_NANo_AOD_106X/crab_QCD_Pt50to80_EM_v2/crab.log
DEBUG 2021-03-26 10:49:31.904 UTC: 	 CRAB Client version: v3.210127
DEBUG 2021-03-26 10:49:31.904 UTC: 	 Running on: Linux lxplus775.cern.ch 3.10.0-1160.15.2.el7.x86_64 #1 SMP Wed Feb 3 15:06:38 UTC 2021 x86_64 x86_64 x86_64 GNU/Linux - CentOS Linux 7 (Core)
DEBUG 2021-03-26 10:49:31.904 UTC: 	 Executing command: 'status'
DEBUG 2021-03-26 10:49:31.904 UTC: 	 Found CRAB cache file /afs/cern.ch/user/a/achhetri/.crab3
DEBUG 2021-03-26 10:49:31.999 UTC: 	 Checking credentials
DEBUG 2021-03-26 10:49:32.000 UTC: 	 Found proxy file /afs/cern.ch/user/a/achhetri/x509up_u94350
DEBUG 2021-03-26 10:49:32.000 UTC: 	 Getting proxy life time left
DEBUG 2021-03-26 10:49:33.214 UTC: 	 Executing : 
 command : voms-proxy-info -file /afs/cern.ch/user/a/achhetri/x509up_u94350 -timeleft
 output : 679167

 error: 
 retcode : 0
DEBUG 2021-03-26 10:49:34.436 UTC: 	 Executing : 
 command : voms-proxy-info -file /afs/cern.ch/user/a/achhetri/x509up_u94350 -actimeleft
 output : 679166

 error: 
 retcode : 0
DEBUG 2021-03-26 10:49:34.436 UTC: 	 Proxy lifetime 679167 secs is different from voms extension lifetime 679166 secs for proxy: /afs/cern.ch/user/a/achhetri/x509up_u94350
DEBUG 2021-03-26 10:49:34.436 UTC: 	 Proxy valid for 188:39:26 hours
DEBUG 2021-03-26 10:49:34.535 UTC: 	 Registering user credentials for server /DC=ch/DC=cern/OU=computers/CN=vocms0105.cern.ch|/DC=ch/DC=cern/OU=computers/CN=crab-(preprod|prod|dev)-tw(02|01).cern.ch|/DC=ch/DC=cern/OU=computers/CN=(ddi|ddidk|mytw).cern.ch|/DC=ch/DC=cern/OU=computers/CN=stefanov(m|m2).cern.ch
DEBUG 2021-03-26 10:49:36.082 UTC: 	 Executing : 
 command : voms-proxy-info -file /afs/cern.ch/user/a/achhetri/x509up_u94350 -identity
 output : /DC=ch/DC=cern/OU=Organic Units/OU=Users/CN=achhetri/CN=804540/CN=Arjun Chhetri

 error: 
 retcode : 0
DEBUG 2021-03-26 10:49:36.144 UTC: 	 Getting myproxy life time left for myproxy.cern.ch
DEBUG 2021-03-26 10:49:36.145 UTC: 	 using eb0e67adc2dd9eb1770413a4ffd073f562b86f05 as credential login name
DEBUG 2021-03-26 10:49:36.559 UTC: 	 Executing : 
 command : myproxy-info -l eb0e67adc2dd9eb1770413a4ffd073f562b86f05 -s myproxy.cern.ch
 output : username: eb0e67adc2dd9eb1770413a4ffd073f562b86f05
owner: /DC=ch/DC=cern/OU=Organic Units/OU=Users/CN=achhetri/CN=804540/CN=Arjun Chhetri
  renewal policy: /DC=ch/DC=cern/OU=computers/CN=vocms0105.cern.ch|/DC=ch/DC=cern/OU=computers/CN=crab-(preprod|prod|dev)-tw(02|01).cern.ch|/DC=ch/DC=cern/OU=computers/CN=(ddi|ddidk|mytw).cern.ch|/DC=ch/DC=cern/OU=computers/CN=stefanov(m|m2).cern.ch
  trusted retrieval policy: /DC=ch/DC=cern/OU=computers/CN=vocms0105.cern.ch|/DC=ch/DC=cern/OU=computers/CN=crab-(preprod|prod|dev)-tw(02|01).cern.ch|/DC=ch/DC=cern/OU=computers/CN=(ddi|ddidk|mytw).cern.ch|/DC=ch/DC=cern/OU=computers/CN=stefanov(m|m2).cern.ch
  timeleft: 719:51:35  (30.0 days)

 error: 
 retcode : 0
DEBUG 2021-03-26 10:49:36.560 UTC: 	 Myproxy is valid: 2591495
DEBUG 2021-03-26 10:49:36.560 UTC: 	 Retrieving username ...
DEBUG 2021-03-26 10:49:36.560 UTC: 	 Retrieving username from CRIC...
DEBUG 2021-03-26 10:49:37.546 UTC: 	 username is achhetri
DEBUG 2021-03-26 10:49:37.557 UTC: 	 Getting myproxy life time left for myproxy.cern.ch
DEBUG 2021-03-26 10:49:37.557 UTC: 	 using achhetri_CRAB as credential login name
DEBUG 2021-03-26 10:49:37.970 UTC: 	 Executing : 
 command : myproxy-info -l achhetri_CRAB -s myproxy.cern.ch
 output : username: achhetri_CRAB
owner: /DC=ch/DC=cern/OU=Organic Units/OU=Users/CN=achhetri/CN=804540/CN=Arjun Chhetri
  renewal policy: /DC=ch/DC=cern/OU=computers/CN=vocms0105.cern.ch|/DC=ch/DC=cern/OU=computers/CN=crab-(preprod|prod|dev)-tw(02|01).cern.ch|/DC=ch/DC=cern/OU=computers/CN=(ddi|ddidk|mytw).cern.ch|/DC=ch/DC=cern/OU=computers/CN=stefanov(m|m2).cern.ch
  trusted retrieval policy: /DC=ch/DC=cern/OU=computers/CN=vocms0105.cern.ch|/DC=ch/DC=cern/OU=computers/CN=crab-(preprod|prod|dev)-tw(02|01).cern.ch|/DC=ch/DC=cern/OU=computers/CN=(ddi|ddidk|mytw).cern.ch|/DC=ch/DC=cern/OU=computers/CN=stefanov(m|m2).cern.ch
  timeleft: 719:51:42  (30.0 days)

 error: 
 retcode : 0
DEBUG 2021-03-26 10:49:37.971 UTC: 	 Myproxy is valid: 2591502
DEBUG 2021-03-26 10:49:37.971 UTC: 	 Result of myproxy credential check:
  Credential exists on myproxy: username: eb0e67adc2dd9eb1770413a4ffd073f562b86f05  - validity: 29 days, 23:51:35
  Credential exists on myproxy: username: achhetri_CRAB  - validity: 29 days, 23:51:42
DEBUG 2021-03-26 10:49:37.972 UTC: 	 Command use: status
DEBUG 2021-03-26 10:49:37.972 UTC: 	 Options use: ['-d', 'crab_QCD_Pt50to80_EM_v2']
DEBUG 2021-03-26 10:49:38.089 UTC: 	 CRABClient version: v3.210127
DEBUG 2021-03-26 10:49:38.089 UTC: 	 Instance is prod
DEBUG 2021-03-26 10:49:38.089 UTC: 	 Server base url is cmsweb-k8s-prod.cern.ch
DEBUG 2021-03-26 10:49:38.089 UTC: 	 Command url /crabserver/prod/workflow
DEBUG 2021-03-26 10:49:38.272 UTC: 	 Got information from server oracle database: {u'result': [u'210309_120007:achhetri_crab_QCD_Pt50to80_EM_v2', u'None', u'None', u'SUBMITTED', u'SUBMIT', u'2021-03-09 12:00:07.779567', u'None', u'2021-03-09 12:01:08.143854', u'None', u'CMSSW_10_6_8', u'slc7_amd64_gcc700', u'/QCD_Pt-50to80_EMEnriched_TuneCP5_13TeV_pythia8/RunIISummer19UL17NanoAODv2-106X_mc2017_realistic_v8-v1/NANOAODSIM', u'F', u'0', u'[]', u'[]', u'FileBased', u"{'splitOnRun': False, 'halt_job_on_file_boundaries': False, 'files_per_job': 1, 'runs': [], 'lumis': []}", u'db34ebad3d4b9da4ae9c866827f2ee5a2e927bca2b5d12de79379f506faf14a9.tar.gz', u'https://cmsweb.cern.ch:8443/crabcache', u'achhetri', u'/DC=ch/DC=cern/OU=Organic Units/OU=Users/CN=achhetri/CN=804540/CN=Arjun Chhetri', u'cms', u'None', u'None', u'QCD_Pt50to80_EM_v2-00000000000000000000000000000000', u'F', u'T3_CH_CERNBOX', u'https://cmsweb.cern.ch/dbs/prod/global/DBSReader', u'https://cmsweb.cern.ch/dbs/prod/phys03/DBSWriter', u'F', u'[]', u'[]', u"['tree.root']", u'Analysis', u'pythia', u'None', u'{}', u'[]', u'T', u'crab-prod-tw01', u'[]', u'1250', u'1', u'2000', u'10', u"['/QCD_Pt-50to80_EMEnriched_TuneCP5_13TeV_pythia8/achhetri-QCD_Pt50to80_EM_v2-5d8f93ee2ba2db6b402c7167473e2950/USER']", u'[]', u'http://vocms0107.cern.ch/mon/cms341/210309_120007:achhetri_crab_QCD_Pt50to80_EM_v2', u'crab_script_Tprime.sh', u'[]', u'[]', u'https://cmsweb.cern.ch/crabserver/prod', u'cmsgwms-collector-global.cern.ch:9620,cmsgwms-collector-global.fnal.gov', u'crab3@vocms0107.cern.ch', u'F', u'[]', u'T', u'/store/user/achhetri/Tprime_v5_NANo_AOD_106X', u'F', u'None', u'F', u'None', u'QCD_Pt-50to80_EMEnriched_TuneCP5_13TeV_pythia8', u'None', u'56ceaeb3d55a655a1570b0cf90c0b51dfec722de9e40e3aca4249b417101940b.tar.gz', u'65185588', u'filetransfers', u'F', u'188.185.90.95', u'13.0', u'None'], u'desc': {u'columns': [u'tm_taskname', u'tm_activity', u'panda_jobset_id', u'tm_task_status', u'tm_task_command', u'tm_start_time', u'tm_start_injection', u'tm_end_injection', u'tm_task_failure', u'tm_job_sw', u'tm_job_arch', u'tm_input_dataset', u'tm_nonvalid_input_dataset', u'tm_use_parent', u'tm_site_whitelist', u'tm_site_blacklist', u'tm_split_algo', u'tm_split_args', u'tm_user_sandbox', u'tm_cache_url', u'tm_username', u'tm_user_dn', u'tm_user_vo', u'tm_user_role', u'tm_user_group', u'tm_publish_name', u'tm_publish_groupname', u'tm_asyncdest', u'tm_dbs_url', u'tm_publish_dbs_url', u'tm_publication', u'tm_outfiles', u'tm_tfile_outfiles', u'tm_edm_outfiles', u'tm_job_type', u'tm_generator', u'tm_events_per_lumi', u'tm_arguments', u'panda_resubmitted_jobs', u'tm_save_logs', u'tw_name', u'tm_user_infiles', u'tm_maxjobruntime', u'tm_numcores', u'tm_maxmemory', u'tm_priority', u'tm_output_dataset', u'tm_task_warnings', u'tm_user_webdir', u'tm_scriptexe', u'tm_scriptargs', u'tm_extrajdl', u'tm_asourl', u'tm_collector', u'tm_schedd', u'tm_dry_run', u'tm_user_files', u'tm_transfer_outputs', u'tm_output_lfn', u'tm_ignore_locality', u'tm_fail_limit', u'tm_one_event_mode', u'tm_secondary_input_dataset', u'tm_primary_dataset', u'tm_last_publication', u'tm_debug_files', u'clusterid', u'tm_asodb', u'tm_ignore_global_blacklist', u'tm_submitter_ip_addr', u'tm_totalunits', u'tm_ddm_reqid']}}
INFO 2021-03-26 10:49:38.273 UTC: 	 CRAB project directory:		/afs/cern.ch/work/a/achhetri/NANO_AOD/CMSSW_10_6_8/src/WTopScalefactorProducer/Skimmer/NANOcrab/crab_Tprime_v5_NANo_AOD_106X/crab_QCD_Pt50to80_EM_v2
INFO 2021-03-26 10:49:38.273 UTC: 	 Task name:			210309_120007:achhetri_crab_QCD_Pt50to80_EM_v2
INFO 2021-03-26 10:49:38.274 UTC: 	 Grid scheduler - Task Worker:	crab3@vocms0107.cern.ch - crab-prod-tw01
INFO 2021-03-26 10:49:38.274 UTC: 	 Status on the CRAB server:	SUBMITTED
INFO 2021-03-26 10:49:38.274 UTC: 	 Task URL to use for HELP:	https://cmsweb-k8s-prod.cern.ch/crabserver/ui/task/210309_120007%3Aachhetri_crab_QCD_Pt50to80_EM_v2
INFO 2021-03-26 10:49:38.325 UTC: 	 Dashboard monitoring URL:	https://monit-grafana.cern.ch/d/cmsTMDetail/cms-task-monitoring-task-view?orgId=11&var-user=achhetri&var-task=210309_120007%3Aachhetri_crab_QCD_Pt50to80_EM_v2&from=1615287607000&to=now
INFO 2021-03-26 10:49:38.326 UTC: 	 In case of issues with the dashboard, please provide feedback to hn-cms-computing-tools@cern.ch
DEBUG 2021-03-26 10:49:38.326 UTC: 	 The CRAB server submitted your task to the Grid scheduler (cluster ID: 65185588)
DEBUG 2021-03-26 10:49:38.326 UTC: 	 Webdir is located at http://vocms0107.cern.ch/mon/cms341/210309_120007:achhetri_crab_QCD_Pt50to80_EM_v2
DEBUG 2021-03-26 10:49:38.471 UTC: 	 Proxied webdir is located at https://cmsweb.cern.ch:8443/scheddmon/0107/cms341/210309_120007:achhetri_crab_QCD_Pt50to80_EM_v2
DEBUG 2021-03-26 10:49:38.471 UTC: 	 Retrieving 'status_cache' file from https://cmsweb.cern.ch:8443/scheddmon/0107/cms341/210309_120007:achhetri_crab_QCD_Pt50to80_EM_v2/status_cache
DEBUG 2021-03-26 10:49:38.785 UTC: 	 Got information from status cache file: {'11': {'Retries': 0, 'WallDurations': [153.0, 179.39042401313782, 179.39042401313782], 'StartTimes': [1615291458.0], 'SubmitTimes': [1615291275.0], 'JobIds': ['65185603.0'], 'EndTimes': [1615291611.0], 'Restarts': 0, 'RecordedSite': True, 'State': 'finished', 'ResidentSetSize': [49732], 'TotalUserCpuTimeHistory': [15], 'SiteHistory': ['Unknown', 'T2_US_Caltech', 'T2_US_Caltech'], 'TotalSysCpuTimeHistory': [1]}, '10': {'Retries': 0, 'WallDurations': [8.0, 188.39042401313782, 452.0], 'StartTimes': [1615291449.0], 'SubmitTimes': [1615291275.0], 'JobIds': ['65185602.0'], 'EndTimes': [1615291901.0], 'Restarts': 0, 'RecordedSite': True, 'State': 'finished', 'ResidentSetSize': [411640], 'TotalUserCpuTimeHistory': [288], 'SiteHistory': ['Unknown', 'T2_US_Vanderbilt', 'T2_US_Vanderbilt'], 'TotalSysCpuTimeHistory': [12]}, '13': {'Retries': 0, 'WallDurations': [81.0, 202.39042401313782, 202.39042401313782], 'StartTimes': [1615291435.0], 'SubmitTimes': [1615291275.0], 'JobIds': ['65185605.0'], 'EndTimes': [1615291516.0], 'Restarts': 0, 'RecordedSite': True, 'State': 'finished', 'ResidentSetSize': [2840], 'TotalUserCpuTimeHistory': [32], 'SiteHistory': ['Unknown', 'T2_DE_DESY', 'T2_DE_DESY'], 'TotalSysCpuTimeHistory': [2]}, '12': {'Retries': 0, 'WallDurations': [86.0, 203.39042401313782, 203.39042401313782], 'StartTimes': [1615291434.0], 'SubmitTimes': [1615291275.0], 'JobIds': ['65185604.0'], 'EndTimes': [1615291520.0], 'Restarts': 0, 'RecordedSite': True, 'State': 'finished', 'ResidentSetSize': [29916], 'TotalUserCpuTimeHistory': [17], 'SiteHistory': ['Unknown', 'T2_DE_DESY', 'T2_DE_DESY'], 'TotalSysCpuTimeHistory': [3]}, '1': {'Retries': 0, 'WallDurations': [8.0, 203.39042401313782, 256.0], 'StartTimes': [1615291434.0], 'SubmitTimes': [1615291274.0], 'JobIds': ['65185595.0'], 'EndTimes': [1615291690.0], 'Restarts': 0, 'RecordedSite': True, 'State': 'finished', 'ResidentSetSize': [2832], 'TotalUserCpuTimeHistory': [173], 'SiteHistory': ['Unknown', 'T2_DE_DESY', 'T2_DE_DESY'], 'TotalSysCpuTimeHistory': [6]}, '3': {'Retries': 0, 'WallDurations': [9.0, 205.39042401313782, 218.0], 'StartTimes': [1615291432.0], 'SubmitTimes': [1615291273.0], 'JobIds': ['65185592.0'], 'EndTimes': [1615291650.0], 'Restarts': 0, 'RecordedSite': True, 'State': 'finished', 'ResidentSetSize': [2820], 'TotalUserCpuTimeHistory': [121], 'SiteHistory': ['Unknown', 'T2_FR_GRIF_LLR', 'T2_FR_GRIF_LLR'], 'TotalSysCpuTimeHistory': [3]}, '2': {'Retries': 0, 'WallDurations': [9.0, 204.39042401313782, 211.0], 'StartTimes': [1615291433.0], 'SubmitTimes': [1615291274.0], 'JobIds': ['65185594.0'], 'EndTimes': [1615291644.0], 'Restarts': 0, 'RecordedSite': True, 'State': 'finished', 'ResidentSetSize': [50380], 'TotalUserCpuTimeHistory': [110], 'SiteHistory': ['Unknown', 'T2_FR_GRIF_LLR', 'T2_FR_GRIF_LLR'], 'TotalSysCpuTimeHistory': [9]}, '5': {'Retries': 0, 'WallDurations': [9.0, 205.39042401313782, 271.0], 'StartTimes': [1615291432.0], 'SubmitTimes': [1615291274.0], 'JobIds': ['65185596.0'], 'EndTimes': [1615291703.0], 'Restarts': 0, 'RecordedSite': True, 'State': 'finished', 'ResidentSetSize': [51996], 'TotalUserCpuTimeHistory': [173], 'SiteHistory': ['Unknown', 'T2_FR_GRIF_LLR', 'T2_FR_GRIF_LLR'], 'TotalSysCpuTimeHistory': [7]}, '4': {'Retries': 0, 'WallDurations': [71.0, 203.39042401313782, 203.39042401313782], 'StartTimes': [1615291434.0], 'SubmitTimes': [1615291274.0], 'JobIds': ['65185593.0'], 'EndTimes': [1615291505.0], 'Restarts': 0, 'RecordedSite': True, 'State': 'finished', 'ResidentSetSize': [64096], 'TotalUserCpuTimeHistory': [10], 'SiteHistory': ['Unknown', 'T2_FR_GRIF_LLR', 'T2_FR_GRIF_LLR'], 'TotalSysCpuTimeHistory': [1]}, '7': {'Retries': 0, 'WallDurations': [200.0, 205.39042401313782, 205.39042401313782], 'StartTimes': [1615291432.0], 'SubmitTimes': [1615291274.0], 'JobIds': ['65185599.0'], 'EndTimes': [1615291632.0], 'Restarts': 0, 'RecordedSite': True, 'State': 'finished', 'ResidentSetSize': [2808], 'TotalUserCpuTimeHistory': [133], 'SiteHistory': ['Unknown', 'T2_FR_GRIF_LLR', 'T2_FR_GRIF_LLR'], 'TotalSysCpuTimeHistory': [6]}, '6': {'Retries': 0, 'WallDurations': [8.0, 200.39042401313782, 1017.0], 'StartTimes': [1615291437.0], 'SubmitTimes': [1615291274.0], 'JobIds': ['65185598.0'], 'EndTimes': [1615292454.0], 'Restarts': 0, 'RecordedSite': True, 'State': 'finished', 'ResidentSetSize': [420208], 'TotalUserCpuTimeHistory': [395], 'SiteHistory': ['Unknown', 'T2_FR_GRIF_LLR', 'T2_FR_GRIF_LLR'], 'TotalSysCpuTimeHistory': [21]}, '9': {'Retries': 0, 'WallDurations': [231.0, 245.39042401313782, 245.39042401313782], 'StartTimes': [1615291392.0], 'SubmitTimes': [1615291275.0], 'JobIds': ['65185601.0'], 'EndTimes': [1615291623.0], 'Restarts': 0, 'RecordedSite': True, 'State': 'finished', 'ResidentSetSize': [51776], 'TotalUserCpuTimeHistory': [104], 'SiteHistory': ['Unknown', 'T2_CH_CERN', 'T2_CH_CERN'], 'TotalSysCpuTimeHistory': [6]}, '8': {'Retries': 0, 'WallDurations': [8.0, 204.39042401313782, 538.0], 'StartTimes': [1615291433.0], 'SubmitTimes': [1615291275.0], 'JobIds': ['65185600.0'], 'EndTimes': [1615291971.0], 'Restarts': 0, 'RecordedSite': True, 'State': 'finished', 'ResidentSetSize': [552436], 'TotalUserCpuTimeHistory': [400], 'SiteHistory': ['Unknown', 'T2_FR_GRIF_LLR', 'T2_FR_GRIF_LLR'], 'TotalSysCpuTimeHistory': [16]}}
INFO 2021-03-26 10:49:38.785 UTC: 	 Status on the scheduler:	COMPLETED
INFO 2021-03-26 10:49:38.786 UTC: 	 
Jobs status:                    finished     		100.0% (13/13)
INFO 2021-03-26 10:49:38.786 UTC: 	 
No publication information (publication has been disabled in the CRAB configuration file)
INFO 2021-03-26 10:49:38.787 UTC: 	 
Warning: the max jobs runtime is less than 30% of the task requested value (1250 min), please consider to request a lower value for failed jobs (allowed through crab resubmit) and/or improve the jobs splitting (e.g. config.Data.splitting = 'Automatic') in a new task.
INFO 2021-03-26 10:49:38.787 UTC: 	 
Warning: the average jobs CPU efficiency is less than 50%, please consider to improve the jobs splitting (e.g. config.Data.splitting = 'Automatic') in a new task
INFO 2021-03-26 10:49:38.788 UTC: 	 
Summary of run jobs:
 * Memory: 2MB min, 539MB max, 127MB ave
 * Runtime: 0:02:59 min, 0:16:57 max, 0:05:23 ave
 * CPU eff: 5% min, 77% max, 49% ave
 * Waste: 0:58:52 (46% of total)

INFO 2021-03-26 10:49:38.925 UTC: 	 Log file is /afs/cern.ch/work/a/achhetri/NANO_AOD/CMSSW_10_6_8/src/WTopScalefactorProducer/Skimmer/NANOcrab/crab_Tprime_v5_NANo_AOD_106X/crab_QCD_Pt50to80_EM_v2/crab.log
