DEBUG 2021-06-16 13:11:19.019 UTC: 	 CRAB Client version: v3.210610
DEBUG 2021-06-16 13:11:19.020 UTC: 	 Running on: Linux lxplus768.cern.ch 3.10.0-1160.25.1.el7.x86_64 #1 SMP Wed Apr 28 21:49:45 UTC 2021 x86_64 x86_64 x86_64 GNU/Linux - CentOS Linux 7 (Core)
DEBUG 2021-06-16 13:11:19.020 UTC: 	 Executing command: 'submit'
DEBUG 2021-06-16 13:11:19.020 UTC: 	 Found CRAB cache file /afs/cern.ch/user/a/achhetri/.crab3
DEBUG 2021-06-16 13:11:19.022 UTC: 	 Will use CRAB Analysis plugin (i.e. will run an analysis job type).
DEBUG 2021-06-16 13:11:19.056 UTC: 	 Checking credentials
DEBUG 2021-06-16 13:11:19.057 UTC: 	 Found proxy file /tmp/x509up_u94350
DEBUG 2021-06-16 13:11:19.057 UTC: 	 Getting proxy life time left
DEBUG 2021-06-16 13:11:19.864 UTC: 	 Executing : 
 command : voms-proxy-info -file /tmp/x509up_u94350 -timeleft
 output : 690361

 error: 
 retcode : 0
DEBUG 2021-06-16 13:11:20.573 UTC: 	 Executing : 
 command : voms-proxy-info -file /tmp/x509up_u94350 -actimeleft
 output : 690360

 error: 
 retcode : 0
DEBUG 2021-06-16 13:11:20.574 UTC: 	 Proxy lifetime 690361 secs is different from voms extension lifetime 690360 secs for proxy: /tmp/x509up_u94350
DEBUG 2021-06-16 13:11:20.574 UTC: 	 Proxy valid for 191:46:00 hours
DEBUG 2021-06-16 13:11:21.381 UTC: 	 Executing : 
 command : env X509_USER_PROXY=/tmp/x509up_u94350 voms-proxy-info -fqan
 output : /cms/Role=NULL/Capability=NULL

 error: 
 retcode : 0
DEBUG 2021-06-16 13:11:21.461 UTC: 	 Registering user credentials for server /DC=ch/DC=cern/OU=computers/CN=crab-(preprod|prod|dev)-tw(02|01).cern.ch|/DC=ch/DC=cern/OU=computers/CN=(ddi|ddidk|mytw).cern.ch|/DC=ch/DC=cern/OU=computers/CN=stefanov(m|m2).cern.ch
DEBUG 2021-06-16 13:11:22.178 UTC: 	 Executing : 
 command : voms-proxy-info -file /tmp/x509up_u94350 -identity
 output : /DC=ch/DC=cern/OU=Organic Units/OU=Users/CN=achhetri/CN=804540/CN=Arjun Chhetri

 error: 
 retcode : 0
DEBUG 2021-06-16 13:11:22.188 UTC: 	 Getting myproxy life time left for myproxy.cern.ch
DEBUG 2021-06-16 13:11:22.188 UTC: 	 using eb0e67adc2dd9eb1770413a4ffd073f562b86f05 as credential login name
DEBUG 2021-06-16 13:11:22.694 UTC: 	 Executing : 
 command : myproxy-info -l eb0e67adc2dd9eb1770413a4ffd073f562b86f05 -s myproxy.cern.ch
 output : username: eb0e67adc2dd9eb1770413a4ffd073f562b86f05
owner: /DC=ch/DC=cern/OU=Organic Units/OU=Users/CN=achhetri/CN=804540/CN=Arjun Chhetri
  renewal policy: /DC=ch/DC=cern/OU=computers/CN=vocms0105.cern.ch|/DC=ch/DC=cern/OU=computers/CN=crab-(preprod|prod|dev)-tw(02|01).cern.ch|/DC=ch/DC=cern/OU=computers/CN=(ddi|ddidk|mytw).cern.ch|/DC=ch/DC=cern/OU=computers/CN=stefanov(m|m2).cern.ch
  trusted retrieval policy: /DC=ch/DC=cern/OU=computers/CN=vocms0105.cern.ch|/DC=ch/DC=cern/OU=computers/CN=crab-(preprod|prod|dev)-tw(02|01).cern.ch|/DC=ch/DC=cern/OU=computers/CN=(ddi|ddidk|mytw).cern.ch|/DC=ch/DC=cern/OU=computers/CN=stefanov(m|m2).cern.ch
  timeleft: 0:00:00

 error: 
 retcode : 0
DEBUG 2021-06-16 13:11:22.695 UTC: 	 Myproxy is valid: 0
DEBUG 2021-06-16 13:11:22.801 UTC: 	 Executing : 
 command : openssl x509 -noout -in ~/.globus/usercert.pem -dates
 output : notBefore=Nov 11 12:18:59 2020 GMT
notAfter=Dec 16 12:18:59 2021 GMT

 error: 
 retcode : 0
DEBUG 2021-06-16 13:11:22.802 UTC: 	 Delegating a myproxy for 720:00 hours
DEBUG 2021-06-16 13:11:22.802 UTC: 	 using eb0e67adc2dd9eb1770413a4ffd073f562b86f05 as credential login name
DEBUG 2021-06-16 13:11:22.911 UTC: 	 Executing : 
 command : export GT_PROXY_MODE=rfc ; myproxy-init -d -n -s myproxy.cern.ch -x -R '/DC=ch/DC=cern/OU=computers/CN=crab-(preprod|prod|dev)-tw(02|01).cern.ch|/DC=ch/DC=cern/OU=computers/CN=(ddi|ddidk|mytw).cern.ch|/DC=ch/DC=cern/OU=computers/CN=stefanov(m|m2).cern.ch' -x -Z '/DC=ch/DC=cern/OU=computers/CN=crab-(preprod|prod|dev)-tw(02|01).cern.ch|/DC=ch/DC=cern/OU=computers/CN=(ddi|ddidk|mytw).cern.ch|/DC=ch/DC=cern/OU=computers/CN=stefanov(m|m2).cern.ch' -l 'eb0e67adc2dd9eb1770413a4ffd073f562b86f05' -t 168:00 -c 720:00
 output : Your identity: /DC=ch/DC=cern/OU=Organic Units/OU=Users/CN=achhetri/CN=804540/CN=Arjun Chhetri

 error: Error: Couldn't read user key in /afs/cern.ch/user/a/achhetri/.globus/userkey.pem.
Use -debug for further information.
grid-proxy-init failed

 retcode : 1
DEBUG 2021-06-16 13:11:22.912 UTC: 	 using eb0e67adc2dd9eb1770413a4ffd073f562b86f05 as credential login name
DEBUG 2021-06-16 13:11:23.318 UTC: 	 Executing : 
 command : myproxy-info -l eb0e67adc2dd9eb1770413a4ffd073f562b86f05 -s myproxy.cern.ch
 output : username: eb0e67adc2dd9eb1770413a4ffd073f562b86f05
owner: /DC=ch/DC=cern/OU=Organic Units/OU=Users/CN=achhetri/CN=804540/CN=Arjun Chhetri
  renewal policy: /DC=ch/DC=cern/OU=computers/CN=vocms0105.cern.ch|/DC=ch/DC=cern/OU=computers/CN=crab-(preprod|prod|dev)-tw(02|01).cern.ch|/DC=ch/DC=cern/OU=computers/CN=(ddi|ddidk|mytw).cern.ch|/DC=ch/DC=cern/OU=computers/CN=stefanov(m|m2).cern.ch
  trusted retrieval policy: /DC=ch/DC=cern/OU=computers/CN=vocms0105.cern.ch|/DC=ch/DC=cern/OU=computers/CN=crab-(preprod|prod|dev)-tw(02|01).cern.ch|/DC=ch/DC=cern/OU=computers/CN=(ddi|ddidk|mytw).cern.ch|/DC=ch/DC=cern/OU=computers/CN=stefanov(m|m2).cern.ch
  timeleft: 0:00:00

 error: 
 retcode : 0
DEBUG 2021-06-16 13:11:23.319 UTC: 	 Retrieving username ...
DEBUG 2021-06-16 13:11:23.319 UTC: 	 Retrieving username from CRIC...
DEBUG 2021-06-16 13:11:24.144 UTC: 	 username is achhetri
DEBUG 2021-06-16 13:11:24.151 UTC: 	 Getting myproxy life time left for myproxy.cern.ch
DEBUG 2021-06-16 13:11:24.151 UTC: 	 using achhetri_CRAB as credential login name
DEBUG 2021-06-16 13:11:24.656 UTC: 	 Executing : 
 command : myproxy-info -l achhetri_CRAB -s myproxy.cern.ch
 output : username: achhetri_CRAB
owner: /DC=ch/DC=cern/OU=Organic Units/OU=Users/CN=achhetri/CN=804540/CN=Arjun Chhetri
  renewal policy: /DC=ch/DC=cern/OU=computers/CN=crab-(preprod|prod|dev)-tw(02|01).cern.ch|/DC=ch/DC=cern/OU=computers/CN=(ddi|ddidk|mytw).cern.ch|/DC=ch/DC=cern/OU=computers/CN=stefanov(m|m2).cern.ch
  trusted retrieval policy: /DC=ch/DC=cern/OU=computers/CN=crab-(preprod|prod|dev)-tw(02|01).cern.ch|/DC=ch/DC=cern/OU=computers/CN=(ddi|ddidk|mytw).cern.ch|/DC=ch/DC=cern/OU=computers/CN=stefanov(m|m2).cern.ch
  timeleft: 719:56:54  (30.0 days)

 error: 
 retcode : 0
DEBUG 2021-06-16 13:11:24.657 UTC: 	 Myproxy is valid: 2591814
DEBUG 2021-06-16 13:11:24.657 UTC: 	 Result of myproxy credential check:
  Error trying to create credential:
 Problems delegating My-proxy. It seems your proxy has not been delegated to myproxy. Please check the logfile for the exact error (Maybe you simply typed a wrong password)
  Credential exists on myproxy: username: achhetri_CRAB  - validity: 29 days, 23:56:54
DEBUG 2021-06-16 13:11:24.657 UTC: 	 Command use: submit
DEBUG 2021-06-16 13:11:24.657 UTC: 	 Options use: ['--config', <WMCore.Configuration.Configuration object at 0x7f68dfac2b50>]
DEBUG 2021-06-16 13:11:24.738 UTC: 	 CRABClient version: v3.210610
DEBUG 2021-06-16 13:11:24.738 UTC: 	 Instance is prod
DEBUG 2021-06-16 13:11:24.738 UTC: 	 Server base url is cmsweb.cern.ch
DEBUG 2021-06-16 13:11:24.738 UTC: 	 Command api workflow
DEBUG 2021-06-16 13:11:24.738 UTC: 	 Started submission
DEBUG 2021-06-16 13:11:24.738 UTC: 	 Working on /afs/cern.ch/work/a/achhetri/NANO_AOD/CMSSW_10_6_8/src/WTopScalefactorProducer/Skimmer/NANOcrab/crab_Tprime_v5_NANo_AOD_106X/crab_DYJetsToLL_M-50_HT-1200to2500_v2
DEBUG 2021-06-16 13:11:24.835 UTC: 	 Loading required information from the environment
DEBUG 2021-06-16 13:11:24.835 UTC: 	 Found CMSSW_10_6_8 for slc7_amd64_gcc700 with base /afs/cern.ch/work/a/achhetri/NANO_AOD/CMSSW_10_6_8
DEBUG 2021-06-16 13:11:24.835 UTC: 	 Loading required information from the environment
DEBUG 2021-06-16 13:11:24.835 UTC: 	 Found CMSSW_10_6_8 for slc7_amd64_gcc700 with base /afs/cern.ch/work/a/achhetri/NANO_AOD/CMSSW_10_6_8
DEBUG 2021-06-16 13:11:24.835 UTC: 	 UNIQUE NAME: tarUUID 7a9d44ca-b542-4596-9d27-e4efdc6f3b83 
DEBUG 2021-06-16 13:11:24.836 UTC: 	 self.config: from WMCore.Configuration import Configuration
config = Configuration()
config.section_('General')
config.General.transferLogs = True
config.General.workArea = 'crab_Tprime_v5_NANo_AOD_106X'
config.General.requestName = 'DYJetsToLL_M-50_HT-1200to2500_v2'
config.section_('JobType')
config.JobType.scriptExe = 'crab_script_Tprime.sh'
config.JobType.pluginName = 'Analysis'
config.JobType.sendPythonFolder = True
config.JobType.allowUndistributedCMSSW = True
config.JobType.psetName = 'PSet.py'
config.JobType.inputFiles = ['TprimeBToTH_LH_RunIISummer19UL16_Skimmer.py', 'keep_and_drop_v1.txt', '../../../PhysicsTools/NanoAODTools/scripts/haddnano.py']
config.section_('Data')
config.Data.inputDataset = '/DYJetsToLL_M-50_HT-1200to2500_TuneCP5_PSweights_13TeV-madgraphMLM-pythia8/RunIISummer20UL17NanoAODv2-106X_mc2017_realistic_v8-v1/NANOAODSIM'
config.Data.outputDatasetTag = 'DYJetsToLL_M-50_HT-1200to2500_v2'
config.Data.publication = False
config.Data.unitsPerJob = 1
config.Data.inputDBS = 'global'
config.Data.splitting = 'FileBased'
config.Data.outLFNDirBase = '/store/user/achhetri/Tprime_v5_NANo_AOD_106X'
config.Data.totalUnits = 5
config.section_('Site')
config.Site.storageSite = 'T3_CH_CERNBOX'
config.section_('User')
config.section_('Debug')

DEBUG 2021-06-16 13:11:24.836 UTC: 	 self.config.JobType.psetName: PSet.py
INFO 2021-06-16 13:11:24.836 UTC: 	 Importing CMSSW configuration PSet.py
INFO 2021-06-16 13:11:24.836 UTC: 	 Finished importing CMSSW configuration PSet.py
DEBUG 2021-06-16 13:11:24.836 UTC: 	 Writing CMSSW configuration to /afs/cern.ch/work/a/achhetri/NANO_AOD/CMSSW_10_6_8/src/WTopScalefactorProducer/Skimmer/NANOcrab/crab_Tprime_v5_NANo_AOD_106X/crab_DYJetsToLL_M-50_HT-1200to2500_v2/inputs/PSet.py
DEBUG 2021-06-16 13:11:24.871 UTC: 	 The following EDM output files will be collected: ['tree.root']
DEBUG 2021-06-16 13:11:24.872 UTC: 	 The following TFile output files will be collected: []
DEBUG 2021-06-16 13:11:24.872 UTC: 	 The following user output files (not listed as PoolOuputModule or TFileService in the CMSSW PSet) will be collected: 
DEBUG 2021-06-16 13:11:24.872 UTC: 	 Loading required information from the environment
DEBUG 2021-06-16 13:11:24.872 UTC: 	 Found CMSSW_10_6_8 for slc7_amd64_gcc700 with base /afs/cern.ch/work/a/achhetri/NANO_AOD/CMSSW_10_6_8
DEBUG 2021-06-16 13:11:24.872 UTC: 	 Making tarball in /afs/cern.ch/work/a/achhetri/NANO_AOD/CMSSW_10_6_8/src/WTopScalefactorProducer/Skimmer/NANOcrab/crab_Tprime_v5_NANo_AOD_106X/crab_DYJetsToLL_M-50_HT-1200to2500_v2/inputs/7a9d44ca-b542-4596-9d27-e4efdc6f3b83default.tgz
DEBUG 2021-06-16 13:11:25.094 UTC: 	 Checking directory /afs/cern.ch/work/a/achhetri/NANO_AOD/CMSSW_10_6_8/lib
DEBUG 2021-06-16 13:11:25.094 UTC: 	 Adding directory /afs/cern.ch/work/a/achhetri/NANO_AOD/CMSSW_10_6_8/lib to tarball
DEBUG 2021-06-16 13:11:25.575 UTC: 	 Checking directory /afs/cern.ch/work/a/achhetri/NANO_AOD/CMSSW_10_6_8/biglib
DEBUG 2021-06-16 13:11:25.575 UTC: 	 Adding directory /afs/cern.ch/work/a/achhetri/NANO_AOD/CMSSW_10_6_8/biglib to tarball
DEBUG 2021-06-16 13:11:25.576 UTC: 	 Checking directory /afs/cern.ch/work/a/achhetri/NANO_AOD/CMSSW_10_6_8/module
DEBUG 2021-06-16 13:11:25.576 UTC: 	 Checking directory /afs/cern.ch/work/a/achhetri/NANO_AOD/CMSSW_10_6_8/python
DEBUG 2021-06-16 13:11:25.576 UTC: 	 Adding directory /afs/cern.ch/work/a/achhetri/NANO_AOD/CMSSW_10_6_8/python to tarball
DEBUG 2021-06-16 13:11:30.256 UTC: 	 Checking directory /afs/cern.ch/work/a/achhetri/NANO_AOD/CMSSW_10_6_8/cfipython
DEBUG 2021-06-16 13:11:30.257 UTC: 	 Adding directory /afs/cern.ch/work/a/achhetri/NANO_AOD/CMSSW_10_6_8/cfipython to tarball
DEBUG 2021-06-16 13:11:30.775 UTC: 	 Adding data directory /afs/cern.ch/work/a/achhetri/NANO_AOD/CMSSW_10_6_8/src/PhysicsTools/NanoAODTools/data to tarball
DEBUG 2021-06-16 13:11:56.425 UTC: 	 Adding data directory /afs/cern.ch/work/a/achhetri/NANO_AOD/CMSSW_10_6_8/src/PhysicsTools/NanoAODTools/interface to tarball
DEBUG 2021-06-16 13:11:56.462 UTC: 	 Adding data directory /afs/cern.ch/work/a/achhetri/NANO_AOD/CMSSW_10_6_8/src/PhysicsTools/NanoAODTools/python/postprocessing/data to tarball
DEBUG 2021-06-16 13:12:08.244 UTC: 	 Adding file TprimeBToTH_LH_RunIISummer19UL16_Skimmer.py to tarball
DEBUG 2021-06-16 13:12:08.252 UTC: 	 Adding file keep_and_drop_v1.txt to tarball
DEBUG 2021-06-16 13:12:08.255 UTC: 	 Adding file ../../../PhysicsTools/NanoAODTools/scripts/haddnano.py to tarball
DEBUG 2021-06-16 13:12:08.885 UTC: 	 Uploading archive /afs/cern.ch/work/a/achhetri/NANO_AOD/CMSSW_10_6_8/src/WTopScalefactorProducer/Skimmer/NANOcrab/crab_Tprime_v5_NANo_AOD_106X/crab_DYJetsToLL_M-50_HT-1200to2500_v2/inputs/7a9d44ca-b542-4596-9d27-e4efdc6f3b83default.tgz (55 MB) to the CRAB cache. Using URI https://cmsweb-prod.cern.ch:8443/crabcache
DEBUG 2021-06-16 13:12:54.629 UTC: 	 Successfully uploaded tarball to S3 as well
DEBUG 2021-06-16 13:12:54.757 UTC: 	 Report of S3 upload stored on CrabCache as S3-210616_131254.488:s3report.json
DEBUG 2021-06-16 13:12:54.757 UTC: 	 Loading required information from the environment
DEBUG 2021-06-16 13:12:54.757 UTC: 	 Found CMSSW_10_6_8 for slc7_amd64_gcc700 with base /afs/cern.ch/work/a/achhetri/NANO_AOD/CMSSW_10_6_8
DEBUG 2021-06-16 13:12:54.757 UTC: 	 Making tarball in /afs/cern.ch/work/a/achhetri/NANO_AOD/CMSSW_10_6_8/src/WTopScalefactorProducer/Skimmer/NANOcrab/crab_Tprime_v5_NANo_AOD_106X/crab_DYJetsToLL_M-50_HT-1200to2500_v2/inputs/debugFiles.tgz
DEBUG 2021-06-16 13:12:54.775 UTC: 	 Uploading archive /afs/cern.ch/work/a/achhetri/NANO_AOD/CMSSW_10_6_8/src/WTopScalefactorProducer/Skimmer/NANOcrab/crab_Tprime_v5_NANo_AOD_106X/crab_DYJetsToLL_M-50_HT-1200to2500_v2/inputs/debugFiles.tgz (1 KB) to the CRAB cache. Using URI https://cmsweb-prod.cern.ch:8443/crabcache
DEBUG 2021-06-16 13:12:56.134 UTC: 	 Successfully uploaded tarball to S3 as well
DEBUG 2021-06-16 13:12:56.257 UTC: 	 Report of S3 upload stored on CrabCache as S3-210616_131254.938:s3report.json
DEBUG 2021-06-16 13:12:56.257 UTC: 	 Result uploading input files: dbb62c6e90d539c01b7361da7edd336f9b47ae6a13b3065aa8bb1bf2bea5890d.tar.gz 
INFO 2021-06-16 13:12:56.257 UTC: 	 Sending the request to the server at cmsweb.cern.ch
DEBUG 2021-06-16 13:12:56.258 UTC: 	 Submitting {'maxjobruntime': 1250, 'extrajdl': [], 'lfn': '/store/user/achhetri/Tprime_v5_NANo_AOD_106X', 'savelogsflag': 1, 'useparent': 0, 'scriptexe': 'crab_script_Tprime.sh', 'asyncdest': 'T3_CH_CERNBOX', 'algoargs': 1, 'cachefilename': 'dbb62c6e90d539c01b7361da7edd336f9b47ae6a13b3065aa8bb1bf2bea5890d.tar.gz', 'numcores': 1, 'addoutputfiles': [], 'generator': 'pythia', 'maxmemory': 2000, 'publishdbsurl': 'https://cmsweb.cern.ch/dbs/prod/phys03/DBSWriter', 'priority': 10, 'jobsw': 'CMSSW_10_6_8', 'edmoutfiles': ['tree.root'], 'userfiles': [], 'primarydataset': '', 'inputdata': '/DYJetsToLL_M-50_HT-1200to2500_TuneCP5_PSweights_13TeV-madgraphMLM-pythia8/RunIISummer20UL17NanoAODv2-106X_mc2017_realistic_v8-v1/NANOAODSIM', 'ignorelocality': 0, 'dryrun': 0, 'workflow': 'crab_DYJetsToLL_M-50_HT-1200to2500_v2', 'cacheurl': u'https://cmsweb-prod.cern.ch:8443/crabcache', 'nonprodsw': 1, 'tfileoutfiles': [], 'oneEventMode': 0, 'debugfilename': '909caa5d6e38c0c3dc95f3283d90e778b52f2810575e9b4479a099cbcdbcc476.tar.gz', 'saveoutput': 1, 'publication': 0, 'jobarch': 'slc7_amd64_gcc700', 'totalunits': 5, 'splitalgo': 'FileBased', 'ignoreglobalblacklist': 0, 'nonvaliddata': 0, 'dbsurl': 'https://cmsweb.cern.ch/dbs/prod/global/DBSReader', 'publishgroupname': 0, 'jobtype': 'Analysis', 'publishname2': 'DYJetsToLL_M-50_HT-1200to2500_v2'} 
DEBUG 2021-06-16 13:12:56.258 UTC: 	 Encoded submit request: maxjobruntime=1250&lfn=%2Fstore%2Fuser%2Fachhetri%2FTprime_v5_NANo_AOD_106X&savelogsflag=1&useparent=0&scriptexe=crab_script_Tprime.sh&asyncdest=T3_CH_CERNBOX&algoargs=1&cachefilename=dbb62c6e90d539c01b7361da7edd336f9b47ae6a13b3065aa8bb1bf2bea5890d.tar.gz&numcores=1&generator=pythia&maxmemory=2000&publishdbsurl=https%3A%2F%2Fcmsweb.cern.ch%2Fdbs%2Fprod%2Fphys03%2FDBSWriter&priority=10&jobsw=CMSSW_10_6_8&primarydataset=&inputdata=%2FDYJetsToLL_M-50_HT-1200to2500_TuneCP5_PSweights_13TeV-madgraphMLM-pythia8%2FRunIISummer20UL17NanoAODv2-106X_mc2017_realistic_v8-v1%2FNANOAODSIM&ignorelocality=0&dryrun=0&workflow=crab_DYJetsToLL_M-50_HT-1200to2500_v2&cacheurl=https%3A%2F%2Fcmsweb-prod.cern.ch%3A8443%2Fcrabcache&nonprodsw=1&oneEventMode=0&debugfilename=909caa5d6e38c0c3dc95f3283d90e778b52f2810575e9b4479a099cbcdbcc476.tar.gz&saveoutput=1&publication=0&jobarch=slc7_amd64_gcc700&totalunits=5&splitalgo=FileBased&ignoreglobalblacklist=0&nonvaliddata=0&dbsurl=https%3A%2F%2Fcmsweb.cern.ch%2Fdbs%2Fprod%2Fglobal%2FDBSReader&publishgroupname=0&jobtype=Analysis&publishname2=DYJetsToLL_M-50_HT-1200to2500_v2&edmoutfiles=tree.root
DEBUG 2021-06-16 13:12:56.330 UTC: 	 Result: {u'result': [{u'RequestName': u'210616_131256:achhetri_crab_DYJetsToLL_M-50_HT-1200to2500_v2'}]}
INFO 2021-06-16 13:12:56.335 UTC: 	 Success: Your task has been delivered to the prod CRAB3 server.
INFO 2021-06-16 13:12:56.336 UTC: 	 Task name: 210616_131256:achhetri_crab_DYJetsToLL_M-50_HT-1200to2500_v2
INFO 2021-06-16 13:12:56.336 UTC: 	 Project dir: crab_Tprime_v5_NANo_AOD_106X/crab_DYJetsToLL_M-50_HT-1200to2500_v2
INFO 2021-06-16 13:12:56.336 UTC: 	 Please use ' crab status -d crab_Tprime_v5_NANo_AOD_106X/crab_DYJetsToLL_M-50_HT-1200to2500_v2 ' to check how the submission process proceeds.
DEBUG 2021-06-16 13:12:56.336 UTC: 	 About to return
DEBUG 2021-06-16 13:20:41.864 UTC: 	 CRAB Client version: v3.210610
DEBUG 2021-06-16 13:20:41.864 UTC: 	 Running on: Linux lxplus768.cern.ch 3.10.0-1160.25.1.el7.x86_64 #1 SMP Wed Apr 28 21:49:45 UTC 2021 x86_64 x86_64 x86_64 GNU/Linux - CentOS Linux 7 (Core)
DEBUG 2021-06-16 13:20:41.865 UTC: 	 Executing command: 'status'
DEBUG 2021-06-16 13:20:41.865 UTC: 	 Found CRAB cache file /afs/cern.ch/user/a/achhetri/.crab3
DEBUG 2021-06-16 13:20:41.937 UTC: 	 Checking credentials
DEBUG 2021-06-16 13:20:41.938 UTC: 	 Found proxy file /tmp/x509up_u94350
DEBUG 2021-06-16 13:20:41.938 UTC: 	 Getting proxy life time left
DEBUG 2021-06-16 13:20:42.644 UTC: 	 Executing : 
 command : voms-proxy-info -file /tmp/x509up_u94350 -timeleft
 output : 689798

 error: 
 retcode : 0
DEBUG 2021-06-16 13:20:43.352 UTC: 	 Executing : 
 command : voms-proxy-info -file /tmp/x509up_u94350 -actimeleft
 output : 689797

 error: 
 retcode : 0
DEBUG 2021-06-16 13:20:43.352 UTC: 	 Proxy lifetime 689798 secs is different from voms extension lifetime 689797 secs for proxy: /tmp/x509up_u94350
DEBUG 2021-06-16 13:20:43.352 UTC: 	 Proxy valid for 191:36:37 hours
DEBUG 2021-06-16 13:20:43.468 UTC: 	 Registering user credentials for server /DC=ch/DC=cern/OU=computers/CN=crab-(preprod|prod|dev)-tw(02|01).cern.ch|/DC=ch/DC=cern/OU=computers/CN=(ddi|ddidk|mytw).cern.ch|/DC=ch/DC=cern/OU=computers/CN=stefanov(m|m2).cern.ch
DEBUG 2021-06-16 13:20:44.184 UTC: 	 Executing : 
 command : voms-proxy-info -file /tmp/x509up_u94350 -identity
 output : /DC=ch/DC=cern/OU=Organic Units/OU=Users/CN=achhetri/CN=804540/CN=Arjun Chhetri

 error: 
 retcode : 0
DEBUG 2021-06-16 13:20:44.192 UTC: 	 Getting myproxy life time left for myproxy.cern.ch
DEBUG 2021-06-16 13:20:44.192 UTC: 	 using eb0e67adc2dd9eb1770413a4ffd073f562b86f05 as credential login name
DEBUG 2021-06-16 13:20:44.597 UTC: 	 Executing : 
 command : myproxy-info -l eb0e67adc2dd9eb1770413a4ffd073f562b86f05 -s myproxy.cern.ch
 output : username: eb0e67adc2dd9eb1770413a4ffd073f562b86f05
owner: /DC=ch/DC=cern/OU=Organic Units/OU=Users/CN=achhetri/CN=804540/CN=Arjun Chhetri
  renewal policy: /DC=ch/DC=cern/OU=computers/CN=vocms0105.cern.ch|/DC=ch/DC=cern/OU=computers/CN=crab-(preprod|prod|dev)-tw(02|01).cern.ch|/DC=ch/DC=cern/OU=computers/CN=(ddi|ddidk|mytw).cern.ch|/DC=ch/DC=cern/OU=computers/CN=stefanov(m|m2).cern.ch
  trusted retrieval policy: /DC=ch/DC=cern/OU=computers/CN=vocms0105.cern.ch|/DC=ch/DC=cern/OU=computers/CN=crab-(preprod|prod|dev)-tw(02|01).cern.ch|/DC=ch/DC=cern/OU=computers/CN=(ddi|ddidk|mytw).cern.ch|/DC=ch/DC=cern/OU=computers/CN=stefanov(m|m2).cern.ch
  timeleft: 0:00:00

 error: 
 retcode : 0
DEBUG 2021-06-16 13:20:44.599 UTC: 	 Myproxy is valid: 0
DEBUG 2021-06-16 13:20:44.703 UTC: 	 Executing : 
 command : openssl x509 -noout -in ~/.globus/usercert.pem -dates
 output : notBefore=Nov 11 12:18:59 2020 GMT
notAfter=Dec 16 12:18:59 2021 GMT

 error: 
 retcode : 0
DEBUG 2021-06-16 13:20:44.710 UTC: 	 Delegating a myproxy for 720:00 hours
DEBUG 2021-06-16 13:20:44.711 UTC: 	 using eb0e67adc2dd9eb1770413a4ffd073f562b86f05 as credential login name
DEBUG 2021-06-16 13:20:46.923 UTC: 	 Executing : 
 command : export GT_PROXY_MODE=rfc ; myproxy-init -d -n -s myproxy.cern.ch -x -R '/DC=ch/DC=cern/OU=computers/CN=crab-(preprod|prod|dev)-tw(02|01).cern.ch|/DC=ch/DC=cern/OU=computers/CN=(ddi|ddidk|mytw).cern.ch|/DC=ch/DC=cern/OU=computers/CN=stefanov(m|m2).cern.ch' -x -Z '/DC=ch/DC=cern/OU=computers/CN=crab-(preprod|prod|dev)-tw(02|01).cern.ch|/DC=ch/DC=cern/OU=computers/CN=(ddi|ddidk|mytw).cern.ch|/DC=ch/DC=cern/OU=computers/CN=stefanov(m|m2).cern.ch' -l 'eb0e67adc2dd9eb1770413a4ffd073f562b86f05' -t 168:00 -c 720:00
 output : Your identity: /DC=ch/DC=cern/OU=Organic Units/OU=Users/CN=achhetri/CN=804540/CN=Arjun Chhetri

 error: Error: Couldn't read user key in /afs/cern.ch/user/a/achhetri/.globus/userkey.pem.
Use -debug for further information.
grid-proxy-init failed

 retcode : 1
DEBUG 2021-06-16 13:20:46.924 UTC: 	 using eb0e67adc2dd9eb1770413a4ffd073f562b86f05 as credential login name
DEBUG 2021-06-16 13:20:47.330 UTC: 	 Executing : 
 command : myproxy-info -l eb0e67adc2dd9eb1770413a4ffd073f562b86f05 -s myproxy.cern.ch
 output : username: eb0e67adc2dd9eb1770413a4ffd073f562b86f05
owner: /DC=ch/DC=cern/OU=Organic Units/OU=Users/CN=achhetri/CN=804540/CN=Arjun Chhetri
  renewal policy: /DC=ch/DC=cern/OU=computers/CN=vocms0105.cern.ch|/DC=ch/DC=cern/OU=computers/CN=crab-(preprod|prod|dev)-tw(02|01).cern.ch|/DC=ch/DC=cern/OU=computers/CN=(ddi|ddidk|mytw).cern.ch|/DC=ch/DC=cern/OU=computers/CN=stefanov(m|m2).cern.ch
  trusted retrieval policy: /DC=ch/DC=cern/OU=computers/CN=vocms0105.cern.ch|/DC=ch/DC=cern/OU=computers/CN=crab-(preprod|prod|dev)-tw(02|01).cern.ch|/DC=ch/DC=cern/OU=computers/CN=(ddi|ddidk|mytw).cern.ch|/DC=ch/DC=cern/OU=computers/CN=stefanov(m|m2).cern.ch
  timeleft: 0:00:00

 error: 
 retcode : 0
DEBUG 2021-06-16 13:20:47.330 UTC: 	 Retrieving username ...
DEBUG 2021-06-16 13:20:47.330 UTC: 	 Retrieving username from CRIC...
DEBUG 2021-06-16 13:20:48.098 UTC: 	 username is achhetri
DEBUG 2021-06-16 13:20:48.105 UTC: 	 Getting myproxy life time left for myproxy.cern.ch
DEBUG 2021-06-16 13:20:48.106 UTC: 	 using achhetri_CRAB as credential login name
DEBUG 2021-06-16 13:20:48.511 UTC: 	 Executing : 
 command : myproxy-info -l achhetri_CRAB -s myproxy.cern.ch
 output : username: achhetri_CRAB
owner: /DC=ch/DC=cern/OU=Organic Units/OU=Users/CN=achhetri/CN=804540/CN=Arjun Chhetri
  renewal policy: /DC=ch/DC=cern/OU=computers/CN=crab-(preprod|prod|dev)-tw(02|01).cern.ch|/DC=ch/DC=cern/OU=computers/CN=(ddi|ddidk|mytw).cern.ch|/DC=ch/DC=cern/OU=computers/CN=stefanov(m|m2).cern.ch
  trusted retrieval policy: /DC=ch/DC=cern/OU=computers/CN=crab-(preprod|prod|dev)-tw(02|01).cern.ch|/DC=ch/DC=cern/OU=computers/CN=(ddi|ddidk|mytw).cern.ch|/DC=ch/DC=cern/OU=computers/CN=stefanov(m|m2).cern.ch
  timeleft: 719:47:30  (30.0 days)

 error: 
 retcode : 0
DEBUG 2021-06-16 13:20:48.511 UTC: 	 Myproxy is valid: 2591250
DEBUG 2021-06-16 13:20:48.512 UTC: 	 Result of myproxy credential check:
  Error trying to create credential:
 Problems delegating My-proxy. It seems your proxy has not been delegated to myproxy. Please check the logfile for the exact error (Maybe you simply typed a wrong password)
  Credential exists on myproxy: username: achhetri_CRAB  - validity: 29 days, 23:47:30
DEBUG 2021-06-16 13:20:48.513 UTC: 	 Command use: status
DEBUG 2021-06-16 13:20:48.513 UTC: 	 Options use: ['-d', 'crab_Tprime_v5_NANo_AOD_106X/crab_DYJetsToLL_M-50_HT-1200to2500_v2/']
DEBUG 2021-06-16 13:20:48.562 UTC: 	 CRABClient version: v3.210610
DEBUG 2021-06-16 13:20:48.562 UTC: 	 Instance is prod
DEBUG 2021-06-16 13:20:48.562 UTC: 	 Server base url is cmsweb.cern.ch
DEBUG 2021-06-16 13:20:48.562 UTC: 	 Command api workflow
DEBUG 2021-06-16 13:20:48.617 UTC: 	 Got information from server oracle database: {u'result': [u'210616_131256:achhetri_crab_DYJetsToLL_M-50_HT-1200to2500_v2', u'None', u'None', u'SUBMITTED', u'SUBMIT', u'2021-06-16 13:12:56.322892', u'None', u'2021-06-16 13:13:54.461986', u'None', u'CMSSW_10_6_8', u'slc7_amd64_gcc700', u'/DYJetsToLL_M-50_HT-1200to2500_TuneCP5_PSweights_13TeV-madgraphMLM-pythia8/RunIISummer20UL17NanoAODv2-106X_mc2017_realistic_v8-v1/NANOAODSIM', u'F', u'0', u'[]', u'[]', u'FileBased', u"{'splitOnRun': False, 'halt_job_on_file_boundaries': False, 'files_per_job': 1, 'runs': [], 'lumis': []}", u'dbb62c6e90d539c01b7361da7edd336f9b47ae6a13b3065aa8bb1bf2bea5890d.tar.gz', u'https://cmsweb-prod.cern.ch:8443/crabcache', u'achhetri', u'/DC=ch/DC=cern/OU=Organic Units/OU=Users/CN=achhetri/CN=804540/CN=Arjun Chhetri', u'cms', u'None', u'None', u'DYJetsToLL_M-50_HT-1200to2500_v2-00000000000000000000000000000000', u'F', u'T3_CH_CERNBOX', u'https://cmsweb.cern.ch/dbs/prod/global/DBSReader', u'https://cmsweb.cern.ch/dbs/prod/phys03/DBSWriter', u'F', u'[]', u'[]', u"[b'tree.root']", u'Analysis', u'pythia', u'None', u'{}', u'[]', u'T', u'crab-prod-tw01', u'[]', u'1250', u'1', u'2000', u'10', u'None', u'[]', u'http://vocms0122.cern.ch/mon/cms341/210616_131256:achhetri_crab_DYJetsToLL_M-50_HT-1200to2500_v2', u'crab_script_Tprime.sh', u'[]', u'[]', u'https://cmsweb.cern.ch/crabserver/prod', u'cmsgwms-collector-global.cern.ch:9620,cmsgwms-collector-global.fnal.gov:9620', u'crab3@vocms0122.cern.ch', u'F', u'[]', u'T', u'/store/user/achhetri/Tprime_v5_NANo_AOD_106X', u'F', u'None', u'F', u'None', u'DYJetsToLL_M-50_HT-1200to2500_TuneCP5_PSweights_13TeV-madgraphMLM-pythia8', u'None', u'909caa5d6e38c0c3dc95f3283d90e778b52f2810575e9b4479a099cbcdbcc476.tar.gz', u'71261724', u'filetransfers', u'F', u'137.138.120.6', u'5.0', u'None'], u'desc': {u'columns': [u'tm_taskname', u'tm_activity', u'panda_jobset_id', u'tm_task_status', u'tm_task_command', u'tm_start_time', u'tm_start_injection', u'tm_end_injection', u'tm_task_failure', u'tm_job_sw', u'tm_job_arch', u'tm_input_dataset', u'tm_nonvalid_input_dataset', u'tm_use_parent', u'tm_site_whitelist', u'tm_site_blacklist', u'tm_split_algo', u'tm_split_args', u'tm_user_sandbox', u'tm_cache_url', u'tm_username', u'tm_user_dn', u'tm_user_vo', u'tm_user_role', u'tm_user_group', u'tm_publish_name', u'tm_publish_groupname', u'tm_asyncdest', u'tm_dbs_url', u'tm_publish_dbs_url', u'tm_publication', u'tm_outfiles', u'tm_tfile_outfiles', u'tm_edm_outfiles', u'tm_job_type', u'tm_generator', u'tm_events_per_lumi', u'tm_arguments', u'panda_resubmitted_jobs', u'tm_save_logs', u'tw_name', u'tm_user_infiles', u'tm_maxjobruntime', u'tm_numcores', u'tm_maxmemory', u'tm_priority', u'tm_output_dataset', u'tm_task_warnings', u'tm_user_webdir', u'tm_scriptexe', u'tm_scriptargs', u'tm_extrajdl', u'tm_asourl', u'tm_collector', u'tm_schedd', u'tm_dry_run', u'tm_user_files', u'tm_transfer_outputs', u'tm_output_lfn', u'tm_ignore_locality', u'tm_fail_limit', u'tm_one_event_mode', u'tm_secondary_input_dataset', u'tm_primary_dataset', u'tm_last_publication', u'tm_debug_files', u'clusterid', u'tm_asodb', u'tm_ignore_global_blacklist', u'tm_submitter_ip_addr', u'tm_totalunits', u'tm_ddm_reqid']}}
INFO 2021-06-16 13:20:48.618 UTC: 	 CRAB project directory:		/afs/cern.ch/work/a/achhetri/NANO_AOD/CMSSW_10_6_8/src/WTopScalefactorProducer/Skimmer/NANOcrab/crab_Tprime_v5_NANo_AOD_106X/crab_DYJetsToLL_M-50_HT-1200to2500_v2
INFO 2021-06-16 13:20:48.618 UTC: 	 Task name:			210616_131256:achhetri_crab_DYJetsToLL_M-50_HT-1200to2500_v2
INFO 2021-06-16 13:20:48.618 UTC: 	 Grid scheduler - Task Worker:	crab3@vocms0122.cern.ch - crab-prod-tw01
INFO 2021-06-16 13:20:48.618 UTC: 	 Status on the CRAB server:	SUBMITTED
INFO 2021-06-16 13:20:48.618 UTC: 	 Task URL to use for HELP:	https://cmsweb.cern.ch/crabserver/ui/task/210616_131256%3Aachhetri_crab_DYJetsToLL_M-50_HT-1200to2500_v2
INFO 2021-06-16 13:20:48.620 UTC: 	 Dashboard monitoring URL:	https://monit-grafana.cern.ch/d/cmsTMDetail/cms-task-monitoring-task-view?orgId=11&var-user=achhetri&var-task=210616_131256%3Aachhetri_crab_DYJetsToLL_M-50_HT-1200to2500_v2&from=1623845576000&to=now
DEBUG 2021-06-16 13:20:48.620 UTC: 	 The CRAB server submitted your task to the Grid scheduler (cluster ID: 71261724)
DEBUG 2021-06-16 13:20:48.620 UTC: 	 Webdir is located at http://vocms0122.cern.ch/mon/cms341/210616_131256:achhetri_crab_DYJetsToLL_M-50_HT-1200to2500_v2
DEBUG 2021-06-16 13:20:49.036 UTC: 	 Proxied webdir is located at https://cmsweb.cern.ch:8443/scheddmon/0122/cms341/210616_131256:achhetri_crab_DYJetsToLL_M-50_HT-1200to2500_v2
DEBUG 2021-06-16 13:20:49.037 UTC: 	 Retrieving 'status_cache' file from https://cmsweb.cern.ch:8443/scheddmon/0122/cms341/210616_131256:achhetri_crab_DYJetsToLL_M-50_HT-1200to2500_v2/status_cache
DEBUG 2021-06-16 13:20:49.077 UTC: 	 Got information from status cache file: {'1': {'Retries': 0, 'WallDurations': [9.0, 208.8237280845642, 208.8237280845642], 'StartTimes': [1623849399.0], 'SubmitTimes': [1623849240.0], 'JobIds': ['71261730.0'], 'EndTimes': [], 'Restarts': 0, 'RecordedSite': True, 'State': 'running', 'ResidentSetSize': [2832], 'TotalUserCpuTimeHistory': [0.0], 'SiteHistory': ['Unknown', 'T2_IT_Legnaro', 'T2_IT_Legnaro'], 'TotalSysCpuTimeHistory': [0.0]}, '3': {'Retries': 0, 'WallDurations': [8.0, 210.8237280845642, 210.8237280845642], 'StartTimes': [1623849397.0], 'SubmitTimes': [1623849240.0], 'JobIds': ['71261728.0'], 'EndTimes': [], 'Restarts': 0, 'RecordedSite': True, 'State': 'running', 'ResidentSetSize': [51244], 'TotalUserCpuTimeHistory': [0.0], 'SiteHistory': ['Unknown', 'T2_IT_Legnaro', 'T2_IT_Legnaro'], 'TotalSysCpuTimeHistory': [0.0]}, '2': {'Retries': 0, 'WallDurations': [9.0, 212.8237280845642, 212.8237280845642], 'StartTimes': [1623849395.0], 'SubmitTimes': [1623849240.0], 'JobIds': ['71261727.0'], 'EndTimes': [], 'Restarts': 0, 'RecordedSite': True, 'State': 'running', 'ResidentSetSize': [2964], 'TotalUserCpuTimeHistory': [0.0], 'SiteHistory': ['Unknown', 'T3_UK_ScotGrid_GLA', 'T3_UK_ScotGrid_GLA'], 'TotalSysCpuTimeHistory': [0.0]}, '5': {'Retries': 0, 'WallDurations': [10.0, 211.8237280845642, 211.8237280845642], 'StartTimes': [1623849396.0], 'SubmitTimes': [1623849241.0], 'JobIds': ['71261731.0'], 'EndTimes': [], 'Restarts': 0, 'RecordedSite': True, 'State': 'running', 'ResidentSetSize': [2836], 'TotalUserCpuTimeHistory': [0.0], 'SiteHistory': ['Unknown', 'T3_UK_London_RHUL', 'T3_UK_London_RHUL'], 'TotalSysCpuTimeHistory': [0.0]}, '4': {'Retries': 0, 'WallDurations': [9.0, 209.8237280845642, 209.8237280845642], 'StartTimes': [1623849398.0], 'SubmitTimes': [1623849240.0], 'JobIds': ['71261729.0'], 'EndTimes': [], 'Restarts': 0, 'RecordedSite': True, 'State': 'running', 'ResidentSetSize': [46444], 'TotalUserCpuTimeHistory': [4.0], 'SiteHistory': ['Unknown', 'T2_IT_Legnaro', 'T2_IT_Legnaro'], 'TotalSysCpuTimeHistory': [0.0]}}
INFO 2021-06-16 13:20:49.077 UTC: 	 Status on the scheduler:	SUBMITTED
INFO 2021-06-16 13:20:49.079 UTC: 	 
Jobs status:                    running      		100.0% (5/5)
INFO 2021-06-16 13:20:49.079 UTC: 	 
No publication information (publication has been disabled in the CRAB configuration file)
INFO 2021-06-16 13:20:49.304 UTC: 	 Log file is /afs/cern.ch/work/a/achhetri/NANO_AOD/CMSSW_10_6_8/src/WTopScalefactorProducer/Skimmer/NANOcrab/crab_Tprime_v5_NANo_AOD_106X/crab_DYJetsToLL_M-50_HT-1200to2500_v2/crab.log
DEBUG 2021-06-17 10:05:03.023 UTC: 	 CRAB Client version: v3.210610
DEBUG 2021-06-17 10:05:03.023 UTC: 	 Running on: Linux lxplus727.cern.ch 3.10.0-1160.25.1.el7.x86_64 #1 SMP Wed Apr 28 21:49:45 UTC 2021 x86_64 x86_64 x86_64 GNU/Linux - CentOS Linux 7 (Core)
DEBUG 2021-06-17 10:05:03.023 UTC: 	 Executing command: 'status'
DEBUG 2021-06-17 10:05:03.023 UTC: 	 Found CRAB cache file /afs/cern.ch/user/a/achhetri/.crab3
DEBUG 2021-06-17 10:05:03.124 UTC: 	 Checking credentials
DEBUG 2021-06-17 10:05:03.125 UTC: 	 Found proxy file /tmp/x509up_u94350
DEBUG 2021-06-17 10:05:03.125 UTC: 	 Getting proxy life time left
DEBUG 2021-06-17 10:05:03.733 UTC: 	 Executing : 
 command : voms-proxy-info -file /tmp/x509up_u94350 -timeleft
 output : 691011

 error: 
 retcode : 0
DEBUG 2021-06-17 10:05:04.441 UTC: 	 Executing : 
 command : voms-proxy-info -file /tmp/x509up_u94350 -actimeleft
 output : 691010

 error: 
 retcode : 0
DEBUG 2021-06-17 10:05:04.442 UTC: 	 Proxy lifetime 691011 secs is different from voms extension lifetime 691010 secs for proxy: /tmp/x509up_u94350
DEBUG 2021-06-17 10:05:04.442 UTC: 	 Proxy valid for 191:56:50 hours
DEBUG 2021-06-17 10:05:04.558 UTC: 	 Registering user credentials for server /DC=ch/DC=cern/OU=computers/CN=crab-(preprod|prod|dev)-tw(02|01).cern.ch|/DC=ch/DC=cern/OU=computers/CN=(ddi|ddidk|mytw).cern.ch|/DC=ch/DC=cern/OU=computers/CN=stefanov(m|m2).cern.ch
DEBUG 2021-06-17 10:05:05.272 UTC: 	 Executing : 
 command : voms-proxy-info -file /tmp/x509up_u94350 -identity
 output : /DC=ch/DC=cern/OU=Organic Units/OU=Users/CN=achhetri/CN=804540/CN=Arjun Chhetri

 error: 
 retcode : 0
DEBUG 2021-06-17 10:05:05.279 UTC: 	 Getting myproxy life time left for myproxy.cern.ch
DEBUG 2021-06-17 10:05:05.280 UTC: 	 using eb0e67adc2dd9eb1770413a4ffd073f562b86f05 as credential login name
DEBUG 2021-06-17 10:05:05.684 UTC: 	 Executing : 
 command : myproxy-info -l eb0e67adc2dd9eb1770413a4ffd073f562b86f05 -s myproxy.cern.ch
 output : username: eb0e67adc2dd9eb1770413a4ffd073f562b86f05
owner: /DC=ch/DC=cern/OU=Organic Units/OU=Users/CN=achhetri/CN=804540/CN=Arjun Chhetri
  renewal policy: /DC=ch/DC=cern/OU=computers/CN=vocms0105.cern.ch|/DC=ch/DC=cern/OU=computers/CN=crab-(preprod|prod|dev)-tw(02|01).cern.ch|/DC=ch/DC=cern/OU=computers/CN=(ddi|ddidk|mytw).cern.ch|/DC=ch/DC=cern/OU=computers/CN=stefanov(m|m2).cern.ch
  trusted retrieval policy: /DC=ch/DC=cern/OU=computers/CN=vocms0105.cern.ch|/DC=ch/DC=cern/OU=computers/CN=crab-(preprod|prod|dev)-tw(02|01).cern.ch|/DC=ch/DC=cern/OU=computers/CN=(ddi|ddidk|mytw).cern.ch|/DC=ch/DC=cern/OU=computers/CN=stefanov(m|m2).cern.ch
  timeleft: 0:00:00

 error: 
 retcode : 0
DEBUG 2021-06-17 10:05:05.685 UTC: 	 Myproxy is valid: 0
DEBUG 2021-06-17 10:05:05.788 UTC: 	 Executing : 
 command : openssl x509 -noout -in ~/.globus/usercert.pem -dates
 output : notBefore=Nov 11 12:18:59 2020 GMT
notAfter=Dec 16 12:18:59 2021 GMT

 error: 
 retcode : 0
DEBUG 2021-06-17 10:05:05.794 UTC: 	 Delegating a myproxy for 720:00 hours
DEBUG 2021-06-17 10:05:05.794 UTC: 	 using eb0e67adc2dd9eb1770413a4ffd073f562b86f05 as credential login name
DEBUG 2021-06-17 10:05:07.502 UTC: 	 Executing : 
 command : export GT_PROXY_MODE=rfc ; myproxy-init -d -n -s myproxy.cern.ch -x -R '/DC=ch/DC=cern/OU=computers/CN=crab-(preprod|prod|dev)-tw(02|01).cern.ch|/DC=ch/DC=cern/OU=computers/CN=(ddi|ddidk|mytw).cern.ch|/DC=ch/DC=cern/OU=computers/CN=stefanov(m|m2).cern.ch' -x -Z '/DC=ch/DC=cern/OU=computers/CN=crab-(preprod|prod|dev)-tw(02|01).cern.ch|/DC=ch/DC=cern/OU=computers/CN=(ddi|ddidk|mytw).cern.ch|/DC=ch/DC=cern/OU=computers/CN=stefanov(m|m2).cern.ch' -l 'eb0e67adc2dd9eb1770413a4ffd073f562b86f05' -t 168:00 -c 720:00
 output : Your identity: /DC=ch/DC=cern/OU=Organic Units/OU=Users/CN=achhetri/CN=804540/CN=Arjun Chhetri

 error: Error: Couldn't read user key in /afs/cern.ch/user/a/achhetri/.globus/userkey.pem.
Use -debug for further information.
grid-proxy-init failed

 retcode : 1
DEBUG 2021-06-17 10:05:07.503 UTC: 	 using eb0e67adc2dd9eb1770413a4ffd073f562b86f05 as credential login name
DEBUG 2021-06-17 10:05:07.909 UTC: 	 Executing : 
 command : myproxy-info -l eb0e67adc2dd9eb1770413a4ffd073f562b86f05 -s myproxy.cern.ch
 output : username: eb0e67adc2dd9eb1770413a4ffd073f562b86f05
owner: /DC=ch/DC=cern/OU=Organic Units/OU=Users/CN=achhetri/CN=804540/CN=Arjun Chhetri
  renewal policy: /DC=ch/DC=cern/OU=computers/CN=vocms0105.cern.ch|/DC=ch/DC=cern/OU=computers/CN=crab-(preprod|prod|dev)-tw(02|01).cern.ch|/DC=ch/DC=cern/OU=computers/CN=(ddi|ddidk|mytw).cern.ch|/DC=ch/DC=cern/OU=computers/CN=stefanov(m|m2).cern.ch
  trusted retrieval policy: /DC=ch/DC=cern/OU=computers/CN=vocms0105.cern.ch|/DC=ch/DC=cern/OU=computers/CN=crab-(preprod|prod|dev)-tw(02|01).cern.ch|/DC=ch/DC=cern/OU=computers/CN=(ddi|ddidk|mytw).cern.ch|/DC=ch/DC=cern/OU=computers/CN=stefanov(m|m2).cern.ch
  timeleft: 0:00:00

 error: 
 retcode : 0
DEBUG 2021-06-17 10:05:07.910 UTC: 	 Retrieving username ...
DEBUG 2021-06-17 10:05:07.910 UTC: 	 Retrieving username from CRIC...
DEBUG 2021-06-17 10:05:08.746 UTC: 	 username is achhetri
DEBUG 2021-06-17 10:05:08.755 UTC: 	 Getting myproxy life time left for myproxy.cern.ch
DEBUG 2021-06-17 10:05:08.755 UTC: 	 using achhetri_CRAB as credential login name
DEBUG 2021-06-17 10:05:09.160 UTC: 	 Executing : 
 command : myproxy-info -l achhetri_CRAB -s myproxy.cern.ch
 output : username: achhetri_CRAB
owner: /DC=ch/DC=cern/OU=Organic Units/OU=Users/CN=achhetri/CN=804540/CN=Arjun Chhetri
  renewal policy: /DC=ch/DC=cern/OU=computers/CN=crab-(preprod|prod|dev)-tw(02|01).cern.ch|/DC=ch/DC=cern/OU=computers/CN=(ddi|ddidk|mytw).cern.ch|/DC=ch/DC=cern/OU=computers/CN=stefanov(m|m2).cern.ch
  trusted retrieval policy: /DC=ch/DC=cern/OU=computers/CN=crab-(preprod|prod|dev)-tw(02|01).cern.ch|/DC=ch/DC=cern/OU=computers/CN=(ddi|ddidk|mytw).cern.ch|/DC=ch/DC=cern/OU=computers/CN=stefanov(m|m2).cern.ch
  timeleft: 699:03:09  (29.1 days)

 error: 
 retcode : 0
DEBUG 2021-06-17 10:05:09.161 UTC: 	 Myproxy is valid: 2516589
DEBUG 2021-06-17 10:05:09.161 UTC: 	 Result of myproxy credential check:
  Error trying to create credential:
 Problems delegating My-proxy. It seems your proxy has not been delegated to myproxy. Please check the logfile for the exact error (Maybe you simply typed a wrong password)
  Credential exists on myproxy: username: achhetri_CRAB  - validity: 29 days, 3:03:09
DEBUG 2021-06-17 10:05:09.162 UTC: 	 Command use: status
DEBUG 2021-06-17 10:05:09.162 UTC: 	 Options use: ['-d', 'crab_DYJetsToLL_M-50_HT-1200to2500_v2/']
DEBUG 2021-06-17 10:05:09.281 UTC: 	 CRABClient version: v3.210610
DEBUG 2021-06-17 10:05:09.281 UTC: 	 Instance is prod
DEBUG 2021-06-17 10:05:09.281 UTC: 	 Server base url is cmsweb.cern.ch
DEBUG 2021-06-17 10:05:09.281 UTC: 	 Command api workflow
DEBUG 2021-06-17 10:05:09.397 UTC: 	 Got information from server oracle database: {u'result': [u'210616_131256:achhetri_crab_DYJetsToLL_M-50_HT-1200to2500_v2', u'None', u'None', u'SUBMITTED', u'SUBMIT', u'2021-06-16 13:12:56.322892', u'None', u'2021-06-16 13:13:54.461986', u'None', u'CMSSW_10_6_8', u'slc7_amd64_gcc700', u'/DYJetsToLL_M-50_HT-1200to2500_TuneCP5_PSweights_13TeV-madgraphMLM-pythia8/RunIISummer20UL17NanoAODv2-106X_mc2017_realistic_v8-v1/NANOAODSIM', u'F', u'0', u'[]', u'[]', u'FileBased', u"{'splitOnRun': False, 'halt_job_on_file_boundaries': False, 'files_per_job': 1, 'runs': [], 'lumis': []}", u'dbb62c6e90d539c01b7361da7edd336f9b47ae6a13b3065aa8bb1bf2bea5890d.tar.gz', u'https://cmsweb-prod.cern.ch:8443/crabcache', u'achhetri', u'/DC=ch/DC=cern/OU=Organic Units/OU=Users/CN=achhetri/CN=804540/CN=Arjun Chhetri', u'cms', u'None', u'None', u'DYJetsToLL_M-50_HT-1200to2500_v2-00000000000000000000000000000000', u'F', u'T3_CH_CERNBOX', u'https://cmsweb.cern.ch/dbs/prod/global/DBSReader', u'https://cmsweb.cern.ch/dbs/prod/phys03/DBSWriter', u'F', u'[]', u'[]', u"[b'tree.root']", u'Analysis', u'pythia', u'None', u'{}', u'[]', u'T', u'crab-prod-tw01', u'[]', u'1250', u'1', u'2000', u'10', u"[b'/DYJetsToLL_M-50_HT-1200to2500_TuneCP5_PSweights_13TeV-madgraphMLM-pythia8/achhetri-DYJetsToLL_M-50_HT-1200to2500_v2-5d8f93ee2ba2db6b402c7167473e2950/USER']", u'[]', u'http://vocms0122.cern.ch/mon/cms341/210616_131256:achhetri_crab_DYJetsToLL_M-50_HT-1200to2500_v2', u'crab_script_Tprime.sh', u'[]', u'[]', u'https://cmsweb.cern.ch/crabserver/prod', u'cmsgwms-collector-global.cern.ch:9620,cmsgwms-collector-global.fnal.gov:9620', u'crab3@vocms0122.cern.ch', u'F', u'[]', u'T', u'/store/user/achhetri/Tprime_v5_NANo_AOD_106X', u'F', u'None', u'F', u'None', u'DYJetsToLL_M-50_HT-1200to2500_TuneCP5_PSweights_13TeV-madgraphMLM-pythia8', u'None', u'909caa5d6e38c0c3dc95f3283d90e778b52f2810575e9b4479a099cbcdbcc476.tar.gz', u'71261724', u'filetransfers', u'F', u'137.138.120.6', u'5.0', u'None'], u'desc': {u'columns': [u'tm_taskname', u'tm_activity', u'panda_jobset_id', u'tm_task_status', u'tm_task_command', u'tm_start_time', u'tm_start_injection', u'tm_end_injection', u'tm_task_failure', u'tm_job_sw', u'tm_job_arch', u'tm_input_dataset', u'tm_nonvalid_input_dataset', u'tm_use_parent', u'tm_site_whitelist', u'tm_site_blacklist', u'tm_split_algo', u'tm_split_args', u'tm_user_sandbox', u'tm_cache_url', u'tm_username', u'tm_user_dn', u'tm_user_vo', u'tm_user_role', u'tm_user_group', u'tm_publish_name', u'tm_publish_groupname', u'tm_asyncdest', u'tm_dbs_url', u'tm_publish_dbs_url', u'tm_publication', u'tm_outfiles', u'tm_tfile_outfiles', u'tm_edm_outfiles', u'tm_job_type', u'tm_generator', u'tm_events_per_lumi', u'tm_arguments', u'panda_resubmitted_jobs', u'tm_save_logs', u'tw_name', u'tm_user_infiles', u'tm_maxjobruntime', u'tm_numcores', u'tm_maxmemory', u'tm_priority', u'tm_output_dataset', u'tm_task_warnings', u'tm_user_webdir', u'tm_scriptexe', u'tm_scriptargs', u'tm_extrajdl', u'tm_asourl', u'tm_collector', u'tm_schedd', u'tm_dry_run', u'tm_user_files', u'tm_transfer_outputs', u'tm_output_lfn', u'tm_ignore_locality', u'tm_fail_limit', u'tm_one_event_mode', u'tm_secondary_input_dataset', u'tm_primary_dataset', u'tm_last_publication', u'tm_debug_files', u'clusterid', u'tm_asodb', u'tm_ignore_global_blacklist', u'tm_submitter_ip_addr', u'tm_totalunits', u'tm_ddm_reqid']}}
INFO 2021-06-17 10:05:09.398 UTC: 	 CRAB project directory:		/afs/cern.ch/work/a/achhetri/NANO_AOD/CMSSW_10_6_8/src/WTopScalefactorProducer/Skimmer/NANOcrab/crab_Tprime_v5_NANo_AOD_106X/crab_DYJetsToLL_M-50_HT-1200to2500_v2
INFO 2021-06-17 10:05:09.398 UTC: 	 Task name:			210616_131256:achhetri_crab_DYJetsToLL_M-50_HT-1200to2500_v2
INFO 2021-06-17 10:05:09.398 UTC: 	 Grid scheduler - Task Worker:	crab3@vocms0122.cern.ch - crab-prod-tw01
INFO 2021-06-17 10:05:09.398 UTC: 	 Status on the CRAB server:	SUBMITTED
INFO 2021-06-17 10:05:09.398 UTC: 	 Task URL to use for HELP:	https://cmsweb.cern.ch/crabserver/ui/task/210616_131256%3Aachhetri_crab_DYJetsToLL_M-50_HT-1200to2500_v2
INFO 2021-06-17 10:05:09.399 UTC: 	 Dashboard monitoring URL:	https://monit-grafana.cern.ch/d/cmsTMDetail/cms-task-monitoring-task-view?orgId=11&var-user=achhetri&var-task=210616_131256%3Aachhetri_crab_DYJetsToLL_M-50_HT-1200to2500_v2&from=1623845576000&to=now
DEBUG 2021-06-17 10:05:09.399 UTC: 	 The CRAB server submitted your task to the Grid scheduler (cluster ID: 71261724)
DEBUG 2021-06-17 10:05:09.400 UTC: 	 Webdir is located at http://vocms0122.cern.ch/mon/cms341/210616_131256:achhetri_crab_DYJetsToLL_M-50_HT-1200to2500_v2
DEBUG 2021-06-17 10:05:09.542 UTC: 	 Proxied webdir is located at https://cmsweb.cern.ch:8443/scheddmon/0122/cms341/210616_131256:achhetri_crab_DYJetsToLL_M-50_HT-1200to2500_v2
DEBUG 2021-06-17 10:05:09.542 UTC: 	 Retrieving 'status_cache' file from https://cmsweb.cern.ch:8443/scheddmon/0122/cms341/210616_131256:achhetri_crab_DYJetsToLL_M-50_HT-1200to2500_v2/status_cache
DEBUG 2021-06-17 10:05:09.580 UTC: 	 Got information from status cache file: {'1': {'Retries': 0, 'WallDurations': [9.0, 208.8237280845642, 56604.0], 'StartTimes': [1623849399.0], 'SubmitTimes': [1623849240.0], 'JobIds': ['71261730.0'], 'EndTimes': [1623906003.0], 'Restarts': 0, 'RecordedSite': True, 'State': 'finished', 'ResidentSetSize': [699992], 'TotalUserCpuTimeHistory': [52262], 'SiteHistory': ['Unknown', 'T2_IT_Legnaro', 'T2_IT_Legnaro'], 'TotalSysCpuTimeHistory': [3775]}, '3': {'Retries': 0, 'WallDurations': [8.0, 210.8237280845642, 50783.0], 'StartTimes': [1623849397.0], 'SubmitTimes': [1623849240.0], 'JobIds': ['71261728.0'], 'EndTimes': [1623900180.0], 'Restarts': 0, 'RecordedSite': True, 'State': 'finished', 'ResidentSetSize': [675628], 'TotalUserCpuTimeHistory': [47600], 'SiteHistory': ['Unknown', 'T2_IT_Legnaro', 'T2_IT_Legnaro'], 'TotalSysCpuTimeHistory': [2720]}, '2': {'Retries': 0, 'WallDurations': [9.0, 212.8237280845642, 41451.0], 'StartTimes': [1623849395.0], 'SubmitTimes': [1623849240.0], 'JobIds': ['71261727.0'], 'EndTimes': [1623890846.0], 'Restarts': 0, 'RecordedSite': True, 'State': 'finished', 'ResidentSetSize': [709576], 'TotalUserCpuTimeHistory': [28246], 'SiteHistory': ['Unknown', 'T3_UK_ScotGrid_GLA', 'T3_UK_ScotGrid_GLA'], 'TotalSysCpuTimeHistory': [1253]}, '5': {'Retries': 0, 'WallDurations': [10.0, 211.8237280845642, 56056.0], 'StartTimes': [1623849396.0], 'SubmitTimes': [1623849241.0], 'JobIds': ['71261731.0'], 'EndTimes': [1623905452.0], 'Restarts': 0, 'RecordedSite': True, 'State': 'finished', 'ResidentSetSize': [664452], 'TotalUserCpuTimeHistory': [45012], 'SiteHistory': ['Unknown', 'T3_UK_London_RHUL', 'T3_UK_London_RHUL'], 'TotalSysCpuTimeHistory': [2426]}, '4': {'Retries': 0, 'WallDurations': [9.0, 209.8237280845642, 31821.0], 'StartTimes': [1623849398.0], 'SubmitTimes': [1623849240.0], 'JobIds': ['71261729.0'], 'EndTimes': [1623881219.0], 'Restarts': 0, 'RecordedSite': True, 'State': 'finished', 'ResidentSetSize': [636956], 'TotalUserCpuTimeHistory': [29647], 'SiteHistory': ['Unknown', 'T2_IT_Legnaro', 'T2_IT_Legnaro'], 'TotalSysCpuTimeHistory': [1740]}}
INFO 2021-06-17 10:05:09.580 UTC: 	 Status on the scheduler:	COMPLETED
INFO 2021-06-17 10:05:09.580 UTC: 	 
Jobs status:                    finished     		100.0% (5/5)
INFO 2021-06-17 10:05:09.580 UTC: 	 
No publication information (publication has been disabled in the CRAB configuration file)
INFO 2021-06-17 10:05:09.580 UTC: 	 
Summary of run jobs:
 * Memory: 683MB min, 692MB max, 661MB ave
 * Runtime: 8:50:21 min, 15:43:24 max, 13:09:03 ave
 * CPU eff: 71% min, 99% max, 91% ave
 * Waste: 0:18:19 (0% of total)

INFO 2021-06-17 10:05:09.627 UTC: 	 Log file is /afs/cern.ch/work/a/achhetri/NANO_AOD/CMSSW_10_6_8/src/WTopScalefactorProducer/Skimmer/NANOcrab/crab_Tprime_v5_NANo_AOD_106X/crab_DYJetsToLL_M-50_HT-1200to2500_v2/crab.log
