DEBUG 2021-03-09 11:56:26.894 UTC: 	 CRAB Client version: v3.201110
DEBUG 2021-03-09 11:56:26.895 UTC: 	 Running on: Linux lxplus731.cern.ch 3.10.0-1160.15.2.el7.x86_64 #1 SMP Wed Feb 3 15:06:38 UTC 2021 x86_64 x86_64 x86_64 GNU/Linux - CentOS Linux 7 (Core)
DEBUG 2021-03-09 11:56:26.895 UTC: 	 Executing command: 'submit'
DEBUG 2021-03-09 11:56:26.897 UTC: 	 Found CRAB cache file /afs/cern.ch/user/a/achhetri/.crab3
DEBUG 2021-03-09 11:56:26.898 UTC: 	 Will use CRAB Analysis plugin (i.e. will run an analysis job type).
DEBUG 2021-03-09 11:56:26.920 UTC: 	 Checking credentials
DEBUG 2021-03-09 11:56:26.921 UTC: 	 Found proxy file /afs/cern.ch/user/a/achhetri/x509up_u94350
DEBUG 2021-03-09 11:56:26.921 UTC: 	 Getting proxy life time left
DEBUG 2021-03-09 11:56:27.527 UTC: 	 Executing : 
 command : voms-proxy-info -file /afs/cern.ch/user/a/achhetri/x509up_u94350 -timeleft
 output : 681100

 error: 
 retcode : 0
DEBUG 2021-03-09 11:56:28.133 UTC: 	 Executing : 
 command : voms-proxy-info -file /afs/cern.ch/user/a/achhetri/x509up_u94350 -actimeleft
 output : 681099

 error: 
 retcode : 0
DEBUG 2021-03-09 11:56:28.134 UTC: 	 Proxy lifetime 681100 secs is different from voms extension lifetime 681099 secs for proxy: /afs/cern.ch/user/a/achhetri/x509up_u94350
DEBUG 2021-03-09 11:56:28.134 UTC: 	 Proxy valid for 189:11:39 hours
DEBUG 2021-03-09 11:56:28.642 UTC: 	 Executing : 
 command : env X509_USER_PROXY=/afs/cern.ch/user/a/achhetri/x509up_u94350 voms-proxy-info -fqan
 output : /cms/Role=NULL/Capability=NULL

 error: 
 retcode : 0
DEBUG 2021-03-09 11:56:28.708 UTC: 	 Registering user credentials for server /DC=ch/DC=cern/OU=computers/CN=vocms0105.cern.ch|/DC=ch/DC=cern/OU=computers/CN=crab-(preprod|prod|dev)-tw(02|01).cern.ch|/DC=ch/DC=cern/OU=computers/CN=(ddi|ddidk|mytw).cern.ch|/DC=ch/DC=cern/OU=computers/CN=stefanov(m|m2).cern.ch
DEBUG 2021-03-09 11:56:29.321 UTC: 	 Executing : 
 command : voms-proxy-info -file /afs/cern.ch/user/a/achhetri/x509up_u94350 -identity
 output : /DC=ch/DC=cern/OU=Organic Units/OU=Users/CN=achhetri/CN=804540/CN=Arjun Chhetri

 error: 
 retcode : 0
DEBUG 2021-03-09 11:56:29.330 UTC: 	 Getting myproxy life time left for myproxy.cern.ch
DEBUG 2021-03-09 11:56:29.330 UTC: 	 using eb0e67adc2dd9eb1770413a4ffd073f562b86f05 as credential login name
DEBUG 2021-03-09 11:56:29.634 UTC: 	 Executing : 
 command : myproxy-info -l eb0e67adc2dd9eb1770413a4ffd073f562b86f05 -s myproxy.cern.ch
 output : username: eb0e67adc2dd9eb1770413a4ffd073f562b86f05
owner: /DC=ch/DC=cern/OU=Organic Units/OU=Users/CN=achhetri/CN=804540/CN=Arjun Chhetri
  renewal policy: /DC=ch/DC=cern/OU=computers/CN=vocms0105.cern.ch|/DC=ch/DC=cern/OU=computers/CN=crab-(preprod|prod|dev)-tw(02|01).cern.ch|/DC=ch/DC=cern/OU=computers/CN=(ddi|ddidk|mytw).cern.ch|/DC=ch/DC=cern/OU=computers/CN=stefanov(m|m2).cern.ch
  trusted retrieval policy: /DC=ch/DC=cern/OU=computers/CN=vocms0105.cern.ch|/DC=ch/DC=cern/OU=computers/CN=crab-(preprod|prod|dev)-tw(02|01).cern.ch|/DC=ch/DC=cern/OU=computers/CN=(ddi|ddidk|mytw).cern.ch|/DC=ch/DC=cern/OU=computers/CN=stefanov(m|m2).cern.ch
  timeleft: 719:57:40  (30.0 days)

 error: 
 retcode : 0
DEBUG 2021-03-09 11:56:29.635 UTC: 	 Myproxy is valid: 2591860
DEBUG 2021-03-09 11:56:29.635 UTC: 	 Retrieving username ...
DEBUG 2021-03-09 11:56:29.635 UTC: 	 Retrieving username from CRIC...
DEBUG 2021-03-09 11:56:30.420 UTC: 	 username is achhetri
DEBUG 2021-03-09 11:56:30.426 UTC: 	 Getting myproxy life time left for myproxy.cern.ch
DEBUG 2021-03-09 11:56:30.426 UTC: 	 using achhetri_CRAB as credential login name
DEBUG 2021-03-09 11:56:30.730 UTC: 	 Executing : 
 command : myproxy-info -l achhetri_CRAB -s myproxy.cern.ch
 output : username: achhetri_CRAB
owner: /DC=ch/DC=cern/OU=Organic Units/OU=Users/CN=achhetri/CN=804540/CN=Arjun Chhetri
  renewal policy: /DC=ch/DC=cern/OU=computers/CN=vocms0105.cern.ch|/DC=ch/DC=cern/OU=computers/CN=crab-(preprod|prod|dev)-tw(02|01).cern.ch|/DC=ch/DC=cern/OU=computers/CN=(ddi|ddidk|mytw).cern.ch|/DC=ch/DC=cern/OU=computers/CN=stefanov(m|m2).cern.ch
  trusted retrieval policy: /DC=ch/DC=cern/OU=computers/CN=vocms0105.cern.ch|/DC=ch/DC=cern/OU=computers/CN=crab-(preprod|prod|dev)-tw(02|01).cern.ch|/DC=ch/DC=cern/OU=computers/CN=(ddi|ddidk|mytw).cern.ch|/DC=ch/DC=cern/OU=computers/CN=stefanov(m|m2).cern.ch
  timeleft: 356:55:10  (14.9 days)

 error: 
 retcode : 0
DEBUG 2021-03-09 11:56:30.730 UTC: 	 Myproxy is valid: 1284910
DEBUG 2021-03-09 11:56:30.835 UTC: 	 Executing : 
 command : openssl x509 -noout -in ~/.globus/usercert.pem -dates
 output : notBefore=Nov 11 12:18:59 2020 GMT
notAfter=Dec 16 12:18:59 2021 GMT

 error: 
 retcode : 0
DEBUG 2021-03-09 11:56:30.835 UTC: 	 Delegating a myproxy for 720:00 hours
DEBUG 2021-03-09 11:56:30.835 UTC: 	 using achhetri_CRAB as credential login name
DEBUG 2021-03-09 11:56:46.893 UTC: 	 Executing : 
 command : export GT_PROXY_MODE=rfc ; myproxy-init -d -n -s myproxy.cern.ch -x -R '/DC=ch/DC=cern/OU=computers/CN=vocms0105.cern.ch|/DC=ch/DC=cern/OU=computers/CN=crab-(preprod|prod|dev)-tw(02|01).cern.ch|/DC=ch/DC=cern/OU=computers/CN=(ddi|ddidk|mytw).cern.ch|/DC=ch/DC=cern/OU=computers/CN=stefanov(m|m2).cern.ch' -x -Z '/DC=ch/DC=cern/OU=computers/CN=vocms0105.cern.ch|/DC=ch/DC=cern/OU=computers/CN=crab-(preprod|prod|dev)-tw(02|01).cern.ch|/DC=ch/DC=cern/OU=computers/CN=(ddi|ddidk|mytw).cern.ch|/DC=ch/DC=cern/OU=computers/CN=stefanov(m|m2).cern.ch' -l 'achhetri_CRAB' -t 168:00 -c 720:00
 output : Your identity: /DC=ch/DC=cern/OU=Organic Units/OU=Users/CN=achhetri/CN=804540/CN=Arjun Chhetri

 error: Error: Couldn't read user key in /afs/cern.ch/user/a/achhetri/.globus/userkey.pem.
Use -debug for further information.
grid-proxy-init failed

 retcode : 1
DEBUG 2021-03-09 11:56:46.893 UTC: 	 using achhetri_CRAB as credential login name
DEBUG 2021-03-09 11:56:47.298 UTC: 	 Executing : 
 command : myproxy-info -l achhetri_CRAB -s myproxy.cern.ch
 output : username: achhetri_CRAB
owner: /DC=ch/DC=cern/OU=Organic Units/OU=Users/CN=achhetri/CN=804540/CN=Arjun Chhetri
  renewal policy: /DC=ch/DC=cern/OU=computers/CN=vocms0105.cern.ch|/DC=ch/DC=cern/OU=computers/CN=crab-(preprod|prod|dev)-tw(02|01).cern.ch|/DC=ch/DC=cern/OU=computers/CN=(ddi|ddidk|mytw).cern.ch|/DC=ch/DC=cern/OU=computers/CN=stefanov(m|m2).cern.ch
  trusted retrieval policy: /DC=ch/DC=cern/OU=computers/CN=vocms0105.cern.ch|/DC=ch/DC=cern/OU=computers/CN=crab-(preprod|prod|dev)-tw(02|01).cern.ch|/DC=ch/DC=cern/OU=computers/CN=(ddi|ddidk|mytw).cern.ch|/DC=ch/DC=cern/OU=computers/CN=stefanov(m|m2).cern.ch
  timeleft: 356:54:53  (14.9 days)

 error: 
 retcode : 0
DEBUG 2021-03-09 11:56:47.299 UTC: 	 My-proxy delegated.
DEBUG 2021-03-09 11:56:47.299 UTC: 	 Result of myproxy credential check:
  Credential exists on myproxy: username: eb0e67adc2dd9eb1770413a4ffd073f562b86f05  - validity: 29 days, 23:57:40
  Credential exists on myproxy: username: achhetri_CRAB  - validity: 14 days, 20:54:53
DEBUG 2021-03-09 11:56:47.299 UTC: 	 Command use: submit
DEBUG 2021-03-09 11:56:47.299 UTC: 	 Options use: ['--config', <WMCore.Configuration.Configuration object at 0x7f6203b66fd0>]
DEBUG 2021-03-09 11:56:47.408 UTC: 	 CRABClient version: v3.201110
DEBUG 2021-03-09 11:56:47.409 UTC: 	 Instance is prod
DEBUG 2021-03-09 11:56:47.409 UTC: 	 Server base url is cmsweb-k8s-prod.cern.ch
DEBUG 2021-03-09 11:56:47.409 UTC: 	 Command url /crabserver/prod/workflow
DEBUG 2021-03-09 11:56:47.409 UTC: 	 Started submission
DEBUG 2021-03-09 11:56:47.409 UTC: 	 Working on /afs/cern.ch/work/a/achhetri/NANO_AOD/CMSSW_10_6_8/src/WTopScalefactorProducer/Skimmer/NANOcrab/crab_Tprime_v5_NANo_AOD_106X/crab_QCD_Pt120to170_EM_v2
DEBUG 2021-03-09 11:56:47.502 UTC: 	 Loading required information from the environment
DEBUG 2021-03-09 11:56:47.502 UTC: 	 Found CMSSW_10_6_8 for slc7_amd64_gcc700 with base /afs/cern.ch/work/a/achhetri/NANO_AOD/CMSSW_10_6_8
DEBUG 2021-03-09 11:56:47.502 UTC: 	 Loading required information from the environment
DEBUG 2021-03-09 11:56:47.502 UTC: 	 Found CMSSW_10_6_8 for slc7_amd64_gcc700 with base /afs/cern.ch/work/a/achhetri/NANO_AOD/CMSSW_10_6_8
DEBUG 2021-03-09 11:56:47.503 UTC: 	 UNIQUE NAME: tarUUID 3f83e4af-20fa-4e61-b621-73ad334f0252 
DEBUG 2021-03-09 11:56:47.503 UTC: 	 self.config: from WMCore.Configuration import Configuration
config = Configuration()
config.section_('General')
config.General.transferLogs = True
config.General.workArea = 'crab_Tprime_v5_NANo_AOD_106X'
config.General.requestName = 'QCD_Pt120to170_EM_v2'
config.section_('JobType')
config.JobType.scriptExe = 'crab_script_Tprime.sh'
config.JobType.pluginName = 'Analysis'
config.JobType.sendPythonFolder = True
config.JobType.allowUndistributedCMSSW = True
config.JobType.psetName = 'PSet.py'
config.JobType.inputFiles = ['TprimeBToTH_LH_RunIISummer19UL16_Skimmer.py', 'keep_and_drop_v1.txt', '../../../PhysicsTools/NanoAODTools/scripts/haddnano.py']
config.section_('Data')
config.Data.inputDataset = '/QCD_Pt-120to170_EMEnriched_TuneCP5_13TeV_pythia8/RunIISummer19UL17NanoAODv2-106X_mc2017_realistic_v8-v1/NANOAODSIM'
config.Data.outputDatasetTag = 'QCD_Pt120to170_EM_v2'
config.Data.publication = False
config.Data.unitsPerJob = 1
config.Data.inputDBS = 'global'
config.Data.splitting = 'FileBased'
config.Data.outLFNDirBase = '/store/user/achhetri/Tprime_v5_NANo_AOD_106X'
config.Data.totalUnits = 10
config.section_('Site')
config.Site.storageSite = 'T3_CH_CERNBOX'
config.section_('User')
config.section_('Debug')

DEBUG 2021-03-09 11:56:47.503 UTC: 	 self.config.JobType.psetName: PSet.py
INFO 2021-03-09 11:56:47.503 UTC: 	 Importing CMSSW configuration PSet.py
INFO 2021-03-09 11:56:47.503 UTC: 	 Finished importing CMSSW configuration PSet.py
DEBUG 2021-03-09 11:56:47.503 UTC: 	 Writing CMSSW configuration to /afs/cern.ch/work/a/achhetri/NANO_AOD/CMSSW_10_6_8/src/WTopScalefactorProducer/Skimmer/NANOcrab/crab_Tprime_v5_NANo_AOD_106X/crab_QCD_Pt120to170_EM_v2/inputs/PSet.py
DEBUG 2021-03-09 11:56:47.530 UTC: 	 The following EDM output files will be collected: ['tree.root']
DEBUG 2021-03-09 11:56:47.530 UTC: 	 The following TFile output files will be collected: []
DEBUG 2021-03-09 11:56:47.530 UTC: 	 The following user output files (not listed as PoolOuputModule or TFileService in the CMSSW PSet) will be collected: 
DEBUG 2021-03-09 11:56:47.530 UTC: 	 Loading required information from the environment
DEBUG 2021-03-09 11:56:47.530 UTC: 	 Found CMSSW_10_6_8 for slc7_amd64_gcc700 with base /afs/cern.ch/work/a/achhetri/NANO_AOD/CMSSW_10_6_8
DEBUG 2021-03-09 11:56:47.530 UTC: 	 Making tarball in /afs/cern.ch/work/a/achhetri/NANO_AOD/CMSSW_10_6_8/src/WTopScalefactorProducer/Skimmer/NANOcrab/crab_Tprime_v5_NANo_AOD_106X/crab_QCD_Pt120to170_EM_v2/inputs/3f83e4af-20fa-4e61-b621-73ad334f0252default.tgz
DEBUG 2021-03-09 11:56:47.540 UTC: 	 Checking directory /afs/cern.ch/work/a/achhetri/NANO_AOD/CMSSW_10_6_8/lib
DEBUG 2021-03-09 11:56:47.540 UTC: 	 Adding directory /afs/cern.ch/work/a/achhetri/NANO_AOD/CMSSW_10_6_8/lib to tarball
DEBUG 2021-03-09 11:56:47.651 UTC: 	 Checking directory /afs/cern.ch/work/a/achhetri/NANO_AOD/CMSSW_10_6_8/biglib
DEBUG 2021-03-09 11:56:47.651 UTC: 	 Adding directory /afs/cern.ch/work/a/achhetri/NANO_AOD/CMSSW_10_6_8/biglib to tarball
DEBUG 2021-03-09 11:56:47.653 UTC: 	 Checking directory /afs/cern.ch/work/a/achhetri/NANO_AOD/CMSSW_10_6_8/module
DEBUG 2021-03-09 11:56:47.666 UTC: 	 Checking directory /afs/cern.ch/work/a/achhetri/NANO_AOD/CMSSW_10_6_8/python
DEBUG 2021-03-09 11:56:47.666 UTC: 	 Adding directory /afs/cern.ch/work/a/achhetri/NANO_AOD/CMSSW_10_6_8/python to tarball
DEBUG 2021-03-09 11:56:49.282 UTC: 	 Checking directory /afs/cern.ch/work/a/achhetri/NANO_AOD/CMSSW_10_6_8/cfipython
DEBUG 2021-03-09 11:56:49.282 UTC: 	 Adding directory /afs/cern.ch/work/a/achhetri/NANO_AOD/CMSSW_10_6_8/cfipython to tarball
DEBUG 2021-03-09 11:56:49.374 UTC: 	 Adding data directory /afs/cern.ch/work/a/achhetri/NANO_AOD/CMSSW_10_6_8/src/PhysicsTools/NanoAODTools/data to tarball
DEBUG 2021-03-09 11:56:59.011 UTC: 	 Adding data directory /afs/cern.ch/work/a/achhetri/NANO_AOD/CMSSW_10_6_8/src/PhysicsTools/NanoAODTools/interface to tarball
DEBUG 2021-03-09 11:56:59.014 UTC: 	 Adding data directory /afs/cern.ch/work/a/achhetri/NANO_AOD/CMSSW_10_6_8/src/PhysicsTools/NanoAODTools/python/postprocessing/data to tarball
DEBUG 2021-03-09 11:57:01.279 UTC: 	 Adding file TprimeBToTH_LH_RunIISummer19UL16_Skimmer.py to tarball
DEBUG 2021-03-09 11:57:01.279 UTC: 	 Adding file keep_and_drop_v1.txt to tarball
DEBUG 2021-03-09 11:57:01.280 UTC: 	 Adding file ../../../PhysicsTools/NanoAODTools/scripts/haddnano.py to tarball
DEBUG 2021-03-09 11:57:05.334 UTC: 	 Uploading archive /afs/cern.ch/work/a/achhetri/NANO_AOD/CMSSW_10_6_8/src/WTopScalefactorProducer/Skimmer/NANOcrab/crab_Tprime_v5_NANo_AOD_106X/crab_QCD_Pt120to170_EM_v2/inputs/3f83e4af-20fa-4e61-b621-73ad334f0252default.tgz (55 MB) to the CRAB cache. Using URI https://cmsweb.cern.ch:8443/crabcache
DEBUG 2021-03-09 11:57:37.709 UTC: 	 Loading required information from the environment
DEBUG 2021-03-09 11:57:37.710 UTC: 	 Found CMSSW_10_6_8 for slc7_amd64_gcc700 with base /afs/cern.ch/work/a/achhetri/NANO_AOD/CMSSW_10_6_8
DEBUG 2021-03-09 11:57:37.710 UTC: 	 Making tarball in /afs/cern.ch/work/a/achhetri/NANO_AOD/CMSSW_10_6_8/src/WTopScalefactorProducer/Skimmer/NANOcrab/crab_Tprime_v5_NANo_AOD_106X/crab_QCD_Pt120to170_EM_v2/inputs/debugFiles.tgz
DEBUG 2021-03-09 11:57:37.716 UTC: 	 Uploading archive /afs/cern.ch/work/a/achhetri/NANO_AOD/CMSSW_10_6_8/src/WTopScalefactorProducer/Skimmer/NANOcrab/crab_Tprime_v5_NANo_AOD_106X/crab_QCD_Pt120to170_EM_v2/inputs/debugFiles.tgz (1 KB) to the CRAB cache. Using URI https://cmsweb.cern.ch:8443/crabcache
DEBUG 2021-03-09 11:57:37.782 UTC: 	 Result uploading input files: db34ebad3d4b9da4ae9c866827f2ee5a2e927bca2b5d12de79379f506faf14a9.tar.gz 
INFO 2021-03-09 11:57:37.782 UTC: 	 Sending the request to the server at cmsweb-k8s-prod.cern.ch
DEBUG 2021-03-09 11:57:37.783 UTC: 	 Submitting {'maxjobruntime': 1250, 'extrajdl': [], 'lfn': '/store/user/achhetri/Tprime_v5_NANo_AOD_106X', 'savelogsflag': 1, 'useparent': 0, 'scriptexe': 'crab_script_Tprime.sh', 'asyncdest': 'T3_CH_CERNBOX', 'algoargs': 1, 'cachefilename': 'db34ebad3d4b9da4ae9c866827f2ee5a2e927bca2b5d12de79379f506faf14a9.tar.gz', 'numcores': 1, 'addoutputfiles': [], 'generator': 'pythia', 'maxmemory': 2000, 'publishdbsurl': 'https://cmsweb.cern.ch/dbs/prod/phys03/DBSWriter', 'priority': 10, 'jobsw': 'CMSSW_10_6_8', 'edmoutfiles': ['tree.root'], 'userfiles': [], 'primarydataset': '', 'inputdata': '/QCD_Pt-120to170_EMEnriched_TuneCP5_13TeV_pythia8/RunIISummer19UL17NanoAODv2-106X_mc2017_realistic_v8-v1/NANOAODSIM', 'ignorelocality': 0, 'dryrun': 0, 'workflow': 'crab_QCD_Pt120to170_EM_v2', 'cacheurl': u'https://cmsweb.cern.ch:8443/crabcache', 'nonprodsw': 1, 'tfileoutfiles': [], 'oneEventMode': 0, 'debugfilename': '019d417f2af0dcec01b0d784740409b5aa774c21bc3cf185b8e6040c2e1b0b64.tar.gz', 'saveoutput': 1, 'publication': 0, 'jobarch': 'slc7_amd64_gcc700', 'totalunits': 10, 'splitalgo': 'FileBased', 'ignoreglobalblacklist': 0, 'nonvaliddata': 0, 'dbsurl': 'https://cmsweb.cern.ch/dbs/prod/global/DBSReader', 'publishgroupname': 0, 'jobtype': 'Analysis', 'publishname2': 'QCD_Pt120to170_EM_v2'} 
DEBUG 2021-03-09 11:57:37.783 UTC: 	 Encoded submit request: maxjobruntime=1250&lfn=%2Fstore%2Fuser%2Fachhetri%2FTprime_v5_NANo_AOD_106X&savelogsflag=1&useparent=0&scriptexe=crab_script_Tprime.sh&asyncdest=T3_CH_CERNBOX&algoargs=1&cachefilename=db34ebad3d4b9da4ae9c866827f2ee5a2e927bca2b5d12de79379f506faf14a9.tar.gz&numcores=1&generator=pythia&maxmemory=2000&publishdbsurl=https%3A%2F%2Fcmsweb.cern.ch%2Fdbs%2Fprod%2Fphys03%2FDBSWriter&priority=10&jobsw=CMSSW_10_6_8&primarydataset=&inputdata=%2FQCD_Pt-120to170_EMEnriched_TuneCP5_13TeV_pythia8%2FRunIISummer19UL17NanoAODv2-106X_mc2017_realistic_v8-v1%2FNANOAODSIM&ignorelocality=0&dryrun=0&workflow=crab_QCD_Pt120to170_EM_v2&cacheurl=https%3A%2F%2Fcmsweb.cern.ch%3A8443%2Fcrabcache&nonprodsw=1&oneEventMode=0&debugfilename=019d417f2af0dcec01b0d784740409b5aa774c21bc3cf185b8e6040c2e1b0b64.tar.gz&saveoutput=1&publication=0&jobarch=slc7_amd64_gcc700&totalunits=10&splitalgo=FileBased&ignoreglobalblacklist=0&nonvaliddata=0&dbsurl=https%3A%2F%2Fcmsweb.cern.ch%2Fdbs%2Fprod%2Fglobal%2FDBSReader&publishgroupname=0&jobtype=Analysis&publishname2=QCD_Pt120to170_EM_v2&edmoutfiles=tree.root
DEBUG 2021-03-09 11:57:37.874 UTC: 	 Result: {u'result': [{u'RequestName': u'210309_115737:achhetri_crab_QCD_Pt120to170_EM_v2'}]}
INFO 2021-03-09 11:57:37.879 UTC: 	 Success: Your task has been delivered to the prod CRAB3 server.
INFO 2021-03-09 11:57:37.879 UTC: 	 Task name: 210309_115737:achhetri_crab_QCD_Pt120to170_EM_v2
INFO 2021-03-09 11:57:37.879 UTC: 	 Project dir: crab_Tprime_v5_NANo_AOD_106X/crab_QCD_Pt120to170_EM_v2
INFO 2021-03-09 11:57:37.879 UTC: 	 Please use ' crab status -d crab_Tprime_v5_NANo_AOD_106X/crab_QCD_Pt120to170_EM_v2 ' to check how the submission process proceeds.
DEBUG 2021-03-09 11:57:37.879 UTC: 	 About to return
DEBUG 2021-03-09 16:09:22.999 UTC: 	 CRAB Client version: v3.201110
DEBUG 2021-03-09 16:09:23.000 UTC: 	 Running on: Linux lxplus799.cern.ch 3.10.0-1160.15.2.el7.x86_64 #1 SMP Wed Feb 3 15:06:38 UTC 2021 x86_64 x86_64 x86_64 GNU/Linux - CentOS Linux 7 (Core)
DEBUG 2021-03-09 16:09:23.000 UTC: 	 Executing command: 'status'
DEBUG 2021-03-09 16:09:23.000 UTC: 	 Found CRAB cache file /afs/cern.ch/user/a/achhetri/.crab3
DEBUG 2021-03-09 16:09:23.252 UTC: 	 Checking credentials
DEBUG 2021-03-09 16:09:23.253 UTC: 	 Found proxy file /afs/cern.ch/user/a/achhetri/x509up_u94350
DEBUG 2021-03-09 16:09:23.253 UTC: 	 Getting proxy life time left
DEBUG 2021-03-09 16:09:23.959 UTC: 	 Executing : 
 command : voms-proxy-info -file /afs/cern.ch/user/a/achhetri/x509up_u94350 -timeleft
 output : 690960

 error: 
 retcode : 0
DEBUG 2021-03-09 16:09:24.565 UTC: 	 Executing : 
 command : voms-proxy-info -file /afs/cern.ch/user/a/achhetri/x509up_u94350 -actimeleft
 output : 690958

 error: 
 retcode : 0
DEBUG 2021-03-09 16:09:24.565 UTC: 	 Proxy lifetime 690960 secs is different from voms extension lifetime 690958 secs for proxy: /afs/cern.ch/user/a/achhetri/x509up_u94350
DEBUG 2021-03-09 16:09:24.566 UTC: 	 Proxy valid for 191:55:58 hours
DEBUG 2021-03-09 16:09:24.618 UTC: 	 Registering user credentials for server /DC=ch/DC=cern/OU=computers/CN=vocms0105.cern.ch|/DC=ch/DC=cern/OU=computers/CN=crab-(preprod|prod|dev)-tw(02|01).cern.ch|/DC=ch/DC=cern/OU=computers/CN=(ddi|ddidk|mytw).cern.ch|/DC=ch/DC=cern/OU=computers/CN=stefanov(m|m2).cern.ch
DEBUG 2021-03-09 16:09:25.240 UTC: 	 Executing : 
 command : voms-proxy-info -file /afs/cern.ch/user/a/achhetri/x509up_u94350 -identity
 output : /DC=ch/DC=cern/OU=Organic Units/OU=Users/CN=achhetri/CN=804540/CN=Arjun Chhetri

 error: 
 retcode : 0
DEBUG 2021-03-09 16:09:25.248 UTC: 	 Getting myproxy life time left for myproxy.cern.ch
DEBUG 2021-03-09 16:09:25.248 UTC: 	 using eb0e67adc2dd9eb1770413a4ffd073f562b86f05 as credential login name
DEBUG 2021-03-09 16:09:25.553 UTC: 	 Executing : 
 command : myproxy-info -l eb0e67adc2dd9eb1770413a4ffd073f562b86f05 -s myproxy.cern.ch
 output : username: eb0e67adc2dd9eb1770413a4ffd073f562b86f05
owner: /DC=ch/DC=cern/OU=Organic Units/OU=Users/CN=achhetri/CN=804540/CN=Arjun Chhetri
  renewal policy: /DC=ch/DC=cern/OU=computers/CN=vocms0105.cern.ch|/DC=ch/DC=cern/OU=computers/CN=crab-(preprod|prod|dev)-tw(02|01).cern.ch|/DC=ch/DC=cern/OU=computers/CN=(ddi|ddidk|mytw).cern.ch|/DC=ch/DC=cern/OU=computers/CN=stefanov(m|m2).cern.ch
  trusted retrieval policy: /DC=ch/DC=cern/OU=computers/CN=vocms0105.cern.ch|/DC=ch/DC=cern/OU=computers/CN=crab-(preprod|prod|dev)-tw(02|01).cern.ch|/DC=ch/DC=cern/OU=computers/CN=(ddi|ddidk|mytw).cern.ch|/DC=ch/DC=cern/OU=computers/CN=stefanov(m|m2).cern.ch
  timeleft: 715:44:44  (29.8 days)

 error: 
 retcode : 0
DEBUG 2021-03-09 16:09:25.554 UTC: 	 Myproxy is valid: 2576684
DEBUG 2021-03-09 16:09:25.554 UTC: 	 Retrieving username ...
DEBUG 2021-03-09 16:09:25.554 UTC: 	 Retrieving username from CRIC...
DEBUG 2021-03-09 16:09:26.298 UTC: 	 username is achhetri
DEBUG 2021-03-09 16:09:26.305 UTC: 	 Getting myproxy life time left for myproxy.cern.ch
DEBUG 2021-03-09 16:09:26.306 UTC: 	 using achhetri_CRAB as credential login name
DEBUG 2021-03-09 16:09:26.610 UTC: 	 Executing : 
 command : myproxy-info -l achhetri_CRAB -s myproxy.cern.ch
 output : username: achhetri_CRAB
owner: /DC=ch/DC=cern/OU=Organic Units/OU=Users/CN=achhetri/CN=804540/CN=Arjun Chhetri
  renewal policy: /DC=ch/DC=cern/OU=computers/CN=vocms0105.cern.ch|/DC=ch/DC=cern/OU=computers/CN=crab-(preprod|prod|dev)-tw(02|01).cern.ch|/DC=ch/DC=cern/OU=computers/CN=(ddi|ddidk|mytw).cern.ch|/DC=ch/DC=cern/OU=computers/CN=stefanov(m|m2).cern.ch
  trusted retrieval policy: /DC=ch/DC=cern/OU=computers/CN=vocms0105.cern.ch|/DC=ch/DC=cern/OU=computers/CN=crab-(preprod|prod|dev)-tw(02|01).cern.ch|/DC=ch/DC=cern/OU=computers/CN=(ddi|ddidk|mytw).cern.ch|/DC=ch/DC=cern/OU=computers/CN=stefanov(m|m2).cern.ch
  timeleft: 352:42:14  (14.7 days)

 error: 
 retcode : 0
DEBUG 2021-03-09 16:09:26.611 UTC: 	 Myproxy is valid: 1269734
DEBUG 2021-03-09 16:09:26.716 UTC: 	 Executing : 
 command : openssl x509 -noout -in ~/.globus/usercert.pem -dates
 output : notBefore=Nov 11 12:18:59 2020 GMT
notAfter=Dec 16 12:18:59 2021 GMT

 error: 
 retcode : 0
DEBUG 2021-03-09 16:09:26.721 UTC: 	 Delegating a myproxy for 720:00 hours
DEBUG 2021-03-09 16:09:26.721 UTC: 	 using achhetri_CRAB as credential login name
DEBUG 2021-03-09 16:09:28.027 UTC: 	 Executing : 
 command : export GT_PROXY_MODE=rfc ; myproxy-init -d -n -s myproxy.cern.ch -x -R '/DC=ch/DC=cern/OU=computers/CN=vocms0105.cern.ch|/DC=ch/DC=cern/OU=computers/CN=crab-(preprod|prod|dev)-tw(02|01).cern.ch|/DC=ch/DC=cern/OU=computers/CN=(ddi|ddidk|mytw).cern.ch|/DC=ch/DC=cern/OU=computers/CN=stefanov(m|m2).cern.ch' -x -Z '/DC=ch/DC=cern/OU=computers/CN=vocms0105.cern.ch|/DC=ch/DC=cern/OU=computers/CN=crab-(preprod|prod|dev)-tw(02|01).cern.ch|/DC=ch/DC=cern/OU=computers/CN=(ddi|ddidk|mytw).cern.ch|/DC=ch/DC=cern/OU=computers/CN=stefanov(m|m2).cern.ch' -l 'achhetri_CRAB' -t 168:00 -c 720:00
 output : Your identity: /DC=ch/DC=cern/OU=Organic Units/OU=Users/CN=achhetri/CN=804540/CN=Arjun Chhetri

 error: Error: Couldn't read user key in /afs/cern.ch/user/a/achhetri/.globus/userkey.pem.
Use -debug for further information.
grid-proxy-init failed

 retcode : 1
DEBUG 2021-03-09 16:09:28.027 UTC: 	 using achhetri_CRAB as credential login name
DEBUG 2021-03-09 16:09:28.336 UTC: 	 Executing : 
 command : myproxy-info -l achhetri_CRAB -s myproxy.cern.ch
 output : username: achhetri_CRAB
owner: /DC=ch/DC=cern/OU=Organic Units/OU=Users/CN=achhetri/CN=804540/CN=Arjun Chhetri
  renewal policy: /DC=ch/DC=cern/OU=computers/CN=vocms0105.cern.ch|/DC=ch/DC=cern/OU=computers/CN=crab-(preprod|prod|dev)-tw(02|01).cern.ch|/DC=ch/DC=cern/OU=computers/CN=(ddi|ddidk|mytw).cern.ch|/DC=ch/DC=cern/OU=computers/CN=stefanov(m|m2).cern.ch
  trusted retrieval policy: /DC=ch/DC=cern/OU=computers/CN=vocms0105.cern.ch|/DC=ch/DC=cern/OU=computers/CN=crab-(preprod|prod|dev)-tw(02|01).cern.ch|/DC=ch/DC=cern/OU=computers/CN=(ddi|ddidk|mytw).cern.ch|/DC=ch/DC=cern/OU=computers/CN=stefanov(m|m2).cern.ch
  timeleft: 352:42:12  (14.7 days)

 error: 
 retcode : 0
DEBUG 2021-03-09 16:09:28.337 UTC: 	 My-proxy delegated.
DEBUG 2021-03-09 16:09:28.337 UTC: 	 Result of myproxy credential check:
  Credential exists on myproxy: username: eb0e67adc2dd9eb1770413a4ffd073f562b86f05  - validity: 29 days, 19:44:44
  Credential exists on myproxy: username: achhetri_CRAB  - validity: 14 days, 16:42:12
DEBUG 2021-03-09 16:09:28.337 UTC: 	 Command use: status
DEBUG 2021-03-09 16:09:28.337 UTC: 	 Options use: ['-d', 'crab_Tprime_v5_NANo_AOD_106X/crab_QCD_Pt120to170_EM_v2/']
DEBUG 2021-03-09 16:09:28.395 UTC: 	 CRABClient version: v3.201110
DEBUG 2021-03-09 16:09:28.395 UTC: 	 Instance is prod
DEBUG 2021-03-09 16:09:28.395 UTC: 	 Server base url is cmsweb-k8s-prod.cern.ch
DEBUG 2021-03-09 16:09:28.395 UTC: 	 Command url /crabserver/prod/workflow
DEBUG 2021-03-09 16:09:28.477 UTC: 	 Got information from server oracle database: {u'result': [u'210309_115737:achhetri_crab_QCD_Pt120to170_EM_v2', u'None', u'None', u'SUBMITTED', u'SUBMIT', u'2021-03-09 11:57:37.867655', u'None', u'2021-03-09 11:58:35.612028', u'None', u'CMSSW_10_6_8', u'slc7_amd64_gcc700', u'/QCD_Pt-120to170_EMEnriched_TuneCP5_13TeV_pythia8/RunIISummer19UL17NanoAODv2-106X_mc2017_realistic_v8-v1/NANOAODSIM', u'F', u'0', u'[]', u'[]', u'FileBased', u"{'splitOnRun': False, 'halt_job_on_file_boundaries': False, 'files_per_job': 1, 'runs': [], 'lumis': []}", u'db34ebad3d4b9da4ae9c866827f2ee5a2e927bca2b5d12de79379f506faf14a9.tar.gz', u'https://cmsweb.cern.ch:8443/crabcache', u'achhetri', u'/DC=ch/DC=cern/OU=Organic Units/OU=Users/CN=achhetri/CN=804540/CN=Arjun Chhetri', u'cms', u'None', u'None', u'QCD_Pt120to170_EM_v2-00000000000000000000000000000000', u'F', u'T3_CH_CERNBOX', u'https://cmsweb.cern.ch/dbs/prod/global/DBSReader', u'https://cmsweb.cern.ch/dbs/prod/phys03/DBSWriter', u'F', u'[]', u'[]', u"['tree.root']", u'Analysis', u'pythia', u'None', u'{}', u'[]', u'T', u'crab-prod-tw01', u'[]', u'1250', u'1', u'2000', u'10', u"['/QCD_Pt-120to170_EMEnriched_TuneCP5_13TeV_pythia8/achhetri-QCD_Pt120to170_EM_v2-5d8f93ee2ba2db6b402c7167473e2950/USER']", u'[]', u'http://vocms0197.cern.ch/mon/cms341/210309_115737:achhetri_crab_QCD_Pt120to170_EM_v2', u'crab_script_Tprime.sh', u'[]', u'[]', u'https://cmsweb.cern.ch/crabserver/prod', u'cmsgwms-collector-global.cern.ch:9620,cmsgwms-collector-global.fnal.gov', u'crab3@vocms0197.cern.ch', u'F', u'[]', u'T', u'/store/user/achhetri/Tprime_v5_NANo_AOD_106X', u'F', u'None', u'F', u'None', u'QCD_Pt-120to170_EMEnriched_TuneCP5_13TeV_pythia8', u'None', u'019d417f2af0dcec01b0d784740409b5aa774c21bc3cf185b8e6040c2e1b0b64.tar.gz', u'62490174', u'filetransfers', u'F', u'188.185.90.95', u'10.0', u'None'], u'desc': {u'columns': [u'tm_taskname', u'tm_activity', u'panda_jobset_id', u'tm_task_status', u'tm_task_command', u'tm_start_time', u'tm_start_injection', u'tm_end_injection', u'tm_task_failure', u'tm_job_sw', u'tm_job_arch', u'tm_input_dataset', u'tm_nonvalid_input_dataset', u'tm_use_parent', u'tm_site_whitelist', u'tm_site_blacklist', u'tm_split_algo', u'tm_split_args', u'tm_user_sandbox', u'tm_cache_url', u'tm_username', u'tm_user_dn', u'tm_user_vo', u'tm_user_role', u'tm_user_group', u'tm_publish_name', u'tm_publish_groupname', u'tm_asyncdest', u'tm_dbs_url', u'tm_publish_dbs_url', u'tm_publication', u'tm_outfiles', u'tm_tfile_outfiles', u'tm_edm_outfiles', u'tm_job_type', u'tm_generator', u'tm_events_per_lumi', u'tm_arguments', u'panda_resubmitted_jobs', u'tm_save_logs', u'tw_name', u'tm_user_infiles', u'tm_maxjobruntime', u'tm_numcores', u'tm_maxmemory', u'tm_priority', u'tm_output_dataset', u'tm_task_warnings', u'tm_user_webdir', u'tm_scriptexe', u'tm_scriptargs', u'tm_extrajdl', u'tm_asourl', u'tm_collector', u'tm_schedd', u'tm_dry_run', u'tm_user_files', u'tm_transfer_outputs', u'tm_output_lfn', u'tm_ignore_locality', u'tm_fail_limit', u'tm_one_event_mode', u'tm_secondary_input_dataset', u'tm_primary_dataset', u'tm_last_publication', u'tm_debug_files', u'clusterid', u'tm_asodb', u'tm_ignore_global_blacklist', u'tm_submitter_ip_addr', u'tm_totalunits', u'tm_ddm_reqid']}}
INFO 2021-03-09 16:09:28.478 UTC: 	 CRAB project directory:		/afs/cern.ch/work/a/achhetri/NANO_AOD/CMSSW_10_6_8/src/WTopScalefactorProducer/Skimmer/NANOcrab/crab_Tprime_v5_NANo_AOD_106X/crab_QCD_Pt120to170_EM_v2
INFO 2021-03-09 16:09:28.478 UTC: 	 Task name:			210309_115737:achhetri_crab_QCD_Pt120to170_EM_v2
INFO 2021-03-09 16:09:28.478 UTC: 	 Grid scheduler - Task Worker:	crab3@vocms0197.cern.ch - crab-prod-tw01
INFO 2021-03-09 16:09:28.478 UTC: 	 Status on the CRAB server:	SUBMITTED
INFO 2021-03-09 16:09:28.478 UTC: 	 Task URL to use for HELP:	https://cmsweb-k8s-prod.cern.ch/crabserver/ui/task/210309_115737%3Aachhetri_crab_QCD_Pt120to170_EM_v2
INFO 2021-03-09 16:09:28.479 UTC: 	 Dashboard monitoring URL:	https://monit-grafana.cern.ch/d/cmsTMDetail/cms-task-monitoring-task-view?orgId=11&var-user=achhetri&var-task=210309_115737%3Aachhetri_crab_QCD_Pt120to170_EM_v2&from=1615287457000&to=now
INFO 2021-03-09 16:09:28.479 UTC: 	 In case of issues with the dashboard, please provide feedback to hn-cms-computing-tools@cern.ch
DEBUG 2021-03-09 16:09:28.480 UTC: 	 The CRAB server submitted your task to the Grid scheduler (cluster ID: 62490174)
DEBUG 2021-03-09 16:09:28.480 UTC: 	 Webdir is located at http://vocms0197.cern.ch/mon/cms341/210309_115737:achhetri_crab_QCD_Pt120to170_EM_v2
DEBUG 2021-03-09 16:09:28.562 UTC: 	 Proxied webdir is located at https://cmsweb.cern.ch:8443/scheddmon/0197/cms341/210309_115737:achhetri_crab_QCD_Pt120to170_EM_v2
DEBUG 2021-03-09 16:09:28.562 UTC: 	 Retrieving 'status_cache' file from https://cmsweb.cern.ch:8443/scheddmon/0197/cms341/210309_115737:achhetri_crab_QCD_Pt120to170_EM_v2/status_cache
DEBUG 2021-03-09 16:09:28.601 UTC: 	 Got information from status cache file: {'10': {'Retries': 0, 'WallDurations': [8.0, 264.6755199432373, 14434.0], 'StartTimes': [1615291217.0], 'SubmitTimes': [1615291127.0], 'JobIds': ['62490186.0'], 'EndTimes': [], 'Restarts': 0, 'RecordedSite': True, 'State': 'running', 'ResidentSetSize': [569732], 'TotalUserCpuTimeHistory': [127.0], 'SiteHistory': ['Unknown', 'T2_US_Florida', 'T2_US_Florida'], 'TotalSysCpuTimeHistory': [10.0]}, '1': {'Retries': 0, 'WallDurations': [8.0, 263.6755199432373, 749.0], 'StartTimes': [1615291218.0], 'SubmitTimes': [1615291121.0], 'JobIds': ['62490177.0'], 'EndTimes': [1615291967.0], 'Restarts': 0, 'RecordedSite': True, 'State': 'finished', 'ResidentSetSize': [466124], 'TotalUserCpuTimeHistory': [537], 'SiteHistory': ['Unknown', 'T2_US_Vanderbilt', 'T2_US_Vanderbilt'], 'TotalSysCpuTimeHistory': [21]}, '3': {'Retries': 0, 'WallDurations': [10.0, 267.6755199432373, 409.0], 'StartTimes': [1615291214.0], 'SubmitTimes': [1615291121.0], 'JobIds': ['62490178.0'], 'EndTimes': [1615291623.0], 'Restarts': 0, 'RecordedSite': True, 'State': 'finished', 'ResidentSetSize': [465384], 'TotalUserCpuTimeHistory': [78], 'SiteHistory': ['Unknown', 'T2_US_Vanderbilt', 'T2_US_Vanderbilt'], 'TotalSysCpuTimeHistory': [4]}, '2': {'Retries': 0, 'WallDurations': [9.0, 264.6755199432373, 643.0], 'StartTimes': [1615291217.0], 'SubmitTimes': [1615291121.0], 'JobIds': ['62490179.0'], 'EndTimes': [1615291860.0], 'Restarts': 0, 'RecordedSite': True, 'State': 'finished', 'ResidentSetSize': [559892], 'TotalUserCpuTimeHistory': [441], 'SiteHistory': ['Unknown', 'T2_US_Vanderbilt', 'T2_US_Vanderbilt'], 'TotalSysCpuTimeHistory': [10]}, '5': {'Retries': 0, 'WallDurations': [9.0, 271.6755199432373, 912.0], 'StartTimes': [1615291210.0], 'SubmitTimes': [1615291121.0], 'JobIds': ['62490182.0'], 'EndTimes': [], 'Restarts': 0, 'RecordedSite': True, 'State': 'running', 'ResidentSetSize': [590868], 'TotalUserCpuTimeHistory': [20.0], 'SiteHistory': ['Unknown', 'T2_US_Wisconsin', 'T2_US_Wisconsin'], 'TotalSysCpuTimeHistory': [5.0]}, '4': {'Retries': 0, 'WallDurations': [8.0, 257.6755199432373, 14432.0], 'StartTimes': [1615291224.0], 'SubmitTimes': [1615291121.0], 'JobIds': ['62490180.0'], 'EndTimes': [], 'Restarts': 0, 'RecordedSite': True, 'State': 'running', 'ResidentSetSize': [552520], 'TotalUserCpuTimeHistory': [147.0], 'SiteHistory': ['Unknown', 'T2_US_Florida', 'T2_US_Florida'], 'TotalSysCpuTimeHistory': [16.0]}, '7': {'Retries': 0, 'WallDurations': [230.0, 265.6755199432373, 265.6755199432373], 'StartTimes': [1615291216.0], 'SubmitTimes': [1615291121.0], 'JobIds': ['62490183.0'], 'EndTimes': [1615291446.0], 'Restarts': 0, 'RecordedSite': True, 'State': 'finished', 'ResidentSetSize': [2884], 'TotalUserCpuTimeHistory': [20], 'SiteHistory': ['Unknown', 'T2_US_Vanderbilt', 'T2_US_Vanderbilt'], 'TotalSysCpuTimeHistory': [1]}, '6': {'Retries': 0, 'WallDurations': [10.0, 261.6755199432373, 652.0], 'StartTimes': [1615291220.0], 'SubmitTimes': [1615291121.0], 'JobIds': ['62490181.0'], 'EndTimes': [1615291872.0], 'Restarts': 0, 'RecordedSite': True, 'State': 'finished', 'ResidentSetSize': [518744], 'TotalUserCpuTimeHistory': [385], 'SiteHistory': ['Unknown', 'T2_US_Vanderbilt', 'T2_US_Vanderbilt'], 'TotalSysCpuTimeHistory': [13]}, '9': {'Retries': 0, 'WallDurations': [8.0, 271.6755199432373, 1368.0], 'StartTimes': [1615291210.0], 'SubmitTimes': [1615291122.0], 'JobIds': ['62490185.0'], 'EndTimes': [1615292578.0], 'Restarts': 0, 'RecordedSite': True, 'State': 'finished', 'ResidentSetSize': [480736], 'TotalUserCpuTimeHistory': [1009], 'SiteHistory': ['Unknown', 'T2_US_MIT', 'T2_US_MIT'], 'TotalSysCpuTimeHistory': [38]}, '8': {'Retries': 0, 'WallDurations': [8.0, 271.6755199432373, 2112.0], 'StartTimes': [1615291210.0], 'SubmitTimes': [1615291121.0], 'JobIds': ['62490184.0'], 'EndTimes': [], 'Restarts': 0, 'RecordedSite': True, 'State': 'running', 'ResidentSetSize': [586428], 'TotalUserCpuTimeHistory': [56.0], 'SiteHistory': ['Unknown', 'T2_US_Wisconsin', 'T2_US_Wisconsin'], 'TotalSysCpuTimeHistory': [5.0]}}
INFO 2021-03-09 16:09:28.601 UTC: 	 Status on the scheduler:	SUBMITTED
INFO 2021-03-09 16:09:28.601 UTC: 	 
Jobs status:                    finished     		 60.0% ( 6/10)
INFO 2021-03-09 16:09:28.601 UTC: 	 				running      		 40.0% ( 4/10)
INFO 2021-03-09 16:09:28.602 UTC: 	 
No publication information (publication has been disabled in the CRAB configuration file)
INFO 2021-03-09 16:09:28.602 UTC: 	 
Warning: the max jobs runtime is less than 30% of the task requested value (1250 min), please consider to request a lower value for failed jobs (allowed through crab resubmit) and/or improve the jobs splitting (e.g. config.Data.splitting = 'Automatic') in a new task.
INFO 2021-03-09 16:09:28.602 UTC: 	 
Summary of run jobs:
 * Memory: 2MB min, 546MB max, 406MB ave
 * Runtime: 0:04:25 min, 0:22:48 max, 0:11:21 ave
 * CPU eff: 8% min, 77% max, 63% ave
 * Waste: 0:31:10 (31% of total)

INFO 2021-03-09 16:09:28.624 UTC: 	 Log file is /afs/cern.ch/work/a/achhetri/NANO_AOD/CMSSW_10_6_8/src/WTopScalefactorProducer/Skimmer/NANOcrab/crab_Tprime_v5_NANo_AOD_106X/crab_QCD_Pt120to170_EM_v2/crab.log
DEBUG 2021-03-10 12:03:49.712 UTC: 	 CRAB Client version: v3.201110
DEBUG 2021-03-10 12:03:49.713 UTC: 	 Running on: Linux lxplus719.cern.ch 3.10.0-1160.15.2.el7.x86_64 #1 SMP Wed Feb 3 15:06:38 UTC 2021 x86_64 x86_64 x86_64 GNU/Linux - CentOS Linux 7 (Core)
DEBUG 2021-03-10 12:03:49.713 UTC: 	 Executing command: 'status'
DEBUG 2021-03-10 12:03:49.713 UTC: 	 Found CRAB cache file /afs/cern.ch/user/a/achhetri/.crab3
DEBUG 2021-03-10 12:03:49.766 UTC: 	 Checking credentials
DEBUG 2021-03-10 12:03:49.767 UTC: 	 Found proxy file /afs/cern.ch/user/a/achhetri/x509up_u94350
DEBUG 2021-03-10 12:03:49.767 UTC: 	 Getting proxy life time left
DEBUG 2021-03-10 12:03:50.371 UTC: 	 Executing : 
 command : voms-proxy-info -file /afs/cern.ch/user/a/achhetri/x509up_u94350 -timeleft
 output : 690973

 error: 
 retcode : 0
DEBUG 2021-03-10 12:03:50.979 UTC: 	 Executing : 
 command : voms-proxy-info -file /afs/cern.ch/user/a/achhetri/x509up_u94350 -actimeleft
 output : 690972

 error: 
 retcode : 0
DEBUG 2021-03-10 12:03:50.980 UTC: 	 Proxy lifetime 690973 secs is different from voms extension lifetime 690972 secs for proxy: /afs/cern.ch/user/a/achhetri/x509up_u94350
DEBUG 2021-03-10 12:03:50.980 UTC: 	 Proxy valid for 191:56:12 hours
DEBUG 2021-03-10 12:03:51.090 UTC: 	 Registering user credentials for server /DC=ch/DC=cern/OU=computers/CN=vocms0105.cern.ch|/DC=ch/DC=cern/OU=computers/CN=crab-(preprod|prod|dev)-tw(02|01).cern.ch|/DC=ch/DC=cern/OU=computers/CN=(ddi|ddidk|mytw).cern.ch|/DC=ch/DC=cern/OU=computers/CN=stefanov(m|m2).cern.ch
DEBUG 2021-03-10 12:03:51.701 UTC: 	 Executing : 
 command : voms-proxy-info -file /afs/cern.ch/user/a/achhetri/x509up_u94350 -identity
 output : /DC=ch/DC=cern/OU=Organic Units/OU=Users/CN=achhetri/CN=804540/CN=Arjun Chhetri

 error: 
 retcode : 0
DEBUG 2021-03-10 12:03:51.708 UTC: 	 Getting myproxy life time left for myproxy.cern.ch
DEBUG 2021-03-10 12:03:51.708 UTC: 	 using eb0e67adc2dd9eb1770413a4ffd073f562b86f05 as credential login name
DEBUG 2021-03-10 12:03:51.920 UTC: 	 Executing : 
 command : myproxy-info -l eb0e67adc2dd9eb1770413a4ffd073f562b86f05 -s myproxy.cern.ch
 output : username: eb0e67adc2dd9eb1770413a4ffd073f562b86f05
owner: /DC=ch/DC=cern/OU=Organic Units/OU=Users/CN=achhetri/CN=804540/CN=Arjun Chhetri
  renewal policy: /DC=ch/DC=cern/OU=computers/CN=vocms0105.cern.ch|/DC=ch/DC=cern/OU=computers/CN=crab-(preprod|prod|dev)-tw(02|01).cern.ch|/DC=ch/DC=cern/OU=computers/CN=(ddi|ddidk|mytw).cern.ch|/DC=ch/DC=cern/OU=computers/CN=stefanov(m|m2).cern.ch
  trusted retrieval policy: /DC=ch/DC=cern/OU=computers/CN=vocms0105.cern.ch|/DC=ch/DC=cern/OU=computers/CN=crab-(preprod|prod|dev)-tw(02|01).cern.ch|/DC=ch/DC=cern/OU=computers/CN=(ddi|ddidk|mytw).cern.ch|/DC=ch/DC=cern/OU=computers/CN=stefanov(m|m2).cern.ch
  timeleft: 695:50:18  (29.0 days)

 error: 
 retcode : 0
DEBUG 2021-03-10 12:03:51.921 UTC: 	 Myproxy is valid: 2505018
DEBUG 2021-03-10 12:03:51.922 UTC: 	 Retrieving username ...
DEBUG 2021-03-10 12:03:51.922 UTC: 	 Retrieving username from CRIC...
DEBUG 2021-03-10 12:03:52.909 UTC: 	 username is achhetri
DEBUG 2021-03-10 12:03:52.916 UTC: 	 Getting myproxy life time left for myproxy.cern.ch
DEBUG 2021-03-10 12:03:52.916 UTC: 	 using achhetri_CRAB as credential login name
DEBUG 2021-03-10 12:03:53.121 UTC: 	 Executing : 
 command : myproxy-info -l achhetri_CRAB -s myproxy.cern.ch
 output : username: achhetri_CRAB
owner: /DC=ch/DC=cern/OU=Organic Units/OU=Users/CN=achhetri/CN=804540/CN=Arjun Chhetri
  renewal policy: /DC=ch/DC=cern/OU=computers/CN=vocms0105.cern.ch|/DC=ch/DC=cern/OU=computers/CN=crab-(preprod|prod|dev)-tw(02|01).cern.ch|/DC=ch/DC=cern/OU=computers/CN=(ddi|ddidk|mytw).cern.ch|/DC=ch/DC=cern/OU=computers/CN=stefanov(m|m2).cern.ch
  trusted retrieval policy: /DC=ch/DC=cern/OU=computers/CN=vocms0105.cern.ch|/DC=ch/DC=cern/OU=computers/CN=crab-(preprod|prod|dev)-tw(02|01).cern.ch|/DC=ch/DC=cern/OU=computers/CN=(ddi|ddidk|mytw).cern.ch|/DC=ch/DC=cern/OU=computers/CN=stefanov(m|m2).cern.ch
  timeleft: 332:47:47  (13.9 days)

 error: 
 retcode : 0
DEBUG 2021-03-10 12:03:53.121 UTC: 	 Myproxy is valid: 1198067
DEBUG 2021-03-10 12:03:53.226 UTC: 	 Executing : 
 command : openssl x509 -noout -in ~/.globus/usercert.pem -dates
 output : notBefore=Nov 11 12:18:59 2020 GMT
notAfter=Dec 16 12:18:59 2021 GMT

 error: 
 retcode : 0
DEBUG 2021-03-10 12:03:53.237 UTC: 	 Delegating a myproxy for 720:00 hours
DEBUG 2021-03-10 12:03:53.237 UTC: 	 using achhetri_CRAB as credential login name
DEBUG 2021-03-10 12:03:56.047 UTC: 	 Executing : 
 command : export GT_PROXY_MODE=rfc ; myproxy-init -d -n -s myproxy.cern.ch -x -R '/DC=ch/DC=cern/OU=computers/CN=vocms0105.cern.ch|/DC=ch/DC=cern/OU=computers/CN=crab-(preprod|prod|dev)-tw(02|01).cern.ch|/DC=ch/DC=cern/OU=computers/CN=(ddi|ddidk|mytw).cern.ch|/DC=ch/DC=cern/OU=computers/CN=stefanov(m|m2).cern.ch' -x -Z '/DC=ch/DC=cern/OU=computers/CN=vocms0105.cern.ch|/DC=ch/DC=cern/OU=computers/CN=crab-(preprod|prod|dev)-tw(02|01).cern.ch|/DC=ch/DC=cern/OU=computers/CN=(ddi|ddidk|mytw).cern.ch|/DC=ch/DC=cern/OU=computers/CN=stefanov(m|m2).cern.ch' -l 'achhetri_CRAB' -t 168:00 -c 720:00
 output : Your identity: /DC=ch/DC=cern/OU=Organic Units/OU=Users/CN=achhetri/CN=804540/CN=Arjun Chhetri

 error: Error: Couldn't read user key in /afs/cern.ch/user/a/achhetri/.globus/userkey.pem.
Use -debug for further information.
grid-proxy-init failed

 retcode : 1
DEBUG 2021-03-10 12:03:56.047 UTC: 	 using achhetri_CRAB as credential login name
DEBUG 2021-03-10 12:03:56.252 UTC: 	 Executing : 
 command : myproxy-info -l achhetri_CRAB -s myproxy.cern.ch
 output : username: achhetri_CRAB
owner: /DC=ch/DC=cern/OU=Organic Units/OU=Users/CN=achhetri/CN=804540/CN=Arjun Chhetri
  renewal policy: /DC=ch/DC=cern/OU=computers/CN=vocms0105.cern.ch|/DC=ch/DC=cern/OU=computers/CN=crab-(preprod|prod|dev)-tw(02|01).cern.ch|/DC=ch/DC=cern/OU=computers/CN=(ddi|ddidk|mytw).cern.ch|/DC=ch/DC=cern/OU=computers/CN=stefanov(m|m2).cern.ch
  trusted retrieval policy: /DC=ch/DC=cern/OU=computers/CN=vocms0105.cern.ch|/DC=ch/DC=cern/OU=computers/CN=crab-(preprod|prod|dev)-tw(02|01).cern.ch|/DC=ch/DC=cern/OU=computers/CN=(ddi|ddidk|mytw).cern.ch|/DC=ch/DC=cern/OU=computers/CN=stefanov(m|m2).cern.ch
  timeleft: 332:47:44  (13.9 days)

 error: 
 retcode : 0
DEBUG 2021-03-10 12:03:56.253 UTC: 	 My-proxy delegated.
DEBUG 2021-03-10 12:03:56.253 UTC: 	 Result of myproxy credential check:
  Credential exists on myproxy: username: eb0e67adc2dd9eb1770413a4ffd073f562b86f05  - validity: 28 days, 23:50:18
  Credential exists on myproxy: username: achhetri_CRAB  - validity: 13 days, 20:47:44
DEBUG 2021-03-10 12:03:56.253 UTC: 	 Command use: status
DEBUG 2021-03-10 12:03:56.253 UTC: 	 Options use: ['-d', 'crab_QCD_Pt120to170_EM_v2']
DEBUG 2021-03-10 12:03:56.333 UTC: 	 CRABClient version: v3.201110
DEBUG 2021-03-10 12:03:56.333 UTC: 	 Instance is prod
DEBUG 2021-03-10 12:03:56.333 UTC: 	 Server base url is cmsweb-k8s-prod.cern.ch
DEBUG 2021-03-10 12:03:56.333 UTC: 	 Command url /crabserver/prod/workflow
DEBUG 2021-03-10 12:03:56.469 UTC: 	 Got information from server oracle database: {u'result': [u'210309_115737:achhetri_crab_QCD_Pt120to170_EM_v2', u'None', u'None', u'SUBMITTED', u'SUBMIT', u'2021-03-09 11:57:37.867655', u'None', u'2021-03-09 11:58:35.612028', u'None', u'CMSSW_10_6_8', u'slc7_amd64_gcc700', u'/QCD_Pt-120to170_EMEnriched_TuneCP5_13TeV_pythia8/RunIISummer19UL17NanoAODv2-106X_mc2017_realistic_v8-v1/NANOAODSIM', u'F', u'0', u'[]', u'[]', u'FileBased', u"{'splitOnRun': False, 'halt_job_on_file_boundaries': False, 'files_per_job': 1, 'runs': [], 'lumis': []}", u'db34ebad3d4b9da4ae9c866827f2ee5a2e927bca2b5d12de79379f506faf14a9.tar.gz', u'https://cmsweb.cern.ch:8443/crabcache', u'achhetri', u'/DC=ch/DC=cern/OU=Organic Units/OU=Users/CN=achhetri/CN=804540/CN=Arjun Chhetri', u'cms', u'None', u'None', u'QCD_Pt120to170_EM_v2-00000000000000000000000000000000', u'F', u'T3_CH_CERNBOX', u'https://cmsweb.cern.ch/dbs/prod/global/DBSReader', u'https://cmsweb.cern.ch/dbs/prod/phys03/DBSWriter', u'F', u'[]', u'[]', u"['tree.root']", u'Analysis', u'pythia', u'None', u'{}', u'[]', u'T', u'crab-prod-tw01', u'[]', u'1250', u'1', u'2000', u'10', u"['/QCD_Pt-120to170_EMEnriched_TuneCP5_13TeV_pythia8/achhetri-QCD_Pt120to170_EM_v2-5d8f93ee2ba2db6b402c7167473e2950/USER']", u'[]', u'http://vocms0197.cern.ch/mon/cms341/210309_115737:achhetri_crab_QCD_Pt120to170_EM_v2', u'crab_script_Tprime.sh', u'[]', u'[]', u'https://cmsweb.cern.ch/crabserver/prod', u'cmsgwms-collector-global.cern.ch:9620,cmsgwms-collector-global.fnal.gov', u'crab3@vocms0197.cern.ch', u'F', u'[]', u'T', u'/store/user/achhetri/Tprime_v5_NANo_AOD_106X', u'F', u'None', u'F', u'None', u'QCD_Pt-120to170_EMEnriched_TuneCP5_13TeV_pythia8', u'None', u'019d417f2af0dcec01b0d784740409b5aa774c21bc3cf185b8e6040c2e1b0b64.tar.gz', u'62490174', u'filetransfers', u'F', u'188.185.90.95', u'10.0', u'None'], u'desc': {u'columns': [u'tm_taskname', u'tm_activity', u'panda_jobset_id', u'tm_task_status', u'tm_task_command', u'tm_start_time', u'tm_start_injection', u'tm_end_injection', u'tm_task_failure', u'tm_job_sw', u'tm_job_arch', u'tm_input_dataset', u'tm_nonvalid_input_dataset', u'tm_use_parent', u'tm_site_whitelist', u'tm_site_blacklist', u'tm_split_algo', u'tm_split_args', u'tm_user_sandbox', u'tm_cache_url', u'tm_username', u'tm_user_dn', u'tm_user_vo', u'tm_user_role', u'tm_user_group', u'tm_publish_name', u'tm_publish_groupname', u'tm_asyncdest', u'tm_dbs_url', u'tm_publish_dbs_url', u'tm_publication', u'tm_outfiles', u'tm_tfile_outfiles', u'tm_edm_outfiles', u'tm_job_type', u'tm_generator', u'tm_events_per_lumi', u'tm_arguments', u'panda_resubmitted_jobs', u'tm_save_logs', u'tw_name', u'tm_user_infiles', u'tm_maxjobruntime', u'tm_numcores', u'tm_maxmemory', u'tm_priority', u'tm_output_dataset', u'tm_task_warnings', u'tm_user_webdir', u'tm_scriptexe', u'tm_scriptargs', u'tm_extrajdl', u'tm_asourl', u'tm_collector', u'tm_schedd', u'tm_dry_run', u'tm_user_files', u'tm_transfer_outputs', u'tm_output_lfn', u'tm_ignore_locality', u'tm_fail_limit', u'tm_one_event_mode', u'tm_secondary_input_dataset', u'tm_primary_dataset', u'tm_last_publication', u'tm_debug_files', u'clusterid', u'tm_asodb', u'tm_ignore_global_blacklist', u'tm_submitter_ip_addr', u'tm_totalunits', u'tm_ddm_reqid']}}
INFO 2021-03-10 12:03:56.470 UTC: 	 CRAB project directory:		/afs/cern.ch/work/a/achhetri/NANO_AOD/CMSSW_10_6_8/src/WTopScalefactorProducer/Skimmer/NANOcrab/crab_Tprime_v5_NANo_AOD_106X/crab_QCD_Pt120to170_EM_v2
INFO 2021-03-10 12:03:56.470 UTC: 	 Task name:			210309_115737:achhetri_crab_QCD_Pt120to170_EM_v2
INFO 2021-03-10 12:03:56.470 UTC: 	 Grid scheduler - Task Worker:	crab3@vocms0197.cern.ch - crab-prod-tw01
INFO 2021-03-10 12:03:56.470 UTC: 	 Status on the CRAB server:	SUBMITTED
INFO 2021-03-10 12:03:56.470 UTC: 	 Task URL to use for HELP:	https://cmsweb-k8s-prod.cern.ch/crabserver/ui/task/210309_115737%3Aachhetri_crab_QCD_Pt120to170_EM_v2
INFO 2021-03-10 12:03:56.471 UTC: 	 Dashboard monitoring URL:	https://monit-grafana.cern.ch/d/cmsTMDetail/cms-task-monitoring-task-view?orgId=11&var-user=achhetri&var-task=210309_115737%3Aachhetri_crab_QCD_Pt120to170_EM_v2&from=1615287457000&to=now
INFO 2021-03-10 12:03:56.472 UTC: 	 In case of issues with the dashboard, please provide feedback to hn-cms-computing-tools@cern.ch
DEBUG 2021-03-10 12:03:56.472 UTC: 	 The CRAB server submitted your task to the Grid scheduler (cluster ID: 62490174)
DEBUG 2021-03-10 12:03:56.472 UTC: 	 Webdir is located at http://vocms0197.cern.ch/mon/cms341/210309_115737:achhetri_crab_QCD_Pt120to170_EM_v2
DEBUG 2021-03-10 12:03:56.563 UTC: 	 Proxied webdir is located at https://cmsweb.cern.ch:8443/scheddmon/0197/cms341/210309_115737:achhetri_crab_QCD_Pt120to170_EM_v2
DEBUG 2021-03-10 12:03:56.563 UTC: 	 Retrieving 'status_cache' file from https://cmsweb.cern.ch:8443/scheddmon/0197/cms341/210309_115737:achhetri_crab_QCD_Pt120to170_EM_v2/status_cache
DEBUG 2021-03-10 12:03:56.606 UTC: 	 Got information from status cache file: {'10': {'Retries': 0, 'WallDurations': [8.0, 264.6755199432373, 31024.0], 'StartTimes': [1615291217.0], 'SubmitTimes': [1615291127.0], 'JobIds': ['62490186.0'], 'EndTimes': [1615322241.0], 'Restarts': 0, 'RecordedSite': True, 'State': 'finished', 'ResidentSetSize': [576124], 'TotalUserCpuTimeHistory': [262], 'SiteHistory': ['Unknown', 'T2_US_Florida', 'T2_US_Florida'], 'TotalSysCpuTimeHistory': [24]}, '1': {'Retries': 0, 'WallDurations': [8.0, 263.6755199432373, 749.0], 'StartTimes': [1615291218.0], 'SubmitTimes': [1615291121.0], 'JobIds': ['62490177.0'], 'EndTimes': [1615291967.0], 'Restarts': 0, 'RecordedSite': True, 'State': 'finished', 'ResidentSetSize': [466124], 'TotalUserCpuTimeHistory': [537], 'SiteHistory': ['Unknown', 'T2_US_Vanderbilt', 'T2_US_Vanderbilt'], 'TotalSysCpuTimeHistory': [21]}, '3': {'Retries': 0, 'WallDurations': [10.0, 267.6755199432373, 409.0], 'StartTimes': [1615291214.0], 'SubmitTimes': [1615291121.0], 'JobIds': ['62490178.0'], 'EndTimes': [1615291623.0], 'Restarts': 0, 'RecordedSite': True, 'State': 'finished', 'ResidentSetSize': [465384], 'TotalUserCpuTimeHistory': [78], 'SiteHistory': ['Unknown', 'T2_US_Vanderbilt', 'T2_US_Vanderbilt'], 'TotalSysCpuTimeHistory': [4]}, '2': {'Retries': 0, 'WallDurations': [9.0, 264.6755199432373, 643.0], 'StartTimes': [1615291217.0], 'SubmitTimes': [1615291121.0], 'JobIds': ['62490179.0'], 'EndTimes': [1615291860.0], 'Restarts': 0, 'RecordedSite': True, 'State': 'finished', 'ResidentSetSize': [559892], 'TotalUserCpuTimeHistory': [441], 'SiteHistory': ['Unknown', 'T2_US_Vanderbilt', 'T2_US_Vanderbilt'], 'TotalSysCpuTimeHistory': [10]}, '5': {'Retries': 0, 'WallDurations': [9.0, 271.6755199432373, 47467.0], 'StartTimes': [1615291210.0], 'SubmitTimes': [1615291121.0], 'JobIds': ['62490182.0'], 'EndTimes': [1615338677.0], 'Restarts': 0, 'RecordedSite': True, 'State': 'finished', 'ResidentSetSize': [590868], 'TotalUserCpuTimeHistory': [640], 'SiteHistory': ['Unknown', 'T2_US_Wisconsin', 'T2_US_Wisconsin'], 'TotalSysCpuTimeHistory': [77]}, '4': {'Retries': 0, 'WallDurations': [8.0, 257.6755199432373, 18606.0], 'StartTimes': [1615291224.0], 'SubmitTimes': [1615291121.0], 'JobIds': ['62490180.0'], 'EndTimes': [1615309830.0], 'Restarts': 0, 'RecordedSite': True, 'State': 'finished', 'ResidentSetSize': [554256], 'TotalUserCpuTimeHistory': [187], 'SiteHistory': ['Unknown', 'T2_US_Florida', 'T2_US_Florida'], 'TotalSysCpuTimeHistory': [20]}, '7': {'Retries': 0, 'WallDurations': [230.0, 265.6755199432373, 265.6755199432373], 'StartTimes': [1615291216.0], 'SubmitTimes': [1615291121.0], 'JobIds': ['62490183.0'], 'EndTimes': [1615291446.0], 'Restarts': 0, 'RecordedSite': True, 'State': 'finished', 'ResidentSetSize': [2884], 'TotalUserCpuTimeHistory': [20], 'SiteHistory': ['Unknown', 'T2_US_Vanderbilt', 'T2_US_Vanderbilt'], 'TotalSysCpuTimeHistory': [1]}, '6': {'Retries': 0, 'WallDurations': [10.0, 261.6755199432373, 652.0], 'StartTimes': [1615291220.0], 'SubmitTimes': [1615291121.0], 'JobIds': ['62490181.0'], 'EndTimes': [1615291872.0], 'Restarts': 0, 'RecordedSite': True, 'State': 'finished', 'ResidentSetSize': [518744], 'TotalUserCpuTimeHistory': [385], 'SiteHistory': ['Unknown', 'T2_US_Vanderbilt', 'T2_US_Vanderbilt'], 'TotalSysCpuTimeHistory': [13]}, '9': {'Retries': 0, 'WallDurations': [8.0, 271.6755199432373, 1368.0], 'StartTimes': [1615291210.0], 'SubmitTimes': [1615291122.0], 'JobIds': ['62490185.0'], 'EndTimes': [1615292578.0], 'Restarts': 0, 'RecordedSite': True, 'State': 'finished', 'ResidentSetSize': [480736], 'TotalUserCpuTimeHistory': [1009], 'SiteHistory': ['Unknown', 'T2_US_MIT', 'T2_US_MIT'], 'TotalSysCpuTimeHistory': [38]}, '8': {'Retries': 0, 'WallDurations': [8.0, 271.6755199432373, 24292.0], 'StartTimes': [1615291210.0], 'SubmitTimes': [1615291121.0], 'JobIds': ['62490184.0'], 'EndTimes': [1615315502.0], 'Restarts': 0, 'RecordedSite': True, 'State': 'finished', 'ResidentSetSize': [586428], 'TotalUserCpuTimeHistory': [413], 'SiteHistory': ['Unknown', 'T2_US_Wisconsin', 'T2_US_Wisconsin'], 'TotalSysCpuTimeHistory': [38]}}
INFO 2021-03-10 12:03:56.606 UTC: 	 Status on the scheduler:	COMPLETED
INFO 2021-03-10 12:03:56.606 UTC: 	 
Jobs status:                    finished     		100.0% (10/10)
INFO 2021-03-10 12:03:56.606 UTC: 	 
No publication information (publication has been disabled in the CRAB configuration file)
INFO 2021-03-10 12:03:56.606 UTC: 	 
Warning: the average jobs CPU efficiency is less than 50%, please consider to improve the jobs splitting (e.g. config.Data.splitting = 'Automatic') in a new task
INFO 2021-03-10 12:03:56.607 UTC: 	 
Summary of run jobs:
 * Memory: 2MB min, 577MB max, 469MB ave
 * Runtime: 0:04:25 min, 13:11:07 max, 3:29:07 ave
 * CPU eff: 1% min, 77% max, 3% ave
 * Waste: 0:49:28 (2% of total)

INFO 2021-03-10 12:03:56.650 UTC: 	 Log file is /afs/cern.ch/work/a/achhetri/NANO_AOD/CMSSW_10_6_8/src/WTopScalefactorProducer/Skimmer/NANOcrab/crab_Tprime_v5_NANo_AOD_106X/crab_QCD_Pt120to170_EM_v2/crab.log
DEBUG 2021-03-26 10:46:51.219 UTC: 	 CRAB Client version: v3.210127
DEBUG 2021-03-26 10:46:51.220 UTC: 	 Running on: Linux lxplus775.cern.ch 3.10.0-1160.15.2.el7.x86_64 #1 SMP Wed Feb 3 15:06:38 UTC 2021 x86_64 x86_64 x86_64 GNU/Linux - CentOS Linux 7 (Core)
DEBUG 2021-03-26 10:46:51.220 UTC: 	 Executing command: 'status'
DEBUG 2021-03-26 10:46:51.220 UTC: 	 Found CRAB cache file /afs/cern.ch/user/a/achhetri/.crab3
DEBUG 2021-03-26 10:46:51.365 UTC: 	 Checking credentials
DEBUG 2021-03-26 10:46:51.366 UTC: 	 Found proxy file /afs/cern.ch/user/a/achhetri/x509up_u94350
DEBUG 2021-03-26 10:46:51.366 UTC: 	 Getting proxy life time left
DEBUG 2021-03-26 10:46:52.071 UTC: 	 Executing : 
 command : voms-proxy-info -file /afs/cern.ch/user/a/achhetri/x509up_u94350 -timeleft
 output : 679329

 error: 
 retcode : 0
DEBUG 2021-03-26 10:46:52.677 UTC: 	 Executing : 
 command : voms-proxy-info -file /afs/cern.ch/user/a/achhetri/x509up_u94350 -actimeleft
 output : 679328

 error: 
 retcode : 0
DEBUG 2021-03-26 10:46:52.677 UTC: 	 Proxy lifetime 679329 secs is different from voms extension lifetime 679328 secs for proxy: /afs/cern.ch/user/a/achhetri/x509up_u94350
DEBUG 2021-03-26 10:46:52.677 UTC: 	 Proxy valid for 188:42:08 hours
DEBUG 2021-03-26 10:46:52.790 UTC: 	 Registering user credentials for server /DC=ch/DC=cern/OU=computers/CN=vocms0105.cern.ch|/DC=ch/DC=cern/OU=computers/CN=crab-(preprod|prod|dev)-tw(02|01).cern.ch|/DC=ch/DC=cern/OU=computers/CN=(ddi|ddidk|mytw).cern.ch|/DC=ch/DC=cern/OU=computers/CN=stefanov(m|m2).cern.ch
DEBUG 2021-03-26 10:46:53.403 UTC: 	 Executing : 
 command : voms-proxy-info -file /afs/cern.ch/user/a/achhetri/x509up_u94350 -identity
 output : /DC=ch/DC=cern/OU=Organic Units/OU=Users/CN=achhetri/CN=804540/CN=Arjun Chhetri

 error: 
 retcode : 0
DEBUG 2021-03-26 10:46:53.411 UTC: 	 Getting myproxy life time left for myproxy.cern.ch
DEBUG 2021-03-26 10:46:53.411 UTC: 	 using eb0e67adc2dd9eb1770413a4ffd073f562b86f05 as credential login name
DEBUG 2021-03-26 10:46:53.816 UTC: 	 Executing : 
 command : myproxy-info -l eb0e67adc2dd9eb1770413a4ffd073f562b86f05 -s myproxy.cern.ch
 output : username: eb0e67adc2dd9eb1770413a4ffd073f562b86f05
owner: /DC=ch/DC=cern/OU=Organic Units/OU=Users/CN=achhetri/CN=804540/CN=Arjun Chhetri
  renewal policy: /DC=ch/DC=cern/OU=computers/CN=vocms0105.cern.ch|/DC=ch/DC=cern/OU=computers/CN=crab-(preprod|prod|dev)-tw(02|01).cern.ch|/DC=ch/DC=cern/OU=computers/CN=(ddi|ddidk|mytw).cern.ch|/DC=ch/DC=cern/OU=computers/CN=stefanov(m|m2).cern.ch
  trusted retrieval policy: /DC=ch/DC=cern/OU=computers/CN=vocms0105.cern.ch|/DC=ch/DC=cern/OU=computers/CN=crab-(preprod|prod|dev)-tw(02|01).cern.ch|/DC=ch/DC=cern/OU=computers/CN=(ddi|ddidk|mytw).cern.ch|/DC=ch/DC=cern/OU=computers/CN=stefanov(m|m2).cern.ch
  timeleft: 719:54:18  (30.0 days)

 error: 
 retcode : 0
DEBUG 2021-03-26 10:46:53.817 UTC: 	 Myproxy is valid: 2591658
DEBUG 2021-03-26 10:46:53.818 UTC: 	 Retrieving username ...
DEBUG 2021-03-26 10:46:53.818 UTC: 	 Retrieving username from CRIC...
DEBUG 2021-03-26 10:46:54.523 UTC: 	 username is achhetri
DEBUG 2021-03-26 10:46:54.530 UTC: 	 Getting myproxy life time left for myproxy.cern.ch
DEBUG 2021-03-26 10:46:54.530 UTC: 	 using achhetri_CRAB as credential login name
DEBUG 2021-03-26 10:46:54.934 UTC: 	 Executing : 
 command : myproxy-info -l achhetri_CRAB -s myproxy.cern.ch
 output : username: achhetri_CRAB
owner: /DC=ch/DC=cern/OU=Organic Units/OU=Users/CN=achhetri/CN=804540/CN=Arjun Chhetri
  renewal policy: /DC=ch/DC=cern/OU=computers/CN=vocms0105.cern.ch|/DC=ch/DC=cern/OU=computers/CN=crab-(preprod|prod|dev)-tw(02|01).cern.ch|/DC=ch/DC=cern/OU=computers/CN=(ddi|ddidk|mytw).cern.ch|/DC=ch/DC=cern/OU=computers/CN=stefanov(m|m2).cern.ch
  trusted retrieval policy: /DC=ch/DC=cern/OU=computers/CN=vocms0105.cern.ch|/DC=ch/DC=cern/OU=computers/CN=crab-(preprod|prod|dev)-tw(02|01).cern.ch|/DC=ch/DC=cern/OU=computers/CN=(ddi|ddidk|mytw).cern.ch|/DC=ch/DC=cern/OU=computers/CN=stefanov(m|m2).cern.ch
  timeleft: 719:54:25  (30.0 days)

 error: 
 retcode : 0
DEBUG 2021-03-26 10:46:54.935 UTC: 	 Myproxy is valid: 2591665
DEBUG 2021-03-26 10:46:54.935 UTC: 	 Result of myproxy credential check:
  Credential exists on myproxy: username: eb0e67adc2dd9eb1770413a4ffd073f562b86f05  - validity: 29 days, 23:54:18
  Credential exists on myproxy: username: achhetri_CRAB  - validity: 29 days, 23:54:25
DEBUG 2021-03-26 10:46:54.936 UTC: 	 Command use: status
DEBUG 2021-03-26 10:46:54.936 UTC: 	 Options use: ['-d', 'crab_QCD_Pt120to170_EM_v2']
DEBUG 2021-03-26 10:46:54.986 UTC: 	 CRABClient version: v3.210127
DEBUG 2021-03-26 10:46:54.986 UTC: 	 Instance is prod
DEBUG 2021-03-26 10:46:54.986 UTC: 	 Server base url is cmsweb-k8s-prod.cern.ch
DEBUG 2021-03-26 10:46:54.986 UTC: 	 Command url /crabserver/prod/workflow
DEBUG 2021-03-26 10:46:55.088 UTC: 	 Got information from server oracle database: {u'result': [u'210309_115737:achhetri_crab_QCD_Pt120to170_EM_v2', u'None', u'None', u'SUBMITTED', u'SUBMIT', u'2021-03-09 11:57:37.867655', u'None', u'2021-03-09 11:58:35.612028', u'None', u'CMSSW_10_6_8', u'slc7_amd64_gcc700', u'/QCD_Pt-120to170_EMEnriched_TuneCP5_13TeV_pythia8/RunIISummer19UL17NanoAODv2-106X_mc2017_realistic_v8-v1/NANOAODSIM', u'F', u'0', u'[]', u'[]', u'FileBased', u"{'splitOnRun': False, 'halt_job_on_file_boundaries': False, 'files_per_job': 1, 'runs': [], 'lumis': []}", u'db34ebad3d4b9da4ae9c866827f2ee5a2e927bca2b5d12de79379f506faf14a9.tar.gz', u'https://cmsweb.cern.ch:8443/crabcache', u'achhetri', u'/DC=ch/DC=cern/OU=Organic Units/OU=Users/CN=achhetri/CN=804540/CN=Arjun Chhetri', u'cms', u'None', u'None', u'QCD_Pt120to170_EM_v2-00000000000000000000000000000000', u'F', u'T3_CH_CERNBOX', u'https://cmsweb.cern.ch/dbs/prod/global/DBSReader', u'https://cmsweb.cern.ch/dbs/prod/phys03/DBSWriter', u'F', u'[]', u'[]', u"['tree.root']", u'Analysis', u'pythia', u'None', u'{}', u'[]', u'T', u'crab-prod-tw01', u'[]', u'1250', u'1', u'2000', u'10', u"['/QCD_Pt-120to170_EMEnriched_TuneCP5_13TeV_pythia8/achhetri-QCD_Pt120to170_EM_v2-5d8f93ee2ba2db6b402c7167473e2950/USER']", u'[]', u'http://vocms0197.cern.ch/mon/cms341/210309_115737:achhetri_crab_QCD_Pt120to170_EM_v2', u'crab_script_Tprime.sh', u'[]', u'[]', u'https://cmsweb.cern.ch/crabserver/prod', u'cmsgwms-collector-global.cern.ch:9620,cmsgwms-collector-global.fnal.gov', u'crab3@vocms0197.cern.ch', u'F', u'[]', u'T', u'/store/user/achhetri/Tprime_v5_NANo_AOD_106X', u'F', u'None', u'F', u'None', u'QCD_Pt-120to170_EMEnriched_TuneCP5_13TeV_pythia8', u'None', u'019d417f2af0dcec01b0d784740409b5aa774c21bc3cf185b8e6040c2e1b0b64.tar.gz', u'62490174', u'filetransfers', u'F', u'188.185.90.95', u'10.0', u'None'], u'desc': {u'columns': [u'tm_taskname', u'tm_activity', u'panda_jobset_id', u'tm_task_status', u'tm_task_command', u'tm_start_time', u'tm_start_injection', u'tm_end_injection', u'tm_task_failure', u'tm_job_sw', u'tm_job_arch', u'tm_input_dataset', u'tm_nonvalid_input_dataset', u'tm_use_parent', u'tm_site_whitelist', u'tm_site_blacklist', u'tm_split_algo', u'tm_split_args', u'tm_user_sandbox', u'tm_cache_url', u'tm_username', u'tm_user_dn', u'tm_user_vo', u'tm_user_role', u'tm_user_group', u'tm_publish_name', u'tm_publish_groupname', u'tm_asyncdest', u'tm_dbs_url', u'tm_publish_dbs_url', u'tm_publication', u'tm_outfiles', u'tm_tfile_outfiles', u'tm_edm_outfiles', u'tm_job_type', u'tm_generator', u'tm_events_per_lumi', u'tm_arguments', u'panda_resubmitted_jobs', u'tm_save_logs', u'tw_name', u'tm_user_infiles', u'tm_maxjobruntime', u'tm_numcores', u'tm_maxmemory', u'tm_priority', u'tm_output_dataset', u'tm_task_warnings', u'tm_user_webdir', u'tm_scriptexe', u'tm_scriptargs', u'tm_extrajdl', u'tm_asourl', u'tm_collector', u'tm_schedd', u'tm_dry_run', u'tm_user_files', u'tm_transfer_outputs', u'tm_output_lfn', u'tm_ignore_locality', u'tm_fail_limit', u'tm_one_event_mode', u'tm_secondary_input_dataset', u'tm_primary_dataset', u'tm_last_publication', u'tm_debug_files', u'clusterid', u'tm_asodb', u'tm_ignore_global_blacklist', u'tm_submitter_ip_addr', u'tm_totalunits', u'tm_ddm_reqid']}}
INFO 2021-03-26 10:46:55.088 UTC: 	 CRAB project directory:		/afs/cern.ch/work/a/achhetri/NANO_AOD/CMSSW_10_6_8/src/WTopScalefactorProducer/Skimmer/NANOcrab/crab_Tprime_v5_NANo_AOD_106X/crab_QCD_Pt120to170_EM_v2
INFO 2021-03-26 10:46:55.088 UTC: 	 Task name:			210309_115737:achhetri_crab_QCD_Pt120to170_EM_v2
INFO 2021-03-26 10:46:55.088 UTC: 	 Grid scheduler - Task Worker:	crab3@vocms0197.cern.ch - crab-prod-tw01
INFO 2021-03-26 10:46:55.088 UTC: 	 Status on the CRAB server:	SUBMITTED
INFO 2021-03-26 10:46:55.088 UTC: 	 Task URL to use for HELP:	https://cmsweb-k8s-prod.cern.ch/crabserver/ui/task/210309_115737%3Aachhetri_crab_QCD_Pt120to170_EM_v2
INFO 2021-03-26 10:46:55.092 UTC: 	 Dashboard monitoring URL:	https://monit-grafana.cern.ch/d/cmsTMDetail/cms-task-monitoring-task-view?orgId=11&var-user=achhetri&var-task=210309_115737%3Aachhetri_crab_QCD_Pt120to170_EM_v2&from=1615287457000&to=now
INFO 2021-03-26 10:46:55.092 UTC: 	 In case of issues with the dashboard, please provide feedback to hn-cms-computing-tools@cern.ch
DEBUG 2021-03-26 10:46:55.092 UTC: 	 The CRAB server submitted your task to the Grid scheduler (cluster ID: 62490174)
DEBUG 2021-03-26 10:46:55.092 UTC: 	 Webdir is located at http://vocms0197.cern.ch/mon/cms341/210309_115737:achhetri_crab_QCD_Pt120to170_EM_v2
DEBUG 2021-03-26 10:46:55.189 UTC: 	 Proxied webdir is located at https://cmsweb.cern.ch:8443/scheddmon/0197/cms341/210309_115737:achhetri_crab_QCD_Pt120to170_EM_v2
DEBUG 2021-03-26 10:46:55.189 UTC: 	 Retrieving 'status_cache' file from https://cmsweb.cern.ch:8443/scheddmon/0197/cms341/210309_115737:achhetri_crab_QCD_Pt120to170_EM_v2/status_cache
DEBUG 2021-03-26 10:46:55.481 UTC: 	 Got information from status cache file: {'10': {'Retries': 0, 'WallDurations': [8.0, 264.6755199432373, 31024.0], 'StartTimes': [1615291217.0], 'SubmitTimes': [1615291127.0], 'JobIds': ['62490186.0'], 'EndTimes': [1615322241.0], 'Restarts': 0, 'RecordedSite': True, 'State': 'finished', 'ResidentSetSize': [576124], 'TotalUserCpuTimeHistory': [262], 'SiteHistory': ['Unknown', 'T2_US_Florida', 'T2_US_Florida'], 'TotalSysCpuTimeHistory': [24]}, '1': {'Retries': 0, 'WallDurations': [8.0, 263.6755199432373, 749.0], 'StartTimes': [1615291218.0], 'SubmitTimes': [1615291121.0], 'JobIds': ['62490177.0'], 'EndTimes': [1615291967.0], 'Restarts': 0, 'RecordedSite': True, 'State': 'finished', 'ResidentSetSize': [466124], 'TotalUserCpuTimeHistory': [537], 'SiteHistory': ['Unknown', 'T2_US_Vanderbilt', 'T2_US_Vanderbilt'], 'TotalSysCpuTimeHistory': [21]}, '3': {'Retries': 0, 'WallDurations': [10.0, 267.6755199432373, 409.0], 'StartTimes': [1615291214.0], 'SubmitTimes': [1615291121.0], 'JobIds': ['62490178.0'], 'EndTimes': [1615291623.0], 'Restarts': 0, 'RecordedSite': True, 'State': 'finished', 'ResidentSetSize': [465384], 'TotalUserCpuTimeHistory': [78], 'SiteHistory': ['Unknown', 'T2_US_Vanderbilt', 'T2_US_Vanderbilt'], 'TotalSysCpuTimeHistory': [4]}, '2': {'Retries': 0, 'WallDurations': [9.0, 264.6755199432373, 643.0], 'StartTimes': [1615291217.0], 'SubmitTimes': [1615291121.0], 'JobIds': ['62490179.0'], 'EndTimes': [1615291860.0], 'Restarts': 0, 'RecordedSite': True, 'State': 'finished', 'ResidentSetSize': [559892], 'TotalUserCpuTimeHistory': [441], 'SiteHistory': ['Unknown', 'T2_US_Vanderbilt', 'T2_US_Vanderbilt'], 'TotalSysCpuTimeHistory': [10]}, '5': {'Retries': 0, 'WallDurations': [9.0, 271.6755199432373, 47467.0], 'StartTimes': [1615291210.0], 'SubmitTimes': [1615291121.0], 'JobIds': ['62490182.0'], 'EndTimes': [1615338677.0], 'Restarts': 0, 'RecordedSite': True, 'State': 'finished', 'ResidentSetSize': [590868], 'TotalUserCpuTimeHistory': [640], 'SiteHistory': ['Unknown', 'T2_US_Wisconsin', 'T2_US_Wisconsin'], 'TotalSysCpuTimeHistory': [77]}, '4': {'Retries': 0, 'WallDurations': [8.0, 257.6755199432373, 18606.0], 'StartTimes': [1615291224.0], 'SubmitTimes': [1615291121.0], 'JobIds': ['62490180.0'], 'EndTimes': [1615309830.0], 'Restarts': 0, 'RecordedSite': True, 'State': 'finished', 'ResidentSetSize': [554256], 'TotalUserCpuTimeHistory': [187], 'SiteHistory': ['Unknown', 'T2_US_Florida', 'T2_US_Florida'], 'TotalSysCpuTimeHistory': [20]}, '7': {'Retries': 0, 'WallDurations': [230.0, 265.6755199432373, 265.6755199432373], 'StartTimes': [1615291216.0], 'SubmitTimes': [1615291121.0], 'JobIds': ['62490183.0'], 'EndTimes': [1615291446.0], 'Restarts': 0, 'RecordedSite': True, 'State': 'finished', 'ResidentSetSize': [2884], 'TotalUserCpuTimeHistory': [20], 'SiteHistory': ['Unknown', 'T2_US_Vanderbilt', 'T2_US_Vanderbilt'], 'TotalSysCpuTimeHistory': [1]}, '6': {'Retries': 0, 'WallDurations': [10.0, 261.6755199432373, 652.0], 'StartTimes': [1615291220.0], 'SubmitTimes': [1615291121.0], 'JobIds': ['62490181.0'], 'EndTimes': [1615291872.0], 'Restarts': 0, 'RecordedSite': True, 'State': 'finished', 'ResidentSetSize': [518744], 'TotalUserCpuTimeHistory': [385], 'SiteHistory': ['Unknown', 'T2_US_Vanderbilt', 'T2_US_Vanderbilt'], 'TotalSysCpuTimeHistory': [13]}, '9': {'Retries': 0, 'WallDurations': [8.0, 271.6755199432373, 1368.0], 'StartTimes': [1615291210.0], 'SubmitTimes': [1615291122.0], 'JobIds': ['62490185.0'], 'EndTimes': [1615292578.0], 'Restarts': 0, 'RecordedSite': True, 'State': 'finished', 'ResidentSetSize': [480736], 'TotalUserCpuTimeHistory': [1009], 'SiteHistory': ['Unknown', 'T2_US_MIT', 'T2_US_MIT'], 'TotalSysCpuTimeHistory': [38]}, '8': {'Retries': 0, 'WallDurations': [8.0, 271.6755199432373, 24292.0], 'StartTimes': [1615291210.0], 'SubmitTimes': [1615291121.0], 'JobIds': ['62490184.0'], 'EndTimes': [1615315502.0], 'Restarts': 0, 'RecordedSite': True, 'State': 'finished', 'ResidentSetSize': [586428], 'TotalUserCpuTimeHistory': [413], 'SiteHistory': ['Unknown', 'T2_US_Wisconsin', 'T2_US_Wisconsin'], 'TotalSysCpuTimeHistory': [38]}}
INFO 2021-03-26 10:46:55.481 UTC: 	 Status on the scheduler:	COMPLETED
INFO 2021-03-26 10:46:55.481 UTC: 	 
Jobs status:                    finished     		100.0% (10/10)
INFO 2021-03-26 10:46:55.481 UTC: 	 
No publication information (publication has been disabled in the CRAB configuration file)
INFO 2021-03-26 10:46:55.482 UTC: 	 
Warning: the average jobs CPU efficiency is less than 50%, please consider to improve the jobs splitting (e.g. config.Data.splitting = 'Automatic') in a new task
INFO 2021-03-26 10:46:55.482 UTC: 	 
Summary of run jobs:
 * Memory: 2MB min, 577MB max, 469MB ave
 * Runtime: 0:04:25 min, 13:11:07 max, 3:29:07 ave
 * CPU eff: 1% min, 77% max, 3% ave
 * Waste: 0:49:28 (2% of total)

INFO 2021-03-26 10:46:55.553 UTC: 	 Log file is /afs/cern.ch/work/a/achhetri/NANO_AOD/CMSSW_10_6_8/src/WTopScalefactorProducer/Skimmer/NANOcrab/crab_Tprime_v5_NANo_AOD_106X/crab_QCD_Pt120to170_EM_v2/crab.log
