DEBUG 2021-04-28 22:12:22.530 UTC: 	 CRAB Client version: v3.210323
DEBUG 2021-04-28 22:12:22.531 UTC: 	 Running on: Linux lxplus736.cern.ch 3.10.0-1160.15.2.el7.x86_64 #1 SMP Wed Feb 3 15:06:38 UTC 2021 x86_64 x86_64 x86_64 GNU/Linux - CentOS Linux 7 (Core)
DEBUG 2021-04-28 22:12:22.531 UTC: 	 Executing command: 'submit'
DEBUG 2021-04-28 22:12:22.534 UTC: 	 Found CRAB cache file /afs/cern.ch/user/a/achhetri/.crab3
DEBUG 2021-04-28 22:12:22.536 UTC: 	 Will use CRAB Analysis plugin (i.e. will run an analysis job type).
DEBUG 2021-04-28 22:12:22.578 UTC: 	 Checking credentials
DEBUG 2021-04-28 22:12:22.578 UTC: 	 Found proxy file /tmp/x509up_u94350
DEBUG 2021-04-28 22:12:22.578 UTC: 	 Getting proxy life time left
DEBUG 2021-04-28 22:12:23.285 UTC: 	 Executing : 
 command : voms-proxy-info -file /tmp/x509up_u94350 -timeleft
 output : 689068

 error: 
 retcode : 0
DEBUG 2021-04-28 22:12:23.994 UTC: 	 Executing : 
 command : voms-proxy-info -file /tmp/x509up_u94350 -actimeleft
 output : 689068

 error: 
 retcode : 0
DEBUG 2021-04-28 22:12:23.994 UTC: 	 Proxy valid for 191:24:28 hours
DEBUG 2021-04-28 22:12:24.601 UTC: 	 Executing : 
 command : env X509_USER_PROXY=/tmp/x509up_u94350 voms-proxy-info -fqan
 output : /cms/Role=NULL/Capability=NULL

 error: 
 retcode : 0
DEBUG 2021-04-28 22:12:24.664 UTC: 	 Registering user credentials for server /DC=ch/DC=cern/OU=computers/CN=vocms0105.cern.ch|/DC=ch/DC=cern/OU=computers/CN=crab-(preprod|prod|dev)-tw(02|01).cern.ch|/DC=ch/DC=cern/OU=computers/CN=(ddi|ddidk|mytw).cern.ch|/DC=ch/DC=cern/OU=computers/CN=stefanov(m|m2).cern.ch
DEBUG 2021-04-28 22:12:25.277 UTC: 	 Executing : 
 command : voms-proxy-info -file /tmp/x509up_u94350 -identity
 output : /DC=ch/DC=cern/OU=Organic Units/OU=Users/CN=achhetri/CN=804540/CN=Arjun Chhetri

 error: 
 retcode : 0
DEBUG 2021-04-28 22:12:25.285 UTC: 	 Getting myproxy life time left for myproxy.cern.ch
DEBUG 2021-04-28 22:12:25.286 UTC: 	 using eb0e67adc2dd9eb1770413a4ffd073f562b86f05 as credential login name
DEBUG 2021-04-28 22:12:25.691 UTC: 	 Executing : 
 command : myproxy-info -l eb0e67adc2dd9eb1770413a4ffd073f562b86f05 -s myproxy.cern.ch
 output : username: eb0e67adc2dd9eb1770413a4ffd073f562b86f05
owner: /DC=ch/DC=cern/OU=Organic Units/OU=Users/CN=achhetri/CN=804540/CN=Arjun Chhetri
  renewal policy: /DC=ch/DC=cern/OU=computers/CN=vocms0105.cern.ch|/DC=ch/DC=cern/OU=computers/CN=crab-(preprod|prod|dev)-tw(02|01).cern.ch|/DC=ch/DC=cern/OU=computers/CN=(ddi|ddidk|mytw).cern.ch|/DC=ch/DC=cern/OU=computers/CN=stefanov(m|m2).cern.ch
  trusted retrieval policy: /DC=ch/DC=cern/OU=computers/CN=vocms0105.cern.ch|/DC=ch/DC=cern/OU=computers/CN=crab-(preprod|prod|dev)-tw(02|01).cern.ch|/DC=ch/DC=cern/OU=computers/CN=(ddi|ddidk|mytw).cern.ch|/DC=ch/DC=cern/OU=computers/CN=stefanov(m|m2).cern.ch
  timeleft: 719:56:58  (30.0 days)

 error: 
 retcode : 0
DEBUG 2021-04-28 22:12:25.691 UTC: 	 Myproxy is valid: 2591818
DEBUG 2021-04-28 22:12:25.691 UTC: 	 Retrieving username ...
DEBUG 2021-04-28 22:12:25.692 UTC: 	 Retrieving username from CRIC...
DEBUG 2021-04-28 22:12:26.446 UTC: 	 username is achhetri
DEBUG 2021-04-28 22:12:26.453 UTC: 	 Getting myproxy life time left for myproxy.cern.ch
DEBUG 2021-04-28 22:12:26.454 UTC: 	 using achhetri_CRAB as credential login name
DEBUG 2021-04-28 22:12:26.758 UTC: 	 Executing : 
 command : myproxy-info -l achhetri_CRAB -s myproxy.cern.ch
 output : username: achhetri_CRAB
owner: /DC=ch/DC=cern/OU=Organic Units/OU=Users/CN=achhetri/CN=804540/CN=Arjun Chhetri
  renewal policy: /DC=ch/DC=cern/OU=computers/CN=vocms0105.cern.ch|/DC=ch/DC=cern/OU=computers/CN=crab-(preprod|prod|dev)-tw(02|01).cern.ch|/DC=ch/DC=cern/OU=computers/CN=(ddi|ddidk|mytw).cern.ch|/DC=ch/DC=cern/OU=computers/CN=stefanov(m|m2).cern.ch
  trusted retrieval policy: /DC=ch/DC=cern/OU=computers/CN=vocms0105.cern.ch|/DC=ch/DC=cern/OU=computers/CN=crab-(preprod|prod|dev)-tw(02|01).cern.ch|/DC=ch/DC=cern/OU=computers/CN=(ddi|ddidk|mytw).cern.ch|/DC=ch/DC=cern/OU=computers/CN=stefanov(m|m2).cern.ch
  timeleft: 371:31:31  (15.5 days)

 error: 
 retcode : 0
DEBUG 2021-04-28 22:12:26.758 UTC: 	 Myproxy is valid: 1337491
DEBUG 2021-04-28 22:12:26.759 UTC: 	 Result of myproxy credential check:
  Credential exists on myproxy: username: eb0e67adc2dd9eb1770413a4ffd073f562b86f05  - validity: 29 days, 23:56:58
  Credential exists on myproxy: username: achhetri_CRAB  - validity: 15 days, 11:31:31
DEBUG 2021-04-28 22:12:26.759 UTC: 	 Command use: submit
DEBUG 2021-04-28 22:12:26.759 UTC: 	 Options use: ['--config', <WMCore.Configuration.Configuration object at 0x7fd4676bf190>]
DEBUG 2021-04-28 22:12:26.866 UTC: 	 CRABClient version: v3.210323
DEBUG 2021-04-28 22:12:26.866 UTC: 	 Instance is prod
DEBUG 2021-04-28 22:12:26.866 UTC: 	 Server base url is cmsweb.cern.ch
DEBUG 2021-04-28 22:12:26.866 UTC: 	 Command url /crabserver/prod/workflow
DEBUG 2021-04-28 22:12:26.866 UTC: 	 Started submission
DEBUG 2021-04-28 22:12:26.867 UTC: 	 Working on /afs/cern.ch/work/a/achhetri/NANO_AOD/CMSSW_10_6_8/src/WTopScalefactorProducer/Skimmer/NANOcrab/crab_Tprime_v5_NANo_AOD_106X/crab_WJetsToLNu_HT-600To800_v2
DEBUG 2021-04-28 22:12:26.947 UTC: 	 Loading required information from the environment
DEBUG 2021-04-28 22:12:26.948 UTC: 	 Found CMSSW_10_6_8 for slc7_amd64_gcc700 with base /afs/cern.ch/work/a/achhetri/NANO_AOD/CMSSW_10_6_8
DEBUG 2021-04-28 22:12:26.948 UTC: 	 Loading required information from the environment
DEBUG 2021-04-28 22:12:26.948 UTC: 	 Found CMSSW_10_6_8 for slc7_amd64_gcc700 with base /afs/cern.ch/work/a/achhetri/NANO_AOD/CMSSW_10_6_8
DEBUG 2021-04-28 22:12:26.948 UTC: 	 UNIQUE NAME: tarUUID 8e8167e9-70ea-4387-bb4e-f6781220d627 
DEBUG 2021-04-28 22:12:26.949 UTC: 	 self.config: from WMCore.Configuration import Configuration
config = Configuration()
config.section_('General')
config.General.transferLogs = True
config.General.workArea = 'crab_Tprime_v5_NANo_AOD_106X'
config.General.requestName = 'WJetsToLNu_HT-600To800_v2'
config.section_('JobType')
config.JobType.scriptExe = 'crab_script_Tprime.sh'
config.JobType.pluginName = 'Analysis'
config.JobType.sendPythonFolder = True
config.JobType.allowUndistributedCMSSW = True
config.JobType.psetName = 'PSet.py'
config.JobType.inputFiles = ['TprimeBToTH_LH_RunIISummer19UL16_Skimmer.py', 'keep_and_drop_v1.txt', '../../../PhysicsTools/NanoAODTools/scripts/haddnano.py']
config.section_('Data')
config.Data.inputDataset = '/WJetsToLNu_HT-600To800_TuneCP5_13TeV-madgraphMLM-pythia8/RunIISummer20UL17NanoAODv2-106X_mc2017_realistic_v8-v1/NANOAODSIM'
config.Data.outputDatasetTag = 'WJetsToLNu_HT-600To800_v2'
config.Data.publication = False
config.Data.unitsPerJob = 1
config.Data.inputDBS = 'global'
config.Data.splitting = 'FileBased'
config.Data.outLFNDirBase = '/store/user/achhetri/Tprime_v5_NANo_AOD_106X'
config.Data.totalUnits = 7
config.section_('Site')
config.Site.storageSite = 'T3_CH_CERNBOX'
config.section_('User')
config.section_('Debug')

DEBUG 2021-04-28 22:12:26.949 UTC: 	 self.config.JobType.psetName: PSet.py
INFO 2021-04-28 22:12:26.949 UTC: 	 Importing CMSSW configuration PSet.py
INFO 2021-04-28 22:12:26.949 UTC: 	 Finished importing CMSSW configuration PSet.py
DEBUG 2021-04-28 22:12:26.949 UTC: 	 Writing CMSSW configuration to /afs/cern.ch/work/a/achhetri/NANO_AOD/CMSSW_10_6_8/src/WTopScalefactorProducer/Skimmer/NANOcrab/crab_Tprime_v5_NANo_AOD_106X/crab_WJetsToLNu_HT-600To800_v2/inputs/PSet.py
DEBUG 2021-04-28 22:12:26.976 UTC: 	 The following EDM output files will be collected: ['tree.root']
DEBUG 2021-04-28 22:12:26.976 UTC: 	 The following TFile output files will be collected: []
DEBUG 2021-04-28 22:12:26.977 UTC: 	 The following user output files (not listed as PoolOuputModule or TFileService in the CMSSW PSet) will be collected: 
DEBUG 2021-04-28 22:12:26.977 UTC: 	 Loading required information from the environment
DEBUG 2021-04-28 22:12:26.977 UTC: 	 Found CMSSW_10_6_8 for slc7_amd64_gcc700 with base /afs/cern.ch/work/a/achhetri/NANO_AOD/CMSSW_10_6_8
DEBUG 2021-04-28 22:12:26.977 UTC: 	 Making tarball in /afs/cern.ch/work/a/achhetri/NANO_AOD/CMSSW_10_6_8/src/WTopScalefactorProducer/Skimmer/NANOcrab/crab_Tprime_v5_NANo_AOD_106X/crab_WJetsToLNu_HT-600To800_v2/inputs/8e8167e9-70ea-4387-bb4e-f6781220d627default.tgz
DEBUG 2021-04-28 22:12:26.978 UTC: 	 Checking directory /afs/cern.ch/work/a/achhetri/NANO_AOD/CMSSW_10_6_8/lib
DEBUG 2021-04-28 22:12:26.978 UTC: 	 Adding directory /afs/cern.ch/work/a/achhetri/NANO_AOD/CMSSW_10_6_8/lib to tarball
DEBUG 2021-04-28 22:12:27.101 UTC: 	 Checking directory /afs/cern.ch/work/a/achhetri/NANO_AOD/CMSSW_10_6_8/biglib
DEBUG 2021-04-28 22:12:27.101 UTC: 	 Adding directory /afs/cern.ch/work/a/achhetri/NANO_AOD/CMSSW_10_6_8/biglib to tarball
DEBUG 2021-04-28 22:12:27.106 UTC: 	 Checking directory /afs/cern.ch/work/a/achhetri/NANO_AOD/CMSSW_10_6_8/module
DEBUG 2021-04-28 22:12:27.110 UTC: 	 Checking directory /afs/cern.ch/work/a/achhetri/NANO_AOD/CMSSW_10_6_8/python
DEBUG 2021-04-28 22:12:27.110 UTC: 	 Adding directory /afs/cern.ch/work/a/achhetri/NANO_AOD/CMSSW_10_6_8/python to tarball
DEBUG 2021-04-28 22:12:28.902 UTC: 	 Checking directory /afs/cern.ch/work/a/achhetri/NANO_AOD/CMSSW_10_6_8/cfipython
DEBUG 2021-04-28 22:12:28.902 UTC: 	 Adding directory /afs/cern.ch/work/a/achhetri/NANO_AOD/CMSSW_10_6_8/cfipython to tarball
DEBUG 2021-04-28 22:12:29.039 UTC: 	 Adding data directory /afs/cern.ch/work/a/achhetri/NANO_AOD/CMSSW_10_6_8/src/PhysicsTools/NanoAODTools/data to tarball
DEBUG 2021-04-28 22:12:40.902 UTC: 	 Adding data directory /afs/cern.ch/work/a/achhetri/NANO_AOD/CMSSW_10_6_8/src/PhysicsTools/NanoAODTools/interface to tarball
DEBUG 2021-04-28 22:12:40.906 UTC: 	 Adding data directory /afs/cern.ch/work/a/achhetri/NANO_AOD/CMSSW_10_6_8/src/PhysicsTools/NanoAODTools/python/postprocessing/data to tarball
DEBUG 2021-04-28 22:12:44.197 UTC: 	 Adding file TprimeBToTH_LH_RunIISummer19UL16_Skimmer.py to tarball
DEBUG 2021-04-28 22:12:44.198 UTC: 	 Adding file keep_and_drop_v1.txt to tarball
DEBUG 2021-04-28 22:12:44.198 UTC: 	 Adding file ../../../PhysicsTools/NanoAODTools/scripts/haddnano.py to tarball
DEBUG 2021-04-28 22:12:49.036 UTC: 	 Uploading archive /afs/cern.ch/work/a/achhetri/NANO_AOD/CMSSW_10_6_8/src/WTopScalefactorProducer/Skimmer/NANOcrab/crab_Tprime_v5_NANo_AOD_106X/crab_WJetsToLNu_HT-600To800_v2/inputs/8e8167e9-70ea-4387-bb4e-f6781220d627default.tgz (55 MB) to the CRAB cache. Using URI https://cmsweb.cern.ch:8443/crabcache
DEBUG 2021-04-28 22:13:26.058 UTC: 	 Loading required information from the environment
DEBUG 2021-04-28 22:13:26.058 UTC: 	 Found CMSSW_10_6_8 for slc7_amd64_gcc700 with base /afs/cern.ch/work/a/achhetri/NANO_AOD/CMSSW_10_6_8
DEBUG 2021-04-28 22:13:26.058 UTC: 	 Making tarball in /afs/cern.ch/work/a/achhetri/NANO_AOD/CMSSW_10_6_8/src/WTopScalefactorProducer/Skimmer/NANOcrab/crab_Tprime_v5_NANo_AOD_106X/crab_WJetsToLNu_HT-600To800_v2/inputs/debugFiles.tgz
DEBUG 2021-04-28 22:13:26.072 UTC: 	 Uploading archive /afs/cern.ch/work/a/achhetri/NANO_AOD/CMSSW_10_6_8/src/WTopScalefactorProducer/Skimmer/NANOcrab/crab_Tprime_v5_NANo_AOD_106X/crab_WJetsToLNu_HT-600To800_v2/inputs/debugFiles.tgz (1 KB) to the CRAB cache. Using URI https://cmsweb.cern.ch:8443/crabcache
DEBUG 2021-04-28 22:13:26.154 UTC: 	 Result uploading input files: dbb62c6e90d539c01b7361da7edd336f9b47ae6a13b3065aa8bb1bf2bea5890d.tar.gz 
INFO 2021-04-28 22:13:26.154 UTC: 	 Sending the request to the server at cmsweb.cern.ch
DEBUG 2021-04-28 22:13:26.154 UTC: 	 Submitting {'maxjobruntime': 1250, 'extrajdl': [], 'lfn': '/store/user/achhetri/Tprime_v5_NANo_AOD_106X', 'savelogsflag': 1, 'useparent': 0, 'scriptexe': 'crab_script_Tprime.sh', 'asyncdest': 'T3_CH_CERNBOX', 'algoargs': 1, 'cachefilename': 'dbb62c6e90d539c01b7361da7edd336f9b47ae6a13b3065aa8bb1bf2bea5890d.tar.gz', 'numcores': 1, 'addoutputfiles': [], 'generator': 'pythia', 'maxmemory': 2000, 'publishdbsurl': 'https://cmsweb.cern.ch/dbs/prod/phys03/DBSWriter', 'priority': 10, 'jobsw': 'CMSSW_10_6_8', 'edmoutfiles': ['tree.root'], 'userfiles': [], 'primarydataset': '', 'inputdata': '/WJetsToLNu_HT-600To800_TuneCP5_13TeV-madgraphMLM-pythia8/RunIISummer20UL17NanoAODv2-106X_mc2017_realistic_v8-v1/NANOAODSIM', 'ignorelocality': 0, 'dryrun': 0, 'workflow': 'crab_WJetsToLNu_HT-600To800_v2', 'cacheurl': u'https://cmsweb.cern.ch:8443/crabcache', 'nonprodsw': 1, 'tfileoutfiles': [], 'oneEventMode': 0, 'debugfilename': 'e1c7c8894e4db115d8a2078de55438b5fae45ace3fd090abedd720475cb37ec2.tar.gz', 'saveoutput': 1, 'publication': 0, 'jobarch': 'slc7_amd64_gcc700', 'totalunits': 7, 'splitalgo': 'FileBased', 'ignoreglobalblacklist': 0, 'nonvaliddata': 0, 'dbsurl': 'https://cmsweb.cern.ch/dbs/prod/global/DBSReader', 'publishgroupname': 0, 'jobtype': 'Analysis', 'publishname2': 'WJetsToLNu_HT-600To800_v2'} 
DEBUG 2021-04-28 22:13:26.154 UTC: 	 Encoded submit request: maxjobruntime=1250&lfn=%2Fstore%2Fuser%2Fachhetri%2FTprime_v5_NANo_AOD_106X&savelogsflag=1&useparent=0&scriptexe=crab_script_Tprime.sh&asyncdest=T3_CH_CERNBOX&algoargs=1&cachefilename=dbb62c6e90d539c01b7361da7edd336f9b47ae6a13b3065aa8bb1bf2bea5890d.tar.gz&numcores=1&generator=pythia&maxmemory=2000&publishdbsurl=https%3A%2F%2Fcmsweb.cern.ch%2Fdbs%2Fprod%2Fphys03%2FDBSWriter&priority=10&jobsw=CMSSW_10_6_8&primarydataset=&inputdata=%2FWJetsToLNu_HT-600To800_TuneCP5_13TeV-madgraphMLM-pythia8%2FRunIISummer20UL17NanoAODv2-106X_mc2017_realistic_v8-v1%2FNANOAODSIM&ignorelocality=0&dryrun=0&workflow=crab_WJetsToLNu_HT-600To800_v2&cacheurl=https%3A%2F%2Fcmsweb.cern.ch%3A8443%2Fcrabcache&nonprodsw=1&oneEventMode=0&debugfilename=e1c7c8894e4db115d8a2078de55438b5fae45ace3fd090abedd720475cb37ec2.tar.gz&saveoutput=1&publication=0&jobarch=slc7_amd64_gcc700&totalunits=7&splitalgo=FileBased&ignoreglobalblacklist=0&nonvaliddata=0&dbsurl=https%3A%2F%2Fcmsweb.cern.ch%2Fdbs%2Fprod%2Fglobal%2FDBSReader&publishgroupname=0&jobtype=Analysis&publishname2=WJetsToLNu_HT-600To800_v2&edmoutfiles=tree.root
DEBUG 2021-04-28 22:13:26.272 UTC: 	 Result: {u'result': [{u'RequestName': u'210428_221326:achhetri_crab_WJetsToLNu_HT-600To800_v2'}]}
INFO 2021-04-28 22:13:26.282 UTC: 	 Success: Your task has been delivered to the prod CRAB3 server.
INFO 2021-04-28 22:13:26.283 UTC: 	 Task name: 210428_221326:achhetri_crab_WJetsToLNu_HT-600To800_v2
INFO 2021-04-28 22:13:26.283 UTC: 	 Project dir: crab_Tprime_v5_NANo_AOD_106X/crab_WJetsToLNu_HT-600To800_v2
INFO 2021-04-28 22:13:26.283 UTC: 	 Please use ' crab status -d crab_Tprime_v5_NANo_AOD_106X/crab_WJetsToLNu_HT-600To800_v2 ' to check how the submission process proceeds.
DEBUG 2021-04-28 22:13:26.283 UTC: 	 About to return
DEBUG 2021-04-28 22:23:51.234 UTC: 	 CRAB Client version: v3.210323
DEBUG 2021-04-28 22:23:51.235 UTC: 	 Running on: Linux lxplus736.cern.ch 3.10.0-1160.15.2.el7.x86_64 #1 SMP Wed Feb 3 15:06:38 UTC 2021 x86_64 x86_64 x86_64 GNU/Linux - CentOS Linux 7 (Core)
DEBUG 2021-04-28 22:23:51.235 UTC: 	 Executing command: 'status'
DEBUG 2021-04-28 22:23:51.235 UTC: 	 Found CRAB cache file /afs/cern.ch/user/a/achhetri/.crab3
DEBUG 2021-04-28 22:23:51.323 UTC: 	 Checking credentials
DEBUG 2021-04-28 22:23:51.323 UTC: 	 Found proxy file /tmp/x509up_u94350
DEBUG 2021-04-28 22:23:51.323 UTC: 	 Getting proxy life time left
DEBUG 2021-04-28 22:23:51.928 UTC: 	 Executing : 
 command : voms-proxy-info -file /tmp/x509up_u94350 -timeleft
 output : 688380

 error: 
 retcode : 0
DEBUG 2021-04-28 22:23:52.534 UTC: 	 Executing : 
 command : voms-proxy-info -file /tmp/x509up_u94350 -actimeleft
 output : 688379

 error: 
 retcode : 0
DEBUG 2021-04-28 22:23:52.534 UTC: 	 Proxy lifetime 688380 secs is different from voms extension lifetime 688379 secs for proxy: /tmp/x509up_u94350
DEBUG 2021-04-28 22:23:52.534 UTC: 	 Proxy valid for 191:12:59 hours
DEBUG 2021-04-28 22:23:52.648 UTC: 	 Registering user credentials for server /DC=ch/DC=cern/OU=computers/CN=vocms0105.cern.ch|/DC=ch/DC=cern/OU=computers/CN=crab-(preprod|prod|dev)-tw(02|01).cern.ch|/DC=ch/DC=cern/OU=computers/CN=(ddi|ddidk|mytw).cern.ch|/DC=ch/DC=cern/OU=computers/CN=stefanov(m|m2).cern.ch
DEBUG 2021-04-28 22:23:53.261 UTC: 	 Executing : 
 command : voms-proxy-info -file /tmp/x509up_u94350 -identity
 output : /DC=ch/DC=cern/OU=Organic Units/OU=Users/CN=achhetri/CN=804540/CN=Arjun Chhetri

 error: 
 retcode : 0
DEBUG 2021-04-28 22:23:53.268 UTC: 	 Getting myproxy life time left for myproxy.cern.ch
DEBUG 2021-04-28 22:23:53.268 UTC: 	 using eb0e67adc2dd9eb1770413a4ffd073f562b86f05 as credential login name
DEBUG 2021-04-28 22:23:53.673 UTC: 	 Executing : 
 command : myproxy-info -l eb0e67adc2dd9eb1770413a4ffd073f562b86f05 -s myproxy.cern.ch
 output : username: eb0e67adc2dd9eb1770413a4ffd073f562b86f05
owner: /DC=ch/DC=cern/OU=Organic Units/OU=Users/CN=achhetri/CN=804540/CN=Arjun Chhetri
  renewal policy: /DC=ch/DC=cern/OU=computers/CN=vocms0105.cern.ch|/DC=ch/DC=cern/OU=computers/CN=crab-(preprod|prod|dev)-tw(02|01).cern.ch|/DC=ch/DC=cern/OU=computers/CN=(ddi|ddidk|mytw).cern.ch|/DC=ch/DC=cern/OU=computers/CN=stefanov(m|m2).cern.ch
  trusted retrieval policy: /DC=ch/DC=cern/OU=computers/CN=vocms0105.cern.ch|/DC=ch/DC=cern/OU=computers/CN=crab-(preprod|prod|dev)-tw(02|01).cern.ch|/DC=ch/DC=cern/OU=computers/CN=(ddi|ddidk|mytw).cern.ch|/DC=ch/DC=cern/OU=computers/CN=stefanov(m|m2).cern.ch
  timeleft: 719:45:30  (30.0 days)

 error: 
 retcode : 0
DEBUG 2021-04-28 22:23:53.674 UTC: 	 Myproxy is valid: 2591130
DEBUG 2021-04-28 22:23:53.674 UTC: 	 Retrieving username ...
DEBUG 2021-04-28 22:23:53.674 UTC: 	 Retrieving username from CRIC...
DEBUG 2021-04-28 22:23:54.431 UTC: 	 username is achhetri
DEBUG 2021-04-28 22:23:54.439 UTC: 	 Getting myproxy life time left for myproxy.cern.ch
DEBUG 2021-04-28 22:23:54.439 UTC: 	 using achhetri_CRAB as credential login name
DEBUG 2021-04-28 22:23:54.743 UTC: 	 Executing : 
 command : myproxy-info -l achhetri_CRAB -s myproxy.cern.ch
 output : username: achhetri_CRAB
owner: /DC=ch/DC=cern/OU=Organic Units/OU=Users/CN=achhetri/CN=804540/CN=Arjun Chhetri
  renewal policy: /DC=ch/DC=cern/OU=computers/CN=vocms0105.cern.ch|/DC=ch/DC=cern/OU=computers/CN=crab-(preprod|prod|dev)-tw(02|01).cern.ch|/DC=ch/DC=cern/OU=computers/CN=(ddi|ddidk|mytw).cern.ch|/DC=ch/DC=cern/OU=computers/CN=stefanov(m|m2).cern.ch
  trusted retrieval policy: /DC=ch/DC=cern/OU=computers/CN=vocms0105.cern.ch|/DC=ch/DC=cern/OU=computers/CN=crab-(preprod|prod|dev)-tw(02|01).cern.ch|/DC=ch/DC=cern/OU=computers/CN=(ddi|ddidk|mytw).cern.ch|/DC=ch/DC=cern/OU=computers/CN=stefanov(m|m2).cern.ch
  timeleft: 371:20:03  (15.5 days)

 error: 
 retcode : 0
DEBUG 2021-04-28 22:23:54.744 UTC: 	 Myproxy is valid: 1336803
DEBUG 2021-04-28 22:23:54.744 UTC: 	 Result of myproxy credential check:
  Credential exists on myproxy: username: eb0e67adc2dd9eb1770413a4ffd073f562b86f05  - validity: 29 days, 23:45:30
  Credential exists on myproxy: username: achhetri_CRAB  - validity: 15 days, 11:20:03
DEBUG 2021-04-28 22:23:54.745 UTC: 	 Command use: status
DEBUG 2021-04-28 22:23:54.745 UTC: 	 Options use: ['-d', 'crab_Tprime_v5_NANo_AOD_106X/crab_WJetsToLNu_HT-600To800_v2/']
DEBUG 2021-04-28 22:23:54.853 UTC: 	 CRABClient version: v3.210323
DEBUG 2021-04-28 22:23:54.853 UTC: 	 Instance is prod
DEBUG 2021-04-28 22:23:54.853 UTC: 	 Server base url is cmsweb.cern.ch
DEBUG 2021-04-28 22:23:54.853 UTC: 	 Command url /crabserver/prod/workflow
DEBUG 2021-04-28 22:23:54.904 UTC: 	 Got information from server oracle database: {u'result': [u'210428_221326:achhetri_crab_WJetsToLNu_HT-600To800_v2', u'None', u'None', u'SUBMITTED', u'SUBMIT', u'2021-04-28 22:13:26.264490', u'None', u'2021-04-28 22:15:48.403439', u'None', u'CMSSW_10_6_8', u'slc7_amd64_gcc700', u'/WJetsToLNu_HT-600To800_TuneCP5_13TeV-madgraphMLM-pythia8/RunIISummer20UL17NanoAODv2-106X_mc2017_realistic_v8-v1/NANOAODSIM', u'F', u'0', u'[]', u'[]', u'FileBased', u"{'splitOnRun': False, 'halt_job_on_file_boundaries': False, 'files_per_job': 1, 'runs': [], 'lumis': []}", u'dbb62c6e90d539c01b7361da7edd336f9b47ae6a13b3065aa8bb1bf2bea5890d.tar.gz', u'https://cmsweb.cern.ch:8443/crabcache', u'achhetri', u'/DC=ch/DC=cern/OU=Organic Units/OU=Users/CN=achhetri/CN=804540/CN=Arjun Chhetri', u'cms', u'None', u'None', u'WJetsToLNu_HT-600To800_v2-00000000000000000000000000000000', u'F', u'T3_CH_CERNBOX', u'https://cmsweb.cern.ch/dbs/prod/global/DBSReader', u'https://cmsweb.cern.ch/dbs/prod/phys03/DBSWriter', u'F', u'[]', u'[]', u"['tree.root']", u'Analysis', u'pythia', u'None', u'{}', u'[]', u'T', u'crab-prod-tw01', u'[]', u'1250', u'1', u'2000', u'10', u'None', u'[]', u'http://vocms0195.cern.ch/mon/cms341/210428_221326:achhetri_crab_WJetsToLNu_HT-600To800_v2', u'crab_script_Tprime.sh', u'[]', u'[]', u'https://cmsweb.cern.ch/crabserver/prod', u'cmsgwms-collector-global.cern.ch:9620', u'crab3@vocms0195.cern.ch', u'F', u'[]', u'T', u'/store/user/achhetri/Tprime_v5_NANo_AOD_106X', u'F', u'None', u'F', u'None', u'WJetsToLNu_HT-600To800_TuneCP5_13TeV-madgraphMLM-pythia8', u'None', u'e1c7c8894e4db115d8a2078de55438b5fae45ace3fd090abedd720475cb37ec2.tar.gz', u'62950077', u'filetransfers', u'F', u'188.185.90.209', u'7.0', u'None'], u'desc': {u'columns': [u'tm_taskname', u'tm_activity', u'panda_jobset_id', u'tm_task_status', u'tm_task_command', u'tm_start_time', u'tm_start_injection', u'tm_end_injection', u'tm_task_failure', u'tm_job_sw', u'tm_job_arch', u'tm_input_dataset', u'tm_nonvalid_input_dataset', u'tm_use_parent', u'tm_site_whitelist', u'tm_site_blacklist', u'tm_split_algo', u'tm_split_args', u'tm_user_sandbox', u'tm_cache_url', u'tm_username', u'tm_user_dn', u'tm_user_vo', u'tm_user_role', u'tm_user_group', u'tm_publish_name', u'tm_publish_groupname', u'tm_asyncdest', u'tm_dbs_url', u'tm_publish_dbs_url', u'tm_publication', u'tm_outfiles', u'tm_tfile_outfiles', u'tm_edm_outfiles', u'tm_job_type', u'tm_generator', u'tm_events_per_lumi', u'tm_arguments', u'panda_resubmitted_jobs', u'tm_save_logs', u'tw_name', u'tm_user_infiles', u'tm_maxjobruntime', u'tm_numcores', u'tm_maxmemory', u'tm_priority', u'tm_output_dataset', u'tm_task_warnings', u'tm_user_webdir', u'tm_scriptexe', u'tm_scriptargs', u'tm_extrajdl', u'tm_asourl', u'tm_collector', u'tm_schedd', u'tm_dry_run', u'tm_user_files', u'tm_transfer_outputs', u'tm_output_lfn', u'tm_ignore_locality', u'tm_fail_limit', u'tm_one_event_mode', u'tm_secondary_input_dataset', u'tm_primary_dataset', u'tm_last_publication', u'tm_debug_files', u'clusterid', u'tm_asodb', u'tm_ignore_global_blacklist', u'tm_submitter_ip_addr', u'tm_totalunits', u'tm_ddm_reqid']}}
INFO 2021-04-28 22:23:54.904 UTC: 	 CRAB project directory:		/afs/cern.ch/work/a/achhetri/NANO_AOD/CMSSW_10_6_8/src/WTopScalefactorProducer/Skimmer/NANOcrab/crab_Tprime_v5_NANo_AOD_106X/crab_WJetsToLNu_HT-600To800_v2
INFO 2021-04-28 22:23:54.904 UTC: 	 Task name:			210428_221326:achhetri_crab_WJetsToLNu_HT-600To800_v2
INFO 2021-04-28 22:23:54.904 UTC: 	 Grid scheduler - Task Worker:	crab3@vocms0195.cern.ch - crab-prod-tw01
INFO 2021-04-28 22:23:54.904 UTC: 	 Status on the CRAB server:	SUBMITTED
INFO 2021-04-28 22:23:54.904 UTC: 	 Task URL to use for HELP:	https://cmsweb.cern.ch/crabserver/ui/task/210428_221326%3Aachhetri_crab_WJetsToLNu_HT-600To800_v2
INFO 2021-04-28 22:23:54.912 UTC: 	 Dashboard monitoring URL:	https://monit-grafana.cern.ch/d/cmsTMDetail/cms-task-monitoring-task-view?orgId=11&var-user=achhetri&var-task=210428_221326%3Aachhetri_crab_WJetsToLNu_HT-600To800_v2&from=1619644406000&to=now
DEBUG 2021-04-28 22:23:54.912 UTC: 	 The CRAB server submitted your task to the Grid scheduler (cluster ID: 62950077)
DEBUG 2021-04-28 22:23:54.912 UTC: 	 Webdir is located at http://vocms0195.cern.ch/mon/cms341/210428_221326:achhetri_crab_WJetsToLNu_HT-600To800_v2
DEBUG 2021-04-28 22:23:54.988 UTC: 	 Proxied webdir is located at https://cmsweb.cern.ch:8443/scheddmon/0195/cms341/210428_221326:achhetri_crab_WJetsToLNu_HT-600To800_v2
DEBUG 2021-04-28 22:23:54.988 UTC: 	 Retrieving 'status_cache' file from https://cmsweb.cern.ch:8443/scheddmon/0195/cms341/210428_221326:achhetri_crab_WJetsToLNu_HT-600To800_v2/status_cache
DEBUG 2021-04-28 22:23:55.069 UTC: 	 Got information from status cache file: {'1': {'Retries': 0, 'WallDurations': [9.0, 267.19154596328735, 267.19154596328735], 'StartTimes': [1619648255.0], 'SubmitTimes': [1619648158.0], 'JobIds': ['62950080.0'], 'EndTimes': [], 'Restarts': 0, 'RecordedSite': True, 'State': 'running', 'ResidentSetSize': [51284], 'TotalUserCpuTimeHistory': [3.0], 'SiteHistory': ['Unknown', 'T1_ES_PIC', 'T1_ES_PIC'], 'TotalSysCpuTimeHistory': [0.0]}, '3': {'Retries': 0, 'WallDurations': [9.0, 265.19154596328735, 265.19154596328735], 'StartTimes': [1619648257.0], 'SubmitTimes': [1619648159.0], 'JobIds': ['62950081.0'], 'EndTimes': [], 'Restarts': 0, 'RecordedSite': True, 'State': 'running', 'ResidentSetSize': [50380], 'TotalUserCpuTimeHistory': [0.0], 'SiteHistory': ['Unknown', 'T1_ES_PIC', 'T1_ES_PIC'], 'TotalSysCpuTimeHistory': [0.0]}, '2': {'Retries': 0, 'WallDurations': [9.0, 280.19154596328735, 280.19154596328735], 'StartTimes': [1619648242.0], 'SubmitTimes': [1619648158.0], 'JobIds': ['62950079.0'], 'EndTimes': [], 'Restarts': 0, 'RecordedSite': True, 'State': 'running', 'ResidentSetSize': [2860], 'TotalUserCpuTimeHistory': [0.0], 'SiteHistory': ['Unknown', 'T2_US_Vanderbilt', 'T2_US_Vanderbilt'], 'TotalSysCpuTimeHistory': [0.0]}, '5': {'Retries': 0, 'WallDurations': [8.0, 267.19154596328735, 267.19154596328735], 'StartTimes': [1619648255.0], 'SubmitTimes': [1619648160.0], 'JobIds': ['62950084.0'], 'EndTimes': [], 'Restarts': 0, 'RecordedSite': True, 'State': 'running', 'ResidentSetSize': [50516], 'TotalUserCpuTimeHistory': [5.0], 'SiteHistory': ['Unknown', 'T1_ES_PIC', 'T1_ES_PIC'], 'TotalSysCpuTimeHistory': [0.0]}, '4': {'Retries': 0, 'WallDurations': [8.0, 274.19154596328735, 274.19154596328735], 'StartTimes': [1619648248.0], 'SubmitTimes': [1619648159.0], 'JobIds': ['62950082.0'], 'EndTimes': [], 'Restarts': 0, 'RecordedSite': True, 'State': 'running', 'ResidentSetSize': [3148], 'TotalUserCpuTimeHistory': [0.0], 'SiteHistory': ['Unknown', 'T1_ES_PIC', 'T1_ES_PIC'], 'TotalSysCpuTimeHistory': [0.0]}, '7': {'Retries': 0, 'WallDurations': [10.0, 264.19154596328735, 264.19154596328735], 'StartTimes': [1619648258.0], 'SubmitTimes': [1619648160.0], 'JobIds': ['62950085.0'], 'EndTimes': [], 'Restarts': 0, 'RecordedSite': True, 'State': 'running', 'ResidentSetSize': [3892], 'TotalUserCpuTimeHistory': [0.0], 'SiteHistory': ['Unknown', 'T1_US_FNAL', 'T1_US_FNAL'], 'TotalSysCpuTimeHistory': [0.0]}, '6': {'Retries': 0, 'WallDurations': [9.0, 181.19154596328735, 181.19154596328735], 'StartTimes': [1619648341.0], 'SubmitTimes': [1619648159.0], 'JobIds': ['62950083.0'], 'EndTimes': [], 'Restarts': 0, 'RecordedSite': True, 'State': 'running', 'ResidentSetSize': [36448], 'TotalUserCpuTimeHistory': [6.0], 'SiteHistory': ['Unknown', 'T2_US_Vanderbilt', 'T2_US_Vanderbilt'], 'TotalSysCpuTimeHistory': [0.0]}}
INFO 2021-04-28 22:23:55.069 UTC: 	 Status on the scheduler:	SUBMITTED
INFO 2021-04-28 22:23:55.069 UTC: 	 
Jobs status:                    running      		100.0% (7/7)
INFO 2021-04-28 22:23:55.069 UTC: 	 
No publication information (publication has been disabled in the CRAB configuration file)
INFO 2021-04-28 22:23:55.097 UTC: 	 Log file is /afs/cern.ch/work/a/achhetri/NANO_AOD/CMSSW_10_6_8/src/WTopScalefactorProducer/Skimmer/NANOcrab/crab_Tprime_v5_NANo_AOD_106X/crab_WJetsToLNu_HT-600To800_v2/crab.log
DEBUG 2021-04-29 13:58:25.128 UTC: 	 CRAB Client version: v3.210323
DEBUG 2021-04-29 13:58:25.129 UTC: 	 Running on: Linux lxplus748.cern.ch 3.10.0-1160.21.1.el7.x86_64 #1 SMP Tue Mar 16 18:28:22 UTC 2021 x86_64 x86_64 x86_64 GNU/Linux - CentOS Linux 7 (Core)
DEBUG 2021-04-29 13:58:25.129 UTC: 	 Executing command: 'status'
DEBUG 2021-04-29 13:58:25.129 UTC: 	 Found CRAB cache file /afs/cern.ch/user/a/achhetri/.crab3
DEBUG 2021-04-29 13:58:25.245 UTC: 	 Checking credentials
DEBUG 2021-04-29 13:58:25.245 UTC: 	 Found proxy file /afs/cern.ch/user/a/achhetri/x509up_u94350
DEBUG 2021-04-29 13:58:25.245 UTC: 	 Getting proxy life time left
DEBUG 2021-04-29 13:58:26.054 UTC: 	 Executing : 
 command : voms-proxy-info -file /afs/cern.ch/user/a/achhetri/x509up_u94350 -timeleft
 output : 691081

 error: 
 retcode : 0
DEBUG 2021-04-29 13:58:27.206 UTC: 	 Executing : 
 command : voms-proxy-info -file /afs/cern.ch/user/a/achhetri/x509up_u94350 -actimeleft
 output : 691079

 error: 
 retcode : 0
DEBUG 2021-04-29 13:58:27.206 UTC: 	 Proxy lifetime 691081 secs is different from voms extension lifetime 691079 secs for proxy: /afs/cern.ch/user/a/achhetri/x509up_u94350
DEBUG 2021-04-29 13:58:27.206 UTC: 	 Proxy valid for 191:57:59 hours
DEBUG 2021-04-29 13:58:27.297 UTC: 	 Registering user credentials for server /DC=ch/DC=cern/OU=computers/CN=vocms0105.cern.ch|/DC=ch/DC=cern/OU=computers/CN=crab-(preprod|prod|dev)-tw(02|01).cern.ch|/DC=ch/DC=cern/OU=computers/CN=(ddi|ddidk|mytw).cern.ch|/DC=ch/DC=cern/OU=computers/CN=stefanov(m|m2).cern.ch
DEBUG 2021-04-29 13:58:28.221 UTC: 	 Executing : 
 command : voms-proxy-info -file /afs/cern.ch/user/a/achhetri/x509up_u94350 -identity
 output : /DC=ch/DC=cern/OU=Organic Units/OU=Users/CN=achhetri/CN=804540/CN=Arjun Chhetri

 error: 
 retcode : 0
DEBUG 2021-04-29 13:58:28.229 UTC: 	 Getting myproxy life time left for myproxy.cern.ch
DEBUG 2021-04-29 13:58:28.229 UTC: 	 using eb0e67adc2dd9eb1770413a4ffd073f562b86f05 as credential login name
DEBUG 2021-04-29 13:58:28.636 UTC: 	 Executing : 
 command : myproxy-info -l eb0e67adc2dd9eb1770413a4ffd073f562b86f05 -s myproxy.cern.ch
 output : username: eb0e67adc2dd9eb1770413a4ffd073f562b86f05
owner: /DC=ch/DC=cern/OU=Organic Units/OU=Users/CN=achhetri/CN=804540/CN=Arjun Chhetri
  renewal policy: /DC=ch/DC=cern/OU=computers/CN=vocms0105.cern.ch|/DC=ch/DC=cern/OU=computers/CN=crab-(preprod|prod|dev)-tw(02|01).cern.ch|/DC=ch/DC=cern/OU=computers/CN=(ddi|ddidk|mytw).cern.ch|/DC=ch/DC=cern/OU=computers/CN=stefanov(m|m2).cern.ch
  trusted retrieval policy: /DC=ch/DC=cern/OU=computers/CN=vocms0105.cern.ch|/DC=ch/DC=cern/OU=computers/CN=crab-(preprod|prod|dev)-tw(02|01).cern.ch|/DC=ch/DC=cern/OU=computers/CN=(ddi|ddidk|mytw).cern.ch|/DC=ch/DC=cern/OU=computers/CN=stefanov(m|m2).cern.ch
  timeleft: 704:10:55  (29.3 days)

 error: 
 retcode : 0
DEBUG 2021-04-29 13:58:28.637 UTC: 	 Myproxy is valid: 2535055
DEBUG 2021-04-29 13:58:28.637 UTC: 	 Retrieving username ...
DEBUG 2021-04-29 13:58:28.637 UTC: 	 Retrieving username from CRIC...
DEBUG 2021-04-29 13:58:29.413 UTC: 	 username is achhetri
DEBUG 2021-04-29 13:58:29.422 UTC: 	 Getting myproxy life time left for myproxy.cern.ch
DEBUG 2021-04-29 13:58:29.422 UTC: 	 using achhetri_CRAB as credential login name
DEBUG 2021-04-29 13:58:29.828 UTC: 	 Executing : 
 command : myproxy-info -l achhetri_CRAB -s myproxy.cern.ch
 output : username: achhetri_CRAB
owner: /DC=ch/DC=cern/OU=Organic Units/OU=Users/CN=achhetri/CN=804540/CN=Arjun Chhetri
  renewal policy: /DC=ch/DC=cern/OU=computers/CN=vocms0105.cern.ch|/DC=ch/DC=cern/OU=computers/CN=crab-(preprod|prod|dev)-tw(02|01).cern.ch|/DC=ch/DC=cern/OU=computers/CN=(ddi|ddidk|mytw).cern.ch|/DC=ch/DC=cern/OU=computers/CN=stefanov(m|m2).cern.ch
  trusted retrieval policy: /DC=ch/DC=cern/OU=computers/CN=vocms0105.cern.ch|/DC=ch/DC=cern/OU=computers/CN=crab-(preprod|prod|dev)-tw(02|01).cern.ch|/DC=ch/DC=cern/OU=computers/CN=(ddi|ddidk|mytw).cern.ch|/DC=ch/DC=cern/OU=computers/CN=stefanov(m|m2).cern.ch
  timeleft: 355:45:28  (14.8 days)

 error: 
 retcode : 0
DEBUG 2021-04-29 13:58:29.828 UTC: 	 Myproxy is valid: 1280728
DEBUG 2021-04-29 13:58:29.936 UTC: 	 Executing : 
 command : openssl x509 -noout -in ~/.globus/usercert.pem -dates
 output : notBefore=Nov 11 12:18:59 2020 GMT
notAfter=Dec 16 12:18:59 2021 GMT

 error: 
 retcode : 0
DEBUG 2021-04-29 13:58:29.946 UTC: 	 Delegating a myproxy for 720:00 hours
DEBUG 2021-04-29 13:58:29.947 UTC: 	 using achhetri_CRAB as credential login name
DEBUG 2021-04-29 13:58:32.374 UTC: 	 Executing : 
 command : export GT_PROXY_MODE=rfc ; myproxy-init -d -n -s myproxy.cern.ch -x -R '/DC=ch/DC=cern/OU=computers/CN=vocms0105.cern.ch|/DC=ch/DC=cern/OU=computers/CN=crab-(preprod|prod|dev)-tw(02|01).cern.ch|/DC=ch/DC=cern/OU=computers/CN=(ddi|ddidk|mytw).cern.ch|/DC=ch/DC=cern/OU=computers/CN=stefanov(m|m2).cern.ch' -x -Z '/DC=ch/DC=cern/OU=computers/CN=vocms0105.cern.ch|/DC=ch/DC=cern/OU=computers/CN=crab-(preprod|prod|dev)-tw(02|01).cern.ch|/DC=ch/DC=cern/OU=computers/CN=(ddi|ddidk|mytw).cern.ch|/DC=ch/DC=cern/OU=computers/CN=stefanov(m|m2).cern.ch' -l 'achhetri_CRAB' -t 168:00 -c 720:00
 output : Your identity: /DC=ch/DC=cern/OU=Organic Units/OU=Users/CN=achhetri/CN=804540/CN=Arjun Chhetri

 error: Error: Couldn't read user key in /afs/cern.ch/user/a/achhetri/.globus/userkey.pem.
Use -debug for further information.
grid-proxy-init failed

 retcode : 1
DEBUG 2021-04-29 13:58:32.374 UTC: 	 using achhetri_CRAB as credential login name
DEBUG 2021-04-29 13:58:32.783 UTC: 	 Executing : 
 command : myproxy-info -l achhetri_CRAB -s myproxy.cern.ch
 output : username: achhetri_CRAB
owner: /DC=ch/DC=cern/OU=Organic Units/OU=Users/CN=achhetri/CN=804540/CN=Arjun Chhetri
  renewal policy: /DC=ch/DC=cern/OU=computers/CN=vocms0105.cern.ch|/DC=ch/DC=cern/OU=computers/CN=crab-(preprod|prod|dev)-tw(02|01).cern.ch|/DC=ch/DC=cern/OU=computers/CN=(ddi|ddidk|mytw).cern.ch|/DC=ch/DC=cern/OU=computers/CN=stefanov(m|m2).cern.ch
  trusted retrieval policy: /DC=ch/DC=cern/OU=computers/CN=vocms0105.cern.ch|/DC=ch/DC=cern/OU=computers/CN=crab-(preprod|prod|dev)-tw(02|01).cern.ch|/DC=ch/DC=cern/OU=computers/CN=(ddi|ddidk|mytw).cern.ch|/DC=ch/DC=cern/OU=computers/CN=stefanov(m|m2).cern.ch
  timeleft: 355:45:25  (14.8 days)

 error: 
 retcode : 0
DEBUG 2021-04-29 13:58:32.783 UTC: 	 My-proxy delegated.
DEBUG 2021-04-29 13:58:32.783 UTC: 	 Result of myproxy credential check:
  Credential exists on myproxy: username: eb0e67adc2dd9eb1770413a4ffd073f562b86f05  - validity: 29 days, 8:10:55
  Credential exists on myproxy: username: achhetri_CRAB  - validity: 14 days, 19:45:25
DEBUG 2021-04-29 13:58:32.784 UTC: 	 Command use: status
DEBUG 2021-04-29 13:58:32.784 UTC: 	 Options use: ['-d', 'crab_WJetsToLNu_HT-600To800_v2/']
DEBUG 2021-04-29 13:58:32.872 UTC: 	 CRABClient version: v3.210323
DEBUG 2021-04-29 13:58:32.872 UTC: 	 Instance is prod
DEBUG 2021-04-29 13:58:32.872 UTC: 	 Server base url is cmsweb.cern.ch
DEBUG 2021-04-29 13:58:32.872 UTC: 	 Command url /crabserver/prod/workflow
DEBUG 2021-04-29 13:58:32.987 UTC: 	 Got information from server oracle database: {u'result': [u'210428_221326:achhetri_crab_WJetsToLNu_HT-600To800_v2', u'None', u'None', u'SUBMITTED', u'SUBMIT', u'2021-04-28 22:13:26.264490', u'None', u'2021-04-28 22:15:48.403439', u'None', u'CMSSW_10_6_8', u'slc7_amd64_gcc700', u'/WJetsToLNu_HT-600To800_TuneCP5_13TeV-madgraphMLM-pythia8/RunIISummer20UL17NanoAODv2-106X_mc2017_realistic_v8-v1/NANOAODSIM', u'F', u'0', u'[]', u'[]', u'FileBased', u"{'splitOnRun': False, 'halt_job_on_file_boundaries': False, 'files_per_job': 1, 'runs': [], 'lumis': []}", u'dbb62c6e90d539c01b7361da7edd336f9b47ae6a13b3065aa8bb1bf2bea5890d.tar.gz', u'https://cmsweb.cern.ch:8443/crabcache', u'achhetri', u'/DC=ch/DC=cern/OU=Organic Units/OU=Users/CN=achhetri/CN=804540/CN=Arjun Chhetri', u'cms', u'None', u'None', u'WJetsToLNu_HT-600To800_v2-00000000000000000000000000000000', u'F', u'T3_CH_CERNBOX', u'https://cmsweb.cern.ch/dbs/prod/global/DBSReader', u'https://cmsweb.cern.ch/dbs/prod/phys03/DBSWriter', u'F', u'[]', u'[]', u"['tree.root']", u'Analysis', u'pythia', u'None', u'{}', u'[]', u'T', u'crab-prod-tw01', u'[]', u'1250', u'1', u'2000', u'10', u"['/WJetsToLNu_HT-600To800_TuneCP5_13TeV-madgraphMLM-pythia8/achhetri-WJetsToLNu_HT-600To800_v2-5d8f93ee2ba2db6b402c7167473e2950/USER']", u'[]', u'http://vocms0195.cern.ch/mon/cms341/210428_221326:achhetri_crab_WJetsToLNu_HT-600To800_v2', u'crab_script_Tprime.sh', u'[]', u'[]', u'https://cmsweb.cern.ch/crabserver/prod', u'cmsgwms-collector-global.cern.ch:9620', u'crab3@vocms0195.cern.ch', u'F', u'[]', u'T', u'/store/user/achhetri/Tprime_v5_NANo_AOD_106X', u'F', u'None', u'F', u'None', u'WJetsToLNu_HT-600To800_TuneCP5_13TeV-madgraphMLM-pythia8', u'None', u'e1c7c8894e4db115d8a2078de55438b5fae45ace3fd090abedd720475cb37ec2.tar.gz', u'62950077', u'filetransfers', u'F', u'188.185.90.209', u'7.0', u'None'], u'desc': {u'columns': [u'tm_taskname', u'tm_activity', u'panda_jobset_id', u'tm_task_status', u'tm_task_command', u'tm_start_time', u'tm_start_injection', u'tm_end_injection', u'tm_task_failure', u'tm_job_sw', u'tm_job_arch', u'tm_input_dataset', u'tm_nonvalid_input_dataset', u'tm_use_parent', u'tm_site_whitelist', u'tm_site_blacklist', u'tm_split_algo', u'tm_split_args', u'tm_user_sandbox', u'tm_cache_url', u'tm_username', u'tm_user_dn', u'tm_user_vo', u'tm_user_role', u'tm_user_group', u'tm_publish_name', u'tm_publish_groupname', u'tm_asyncdest', u'tm_dbs_url', u'tm_publish_dbs_url', u'tm_publication', u'tm_outfiles', u'tm_tfile_outfiles', u'tm_edm_outfiles', u'tm_job_type', u'tm_generator', u'tm_events_per_lumi', u'tm_arguments', u'panda_resubmitted_jobs', u'tm_save_logs', u'tw_name', u'tm_user_infiles', u'tm_maxjobruntime', u'tm_numcores', u'tm_maxmemory', u'tm_priority', u'tm_output_dataset', u'tm_task_warnings', u'tm_user_webdir', u'tm_scriptexe', u'tm_scriptargs', u'tm_extrajdl', u'tm_asourl', u'tm_collector', u'tm_schedd', u'tm_dry_run', u'tm_user_files', u'tm_transfer_outputs', u'tm_output_lfn', u'tm_ignore_locality', u'tm_fail_limit', u'tm_one_event_mode', u'tm_secondary_input_dataset', u'tm_primary_dataset', u'tm_last_publication', u'tm_debug_files', u'clusterid', u'tm_asodb', u'tm_ignore_global_blacklist', u'tm_submitter_ip_addr', u'tm_totalunits', u'tm_ddm_reqid']}}
INFO 2021-04-29 13:58:32.988 UTC: 	 CRAB project directory:		/afs/cern.ch/work/a/achhetri/NANO_AOD/CMSSW_10_6_8/src/WTopScalefactorProducer/Skimmer/NANOcrab/crab_Tprime_v5_NANo_AOD_106X/crab_WJetsToLNu_HT-600To800_v2
INFO 2021-04-29 13:58:32.988 UTC: 	 Task name:			210428_221326:achhetri_crab_WJetsToLNu_HT-600To800_v2
INFO 2021-04-29 13:58:32.988 UTC: 	 Grid scheduler - Task Worker:	crab3@vocms0195.cern.ch - crab-prod-tw01
INFO 2021-04-29 13:58:32.988 UTC: 	 Status on the CRAB server:	SUBMITTED
INFO 2021-04-29 13:58:32.988 UTC: 	 Task URL to use for HELP:	https://cmsweb.cern.ch/crabserver/ui/task/210428_221326%3Aachhetri_crab_WJetsToLNu_HT-600To800_v2
INFO 2021-04-29 13:58:32.989 UTC: 	 Dashboard monitoring URL:	https://monit-grafana.cern.ch/d/cmsTMDetail/cms-task-monitoring-task-view?orgId=11&var-user=achhetri&var-task=210428_221326%3Aachhetri_crab_WJetsToLNu_HT-600To800_v2&from=1619644406000&to=now
DEBUG 2021-04-29 13:58:32.990 UTC: 	 The CRAB server submitted your task to the Grid scheduler (cluster ID: 62950077)
DEBUG 2021-04-29 13:58:32.990 UTC: 	 Webdir is located at http://vocms0195.cern.ch/mon/cms341/210428_221326:achhetri_crab_WJetsToLNu_HT-600To800_v2
DEBUG 2021-04-29 13:58:33.081 UTC: 	 Proxied webdir is located at https://cmsweb.cern.ch:8443/scheddmon/0195/cms341/210428_221326:achhetri_crab_WJetsToLNu_HT-600To800_v2
DEBUG 2021-04-29 13:58:33.081 UTC: 	 Retrieving 'status_cache' file from https://cmsweb.cern.ch:8443/scheddmon/0195/cms341/210428_221326:achhetri_crab_WJetsToLNu_HT-600To800_v2/status_cache
DEBUG 2021-04-29 13:58:33.127 UTC: 	 Got information from status cache file: {'1': {'Retries': 0, 'WallDurations': [9.0, 267.19154596328735, 18077.0], 'StartTimes': [1619648255.0], 'SubmitTimes': [1619648158.0], 'JobIds': ['62950080.0'], 'EndTimes': [1619666332.0], 'Restarts': 0, 'RecordedSite': True, 'State': 'finished', 'ResidentSetSize': [754892], 'TotalUserCpuTimeHistory': [16220], 'SiteHistory': ['Unknown', 'T1_ES_PIC', 'T1_ES_PIC'], 'TotalSysCpuTimeHistory': [866]}, '3': {'Retries': 0, 'WallDurations': [9.0, 265.19154596328735, 17698.0], 'StartTimes': [1619648257.0], 'SubmitTimes': [1619648159.0], 'JobIds': ['62950081.0'], 'EndTimes': [1619665955.0], 'Restarts': 0, 'RecordedSite': True, 'State': 'finished', 'ResidentSetSize': [657644], 'TotalUserCpuTimeHistory': [15843], 'SiteHistory': ['Unknown', 'T1_ES_PIC', 'T1_ES_PIC'], 'TotalSysCpuTimeHistory': [1163]}, '2': {'Retries': 0, 'WallDurations': [9.0, 280.19154596328735, 31600.0], 'StartTimes': [1619648242.0], 'SubmitTimes': [1619648158.0], 'JobIds': ['62950079.0'], 'EndTimes': [1619679842.0], 'Restarts': 0, 'RecordedSite': True, 'State': 'finished', 'ResidentSetSize': [560008], 'TotalUserCpuTimeHistory': [27481], 'SiteHistory': ['Unknown', 'T2_US_Vanderbilt', 'T2_US_Vanderbilt'], 'TotalSysCpuTimeHistory': [2175]}, '5': {'Retries': 0, 'WallDurations': [8.0, 267.19154596328735, 31511.0], 'StartTimes': [1619648255.0], 'SubmitTimes': [1619648160.0], 'JobIds': ['62950084.0'], 'EndTimes': [1619679766.0], 'Restarts': 0, 'RecordedSite': True, 'State': 'finished', 'ResidentSetSize': [647768], 'TotalUserCpuTimeHistory': [25826], 'SiteHistory': ['Unknown', 'T1_ES_PIC', 'T1_ES_PIC'], 'TotalSysCpuTimeHistory': [1425]}, '4': {'Retries': 0, 'WallDurations': [8.0, 274.19154596328735, 16761.0], 'StartTimes': [1619648248.0], 'SubmitTimes': [1619648159.0], 'JobIds': ['62950082.0'], 'EndTimes': [1619665009.0], 'Restarts': 0, 'RecordedSite': True, 'State': 'finished', 'ResidentSetSize': [711356], 'TotalUserCpuTimeHistory': [15024], 'SiteHistory': ['Unknown', 'T1_ES_PIC', 'T1_ES_PIC'], 'TotalSysCpuTimeHistory': [1092]}, '7': {'Retries': 0, 'WallDurations': [10.0, 264.19154596328735, 7260.0], 'StartTimes': [1619648258.0], 'SubmitTimes': [1619648160.0], 'JobIds': ['62950085.0'], 'EndTimes': [1619655518.0], 'Restarts': 0, 'RecordedSite': True, 'State': 'finished', 'ResidentSetSize': [584528], 'TotalUserCpuTimeHistory': [6272], 'SiteHistory': ['Unknown', 'T1_US_FNAL', 'T1_US_FNAL'], 'TotalSysCpuTimeHistory': [732]}, '6': {'Retries': 0, 'WallDurations': [9.0, 181.19154596328735, 24221.0], 'StartTimes': [1619648341.0], 'SubmitTimes': [1619648159.0], 'JobIds': ['62950083.0'], 'EndTimes': [1619672562.0], 'Restarts': 0, 'RecordedSite': True, 'State': 'finished', 'ResidentSetSize': [638116], 'TotalUserCpuTimeHistory': [21790], 'SiteHistory': ['Unknown', 'T2_US_Vanderbilt', 'T2_US_Vanderbilt'], 'TotalSysCpuTimeHistory': [1217]}}
INFO 2021-04-29 13:58:33.128 UTC: 	 Status on the scheduler:	COMPLETED
INFO 2021-04-29 13:58:33.128 UTC: 	 
Jobs status:                    finished     		100.0% (7/7)
INFO 2021-04-29 13:58:33.128 UTC: 	 
No publication information (publication has been disabled in the CRAB configuration file)
INFO 2021-04-29 13:58:33.128 UTC: 	 
Summary of run jobs:
 * Memory: 737MB min, 737MB max, 635MB ave
 * Runtime: 2:01:00 min, 8:46:40 max, 5:50:18 ave
 * CPU eff: 86% min, 96% max, 93% ave
 * Waste: 0:31:01 (1% of total)

INFO 2021-04-29 13:58:33.261 UTC: 	 Log file is /afs/cern.ch/work/a/achhetri/NANO_AOD/CMSSW_10_6_8/src/WTopScalefactorProducer/Skimmer/NANOcrab/crab_Tprime_v5_NANo_AOD_106X/crab_WJetsToLNu_HT-600To800_v2/crab.log
DEBUG 2021-04-29 17:49:57.951 UTC: 	 CRAB Client version: v3.210323
DEBUG 2021-04-29 17:49:57.952 UTC: 	 Running on: Linux lxplus779.cern.ch 3.10.0-1160.24.1.el7.x86_64 #1 SMP Thu Apr 8 19:51:47 UTC 2021 x86_64 x86_64 x86_64 GNU/Linux - CentOS Linux 7 (Core)
DEBUG 2021-04-29 17:49:57.952 UTC: 	 Executing command: 'status'
DEBUG 2021-04-29 17:49:57.952 UTC: 	 Found CRAB cache file /afs/cern.ch/user/a/achhetri/.crab3
DEBUG 2021-04-29 17:49:58.086 UTC: 	 Checking credentials
DEBUG 2021-04-29 17:49:58.086 UTC: 	 Found proxy file /afs/cern.ch/user/a/achhetri/x509up_u94350
DEBUG 2021-04-29 17:49:58.086 UTC: 	 Getting proxy life time left
DEBUG 2021-04-29 17:49:58.692 UTC: 	 Executing : 
 command : voms-proxy-info -file /afs/cern.ch/user/a/achhetri/x509up_u94350 -timeleft
 output : 690947

 error: 
 retcode : 0
DEBUG 2021-04-29 17:49:59.298 UTC: 	 Executing : 
 command : voms-proxy-info -file /afs/cern.ch/user/a/achhetri/x509up_u94350 -actimeleft
 output : 690946

 error: 
 retcode : 0
DEBUG 2021-04-29 17:49:59.299 UTC: 	 Proxy lifetime 690947 secs is different from voms extension lifetime 690946 secs for proxy: /afs/cern.ch/user/a/achhetri/x509up_u94350
DEBUG 2021-04-29 17:49:59.299 UTC: 	 Proxy valid for 191:55:46 hours
DEBUG 2021-04-29 17:49:59.413 UTC: 	 Registering user credentials for server /DC=ch/DC=cern/OU=computers/CN=vocms0105.cern.ch|/DC=ch/DC=cern/OU=computers/CN=crab-(preprod|prod|dev)-tw(02|01).cern.ch|/DC=ch/DC=cern/OU=computers/CN=(ddi|ddidk|mytw).cern.ch|/DC=ch/DC=cern/OU=computers/CN=stefanov(m|m2).cern.ch
DEBUG 2021-04-29 17:50:00.027 UTC: 	 Executing : 
 command : voms-proxy-info -file /afs/cern.ch/user/a/achhetri/x509up_u94350 -identity
 output : /DC=ch/DC=cern/OU=Organic Units/OU=Users/CN=achhetri/CN=804540/CN=Arjun Chhetri

 error: 
 retcode : 0
DEBUG 2021-04-29 17:50:00.034 UTC: 	 Getting myproxy life time left for myproxy.cern.ch
DEBUG 2021-04-29 17:50:00.034 UTC: 	 using eb0e67adc2dd9eb1770413a4ffd073f562b86f05 as credential login name
DEBUG 2021-04-29 17:50:00.542 UTC: 	 Executing : 
 command : myproxy-info -l eb0e67adc2dd9eb1770413a4ffd073f562b86f05 -s myproxy.cern.ch
 output : username: eb0e67adc2dd9eb1770413a4ffd073f562b86f05
owner: /DC=ch/DC=cern/OU=Organic Units/OU=Users/CN=achhetri/CN=804540/CN=Arjun Chhetri
  renewal policy: /DC=ch/DC=cern/OU=computers/CN=vocms0105.cern.ch|/DC=ch/DC=cern/OU=computers/CN=crab-(preprod|prod|dev)-tw(02|01).cern.ch|/DC=ch/DC=cern/OU=computers/CN=(ddi|ddidk|mytw).cern.ch|/DC=ch/DC=cern/OU=computers/CN=stefanov(m|m2).cern.ch
  trusted retrieval policy: /DC=ch/DC=cern/OU=computers/CN=vocms0105.cern.ch|/DC=ch/DC=cern/OU=computers/CN=crab-(preprod|prod|dev)-tw(02|01).cern.ch|/DC=ch/DC=cern/OU=computers/CN=(ddi|ddidk|mytw).cern.ch|/DC=ch/DC=cern/OU=computers/CN=stefanov(m|m2).cern.ch
  timeleft: 700:19:23  (29.2 days)

 error: 
 retcode : 0
DEBUG 2021-04-29 17:50:00.543 UTC: 	 Myproxy is valid: 2521163
DEBUG 2021-04-29 17:50:00.543 UTC: 	 Retrieving username ...
DEBUG 2021-04-29 17:50:00.543 UTC: 	 Retrieving username from CRIC...
DEBUG 2021-04-29 17:50:01.303 UTC: 	 username is achhetri
DEBUG 2021-04-29 17:50:01.310 UTC: 	 Getting myproxy life time left for myproxy.cern.ch
DEBUG 2021-04-29 17:50:01.310 UTC: 	 using achhetri_CRAB as credential login name
DEBUG 2021-04-29 17:50:01.816 UTC: 	 Executing : 
 command : myproxy-info -l achhetri_CRAB -s myproxy.cern.ch
 output : username: achhetri_CRAB
owner: /DC=ch/DC=cern/OU=Organic Units/OU=Users/CN=achhetri/CN=804540/CN=Arjun Chhetri
  renewal policy: /DC=ch/DC=cern/OU=computers/CN=vocms0105.cern.ch|/DC=ch/DC=cern/OU=computers/CN=crab-(preprod|prod|dev)-tw(02|01).cern.ch|/DC=ch/DC=cern/OU=computers/CN=(ddi|ddidk|mytw).cern.ch|/DC=ch/DC=cern/OU=computers/CN=stefanov(m|m2).cern.ch
  trusted retrieval policy: /DC=ch/DC=cern/OU=computers/CN=vocms0105.cern.ch|/DC=ch/DC=cern/OU=computers/CN=crab-(preprod|prod|dev)-tw(02|01).cern.ch|/DC=ch/DC=cern/OU=computers/CN=(ddi|ddidk|mytw).cern.ch|/DC=ch/DC=cern/OU=computers/CN=stefanov(m|m2).cern.ch
  timeleft: 351:53:56  (14.7 days)

 error: 
 retcode : 0
DEBUG 2021-04-29 17:50:01.817 UTC: 	 Myproxy is valid: 1266836
DEBUG 2021-04-29 17:50:01.922 UTC: 	 Executing : 
 command : openssl x509 -noout -in ~/.globus/usercert.pem -dates
 output : notBefore=Nov 11 12:18:59 2020 GMT
notAfter=Dec 16 12:18:59 2021 GMT

 error: 
 retcode : 0
DEBUG 2021-04-29 17:50:01.926 UTC: 	 Delegating a myproxy for 720:00 hours
DEBUG 2021-04-29 17:50:01.927 UTC: 	 using achhetri_CRAB as credential login name
DEBUG 2021-04-29 17:50:02.031 UTC: 	 Executing : 
 command : export GT_PROXY_MODE=rfc ; myproxy-init -d -n -s myproxy.cern.ch -x -R '/DC=ch/DC=cern/OU=computers/CN=vocms0105.cern.ch|/DC=ch/DC=cern/OU=computers/CN=crab-(preprod|prod|dev)-tw(02|01).cern.ch|/DC=ch/DC=cern/OU=computers/CN=(ddi|ddidk|mytw).cern.ch|/DC=ch/DC=cern/OU=computers/CN=stefanov(m|m2).cern.ch' -x -Z '/DC=ch/DC=cern/OU=computers/CN=vocms0105.cern.ch|/DC=ch/DC=cern/OU=computers/CN=crab-(preprod|prod|dev)-tw(02|01).cern.ch|/DC=ch/DC=cern/OU=computers/CN=(ddi|ddidk|mytw).cern.ch|/DC=ch/DC=cern/OU=computers/CN=stefanov(m|m2).cern.ch' -l 'achhetri_CRAB' -t 168:00 -c 720:00
 output : Your identity: /DC=ch/DC=cern/OU=Organic Units/OU=Users/CN=achhetri/CN=804540/CN=Arjun Chhetri

 error: Error: Couldn't read user key in /afs/cern.ch/user/a/achhetri/.globus/userkey.pem.
Use -debug for further information.
grid-proxy-init failed

 retcode : 1
DEBUG 2021-04-29 17:50:02.032 UTC: 	 using achhetri_CRAB as credential login name
DEBUG 2021-04-29 17:50:02.437 UTC: 	 Executing : 
 command : myproxy-info -l achhetri_CRAB -s myproxy.cern.ch
 output : username: achhetri_CRAB
owner: /DC=ch/DC=cern/OU=Organic Units/OU=Users/CN=achhetri/CN=804540/CN=Arjun Chhetri
  renewal policy: /DC=ch/DC=cern/OU=computers/CN=vocms0105.cern.ch|/DC=ch/DC=cern/OU=computers/CN=crab-(preprod|prod|dev)-tw(02|01).cern.ch|/DC=ch/DC=cern/OU=computers/CN=(ddi|ddidk|mytw).cern.ch|/DC=ch/DC=cern/OU=computers/CN=stefanov(m|m2).cern.ch
  trusted retrieval policy: /DC=ch/DC=cern/OU=computers/CN=vocms0105.cern.ch|/DC=ch/DC=cern/OU=computers/CN=crab-(preprod|prod|dev)-tw(02|01).cern.ch|/DC=ch/DC=cern/OU=computers/CN=(ddi|ddidk|mytw).cern.ch|/DC=ch/DC=cern/OU=computers/CN=stefanov(m|m2).cern.ch
  timeleft: 351:53:55  (14.7 days)

 error: 
 retcode : 0
DEBUG 2021-04-29 17:50:02.437 UTC: 	 My-proxy delegated.
DEBUG 2021-04-29 17:50:02.437 UTC: 	 Result of myproxy credential check:
  Credential exists on myproxy: username: eb0e67adc2dd9eb1770413a4ffd073f562b86f05  - validity: 29 days, 4:19:23
  Credential exists on myproxy: username: achhetri_CRAB  - validity: 14 days, 15:53:55
DEBUG 2021-04-29 17:50:02.438 UTC: 	 Command use: status
DEBUG 2021-04-29 17:50:02.438 UTC: 	 Options use: ['-d', 'crab_WJetsToLNu_HT-600To800_v2/']
DEBUG 2021-04-29 17:50:02.492 UTC: 	 CRABClient version: v3.210323
DEBUG 2021-04-29 17:50:02.492 UTC: 	 Instance is prod
DEBUG 2021-04-29 17:50:02.492 UTC: 	 Server base url is cmsweb.cern.ch
DEBUG 2021-04-29 17:50:02.492 UTC: 	 Command url /crabserver/prod/workflow
DEBUG 2021-04-29 17:50:02.563 UTC: 	 Got information from server oracle database: {u'result': [u'210428_221326:achhetri_crab_WJetsToLNu_HT-600To800_v2', u'None', u'None', u'SUBMITTED', u'SUBMIT', u'2021-04-28 22:13:26.264490', u'None', u'2021-04-28 22:15:48.403439', u'None', u'CMSSW_10_6_8', u'slc7_amd64_gcc700', u'/WJetsToLNu_HT-600To800_TuneCP5_13TeV-madgraphMLM-pythia8/RunIISummer20UL17NanoAODv2-106X_mc2017_realistic_v8-v1/NANOAODSIM', u'F', u'0', u'[]', u'[]', u'FileBased', u"{'splitOnRun': False, 'halt_job_on_file_boundaries': False, 'files_per_job': 1, 'runs': [], 'lumis': []}", u'dbb62c6e90d539c01b7361da7edd336f9b47ae6a13b3065aa8bb1bf2bea5890d.tar.gz', u'https://cmsweb.cern.ch:8443/crabcache', u'achhetri', u'/DC=ch/DC=cern/OU=Organic Units/OU=Users/CN=achhetri/CN=804540/CN=Arjun Chhetri', u'cms', u'None', u'None', u'WJetsToLNu_HT-600To800_v2-00000000000000000000000000000000', u'F', u'T3_CH_CERNBOX', u'https://cmsweb.cern.ch/dbs/prod/global/DBSReader', u'https://cmsweb.cern.ch/dbs/prod/phys03/DBSWriter', u'F', u'[]', u'[]', u"['tree.root']", u'Analysis', u'pythia', u'None', u'{}', u'[]', u'T', u'crab-prod-tw01', u'[]', u'1250', u'1', u'2000', u'10', u"['/WJetsToLNu_HT-600To800_TuneCP5_13TeV-madgraphMLM-pythia8/achhetri-WJetsToLNu_HT-600To800_v2-5d8f93ee2ba2db6b402c7167473e2950/USER']", u'[]', u'http://vocms0195.cern.ch/mon/cms341/210428_221326:achhetri_crab_WJetsToLNu_HT-600To800_v2', u'crab_script_Tprime.sh', u'[]', u'[]', u'https://cmsweb.cern.ch/crabserver/prod', u'cmsgwms-collector-global.cern.ch:9620', u'crab3@vocms0195.cern.ch', u'F', u'[]', u'T', u'/store/user/achhetri/Tprime_v5_NANo_AOD_106X', u'F', u'None', u'F', u'None', u'WJetsToLNu_HT-600To800_TuneCP5_13TeV-madgraphMLM-pythia8', u'None', u'e1c7c8894e4db115d8a2078de55438b5fae45ace3fd090abedd720475cb37ec2.tar.gz', u'62950077', u'filetransfers', u'F', u'188.185.90.209', u'7.0', u'None'], u'desc': {u'columns': [u'tm_taskname', u'tm_activity', u'panda_jobset_id', u'tm_task_status', u'tm_task_command', u'tm_start_time', u'tm_start_injection', u'tm_end_injection', u'tm_task_failure', u'tm_job_sw', u'tm_job_arch', u'tm_input_dataset', u'tm_nonvalid_input_dataset', u'tm_use_parent', u'tm_site_whitelist', u'tm_site_blacklist', u'tm_split_algo', u'tm_split_args', u'tm_user_sandbox', u'tm_cache_url', u'tm_username', u'tm_user_dn', u'tm_user_vo', u'tm_user_role', u'tm_user_group', u'tm_publish_name', u'tm_publish_groupname', u'tm_asyncdest', u'tm_dbs_url', u'tm_publish_dbs_url', u'tm_publication', u'tm_outfiles', u'tm_tfile_outfiles', u'tm_edm_outfiles', u'tm_job_type', u'tm_generator', u'tm_events_per_lumi', u'tm_arguments', u'panda_resubmitted_jobs', u'tm_save_logs', u'tw_name', u'tm_user_infiles', u'tm_maxjobruntime', u'tm_numcores', u'tm_maxmemory', u'tm_priority', u'tm_output_dataset', u'tm_task_warnings', u'tm_user_webdir', u'tm_scriptexe', u'tm_scriptargs', u'tm_extrajdl', u'tm_asourl', u'tm_collector', u'tm_schedd', u'tm_dry_run', u'tm_user_files', u'tm_transfer_outputs', u'tm_output_lfn', u'tm_ignore_locality', u'tm_fail_limit', u'tm_one_event_mode', u'tm_secondary_input_dataset', u'tm_primary_dataset', u'tm_last_publication', u'tm_debug_files', u'clusterid', u'tm_asodb', u'tm_ignore_global_blacklist', u'tm_submitter_ip_addr', u'tm_totalunits', u'tm_ddm_reqid']}}
INFO 2021-04-29 17:50:02.563 UTC: 	 CRAB project directory:		/afs/cern.ch/work/a/achhetri/NANO_AOD/CMSSW_10_6_8/src/WTopScalefactorProducer/Skimmer/NANOcrab/crab_Tprime_v5_NANo_AOD_106X/crab_WJetsToLNu_HT-600To800_v2
INFO 2021-04-29 17:50:02.563 UTC: 	 Task name:			210428_221326:achhetri_crab_WJetsToLNu_HT-600To800_v2
INFO 2021-04-29 17:50:02.563 UTC: 	 Grid scheduler - Task Worker:	crab3@vocms0195.cern.ch - crab-prod-tw01
INFO 2021-04-29 17:50:02.563 UTC: 	 Status on the CRAB server:	SUBMITTED
INFO 2021-04-29 17:50:02.564 UTC: 	 Task URL to use for HELP:	https://cmsweb.cern.ch/crabserver/ui/task/210428_221326%3Aachhetri_crab_WJetsToLNu_HT-600To800_v2
INFO 2021-04-29 17:50:02.565 UTC: 	 Dashboard monitoring URL:	https://monit-grafana.cern.ch/d/cmsTMDetail/cms-task-monitoring-task-view?orgId=11&var-user=achhetri&var-task=210428_221326%3Aachhetri_crab_WJetsToLNu_HT-600To800_v2&from=1619644406000&to=now
DEBUG 2021-04-29 17:50:02.565 UTC: 	 The CRAB server submitted your task to the Grid scheduler (cluster ID: 62950077)
DEBUG 2021-04-29 17:50:02.565 UTC: 	 Webdir is located at http://vocms0195.cern.ch/mon/cms341/210428_221326:achhetri_crab_WJetsToLNu_HT-600To800_v2
DEBUG 2021-04-29 17:50:02.710 UTC: 	 Proxied webdir is located at https://cmsweb.cern.ch:8443/scheddmon/0195/cms341/210428_221326:achhetri_crab_WJetsToLNu_HT-600To800_v2
DEBUG 2021-04-29 17:50:02.710 UTC: 	 Retrieving 'status_cache' file from https://cmsweb.cern.ch:8443/scheddmon/0195/cms341/210428_221326:achhetri_crab_WJetsToLNu_HT-600To800_v2/status_cache
DEBUG 2021-04-29 17:50:02.754 UTC: 	 Got information from status cache file: {'1': {'Retries': 0, 'WallDurations': [9.0, 267.19154596328735, 18077.0], 'StartTimes': [1619648255.0], 'SubmitTimes': [1619648158.0], 'JobIds': ['62950080.0'], 'EndTimes': [1619666332.0], 'Restarts': 0, 'RecordedSite': True, 'State': 'finished', 'ResidentSetSize': [754892], 'TotalUserCpuTimeHistory': [16220], 'SiteHistory': ['Unknown', 'T1_ES_PIC', 'T1_ES_PIC'], 'TotalSysCpuTimeHistory': [866]}, '3': {'Retries': 0, 'WallDurations': [9.0, 265.19154596328735, 17698.0], 'StartTimes': [1619648257.0], 'SubmitTimes': [1619648159.0], 'JobIds': ['62950081.0'], 'EndTimes': [1619665955.0], 'Restarts': 0, 'RecordedSite': True, 'State': 'finished', 'ResidentSetSize': [657644], 'TotalUserCpuTimeHistory': [15843], 'SiteHistory': ['Unknown', 'T1_ES_PIC', 'T1_ES_PIC'], 'TotalSysCpuTimeHistory': [1163]}, '2': {'Retries': 0, 'WallDurations': [9.0, 280.19154596328735, 31600.0], 'StartTimes': [1619648242.0], 'SubmitTimes': [1619648158.0], 'JobIds': ['62950079.0'], 'EndTimes': [1619679842.0], 'Restarts': 0, 'RecordedSite': True, 'State': 'finished', 'ResidentSetSize': [560008], 'TotalUserCpuTimeHistory': [27481], 'SiteHistory': ['Unknown', 'T2_US_Vanderbilt', 'T2_US_Vanderbilt'], 'TotalSysCpuTimeHistory': [2175]}, '5': {'Retries': 0, 'WallDurations': [8.0, 267.19154596328735, 31511.0], 'StartTimes': [1619648255.0], 'SubmitTimes': [1619648160.0], 'JobIds': ['62950084.0'], 'EndTimes': [1619679766.0], 'Restarts': 0, 'RecordedSite': True, 'State': 'finished', 'ResidentSetSize': [647768], 'TotalUserCpuTimeHistory': [25826], 'SiteHistory': ['Unknown', 'T1_ES_PIC', 'T1_ES_PIC'], 'TotalSysCpuTimeHistory': [1425]}, '4': {'Retries': 0, 'WallDurations': [8.0, 274.19154596328735, 16761.0], 'StartTimes': [1619648248.0], 'SubmitTimes': [1619648159.0], 'JobIds': ['62950082.0'], 'EndTimes': [1619665009.0], 'Restarts': 0, 'RecordedSite': True, 'State': 'finished', 'ResidentSetSize': [711356], 'TotalUserCpuTimeHistory': [15024], 'SiteHistory': ['Unknown', 'T1_ES_PIC', 'T1_ES_PIC'], 'TotalSysCpuTimeHistory': [1092]}, '7': {'Retries': 0, 'WallDurations': [10.0, 264.19154596328735, 7260.0], 'StartTimes': [1619648258.0], 'SubmitTimes': [1619648160.0], 'JobIds': ['62950085.0'], 'EndTimes': [1619655518.0], 'Restarts': 0, 'RecordedSite': True, 'State': 'finished', 'ResidentSetSize': [584528], 'TotalUserCpuTimeHistory': [6272], 'SiteHistory': ['Unknown', 'T1_US_FNAL', 'T1_US_FNAL'], 'TotalSysCpuTimeHistory': [732]}, '6': {'Retries': 0, 'WallDurations': [9.0, 181.19154596328735, 24221.0], 'StartTimes': [1619648341.0], 'SubmitTimes': [1619648159.0], 'JobIds': ['62950083.0'], 'EndTimes': [1619672562.0], 'Restarts': 0, 'RecordedSite': True, 'State': 'finished', 'ResidentSetSize': [638116], 'TotalUserCpuTimeHistory': [21790], 'SiteHistory': ['Unknown', 'T2_US_Vanderbilt', 'T2_US_Vanderbilt'], 'TotalSysCpuTimeHistory': [1217]}}
INFO 2021-04-29 17:50:02.754 UTC: 	 Status on the scheduler:	COMPLETED
INFO 2021-04-29 17:50:02.754 UTC: 	 
Jobs status:                    finished     		100.0% (7/7)
INFO 2021-04-29 17:50:02.755 UTC: 	 
No publication information (publication has been disabled in the CRAB configuration file)
INFO 2021-04-29 17:50:02.758 UTC: 	 
Summary of run jobs:
 * Memory: 737MB min, 737MB max, 635MB ave
 * Runtime: 2:01:00 min, 8:46:40 max, 5:50:18 ave
 * CPU eff: 86% min, 96% max, 93% ave
 * Waste: 0:31:01 (1% of total)

INFO 2021-04-29 17:50:02.803 UTC: 	 Log file is /afs/cern.ch/work/a/achhetri/NANO_AOD/CMSSW_10_6_8/src/WTopScalefactorProducer/Skimmer/NANOcrab/crab_Tprime_v5_NANo_AOD_106X/crab_WJetsToLNu_HT-600To800_v2/crab.log
DEBUG 2021-05-01 10:58:26.218 UTC: 	 CRAB Client version: v3.210323
DEBUG 2021-05-01 10:58:26.219 UTC: 	 Running on: Linux lxplus771.cern.ch 3.10.0-1160.24.1.el7.x86_64 #1 SMP Thu Apr 8 19:51:47 UTC 2021 x86_64 x86_64 x86_64 GNU/Linux - CentOS Linux 7 (Core)
DEBUG 2021-05-01 10:58:26.219 UTC: 	 Executing command: 'status'
DEBUG 2021-05-01 10:58:26.219 UTC: 	 Found CRAB cache file /afs/cern.ch/user/a/achhetri/.crab3
DEBUG 2021-05-01 10:58:26.253 UTC: 	 Checking credentials
DEBUG 2021-05-01 10:58:26.253 UTC: 	 Found proxy file /afs/cern.ch/user/a/achhetri/x509up_u94350
DEBUG 2021-05-01 10:58:26.253 UTC: 	 Getting proxy life time left
DEBUG 2021-05-01 10:58:27.060 UTC: 	 Executing : 
 command : voms-proxy-info -file /afs/cern.ch/user/a/achhetri/x509up_u94350 -timeleft
 output : 690943

 error: 
 retcode : 0
DEBUG 2021-05-01 10:58:27.767 UTC: 	 Executing : 
 command : voms-proxy-info -file /afs/cern.ch/user/a/achhetri/x509up_u94350 -actimeleft
 output : 690942

 error: 
 retcode : 0
DEBUG 2021-05-01 10:58:27.767 UTC: 	 Proxy lifetime 690943 secs is different from voms extension lifetime 690942 secs for proxy: /afs/cern.ch/user/a/achhetri/x509up_u94350
DEBUG 2021-05-01 10:58:27.767 UTC: 	 Proxy valid for 191:55:42 hours
DEBUG 2021-05-01 10:58:27.838 UTC: 	 Registering user credentials for server /DC=ch/DC=cern/OU=computers/CN=vocms0105.cern.ch|/DC=ch/DC=cern/OU=computers/CN=crab-(preprod|prod|dev)-tw(02|01).cern.ch|/DC=ch/DC=cern/OU=computers/CN=(ddi|ddidk|mytw).cern.ch|/DC=ch/DC=cern/OU=computers/CN=stefanov(m|m2).cern.ch
DEBUG 2021-05-01 10:58:28.555 UTC: 	 Executing : 
 command : voms-proxy-info -file /afs/cern.ch/user/a/achhetri/x509up_u94350 -identity
 output : /DC=ch/DC=cern/OU=Organic Units/OU=Users/CN=achhetri/CN=804540/CN=Arjun Chhetri

 error: 
 retcode : 0
DEBUG 2021-05-01 10:58:28.562 UTC: 	 Getting myproxy life time left for myproxy.cern.ch
DEBUG 2021-05-01 10:58:28.562 UTC: 	 using eb0e67adc2dd9eb1770413a4ffd073f562b86f05 as credential login name
DEBUG 2021-05-01 10:58:28.967 UTC: 	 Executing : 
 command : myproxy-info -l eb0e67adc2dd9eb1770413a4ffd073f562b86f05 -s myproxy.cern.ch
 output : username: eb0e67adc2dd9eb1770413a4ffd073f562b86f05
owner: /DC=ch/DC=cern/OU=Organic Units/OU=Users/CN=achhetri/CN=804540/CN=Arjun Chhetri
  renewal policy: /DC=ch/DC=cern/OU=computers/CN=vocms0105.cern.ch|/DC=ch/DC=cern/OU=computers/CN=crab-(preprod|prod|dev)-tw(02|01).cern.ch|/DC=ch/DC=cern/OU=computers/CN=(ddi|ddidk|mytw).cern.ch|/DC=ch/DC=cern/OU=computers/CN=stefanov(m|m2).cern.ch
  trusted retrieval policy: /DC=ch/DC=cern/OU=computers/CN=vocms0105.cern.ch|/DC=ch/DC=cern/OU=computers/CN=crab-(preprod|prod|dev)-tw(02|01).cern.ch|/DC=ch/DC=cern/OU=computers/CN=(ddi|ddidk|mytw).cern.ch|/DC=ch/DC=cern/OU=computers/CN=stefanov(m|m2).cern.ch
  timeleft: 659:10:55  (27.5 days)

 error: 
 retcode : 0
DEBUG 2021-05-01 10:58:28.968 UTC: 	 Myproxy is valid: 2373055
DEBUG 2021-05-01 10:58:28.969 UTC: 	 Retrieving username ...
DEBUG 2021-05-01 10:58:28.969 UTC: 	 Retrieving username from CRIC...
DEBUG 2021-05-01 10:58:29.695 UTC: 	 username is achhetri
DEBUG 2021-05-01 10:58:29.701 UTC: 	 Getting myproxy life time left for myproxy.cern.ch
DEBUG 2021-05-01 10:58:29.701 UTC: 	 using achhetri_CRAB as credential login name
DEBUG 2021-05-01 10:58:30.005 UTC: 	 Executing : 
 command : myproxy-info -l achhetri_CRAB -s myproxy.cern.ch
 output : username: achhetri_CRAB
owner: /DC=ch/DC=cern/OU=Organic Units/OU=Users/CN=achhetri/CN=804540/CN=Arjun Chhetri
  renewal policy: /DC=ch/DC=cern/OU=computers/CN=vocms0105.cern.ch|/DC=ch/DC=cern/OU=computers/CN=crab-(preprod|prod|dev)-tw(02|01).cern.ch|/DC=ch/DC=cern/OU=computers/CN=(ddi|ddidk|mytw).cern.ch|/DC=ch/DC=cern/OU=computers/CN=stefanov(m|m2).cern.ch
  trusted retrieval policy: /DC=ch/DC=cern/OU=computers/CN=vocms0105.cern.ch|/DC=ch/DC=cern/OU=computers/CN=crab-(preprod|prod|dev)-tw(02|01).cern.ch|/DC=ch/DC=cern/OU=computers/CN=(ddi|ddidk|mytw).cern.ch|/DC=ch/DC=cern/OU=computers/CN=stefanov(m|m2).cern.ch
  timeleft: 310:45:28  (12.9 days)

 error: 
 retcode : 0
DEBUG 2021-05-01 10:58:30.006 UTC: 	 Myproxy is valid: 1118728
DEBUG 2021-05-01 10:58:30.110 UTC: 	 Executing : 
 command : openssl x509 -noout -in ~/.globus/usercert.pem -dates
 output : notBefore=Nov 11 12:18:59 2020 GMT
notAfter=Dec 16 12:18:59 2021 GMT

 error: 
 retcode : 0
DEBUG 2021-05-01 10:58:30.115 UTC: 	 Delegating a myproxy for 720:00 hours
DEBUG 2021-05-01 10:58:30.116 UTC: 	 using achhetri_CRAB as credential login name
DEBUG 2021-05-01 10:58:36.837 UTC: 	 Executing : 
 command : export GT_PROXY_MODE=rfc ; myproxy-init -d -n -s myproxy.cern.ch -x -R '/DC=ch/DC=cern/OU=computers/CN=vocms0105.cern.ch|/DC=ch/DC=cern/OU=computers/CN=crab-(preprod|prod|dev)-tw(02|01).cern.ch|/DC=ch/DC=cern/OU=computers/CN=(ddi|ddidk|mytw).cern.ch|/DC=ch/DC=cern/OU=computers/CN=stefanov(m|m2).cern.ch' -x -Z '/DC=ch/DC=cern/OU=computers/CN=vocms0105.cern.ch|/DC=ch/DC=cern/OU=computers/CN=crab-(preprod|prod|dev)-tw(02|01).cern.ch|/DC=ch/DC=cern/OU=computers/CN=(ddi|ddidk|mytw).cern.ch|/DC=ch/DC=cern/OU=computers/CN=stefanov(m|m2).cern.ch' -l 'achhetri_CRAB' -t 168:00 -c 720:00
 output : Your identity: /DC=ch/DC=cern/OU=Organic Units/OU=Users/CN=achhetri/CN=804540/CN=Arjun Chhetri

 error: Error: Couldn't read user key in /afs/cern.ch/user/a/achhetri/.globus/userkey.pem.
Use -debug for further information.
grid-proxy-init failed

 retcode : 1
DEBUG 2021-05-01 10:58:36.837 UTC: 	 using achhetri_CRAB as credential login name
DEBUG 2021-05-01 10:58:37.243 UTC: 	 Executing : 
 command : myproxy-info -l achhetri_CRAB -s myproxy.cern.ch
 output : username: achhetri_CRAB
owner: /DC=ch/DC=cern/OU=Organic Units/OU=Users/CN=achhetri/CN=804540/CN=Arjun Chhetri
  renewal policy: /DC=ch/DC=cern/OU=computers/CN=vocms0105.cern.ch|/DC=ch/DC=cern/OU=computers/CN=crab-(preprod|prod|dev)-tw(02|01).cern.ch|/DC=ch/DC=cern/OU=computers/CN=(ddi|ddidk|mytw).cern.ch|/DC=ch/DC=cern/OU=computers/CN=stefanov(m|m2).cern.ch
  trusted retrieval policy: /DC=ch/DC=cern/OU=computers/CN=vocms0105.cern.ch|/DC=ch/DC=cern/OU=computers/CN=crab-(preprod|prod|dev)-tw(02|01).cern.ch|/DC=ch/DC=cern/OU=computers/CN=(ddi|ddidk|mytw).cern.ch|/DC=ch/DC=cern/OU=computers/CN=stefanov(m|m2).cern.ch
  timeleft: 310:45:20  (12.9 days)

 error: 
 retcode : 0
DEBUG 2021-05-01 10:58:37.244 UTC: 	 My-proxy delegated.
DEBUG 2021-05-01 10:58:37.244 UTC: 	 Result of myproxy credential check:
  Credential exists on myproxy: username: eb0e67adc2dd9eb1770413a4ffd073f562b86f05  - validity: 27 days, 11:10:55
  Credential exists on myproxy: username: achhetri_CRAB  - validity: 12 days, 22:45:20
DEBUG 2021-05-01 10:58:37.245 UTC: 	 Command use: status
DEBUG 2021-05-01 10:58:37.245 UTC: 	 Options use: ['-d', 'crab_WJetsToLNu_HT-600To800_v2/']
DEBUG 2021-05-01 10:58:37.325 UTC: 	 CRABClient version: v3.210323
DEBUG 2021-05-01 10:58:37.325 UTC: 	 Instance is prod
DEBUG 2021-05-01 10:58:37.325 UTC: 	 Server base url is cmsweb.cern.ch
DEBUG 2021-05-01 10:58:37.325 UTC: 	 Command url /crabserver/prod/workflow
DEBUG 2021-05-01 10:58:37.408 UTC: 	 Got information from server oracle database: {u'result': [u'210428_221326:achhetri_crab_WJetsToLNu_HT-600To800_v2', u'None', u'None', u'SUBMITTED', u'SUBMIT', u'2021-04-28 22:13:26.264490', u'None', u'2021-04-28 22:15:48.403439', u'None', u'CMSSW_10_6_8', u'slc7_amd64_gcc700', u'/WJetsToLNu_HT-600To800_TuneCP5_13TeV-madgraphMLM-pythia8/RunIISummer20UL17NanoAODv2-106X_mc2017_realistic_v8-v1/NANOAODSIM', u'F', u'0', u'[]', u'[]', u'FileBased', u"{'splitOnRun': False, 'halt_job_on_file_boundaries': False, 'files_per_job': 1, 'runs': [], 'lumis': []}", u'dbb62c6e90d539c01b7361da7edd336f9b47ae6a13b3065aa8bb1bf2bea5890d.tar.gz', u'https://cmsweb.cern.ch:8443/crabcache', u'achhetri', u'/DC=ch/DC=cern/OU=Organic Units/OU=Users/CN=achhetri/CN=804540/CN=Arjun Chhetri', u'cms', u'None', u'None', u'WJetsToLNu_HT-600To800_v2-00000000000000000000000000000000', u'F', u'T3_CH_CERNBOX', u'https://cmsweb.cern.ch/dbs/prod/global/DBSReader', u'https://cmsweb.cern.ch/dbs/prod/phys03/DBSWriter', u'F', u'[]', u'[]', u"['tree.root']", u'Analysis', u'pythia', u'None', u'{}', u'[]', u'T', u'crab-prod-tw01', u'[]', u'1250', u'1', u'2000', u'10', u"['/WJetsToLNu_HT-600To800_TuneCP5_13TeV-madgraphMLM-pythia8/achhetri-WJetsToLNu_HT-600To800_v2-5d8f93ee2ba2db6b402c7167473e2950/USER']", u'[]', u'http://vocms0195.cern.ch/mon/cms341/210428_221326:achhetri_crab_WJetsToLNu_HT-600To800_v2', u'crab_script_Tprime.sh', u'[]', u'[]', u'https://cmsweb.cern.ch/crabserver/prod', u'cmsgwms-collector-global.cern.ch:9620', u'crab3@vocms0195.cern.ch', u'F', u'[]', u'T', u'/store/user/achhetri/Tprime_v5_NANo_AOD_106X', u'F', u'None', u'F', u'None', u'WJetsToLNu_HT-600To800_TuneCP5_13TeV-madgraphMLM-pythia8', u'None', u'e1c7c8894e4db115d8a2078de55438b5fae45ace3fd090abedd720475cb37ec2.tar.gz', u'62950077', u'filetransfers', u'F', u'188.185.90.209', u'7.0', u'None'], u'desc': {u'columns': [u'tm_taskname', u'tm_activity', u'panda_jobset_id', u'tm_task_status', u'tm_task_command', u'tm_start_time', u'tm_start_injection', u'tm_end_injection', u'tm_task_failure', u'tm_job_sw', u'tm_job_arch', u'tm_input_dataset', u'tm_nonvalid_input_dataset', u'tm_use_parent', u'tm_site_whitelist', u'tm_site_blacklist', u'tm_split_algo', u'tm_split_args', u'tm_user_sandbox', u'tm_cache_url', u'tm_username', u'tm_user_dn', u'tm_user_vo', u'tm_user_role', u'tm_user_group', u'tm_publish_name', u'tm_publish_groupname', u'tm_asyncdest', u'tm_dbs_url', u'tm_publish_dbs_url', u'tm_publication', u'tm_outfiles', u'tm_tfile_outfiles', u'tm_edm_outfiles', u'tm_job_type', u'tm_generator', u'tm_events_per_lumi', u'tm_arguments', u'panda_resubmitted_jobs', u'tm_save_logs', u'tw_name', u'tm_user_infiles', u'tm_maxjobruntime', u'tm_numcores', u'tm_maxmemory', u'tm_priority', u'tm_output_dataset', u'tm_task_warnings', u'tm_user_webdir', u'tm_scriptexe', u'tm_scriptargs', u'tm_extrajdl', u'tm_asourl', u'tm_collector', u'tm_schedd', u'tm_dry_run', u'tm_user_files', u'tm_transfer_outputs', u'tm_output_lfn', u'tm_ignore_locality', u'tm_fail_limit', u'tm_one_event_mode', u'tm_secondary_input_dataset', u'tm_primary_dataset', u'tm_last_publication', u'tm_debug_files', u'clusterid', u'tm_asodb', u'tm_ignore_global_blacklist', u'tm_submitter_ip_addr', u'tm_totalunits', u'tm_ddm_reqid']}}
INFO 2021-05-01 10:58:37.409 UTC: 	 CRAB project directory:		/afs/cern.ch/work/a/achhetri/NANO_AOD/CMSSW_10_6_8/src/WTopScalefactorProducer/Skimmer/NANOcrab/crab_Tprime_v5_NANo_AOD_106X/crab_WJetsToLNu_HT-600To800_v2
INFO 2021-05-01 10:58:37.409 UTC: 	 Task name:			210428_221326:achhetri_crab_WJetsToLNu_HT-600To800_v2
INFO 2021-05-01 10:58:37.409 UTC: 	 Grid scheduler - Task Worker:	crab3@vocms0195.cern.ch - crab-prod-tw01
INFO 2021-05-01 10:58:37.409 UTC: 	 Status on the CRAB server:	SUBMITTED
INFO 2021-05-01 10:58:37.409 UTC: 	 Task URL to use for HELP:	https://cmsweb.cern.ch/crabserver/ui/task/210428_221326%3Aachhetri_crab_WJetsToLNu_HT-600To800_v2
INFO 2021-05-01 10:58:37.411 UTC: 	 Dashboard monitoring URL:	https://monit-grafana.cern.ch/d/cmsTMDetail/cms-task-monitoring-task-view?orgId=11&var-user=achhetri&var-task=210428_221326%3Aachhetri_crab_WJetsToLNu_HT-600To800_v2&from=1619644406000&to=now
DEBUG 2021-05-01 10:58:37.411 UTC: 	 The CRAB server submitted your task to the Grid scheduler (cluster ID: 62950077)
DEBUG 2021-05-01 10:58:37.411 UTC: 	 Webdir is located at http://vocms0195.cern.ch/mon/cms341/210428_221326:achhetri_crab_WJetsToLNu_HT-600To800_v2
DEBUG 2021-05-01 10:58:37.510 UTC: 	 Proxied webdir is located at https://cmsweb.cern.ch:8443/scheddmon/0195/cms341/210428_221326:achhetri_crab_WJetsToLNu_HT-600To800_v2
DEBUG 2021-05-01 10:58:37.510 UTC: 	 Retrieving 'status_cache' file from https://cmsweb.cern.ch:8443/scheddmon/0195/cms341/210428_221326:achhetri_crab_WJetsToLNu_HT-600To800_v2/status_cache
DEBUG 2021-05-01 10:58:37.656 UTC: 	 Got information from status cache file: {'1': {'Retries': 0, 'WallDurations': [9.0, 267.19154596328735, 18077.0], 'StartTimes': [1619648255.0], 'SubmitTimes': [1619648158.0], 'JobIds': ['62950080.0'], 'EndTimes': [1619666332.0], 'Restarts': 0, 'RecordedSite': True, 'State': 'finished', 'ResidentSetSize': [754892], 'TotalUserCpuTimeHistory': [16220], 'SiteHistory': ['Unknown', 'T1_ES_PIC', 'T1_ES_PIC'], 'TotalSysCpuTimeHistory': [866]}, '3': {'Retries': 0, 'WallDurations': [9.0, 265.19154596328735, 17698.0], 'StartTimes': [1619648257.0], 'SubmitTimes': [1619648159.0], 'JobIds': ['62950081.0'], 'EndTimes': [1619665955.0], 'Restarts': 0, 'RecordedSite': True, 'State': 'finished', 'ResidentSetSize': [657644], 'TotalUserCpuTimeHistory': [15843], 'SiteHistory': ['Unknown', 'T1_ES_PIC', 'T1_ES_PIC'], 'TotalSysCpuTimeHistory': [1163]}, '2': {'Retries': 0, 'WallDurations': [9.0, 280.19154596328735, 31600.0], 'StartTimes': [1619648242.0], 'SubmitTimes': [1619648158.0], 'JobIds': ['62950079.0'], 'EndTimes': [1619679842.0], 'Restarts': 0, 'RecordedSite': True, 'State': 'finished', 'ResidentSetSize': [560008], 'TotalUserCpuTimeHistory': [27481], 'SiteHistory': ['Unknown', 'T2_US_Vanderbilt', 'T2_US_Vanderbilt'], 'TotalSysCpuTimeHistory': [2175]}, '5': {'Retries': 0, 'WallDurations': [8.0, 267.19154596328735, 31511.0], 'StartTimes': [1619648255.0], 'SubmitTimes': [1619648160.0], 'JobIds': ['62950084.0'], 'EndTimes': [1619679766.0], 'Restarts': 0, 'RecordedSite': True, 'State': 'finished', 'ResidentSetSize': [647768], 'TotalUserCpuTimeHistory': [25826], 'SiteHistory': ['Unknown', 'T1_ES_PIC', 'T1_ES_PIC'], 'TotalSysCpuTimeHistory': [1425]}, '4': {'Retries': 0, 'WallDurations': [8.0, 274.19154596328735, 16761.0], 'StartTimes': [1619648248.0], 'SubmitTimes': [1619648159.0], 'JobIds': ['62950082.0'], 'EndTimes': [1619665009.0], 'Restarts': 0, 'RecordedSite': True, 'State': 'finished', 'ResidentSetSize': [711356], 'TotalUserCpuTimeHistory': [15024], 'SiteHistory': ['Unknown', 'T1_ES_PIC', 'T1_ES_PIC'], 'TotalSysCpuTimeHistory': [1092]}, '7': {'Retries': 0, 'WallDurations': [10.0, 264.19154596328735, 7260.0], 'StartTimes': [1619648258.0], 'SubmitTimes': [1619648160.0], 'JobIds': ['62950085.0'], 'EndTimes': [1619655518.0], 'Restarts': 0, 'RecordedSite': True, 'State': 'finished', 'ResidentSetSize': [584528], 'TotalUserCpuTimeHistory': [6272], 'SiteHistory': ['Unknown', 'T1_US_FNAL', 'T1_US_FNAL'], 'TotalSysCpuTimeHistory': [732]}, '6': {'Retries': 0, 'WallDurations': [9.0, 181.19154596328735, 24221.0], 'StartTimes': [1619648341.0], 'SubmitTimes': [1619648159.0], 'JobIds': ['62950083.0'], 'EndTimes': [1619672562.0], 'Restarts': 0, 'RecordedSite': True, 'State': 'finished', 'ResidentSetSize': [638116], 'TotalUserCpuTimeHistory': [21790], 'SiteHistory': ['Unknown', 'T2_US_Vanderbilt', 'T2_US_Vanderbilt'], 'TotalSysCpuTimeHistory': [1217]}}
INFO 2021-05-01 10:58:37.656 UTC: 	 Status on the scheduler:	COMPLETED
INFO 2021-05-01 10:58:37.657 UTC: 	 
Jobs status:                    finished     		100.0% (7/7)
INFO 2021-05-01 10:58:37.657 UTC: 	 
No publication information (publication has been disabled in the CRAB configuration file)
INFO 2021-05-01 10:58:37.657 UTC: 	 
Summary of run jobs:
 * Memory: 737MB min, 737MB max, 635MB ave
 * Runtime: 2:01:00 min, 8:46:40 max, 5:50:18 ave
 * CPU eff: 86% min, 96% max, 93% ave
 * Waste: 0:31:01 (1% of total)

INFO 2021-05-01 10:58:37.704 UTC: 	 Log file is /afs/cern.ch/work/a/achhetri/NANO_AOD/CMSSW_10_6_8/src/WTopScalefactorProducer/Skimmer/NANOcrab/crab_Tprime_v5_NANo_AOD_106X/crab_WJetsToLNu_HT-600To800_v2/crab.log
