DEBUG 2021-03-09 11:53:53.570 UTC: 	 CRAB Client version: v3.201110
DEBUG 2021-03-09 11:53:53.571 UTC: 	 Running on: Linux lxplus731.cern.ch 3.10.0-1160.15.2.el7.x86_64 #1 SMP Wed Feb 3 15:06:38 UTC 2021 x86_64 x86_64 x86_64 GNU/Linux - CentOS Linux 7 (Core)
DEBUG 2021-03-09 11:53:53.571 UTC: 	 Executing command: 'submit'
DEBUG 2021-03-09 11:53:53.587 UTC: 	 Found CRAB cache file /afs/cern.ch/user/a/achhetri/.crab3
DEBUG 2021-03-09 11:53:53.603 UTC: 	 Will use CRAB Analysis plugin (i.e. will run an analysis job type).
DEBUG 2021-03-09 11:53:53.933 UTC: 	 Checking credentials
DEBUG 2021-03-09 11:53:53.933 UTC: 	 Found proxy file /afs/cern.ch/user/a/achhetri/x509up_u94350
DEBUG 2021-03-09 11:53:53.933 UTC: 	 Getting proxy life time left
DEBUG 2021-03-09 11:53:54.538 UTC: 	 Executing : 
 command : voms-proxy-info -file /afs/cern.ch/user/a/achhetri/x509up_u94350 -timeleft
 output : 681253

 error: 
 retcode : 0
DEBUG 2021-03-09 11:53:55.144 UTC: 	 Executing : 
 command : voms-proxy-info -file /afs/cern.ch/user/a/achhetri/x509up_u94350 -actimeleft
 output : 681252

 error: 
 retcode : 0
DEBUG 2021-03-09 11:53:55.145 UTC: 	 Proxy lifetime 681253 secs is different from voms extension lifetime 681252 secs for proxy: /afs/cern.ch/user/a/achhetri/x509up_u94350
DEBUG 2021-03-09 11:53:55.145 UTC: 	 Proxy valid for 189:14:12 hours
DEBUG 2021-03-09 11:53:55.750 UTC: 	 Executing : 
 command : env X509_USER_PROXY=/afs/cern.ch/user/a/achhetri/x509up_u94350 voms-proxy-info -fqan
 output : /cms/Role=NULL/Capability=NULL

 error: 
 retcode : 0
DEBUG 2021-03-09 11:53:55.832 UTC: 	 Registering user credentials for server /DC=ch/DC=cern/OU=computers/CN=vocms0105.cern.ch|/DC=ch/DC=cern/OU=computers/CN=crab-(preprod|prod|dev)-tw(02|01).cern.ch|/DC=ch/DC=cern/OU=computers/CN=(ddi|ddidk|mytw).cern.ch|/DC=ch/DC=cern/OU=computers/CN=stefanov(m|m2).cern.ch
DEBUG 2021-03-09 11:53:56.443 UTC: 	 Executing : 
 command : voms-proxy-info -file /afs/cern.ch/user/a/achhetri/x509up_u94350 -identity
 output : /DC=ch/DC=cern/OU=Organic Units/OU=Users/CN=achhetri/CN=804540/CN=Arjun Chhetri

 error: 
 retcode : 0
DEBUG 2021-03-09 11:53:56.450 UTC: 	 Getting myproxy life time left for myproxy.cern.ch
DEBUG 2021-03-09 11:53:56.450 UTC: 	 using eb0e67adc2dd9eb1770413a4ffd073f562b86f05 as credential login name
DEBUG 2021-03-09 11:53:56.855 UTC: 	 Executing : 
 command : myproxy-info -l eb0e67adc2dd9eb1770413a4ffd073f562b86f05 -s myproxy.cern.ch
 output : username: eb0e67adc2dd9eb1770413a4ffd073f562b86f05
owner: /DC=ch/DC=cern/OU=Organic Units/OU=Users/CN=achhetri/CN=804540/CN=Arjun Chhetri
  renewal policy: /DC=ch/DC=cern/OU=computers/CN=vocms0105.cern.ch|/DC=ch/DC=cern/OU=computers/CN=crab-(preprod|prod|dev)-tw(02|01).cern.ch|/DC=ch/DC=cern/OU=computers/CN=(ddi|ddidk|mytw).cern.ch|/DC=ch/DC=cern/OU=computers/CN=stefanov(m|m2).cern.ch
  trusted retrieval policy: /DC=ch/DC=cern/OU=computers/CN=vocms0105.cern.ch|/DC=ch/DC=cern/OU=computers/CN=crab-(preprod|prod|dev)-tw(02|01).cern.ch|/DC=ch/DC=cern/OU=computers/CN=(ddi|ddidk|mytw).cern.ch|/DC=ch/DC=cern/OU=computers/CN=stefanov(m|m2).cern.ch
  timeleft: 0:00:00

 error: 
 retcode : 0
DEBUG 2021-03-09 11:53:56.856 UTC: 	 Myproxy is valid: 0
DEBUG 2021-03-09 11:53:56.960 UTC: 	 Executing : 
 command : openssl x509 -noout -in ~/.globus/usercert.pem -dates
 output : notBefore=Nov 11 12:18:59 2020 GMT
notAfter=Dec 16 12:18:59 2021 GMT

 error: 
 retcode : 0
DEBUG 2021-03-09 11:53:56.965 UTC: 	 Delegating a myproxy for 720:00 hours
DEBUG 2021-03-09 11:53:56.965 UTC: 	 using eb0e67adc2dd9eb1770413a4ffd073f562b86f05 as credential login name
DEBUG 2021-03-09 11:54:09.498 UTC: 	 Executing : 
 command : export GT_PROXY_MODE=rfc ; myproxy-init -d -n -s myproxy.cern.ch -x -R '/DC=ch/DC=cern/OU=computers/CN=vocms0105.cern.ch|/DC=ch/DC=cern/OU=computers/CN=crab-(preprod|prod|dev)-tw(02|01).cern.ch|/DC=ch/DC=cern/OU=computers/CN=(ddi|ddidk|mytw).cern.ch|/DC=ch/DC=cern/OU=computers/CN=stefanov(m|m2).cern.ch' -x -Z '/DC=ch/DC=cern/OU=computers/CN=vocms0105.cern.ch|/DC=ch/DC=cern/OU=computers/CN=crab-(preprod|prod|dev)-tw(02|01).cern.ch|/DC=ch/DC=cern/OU=computers/CN=(ddi|ddidk|mytw).cern.ch|/DC=ch/DC=cern/OU=computers/CN=stefanov(m|m2).cern.ch' -l 'eb0e67adc2dd9eb1770413a4ffd073f562b86f05' -t 168:00 -c 720:00
 output : Your identity: /DC=ch/DC=cern/OU=Organic Units/OU=Users/CN=achhetri/CN=804540/CN=Arjun Chhetri
Creating proxy ................................................................................................................... Done
Proxy Verify OK
Your proxy is valid until: Thu Apr  8 13:54:09 2021
A proxy valid for 720 hours (30.0 days) for user eb0e67adc2dd9eb1770413a4ffd073f562b86f05 now exists on myproxy.cern.ch.

 error: 
 retcode : 0
DEBUG 2021-03-09 11:54:09.498 UTC: 	 using eb0e67adc2dd9eb1770413a4ffd073f562b86f05 as credential login name
DEBUG 2021-03-09 11:54:10.003 UTC: 	 Executing : 
 command : myproxy-info -l eb0e67adc2dd9eb1770413a4ffd073f562b86f05 -s myproxy.cern.ch
 output : username: eb0e67adc2dd9eb1770413a4ffd073f562b86f05
owner: /DC=ch/DC=cern/OU=Organic Units/OU=Users/CN=achhetri/CN=804540/CN=Arjun Chhetri
  renewal policy: /DC=ch/DC=cern/OU=computers/CN=vocms0105.cern.ch|/DC=ch/DC=cern/OU=computers/CN=crab-(preprod|prod|dev)-tw(02|01).cern.ch|/DC=ch/DC=cern/OU=computers/CN=(ddi|ddidk|mytw).cern.ch|/DC=ch/DC=cern/OU=computers/CN=stefanov(m|m2).cern.ch
  trusted retrieval policy: /DC=ch/DC=cern/OU=computers/CN=vocms0105.cern.ch|/DC=ch/DC=cern/OU=computers/CN=crab-(preprod|prod|dev)-tw(02|01).cern.ch|/DC=ch/DC=cern/OU=computers/CN=(ddi|ddidk|mytw).cern.ch|/DC=ch/DC=cern/OU=computers/CN=stefanov(m|m2).cern.ch
  timeleft: 720:00:00  (30.0 days)

 error: 
 retcode : 0
DEBUG 2021-03-09 11:54:10.003 UTC: 	 My-proxy delegated.
DEBUG 2021-03-09 11:54:10.003 UTC: 	 Retrieving username ...
DEBUG 2021-03-09 11:54:10.003 UTC: 	 Retrieving username from CRIC...
DEBUG 2021-03-09 11:54:10.810 UTC: 	 username is achhetri
DEBUG 2021-03-09 11:54:10.816 UTC: 	 Getting myproxy life time left for myproxy.cern.ch
DEBUG 2021-03-09 11:54:10.816 UTC: 	 using achhetri_CRAB as credential login name
DEBUG 2021-03-09 11:54:11.321 UTC: 	 Executing : 
 command : myproxy-info -l achhetri_CRAB -s myproxy.cern.ch
 output : username: achhetri_CRAB
owner: /DC=ch/DC=cern/OU=Organic Units/OU=Users/CN=achhetri/CN=804540/CN=Arjun Chhetri
  renewal policy: /DC=ch/DC=cern/OU=computers/CN=vocms0105.cern.ch|/DC=ch/DC=cern/OU=computers/CN=crab-(preprod|prod|dev)-tw(02|01).cern.ch|/DC=ch/DC=cern/OU=computers/CN=(ddi|ddidk|mytw).cern.ch|/DC=ch/DC=cern/OU=computers/CN=stefanov(m|m2).cern.ch
  trusted retrieval policy: /DC=ch/DC=cern/OU=computers/CN=vocms0105.cern.ch|/DC=ch/DC=cern/OU=computers/CN=crab-(preprod|prod|dev)-tw(02|01).cern.ch|/DC=ch/DC=cern/OU=computers/CN=(ddi|ddidk|mytw).cern.ch|/DC=ch/DC=cern/OU=computers/CN=stefanov(m|m2).cern.ch
  timeleft: 356:57:29  (14.9 days)

 error: 
 retcode : 0
DEBUG 2021-03-09 11:54:11.321 UTC: 	 Myproxy is valid: 1285049
DEBUG 2021-03-09 11:54:11.425 UTC: 	 Executing : 
 command : openssl x509 -noout -in ~/.globus/usercert.pem -dates
 output : notBefore=Nov 11 12:18:59 2020 GMT
notAfter=Dec 16 12:18:59 2021 GMT

 error: 
 retcode : 0
DEBUG 2021-03-09 11:54:11.426 UTC: 	 Delegating a myproxy for 720:00 hours
DEBUG 2021-03-09 11:54:11.426 UTC: 	 using achhetri_CRAB as credential login name
DEBUG 2021-03-09 11:54:17.342 UTC: 	 Executing : 
 command : export GT_PROXY_MODE=rfc ; myproxy-init -d -n -s myproxy.cern.ch -x -R '/DC=ch/DC=cern/OU=computers/CN=vocms0105.cern.ch|/DC=ch/DC=cern/OU=computers/CN=crab-(preprod|prod|dev)-tw(02|01).cern.ch|/DC=ch/DC=cern/OU=computers/CN=(ddi|ddidk|mytw).cern.ch|/DC=ch/DC=cern/OU=computers/CN=stefanov(m|m2).cern.ch' -x -Z '/DC=ch/DC=cern/OU=computers/CN=vocms0105.cern.ch|/DC=ch/DC=cern/OU=computers/CN=crab-(preprod|prod|dev)-tw(02|01).cern.ch|/DC=ch/DC=cern/OU=computers/CN=(ddi|ddidk|mytw).cern.ch|/DC=ch/DC=cern/OU=computers/CN=stefanov(m|m2).cern.ch' -l 'achhetri_CRAB' -t 168:00 -c 720:00
 output : Your identity: /DC=ch/DC=cern/OU=Organic Units/OU=Users/CN=achhetri/CN=804540/CN=Arjun Chhetri

 error: Error: Couldn't read user key in /afs/cern.ch/user/a/achhetri/.globus/userkey.pem.
Use -debug for further information.
grid-proxy-init failed

 retcode : 1
DEBUG 2021-03-09 11:54:17.342 UTC: 	 using achhetri_CRAB as credential login name
DEBUG 2021-03-09 11:54:17.646 UTC: 	 Executing : 
 command : myproxy-info -l achhetri_CRAB -s myproxy.cern.ch
 output : username: achhetri_CRAB
owner: /DC=ch/DC=cern/OU=Organic Units/OU=Users/CN=achhetri/CN=804540/CN=Arjun Chhetri
  renewal policy: /DC=ch/DC=cern/OU=computers/CN=vocms0105.cern.ch|/DC=ch/DC=cern/OU=computers/CN=crab-(preprod|prod|dev)-tw(02|01).cern.ch|/DC=ch/DC=cern/OU=computers/CN=(ddi|ddidk|mytw).cern.ch|/DC=ch/DC=cern/OU=computers/CN=stefanov(m|m2).cern.ch
  trusted retrieval policy: /DC=ch/DC=cern/OU=computers/CN=vocms0105.cern.ch|/DC=ch/DC=cern/OU=computers/CN=crab-(preprod|prod|dev)-tw(02|01).cern.ch|/DC=ch/DC=cern/OU=computers/CN=(ddi|ddidk|mytw).cern.ch|/DC=ch/DC=cern/OU=computers/CN=stefanov(m|m2).cern.ch
  timeleft: 356:57:23  (14.9 days)

 error: 
 retcode : 0
DEBUG 2021-03-09 11:54:17.647 UTC: 	 My-proxy delegated.
DEBUG 2021-03-09 11:54:17.647 UTC: 	 Result of myproxy credential check:
  Credential exists on myproxy: username: eb0e67adc2dd9eb1770413a4ffd073f562b86f05  - validity: 30 days, 0:00:00
  Credential exists on myproxy: username: achhetri_CRAB  - validity: 14 days, 20:57:23
DEBUG 2021-03-09 11:54:17.647 UTC: 	 Command use: submit
DEBUG 2021-03-09 11:54:17.647 UTC: 	 Options use: ['--config', <WMCore.Configuration.Configuration object at 0x7f6203b66fd0>]
DEBUG 2021-03-09 11:54:17.707 UTC: 	 CRABClient version: v3.201110
DEBUG 2021-03-09 11:54:17.707 UTC: 	 Instance is prod
DEBUG 2021-03-09 11:54:17.707 UTC: 	 Server base url is cmsweb-k8s-prod.cern.ch
DEBUG 2021-03-09 11:54:17.707 UTC: 	 Command url /crabserver/prod/workflow
DEBUG 2021-03-09 11:54:17.707 UTC: 	 Started submission
DEBUG 2021-03-09 11:54:17.707 UTC: 	 Working on /afs/cern.ch/work/a/achhetri/NANO_AOD/CMSSW_10_6_8/src/WTopScalefactorProducer/Skimmer/NANOcrab/crab_Tprime_v5_NANo_AOD_106X/crab_QCD_Pt300toInf_EM_v2
DEBUG 2021-03-09 11:54:17.849 UTC: 	 Loading required information from the environment
DEBUG 2021-03-09 11:54:17.849 UTC: 	 Found CMSSW_10_6_8 for slc7_amd64_gcc700 with base /afs/cern.ch/work/a/achhetri/NANO_AOD/CMSSW_10_6_8
DEBUG 2021-03-09 11:54:17.849 UTC: 	 Loading required information from the environment
DEBUG 2021-03-09 11:54:17.849 UTC: 	 Found CMSSW_10_6_8 for slc7_amd64_gcc700 with base /afs/cern.ch/work/a/achhetri/NANO_AOD/CMSSW_10_6_8
DEBUG 2021-03-09 11:54:17.849 UTC: 	 UNIQUE NAME: tarUUID 315c6e1e-1218-40c6-84ac-ce277ac69cff 
DEBUG 2021-03-09 11:54:17.849 UTC: 	 self.config: from WMCore.Configuration import Configuration
config = Configuration()
config.section_('General')
config.General.transferLogs = True
config.General.workArea = 'crab_Tprime_v5_NANo_AOD_106X'
config.General.requestName = 'QCD_Pt300toInf_EM_v2'
config.section_('JobType')
config.JobType.scriptExe = 'crab_script_Tprime.sh'
config.JobType.pluginName = 'Analysis'
config.JobType.sendPythonFolder = True
config.JobType.allowUndistributedCMSSW = True
config.JobType.psetName = 'PSet.py'
config.JobType.inputFiles = ['TprimeBToTH_LH_RunIISummer19UL16_Skimmer.py', 'keep_and_drop_v1.txt', '../../../PhysicsTools/NanoAODTools/scripts/haddnano.py']
config.section_('Data')
config.Data.inputDataset = '/QCD_Pt-300toInf_EMEnriched_TuneCP5_13TeV_pythia8/RunIISummer19UL17NanoAODv2-106X_mc2017_realistic_v8-v1/NANOAODSIM'
config.Data.outputDatasetTag = 'QCD_Pt300toInf_EM_v2'
config.Data.publication = False
config.Data.unitsPerJob = 1
config.Data.inputDBS = 'global'
config.Data.splitting = 'FileBased'
config.Data.outLFNDirBase = '/store/user/achhetri/Tprime_v5_NANo_AOD_106X'
config.Data.totalUnits = 8
config.section_('Site')
config.Site.storageSite = 'T3_CH_CERNBOX'
config.section_('User')
config.section_('Debug')

DEBUG 2021-03-09 11:54:17.849 UTC: 	 self.config.JobType.psetName: PSet.py
INFO 2021-03-09 11:54:17.849 UTC: 	 Importing CMSSW configuration PSet.py
INFO 2021-03-09 11:54:18.351 UTC: 	 Finished importing CMSSW configuration PSet.py
DEBUG 2021-03-09 11:54:18.351 UTC: 	 Writing CMSSW configuration to /afs/cern.ch/work/a/achhetri/NANO_AOD/CMSSW_10_6_8/src/WTopScalefactorProducer/Skimmer/NANOcrab/crab_Tprime_v5_NANo_AOD_106X/crab_QCD_Pt300toInf_EM_v2/inputs/PSet.py
DEBUG 2021-03-09 11:54:18.361 UTC: 	 The following EDM output files will be collected: ['tree.root']
DEBUG 2021-03-09 11:54:18.361 UTC: 	 The following TFile output files will be collected: []
DEBUG 2021-03-09 11:54:18.361 UTC: 	 The following user output files (not listed as PoolOuputModule or TFileService in the CMSSW PSet) will be collected: 
DEBUG 2021-03-09 11:54:18.361 UTC: 	 Loading required information from the environment
DEBUG 2021-03-09 11:54:18.362 UTC: 	 Found CMSSW_10_6_8 for slc7_amd64_gcc700 with base /afs/cern.ch/work/a/achhetri/NANO_AOD/CMSSW_10_6_8
DEBUG 2021-03-09 11:54:18.362 UTC: 	 Making tarball in /afs/cern.ch/work/a/achhetri/NANO_AOD/CMSSW_10_6_8/src/WTopScalefactorProducer/Skimmer/NANOcrab/crab_Tprime_v5_NANo_AOD_106X/crab_QCD_Pt300toInf_EM_v2/inputs/315c6e1e-1218-40c6-84ac-ce277ac69cffdefault.tgz
DEBUG 2021-03-09 11:54:18.363 UTC: 	 Checking directory /afs/cern.ch/work/a/achhetri/NANO_AOD/CMSSW_10_6_8/lib
DEBUG 2021-03-09 11:54:18.363 UTC: 	 Adding directory /afs/cern.ch/work/a/achhetri/NANO_AOD/CMSSW_10_6_8/lib to tarball
DEBUG 2021-03-09 11:54:18.594 UTC: 	 Checking directory /afs/cern.ch/work/a/achhetri/NANO_AOD/CMSSW_10_6_8/biglib
DEBUG 2021-03-09 11:54:18.594 UTC: 	 Adding directory /afs/cern.ch/work/a/achhetri/NANO_AOD/CMSSW_10_6_8/biglib to tarball
DEBUG 2021-03-09 11:54:18.595 UTC: 	 Checking directory /afs/cern.ch/work/a/achhetri/NANO_AOD/CMSSW_10_6_8/module
DEBUG 2021-03-09 11:54:18.595 UTC: 	 Checking directory /afs/cern.ch/work/a/achhetri/NANO_AOD/CMSSW_10_6_8/python
DEBUG 2021-03-09 11:54:18.595 UTC: 	 Adding directory /afs/cern.ch/work/a/achhetri/NANO_AOD/CMSSW_10_6_8/python to tarball
DEBUG 2021-03-09 11:54:23.298 UTC: 	 Checking directory /afs/cern.ch/work/a/achhetri/NANO_AOD/CMSSW_10_6_8/cfipython
DEBUG 2021-03-09 11:54:23.298 UTC: 	 Adding directory /afs/cern.ch/work/a/achhetri/NANO_AOD/CMSSW_10_6_8/cfipython to tarball
DEBUG 2021-03-09 11:54:23.607 UTC: 	 Adding data directory /afs/cern.ch/work/a/achhetri/NANO_AOD/CMSSW_10_6_8/src/PhysicsTools/NanoAODTools/data to tarball
DEBUG 2021-03-09 11:54:38.426 UTC: 	 Adding data directory /afs/cern.ch/work/a/achhetri/NANO_AOD/CMSSW_10_6_8/src/PhysicsTools/NanoAODTools/interface to tarball
DEBUG 2021-03-09 11:54:38.444 UTC: 	 Adding data directory /afs/cern.ch/work/a/achhetri/NANO_AOD/CMSSW_10_6_8/src/PhysicsTools/NanoAODTools/python/postprocessing/data to tarball
DEBUG 2021-03-09 11:54:52.359 UTC: 	 Adding file TprimeBToTH_LH_RunIISummer19UL16_Skimmer.py to tarball
DEBUG 2021-03-09 11:54:52.360 UTC: 	 Adding file keep_and_drop_v1.txt to tarball
DEBUG 2021-03-09 11:54:52.362 UTC: 	 Adding file ../../../PhysicsTools/NanoAODTools/scripts/haddnano.py to tarball
DEBUG 2021-03-09 11:54:55.793 UTC: 	 Uploading archive /afs/cern.ch/work/a/achhetri/NANO_AOD/CMSSW_10_6_8/src/WTopScalefactorProducer/Skimmer/NANOcrab/crab_Tprime_v5_NANo_AOD_106X/crab_QCD_Pt300toInf_EM_v2/inputs/315c6e1e-1218-40c6-84ac-ce277ac69cffdefault.tgz (55 MB) to the CRAB cache. Using URI https://cmsweb.cern.ch:8443/crabcache
DEBUG 2021-03-09 11:55:28.929 UTC: 	 Loading required information from the environment
DEBUG 2021-03-09 11:55:28.929 UTC: 	 Found CMSSW_10_6_8 for slc7_amd64_gcc700 with base /afs/cern.ch/work/a/achhetri/NANO_AOD/CMSSW_10_6_8
DEBUG 2021-03-09 11:55:28.929 UTC: 	 Making tarball in /afs/cern.ch/work/a/achhetri/NANO_AOD/CMSSW_10_6_8/src/WTopScalefactorProducer/Skimmer/NANOcrab/crab_Tprime_v5_NANo_AOD_106X/crab_QCD_Pt300toInf_EM_v2/inputs/debugFiles.tgz
DEBUG 2021-03-09 11:55:28.935 UTC: 	 Uploading archive /afs/cern.ch/work/a/achhetri/NANO_AOD/CMSSW_10_6_8/src/WTopScalefactorProducer/Skimmer/NANOcrab/crab_Tprime_v5_NANo_AOD_106X/crab_QCD_Pt300toInf_EM_v2/inputs/debugFiles.tgz (1 KB) to the CRAB cache. Using URI https://cmsweb.cern.ch:8443/crabcache
DEBUG 2021-03-09 11:55:29.153 UTC: 	 Result uploading input files: db34ebad3d4b9da4ae9c866827f2ee5a2e927bca2b5d12de79379f506faf14a9.tar.gz 
INFO 2021-03-09 11:55:29.153 UTC: 	 Sending the request to the server at cmsweb-k8s-prod.cern.ch
DEBUG 2021-03-09 11:55:29.154 UTC: 	 Submitting {'maxjobruntime': 1250, 'extrajdl': [], 'lfn': '/store/user/achhetri/Tprime_v5_NANo_AOD_106X', 'savelogsflag': 1, 'useparent': 0, 'scriptexe': 'crab_script_Tprime.sh', 'asyncdest': 'T3_CH_CERNBOX', 'algoargs': 1, 'cachefilename': 'db34ebad3d4b9da4ae9c866827f2ee5a2e927bca2b5d12de79379f506faf14a9.tar.gz', 'numcores': 1, 'addoutputfiles': [], 'generator': 'pythia', 'maxmemory': 2000, 'publishdbsurl': 'https://cmsweb.cern.ch/dbs/prod/phys03/DBSWriter', 'priority': 10, 'jobsw': 'CMSSW_10_6_8', 'edmoutfiles': ['tree.root'], 'userfiles': [], 'primarydataset': '', 'inputdata': '/QCD_Pt-300toInf_EMEnriched_TuneCP5_13TeV_pythia8/RunIISummer19UL17NanoAODv2-106X_mc2017_realistic_v8-v1/NANOAODSIM', 'ignorelocality': 0, 'dryrun': 0, 'workflow': 'crab_QCD_Pt300toInf_EM_v2', 'cacheurl': u'https://cmsweb.cern.ch:8443/crabcache', 'nonprodsw': 1, 'tfileoutfiles': [], 'oneEventMode': 0, 'debugfilename': '1036fdad7985928948d571a98e5f5075d2b621fa8f65d5cefee68dc906d1b960.tar.gz', 'saveoutput': 1, 'publication': 0, 'jobarch': 'slc7_amd64_gcc700', 'totalunits': 8, 'splitalgo': 'FileBased', 'ignoreglobalblacklist': 0, 'nonvaliddata': 0, 'dbsurl': 'https://cmsweb.cern.ch/dbs/prod/global/DBSReader', 'publishgroupname': 0, 'jobtype': 'Analysis', 'publishname2': 'QCD_Pt300toInf_EM_v2'} 
DEBUG 2021-03-09 11:55:29.154 UTC: 	 Encoded submit request: maxjobruntime=1250&lfn=%2Fstore%2Fuser%2Fachhetri%2FTprime_v5_NANo_AOD_106X&savelogsflag=1&useparent=0&scriptexe=crab_script_Tprime.sh&asyncdest=T3_CH_CERNBOX&algoargs=1&cachefilename=db34ebad3d4b9da4ae9c866827f2ee5a2e927bca2b5d12de79379f506faf14a9.tar.gz&numcores=1&generator=pythia&maxmemory=2000&publishdbsurl=https%3A%2F%2Fcmsweb.cern.ch%2Fdbs%2Fprod%2Fphys03%2FDBSWriter&priority=10&jobsw=CMSSW_10_6_8&primarydataset=&inputdata=%2FQCD_Pt-300toInf_EMEnriched_TuneCP5_13TeV_pythia8%2FRunIISummer19UL17NanoAODv2-106X_mc2017_realistic_v8-v1%2FNANOAODSIM&ignorelocality=0&dryrun=0&workflow=crab_QCD_Pt300toInf_EM_v2&cacheurl=https%3A%2F%2Fcmsweb.cern.ch%3A8443%2Fcrabcache&nonprodsw=1&oneEventMode=0&debugfilename=1036fdad7985928948d571a98e5f5075d2b621fa8f65d5cefee68dc906d1b960.tar.gz&saveoutput=1&publication=0&jobarch=slc7_amd64_gcc700&totalunits=8&splitalgo=FileBased&ignoreglobalblacklist=0&nonvaliddata=0&dbsurl=https%3A%2F%2Fcmsweb.cern.ch%2Fdbs%2Fprod%2Fglobal%2FDBSReader&publishgroupname=0&jobtype=Analysis&publishname2=QCD_Pt300toInf_EM_v2&edmoutfiles=tree.root
DEBUG 2021-03-09 11:55:29.266 UTC: 	 Result: {u'result': [{u'RequestName': u'210309_115529:achhetri_crab_QCD_Pt300toInf_EM_v2'}]}
INFO 2021-03-09 11:55:29.276 UTC: 	 Success: Your task has been delivered to the prod CRAB3 server.
INFO 2021-03-09 11:55:29.276 UTC: 	 Task name: 210309_115529:achhetri_crab_QCD_Pt300toInf_EM_v2
INFO 2021-03-09 11:55:29.276 UTC: 	 Project dir: crab_Tprime_v5_NANo_AOD_106X/crab_QCD_Pt300toInf_EM_v2
INFO 2021-03-09 11:55:29.276 UTC: 	 Please use ' crab status -d crab_Tprime_v5_NANo_AOD_106X/crab_QCD_Pt300toInf_EM_v2 ' to check how the submission process proceeds.
DEBUG 2021-03-09 11:55:29.276 UTC: 	 About to return
DEBUG 2021-03-09 16:09:56.928 UTC: 	 CRAB Client version: v3.201110
DEBUG 2021-03-09 16:09:56.929 UTC: 	 Running on: Linux lxplus799.cern.ch 3.10.0-1160.15.2.el7.x86_64 #1 SMP Wed Feb 3 15:06:38 UTC 2021 x86_64 x86_64 x86_64 GNU/Linux - CentOS Linux 7 (Core)
DEBUG 2021-03-09 16:09:56.929 UTC: 	 Executing command: 'status'
DEBUG 2021-03-09 16:09:56.929 UTC: 	 Found CRAB cache file /afs/cern.ch/user/a/achhetri/.crab3
DEBUG 2021-03-09 16:09:57.174 UTC: 	 Checking credentials
DEBUG 2021-03-09 16:09:57.175 UTC: 	 Found proxy file /afs/cern.ch/user/a/achhetri/x509up_u94350
DEBUG 2021-03-09 16:09:57.175 UTC: 	 Getting proxy life time left
DEBUG 2021-03-09 16:09:57.781 UTC: 	 Executing : 
 command : voms-proxy-info -file /afs/cern.ch/user/a/achhetri/x509up_u94350 -timeleft
 output : 690926

 error: 
 retcode : 0
DEBUG 2021-03-09 16:09:58.590 UTC: 	 Executing : 
 command : voms-proxy-info -file /afs/cern.ch/user/a/achhetri/x509up_u94350 -actimeleft
 output : 690924

 error: 
 retcode : 0
DEBUG 2021-03-09 16:09:58.591 UTC: 	 Proxy lifetime 690926 secs is different from voms extension lifetime 690924 secs for proxy: /afs/cern.ch/user/a/achhetri/x509up_u94350
DEBUG 2021-03-09 16:09:58.591 UTC: 	 Proxy valid for 191:55:24 hours
DEBUG 2021-03-09 16:09:58.715 UTC: 	 Registering user credentials for server /DC=ch/DC=cern/OU=computers/CN=vocms0105.cern.ch|/DC=ch/DC=cern/OU=computers/CN=crab-(preprod|prod|dev)-tw(02|01).cern.ch|/DC=ch/DC=cern/OU=computers/CN=(ddi|ddidk|mytw).cern.ch|/DC=ch/DC=cern/OU=computers/CN=stefanov(m|m2).cern.ch
DEBUG 2021-03-09 16:09:59.433 UTC: 	 Executing : 
 command : voms-proxy-info -file /afs/cern.ch/user/a/achhetri/x509up_u94350 -identity
 output : /DC=ch/DC=cern/OU=Organic Units/OU=Users/CN=achhetri/CN=804540/CN=Arjun Chhetri

 error: 
 retcode : 0
DEBUG 2021-03-09 16:09:59.440 UTC: 	 Getting myproxy life time left for myproxy.cern.ch
DEBUG 2021-03-09 16:09:59.441 UTC: 	 using eb0e67adc2dd9eb1770413a4ffd073f562b86f05 as credential login name
DEBUG 2021-03-09 16:09:59.746 UTC: 	 Executing : 
 command : myproxy-info -l eb0e67adc2dd9eb1770413a4ffd073f562b86f05 -s myproxy.cern.ch
 output : username: eb0e67adc2dd9eb1770413a4ffd073f562b86f05
owner: /DC=ch/DC=cern/OU=Organic Units/OU=Users/CN=achhetri/CN=804540/CN=Arjun Chhetri
  renewal policy: /DC=ch/DC=cern/OU=computers/CN=vocms0105.cern.ch|/DC=ch/DC=cern/OU=computers/CN=crab-(preprod|prod|dev)-tw(02|01).cern.ch|/DC=ch/DC=cern/OU=computers/CN=(ddi|ddidk|mytw).cern.ch|/DC=ch/DC=cern/OU=computers/CN=stefanov(m|m2).cern.ch
  trusted retrieval policy: /DC=ch/DC=cern/OU=computers/CN=vocms0105.cern.ch|/DC=ch/DC=cern/OU=computers/CN=crab-(preprod|prod|dev)-tw(02|01).cern.ch|/DC=ch/DC=cern/OU=computers/CN=(ddi|ddidk|mytw).cern.ch|/DC=ch/DC=cern/OU=computers/CN=stefanov(m|m2).cern.ch
  timeleft: 715:44:10  (29.8 days)

 error: 
 retcode : 0
DEBUG 2021-03-09 16:09:59.747 UTC: 	 Myproxy is valid: 2576650
DEBUG 2021-03-09 16:09:59.747 UTC: 	 Retrieving username ...
DEBUG 2021-03-09 16:09:59.747 UTC: 	 Retrieving username from CRIC...
DEBUG 2021-03-09 16:10:00.664 UTC: 	 username is achhetri
DEBUG 2021-03-09 16:10:00.670 UTC: 	 Getting myproxy life time left for myproxy.cern.ch
DEBUG 2021-03-09 16:10:00.670 UTC: 	 using achhetri_CRAB as credential login name
DEBUG 2021-03-09 16:10:00.977 UTC: 	 Executing : 
 command : myproxy-info -l achhetri_CRAB -s myproxy.cern.ch
 output : username: achhetri_CRAB
owner: /DC=ch/DC=cern/OU=Organic Units/OU=Users/CN=achhetri/CN=804540/CN=Arjun Chhetri
  renewal policy: /DC=ch/DC=cern/OU=computers/CN=vocms0105.cern.ch|/DC=ch/DC=cern/OU=computers/CN=crab-(preprod|prod|dev)-tw(02|01).cern.ch|/DC=ch/DC=cern/OU=computers/CN=(ddi|ddidk|mytw).cern.ch|/DC=ch/DC=cern/OU=computers/CN=stefanov(m|m2).cern.ch
  trusted retrieval policy: /DC=ch/DC=cern/OU=computers/CN=vocms0105.cern.ch|/DC=ch/DC=cern/OU=computers/CN=crab-(preprod|prod|dev)-tw(02|01).cern.ch|/DC=ch/DC=cern/OU=computers/CN=(ddi|ddidk|mytw).cern.ch|/DC=ch/DC=cern/OU=computers/CN=stefanov(m|m2).cern.ch
  timeleft: 352:41:40  (14.7 days)

 error: 
 retcode : 0
DEBUG 2021-03-09 16:10:00.977 UTC: 	 Myproxy is valid: 1269700
DEBUG 2021-03-09 16:10:01.082 UTC: 	 Executing : 
 command : openssl x509 -noout -in ~/.globus/usercert.pem -dates
 output : notBefore=Nov 11 12:18:59 2020 GMT
notAfter=Dec 16 12:18:59 2021 GMT

 error: 
 retcode : 0
DEBUG 2021-03-09 16:10:01.087 UTC: 	 Delegating a myproxy for 720:00 hours
DEBUG 2021-03-09 16:10:01.088 UTC: 	 using achhetri_CRAB as credential login name
DEBUG 2021-03-09 16:10:05.510 UTC: 	 Executing : 
 command : export GT_PROXY_MODE=rfc ; myproxy-init -d -n -s myproxy.cern.ch -x -R '/DC=ch/DC=cern/OU=computers/CN=vocms0105.cern.ch|/DC=ch/DC=cern/OU=computers/CN=crab-(preprod|prod|dev)-tw(02|01).cern.ch|/DC=ch/DC=cern/OU=computers/CN=(ddi|ddidk|mytw).cern.ch|/DC=ch/DC=cern/OU=computers/CN=stefanov(m|m2).cern.ch' -x -Z '/DC=ch/DC=cern/OU=computers/CN=vocms0105.cern.ch|/DC=ch/DC=cern/OU=computers/CN=crab-(preprod|prod|dev)-tw(02|01).cern.ch|/DC=ch/DC=cern/OU=computers/CN=(ddi|ddidk|mytw).cern.ch|/DC=ch/DC=cern/OU=computers/CN=stefanov(m|m2).cern.ch' -l 'achhetri_CRAB' -t 168:00 -c 720:00
 output : Your identity: /DC=ch/DC=cern/OU=Organic Units/OU=Users/CN=achhetri/CN=804540/CN=Arjun Chhetri

 error: Error: Couldn't read user key in /afs/cern.ch/user/a/achhetri/.globus/userkey.pem.
Use -debug for further information.
grid-proxy-init failed

 retcode : 1
DEBUG 2021-03-09 16:10:05.510 UTC: 	 using achhetri_CRAB as credential login name
DEBUG 2021-03-09 16:10:05.916 UTC: 	 Executing : 
 command : myproxy-info -l achhetri_CRAB -s myproxy.cern.ch
 output : username: achhetri_CRAB
owner: /DC=ch/DC=cern/OU=Organic Units/OU=Users/CN=achhetri/CN=804540/CN=Arjun Chhetri
  renewal policy: /DC=ch/DC=cern/OU=computers/CN=vocms0105.cern.ch|/DC=ch/DC=cern/OU=computers/CN=crab-(preprod|prod|dev)-tw(02|01).cern.ch|/DC=ch/DC=cern/OU=computers/CN=(ddi|ddidk|mytw).cern.ch|/DC=ch/DC=cern/OU=computers/CN=stefanov(m|m2).cern.ch
  trusted retrieval policy: /DC=ch/DC=cern/OU=computers/CN=vocms0105.cern.ch|/DC=ch/DC=cern/OU=computers/CN=crab-(preprod|prod|dev)-tw(02|01).cern.ch|/DC=ch/DC=cern/OU=computers/CN=(ddi|ddidk|mytw).cern.ch|/DC=ch/DC=cern/OU=computers/CN=stefanov(m|m2).cern.ch
  timeleft: 352:41:35  (14.7 days)

 error: 
 retcode : 0
DEBUG 2021-03-09 16:10:05.916 UTC: 	 My-proxy delegated.
DEBUG 2021-03-09 16:10:05.916 UTC: 	 Result of myproxy credential check:
  Credential exists on myproxy: username: eb0e67adc2dd9eb1770413a4ffd073f562b86f05  - validity: 29 days, 19:44:10
  Credential exists on myproxy: username: achhetri_CRAB  - validity: 14 days, 16:41:35
DEBUG 2021-03-09 16:10:05.917 UTC: 	 Command use: status
DEBUG 2021-03-09 16:10:05.917 UTC: 	 Options use: ['-d', 'crab_Tprime_v5_NANo_AOD_106X/crab_QCD_Pt300toInf_EM_v2/']
DEBUG 2021-03-09 16:10:05.971 UTC: 	 CRABClient version: v3.201110
DEBUG 2021-03-09 16:10:05.971 UTC: 	 Instance is prod
DEBUG 2021-03-09 16:10:05.971 UTC: 	 Server base url is cmsweb-k8s-prod.cern.ch
DEBUG 2021-03-09 16:10:05.971 UTC: 	 Command url /crabserver/prod/workflow
DEBUG 2021-03-09 16:10:06.052 UTC: 	 Got information from server oracle database: {u'result': [u'210309_115529:achhetri_crab_QCD_Pt300toInf_EM_v2', u'None', u'None', u'SUBMITTED', u'SUBMIT', u'2021-03-09 11:55:29.259816', u'None', u'2021-03-09 11:56:03.795626', u'None', u'CMSSW_10_6_8', u'slc7_amd64_gcc700', u'/QCD_Pt-300toInf_EMEnriched_TuneCP5_13TeV_pythia8/RunIISummer19UL17NanoAODv2-106X_mc2017_realistic_v8-v1/NANOAODSIM', u'F', u'0', u'[]', u'[]', u'FileBased', u"{'splitOnRun': False, 'halt_job_on_file_boundaries': False, 'files_per_job': 1, 'runs': [], 'lumis': []}", u'db34ebad3d4b9da4ae9c866827f2ee5a2e927bca2b5d12de79379f506faf14a9.tar.gz', u'https://cmsweb.cern.ch:8443/crabcache', u'achhetri', u'/DC=ch/DC=cern/OU=Organic Units/OU=Users/CN=achhetri/CN=804540/CN=Arjun Chhetri', u'cms', u'None', u'None', u'QCD_Pt300toInf_EM_v2-00000000000000000000000000000000', u'F', u'T3_CH_CERNBOX', u'https://cmsweb.cern.ch/dbs/prod/global/DBSReader', u'https://cmsweb.cern.ch/dbs/prod/phys03/DBSWriter', u'F', u'[]', u'[]', u"['tree.root']", u'Analysis', u'pythia', u'None', u'{}', u'[]', u'T', u'crab-prod-tw01', u'[]', u'1250', u'1', u'2000', u'10', u"['/QCD_Pt-300toInf_EMEnriched_TuneCP5_13TeV_pythia8/achhetri-QCD_Pt300toInf_EM_v2-5d8f93ee2ba2db6b402c7167473e2950/USER']", u'[]', u'http://vocms0107.cern.ch/mon/cms341/210309_115529:achhetri_crab_QCD_Pt300toInf_EM_v2', u'crab_script_Tprime.sh', u'[]', u'[]', u'https://cmsweb.cern.ch/crabserver/prod', u'cmsgwms-collector-global.cern.ch:9620,cmsgwms-collector-global.fnal.gov', u'crab3@vocms0107.cern.ch', u'F', u'[]', u'T', u'/store/user/achhetri/Tprime_v5_NANo_AOD_106X', u'F', u'None', u'F', u'None', u'QCD_Pt-300toInf_EMEnriched_TuneCP5_13TeV_pythia8', u'None', u'1036fdad7985928948d571a98e5f5075d2b621fa8f65d5cefee68dc906d1b960.tar.gz', u'65185560', u'filetransfers', u'F', u'188.185.90.95', u'8.0', u'None'], u'desc': {u'columns': [u'tm_taskname', u'tm_activity', u'panda_jobset_id', u'tm_task_status', u'tm_task_command', u'tm_start_time', u'tm_start_injection', u'tm_end_injection', u'tm_task_failure', u'tm_job_sw', u'tm_job_arch', u'tm_input_dataset', u'tm_nonvalid_input_dataset', u'tm_use_parent', u'tm_site_whitelist', u'tm_site_blacklist', u'tm_split_algo', u'tm_split_args', u'tm_user_sandbox', u'tm_cache_url', u'tm_username', u'tm_user_dn', u'tm_user_vo', u'tm_user_role', u'tm_user_group', u'tm_publish_name', u'tm_publish_groupname', u'tm_asyncdest', u'tm_dbs_url', u'tm_publish_dbs_url', u'tm_publication', u'tm_outfiles', u'tm_tfile_outfiles', u'tm_edm_outfiles', u'tm_job_type', u'tm_generator', u'tm_events_per_lumi', u'tm_arguments', u'panda_resubmitted_jobs', u'tm_save_logs', u'tw_name', u'tm_user_infiles', u'tm_maxjobruntime', u'tm_numcores', u'tm_maxmemory', u'tm_priority', u'tm_output_dataset', u'tm_task_warnings', u'tm_user_webdir', u'tm_scriptexe', u'tm_scriptargs', u'tm_extrajdl', u'tm_asourl', u'tm_collector', u'tm_schedd', u'tm_dry_run', u'tm_user_files', u'tm_transfer_outputs', u'tm_output_lfn', u'tm_ignore_locality', u'tm_fail_limit', u'tm_one_event_mode', u'tm_secondary_input_dataset', u'tm_primary_dataset', u'tm_last_publication', u'tm_debug_files', u'clusterid', u'tm_asodb', u'tm_ignore_global_blacklist', u'tm_submitter_ip_addr', u'tm_totalunits', u'tm_ddm_reqid']}}
INFO 2021-03-09 16:10:06.052 UTC: 	 CRAB project directory:		/afs/cern.ch/work/a/achhetri/NANO_AOD/CMSSW_10_6_8/src/WTopScalefactorProducer/Skimmer/NANOcrab/crab_Tprime_v5_NANo_AOD_106X/crab_QCD_Pt300toInf_EM_v2
INFO 2021-03-09 16:10:06.052 UTC: 	 Task name:			210309_115529:achhetri_crab_QCD_Pt300toInf_EM_v2
INFO 2021-03-09 16:10:06.052 UTC: 	 Grid scheduler - Task Worker:	crab3@vocms0107.cern.ch - crab-prod-tw01
INFO 2021-03-09 16:10:06.052 UTC: 	 Status on the CRAB server:	SUBMITTED
INFO 2021-03-09 16:10:06.052 UTC: 	 Task URL to use for HELP:	https://cmsweb-k8s-prod.cern.ch/crabserver/ui/task/210309_115529%3Aachhetri_crab_QCD_Pt300toInf_EM_v2
INFO 2021-03-09 16:10:06.054 UTC: 	 Dashboard monitoring URL:	https://monit-grafana.cern.ch/d/cmsTMDetail/cms-task-monitoring-task-view?orgId=11&var-user=achhetri&var-task=210309_115529%3Aachhetri_crab_QCD_Pt300toInf_EM_v2&from=1615287329000&to=now
INFO 2021-03-09 16:10:06.054 UTC: 	 In case of issues with the dashboard, please provide feedback to hn-cms-computing-tools@cern.ch
DEBUG 2021-03-09 16:10:06.054 UTC: 	 The CRAB server submitted your task to the Grid scheduler (cluster ID: 65185560)
DEBUG 2021-03-09 16:10:06.054 UTC: 	 Webdir is located at http://vocms0107.cern.ch/mon/cms341/210309_115529:achhetri_crab_QCD_Pt300toInf_EM_v2
DEBUG 2021-03-09 16:10:06.170 UTC: 	 Proxied webdir is located at https://cmsweb.cern.ch:8443/scheddmon/0107/cms341/210309_115529:achhetri_crab_QCD_Pt300toInf_EM_v2
DEBUG 2021-03-09 16:10:06.170 UTC: 	 Retrieving 'status_cache' file from https://cmsweb.cern.ch:8443/scheddmon/0107/cms341/210309_115529:achhetri_crab_QCD_Pt300toInf_EM_v2/status_cache
DEBUG 2021-03-09 16:10:06.204 UTC: 	 Got information from status cache file: {'1': {'Retries': 0, 'WallDurations': [170.0, 244.7212131023407, 244.7212131023407], 'StartTimes': [1615291100.0], 'SubmitTimes': [1615290973.0], 'JobIds': ['65185562.0'], 'EndTimes': [1615291270.0], 'Restarts': 0, 'RecordedSite': True, 'State': 'finished', 'ResidentSetSize': [2812], 'TotalUserCpuTimeHistory': [79], 'SiteHistory': ['Unknown', 'T2_CH_CERN', 'T2_CH_CERN'], 'TotalSysCpuTimeHistory': [4]}, '3': {'Retries': 0, 'WallDurations': [11.0, 215.7212131023407, 2339.0], 'StartTimes': [1615291129.0], 'SubmitTimes': [1615290973.0], 'JobIds': ['65185564.0'], 'EndTimes': [1615293468.0], 'Restarts': 0, 'RecordedSite': True, 'State': 'finished', 'ResidentSetSize': [611196], 'TotalUserCpuTimeHistory': [1783], 'SiteHistory': ['Unknown', 'T1_US_FNAL', 'T1_US_FNAL'], 'TotalSysCpuTimeHistory': [185]}, '2': {'Retries': 0, 'WallDurations': [9.0, 245.7212131023407, 595.0], 'StartTimes': [1615291099.0], 'SubmitTimes': [1615290973.0], 'JobIds': ['65185563.0'], 'EndTimes': [1615291694.0], 'Restarts': 0, 'RecordedSite': True, 'State': 'finished', 'ResidentSetSize': [513360], 'TotalUserCpuTimeHistory': [378], 'SiteHistory': ['Unknown', 'T2_CH_CERN', 'T2_CH_CERN'], 'TotalSysCpuTimeHistory': [25]}, '5': {'Retries': 0, 'WallDurations': [9.0, 246.7212131023407, 2226.0], 'StartTimes': [1615291098.0], 'SubmitTimes': [1615290973.0], 'JobIds': ['65185566.0'], 'EndTimes': [1615293324.0], 'Restarts': 0, 'RecordedSite': True, 'State': 'finished', 'ResidentSetSize': [859404], 'TotalUserCpuTimeHistory': [1723], 'SiteHistory': ['Unknown', 'T2_CH_CERN', 'T2_CH_CERN'], 'TotalSysCpuTimeHistory': [69]}, '4': {'Retries': 0, 'WallDurations': [10.0, 217.7212131023407, 766.0], 'StartTimes': [1615291127.0], 'SubmitTimes': [1615290973.0], 'JobIds': ['65185565.0'], 'EndTimes': [1615291893.0], 'Restarts': 0, 'RecordedSite': True, 'State': 'finished', 'ResidentSetSize': [473332], 'TotalUserCpuTimeHistory': [627], 'SiteHistory': ['Unknown', 'T1_US_FNAL', 'T1_US_FNAL'], 'TotalSysCpuTimeHistory': [70]}, '7': {'Retries': 0, 'WallDurations': [8.0, 245.7212131023407, 1078.0], 'StartTimes': [1615291099.0], 'SubmitTimes': [1615290973.0], 'JobIds': ['65185568.0'], 'EndTimes': [1615292177.0], 'Restarts': 0, 'RecordedSite': True, 'State': 'finished', 'ResidentSetSize': [522132], 'TotalUserCpuTimeHistory': [895], 'SiteHistory': ['Unknown', 'T2_CH_CERN', 'T2_CH_CERN'], 'TotalSysCpuTimeHistory': [48]}, '6': {'Retries': 0, 'WallDurations': [9.0, 220.7212131023407, 3952.0], 'StartTimes': [1615291124.0], 'SubmitTimes': [1615290973.0], 'JobIds': ['65185567.0'], 'EndTimes': [1615295076.0], 'Restarts': 0, 'RecordedSite': True, 'State': 'finished', 'ResidentSetSize': [566512], 'TotalUserCpuTimeHistory': [240], 'SiteHistory': ['Unknown', 'T1_UK_RAL', 'T1_UK_RAL'], 'TotalSysCpuTimeHistory': [39]}, '8': {'Retries': 0, 'WallDurations': [94.0, 245.7212131023407, 245.7212131023407], 'StartTimes': [1615291099.0], 'SubmitTimes': [1615290974.0], 'JobIds': ['65185569.0'], 'EndTimes': [1615291193.0], 'Restarts': 0, 'RecordedSite': True, 'State': 'finished', 'ResidentSetSize': [36480], 'TotalUserCpuTimeHistory': [28], 'SiteHistory': ['Unknown', 'T2_CH_CERN', 'T2_CH_CERN'], 'TotalSysCpuTimeHistory': [2]}}
INFO 2021-03-09 16:10:06.204 UTC: 	 Status on the scheduler:	COMPLETED
INFO 2021-03-09 16:10:06.204 UTC: 	 
Jobs status:                    finished     		100.0% (8/8)
INFO 2021-03-09 16:10:06.205 UTC: 	 
No publication information (publication has been disabled in the CRAB configuration file)
INFO 2021-03-09 16:10:06.205 UTC: 	 
Warning: the max jobs runtime is less than 30% of the task requested value (1250 min), please consider to request a lower value for failed jobs (allowed through crab resubmit) and/or improve the jobs splitting (e.g. config.Data.splitting = 'Automatic') in a new task.
INFO 2021-03-09 16:10:06.205 UTC: 	 
Summary of run jobs:
 * Memory: 2MB min, 839MB max, 438MB ave
 * Runtime: 0:04:04 min, 1:05:52 max, 0:23:50 ave
 * CPU eff: 7% min, 91% max, 54% ave
 * Waste: 0:36:42 (16% of total)

INFO 2021-03-09 16:10:06.223 UTC: 	 Log file is /afs/cern.ch/work/a/achhetri/NANO_AOD/CMSSW_10_6_8/src/WTopScalefactorProducer/Skimmer/NANOcrab/crab_Tprime_v5_NANo_AOD_106X/crab_QCD_Pt300toInf_EM_v2/crab.log
DEBUG 2021-03-10 12:02:15.925 UTC: 	 CRAB Client version: v3.201110
DEBUG 2021-03-10 12:02:15.926 UTC: 	 Running on: Linux lxplus719.cern.ch 3.10.0-1160.15.2.el7.x86_64 #1 SMP Wed Feb 3 15:06:38 UTC 2021 x86_64 x86_64 x86_64 GNU/Linux - CentOS Linux 7 (Core)
DEBUG 2021-03-10 12:02:15.926 UTC: 	 Executing command: 'status'
DEBUG 2021-03-10 12:02:15.927 UTC: 	 Found CRAB cache file /afs/cern.ch/user/a/achhetri/.crab3
DEBUG 2021-03-10 12:02:16.274 UTC: 	 Checking credentials
DEBUG 2021-03-10 12:02:16.275 UTC: 	 Found proxy file /afs/cern.ch/user/a/achhetri/x509up_u94350
DEBUG 2021-03-10 12:02:16.275 UTC: 	 Getting proxy life time left
DEBUG 2021-03-10 12:02:16.880 UTC: 	 Executing : 
 command : voms-proxy-info -file /afs/cern.ch/user/a/achhetri/x509up_u94350 -timeleft
 output : 691067

 error: 
 retcode : 0
DEBUG 2021-03-10 12:02:17.489 UTC: 	 Executing : 
 command : voms-proxy-info -file /afs/cern.ch/user/a/achhetri/x509up_u94350 -actimeleft
 output : 691065

 error: 
 retcode : 0
DEBUG 2021-03-10 12:02:17.489 UTC: 	 Proxy lifetime 691067 secs is different from voms extension lifetime 691065 secs for proxy: /afs/cern.ch/user/a/achhetri/x509up_u94350
DEBUG 2021-03-10 12:02:17.489 UTC: 	 Proxy valid for 191:57:45 hours
DEBUG 2021-03-10 12:02:17.573 UTC: 	 Registering user credentials for server /DC=ch/DC=cern/OU=computers/CN=vocms0105.cern.ch|/DC=ch/DC=cern/OU=computers/CN=crab-(preprod|prod|dev)-tw(02|01).cern.ch|/DC=ch/DC=cern/OU=computers/CN=(ddi|ddidk|mytw).cern.ch|/DC=ch/DC=cern/OU=computers/CN=stefanov(m|m2).cern.ch
DEBUG 2021-03-10 12:02:18.186 UTC: 	 Executing : 
 command : voms-proxy-info -file /afs/cern.ch/user/a/achhetri/x509up_u94350 -identity
 output : /DC=ch/DC=cern/OU=Organic Units/OU=Users/CN=achhetri/CN=804540/CN=Arjun Chhetri

 error: 
 retcode : 0
DEBUG 2021-03-10 12:02:18.192 UTC: 	 Getting myproxy life time left for myproxy.cern.ch
DEBUG 2021-03-10 12:02:18.192 UTC: 	 using eb0e67adc2dd9eb1770413a4ffd073f562b86f05 as credential login name
DEBUG 2021-03-10 12:02:18.496 UTC: 	 Executing : 
 command : myproxy-info -l eb0e67adc2dd9eb1770413a4ffd073f562b86f05 -s myproxy.cern.ch
 output : username: eb0e67adc2dd9eb1770413a4ffd073f562b86f05
owner: /DC=ch/DC=cern/OU=Organic Units/OU=Users/CN=achhetri/CN=804540/CN=Arjun Chhetri
  renewal policy: /DC=ch/DC=cern/OU=computers/CN=vocms0105.cern.ch|/DC=ch/DC=cern/OU=computers/CN=crab-(preprod|prod|dev)-tw(02|01).cern.ch|/DC=ch/DC=cern/OU=computers/CN=(ddi|ddidk|mytw).cern.ch|/DC=ch/DC=cern/OU=computers/CN=stefanov(m|m2).cern.ch
  trusted retrieval policy: /DC=ch/DC=cern/OU=computers/CN=vocms0105.cern.ch|/DC=ch/DC=cern/OU=computers/CN=crab-(preprod|prod|dev)-tw(02|01).cern.ch|/DC=ch/DC=cern/OU=computers/CN=(ddi|ddidk|mytw).cern.ch|/DC=ch/DC=cern/OU=computers/CN=stefanov(m|m2).cern.ch
  timeleft: 695:51:51  (29.0 days)

 error: 
 retcode : 0
DEBUG 2021-03-10 12:02:18.497 UTC: 	 Myproxy is valid: 2505111
DEBUG 2021-03-10 12:02:18.497 UTC: 	 Retrieving username ...
DEBUG 2021-03-10 12:02:18.497 UTC: 	 Retrieving username from CRIC...
DEBUG 2021-03-10 12:02:19.195 UTC: 	 username is achhetri
DEBUG 2021-03-10 12:02:19.201 UTC: 	 Getting myproxy life time left for myproxy.cern.ch
DEBUG 2021-03-10 12:02:19.202 UTC: 	 using achhetri_CRAB as credential login name
DEBUG 2021-03-10 12:02:19.405 UTC: 	 Executing : 
 command : myproxy-info -l achhetri_CRAB -s myproxy.cern.ch
 output : username: achhetri_CRAB
owner: /DC=ch/DC=cern/OU=Organic Units/OU=Users/CN=achhetri/CN=804540/CN=Arjun Chhetri
  renewal policy: /DC=ch/DC=cern/OU=computers/CN=vocms0105.cern.ch|/DC=ch/DC=cern/OU=computers/CN=crab-(preprod|prod|dev)-tw(02|01).cern.ch|/DC=ch/DC=cern/OU=computers/CN=(ddi|ddidk|mytw).cern.ch|/DC=ch/DC=cern/OU=computers/CN=stefanov(m|m2).cern.ch
  trusted retrieval policy: /DC=ch/DC=cern/OU=computers/CN=vocms0105.cern.ch|/DC=ch/DC=cern/OU=computers/CN=crab-(preprod|prod|dev)-tw(02|01).cern.ch|/DC=ch/DC=cern/OU=computers/CN=(ddi|ddidk|mytw).cern.ch|/DC=ch/DC=cern/OU=computers/CN=stefanov(m|m2).cern.ch
  timeleft: 332:49:21  (13.9 days)

 error: 
 retcode : 0
DEBUG 2021-03-10 12:02:19.406 UTC: 	 Myproxy is valid: 1198161
DEBUG 2021-03-10 12:02:19.510 UTC: 	 Executing : 
 command : openssl x509 -noout -in ~/.globus/usercert.pem -dates
 output : notBefore=Nov 11 12:18:59 2020 GMT
notAfter=Dec 16 12:18:59 2021 GMT

 error: 
 retcode : 0
DEBUG 2021-03-10 12:02:19.517 UTC: 	 Delegating a myproxy for 720:00 hours
DEBUG 2021-03-10 12:02:19.518 UTC: 	 using achhetri_CRAB as credential login name
DEBUG 2021-03-10 12:02:19.621 UTC: 	 Executing : 
 command : export GT_PROXY_MODE=rfc ; myproxy-init -d -n -s myproxy.cern.ch -x -R '/DC=ch/DC=cern/OU=computers/CN=vocms0105.cern.ch|/DC=ch/DC=cern/OU=computers/CN=crab-(preprod|prod|dev)-tw(02|01).cern.ch|/DC=ch/DC=cern/OU=computers/CN=(ddi|ddidk|mytw).cern.ch|/DC=ch/DC=cern/OU=computers/CN=stefanov(m|m2).cern.ch' -x -Z '/DC=ch/DC=cern/OU=computers/CN=vocms0105.cern.ch|/DC=ch/DC=cern/OU=computers/CN=crab-(preprod|prod|dev)-tw(02|01).cern.ch|/DC=ch/DC=cern/OU=computers/CN=(ddi|ddidk|mytw).cern.ch|/DC=ch/DC=cern/OU=computers/CN=stefanov(m|m2).cern.ch' -l 'achhetri_CRAB' -t 168:00 -c 720:00
 output : Your identity: /DC=ch/DC=cern/OU=Organic Units/OU=Users/CN=achhetri/CN=804540/CN=Arjun Chhetri

 error: Error: Couldn't read user key in /afs/cern.ch/user/a/achhetri/.globus/userkey.pem.
Use -debug for further information.
grid-proxy-init failed

 retcode : 1
DEBUG 2021-03-10 12:02:19.622 UTC: 	 using achhetri_CRAB as credential login name
DEBUG 2021-03-10 12:02:19.826 UTC: 	 Executing : 
 command : myproxy-info -l achhetri_CRAB -s myproxy.cern.ch
 output : username: achhetri_CRAB
owner: /DC=ch/DC=cern/OU=Organic Units/OU=Users/CN=achhetri/CN=804540/CN=Arjun Chhetri
  renewal policy: /DC=ch/DC=cern/OU=computers/CN=vocms0105.cern.ch|/DC=ch/DC=cern/OU=computers/CN=crab-(preprod|prod|dev)-tw(02|01).cern.ch|/DC=ch/DC=cern/OU=computers/CN=(ddi|ddidk|mytw).cern.ch|/DC=ch/DC=cern/OU=computers/CN=stefanov(m|m2).cern.ch
  trusted retrieval policy: /DC=ch/DC=cern/OU=computers/CN=vocms0105.cern.ch|/DC=ch/DC=cern/OU=computers/CN=crab-(preprod|prod|dev)-tw(02|01).cern.ch|/DC=ch/DC=cern/OU=computers/CN=(ddi|ddidk|mytw).cern.ch|/DC=ch/DC=cern/OU=computers/CN=stefanov(m|m2).cern.ch
  timeleft: 332:49:21  (13.9 days)

 error: 
 retcode : 0
DEBUG 2021-03-10 12:02:19.826 UTC: 	 My-proxy delegated.
DEBUG 2021-03-10 12:02:19.827 UTC: 	 Result of myproxy credential check:
  Credential exists on myproxy: username: eb0e67adc2dd9eb1770413a4ffd073f562b86f05  - validity: 28 days, 23:51:51
  Credential exists on myproxy: username: achhetri_CRAB  - validity: 13 days, 20:49:21
DEBUG 2021-03-10 12:02:19.827 UTC: 	 Command use: status
DEBUG 2021-03-10 12:02:19.827 UTC: 	 Options use: ['-d', 'crab_QCD_Pt300toInf_EM_v2']
DEBUG 2021-03-10 12:02:19.933 UTC: 	 CRABClient version: v3.201110
DEBUG 2021-03-10 12:02:19.933 UTC: 	 Instance is prod
DEBUG 2021-03-10 12:02:19.933 UTC: 	 Server base url is cmsweb-k8s-prod.cern.ch
DEBUG 2021-03-10 12:02:19.933 UTC: 	 Command url /crabserver/prod/workflow
DEBUG 2021-03-10 12:02:19.990 UTC: 	 Got information from server oracle database: {u'result': [u'210309_115529:achhetri_crab_QCD_Pt300toInf_EM_v2', u'None', u'None', u'SUBMITTED', u'SUBMIT', u'2021-03-09 11:55:29.259816', u'None', u'2021-03-09 11:56:03.795626', u'None', u'CMSSW_10_6_8', u'slc7_amd64_gcc700', u'/QCD_Pt-300toInf_EMEnriched_TuneCP5_13TeV_pythia8/RunIISummer19UL17NanoAODv2-106X_mc2017_realistic_v8-v1/NANOAODSIM', u'F', u'0', u'[]', u'[]', u'FileBased', u"{'splitOnRun': False, 'halt_job_on_file_boundaries': False, 'files_per_job': 1, 'runs': [], 'lumis': []}", u'db34ebad3d4b9da4ae9c866827f2ee5a2e927bca2b5d12de79379f506faf14a9.tar.gz', u'https://cmsweb.cern.ch:8443/crabcache', u'achhetri', u'/DC=ch/DC=cern/OU=Organic Units/OU=Users/CN=achhetri/CN=804540/CN=Arjun Chhetri', u'cms', u'None', u'None', u'QCD_Pt300toInf_EM_v2-00000000000000000000000000000000', u'F', u'T3_CH_CERNBOX', u'https://cmsweb.cern.ch/dbs/prod/global/DBSReader', u'https://cmsweb.cern.ch/dbs/prod/phys03/DBSWriter', u'F', u'[]', u'[]', u"['tree.root']", u'Analysis', u'pythia', u'None', u'{}', u'[]', u'T', u'crab-prod-tw01', u'[]', u'1250', u'1', u'2000', u'10', u"['/QCD_Pt-300toInf_EMEnriched_TuneCP5_13TeV_pythia8/achhetri-QCD_Pt300toInf_EM_v2-5d8f93ee2ba2db6b402c7167473e2950/USER']", u'[]', u'http://vocms0107.cern.ch/mon/cms341/210309_115529:achhetri_crab_QCD_Pt300toInf_EM_v2', u'crab_script_Tprime.sh', u'[]', u'[]', u'https://cmsweb.cern.ch/crabserver/prod', u'cmsgwms-collector-global.cern.ch:9620,cmsgwms-collector-global.fnal.gov', u'crab3@vocms0107.cern.ch', u'F', u'[]', u'T', u'/store/user/achhetri/Tprime_v5_NANo_AOD_106X', u'F', u'None', u'F', u'None', u'QCD_Pt-300toInf_EMEnriched_TuneCP5_13TeV_pythia8', u'None', u'1036fdad7985928948d571a98e5f5075d2b621fa8f65d5cefee68dc906d1b960.tar.gz', u'65185560', u'filetransfers', u'F', u'188.185.90.95', u'8.0', u'None'], u'desc': {u'columns': [u'tm_taskname', u'tm_activity', u'panda_jobset_id', u'tm_task_status', u'tm_task_command', u'tm_start_time', u'tm_start_injection', u'tm_end_injection', u'tm_task_failure', u'tm_job_sw', u'tm_job_arch', u'tm_input_dataset', u'tm_nonvalid_input_dataset', u'tm_use_parent', u'tm_site_whitelist', u'tm_site_blacklist', u'tm_split_algo', u'tm_split_args', u'tm_user_sandbox', u'tm_cache_url', u'tm_username', u'tm_user_dn', u'tm_user_vo', u'tm_user_role', u'tm_user_group', u'tm_publish_name', u'tm_publish_groupname', u'tm_asyncdest', u'tm_dbs_url', u'tm_publish_dbs_url', u'tm_publication', u'tm_outfiles', u'tm_tfile_outfiles', u'tm_edm_outfiles', u'tm_job_type', u'tm_generator', u'tm_events_per_lumi', u'tm_arguments', u'panda_resubmitted_jobs', u'tm_save_logs', u'tw_name', u'tm_user_infiles', u'tm_maxjobruntime', u'tm_numcores', u'tm_maxmemory', u'tm_priority', u'tm_output_dataset', u'tm_task_warnings', u'tm_user_webdir', u'tm_scriptexe', u'tm_scriptargs', u'tm_extrajdl', u'tm_asourl', u'tm_collector', u'tm_schedd', u'tm_dry_run', u'tm_user_files', u'tm_transfer_outputs', u'tm_output_lfn', u'tm_ignore_locality', u'tm_fail_limit', u'tm_one_event_mode', u'tm_secondary_input_dataset', u'tm_primary_dataset', u'tm_last_publication', u'tm_debug_files', u'clusterid', u'tm_asodb', u'tm_ignore_global_blacklist', u'tm_submitter_ip_addr', u'tm_totalunits', u'tm_ddm_reqid']}}
INFO 2021-03-10 12:02:19.990 UTC: 	 CRAB project directory:		/afs/cern.ch/work/a/achhetri/NANO_AOD/CMSSW_10_6_8/src/WTopScalefactorProducer/Skimmer/NANOcrab/crab_Tprime_v5_NANo_AOD_106X/crab_QCD_Pt300toInf_EM_v2
INFO 2021-03-10 12:02:19.990 UTC: 	 Task name:			210309_115529:achhetri_crab_QCD_Pt300toInf_EM_v2
INFO 2021-03-10 12:02:19.990 UTC: 	 Grid scheduler - Task Worker:	crab3@vocms0107.cern.ch - crab-prod-tw01
INFO 2021-03-10 12:02:19.990 UTC: 	 Status on the CRAB server:	SUBMITTED
INFO 2021-03-10 12:02:19.990 UTC: 	 Task URL to use for HELP:	https://cmsweb-k8s-prod.cern.ch/crabserver/ui/task/210309_115529%3Aachhetri_crab_QCD_Pt300toInf_EM_v2
INFO 2021-03-10 12:02:19.991 UTC: 	 Dashboard monitoring URL:	https://monit-grafana.cern.ch/d/cmsTMDetail/cms-task-monitoring-task-view?orgId=11&var-user=achhetri&var-task=210309_115529%3Aachhetri_crab_QCD_Pt300toInf_EM_v2&from=1615287329000&to=now
INFO 2021-03-10 12:02:19.991 UTC: 	 In case of issues with the dashboard, please provide feedback to hn-cms-computing-tools@cern.ch
DEBUG 2021-03-10 12:02:19.991 UTC: 	 The CRAB server submitted your task to the Grid scheduler (cluster ID: 65185560)
DEBUG 2021-03-10 12:02:19.992 UTC: 	 Webdir is located at http://vocms0107.cern.ch/mon/cms341/210309_115529:achhetri_crab_QCD_Pt300toInf_EM_v2
DEBUG 2021-03-10 12:02:20.103 UTC: 	 Proxied webdir is located at https://cmsweb.cern.ch:8443/scheddmon/0107/cms341/210309_115529:achhetri_crab_QCD_Pt300toInf_EM_v2
DEBUG 2021-03-10 12:02:20.103 UTC: 	 Retrieving 'status_cache' file from https://cmsweb.cern.ch:8443/scheddmon/0107/cms341/210309_115529:achhetri_crab_QCD_Pt300toInf_EM_v2/status_cache
DEBUG 2021-03-10 12:02:20.154 UTC: 	 Got information from status cache file: {'1': {'Retries': 0, 'WallDurations': [170.0, 244.7212131023407, 244.7212131023407], 'StartTimes': [1615291100.0], 'SubmitTimes': [1615290973.0], 'JobIds': ['65185562.0'], 'EndTimes': [1615291270.0], 'Restarts': 0, 'RecordedSite': True, 'State': 'finished', 'ResidentSetSize': [2812], 'TotalUserCpuTimeHistory': [79], 'SiteHistory': ['Unknown', 'T2_CH_CERN', 'T2_CH_CERN'], 'TotalSysCpuTimeHistory': [4]}, '3': {'Retries': 0, 'WallDurations': [11.0, 215.7212131023407, 2339.0], 'StartTimes': [1615291129.0], 'SubmitTimes': [1615290973.0], 'JobIds': ['65185564.0'], 'EndTimes': [1615293468.0], 'Restarts': 0, 'RecordedSite': True, 'State': 'finished', 'ResidentSetSize': [611196], 'TotalUserCpuTimeHistory': [1783], 'SiteHistory': ['Unknown', 'T1_US_FNAL', 'T1_US_FNAL'], 'TotalSysCpuTimeHistory': [185]}, '2': {'Retries': 0, 'WallDurations': [9.0, 245.7212131023407, 595.0], 'StartTimes': [1615291099.0], 'SubmitTimes': [1615290973.0], 'JobIds': ['65185563.0'], 'EndTimes': [1615291694.0], 'Restarts': 0, 'RecordedSite': True, 'State': 'finished', 'ResidentSetSize': [513360], 'TotalUserCpuTimeHistory': [378], 'SiteHistory': ['Unknown', 'T2_CH_CERN', 'T2_CH_CERN'], 'TotalSysCpuTimeHistory': [25]}, '5': {'Retries': 0, 'WallDurations': [9.0, 246.7212131023407, 2226.0], 'StartTimes': [1615291098.0], 'SubmitTimes': [1615290973.0], 'JobIds': ['65185566.0'], 'EndTimes': [1615293324.0], 'Restarts': 0, 'RecordedSite': True, 'State': 'finished', 'ResidentSetSize': [859404], 'TotalUserCpuTimeHistory': [1723], 'SiteHistory': ['Unknown', 'T2_CH_CERN', 'T2_CH_CERN'], 'TotalSysCpuTimeHistory': [69]}, '4': {'Retries': 0, 'WallDurations': [10.0, 217.7212131023407, 766.0], 'StartTimes': [1615291127.0], 'SubmitTimes': [1615290973.0], 'JobIds': ['65185565.0'], 'EndTimes': [1615291893.0], 'Restarts': 0, 'RecordedSite': True, 'State': 'finished', 'ResidentSetSize': [473332], 'TotalUserCpuTimeHistory': [627], 'SiteHistory': ['Unknown', 'T1_US_FNAL', 'T1_US_FNAL'], 'TotalSysCpuTimeHistory': [70]}, '7': {'Retries': 0, 'WallDurations': [8.0, 245.7212131023407, 1078.0], 'StartTimes': [1615291099.0], 'SubmitTimes': [1615290973.0], 'JobIds': ['65185568.0'], 'EndTimes': [1615292177.0], 'Restarts': 0, 'RecordedSite': True, 'State': 'finished', 'ResidentSetSize': [522132], 'TotalUserCpuTimeHistory': [895], 'SiteHistory': ['Unknown', 'T2_CH_CERN', 'T2_CH_CERN'], 'TotalSysCpuTimeHistory': [48]}, '6': {'Retries': 0, 'WallDurations': [9.0, 220.7212131023407, 3952.0], 'StartTimes': [1615291124.0], 'SubmitTimes': [1615290973.0], 'JobIds': ['65185567.0'], 'EndTimes': [1615295076.0], 'Restarts': 0, 'RecordedSite': True, 'State': 'finished', 'ResidentSetSize': [566512], 'TotalUserCpuTimeHistory': [240], 'SiteHistory': ['Unknown', 'T1_UK_RAL', 'T1_UK_RAL'], 'TotalSysCpuTimeHistory': [39]}, '8': {'Retries': 0, 'WallDurations': [94.0, 245.7212131023407, 245.7212131023407], 'StartTimes': [1615291099.0], 'SubmitTimes': [1615290974.0], 'JobIds': ['65185569.0'], 'EndTimes': [1615291193.0], 'Restarts': 0, 'RecordedSite': True, 'State': 'finished', 'ResidentSetSize': [36480], 'TotalUserCpuTimeHistory': [28], 'SiteHistory': ['Unknown', 'T2_CH_CERN', 'T2_CH_CERN'], 'TotalSysCpuTimeHistory': [2]}}
INFO 2021-03-10 12:02:20.154 UTC: 	 Status on the scheduler:	COMPLETED
INFO 2021-03-10 12:02:20.154 UTC: 	 
Jobs status:                    finished     		100.0% (8/8)
INFO 2021-03-10 12:02:20.154 UTC: 	 
No publication information (publication has been disabled in the CRAB configuration file)
INFO 2021-03-10 12:02:20.154 UTC: 	 
Warning: the max jobs runtime is less than 30% of the task requested value (1250 min), please consider to request a lower value for failed jobs (allowed through crab resubmit) and/or improve the jobs splitting (e.g. config.Data.splitting = 'Automatic') in a new task.
INFO 2021-03-10 12:02:20.154 UTC: 	 
Summary of run jobs:
 * Memory: 2MB min, 839MB max, 438MB ave
 * Runtime: 0:04:04 min, 1:05:52 max, 0:23:50 ave
 * CPU eff: 7% min, 91% max, 54% ave
 * Waste: 0:36:42 (16% of total)

INFO 2021-03-10 12:02:20.409 UTC: 	 Log file is /afs/cern.ch/work/a/achhetri/NANO_AOD/CMSSW_10_6_8/src/WTopScalefactorProducer/Skimmer/NANOcrab/crab_Tprime_v5_NANo_AOD_106X/crab_QCD_Pt300toInf_EM_v2/crab.log
DEBUG 2021-03-26 10:45:49.621 UTC: 	 CRAB Client version: v3.210127
DEBUG 2021-03-26 10:45:49.621 UTC: 	 Running on: Linux lxplus775.cern.ch 3.10.0-1160.15.2.el7.x86_64 #1 SMP Wed Feb 3 15:06:38 UTC 2021 x86_64 x86_64 x86_64 GNU/Linux - CentOS Linux 7 (Core)
DEBUG 2021-03-26 10:45:49.621 UTC: 	 Executing command: 'status'
DEBUG 2021-03-26 10:45:49.621 UTC: 	 Found CRAB cache file /afs/cern.ch/user/a/achhetri/.crab3
DEBUG 2021-03-26 10:45:49.720 UTC: 	 Checking credentials
DEBUG 2021-03-26 10:45:49.720 UTC: 	 Found proxy file /afs/cern.ch/user/a/achhetri/x509up_u94350
DEBUG 2021-03-26 10:45:49.720 UTC: 	 Getting proxy life time left
DEBUG 2021-03-26 10:45:50.425 UTC: 	 Executing : 
 command : voms-proxy-info -file /afs/cern.ch/user/a/achhetri/x509up_u94350 -timeleft
 output : 679390

 error: 
 retcode : 0
DEBUG 2021-03-26 10:45:51.030 UTC: 	 Executing : 
 command : voms-proxy-info -file /afs/cern.ch/user/a/achhetri/x509up_u94350 -actimeleft
 output : 679390

 error: 
 retcode : 0
DEBUG 2021-03-26 10:45:51.031 UTC: 	 Proxy valid for 188:43:10 hours
DEBUG 2021-03-26 10:45:51.145 UTC: 	 Registering user credentials for server /DC=ch/DC=cern/OU=computers/CN=vocms0105.cern.ch|/DC=ch/DC=cern/OU=computers/CN=crab-(preprod|prod|dev)-tw(02|01).cern.ch|/DC=ch/DC=cern/OU=computers/CN=(ddi|ddidk|mytw).cern.ch|/DC=ch/DC=cern/OU=computers/CN=stefanov(m|m2).cern.ch
DEBUG 2021-03-26 10:45:51.757 UTC: 	 Executing : 
 command : voms-proxy-info -file /afs/cern.ch/user/a/achhetri/x509up_u94350 -identity
 output : /DC=ch/DC=cern/OU=Organic Units/OU=Users/CN=achhetri/CN=804540/CN=Arjun Chhetri

 error: 
 retcode : 0
DEBUG 2021-03-26 10:45:51.768 UTC: 	 Getting myproxy life time left for myproxy.cern.ch
DEBUG 2021-03-26 10:45:51.768 UTC: 	 using eb0e67adc2dd9eb1770413a4ffd073f562b86f05 as credential login name
DEBUG 2021-03-26 10:45:52.176 UTC: 	 Executing : 
 command : myproxy-info -l eb0e67adc2dd9eb1770413a4ffd073f562b86f05 -s myproxy.cern.ch
 output : username: eb0e67adc2dd9eb1770413a4ffd073f562b86f05
owner: /DC=ch/DC=cern/OU=Organic Units/OU=Users/CN=achhetri/CN=804540/CN=Arjun Chhetri
  renewal policy: /DC=ch/DC=cern/OU=computers/CN=vocms0105.cern.ch|/DC=ch/DC=cern/OU=computers/CN=crab-(preprod|prod|dev)-tw(02|01).cern.ch|/DC=ch/DC=cern/OU=computers/CN=(ddi|ddidk|mytw).cern.ch|/DC=ch/DC=cern/OU=computers/CN=stefanov(m|m2).cern.ch
  trusted retrieval policy: /DC=ch/DC=cern/OU=computers/CN=vocms0105.cern.ch|/DC=ch/DC=cern/OU=computers/CN=crab-(preprod|prod|dev)-tw(02|01).cern.ch|/DC=ch/DC=cern/OU=computers/CN=(ddi|ddidk|mytw).cern.ch|/DC=ch/DC=cern/OU=computers/CN=stefanov(m|m2).cern.ch
  timeleft: 719:55:19  (30.0 days)

 error: 
 retcode : 0
DEBUG 2021-03-26 10:45:52.177 UTC: 	 Myproxy is valid: 2591719
DEBUG 2021-03-26 10:45:52.177 UTC: 	 Retrieving username ...
DEBUG 2021-03-26 10:45:52.177 UTC: 	 Retrieving username from CRIC...
DEBUG 2021-03-26 10:45:52.935 UTC: 	 username is achhetri
DEBUG 2021-03-26 10:45:52.942 UTC: 	 Getting myproxy life time left for myproxy.cern.ch
DEBUG 2021-03-26 10:45:52.942 UTC: 	 using achhetri_CRAB as credential login name
DEBUG 2021-03-26 10:45:53.446 UTC: 	 Executing : 
 command : myproxy-info -l achhetri_CRAB -s myproxy.cern.ch
 output : username: achhetri_CRAB
owner: /DC=ch/DC=cern/OU=Organic Units/OU=Users/CN=achhetri/CN=804540/CN=Arjun Chhetri
  renewal policy: /DC=ch/DC=cern/OU=computers/CN=vocms0105.cern.ch|/DC=ch/DC=cern/OU=computers/CN=crab-(preprod|prod|dev)-tw(02|01).cern.ch|/DC=ch/DC=cern/OU=computers/CN=(ddi|ddidk|mytw).cern.ch|/DC=ch/DC=cern/OU=computers/CN=stefanov(m|m2).cern.ch
  trusted retrieval policy: /DC=ch/DC=cern/OU=computers/CN=vocms0105.cern.ch|/DC=ch/DC=cern/OU=computers/CN=crab-(preprod|prod|dev)-tw(02|01).cern.ch|/DC=ch/DC=cern/OU=computers/CN=(ddi|ddidk|mytw).cern.ch|/DC=ch/DC=cern/OU=computers/CN=stefanov(m|m2).cern.ch
  timeleft: 719:55:26  (30.0 days)

 error: 
 retcode : 0
DEBUG 2021-03-26 10:45:53.446 UTC: 	 Myproxy is valid: 2591726
DEBUG 2021-03-26 10:45:53.447 UTC: 	 Result of myproxy credential check:
  Credential exists on myproxy: username: eb0e67adc2dd9eb1770413a4ffd073f562b86f05  - validity: 29 days, 23:55:19
  Credential exists on myproxy: username: achhetri_CRAB  - validity: 29 days, 23:55:26
DEBUG 2021-03-26 10:45:53.447 UTC: 	 Command use: status
DEBUG 2021-03-26 10:45:53.447 UTC: 	 Options use: ['-d', 'crab_QCD_Pt300toInf_EM_v2']
DEBUG 2021-03-26 10:45:53.555 UTC: 	 CRABClient version: v3.210127
DEBUG 2021-03-26 10:45:53.555 UTC: 	 Instance is prod
DEBUG 2021-03-26 10:45:53.555 UTC: 	 Server base url is cmsweb-k8s-prod.cern.ch
DEBUG 2021-03-26 10:45:53.555 UTC: 	 Command url /crabserver/prod/workflow
DEBUG 2021-03-26 10:46:01.603 UTC: 	 Sleeping 20 seconds after HTTP error. Error details:  {'X-Error-Http': '503', 'Transfer-Encoding': 'chunked', 'X-Rest-Time': '8001365.900 us', 'Server': 'openresty/1.15.8.2', 'Connection': 'close', 'X-Error-Detail': 'Database unavailable', 'X-Rest-Status': '401', 'Date': 'Fri, 26 Mar 2021 10:46:01 GMT', 'Content-Type': 'text/html;charset=utf-8', 'CMS-Server-Time': 'D=8011846 t=1616755553587717', 'X-Error-Id': '196b0a2cb3e4d1aa398943c614e2565b'}
DEBUG 2021-03-26 10:46:21.692 UTC: 	 Got information from server oracle database: {u'result': [u'210309_115529:achhetri_crab_QCD_Pt300toInf_EM_v2', u'None', u'None', u'SUBMITTED', u'SUBMIT', u'2021-03-09 11:55:29.259816', u'None', u'2021-03-09 11:56:03.795626', u'None', u'CMSSW_10_6_8', u'slc7_amd64_gcc700', u'/QCD_Pt-300toInf_EMEnriched_TuneCP5_13TeV_pythia8/RunIISummer19UL17NanoAODv2-106X_mc2017_realistic_v8-v1/NANOAODSIM', u'F', u'0', u'[]', u'[]', u'FileBased', u"{'splitOnRun': False, 'halt_job_on_file_boundaries': False, 'files_per_job': 1, 'runs': [], 'lumis': []}", u'db34ebad3d4b9da4ae9c866827f2ee5a2e927bca2b5d12de79379f506faf14a9.tar.gz', u'https://cmsweb.cern.ch:8443/crabcache', u'achhetri', u'/DC=ch/DC=cern/OU=Organic Units/OU=Users/CN=achhetri/CN=804540/CN=Arjun Chhetri', u'cms', u'None', u'None', u'QCD_Pt300toInf_EM_v2-00000000000000000000000000000000', u'F', u'T3_CH_CERNBOX', u'https://cmsweb.cern.ch/dbs/prod/global/DBSReader', u'https://cmsweb.cern.ch/dbs/prod/phys03/DBSWriter', u'F', u'[]', u'[]', u"['tree.root']", u'Analysis', u'pythia', u'None', u'{}', u'[]', u'T', u'crab-prod-tw01', u'[]', u'1250', u'1', u'2000', u'10', u"['/QCD_Pt-300toInf_EMEnriched_TuneCP5_13TeV_pythia8/achhetri-QCD_Pt300toInf_EM_v2-5d8f93ee2ba2db6b402c7167473e2950/USER']", u'[]', u'http://vocms0107.cern.ch/mon/cms341/210309_115529:achhetri_crab_QCD_Pt300toInf_EM_v2', u'crab_script_Tprime.sh', u'[]', u'[]', u'https://cmsweb.cern.ch/crabserver/prod', u'cmsgwms-collector-global.cern.ch:9620,cmsgwms-collector-global.fnal.gov', u'crab3@vocms0107.cern.ch', u'F', u'[]', u'T', u'/store/user/achhetri/Tprime_v5_NANo_AOD_106X', u'F', u'None', u'F', u'None', u'QCD_Pt-300toInf_EMEnriched_TuneCP5_13TeV_pythia8', u'None', u'1036fdad7985928948d571a98e5f5075d2b621fa8f65d5cefee68dc906d1b960.tar.gz', u'65185560', u'filetransfers', u'F', u'188.185.90.95', u'8.0', u'None'], u'desc': {u'columns': [u'tm_taskname', u'tm_activity', u'panda_jobset_id', u'tm_task_status', u'tm_task_command', u'tm_start_time', u'tm_start_injection', u'tm_end_injection', u'tm_task_failure', u'tm_job_sw', u'tm_job_arch', u'tm_input_dataset', u'tm_nonvalid_input_dataset', u'tm_use_parent', u'tm_site_whitelist', u'tm_site_blacklist', u'tm_split_algo', u'tm_split_args', u'tm_user_sandbox', u'tm_cache_url', u'tm_username', u'tm_user_dn', u'tm_user_vo', u'tm_user_role', u'tm_user_group', u'tm_publish_name', u'tm_publish_groupname', u'tm_asyncdest', u'tm_dbs_url', u'tm_publish_dbs_url', u'tm_publication', u'tm_outfiles', u'tm_tfile_outfiles', u'tm_edm_outfiles', u'tm_job_type', u'tm_generator', u'tm_events_per_lumi', u'tm_arguments', u'panda_resubmitted_jobs', u'tm_save_logs', u'tw_name', u'tm_user_infiles', u'tm_maxjobruntime', u'tm_numcores', u'tm_maxmemory', u'tm_priority', u'tm_output_dataset', u'tm_task_warnings', u'tm_user_webdir', u'tm_scriptexe', u'tm_scriptargs', u'tm_extrajdl', u'tm_asourl', u'tm_collector', u'tm_schedd', u'tm_dry_run', u'tm_user_files', u'tm_transfer_outputs', u'tm_output_lfn', u'tm_ignore_locality', u'tm_fail_limit', u'tm_one_event_mode', u'tm_secondary_input_dataset', u'tm_primary_dataset', u'tm_last_publication', u'tm_debug_files', u'clusterid', u'tm_asodb', u'tm_ignore_global_blacklist', u'tm_submitter_ip_addr', u'tm_totalunits', u'tm_ddm_reqid']}}
INFO 2021-03-26 10:46:21.693 UTC: 	 CRAB project directory:		/afs/cern.ch/work/a/achhetri/NANO_AOD/CMSSW_10_6_8/src/WTopScalefactorProducer/Skimmer/NANOcrab/crab_Tprime_v5_NANo_AOD_106X/crab_QCD_Pt300toInf_EM_v2
INFO 2021-03-26 10:46:21.693 UTC: 	 Task name:			210309_115529:achhetri_crab_QCD_Pt300toInf_EM_v2
INFO 2021-03-26 10:46:21.693 UTC: 	 Grid scheduler - Task Worker:	crab3@vocms0107.cern.ch - crab-prod-tw01
INFO 2021-03-26 10:46:21.693 UTC: 	 Status on the CRAB server:	SUBMITTED
INFO 2021-03-26 10:46:21.694 UTC: 	 Task URL to use for HELP:	https://cmsweb-k8s-prod.cern.ch/crabserver/ui/task/210309_115529%3Aachhetri_crab_QCD_Pt300toInf_EM_v2
INFO 2021-03-26 10:46:21.702 UTC: 	 Dashboard monitoring URL:	https://monit-grafana.cern.ch/d/cmsTMDetail/cms-task-monitoring-task-view?orgId=11&var-user=achhetri&var-task=210309_115529%3Aachhetri_crab_QCD_Pt300toInf_EM_v2&from=1615287329000&to=now
INFO 2021-03-26 10:46:21.702 UTC: 	 In case of issues with the dashboard, please provide feedback to hn-cms-computing-tools@cern.ch
DEBUG 2021-03-26 10:46:21.702 UTC: 	 The CRAB server submitted your task to the Grid scheduler (cluster ID: 65185560)
DEBUG 2021-03-26 10:46:21.702 UTC: 	 Webdir is located at http://vocms0107.cern.ch/mon/cms341/210309_115529:achhetri_crab_QCD_Pt300toInf_EM_v2
DEBUG 2021-03-26 10:46:21.846 UTC: 	 Proxied webdir is located at https://cmsweb.cern.ch:8443/scheddmon/0107/cms341/210309_115529:achhetri_crab_QCD_Pt300toInf_EM_v2
DEBUG 2021-03-26 10:46:21.846 UTC: 	 Retrieving 'status_cache' file from https://cmsweb.cern.ch:8443/scheddmon/0107/cms341/210309_115529:achhetri_crab_QCD_Pt300toInf_EM_v2/status_cache
DEBUG 2021-03-26 10:46:22.524 UTC: 	 Got information from status cache file: {'1': {'Retries': 0, 'WallDurations': [170.0, 244.7212131023407, 244.7212131023407], 'StartTimes': [1615291100.0], 'SubmitTimes': [1615290973.0], 'JobIds': ['65185562.0'], 'EndTimes': [1615291270.0], 'Restarts': 0, 'RecordedSite': True, 'State': 'finished', 'ResidentSetSize': [2812], 'TotalUserCpuTimeHistory': [79], 'SiteHistory': ['Unknown', 'T2_CH_CERN', 'T2_CH_CERN'], 'TotalSysCpuTimeHistory': [4]}, '3': {'Retries': 0, 'WallDurations': [11.0, 215.7212131023407, 2339.0], 'StartTimes': [1615291129.0], 'SubmitTimes': [1615290973.0], 'JobIds': ['65185564.0'], 'EndTimes': [1615293468.0], 'Restarts': 0, 'RecordedSite': True, 'State': 'finished', 'ResidentSetSize': [611196], 'TotalUserCpuTimeHistory': [1783], 'SiteHistory': ['Unknown', 'T1_US_FNAL', 'T1_US_FNAL'], 'TotalSysCpuTimeHistory': [185]}, '2': {'Retries': 0, 'WallDurations': [9.0, 245.7212131023407, 595.0], 'StartTimes': [1615291099.0], 'SubmitTimes': [1615290973.0], 'JobIds': ['65185563.0'], 'EndTimes': [1615291694.0], 'Restarts': 0, 'RecordedSite': True, 'State': 'finished', 'ResidentSetSize': [513360], 'TotalUserCpuTimeHistory': [378], 'SiteHistory': ['Unknown', 'T2_CH_CERN', 'T2_CH_CERN'], 'TotalSysCpuTimeHistory': [25]}, '5': {'Retries': 0, 'WallDurations': [9.0, 246.7212131023407, 2226.0], 'StartTimes': [1615291098.0], 'SubmitTimes': [1615290973.0], 'JobIds': ['65185566.0'], 'EndTimes': [1615293324.0], 'Restarts': 0, 'RecordedSite': True, 'State': 'finished', 'ResidentSetSize': [859404], 'TotalUserCpuTimeHistory': [1723], 'SiteHistory': ['Unknown', 'T2_CH_CERN', 'T2_CH_CERN'], 'TotalSysCpuTimeHistory': [69]}, '4': {'Retries': 0, 'WallDurations': [10.0, 217.7212131023407, 766.0], 'StartTimes': [1615291127.0], 'SubmitTimes': [1615290973.0], 'JobIds': ['65185565.0'], 'EndTimes': [1615291893.0], 'Restarts': 0, 'RecordedSite': True, 'State': 'finished', 'ResidentSetSize': [473332], 'TotalUserCpuTimeHistory': [627], 'SiteHistory': ['Unknown', 'T1_US_FNAL', 'T1_US_FNAL'], 'TotalSysCpuTimeHistory': [70]}, '7': {'Retries': 0, 'WallDurations': [8.0, 245.7212131023407, 1078.0], 'StartTimes': [1615291099.0], 'SubmitTimes': [1615290973.0], 'JobIds': ['65185568.0'], 'EndTimes': [1615292177.0], 'Restarts': 0, 'RecordedSite': True, 'State': 'finished', 'ResidentSetSize': [522132], 'TotalUserCpuTimeHistory': [895], 'SiteHistory': ['Unknown', 'T2_CH_CERN', 'T2_CH_CERN'], 'TotalSysCpuTimeHistory': [48]}, '6': {'Retries': 0, 'WallDurations': [9.0, 220.7212131023407, 3952.0], 'StartTimes': [1615291124.0], 'SubmitTimes': [1615290973.0], 'JobIds': ['65185567.0'], 'EndTimes': [1615295076.0], 'Restarts': 0, 'RecordedSite': True, 'State': 'finished', 'ResidentSetSize': [566512], 'TotalUserCpuTimeHistory': [240], 'SiteHistory': ['Unknown', 'T1_UK_RAL', 'T1_UK_RAL'], 'TotalSysCpuTimeHistory': [39]}, '8': {'Retries': 0, 'WallDurations': [94.0, 245.7212131023407, 245.7212131023407], 'StartTimes': [1615291099.0], 'SubmitTimes': [1615290974.0], 'JobIds': ['65185569.0'], 'EndTimes': [1615291193.0], 'Restarts': 0, 'RecordedSite': True, 'State': 'finished', 'ResidentSetSize': [36480], 'TotalUserCpuTimeHistory': [28], 'SiteHistory': ['Unknown', 'T2_CH_CERN', 'T2_CH_CERN'], 'TotalSysCpuTimeHistory': [2]}}
INFO 2021-03-26 10:46:22.524 UTC: 	 Status on the scheduler:	COMPLETED
INFO 2021-03-26 10:46:22.525 UTC: 	 
Jobs status:                    finished     		100.0% (8/8)
INFO 2021-03-26 10:46:22.525 UTC: 	 
No publication information (publication has been disabled in the CRAB configuration file)
INFO 2021-03-26 10:46:22.525 UTC: 	 
Warning: the max jobs runtime is less than 30% of the task requested value (1250 min), please consider to request a lower value for failed jobs (allowed through crab resubmit) and/or improve the jobs splitting (e.g. config.Data.splitting = 'Automatic') in a new task.
INFO 2021-03-26 10:46:22.525 UTC: 	 
Summary of run jobs:
 * Memory: 2MB min, 839MB max, 438MB ave
 * Runtime: 0:04:04 min, 1:05:52 max, 0:23:50 ave
 * CPU eff: 7% min, 91% max, 54% ave
 * Waste: 0:36:42 (16% of total)

INFO 2021-03-26 10:46:22.560 UTC: 	 Log file is /afs/cern.ch/work/a/achhetri/NANO_AOD/CMSSW_10_6_8/src/WTopScalefactorProducer/Skimmer/NANOcrab/crab_Tprime_v5_NANo_AOD_106X/crab_QCD_Pt300toInf_EM_v2/crab.log
