DEBUG 2020-12-10 07:21:34.887 UTC: 	 CRAB Client version: v3.201110
DEBUG 2020-12-10 07:21:34.887 UTC: 	 Running on: Linux lxplus794.cern.ch 3.10.0-1127.19.1.el7.x86_64 #1 SMP Tue Aug 25 17:23:54 UTC 2020 x86_64 x86_64 x86_64 GNU/Linux - CentOS Linux 7 (Core)
DEBUG 2020-12-10 07:21:34.887 UTC: 	 Executing command: 'submit'
DEBUG 2020-12-10 07:21:35.128 UTC: 	 Found CRAB cache file /afs/cern.ch/user/a/achhetri/.crab3
DEBUG 2020-12-10 07:21:35.130 UTC: 	 Will use CRAB Analysis plugin (i.e. will run an analysis job type).
DEBUG 2020-12-10 07:21:35.275 UTC: 	 Checking credentials
DEBUG 2020-12-10 07:21:35.276 UTC: 	 Found proxy file /tmp/x509up_u94350
DEBUG 2020-12-10 07:21:35.276 UTC: 	 Getting proxy life time left
DEBUG 2020-12-10 07:21:37.129 UTC: 	 Executing : 
 command : voms-proxy-info -file /tmp/x509up_u94350 -timeleft
 output : 687190

 error: 
 retcode : 0
DEBUG 2020-12-10 07:21:38.871 UTC: 	 Executing : 
 command : voms-proxy-info -file /tmp/x509up_u94350 -actimeleft
 output : 687189

 error: 
 retcode : 0
DEBUG 2020-12-10 07:21:38.872 UTC: 	 Proxy lifetime 687190 secs is different from voms extension lifetime 687189 secs for proxy: /tmp/x509up_u94350
DEBUG 2020-12-10 07:21:38.872 UTC: 	 Proxy valid for 190:53:09 hours
DEBUG 2020-12-10 07:21:40.523 UTC: 	 Executing : 
 command : env X509_USER_PROXY=/tmp/x509up_u94350 voms-proxy-info -fqan
 output : /cms/Role=NULL/Capability=NULL

 error: 
 retcode : 0
DEBUG 2020-12-10 07:21:40.626 UTC: 	 Registering user credentials for server /DC=ch/DC=cern/OU=computers/CN=vocms0105.cern.ch|/DC=ch/DC=cern/OU=computers/CN=crab-(preprod|prod|dev)-tw(02|01).cern.ch|/DC=ch/DC=cern/OU=computers/CN=(ddi|ddidk|mytw).cern.ch|/DC=ch/DC=cern/OU=computers/CN=stefanov(m|m2).cern.ch
DEBUG 2020-12-10 07:21:42.290 UTC: 	 Executing : 
 command : voms-proxy-info -file /tmp/x509up_u94350 -identity
 output : /DC=ch/DC=cern/OU=Organic Units/OU=Users/CN=achhetri/CN=804540/CN=Arjun Chhetri

 error: 
 retcode : 0
DEBUG 2020-12-10 07:21:42.306 UTC: 	 Getting myproxy life time left for myproxy.cern.ch
DEBUG 2020-12-10 07:21:42.306 UTC: 	 using eb0e67adc2dd9eb1770413a4ffd073f562b86f05 as credential login name
DEBUG 2020-12-10 07:21:43.846 UTC: 	 Executing : 
 command : myproxy-info -l eb0e67adc2dd9eb1770413a4ffd073f562b86f05 -s myproxy.cern.ch
 output : username: eb0e67adc2dd9eb1770413a4ffd073f562b86f05
owner: /DC=ch/DC=cern/OU=Organic Units/OU=Users/CN=achhetri/CN=804540/CN=Arjun Chhetri
  renewal policy: /DC=ch/DC=cern/OU=computers/CN=vocms0105.cern.ch|/DC=ch/DC=cern/OU=computers/CN=crab-(preprod|prod|dev)-tw(02|01).cern.ch|/DC=ch/DC=cern/OU=computers/CN=(ddi|ddidk|mytw).cern.ch|/DC=ch/DC=cern/OU=computers/CN=stefanov(m|m2).cern.ch
  trusted retrieval policy: /DC=ch/DC=cern/OU=computers/CN=vocms0105.cern.ch|/DC=ch/DC=cern/OU=computers/CN=crab-(preprod|prod|dev)-tw(02|01).cern.ch|/DC=ch/DC=cern/OU=computers/CN=(ddi|ddidk|mytw).cern.ch|/DC=ch/DC=cern/OU=computers/CN=stefanov(m|m2).cern.ch
  timeleft: 363:57:33  (15.2 days)

 error: 
 retcode : 0
DEBUG 2020-12-10 07:21:43.847 UTC: 	 Myproxy is valid: 1310253
DEBUG 2020-12-10 07:21:43.847 UTC: 	 Retrieving username ...
DEBUG 2020-12-10 07:21:43.847 UTC: 	 Retrieving username from CRIC...
DEBUG 2020-12-10 07:21:45.204 UTC: 	 username is achhetri
DEBUG 2020-12-10 07:21:45.219 UTC: 	 Getting myproxy life time left for myproxy.cern.ch
DEBUG 2020-12-10 07:21:45.219 UTC: 	 using achhetri_CRAB as credential login name
DEBUG 2020-12-10 07:21:45.837 UTC: 	 Executing : 
 command : myproxy-info -l achhetri_CRAB -s myproxy.cern.ch
 output : username: achhetri_CRAB
owner: /DC=ch/DC=cern/OU=Organic Units/OU=Users/CN=achhetri/CN=804540/CN=Arjun Chhetri
  renewal policy: /DC=ch/DC=cern/OU=computers/CN=vocms0105.cern.ch|/DC=ch/DC=cern/OU=computers/CN=crab-(preprod|prod|dev)-tw(02|01).cern.ch|/DC=ch/DC=cern/OU=computers/CN=(ddi|ddidk|mytw).cern.ch|/DC=ch/DC=cern/OU=computers/CN=stefanov(m|m2).cern.ch
  trusted retrieval policy: /DC=ch/DC=cern/OU=computers/CN=vocms0105.cern.ch|/DC=ch/DC=cern/OU=computers/CN=crab-(preprod|prod|dev)-tw(02|01).cern.ch|/DC=ch/DC=cern/OU=computers/CN=(ddi|ddidk|mytw).cern.ch|/DC=ch/DC=cern/OU=computers/CN=stefanov(m|m2).cern.ch
  timeleft: 363:40:42  (15.2 days)

 error: 
 retcode : 0
DEBUG 2020-12-10 07:21:45.837 UTC: 	 Myproxy is valid: 1309242
DEBUG 2020-12-10 07:21:45.838 UTC: 	 Result of myproxy credential check:
  Credential exists on myproxy: username: eb0e67adc2dd9eb1770413a4ffd073f562b86f05  - validity: 15 days, 3:57:33
  Credential exists on myproxy: username: achhetri_CRAB  - validity: 15 days, 3:40:42
DEBUG 2020-12-10 07:21:45.838 UTC: 	 Command use: submit
DEBUG 2020-12-10 07:21:45.838 UTC: 	 Options use: ['--config', <WMCore.Configuration.Configuration object at 0x7effaab60b90>]
DEBUG 2020-12-10 07:21:45.966 UTC: 	 CRABClient version: v3.201110
DEBUG 2020-12-10 07:21:45.966 UTC: 	 Instance is prod
DEBUG 2020-12-10 07:21:45.966 UTC: 	 Server base url is cmsweb.cern.ch
DEBUG 2020-12-10 07:21:45.966 UTC: 	 Command url /crabserver/prod/workflow
DEBUG 2020-12-10 07:21:45.966 UTC: 	 Started submission
DEBUG 2020-12-10 07:21:45.966 UTC: 	 Working on /afs/cern.ch/user/a/achhetri/NANO_AOD/CMSSW_10_6_8/src/WTopScalefactorProducer/Skimmer/NANOcrab/crab_Tprime_v5_NANo_AOD_106X/crab_NanoPost1_Prov_False
DEBUG 2020-12-10 07:21:47.621 UTC: 	 Loading required information from the environment
DEBUG 2020-12-10 07:21:47.621 UTC: 	 Found CMSSW_10_6_8 for slc7_amd64_gcc700 with base /afs/cern.ch/user/a/achhetri/NANO_AOD/CMSSW_10_6_8
DEBUG 2020-12-10 07:21:47.621 UTC: 	 Loading required information from the environment
DEBUG 2020-12-10 07:21:47.621 UTC: 	 Found CMSSW_10_6_8 for slc7_amd64_gcc700 with base /afs/cern.ch/user/a/achhetri/NANO_AOD/CMSSW_10_6_8
DEBUG 2020-12-10 07:21:47.621 UTC: 	 UNIQUE NAME: tarUUID f2a57ffd-2cc9-48a2-a1cf-15fb4d3cea52 
DEBUG 2020-12-10 07:21:47.621 UTC: 	 self.config: from WMCore.Configuration import Configuration
config = Configuration()
config.section_('General')
config.General.transferLogs = True
config.General.workArea = 'crab_Tprime_v5_NANo_AOD_106X'
config.General.requestName = 'NanoPost1_Prov_False'
config.section_('JobType')
config.JobType.scriptExe = 'crab_script_Tprime.sh'
config.JobType.pluginName = 'Analysis'
config.JobType.sendPythonFolder = True
config.JobType.allowUndistributedCMSSW = True
config.JobType.psetName = 'PSet.py'
config.JobType.inputFiles = ['TprimeBToTH_LH_RunIISummer19UL16_Skimmer.py', 'keep_and_drop.txt', '../../../PhysicsTools/NanoAODTools/scripts/haddnano.py']
config.section_('Data')
config.Data.inputDataset = '/TprimeBToTH_M-1500_LH_TuneCP5_PSweights_13TeV-madgraph_pythia8/RunIISummer19UL17NanoAOD-106X_mc2017_realistic_v6-v1/NANOAODSIM'
config.Data.outputDatasetTag = 'TprimeBToTH_M-1500_LH_RunIISummer19UL16'
config.Data.totalUnits = 10
config.Data.unitsPerJob = 1
config.Data.inputDBS = 'global'
config.Data.splitting = 'FileBased'
config.Data.outLFNDirBase = '/store/user/achhetri/Tprime_v5_NANo_AOD_106X'
config.Data.publication = False
config.section_('Site')
config.Site.storageSite = 'T3_CH_CERNBOX'
config.section_('User')
config.section_('Debug')

DEBUG 2020-12-10 07:21:47.621 UTC: 	 self.config.JobType.psetName: PSet.py
INFO 2020-12-10 07:21:47.621 UTC: 	 Importing CMSSW configuration PSet.py
INFO 2020-12-10 07:21:57.077 UTC: 	 Finished importing CMSSW configuration PSet.py
DEBUG 2020-12-10 07:21:57.077 UTC: 	 Writing CMSSW configuration to /afs/cern.ch/user/a/achhetri/NANO_AOD/CMSSW_10_6_8/src/WTopScalefactorProducer/Skimmer/NANOcrab/crab_Tprime_v5_NANo_AOD_106X/crab_NanoPost1_Prov_False/inputs/PSet.py
DEBUG 2020-12-10 07:21:57.152 UTC: 	 The following EDM output files will be collected: ['tree.root']
DEBUG 2020-12-10 07:21:57.152 UTC: 	 The following TFile output files will be collected: []
DEBUG 2020-12-10 07:21:57.152 UTC: 	 The following user output files (not listed as PoolOuputModule or TFileService in the CMSSW PSet) will be collected: 
DEBUG 2020-12-10 07:21:57.152 UTC: 	 Loading required information from the environment
DEBUG 2020-12-10 07:21:57.152 UTC: 	 Found CMSSW_10_6_8 for slc7_amd64_gcc700 with base /afs/cern.ch/user/a/achhetri/NANO_AOD/CMSSW_10_6_8
DEBUG 2020-12-10 07:21:57.152 UTC: 	 Making tarball in /afs/cern.ch/user/a/achhetri/NANO_AOD/CMSSW_10_6_8/src/WTopScalefactorProducer/Skimmer/NANOcrab/crab_Tprime_v5_NANo_AOD_106X/crab_NanoPost1_Prov_False/inputs/f2a57ffd-2cc9-48a2-a1cf-15fb4d3cea52default.tgz
DEBUG 2020-12-10 07:21:57.156 UTC: 	 Checking directory /afs/cern.ch/user/a/achhetri/NANO_AOD/CMSSW_10_6_8/lib
DEBUG 2020-12-10 07:21:57.156 UTC: 	 Adding directory /afs/cern.ch/user/a/achhetri/NANO_AOD/CMSSW_10_6_8/lib to tarball
DEBUG 2020-12-10 07:21:57.640 UTC: 	 Checking directory /afs/cern.ch/user/a/achhetri/NANO_AOD/CMSSW_10_6_8/biglib
DEBUG 2020-12-10 07:21:57.640 UTC: 	 Adding directory /afs/cern.ch/user/a/achhetri/NANO_AOD/CMSSW_10_6_8/biglib to tarball
DEBUG 2020-12-10 07:21:57.643 UTC: 	 Checking directory /afs/cern.ch/user/a/achhetri/NANO_AOD/CMSSW_10_6_8/module
DEBUG 2020-12-10 07:21:57.644 UTC: 	 Checking directory /afs/cern.ch/user/a/achhetri/NANO_AOD/CMSSW_10_6_8/python
DEBUG 2020-12-10 07:21:57.644 UTC: 	 Adding directory /afs/cern.ch/user/a/achhetri/NANO_AOD/CMSSW_10_6_8/python to tarball
DEBUG 2020-12-10 07:22:07.505 UTC: 	 Checking directory /afs/cern.ch/user/a/achhetri/NANO_AOD/CMSSW_10_6_8/cfipython
DEBUG 2020-12-10 07:22:07.505 UTC: 	 Adding directory /afs/cern.ch/user/a/achhetri/NANO_AOD/CMSSW_10_6_8/cfipython to tarball
DEBUG 2020-12-10 07:22:08.268 UTC: 	 Adding data directory /afs/cern.ch/user/a/achhetri/NANO_AOD/CMSSW_10_6_8/src/PhysicsTools/NanoAODTools/data to tarball
DEBUG 2020-12-10 07:22:39.037 UTC: 	 Adding data directory /afs/cern.ch/user/a/achhetri/NANO_AOD/CMSSW_10_6_8/src/PhysicsTools/NanoAODTools/interface to tarball
DEBUG 2020-12-10 07:22:39.162 UTC: 	 Adding data directory /afs/cern.ch/user/a/achhetri/NANO_AOD/CMSSW_10_6_8/src/PhysicsTools/NanoAODTools/python/postprocessing/data to tarball
DEBUG 2020-12-10 07:22:46.758 UTC: 	 Adding file TprimeBToTH_LH_RunIISummer19UL16_Skimmer.py to tarball
DEBUG 2020-12-10 07:22:46.758 UTC: 	 Adding file keep_and_drop.txt to tarball
DEBUG 2020-12-10 07:22:46.781 UTC: 	 Adding file ../../../PhysicsTools/NanoAODTools/scripts/haddnano.py to tarball
DEBUG 2020-12-10 07:22:58.891 UTC: 	 Uploading archive /afs/cern.ch/user/a/achhetri/NANO_AOD/CMSSW_10_6_8/src/WTopScalefactorProducer/Skimmer/NANOcrab/crab_Tprime_v5_NANo_AOD_106X/crab_NanoPost1_Prov_False/inputs/f2a57ffd-2cc9-48a2-a1cf-15fb4d3cea52default.tgz (55 MB) to the CRAB cache. Using URI https://cmsweb.cern.ch/crabcache
DEBUG 2020-12-10 07:24:07.011 UTC: 	 Loading required information from the environment
DEBUG 2020-12-10 07:24:07.011 UTC: 	 Found CMSSW_10_6_8 for slc7_amd64_gcc700 with base /afs/cern.ch/user/a/achhetri/NANO_AOD/CMSSW_10_6_8
DEBUG 2020-12-10 07:24:07.011 UTC: 	 Making tarball in /afs/cern.ch/user/a/achhetri/NANO_AOD/CMSSW_10_6_8/src/WTopScalefactorProducer/Skimmer/NANOcrab/crab_Tprime_v5_NANo_AOD_106X/crab_NanoPost1_Prov_False/inputs/debugFiles.tgz
DEBUG 2020-12-10 07:24:07.079 UTC: 	 Uploading archive /afs/cern.ch/user/a/achhetri/NANO_AOD/CMSSW_10_6_8/src/WTopScalefactorProducer/Skimmer/NANOcrab/crab_Tprime_v5_NANo_AOD_106X/crab_NanoPost1_Prov_False/inputs/debugFiles.tgz (1 KB) to the CRAB cache. Using URI https://cmsweb.cern.ch/crabcache
DEBUG 2020-12-10 07:24:07.237 UTC: 	 Result uploading input files: 6f1e1e373fec31fe55d18232f34244ca34eacadd8390c68d00e56488178d71c2.tar.gz 
INFO 2020-12-10 07:24:07.238 UTC: 	 Sending the request to the server at cmsweb.cern.ch
DEBUG 2020-12-10 07:24:07.238 UTC: 	 Submitting {'maxjobruntime': 1250, 'extrajdl': [], 'lfn': '/store/user/achhetri/Tprime_v5_NANo_AOD_106X', 'savelogsflag': 1, 'useparent': 0, 'scriptexe': 'crab_script_Tprime.sh', 'asyncdest': 'T3_CH_CERNBOX', 'algoargs': 1, 'cachefilename': '6f1e1e373fec31fe55d18232f34244ca34eacadd8390c68d00e56488178d71c2.tar.gz', 'numcores': 1, 'addoutputfiles': [], 'generator': 'pythia', 'maxmemory': 2000, 'publishdbsurl': 'https://cmsweb.cern.ch/dbs/prod/phys03/DBSWriter', 'priority': 10, 'jobsw': 'CMSSW_10_6_8', 'edmoutfiles': ['tree.root'], 'userfiles': [], 'primarydataset': '', 'inputdata': '/TprimeBToTH_M-1500_LH_TuneCP5_PSweights_13TeV-madgraph_pythia8/RunIISummer19UL17NanoAOD-106X_mc2017_realistic_v6-v1/NANOAODSIM', 'ignorelocality': 0, 'dryrun': 0, 'workflow': 'crab_NanoPost1_Prov_False', 'cacheurl': u'https://cmsweb.cern.ch/crabcache', 'nonprodsw': 1, 'tfileoutfiles': [], 'oneEventMode': 0, 'debugfilename': '12a5071df6f2f454a424efb9d39e60b81fedba6ef22fd0a565dd31d2c39e8a63.tar.gz', 'saveoutput': 1, 'publication': 0, 'jobarch': 'slc7_amd64_gcc700', 'totalunits': 10, 'splitalgo': 'FileBased', 'ignoreglobalblacklist': 0, 'nonvaliddata': 0, 'dbsurl': 'https://cmsweb.cern.ch/dbs/prod/global/DBSReader', 'publishgroupname': 0, 'jobtype': 'Analysis', 'publishname2': 'TprimeBToTH_M-1500_LH_RunIISummer19UL16'} 
DEBUG 2020-12-10 07:24:07.238 UTC: 	 Encoded submit request: maxjobruntime=1250&lfn=%2Fstore%2Fuser%2Fachhetri%2FTprime_v5_NANo_AOD_106X&savelogsflag=1&useparent=0&scriptexe=crab_script_Tprime.sh&asyncdest=T3_CH_CERNBOX&algoargs=1&cachefilename=6f1e1e373fec31fe55d18232f34244ca34eacadd8390c68d00e56488178d71c2.tar.gz&numcores=1&generator=pythia&maxmemory=2000&publishdbsurl=https%3A%2F%2Fcmsweb.cern.ch%2Fdbs%2Fprod%2Fphys03%2FDBSWriter&priority=10&jobsw=CMSSW_10_6_8&primarydataset=&inputdata=%2FTprimeBToTH_M-1500_LH_TuneCP5_PSweights_13TeV-madgraph_pythia8%2FRunIISummer19UL17NanoAOD-106X_mc2017_realistic_v6-v1%2FNANOAODSIM&ignorelocality=0&dryrun=0&workflow=crab_NanoPost1_Prov_False&cacheurl=https%3A%2F%2Fcmsweb.cern.ch%2Fcrabcache&nonprodsw=1&oneEventMode=0&debugfilename=12a5071df6f2f454a424efb9d39e60b81fedba6ef22fd0a565dd31d2c39e8a63.tar.gz&saveoutput=1&publication=0&jobarch=slc7_amd64_gcc700&totalunits=10&splitalgo=FileBased&ignoreglobalblacklist=0&nonvaliddata=0&dbsurl=https%3A%2F%2Fcmsweb.cern.ch%2Fdbs%2Fprod%2Fglobal%2FDBSReader&publishgroupname=0&jobtype=Analysis&publishname2=TprimeBToTH_M-1500_LH_RunIISummer19UL16&edmoutfiles=tree.root
DEBUG 2020-12-10 07:24:07.328 UTC: 	 Result: {u'result': [{u'RequestName': u'201210_072407:achhetri_crab_NanoPost1_Prov_False'}]}
INFO 2020-12-10 07:24:07.332 UTC: 	 Success: Your task has been delivered to the prod CRAB3 server.
INFO 2020-12-10 07:24:07.333 UTC: 	 Task name: 201210_072407:achhetri_crab_NanoPost1_Prov_False
INFO 2020-12-10 07:24:07.333 UTC: 	 Project dir: crab_Tprime_v5_NANo_AOD_106X/crab_NanoPost1_Prov_False
INFO 2020-12-10 07:24:07.333 UTC: 	 Please use ' crab status -d crab_Tprime_v5_NANo_AOD_106X/crab_NanoPost1_Prov_False ' to check how the submission process proceeds.
DEBUG 2020-12-10 07:24:07.333 UTC: 	 About to return
DEBUG 2020-12-10 07:25:57.921 UTC: 	 CRAB Client version: v3.201110
DEBUG 2020-12-10 07:25:57.922 UTC: 	 Running on: Linux lxplus794.cern.ch 3.10.0-1127.19.1.el7.x86_64 #1 SMP Tue Aug 25 17:23:54 UTC 2020 x86_64 x86_64 x86_64 GNU/Linux - CentOS Linux 7 (Core)
DEBUG 2020-12-10 07:25:57.922 UTC: 	 Executing command: 'status'
DEBUG 2020-12-10 07:25:57.922 UTC: 	 Found CRAB cache file /afs/cern.ch/user/a/achhetri/.crab3
DEBUG 2020-12-10 07:25:58.196 UTC: 	 Checking credentials
DEBUG 2020-12-10 07:25:58.196 UTC: 	 Found proxy file /tmp/x509up_u94350
DEBUG 2020-12-10 07:25:58.196 UTC: 	 Getting proxy life time left
DEBUG 2020-12-10 07:26:00.364 UTC: 	 Executing : 
 command : voms-proxy-info -file /tmp/x509up_u94350 -timeleft
 output : 686927

 error: 
 retcode : 0
DEBUG 2020-12-10 07:26:02.217 UTC: 	 Executing : 
 command : voms-proxy-info -file /tmp/x509up_u94350 -actimeleft
 output : 686925

 error: 
 retcode : 0
DEBUG 2020-12-10 07:26:02.217 UTC: 	 Proxy lifetime 686927 secs is different from voms extension lifetime 686925 secs for proxy: /tmp/x509up_u94350
DEBUG 2020-12-10 07:26:02.217 UTC: 	 Proxy valid for 190:48:45 hours
DEBUG 2020-12-10 07:26:02.655 UTC: 	 Registering user credentials for server /DC=ch/DC=cern/OU=computers/CN=vocms0105.cern.ch|/DC=ch/DC=cern/OU=computers/CN=crab-(preprod|prod|dev)-tw(02|01).cern.ch|/DC=ch/DC=cern/OU=computers/CN=(ddi|ddidk|mytw).cern.ch|/DC=ch/DC=cern/OU=computers/CN=stefanov(m|m2).cern.ch
DEBUG 2020-12-10 07:26:05.473 UTC: 	 Executing : 
 command : voms-proxy-info -file /tmp/x509up_u94350 -identity
 output : /DC=ch/DC=cern/OU=Organic Units/OU=Users/CN=achhetri/CN=804540/CN=Arjun Chhetri

 error: 
 retcode : 0
DEBUG 2020-12-10 07:26:05.488 UTC: 	 Getting myproxy life time left for myproxy.cern.ch
DEBUG 2020-12-10 07:26:05.488 UTC: 	 using eb0e67adc2dd9eb1770413a4ffd073f562b86f05 as credential login name
DEBUG 2020-12-10 07:26:07.023 UTC: 	 Executing : 
 command : myproxy-info -l eb0e67adc2dd9eb1770413a4ffd073f562b86f05 -s myproxy.cern.ch
 output : username: eb0e67adc2dd9eb1770413a4ffd073f562b86f05
owner: /DC=ch/DC=cern/OU=Organic Units/OU=Users/CN=achhetri/CN=804540/CN=Arjun Chhetri
  renewal policy: /DC=ch/DC=cern/OU=computers/CN=vocms0105.cern.ch|/DC=ch/DC=cern/OU=computers/CN=crab-(preprod|prod|dev)-tw(02|01).cern.ch|/DC=ch/DC=cern/OU=computers/CN=(ddi|ddidk|mytw).cern.ch|/DC=ch/DC=cern/OU=computers/CN=stefanov(m|m2).cern.ch
  trusted retrieval policy: /DC=ch/DC=cern/OU=computers/CN=vocms0105.cern.ch|/DC=ch/DC=cern/OU=computers/CN=crab-(preprod|prod|dev)-tw(02|01).cern.ch|/DC=ch/DC=cern/OU=computers/CN=(ddi|ddidk|mytw).cern.ch|/DC=ch/DC=cern/OU=computers/CN=stefanov(m|m2).cern.ch
  timeleft: 363:53:10  (15.2 days)

 error: 
 retcode : 0
DEBUG 2020-12-10 07:26:07.024 UTC: 	 Myproxy is valid: 1309990
DEBUG 2020-12-10 07:26:07.024 UTC: 	 Retrieving username ...
DEBUG 2020-12-10 07:26:07.024 UTC: 	 Retrieving username from CRIC...
DEBUG 2020-12-10 07:26:08.051 UTC: 	 username is achhetri
DEBUG 2020-12-10 07:26:08.073 UTC: 	 Getting myproxy life time left for myproxy.cern.ch
DEBUG 2020-12-10 07:26:08.074 UTC: 	 using achhetri_CRAB as credential login name
DEBUG 2020-12-10 07:26:08.600 UTC: 	 Executing : 
 command : myproxy-info -l achhetri_CRAB -s myproxy.cern.ch
 output : username: achhetri_CRAB
owner: /DC=ch/DC=cern/OU=Organic Units/OU=Users/CN=achhetri/CN=804540/CN=Arjun Chhetri
  renewal policy: /DC=ch/DC=cern/OU=computers/CN=vocms0105.cern.ch|/DC=ch/DC=cern/OU=computers/CN=crab-(preprod|prod|dev)-tw(02|01).cern.ch|/DC=ch/DC=cern/OU=computers/CN=(ddi|ddidk|mytw).cern.ch|/DC=ch/DC=cern/OU=computers/CN=stefanov(m|m2).cern.ch
  trusted retrieval policy: /DC=ch/DC=cern/OU=computers/CN=vocms0105.cern.ch|/DC=ch/DC=cern/OU=computers/CN=crab-(preprod|prod|dev)-tw(02|01).cern.ch|/DC=ch/DC=cern/OU=computers/CN=(ddi|ddidk|mytw).cern.ch|/DC=ch/DC=cern/OU=computers/CN=stefanov(m|m2).cern.ch
  timeleft: 363:36:19  (15.2 days)

 error: 
 retcode : 0
DEBUG 2020-12-10 07:26:08.600 UTC: 	 Myproxy is valid: 1308979
DEBUG 2020-12-10 07:26:08.600 UTC: 	 Result of myproxy credential check:
  Credential exists on myproxy: username: eb0e67adc2dd9eb1770413a4ffd073f562b86f05  - validity: 15 days, 3:53:10
  Credential exists on myproxy: username: achhetri_CRAB  - validity: 15 days, 3:36:19
DEBUG 2020-12-10 07:26:08.601 UTC: 	 Command use: status
DEBUG 2020-12-10 07:26:08.601 UTC: 	 Options use: ['-d', 'crab_Tprime_v5_NANo_AOD_106X/crab_NanoPost1_Prov_False']
DEBUG 2020-12-10 07:26:08.745 UTC: 	 CRABClient version: v3.201110
DEBUG 2020-12-10 07:26:08.745 UTC: 	 Instance is prod
DEBUG 2020-12-10 07:26:08.745 UTC: 	 Server base url is cmsweb.cern.ch
DEBUG 2020-12-10 07:26:08.745 UTC: 	 Command url /crabserver/prod/workflow
DEBUG 2020-12-10 07:26:08.838 UTC: 	 Got information from server oracle database: {u'result': [u'201210_072407:achhetri_crab_NanoPost1_Prov_False', u'None', u'None', u'SUBMITTED', u'SUBMIT', u'2020-12-10 07:24:07.313824', u'None', u'2020-12-10 07:24:48.930532', u'None', u'CMSSW_10_6_8', u'slc7_amd64_gcc700', u'/TprimeBToTH_M-1500_LH_TuneCP5_PSweights_13TeV-madgraph_pythia8/RunIISummer19UL17NanoAOD-106X_mc2017_realistic_v6-v1/NANOAODSIM', u'F', u'0', u'[]', u'[]', u'FileBased', u"{'splitOnRun': False, 'halt_job_on_file_boundaries': False, 'files_per_job': 1, 'runs': [], 'lumis': []}", u'6f1e1e373fec31fe55d18232f34244ca34eacadd8390c68d00e56488178d71c2.tar.gz', u'https://cmsweb.cern.ch/crabcache', u'achhetri', u'/DC=ch/DC=cern/OU=Organic Units/OU=Users/CN=achhetri/CN=804540/CN=Arjun Chhetri', u'cms', u'None', u'None', u'TprimeBToTH_M-1500_LH_RunIISummer19UL16-00000000000000000000000000000000', u'F', u'T3_CH_CERNBOX', u'https://cmsweb.cern.ch/dbs/prod/global/DBSReader', u'https://cmsweb.cern.ch/dbs/prod/phys03/DBSWriter', u'F', u'[]', u'[]', u"['tree.root']", u'Analysis', u'pythia', u'None', u'{}', u'[]', u'T', u'crab-prod-tw01', u'[]', u'1250', u'1', u'2000', u'10', u'None', u'[]', u'http://vocms0144.cern.ch/mon/cms341/201210_072407:achhetri_crab_NanoPost1_Prov_False', u'crab_script_Tprime.sh', u'[]', u'[]', u'https://cmsweb.cern.ch/crabserver/prod', u'cmsgwms-collector-global.cern.ch:9620,cmsgwms-collector-global.fnal.gov', u'crab3@vocms0144.cern.ch', u'F', u'[]', u'T', u'/store/user/achhetri/Tprime_v5_NANo_AOD_106X', u'F', u'None', u'F', u'None', u'TprimeBToTH_M-1500_LH_TuneCP5_PSweights_13TeV-madgraph_pythia8', u'None', u'12a5071df6f2f454a424efb9d39e60b81fedba6ef22fd0a565dd31d2c39e8a63.tar.gz', u'62348813', u'filetransfers', u'F', u'188.184.22.243', u'10.0', u'None'], u'desc': {u'columns': [u'tm_taskname', u'tm_activity', u'panda_jobset_id', u'tm_task_status', u'tm_task_command', u'tm_start_time', u'tm_start_injection', u'tm_end_injection', u'tm_task_failure', u'tm_job_sw', u'tm_job_arch', u'tm_input_dataset', u'tm_nonvalid_input_dataset', u'tm_use_parent', u'tm_site_whitelist', u'tm_site_blacklist', u'tm_split_algo', u'tm_split_args', u'tm_user_sandbox', u'tm_cache_url', u'tm_username', u'tm_user_dn', u'tm_user_vo', u'tm_user_role', u'tm_user_group', u'tm_publish_name', u'tm_publish_groupname', u'tm_asyncdest', u'tm_dbs_url', u'tm_publish_dbs_url', u'tm_publication', u'tm_outfiles', u'tm_tfile_outfiles', u'tm_edm_outfiles', u'tm_job_type', u'tm_generator', u'tm_events_per_lumi', u'tm_arguments', u'panda_resubmitted_jobs', u'tm_save_logs', u'tw_name', u'tm_user_infiles', u'tm_maxjobruntime', u'tm_numcores', u'tm_maxmemory', u'tm_priority', u'tm_output_dataset', u'tm_task_warnings', u'tm_user_webdir', u'tm_scriptexe', u'tm_scriptargs', u'tm_extrajdl', u'tm_asourl', u'tm_collector', u'tm_schedd', u'tm_dry_run', u'tm_user_files', u'tm_transfer_outputs', u'tm_output_lfn', u'tm_ignore_locality', u'tm_fail_limit', u'tm_one_event_mode', u'tm_secondary_input_dataset', u'tm_primary_dataset', u'tm_last_publication', u'tm_debug_files', u'clusterid', u'tm_asodb', u'tm_ignore_global_blacklist', u'tm_submitter_ip_addr', u'tm_totalunits', u'tm_ddm_reqid']}}
INFO 2020-12-10 07:26:08.839 UTC: 	 CRAB project directory:		/afs/cern.ch/user/a/achhetri/NANO_AOD/CMSSW_10_6_8/src/WTopScalefactorProducer/Skimmer/NANOcrab/crab_Tprime_v5_NANo_AOD_106X/crab_NanoPost1_Prov_False
INFO 2020-12-10 07:26:08.839 UTC: 	 Task name:			201210_072407:achhetri_crab_NanoPost1_Prov_False
INFO 2020-12-10 07:26:08.839 UTC: 	 Grid scheduler - Task Worker:	crab3@vocms0144.cern.ch - crab-prod-tw01
INFO 2020-12-10 07:26:08.839 UTC: 	 Status on the CRAB server:	SUBMITTED
INFO 2020-12-10 07:26:08.839 UTC: 	 Task URL to use for HELP:	https://cmsweb.cern.ch/crabserver/ui/task/201210_072407%3Aachhetri_crab_NanoPost1_Prov_False
INFO 2020-12-10 07:26:08.871 UTC: 	 Dashboard monitoring URL:	https://monit-grafana.cern.ch/d/cmsTMDetail/cms-task-monitoring-task-view?orgId=11&var-user=achhetri&var-task=201210_072407%3Aachhetri_crab_NanoPost1_Prov_False&from=1607581447000&to=now
INFO 2020-12-10 07:26:08.871 UTC: 	 In case of issues with the dashboard, please provide feedback to hn-cms-computing-tools@cern.ch
DEBUG 2020-12-10 07:26:08.871 UTC: 	 The CRAB server submitted your task to the Grid scheduler (cluster ID: 62348813)
DEBUG 2020-12-10 07:26:08.871 UTC: 	 Webdir is located at http://vocms0144.cern.ch/mon/cms341/201210_072407:achhetri_crab_NanoPost1_Prov_False
DEBUG 2020-12-10 07:26:09.222 UTC: 	 Proxied webdir is located at https://cmsweb.cern.ch/scheddmon/0144/cms341/201210_072407:achhetri_crab_NanoPost1_Prov_False
DEBUG 2020-12-10 07:26:09.223 UTC: 	 Retrieving 'status_cache' file from https://cmsweb.cern.ch/scheddmon/0144/cms341/201210_072407:achhetri_crab_NanoPost1_Prov_False/status_cache
DEBUG 2020-12-10 07:26:09.307 UTC: 	 Got information from status cache file: {'10': {'Retries': 0, 'WallDurations': [0], 'StartTimes': [], 'SubmitTimes': [1607585100.0], 'JobIds': ['62348845.0'], 'EndTimes': [], 'Restarts': 0, 'RecordedSite': False, 'State': 'idle', 'ResidentSetSize': [0], 'TotalUserCpuTimeHistory': [0.0], 'SiteHistory': ['Unknown'], 'TotalSysCpuTimeHistory': [0.0]}, '1': {'Retries': 0, 'WallDurations': [0], 'StartTimes': [], 'SubmitTimes': [1607585098.0], 'JobIds': ['62348836.0'], 'EndTimes': [], 'Restarts': 0, 'RecordedSite': False, 'State': 'idle', 'ResidentSetSize': [0], 'TotalUserCpuTimeHistory': [0.0], 'SiteHistory': ['Unknown'], 'TotalSysCpuTimeHistory': [0.0]}, '3': {'Retries': 0, 'WallDurations': [0], 'StartTimes': [], 'SubmitTimes': [1607585099.0], 'JobIds': ['62348838.0'], 'EndTimes': [], 'Restarts': 0, 'RecordedSite': False, 'State': 'idle', 'ResidentSetSize': [0], 'TotalUserCpuTimeHistory': [0.0], 'SiteHistory': ['Unknown'], 'TotalSysCpuTimeHistory': [0.0]}, '2': {'Retries': 0, 'WallDurations': [0], 'StartTimes': [], 'SubmitTimes': [1607585098.0], 'JobIds': ['62348837.0'], 'EndTimes': [], 'Restarts': 0, 'RecordedSite': False, 'State': 'idle', 'ResidentSetSize': [0], 'TotalUserCpuTimeHistory': [0.0], 'SiteHistory': ['Unknown'], 'TotalSysCpuTimeHistory': [0.0]}, '5': {'Retries': 0, 'WallDurations': [0], 'StartTimes': [], 'SubmitTimes': [1607585099.0], 'JobIds': ['62348840.0'], 'EndTimes': [], 'Restarts': 0, 'RecordedSite': False, 'State': 'idle', 'ResidentSetSize': [0], 'TotalUserCpuTimeHistory': [0.0], 'SiteHistory': ['Unknown'], 'TotalSysCpuTimeHistory': [0.0]}, '4': {'Retries': 0, 'WallDurations': [0], 'StartTimes': [], 'SubmitTimes': [1607585099.0], 'JobIds': ['62348839.0'], 'EndTimes': [], 'Restarts': 0, 'RecordedSite': False, 'State': 'idle', 'ResidentSetSize': [0], 'TotalUserCpuTimeHistory': [0.0], 'SiteHistory': ['Unknown'], 'TotalSysCpuTimeHistory': [0.0]}, '7': {'Retries': 0, 'WallDurations': [0], 'StartTimes': [], 'SubmitTimes': [1607585099.0], 'JobIds': ['62348842.0'], 'EndTimes': [], 'Restarts': 0, 'RecordedSite': False, 'State': 'idle', 'ResidentSetSize': [0], 'TotalUserCpuTimeHistory': [0.0], 'SiteHistory': ['Unknown'], 'TotalSysCpuTimeHistory': [0.0]}, '6': {'Retries': 0, 'WallDurations': [0], 'StartTimes': [], 'SubmitTimes': [1607585099.0], 'JobIds': ['62348841.0'], 'EndTimes': [], 'Restarts': 0, 'RecordedSite': False, 'State': 'idle', 'ResidentSetSize': [0], 'TotalUserCpuTimeHistory': [0.0], 'SiteHistory': ['Unknown'], 'TotalSysCpuTimeHistory': [0.0]}, '9': {'Retries': 0, 'WallDurations': [0], 'StartTimes': [], 'SubmitTimes': [1607585100.0], 'JobIds': ['62348844.0'], 'EndTimes': [], 'Restarts': 0, 'RecordedSite': False, 'State': 'idle', 'ResidentSetSize': [0], 'TotalUserCpuTimeHistory': [0.0], 'SiteHistory': ['Unknown'], 'TotalSysCpuTimeHistory': [0.0]}, '8': {'Retries': 0, 'WallDurations': [0], 'StartTimes': [], 'SubmitTimes': [1607585099.0], 'JobIds': ['62348843.0'], 'EndTimes': [], 'Restarts': 0, 'RecordedSite': False, 'State': 'idle', 'ResidentSetSize': [0], 'TotalUserCpuTimeHistory': [0.0], 'SiteHistory': ['Unknown'], 'TotalSysCpuTimeHistory': [0.0]}}
INFO 2020-12-10 07:26:09.307 UTC: 	 Status on the scheduler:	SUBMITTED
INFO 2020-12-10 07:26:09.308 UTC: 	 
Jobs status:                    idle         		100.0% (10/10)
INFO 2020-12-10 07:26:09.308 UTC: 	 
No publication information (publication has been disabled in the CRAB configuration file)
INFO 2020-12-10 07:26:09.364 UTC: 	 Log file is /afs/cern.ch/user/a/achhetri/NANO_AOD/CMSSW_10_6_8/src/WTopScalefactorProducer/Skimmer/NANOcrab/crab_Tprime_v5_NANo_AOD_106X/crab_NanoPost1_Prov_False/crab.log
DEBUG 2020-12-10 07:32:47.245 UTC: 	 CRAB Client version: v3.201110
DEBUG 2020-12-10 07:32:47.245 UTC: 	 Running on: Linux lxplus794.cern.ch 3.10.0-1127.19.1.el7.x86_64 #1 SMP Tue Aug 25 17:23:54 UTC 2020 x86_64 x86_64 x86_64 GNU/Linux - CentOS Linux 7 (Core)
DEBUG 2020-12-10 07:32:47.245 UTC: 	 Executing command: 'status'
DEBUG 2020-12-10 07:32:47.245 UTC: 	 Found CRAB cache file /afs/cern.ch/user/a/achhetri/.crab3
DEBUG 2020-12-10 07:32:47.335 UTC: 	 Checking credentials
DEBUG 2020-12-10 07:32:47.335 UTC: 	 Found proxy file /tmp/x509up_u94350
DEBUG 2020-12-10 07:32:47.335 UTC: 	 Getting proxy life time left
DEBUG 2020-12-10 07:32:49.583 UTC: 	 Executing : 
 command : voms-proxy-info -file /tmp/x509up_u94350 -timeleft
 output : 686518

 error: 
 retcode : 0
DEBUG 2020-12-10 07:32:51.231 UTC: 	 Executing : 
 command : voms-proxy-info -file /tmp/x509up_u94350 -actimeleft
 output : 686516

 error: 
 retcode : 0
DEBUG 2020-12-10 07:32:51.231 UTC: 	 Proxy lifetime 686518 secs is different from voms extension lifetime 686516 secs for proxy: /tmp/x509up_u94350
DEBUG 2020-12-10 07:32:51.231 UTC: 	 Proxy valid for 190:41:56 hours
DEBUG 2020-12-10 07:32:51.371 UTC: 	 Registering user credentials for server /DC=ch/DC=cern/OU=computers/CN=vocms0105.cern.ch|/DC=ch/DC=cern/OU=computers/CN=crab-(preprod|prod|dev)-tw(02|01).cern.ch|/DC=ch/DC=cern/OU=computers/CN=(ddi|ddidk|mytw).cern.ch|/DC=ch/DC=cern/OU=computers/CN=stefanov(m|m2).cern.ch
DEBUG 2020-12-10 07:32:53.437 UTC: 	 Executing : 
 command : voms-proxy-info -file /tmp/x509up_u94350 -identity
 output : /DC=ch/DC=cern/OU=Organic Units/OU=Users/CN=achhetri/CN=804540/CN=Arjun Chhetri

 error: 
 retcode : 0
DEBUG 2020-12-10 07:32:53.446 UTC: 	 Getting myproxy life time left for myproxy.cern.ch
DEBUG 2020-12-10 07:32:53.447 UTC: 	 using eb0e67adc2dd9eb1770413a4ffd073f562b86f05 as credential login name
DEBUG 2020-12-10 07:32:54.696 UTC: 	 Executing : 
 command : myproxy-info -l eb0e67adc2dd9eb1770413a4ffd073f562b86f05 -s myproxy.cern.ch
 output : username: eb0e67adc2dd9eb1770413a4ffd073f562b86f05
owner: /DC=ch/DC=cern/OU=Organic Units/OU=Users/CN=achhetri/CN=804540/CN=Arjun Chhetri
  renewal policy: /DC=ch/DC=cern/OU=computers/CN=vocms0105.cern.ch|/DC=ch/DC=cern/OU=computers/CN=crab-(preprod|prod|dev)-tw(02|01).cern.ch|/DC=ch/DC=cern/OU=computers/CN=(ddi|ddidk|mytw).cern.ch|/DC=ch/DC=cern/OU=computers/CN=stefanov(m|m2).cern.ch
  trusted retrieval policy: /DC=ch/DC=cern/OU=computers/CN=vocms0105.cern.ch|/DC=ch/DC=cern/OU=computers/CN=crab-(preprod|prod|dev)-tw(02|01).cern.ch|/DC=ch/DC=cern/OU=computers/CN=(ddi|ddidk|mytw).cern.ch|/DC=ch/DC=cern/OU=computers/CN=stefanov(m|m2).cern.ch
  timeleft: 363:46:22  (15.2 days)

 error: 
 retcode : 0
DEBUG 2020-12-10 07:32:54.697 UTC: 	 Myproxy is valid: 1309582
DEBUG 2020-12-10 07:32:54.697 UTC: 	 Retrieving username ...
DEBUG 2020-12-10 07:32:54.697 UTC: 	 Retrieving username from CRIC...
DEBUG 2020-12-10 07:32:55.661 UTC: 	 username is achhetri
DEBUG 2020-12-10 07:32:55.676 UTC: 	 Getting myproxy life time left for myproxy.cern.ch
DEBUG 2020-12-10 07:32:55.676 UTC: 	 using achhetri_CRAB as credential login name
DEBUG 2020-12-10 07:32:56.308 UTC: 	 Executing : 
 command : myproxy-info -l achhetri_CRAB -s myproxy.cern.ch
 output : username: achhetri_CRAB
owner: /DC=ch/DC=cern/OU=Organic Units/OU=Users/CN=achhetri/CN=804540/CN=Arjun Chhetri
  renewal policy: /DC=ch/DC=cern/OU=computers/CN=vocms0105.cern.ch|/DC=ch/DC=cern/OU=computers/CN=crab-(preprod|prod|dev)-tw(02|01).cern.ch|/DC=ch/DC=cern/OU=computers/CN=(ddi|ddidk|mytw).cern.ch|/DC=ch/DC=cern/OU=computers/CN=stefanov(m|m2).cern.ch
  trusted retrieval policy: /DC=ch/DC=cern/OU=computers/CN=vocms0105.cern.ch|/DC=ch/DC=cern/OU=computers/CN=crab-(preprod|prod|dev)-tw(02|01).cern.ch|/DC=ch/DC=cern/OU=computers/CN=(ddi|ddidk|mytw).cern.ch|/DC=ch/DC=cern/OU=computers/CN=stefanov(m|m2).cern.ch
  timeleft: 363:29:31  (15.1 days)

 error: 
 retcode : 0
DEBUG 2020-12-10 07:32:56.308 UTC: 	 Myproxy is valid: 1308571
DEBUG 2020-12-10 07:32:56.308 UTC: 	 Result of myproxy credential check:
  Credential exists on myproxy: username: eb0e67adc2dd9eb1770413a4ffd073f562b86f05  - validity: 15 days, 3:46:22
  Credential exists on myproxy: username: achhetri_CRAB  - validity: 15 days, 3:29:31
DEBUG 2020-12-10 07:32:56.309 UTC: 	 Command use: status
DEBUG 2020-12-10 07:32:56.309 UTC: 	 Options use: ['-d', 'crab_Tprime_v5_NANo_AOD_106X/crab_NanoPost1_Prov_False']
DEBUG 2020-12-10 07:32:56.377 UTC: 	 CRABClient version: v3.201110
DEBUG 2020-12-10 07:32:56.377 UTC: 	 Instance is prod
DEBUG 2020-12-10 07:32:56.377 UTC: 	 Server base url is cmsweb.cern.ch
DEBUG 2020-12-10 07:32:56.377 UTC: 	 Command url /crabserver/prod/workflow
DEBUG 2020-12-10 07:32:56.487 UTC: 	 Got information from server oracle database: {u'result': [u'201210_072407:achhetri_crab_NanoPost1_Prov_False', u'None', u'None', u'SUBMITTED', u'SUBMIT', u'2020-12-10 07:24:07.313824', u'None', u'2020-12-10 07:24:48.930532', u'None', u'CMSSW_10_6_8', u'slc7_amd64_gcc700', u'/TprimeBToTH_M-1500_LH_TuneCP5_PSweights_13TeV-madgraph_pythia8/RunIISummer19UL17NanoAOD-106X_mc2017_realistic_v6-v1/NANOAODSIM', u'F', u'0', u'[]', u'[]', u'FileBased', u"{'splitOnRun': False, 'halt_job_on_file_boundaries': False, 'files_per_job': 1, 'runs': [], 'lumis': []}", u'6f1e1e373fec31fe55d18232f34244ca34eacadd8390c68d00e56488178d71c2.tar.gz', u'https://cmsweb.cern.ch/crabcache', u'achhetri', u'/DC=ch/DC=cern/OU=Organic Units/OU=Users/CN=achhetri/CN=804540/CN=Arjun Chhetri', u'cms', u'None', u'None', u'TprimeBToTH_M-1500_LH_RunIISummer19UL16-00000000000000000000000000000000', u'F', u'T3_CH_CERNBOX', u'https://cmsweb.cern.ch/dbs/prod/global/DBSReader', u'https://cmsweb.cern.ch/dbs/prod/phys03/DBSWriter', u'F', u'[]', u'[]', u"['tree.root']", u'Analysis', u'pythia', u'None', u'{}', u'[]', u'T', u'crab-prod-tw01', u'[]', u'1250', u'1', u'2000', u'10', u'None', u'[]', u'http://vocms0144.cern.ch/mon/cms341/201210_072407:achhetri_crab_NanoPost1_Prov_False', u'crab_script_Tprime.sh', u'[]', u'[]', u'https://cmsweb.cern.ch/crabserver/prod', u'cmsgwms-collector-global.cern.ch:9620,cmsgwms-collector-global.fnal.gov', u'crab3@vocms0144.cern.ch', u'F', u'[]', u'T', u'/store/user/achhetri/Tprime_v5_NANo_AOD_106X', u'F', u'None', u'F', u'None', u'TprimeBToTH_M-1500_LH_TuneCP5_PSweights_13TeV-madgraph_pythia8', u'None', u'12a5071df6f2f454a424efb9d39e60b81fedba6ef22fd0a565dd31d2c39e8a63.tar.gz', u'62348813', u'filetransfers', u'F', u'188.184.22.243', u'10.0', u'None'], u'desc': {u'columns': [u'tm_taskname', u'tm_activity', u'panda_jobset_id', u'tm_task_status', u'tm_task_command', u'tm_start_time', u'tm_start_injection', u'tm_end_injection', u'tm_task_failure', u'tm_job_sw', u'tm_job_arch', u'tm_input_dataset', u'tm_nonvalid_input_dataset', u'tm_use_parent', u'tm_site_whitelist', u'tm_site_blacklist', u'tm_split_algo', u'tm_split_args', u'tm_user_sandbox', u'tm_cache_url', u'tm_username', u'tm_user_dn', u'tm_user_vo', u'tm_user_role', u'tm_user_group', u'tm_publish_name', u'tm_publish_groupname', u'tm_asyncdest', u'tm_dbs_url', u'tm_publish_dbs_url', u'tm_publication', u'tm_outfiles', u'tm_tfile_outfiles', u'tm_edm_outfiles', u'tm_job_type', u'tm_generator', u'tm_events_per_lumi', u'tm_arguments', u'panda_resubmitted_jobs', u'tm_save_logs', u'tw_name', u'tm_user_infiles', u'tm_maxjobruntime', u'tm_numcores', u'tm_maxmemory', u'tm_priority', u'tm_output_dataset', u'tm_task_warnings', u'tm_user_webdir', u'tm_scriptexe', u'tm_scriptargs', u'tm_extrajdl', u'tm_asourl', u'tm_collector', u'tm_schedd', u'tm_dry_run', u'tm_user_files', u'tm_transfer_outputs', u'tm_output_lfn', u'tm_ignore_locality', u'tm_fail_limit', u'tm_one_event_mode', u'tm_secondary_input_dataset', u'tm_primary_dataset', u'tm_last_publication', u'tm_debug_files', u'clusterid', u'tm_asodb', u'tm_ignore_global_blacklist', u'tm_submitter_ip_addr', u'tm_totalunits', u'tm_ddm_reqid']}}
INFO 2020-12-10 07:32:56.488 UTC: 	 CRAB project directory:		/afs/cern.ch/user/a/achhetri/NANO_AOD/CMSSW_10_6_8/src/WTopScalefactorProducer/Skimmer/NANOcrab/crab_Tprime_v5_NANo_AOD_106X/crab_NanoPost1_Prov_False
INFO 2020-12-10 07:32:56.488 UTC: 	 Task name:			201210_072407:achhetri_crab_NanoPost1_Prov_False
INFO 2020-12-10 07:32:56.488 UTC: 	 Grid scheduler - Task Worker:	crab3@vocms0144.cern.ch - crab-prod-tw01
INFO 2020-12-10 07:32:56.488 UTC: 	 Status on the CRAB server:	SUBMITTED
INFO 2020-12-10 07:32:56.488 UTC: 	 Task URL to use for HELP:	https://cmsweb.cern.ch/crabserver/ui/task/201210_072407%3Aachhetri_crab_NanoPost1_Prov_False
INFO 2020-12-10 07:32:56.601 UTC: 	 Dashboard monitoring URL:	https://monit-grafana.cern.ch/d/cmsTMDetail/cms-task-monitoring-task-view?orgId=11&var-user=achhetri&var-task=201210_072407%3Aachhetri_crab_NanoPost1_Prov_False&from=1607581447000&to=now
INFO 2020-12-10 07:32:56.601 UTC: 	 In case of issues with the dashboard, please provide feedback to hn-cms-computing-tools@cern.ch
DEBUG 2020-12-10 07:32:56.601 UTC: 	 The CRAB server submitted your task to the Grid scheduler (cluster ID: 62348813)
DEBUG 2020-12-10 07:32:56.601 UTC: 	 Webdir is located at http://vocms0144.cern.ch/mon/cms341/201210_072407:achhetri_crab_NanoPost1_Prov_False
DEBUG 2020-12-10 07:32:56.968 UTC: 	 Proxied webdir is located at https://cmsweb.cern.ch/scheddmon/0144/cms341/201210_072407:achhetri_crab_NanoPost1_Prov_False
DEBUG 2020-12-10 07:32:56.968 UTC: 	 Retrieving 'status_cache' file from https://cmsweb.cern.ch/scheddmon/0144/cms341/201210_072407:achhetri_crab_NanoPost1_Prov_False/status_cache
DEBUG 2020-12-10 07:32:57.025 UTC: 	 Got information from status cache file: {'10': {'Retries': 0, 'WallDurations': [9.0, 153.56402802467346, 153.56402802467346], 'StartTimes': [1607585306.0], 'SubmitTimes': [1607585100.0], 'JobIds': ['62348845.0'], 'EndTimes': [], 'Restarts': 0, 'RecordedSite': True, 'State': 'running', 'ResidentSetSize': [2772], 'TotalUserCpuTimeHistory': [0.0], 'SiteHistory': ['Unknown', 'T2_US_MIT', 'T2_US_MIT'], 'TotalSysCpuTimeHistory': [0.0]}, '1': {'Retries': 1, 'WallDurations': [74.0, 0, 203.56402802467346], 'StartTimes': [1607585256.0], 'SubmitTimes': [1607585098.0, 1607585397.0], 'JobIds': ['62348836.0', '62348876.0'], 'EndTimes': [1607585330.0], 'Restarts': 0, 'RecordedSite': False, 'State': 'idle', 'ResidentSetSize': [2780, 0], 'TotalUserCpuTimeHistory': [33, 0.0], 'SiteHistory': ['Unknown', 'T2_CH_CERN', 'T2_CH_CERN'], 'TotalSysCpuTimeHistory': [2, 0.0]}, '3': {'Retries': 0, 'WallDurations': [84.0, 137.56402802467346, 137.56402802467346], 'StartTimes': [1607585322.0], 'SubmitTimes': [1607585099.0], 'JobIds': ['62348838.0'], 'EndTimes': [1607585406.0], 'Restarts': 0, 'RecordedSite': True, 'State': 'cooloff', 'ResidentSetSize': [36584], 'TotalUserCpuTimeHistory': [32], 'SiteHistory': ['Unknown', 'T2_US_Florida', 'T2_US_Florida'], 'TotalSysCpuTimeHistory': [1]}, '2': {'Retries': 0, 'WallDurations': [9.0, 153.56402802467346, 153.56402802467346], 'StartTimes': [1607585306.0], 'SubmitTimes': [1607585098.0], 'JobIds': ['62348837.0'], 'EndTimes': [], 'Restarts': 0, 'RecordedSite': True, 'State': 'running', 'ResidentSetSize': [72220], 'TotalUserCpuTimeHistory': [2.0], 'SiteHistory': ['Unknown', 'T2_US_Wisconsin', 'T2_US_Wisconsin'], 'TotalSysCpuTimeHistory': [0.0]}, '5': {'Retries': 0, 'WallDurations': [9.0, 203.56402802467346, 203.56402802467346], 'StartTimes': [1607585256.0], 'SubmitTimes': [1607585099.0], 'JobIds': ['62348840.0'], 'EndTimes': [], 'Restarts': 0, 'RecordedSite': True, 'State': 'running', 'ResidentSetSize': [2864], 'TotalUserCpuTimeHistory': [0.0], 'SiteHistory': ['Unknown', 'T2_CH_CERN', 'T2_CH_CERN'], 'TotalSysCpuTimeHistory': [0.0]}, '4': {'Retries': 0, 'WallDurations': [8.0, 202.56402802467346, 202.56402802467346], 'StartTimes': [1607585257.0], 'SubmitTimes': [1607585099.0], 'JobIds': ['62348839.0'], 'EndTimes': [], 'Restarts': 0, 'RecordedSite': True, 'State': 'running', 'ResidentSetSize': [2872], 'TotalUserCpuTimeHistory': [0.0], 'SiteHistory': ['Unknown', 'T2_CH_CERN', 'T2_CH_CERN'], 'TotalSysCpuTimeHistory': [0.0]}, '7': {'Retries': 0, 'WallDurations': [9.0, 202.56402802467346, 202.56402802467346], 'StartTimes': [1607585257.0], 'SubmitTimes': [1607585099.0], 'JobIds': ['62348842.0'], 'EndTimes': [], 'Restarts': 0, 'RecordedSite': True, 'State': 'running', 'ResidentSetSize': [26256], 'TotalUserCpuTimeHistory': [0.0], 'SiteHistory': ['Unknown', 'T2_CH_CERN', 'T2_CH_CERN'], 'TotalSysCpuTimeHistory': [0.0]}, '6': {'Retries': 0, 'WallDurations': [10.0, 153.56402802467346, 153.56402802467346], 'StartTimes': [1607585306.0], 'SubmitTimes': [1607585099.0], 'JobIds': ['62348841.0'], 'EndTimes': [], 'Restarts': 0, 'RecordedSite': True, 'State': 'running', 'ResidentSetSize': [2764], 'TotalUserCpuTimeHistory': [0.0], 'SiteHistory': ['Unknown', 'T2_US_MIT', 'T2_US_MIT'], 'TotalSysCpuTimeHistory': [0.0]}, '9': {'Retries': 0, 'WallDurations': [8.0, 152.56402802467346, 152.56402802467346], 'StartTimes': [1607585307.0], 'SubmitTimes': [1607585100.0], 'JobIds': ['62348844.0'], 'EndTimes': [], 'Restarts': 0, 'RecordedSite': True, 'State': 'running', 'ResidentSetSize': [55928], 'TotalUserCpuTimeHistory': [2.0], 'SiteHistory': ['Unknown', 'T2_US_Wisconsin', 'T2_US_Wisconsin'], 'TotalSysCpuTimeHistory': [0.0]}, '8': {'Retries': 0, 'WallDurations': [8.0, 151.56402802467346, 151.56402802467346], 'StartTimes': [1607585308.0], 'SubmitTimes': [1607585099.0], 'JobIds': ['62348843.0'], 'EndTimes': [], 'Restarts': 0, 'RecordedSite': True, 'State': 'running', 'ResidentSetSize': [2796], 'TotalUserCpuTimeHistory': [0.0], 'SiteHistory': ['Unknown', 'T2_US_Purdue', 'T2_US_Purdue'], 'TotalSysCpuTimeHistory': [0.0]}}
INFO 2020-12-10 07:32:57.025 UTC: 	 Status on the scheduler:	SUBMITTED
INFO 2020-12-10 07:32:57.026 UTC: 	 
Jobs status:                    idle         		 10.0% ( 1/10)
INFO 2020-12-10 07:32:57.026 UTC: 	 				running      		 80.0% ( 8/10)
INFO 2020-12-10 07:32:57.026 UTC: 	 				toRetry      		 10.0% ( 1/10)
INFO 2020-12-10 07:32:57.026 UTC: 	 
No publication information (publication has been disabled in the CRAB configuration file)
INFO 2020-12-10 07:32:57.026 UTC: 	 
Warning: the max jobs runtime is less than 30% of the task requested value (1250 min), please consider to request a lower value for failed jobs (allowed through crab resubmit) and/or improve the jobs splitting (e.g. config.Data.splitting = 'Automatic') in a new task.
INFO 2020-12-10 07:32:57.026 UTC: 	 
Warning: the average jobs CPU efficiency is less than 50%, please consider to improve the jobs splitting (e.g. config.Data.splitting = 'Automatic') in a new task
INFO 2020-12-10 07:32:57.026 UTC: 	 
Summary of run jobs:
 * Memory: 0MB min, 35MB max, 36MB ave
 * Runtime: 0:02:17 min, 0:02:17 max, 0:02:17 ave
 * CPU eff: 24% min, 24% max, 24% ave
 * Waste: 0:03:41 (62% of total)

INFO 2020-12-10 07:32:57.034 UTC: 	 Log file is /afs/cern.ch/user/a/achhetri/NANO_AOD/CMSSW_10_6_8/src/WTopScalefactorProducer/Skimmer/NANOcrab/crab_Tprime_v5_NANo_AOD_106X/crab_NanoPost1_Prov_False/crab.log
DEBUG 2020-12-10 08:38:40.417 UTC: 	 CRAB Client version: v3.201110
DEBUG 2020-12-10 08:38:40.418 UTC: 	 Running on: Linux lxplus794.cern.ch 3.10.0-1127.19.1.el7.x86_64 #1 SMP Tue Aug 25 17:23:54 UTC 2020 x86_64 x86_64 x86_64 GNU/Linux - CentOS Linux 7 (Core)
DEBUG 2020-12-10 08:38:40.418 UTC: 	 Executing command: 'status'
DEBUG 2020-12-10 08:38:40.418 UTC: 	 Found CRAB cache file /afs/cern.ch/user/a/achhetri/.crab3
DEBUG 2020-12-10 08:38:40.436 UTC: 	 Checking credentials
DEBUG 2020-12-10 08:38:40.436 UTC: 	 Found proxy file /tmp/x509up_u94350
DEBUG 2020-12-10 08:38:40.436 UTC: 	 Getting proxy life time left
DEBUG 2020-12-10 08:38:41.143 UTC: 	 Executing : 
 command : voms-proxy-info -file /tmp/x509up_u94350 -timeleft
 output : 682566

 error: 
 retcode : 0
DEBUG 2020-12-10 08:38:41.849 UTC: 	 Executing : 
 command : voms-proxy-info -file /tmp/x509up_u94350 -actimeleft
 output : 682566

 error: 
 retcode : 0
DEBUG 2020-12-10 08:38:41.850 UTC: 	 Proxy valid for 189:36:06 hours
DEBUG 2020-12-10 08:38:41.934 UTC: 	 Registering user credentials for server /DC=ch/DC=cern/OU=computers/CN=vocms0105.cern.ch|/DC=ch/DC=cern/OU=computers/CN=crab-(preprod|prod|dev)-tw(02|01).cern.ch|/DC=ch/DC=cern/OU=computers/CN=(ddi|ddidk|mytw).cern.ch|/DC=ch/DC=cern/OU=computers/CN=stefanov(m|m2).cern.ch
DEBUG 2020-12-10 08:38:42.647 UTC: 	 Executing : 
 command : voms-proxy-info -file /tmp/x509up_u94350 -identity
 output : /DC=ch/DC=cern/OU=Organic Units/OU=Users/CN=achhetri/CN=804540/CN=Arjun Chhetri

 error: 
 retcode : 0
DEBUG 2020-12-10 08:38:42.655 UTC: 	 Getting myproxy life time left for myproxy.cern.ch
DEBUG 2020-12-10 08:38:42.655 UTC: 	 using eb0e67adc2dd9eb1770413a4ffd073f562b86f05 as credential login name
DEBUG 2020-12-10 08:38:42.959 UTC: 	 Executing : 
 command : myproxy-info -l eb0e67adc2dd9eb1770413a4ffd073f562b86f05 -s myproxy.cern.ch
 output : username: eb0e67adc2dd9eb1770413a4ffd073f562b86f05
owner: /DC=ch/DC=cern/OU=Organic Units/OU=Users/CN=achhetri/CN=804540/CN=Arjun Chhetri
  renewal policy: /DC=ch/DC=cern/OU=computers/CN=vocms0105.cern.ch|/DC=ch/DC=cern/OU=computers/CN=crab-(preprod|prod|dev)-tw(02|01).cern.ch|/DC=ch/DC=cern/OU=computers/CN=(ddi|ddidk|mytw).cern.ch|/DC=ch/DC=cern/OU=computers/CN=stefanov(m|m2).cern.ch
  trusted retrieval policy: /DC=ch/DC=cern/OU=computers/CN=vocms0105.cern.ch|/DC=ch/DC=cern/OU=computers/CN=crab-(preprod|prod|dev)-tw(02|01).cern.ch|/DC=ch/DC=cern/OU=computers/CN=(ddi|ddidk|mytw).cern.ch|/DC=ch/DC=cern/OU=computers/CN=stefanov(m|m2).cern.ch
  timeleft: 362:40:34  (15.1 days)

 error: 
 retcode : 0
DEBUG 2020-12-10 08:38:42.960 UTC: 	 Myproxy is valid: 1305634
DEBUG 2020-12-10 08:38:42.960 UTC: 	 Retrieving username ...
DEBUG 2020-12-10 08:38:42.960 UTC: 	 Retrieving username from CRIC...
DEBUG 2020-12-10 08:38:43.702 UTC: 	 username is achhetri
DEBUG 2020-12-10 08:38:43.708 UTC: 	 Getting myproxy life time left for myproxy.cern.ch
DEBUG 2020-12-10 08:38:43.708 UTC: 	 using achhetri_CRAB as credential login name
DEBUG 2020-12-10 08:38:44.012 UTC: 	 Executing : 
 command : myproxy-info -l achhetri_CRAB -s myproxy.cern.ch
 output : username: achhetri_CRAB
owner: /DC=ch/DC=cern/OU=Organic Units/OU=Users/CN=achhetri/CN=804540/CN=Arjun Chhetri
  renewal policy: /DC=ch/DC=cern/OU=computers/CN=vocms0105.cern.ch|/DC=ch/DC=cern/OU=computers/CN=crab-(preprod|prod|dev)-tw(02|01).cern.ch|/DC=ch/DC=cern/OU=computers/CN=(ddi|ddidk|mytw).cern.ch|/DC=ch/DC=cern/OU=computers/CN=stefanov(m|m2).cern.ch
  trusted retrieval policy: /DC=ch/DC=cern/OU=computers/CN=vocms0105.cern.ch|/DC=ch/DC=cern/OU=computers/CN=crab-(preprod|prod|dev)-tw(02|01).cern.ch|/DC=ch/DC=cern/OU=computers/CN=(ddi|ddidk|mytw).cern.ch|/DC=ch/DC=cern/OU=computers/CN=stefanov(m|m2).cern.ch
  timeleft: 362:23:44  (15.1 days)

 error: 
 retcode : 0
DEBUG 2020-12-10 08:38:44.012 UTC: 	 Myproxy is valid: 1304624
DEBUG 2020-12-10 08:38:44.012 UTC: 	 Result of myproxy credential check:
  Credential exists on myproxy: username: eb0e67adc2dd9eb1770413a4ffd073f562b86f05  - validity: 15 days, 2:40:34
  Credential exists on myproxy: username: achhetri_CRAB  - validity: 15 days, 2:23:44
DEBUG 2020-12-10 08:38:44.013 UTC: 	 Command use: status
DEBUG 2020-12-10 08:38:44.013 UTC: 	 Options use: ['-d', 'crab_Tprime_v5_NANo_AOD_106X/crab_NanoPost1_Prov_False']
DEBUG 2020-12-10 08:38:44.082 UTC: 	 CRABClient version: v3.201110
DEBUG 2020-12-10 08:38:44.082 UTC: 	 Instance is prod
DEBUG 2020-12-10 08:38:44.082 UTC: 	 Server base url is cmsweb.cern.ch
DEBUG 2020-12-10 08:38:44.082 UTC: 	 Command url /crabserver/prod/workflow
DEBUG 2020-12-10 08:38:44.166 UTC: 	 Got information from server oracle database: {u'result': [u'201210_072407:achhetri_crab_NanoPost1_Prov_False', u'None', u'None', u'SUBMITTED', u'SUBMIT', u'2020-12-10 07:24:07.313824', u'None', u'2020-12-10 07:24:48.930532', u'None', u'CMSSW_10_6_8', u'slc7_amd64_gcc700', u'/TprimeBToTH_M-1500_LH_TuneCP5_PSweights_13TeV-madgraph_pythia8/RunIISummer19UL17NanoAOD-106X_mc2017_realistic_v6-v1/NANOAODSIM', u'F', u'0', u'[]', u'[]', u'FileBased', u"{'splitOnRun': False, 'halt_job_on_file_boundaries': False, 'files_per_job': 1, 'runs': [], 'lumis': []}", u'6f1e1e373fec31fe55d18232f34244ca34eacadd8390c68d00e56488178d71c2.tar.gz', u'https://cmsweb.cern.ch/crabcache', u'achhetri', u'/DC=ch/DC=cern/OU=Organic Units/OU=Users/CN=achhetri/CN=804540/CN=Arjun Chhetri', u'cms', u'None', u'None', u'TprimeBToTH_M-1500_LH_RunIISummer19UL16-00000000000000000000000000000000', u'F', u'T3_CH_CERNBOX', u'https://cmsweb.cern.ch/dbs/prod/global/DBSReader', u'https://cmsweb.cern.ch/dbs/prod/phys03/DBSWriter', u'F', u'[]', u'[]', u"['tree.root']", u'Analysis', u'pythia', u'None', u'{}', u'[]', u'T', u'crab-prod-tw01', u'[]', u'1250', u'1', u'2000', u'10', u'None', u'[]', u'http://vocms0144.cern.ch/mon/cms341/201210_072407:achhetri_crab_NanoPost1_Prov_False', u'crab_script_Tprime.sh', u'[]', u'[]', u'https://cmsweb.cern.ch/crabserver/prod', u'cmsgwms-collector-global.cern.ch:9620,cmsgwms-collector-global.fnal.gov', u'crab3@vocms0144.cern.ch', u'F', u'[]', u'T', u'/store/user/achhetri/Tprime_v5_NANo_AOD_106X', u'F', u'None', u'F', u'None', u'TprimeBToTH_M-1500_LH_TuneCP5_PSweights_13TeV-madgraph_pythia8', u'None', u'12a5071df6f2f454a424efb9d39e60b81fedba6ef22fd0a565dd31d2c39e8a63.tar.gz', u'62348813', u'filetransfers', u'F', u'188.184.22.243', u'10.0', u'None'], u'desc': {u'columns': [u'tm_taskname', u'tm_activity', u'panda_jobset_id', u'tm_task_status', u'tm_task_command', u'tm_start_time', u'tm_start_injection', u'tm_end_injection', u'tm_task_failure', u'tm_job_sw', u'tm_job_arch', u'tm_input_dataset', u'tm_nonvalid_input_dataset', u'tm_use_parent', u'tm_site_whitelist', u'tm_site_blacklist', u'tm_split_algo', u'tm_split_args', u'tm_user_sandbox', u'tm_cache_url', u'tm_username', u'tm_user_dn', u'tm_user_vo', u'tm_user_role', u'tm_user_group', u'tm_publish_name', u'tm_publish_groupname', u'tm_asyncdest', u'tm_dbs_url', u'tm_publish_dbs_url', u'tm_publication', u'tm_outfiles', u'tm_tfile_outfiles', u'tm_edm_outfiles', u'tm_job_type', u'tm_generator', u'tm_events_per_lumi', u'tm_arguments', u'panda_resubmitted_jobs', u'tm_save_logs', u'tw_name', u'tm_user_infiles', u'tm_maxjobruntime', u'tm_numcores', u'tm_maxmemory', u'tm_priority', u'tm_output_dataset', u'tm_task_warnings', u'tm_user_webdir', u'tm_scriptexe', u'tm_scriptargs', u'tm_extrajdl', u'tm_asourl', u'tm_collector', u'tm_schedd', u'tm_dry_run', u'tm_user_files', u'tm_transfer_outputs', u'tm_output_lfn', u'tm_ignore_locality', u'tm_fail_limit', u'tm_one_event_mode', u'tm_secondary_input_dataset', u'tm_primary_dataset', u'tm_last_publication', u'tm_debug_files', u'clusterid', u'tm_asodb', u'tm_ignore_global_blacklist', u'tm_submitter_ip_addr', u'tm_totalunits', u'tm_ddm_reqid']}}
INFO 2020-12-10 08:38:44.166 UTC: 	 CRAB project directory:		/afs/cern.ch/user/a/achhetri/NANO_AOD/CMSSW_10_6_8/src/WTopScalefactorProducer/Skimmer/NANOcrab/crab_Tprime_v5_NANo_AOD_106X/crab_NanoPost1_Prov_False
INFO 2020-12-10 08:38:44.166 UTC: 	 Task name:			201210_072407:achhetri_crab_NanoPost1_Prov_False
INFO 2020-12-10 08:38:44.166 UTC: 	 Grid scheduler - Task Worker:	crab3@vocms0144.cern.ch - crab-prod-tw01
INFO 2020-12-10 08:38:44.166 UTC: 	 Status on the CRAB server:	SUBMITTED
INFO 2020-12-10 08:38:44.167 UTC: 	 Task URL to use for HELP:	https://cmsweb.cern.ch/crabserver/ui/task/201210_072407%3Aachhetri_crab_NanoPost1_Prov_False
INFO 2020-12-10 08:38:44.172 UTC: 	 Dashboard monitoring URL:	https://monit-grafana.cern.ch/d/cmsTMDetail/cms-task-monitoring-task-view?orgId=11&var-user=achhetri&var-task=201210_072407%3Aachhetri_crab_NanoPost1_Prov_False&from=1607581447000&to=now
INFO 2020-12-10 08:38:44.172 UTC: 	 In case of issues with the dashboard, please provide feedback to hn-cms-computing-tools@cern.ch
DEBUG 2020-12-10 08:38:44.172 UTC: 	 The CRAB server submitted your task to the Grid scheduler (cluster ID: 62348813)
DEBUG 2020-12-10 08:38:44.172 UTC: 	 Webdir is located at http://vocms0144.cern.ch/mon/cms341/201210_072407:achhetri_crab_NanoPost1_Prov_False
DEBUG 2020-12-10 08:38:44.267 UTC: 	 Proxied webdir is located at https://cmsweb.cern.ch/scheddmon/0144/cms341/201210_072407:achhetri_crab_NanoPost1_Prov_False
DEBUG 2020-12-10 08:38:44.267 UTC: 	 Retrieving 'status_cache' file from https://cmsweb.cern.ch/scheddmon/0144/cms341/201210_072407:achhetri_crab_NanoPost1_Prov_False/status_cache
DEBUG 2020-12-10 08:38:44.314 UTC: 	 Got information from status cache file: {'10': {'Retries': 2, 'WallDurations': [9.0, 153.56402802467346, 466.0, 9.0, 253.0, 8.0, 207.0], 'StartTimes': [1607585306.0, 1607585922.0, 1607586330.0], 'SubmitTimes': [1607585100.0, 1607585845.0, 1607586304.0], 'JobIds': ['62348845.0', '62349024.0', '62349242.0'], 'EndTimes': [1607585772.0, 1607586175.0, 1607586537.0], 'Restarts': 0, 'RecordedSite': True, 'State': 'failed', 'ResidentSetSize': [429052, 47672, 3080], 'Error': [-1, 'The framework job report could be loaded, but no error message was found there.', {}], 'TotalUserCpuTimeHistory': [137, 155, 63], 'SiteHistory': ['Unknown', 'T2_US_MIT', 'T2_US_MIT', 'T2_DE_DESY', 'T2_DE_DESY', 'T2_UK_London_IC', 'T2_UK_London_IC'], 'TotalSysCpuTimeHistory': [14, 11, 5]}, '1': {'Retries': 2, 'WallDurations': [74.0, 0, 135.0, 0, 191.0, 280.9090600013733, 280.9090600013733], 'StartTimes': [1607585256.0, 1607585478.0, 1607585779.0], 'SubmitTimes': [1607585098.0, 1607585397.0, 1607585740.0], 'JobIds': ['62348836.0', '62348876.0', '62348972.0'], 'EndTimes': [1607585330.0, 1607585613.0, 1607585970.0], 'Restarts': 0, 'RecordedSite': True, 'State': 'failed', 'ResidentSetSize': [2780, 63716, 45500], 'Error': [-1, 'The framework job report could be loaded, but no error message was found there.', {}], 'TotalUserCpuTimeHistory': [33, 83, 63], 'SiteHistory': ['Unknown', 'T2_CH_CERN', 'T2_CH_CERN', 'T2_CH_CERN', 'T2_CH_CERN', 'T2_US_MIT', 'T2_US_MIT'], 'TotalSysCpuTimeHistory': [2, 6, 7]}, '3': {'Retries': 2, 'WallDurations': [84.0, 137.56402802467346, 137.56402802467346, 211.0, 251.73218989372253, 9.0, 85.0], 'StartTimes': [1607585322.0, 1607585508.0, 1607585976.0], 'SubmitTimes': [1607585099.0, 1607585472.0, 1607585845.0], 'JobIds': ['62348838.0', '62348877.0', '62349025.0'], 'TotalUserCpuTimeHistory': [32, 46, 48], 'EndTimes': [1607585406.0, 1607585719.0, 1607586061.0], 'Restarts': 0, 'RecordedSite': True, 'State': 'failed', 'ResidentSetSize': [36584, 6712, 2964], 'Error': [-1, 'The framework job report could be loaded, but no error message was found there.', {}], 'SiteHistory': ['Unknown', 'T2_US_Florida', 'T2_US_Florida', 'T2_US_Wisconsin', 'T2_US_Wisconsin', 'T1_RU_JINR', 'T1_RU_JINR'], 'TotalSysCpuTimeHistory': [1, 3, 3]}, '2': {'Retries': 2, 'WallDurations': [9.0, 153.56402802467346, 287.0, 9.0, 221.0, 9.0, 80.0], 'StartTimes': [1607585306.0, 1607585734.0, 1607586328.0], 'SubmitTimes': [1607585098.0, 1607585659.0, 1607586083.0], 'JobIds': ['62348837.0', '62348967.0', '62349162.0'], 'EndTimes': [1607585593.0, 1607585955.0, 1607586408.0], 'Restarts': 0, 'RecordedSite': True, 'State': 'failed', 'ResidentSetSize': [72220, 2804, 2968], 'Error': [-1, 'The framework job report could be loaded, but no error message was found there.', {}], 'TotalUserCpuTimeHistory': [76, 67, 47], 'SiteHistory': ['Unknown', 'T2_US_Wisconsin', 'T2_US_Wisconsin', 'T2_IT_Legnaro', 'T2_IT_Legnaro', 'T1_RU_JINR', 'T1_RU_JINR'], 'TotalSysCpuTimeHistory': [5, 5, 3]}, '5': {'Retries': 2, 'WallDurations': [9.0, 203.56402802467346, 240.0, 8.0, 192.0, 8.0, 224.0], 'StartTimes': [1607585256.0, 1607585734.0, 1607586180.0], 'SubmitTimes': [1607585099.0, 1607585563.0, 1607586063.0], 'JobIds': ['62348840.0', '62348964.0', '62349144.0'], 'EndTimes': [1607585496.0, 1607585926.0, 1607586404.0], 'Restarts': 0, 'RecordedSite': True, 'State': 'failed', 'ResidentSetSize': [45116, 2820, 29568], 'Error': [-1, 'The framework job report could be loaded, but no error message was found there.', {}], 'TotalUserCpuTimeHistory': [155, 142, 151], 'SiteHistory': ['Unknown', 'T2_CH_CERN', 'T2_CH_CERN', 'T2_DE_DESY', 'T2_DE_DESY', 'T2_DE_DESY', 'T2_DE_DESY'], 'TotalSysCpuTimeHistory': [12, 13, 11]}, '4': {'Retries': 2, 'WallDurations': [8.0, 202.56402802467346, 218.0, 8.0, 210.0, 9.0, 31.086266040802002, 213.0], 'StartTimes': [1607585257.0, 1607585616.0, 1607586329.0], 'SubmitTimes': [1607585099.0, 1607585543.0, 1607585956.0], 'JobIds': ['62348839.0', '62348937.0', '62349084.0'], 'EndTimes': [1607585475.0, 1607585826.0, 1607586542.0], 'Restarts': 0, 'RecordedSite': True, 'State': 'failed', 'ResidentSetSize': [2872, 47048, 2820], 'Error': [-1, 'The framework job report could be loaded, but no error message was found there.', {}], 'TotalUserCpuTimeHistory': [156, 152, 155], 'SiteHistory': ['Unknown', 'T2_CH_CERN', 'T2_CH_CERN', 'T2_CH_CERN', 'T2_CH_CERN', 'Unknown', 'T2_IT_Legnaro', 'T2_IT_Legnaro'], 'TotalSysCpuTimeHistory': [10, 10, 14]}, '7': {'Retries': 0, 'WallDurations': [9.0, 202.56402802467346, 2110.0], 'StartTimes': [1607585257.0], 'SubmitTimes': [1607585099.0], 'JobIds': ['62348842.0'], 'EndTimes': [], 'Restarts': 0, 'RecordedSite': True, 'State': 'running', 'ResidentSetSize': [521760], 'TotalUserCpuTimeHistory': [1864.0], 'SiteHistory': ['Unknown', 'T2_CH_CERN', 'T2_CH_CERN'], 'TotalSysCpuTimeHistory': [179.0]}, '6': {'Retries': 2, 'WallDurations': [10.0, 153.56402802467346, 1273.0, 9.0, 186.43934106826782, 1272.0, 9.0, 863.0], 'StartTimes': [1607585306.0, 1607586774.0, 1607588324.0], 'SubmitTimes': [1607585099.0, 1607586651.0, 1607588176.0], 'JobIds': ['62348841.0', '62349394.0', '62350308.0'], 'TotalUserCpuTimeHistory': [791, 973, 762], 'EndTimes': [1607586579.0, 1607588046.0, 1607589187.0], 'Restarts': 0, 'RecordedSite': True, 'State': 'failed', 'ResidentSetSize': [489268, 491736, 494048], 'Error': [-1, 'The framework job report could be loaded, but no error message was found there.', {}], 'SiteHistory': ['Unknown', 'T2_US_MIT', 'T2_US_MIT', 'Unknown', 'T2_IT_Bari', 'T2_IT_Bari', 'T2_US_Nebraska', 'T2_US_Nebraska'], 'TotalSysCpuTimeHistory': [50, 64, 47]}, '9': {'Retries': 2, 'WallDurations': [8.0, 152.56402802467346, 193.0, 139.0, 159.73218989372253, 94.0, 173.9090600013733], 'StartTimes': [1607585307.0, 1607585600.0, 1607585886.0], 'SubmitTimes': [1607585100.0, 1607585568.0, 1607585870.0], 'JobIds': ['62348844.0', '62348965.0', '62349049.0'], 'EndTimes': [1607585500.0, 1607585739.0, 1607585980.0], 'Restarts': 0, 'RecordedSite': True, 'State': 'failed', 'ResidentSetSize': [55928, 52964, 58616], 'Error': [-1, 'The framework job report could be loaded, but no error message was found there.', {}], 'TotalUserCpuTimeHistory': [45, 74, 52], 'SiteHistory': ['Unknown', 'T2_US_Wisconsin', 'T2_US_Wisconsin', 'T2_US_Wisconsin', 'T2_US_Wisconsin', 'T2_US_Wisconsin', 'T2_US_Wisconsin'], 'TotalSysCpuTimeHistory': [2, 7, 3]}, '8': {'Retries': 2, 'WallDurations': [8.0, 151.56402802467346, 240.0, 8.0, 150.0, 139.0, 230.086266040802, 230.086266040802], 'StartTimes': [1607585308.0, 1607585728.0, 1607586130.0], 'SubmitTimes': [1607585099.0, 1607585614.0, 1607586007.0], 'JobIds': ['62348843.0', '62348966.0', '62349104.0'], 'TotalUserCpuTimeHistory': [73, 83, 95], 'EndTimes': [1607585548.0, 1607585878.0, 1607586269.0], 'Restarts': 0, 'RecordedSite': True, 'State': 'failed', 'ResidentSetSize': [2796, 59612, 45700], 'Error': [-1, 'The framework job report could be loaded, but no error message was found there.', {}], 'SiteHistory': ['Unknown', 'T2_US_Purdue', 'T2_US_Purdue', 'T2_US_Wisconsin', 'T2_US_Wisconsin', 'Unknown', 'T1_RU_JINR', 'T1_RU_JINR'], 'TotalSysCpuTimeHistory': [6, 4, 7]}}
INFO 2020-12-10 08:38:44.315 UTC: 	 Status on the scheduler:	SUBMITTED
INFO 2020-12-10 08:38:44.315 UTC: 	 
Jobs status:                    failed       		 90.0% ( 9/10)
INFO 2020-12-10 08:38:44.315 UTC: 	 				running      		 10.0% ( 1/10)
INFO 2020-12-10 08:38:44.315 UTC: 	 
No publication information (publication has been disabled in the CRAB configuration file)
INFO 2020-12-10 08:38:44.315 UTC: 	 
Error Summary: (use crab status --verboseErrors for details about the errors)

 9 jobs failed with exit code -1

Have a look at https://twiki.cern.ch/twiki/bin/viewauth/CMSPublic/JobExitCodes for a description of the exit codes.
INFO 2020-12-10 08:38:44.315 UTC: 	 
Warning: the max jobs runtime is less than 30% of the task requested value (1250 min), please consider to request a lower value for failed jobs (allowed through crab resubmit) and/or improve the jobs splitting (e.g. config.Data.splitting = 'Automatic') in a new task.
INFO 2020-12-10 08:38:44.316 UTC: 	 
Summary of run jobs:
 * Memory: 44MB min, 482MB max, 74MB ave
 * Runtime: 0:01:20 min, 0:14:23 max, 0:04:21 ave
 * CPU eff: 25% min, 94% max, 65% ave
 * Waste: 2:30:32 (79% of total)

INFO 2020-12-10 08:38:44.318 UTC: 	 Log file is /afs/cern.ch/user/a/achhetri/NANO_AOD/CMSSW_10_6_8/src/WTopScalefactorProducer/Skimmer/NANOcrab/crab_Tprime_v5_NANo_AOD_106X/crab_NanoPost1_Prov_False/crab.log
