DEBUG 2020-12-21 13:39:42.901 UTC: 	 CRAB Client version: v3.201110
DEBUG 2020-12-21 13:39:42.902 UTC: 	 Running on: Linux lxplus727.cern.ch 3.10.0-1160.2.2.el7.x86_64 #1 SMP Tue Oct 20 16:53:08 UTC 2020 x86_64 x86_64 x86_64 GNU/Linux - CentOS Linux 7 (Core)
DEBUG 2020-12-21 13:39:42.902 UTC: 	 Executing command: 'submit'
DEBUG 2020-12-21 13:39:42.912 UTC: 	 Found CRAB cache file /afs/cern.ch/user/a/achhetri/.crab3
DEBUG 2020-12-21 13:39:42.913 UTC: 	 Will use CRAB Analysis plugin (i.e. will run an analysis job type).
DEBUG 2020-12-21 13:39:42.974 UTC: 	 Checking credentials
DEBUG 2020-12-21 13:39:42.975 UTC: 	 Found proxy file /tmp/x509up_u94350
DEBUG 2020-12-21 13:39:42.975 UTC: 	 Getting proxy life time left
DEBUG 2020-12-21 13:39:43.682 UTC: 	 Executing : 
 command : voms-proxy-info -file /tmp/x509up_u94350 -timeleft
 output : 617287

 error: 
 retcode : 0
DEBUG 2020-12-21 13:39:44.397 UTC: 	 Executing : 
 command : voms-proxy-info -file /tmp/x509up_u94350 -actimeleft
 output : 617286

 error: 
 retcode : 0
DEBUG 2020-12-21 13:39:44.398 UTC: 	 Proxy lifetime 617287 secs is different from voms extension lifetime 617286 secs for proxy: /tmp/x509up_u94350
DEBUG 2020-12-21 13:39:44.398 UTC: 	 Proxy valid for 171:28:06 hours
DEBUG 2020-12-21 13:39:45.105 UTC: 	 Executing : 
 command : env X509_USER_PROXY=/tmp/x509up_u94350 voms-proxy-info -fqan
 output : /cms/Role=NULL/Capability=NULL

 error: 
 retcode : 0
DEBUG 2020-12-21 13:39:45.275 UTC: 	 Registering user credentials for server /DC=ch/DC=cern/OU=computers/CN=vocms0105.cern.ch|/DC=ch/DC=cern/OU=computers/CN=crab-(preprod|prod|dev)-tw(02|01).cern.ch|/DC=ch/DC=cern/OU=computers/CN=(ddi|ddidk|mytw).cern.ch|/DC=ch/DC=cern/OU=computers/CN=stefanov(m|m2).cern.ch
DEBUG 2020-12-21 13:39:45.992 UTC: 	 Executing : 
 command : voms-proxy-info -file /tmp/x509up_u94350 -identity
 output : /DC=ch/DC=cern/OU=Organic Units/OU=Users/CN=achhetri/CN=804540/CN=Arjun Chhetri

 error: 
 retcode : 0
DEBUG 2020-12-21 13:39:45.999 UTC: 	 Getting myproxy life time left for myproxy.cern.ch
DEBUG 2020-12-21 13:39:46.000 UTC: 	 using eb0e67adc2dd9eb1770413a4ffd073f562b86f05 as credential login name
DEBUG 2020-12-21 13:39:46.304 UTC: 	 Executing : 
 command : myproxy-info -l eb0e67adc2dd9eb1770413a4ffd073f562b86f05 -s myproxy.cern.ch
 output : username: eb0e67adc2dd9eb1770413a4ffd073f562b86f05
owner: /DC=ch/DC=cern/OU=Organic Units/OU=Users/CN=achhetri/CN=804540/CN=Arjun Chhetri
  renewal policy: /DC=ch/DC=cern/OU=computers/CN=vocms0105.cern.ch|/DC=ch/DC=cern/OU=computers/CN=crab-(preprod|prod|dev)-tw(02|01).cern.ch|/DC=ch/DC=cern/OU=computers/CN=(ddi|ddidk|mytw).cern.ch|/DC=ch/DC=cern/OU=computers/CN=stefanov(m|m2).cern.ch
  trusted retrieval policy: /DC=ch/DC=cern/OU=computers/CN=vocms0105.cern.ch|/DC=ch/DC=cern/OU=computers/CN=crab-(preprod|prod|dev)-tw(02|01).cern.ch|/DC=ch/DC=cern/OU=computers/CN=(ddi|ddidk|mytw).cern.ch|/DC=ch/DC=cern/OU=computers/CN=stefanov(m|m2).cern.ch
  timeleft: 576:44:17  (24.0 days)

 error: 
 retcode : 0
DEBUG 2020-12-21 13:39:46.305 UTC: 	 Myproxy is valid: 2076257
DEBUG 2020-12-21 13:39:46.305 UTC: 	 Retrieving username ...
DEBUG 2020-12-21 13:39:46.305 UTC: 	 Retrieving username from CRIC...
DEBUG 2020-12-21 13:39:46.939 UTC: 	 username is achhetri
DEBUG 2020-12-21 13:39:46.946 UTC: 	 Getting myproxy life time left for myproxy.cern.ch
DEBUG 2020-12-21 13:39:46.946 UTC: 	 using achhetri_CRAB as credential login name
DEBUG 2020-12-21 13:39:47.250 UTC: 	 Executing : 
 command : myproxy-info -l achhetri_CRAB -s myproxy.cern.ch
 output : username: achhetri_CRAB
owner: /DC=ch/DC=cern/OU=Organic Units/OU=Users/CN=achhetri/CN=804540/CN=Arjun Chhetri
  renewal policy: /DC=ch/DC=cern/OU=computers/CN=vocms0105.cern.ch|/DC=ch/DC=cern/OU=computers/CN=crab-(preprod|prod|dev)-tw(02|01).cern.ch|/DC=ch/DC=cern/OU=computers/CN=(ddi|ddidk|mytw).cern.ch|/DC=ch/DC=cern/OU=computers/CN=stefanov(m|m2).cern.ch
  trusted retrieval policy: /DC=ch/DC=cern/OU=computers/CN=vocms0105.cern.ch|/DC=ch/DC=cern/OU=computers/CN=crab-(preprod|prod|dev)-tw(02|01).cern.ch|/DC=ch/DC=cern/OU=computers/CN=(ddi|ddidk|mytw).cern.ch|/DC=ch/DC=cern/OU=computers/CN=stefanov(m|m2).cern.ch
  timeleft: 576:45:17  (24.0 days)

 error: 
 retcode : 0
DEBUG 2020-12-21 13:39:47.250 UTC: 	 Myproxy is valid: 2076317
DEBUG 2020-12-21 13:39:47.251 UTC: 	 Result of myproxy credential check:
  Credential exists on myproxy: username: eb0e67adc2dd9eb1770413a4ffd073f562b86f05  - validity: 24 days, 0:44:17
  Credential exists on myproxy: username: achhetri_CRAB  - validity: 24 days, 0:45:17
DEBUG 2020-12-21 13:39:47.251 UTC: 	 Command use: submit
DEBUG 2020-12-21 13:39:47.251 UTC: 	 Options use: ['--config', <WMCore.Configuration.Configuration object at 0x7f22d65d7b90>]
DEBUG 2020-12-21 13:39:47.382 UTC: 	 CRABClient version: v3.201110
DEBUG 2020-12-21 13:39:47.382 UTC: 	 Instance is prod
DEBUG 2020-12-21 13:39:47.382 UTC: 	 Server base url is cmsweb-k8s-prod.cern.ch
DEBUG 2020-12-21 13:39:47.382 UTC: 	 Command url /crabserver/prod/workflow
DEBUG 2020-12-21 13:39:47.382 UTC: 	 Started submission
DEBUG 2020-12-21 13:39:47.382 UTC: 	 Working on /afs/cern.ch/user/a/achhetri/NANO_AOD/CMSSW_10_6_8/src/WTopScalefactorProducer/Skimmer/NANOcrab/crab_Tprime_v5_NANo_AOD_106X/crab_QCD_Pt120to170
DEBUG 2020-12-21 13:39:47.594 UTC: 	 Loading required information from the environment
DEBUG 2020-12-21 13:39:47.594 UTC: 	 Found CMSSW_10_6_8 for slc7_amd64_gcc700 with base /afs/cern.ch/user/a/achhetri/NANO_AOD/CMSSW_10_6_8
DEBUG 2020-12-21 13:39:47.594 UTC: 	 Loading required information from the environment
DEBUG 2020-12-21 13:39:47.594 UTC: 	 Found CMSSW_10_6_8 for slc7_amd64_gcc700 with base /afs/cern.ch/user/a/achhetri/NANO_AOD/CMSSW_10_6_8
DEBUG 2020-12-21 13:39:47.594 UTC: 	 UNIQUE NAME: tarUUID 5cad6384-f319-408f-81fe-e76237ad3c63 
DEBUG 2020-12-21 13:39:47.595 UTC: 	 self.config: from WMCore.Configuration import Configuration
config = Configuration()
config.section_('General')
config.General.transferLogs = True
config.General.workArea = 'crab_Tprime_v5_NANo_AOD_106X'
config.General.requestName = 'QCD_Pt120to170'
config.section_('JobType')
config.JobType.scriptExe = 'crab_script_Tprime.sh'
config.JobType.pluginName = 'Analysis'
config.JobType.sendPythonFolder = True
config.JobType.allowUndistributedCMSSW = True
config.JobType.psetName = 'PSet.py'
config.JobType.inputFiles = ['TprimeBToTH_LH_RunIISummer19UL16_Skimmer.py', 'keep_and_drop.txt', '../../../PhysicsTools/NanoAODTools/scripts/haddnano.py']
config.section_('Data')
config.Data.inputDataset = '/QCD_Pt-120to170_MuEnrichedPt5_TuneCP5_13TeV_pythia8/RunIISummer19UL17NanoAOD-106X_mc2017_realistic_v6-v1/NANOAODSIM'
config.Data.outputDatasetTag = 'QCD_Pt120to170'
config.Data.publication = False
config.Data.unitsPerJob = 1
config.Data.inputDBS = 'global'
config.Data.splitting = 'FileBased'
config.Data.outLFNDirBase = '/store/user/achhetri/Tprime_v5_NANo_AOD_106X'
config.Data.totalUnits = 5
config.section_('Site')
config.Site.storageSite = 'T3_CH_CERNBOX'
config.section_('User')
config.section_('Debug')

DEBUG 2020-12-21 13:39:47.595 UTC: 	 self.config.JobType.psetName: PSet.py
INFO 2020-12-21 13:39:47.595 UTC: 	 Importing CMSSW configuration PSet.py
INFO 2020-12-21 13:39:48.257 UTC: 	 Finished importing CMSSW configuration PSet.py
DEBUG 2020-12-21 13:39:48.257 UTC: 	 Writing CMSSW configuration to /afs/cern.ch/user/a/achhetri/NANO_AOD/CMSSW_10_6_8/src/WTopScalefactorProducer/Skimmer/NANOcrab/crab_Tprime_v5_NANo_AOD_106X/crab_QCD_Pt120to170/inputs/PSet.py
DEBUG 2020-12-21 13:39:48.267 UTC: 	 The following EDM output files will be collected: ['tree.root']
DEBUG 2020-12-21 13:39:48.267 UTC: 	 The following TFile output files will be collected: []
DEBUG 2020-12-21 13:39:48.267 UTC: 	 The following user output files (not listed as PoolOuputModule or TFileService in the CMSSW PSet) will be collected: 
DEBUG 2020-12-21 13:39:48.267 UTC: 	 Loading required information from the environment
DEBUG 2020-12-21 13:39:48.267 UTC: 	 Found CMSSW_10_6_8 for slc7_amd64_gcc700 with base /afs/cern.ch/user/a/achhetri/NANO_AOD/CMSSW_10_6_8
DEBUG 2020-12-21 13:39:48.267 UTC: 	 Making tarball in /afs/cern.ch/user/a/achhetri/NANO_AOD/CMSSW_10_6_8/src/WTopScalefactorProducer/Skimmer/NANOcrab/crab_Tprime_v5_NANo_AOD_106X/crab_QCD_Pt120to170/inputs/5cad6384-f319-408f-81fe-e76237ad3c63default.tgz
DEBUG 2020-12-21 13:39:48.268 UTC: 	 Checking directory /afs/cern.ch/user/a/achhetri/NANO_AOD/CMSSW_10_6_8/lib
DEBUG 2020-12-21 13:39:48.268 UTC: 	 Adding directory /afs/cern.ch/user/a/achhetri/NANO_AOD/CMSSW_10_6_8/lib to tarball
DEBUG 2020-12-21 13:39:48.449 UTC: 	 Checking directory /afs/cern.ch/user/a/achhetri/NANO_AOD/CMSSW_10_6_8/biglib
DEBUG 2020-12-21 13:39:48.450 UTC: 	 Adding directory /afs/cern.ch/user/a/achhetri/NANO_AOD/CMSSW_10_6_8/biglib to tarball
DEBUG 2020-12-21 13:39:48.450 UTC: 	 Checking directory /afs/cern.ch/user/a/achhetri/NANO_AOD/CMSSW_10_6_8/module
DEBUG 2020-12-21 13:39:48.450 UTC: 	 Checking directory /afs/cern.ch/user/a/achhetri/NANO_AOD/CMSSW_10_6_8/python
DEBUG 2020-12-21 13:39:48.451 UTC: 	 Adding directory /afs/cern.ch/user/a/achhetri/NANO_AOD/CMSSW_10_6_8/python to tarball
DEBUG 2020-12-21 13:39:51.375 UTC: 	 Checking directory /afs/cern.ch/user/a/achhetri/NANO_AOD/CMSSW_10_6_8/cfipython
DEBUG 2020-12-21 13:39:51.375 UTC: 	 Adding directory /afs/cern.ch/user/a/achhetri/NANO_AOD/CMSSW_10_6_8/cfipython to tarball
DEBUG 2020-12-21 13:39:51.434 UTC: 	 Adding data directory /afs/cern.ch/user/a/achhetri/NANO_AOD/CMSSW_10_6_8/src/PhysicsTools/NanoAODTools/data to tarball
DEBUG 2020-12-21 13:40:06.374 UTC: 	 Adding data directory /afs/cern.ch/user/a/achhetri/NANO_AOD/CMSSW_10_6_8/src/PhysicsTools/NanoAODTools/interface to tarball
DEBUG 2020-12-21 13:40:06.387 UTC: 	 Adding data directory /afs/cern.ch/user/a/achhetri/NANO_AOD/CMSSW_10_6_8/src/PhysicsTools/NanoAODTools/python/postprocessing/data to tarball
DEBUG 2020-12-21 13:40:08.683 UTC: 	 Adding file TprimeBToTH_LH_RunIISummer19UL16_Skimmer.py to tarball
DEBUG 2020-12-21 13:40:08.686 UTC: 	 Adding file keep_and_drop.txt to tarball
DEBUG 2020-12-21 13:40:08.687 UTC: 	 Adding file ../../../PhysicsTools/NanoAODTools/scripts/haddnano.py to tarball
DEBUG 2020-12-21 13:40:11.297 UTC: 	 Uploading archive /afs/cern.ch/user/a/achhetri/NANO_AOD/CMSSW_10_6_8/src/WTopScalefactorProducer/Skimmer/NANOcrab/crab_Tprime_v5_NANo_AOD_106X/crab_QCD_Pt120to170/inputs/5cad6384-f319-408f-81fe-e76237ad3c63default.tgz (55 MB) to the CRAB cache. Using URI https://cmsweb.cern.ch/crabcache
DEBUG 2020-12-21 13:40:48.414 UTC: 	 Loading required information from the environment
DEBUG 2020-12-21 13:40:48.415 UTC: 	 Found CMSSW_10_6_8 for slc7_amd64_gcc700 with base /afs/cern.ch/user/a/achhetri/NANO_AOD/CMSSW_10_6_8
DEBUG 2020-12-21 13:40:48.415 UTC: 	 Making tarball in /afs/cern.ch/user/a/achhetri/NANO_AOD/CMSSW_10_6_8/src/WTopScalefactorProducer/Skimmer/NANOcrab/crab_Tprime_v5_NANo_AOD_106X/crab_QCD_Pt120to170/inputs/debugFiles.tgz
DEBUG 2020-12-21 13:40:48.422 UTC: 	 Uploading archive /afs/cern.ch/user/a/achhetri/NANO_AOD/CMSSW_10_6_8/src/WTopScalefactorProducer/Skimmer/NANOcrab/crab_Tprime_v5_NANo_AOD_106X/crab_QCD_Pt120to170/inputs/debugFiles.tgz (1 KB) to the CRAB cache. Using URI https://cmsweb.cern.ch/crabcache
DEBUG 2020-12-21 13:40:48.532 UTC: 	 Result uploading input files: 812bed410dafef07de33f1f61408e1046931400eedf888aa9e07402f98537669.tar.gz 
INFO 2020-12-21 13:40:48.532 UTC: 	 Sending the request to the server at cmsweb-k8s-prod.cern.ch
DEBUG 2020-12-21 13:40:48.532 UTC: 	 Submitting {'maxjobruntime': 1250, 'extrajdl': [], 'lfn': '/store/user/achhetri/Tprime_v5_NANo_AOD_106X', 'savelogsflag': 1, 'useparent': 0, 'scriptexe': 'crab_script_Tprime.sh', 'asyncdest': 'T3_CH_CERNBOX', 'algoargs': 1, 'cachefilename': '812bed410dafef07de33f1f61408e1046931400eedf888aa9e07402f98537669.tar.gz', 'numcores': 1, 'addoutputfiles': [], 'generator': 'pythia', 'maxmemory': 2000, 'publishdbsurl': 'https://cmsweb.cern.ch/dbs/prod/phys03/DBSWriter', 'priority': 10, 'jobsw': 'CMSSW_10_6_8', 'edmoutfiles': ['tree.root'], 'userfiles': [], 'primarydataset': '', 'inputdata': '/QCD_Pt-120to170_MuEnrichedPt5_TuneCP5_13TeV_pythia8/RunIISummer19UL17NanoAOD-106X_mc2017_realistic_v6-v1/NANOAODSIM', 'ignorelocality': 0, 'dryrun': 0, 'workflow': 'crab_QCD_Pt120to170', 'cacheurl': u'https://cmsweb.cern.ch/crabcache', 'nonprodsw': 1, 'tfileoutfiles': [], 'oneEventMode': 0, 'debugfilename': 'b4b23e1da9db7dfcc6dda909c520775ef8a59d08c53a40d9cf6d6d4b22f940b9.tar.gz', 'saveoutput': 1, 'publication': 0, 'jobarch': 'slc7_amd64_gcc700', 'totalunits': 5, 'splitalgo': 'FileBased', 'ignoreglobalblacklist': 0, 'nonvaliddata': 0, 'dbsurl': 'https://cmsweb.cern.ch/dbs/prod/global/DBSReader', 'publishgroupname': 0, 'jobtype': 'Analysis', 'publishname2': 'QCD_Pt120to170'} 
DEBUG 2020-12-21 13:40:48.533 UTC: 	 Encoded submit request: maxjobruntime=1250&lfn=%2Fstore%2Fuser%2Fachhetri%2FTprime_v5_NANo_AOD_106X&savelogsflag=1&useparent=0&scriptexe=crab_script_Tprime.sh&asyncdest=T3_CH_CERNBOX&algoargs=1&cachefilename=812bed410dafef07de33f1f61408e1046931400eedf888aa9e07402f98537669.tar.gz&numcores=1&generator=pythia&maxmemory=2000&publishdbsurl=https%3A%2F%2Fcmsweb.cern.ch%2Fdbs%2Fprod%2Fphys03%2FDBSWriter&priority=10&jobsw=CMSSW_10_6_8&primarydataset=&inputdata=%2FQCD_Pt-120to170_MuEnrichedPt5_TuneCP5_13TeV_pythia8%2FRunIISummer19UL17NanoAOD-106X_mc2017_realistic_v6-v1%2FNANOAODSIM&ignorelocality=0&dryrun=0&workflow=crab_QCD_Pt120to170&cacheurl=https%3A%2F%2Fcmsweb.cern.ch%2Fcrabcache&nonprodsw=1&oneEventMode=0&debugfilename=b4b23e1da9db7dfcc6dda909c520775ef8a59d08c53a40d9cf6d6d4b22f940b9.tar.gz&saveoutput=1&publication=0&jobarch=slc7_amd64_gcc700&totalunits=5&splitalgo=FileBased&ignoreglobalblacklist=0&nonvaliddata=0&dbsurl=https%3A%2F%2Fcmsweb.cern.ch%2Fdbs%2Fprod%2Fglobal%2FDBSReader&publishgroupname=0&jobtype=Analysis&publishname2=QCD_Pt120to170&edmoutfiles=tree.root
DEBUG 2020-12-21 13:40:48.605 UTC: 	 Result: {u'result': [{u'RequestName': u'201221_134048:achhetri_crab_QCD_Pt120to170'}]}
INFO 2020-12-21 13:40:48.607 UTC: 	 Success: Your task has been delivered to the prod CRAB3 server.
INFO 2020-12-21 13:40:48.607 UTC: 	 Task name: 201221_134048:achhetri_crab_QCD_Pt120to170
INFO 2020-12-21 13:40:48.608 UTC: 	 Project dir: crab_Tprime_v5_NANo_AOD_106X/crab_QCD_Pt120to170
INFO 2020-12-21 13:40:48.608 UTC: 	 Please use ' crab status -d crab_Tprime_v5_NANo_AOD_106X/crab_QCD_Pt120to170 ' to check how the submission process proceeds.
DEBUG 2020-12-21 13:40:48.608 UTC: 	 About to return
DEBUG 2020-12-21 13:42:35.383 UTC: 	 CRAB Client version: v3.201110
DEBUG 2020-12-21 13:42:35.384 UTC: 	 Running on: Linux lxplus727.cern.ch 3.10.0-1160.2.2.el7.x86_64 #1 SMP Tue Oct 20 16:53:08 UTC 2020 x86_64 x86_64 x86_64 GNU/Linux - CentOS Linux 7 (Core)
DEBUG 2020-12-21 13:42:35.384 UTC: 	 Executing command: 'status'
DEBUG 2020-12-21 13:42:35.384 UTC: 	 Found CRAB cache file /afs/cern.ch/user/a/achhetri/.crab3
DEBUG 2020-12-21 13:42:35.399 UTC: 	 Checking credentials
DEBUG 2020-12-21 13:42:35.399 UTC: 	 Found proxy file /tmp/x509up_u94350
DEBUG 2020-12-21 13:42:35.399 UTC: 	 Getting proxy life time left
DEBUG 2020-12-21 13:42:36.207 UTC: 	 Executing : 
 command : voms-proxy-info -file /tmp/x509up_u94350 -timeleft
 output : 617114

 error: 
 retcode : 0
DEBUG 2020-12-21 13:42:36.916 UTC: 	 Executing : 
 command : voms-proxy-info -file /tmp/x509up_u94350 -actimeleft
 output : 617114

 error: 
 retcode : 0
DEBUG 2020-12-21 13:42:36.917 UTC: 	 Proxy valid for 171:25:14 hours
DEBUG 2020-12-21 13:42:37.037 UTC: 	 Registering user credentials for server /DC=ch/DC=cern/OU=computers/CN=vocms0105.cern.ch|/DC=ch/DC=cern/OU=computers/CN=crab-(preprod|prod|dev)-tw(02|01).cern.ch|/DC=ch/DC=cern/OU=computers/CN=(ddi|ddidk|mytw).cern.ch|/DC=ch/DC=cern/OU=computers/CN=stefanov(m|m2).cern.ch
DEBUG 2020-12-21 13:42:37.761 UTC: 	 Executing : 
 command : voms-proxy-info -file /tmp/x509up_u94350 -identity
 output : /DC=ch/DC=cern/OU=Organic Units/OU=Users/CN=achhetri/CN=804540/CN=Arjun Chhetri

 error: 
 retcode : 0
DEBUG 2020-12-21 13:42:37.769 UTC: 	 Getting myproxy life time left for myproxy.cern.ch
DEBUG 2020-12-21 13:42:37.769 UTC: 	 using eb0e67adc2dd9eb1770413a4ffd073f562b86f05 as credential login name
DEBUG 2020-12-21 13:42:38.174 UTC: 	 Executing : 
 command : myproxy-info -l eb0e67adc2dd9eb1770413a4ffd073f562b86f05 -s myproxy.cern.ch
 output : username: eb0e67adc2dd9eb1770413a4ffd073f562b86f05
owner: /DC=ch/DC=cern/OU=Organic Units/OU=Users/CN=achhetri/CN=804540/CN=Arjun Chhetri
  renewal policy: /DC=ch/DC=cern/OU=computers/CN=vocms0105.cern.ch|/DC=ch/DC=cern/OU=computers/CN=crab-(preprod|prod|dev)-tw(02|01).cern.ch|/DC=ch/DC=cern/OU=computers/CN=(ddi|ddidk|mytw).cern.ch|/DC=ch/DC=cern/OU=computers/CN=stefanov(m|m2).cern.ch
  trusted retrieval policy: /DC=ch/DC=cern/OU=computers/CN=vocms0105.cern.ch|/DC=ch/DC=cern/OU=computers/CN=crab-(preprod|prod|dev)-tw(02|01).cern.ch|/DC=ch/DC=cern/OU=computers/CN=(ddi|ddidk|mytw).cern.ch|/DC=ch/DC=cern/OU=computers/CN=stefanov(m|m2).cern.ch
  timeleft: 576:41:25  (24.0 days)

 error: 
 retcode : 0
DEBUG 2020-12-21 13:42:38.175 UTC: 	 Myproxy is valid: 2076085
DEBUG 2020-12-21 13:42:38.175 UTC: 	 Retrieving username ...
DEBUG 2020-12-21 13:42:38.175 UTC: 	 Retrieving username from CRIC...
DEBUG 2020-12-21 13:42:38.852 UTC: 	 username is achhetri
DEBUG 2020-12-21 13:42:38.860 UTC: 	 Getting myproxy life time left for myproxy.cern.ch
DEBUG 2020-12-21 13:42:38.861 UTC: 	 using achhetri_CRAB as credential login name
DEBUG 2020-12-21 13:42:39.166 UTC: 	 Executing : 
 command : myproxy-info -l achhetri_CRAB -s myproxy.cern.ch
 output : username: achhetri_CRAB
owner: /DC=ch/DC=cern/OU=Organic Units/OU=Users/CN=achhetri/CN=804540/CN=Arjun Chhetri
  renewal policy: /DC=ch/DC=cern/OU=computers/CN=vocms0105.cern.ch|/DC=ch/DC=cern/OU=computers/CN=crab-(preprod|prod|dev)-tw(02|01).cern.ch|/DC=ch/DC=cern/OU=computers/CN=(ddi|ddidk|mytw).cern.ch|/DC=ch/DC=cern/OU=computers/CN=stefanov(m|m2).cern.ch
  trusted retrieval policy: /DC=ch/DC=cern/OU=computers/CN=vocms0105.cern.ch|/DC=ch/DC=cern/OU=computers/CN=crab-(preprod|prod|dev)-tw(02|01).cern.ch|/DC=ch/DC=cern/OU=computers/CN=(ddi|ddidk|mytw).cern.ch|/DC=ch/DC=cern/OU=computers/CN=stefanov(m|m2).cern.ch
  timeleft: 576:42:25  (24.0 days)

 error: 
 retcode : 0
DEBUG 2020-12-21 13:42:39.166 UTC: 	 Myproxy is valid: 2076145
DEBUG 2020-12-21 13:42:39.167 UTC: 	 Result of myproxy credential check:
  Credential exists on myproxy: username: eb0e67adc2dd9eb1770413a4ffd073f562b86f05  - validity: 24 days, 0:41:25
  Credential exists on myproxy: username: achhetri_CRAB  - validity: 24 days, 0:42:25
DEBUG 2020-12-21 13:42:39.168 UTC: 	 Command use: status
DEBUG 2020-12-21 13:42:39.168 UTC: 	 Options use: ['-d', 'crab_Tprime_v5_NANo_AOD_106X/crab_QCD_Pt120to170']
DEBUG 2020-12-21 13:42:39.228 UTC: 	 CRABClient version: v3.201110
DEBUG 2020-12-21 13:42:39.228 UTC: 	 Instance is prod
DEBUG 2020-12-21 13:42:39.228 UTC: 	 Server base url is cmsweb-k8s-prod.cern.ch
DEBUG 2020-12-21 13:42:39.228 UTC: 	 Command url /crabserver/prod/workflow
DEBUG 2020-12-21 13:42:39.347 UTC: 	 Got information from server oracle database: {u'result': [u'201221_134048:achhetri_crab_QCD_Pt120to170', u'None', u'None', u'SUBMITTED', u'SUBMIT', u'2020-12-21 13:40:48.598550', u'None', u'2020-12-21 13:41:35.959135', u'None', u'CMSSW_10_6_8', u'slc7_amd64_gcc700', u'/QCD_Pt-120to170_MuEnrichedPt5_TuneCP5_13TeV_pythia8/RunIISummer19UL17NanoAOD-106X_mc2017_realistic_v6-v1/NANOAODSIM', u'F', u'0', u'[]', u'[]', u'FileBased', u"{'splitOnRun': False, 'halt_job_on_file_boundaries': False, 'files_per_job': 1, 'runs': [], 'lumis': []}", u'812bed410dafef07de33f1f61408e1046931400eedf888aa9e07402f98537669.tar.gz', u'https://cmsweb.cern.ch/crabcache', u'achhetri', u'/DC=ch/DC=cern/OU=Organic Units/OU=Users/CN=achhetri/CN=804540/CN=Arjun Chhetri', u'cms', u'None', u'None', u'QCD_Pt120to170-00000000000000000000000000000000', u'F', u'T3_CH_CERNBOX', u'https://cmsweb.cern.ch/dbs/prod/global/DBSReader', u'https://cmsweb.cern.ch/dbs/prod/phys03/DBSWriter', u'F', u'[]', u'[]', u"['tree.root']", u'Analysis', u'pythia', u'None', u'{}', u'[]', u'T', u'crab-prod-tw01', u'[]', u'1250', u'1', u'2000', u'10', u'None', u'[]', u'http://vocms0106.cern.ch/mon/cms341/201221_134048:achhetri_crab_QCD_Pt120to170', u'crab_script_Tprime.sh', u'[]', u'[]', u'https://cmsweb.cern.ch/crabserver/prod', u'cmsgwms-collector-global.cern.ch:9620,cmsgwms-collector-global.fnal.gov', u'crab3@vocms0106.cern.ch', u'F', u'[]', u'T', u'/store/user/achhetri/Tprime_v5_NANo_AOD_106X', u'F', u'None', u'F', u'None', u'QCD_Pt-120to170_MuEnrichedPt5_TuneCP5_13TeV_pythia8', u'None', u'b4b23e1da9db7dfcc6dda909c520775ef8a59d08c53a40d9cf6d6d4b22f940b9.tar.gz', u'50038185', u'filetransfers', u'F', u'137.138.77.53', u'5.0', u'None'], u'desc': {u'columns': [u'tm_taskname', u'tm_activity', u'panda_jobset_id', u'tm_task_status', u'tm_task_command', u'tm_start_time', u'tm_start_injection', u'tm_end_injection', u'tm_task_failure', u'tm_job_sw', u'tm_job_arch', u'tm_input_dataset', u'tm_nonvalid_input_dataset', u'tm_use_parent', u'tm_site_whitelist', u'tm_site_blacklist', u'tm_split_algo', u'tm_split_args', u'tm_user_sandbox', u'tm_cache_url', u'tm_username', u'tm_user_dn', u'tm_user_vo', u'tm_user_role', u'tm_user_group', u'tm_publish_name', u'tm_publish_groupname', u'tm_asyncdest', u'tm_dbs_url', u'tm_publish_dbs_url', u'tm_publication', u'tm_outfiles', u'tm_tfile_outfiles', u'tm_edm_outfiles', u'tm_job_type', u'tm_generator', u'tm_events_per_lumi', u'tm_arguments', u'panda_resubmitted_jobs', u'tm_save_logs', u'tw_name', u'tm_user_infiles', u'tm_maxjobruntime', u'tm_numcores', u'tm_maxmemory', u'tm_priority', u'tm_output_dataset', u'tm_task_warnings', u'tm_user_webdir', u'tm_scriptexe', u'tm_scriptargs', u'tm_extrajdl', u'tm_asourl', u'tm_collector', u'tm_schedd', u'tm_dry_run', u'tm_user_files', u'tm_transfer_outputs', u'tm_output_lfn', u'tm_ignore_locality', u'tm_fail_limit', u'tm_one_event_mode', u'tm_secondary_input_dataset', u'tm_primary_dataset', u'tm_last_publication', u'tm_debug_files', u'clusterid', u'tm_asodb', u'tm_ignore_global_blacklist', u'tm_submitter_ip_addr', u'tm_totalunits', u'tm_ddm_reqid']}}
INFO 2020-12-21 13:42:39.348 UTC: 	 CRAB project directory:		/afs/cern.ch/user/a/achhetri/NANO_AOD/CMSSW_10_6_8/src/WTopScalefactorProducer/Skimmer/NANOcrab/crab_Tprime_v5_NANo_AOD_106X/crab_QCD_Pt120to170
INFO 2020-12-21 13:42:39.348 UTC: 	 Task name:			201221_134048:achhetri_crab_QCD_Pt120to170
INFO 2020-12-21 13:42:39.348 UTC: 	 Grid scheduler - Task Worker:	crab3@vocms0106.cern.ch - crab-prod-tw01
INFO 2020-12-21 13:42:39.348 UTC: 	 Status on the CRAB server:	SUBMITTED
INFO 2020-12-21 13:42:39.348 UTC: 	 Task URL to use for HELP:	https://cmsweb-k8s-prod.cern.ch/crabserver/ui/task/201221_134048%3Aachhetri_crab_QCD_Pt120to170
INFO 2020-12-21 13:42:39.353 UTC: 	 Dashboard monitoring URL:	https://monit-grafana.cern.ch/d/cmsTMDetail/cms-task-monitoring-task-view?orgId=11&var-user=achhetri&var-task=201221_134048%3Aachhetri_crab_QCD_Pt120to170&from=1608554448000&to=now
INFO 2020-12-21 13:42:39.353 UTC: 	 In case of issues with the dashboard, please provide feedback to hn-cms-computing-tools@cern.ch
DEBUG 2020-12-21 13:42:39.353 UTC: 	 The CRAB server submitted your task to the Grid scheduler (cluster ID: 50038185)
DEBUG 2020-12-21 13:42:39.353 UTC: 	 Webdir is located at http://vocms0106.cern.ch/mon/cms341/201221_134048:achhetri_crab_QCD_Pt120to170
DEBUG 2020-12-21 13:42:39.472 UTC: 	 Proxied webdir is located at https://cmsweb.cern.ch/scheddmon/0106/cms341/201221_134048:achhetri_crab_QCD_Pt120to170
DEBUG 2020-12-21 13:42:39.472 UTC: 	 Retrieving 'status_cache' file from https://cmsweb.cern.ch/scheddmon/0106/cms341/201221_134048:achhetri_crab_QCD_Pt120to170/status_cache
INFO 2020-12-21 13:42:39.517 UTC: 	 Waiting for the Grid scheduler to report back the status of your task
ERROR 2020-12-21 13:42:39.517 UTC: 	 Cannot retrieve the status_cache file. Maybe the task process has not run yet? Got:
url=https://cmsweb.cern.ch/scheddmon/0106/cms341/201221_134048:achhetri_crab_QCD_Pt120to170/status_cache, code=403, reason=Forbidden, headers={'Content-Length': '350', 'Set-Cookie': 'cms-auth=713e8bb219b525dcb209a65e1065f87a8427059a46cab21f2b516e32e5c303046000cb90eb8e70ae;path=/;secure;httponly;expires=Thu, 01-Jan-1970 00:00:01 GMT', 'Server': 'Apache/2.4.6 (CentOS)', 'Date': 'Mon, 21 Dec 2020 13:42:39 GMT', 'Content-Type': 'text/html; charset=iso-8859-1', 'CMS-Server-Time': 'D=3473 t=1608558159513549'}
ERROR 2020-12-21 13:42:39.517 UTC: 	 url=https://cmsweb.cern.ch/scheddmon/0106/cms341/201221_134048:achhetri_crab_QCD_Pt120to170/status_cache, code=403, reason=Forbidden, headers={'Content-Length': '350', 'Set-Cookie': 'cms-auth=713e8bb219b525dcb209a65e1065f87a8427059a46cab21f2b516e32e5c303046000cb90eb8e70ae;path=/;secure;httponly;expires=Thu, 01-Jan-1970 00:00:01 GMT', 'Server': 'Apache/2.4.6 (CentOS)', 'Date': 'Mon, 21 Dec 2020 13:42:39 GMT', 'Content-Type': 'text/html; charset=iso-8859-1', 'CMS-Server-Time': 'D=3473 t=1608558159513549'}
Traceback (most recent call last):
  File "/cvmfs/cms.cern.ch/share/cms/crab-prod/v3.201110.01/lib/CRABClient/Commands/status.py", line 117, in __call__
    statusCacheData = getDataFromURL(url, self.proxyfilename)
  File "/cvmfs/cms.cern.ch/share/cms/crab-prod/v3.201110.01/lib/CRABClient/UserUtilities.py", line 163, in getDataFromURL
    capath=HTTPRequests.getCACertPath())
  File "/cvmfs/cms.cern.ch/share/cms/crab-prod/v3.201110.01/lib/WMCore/Services/pycurl_manager.py", line 275, in request
    raise exc
HTTPException: url=https://cmsweb.cern.ch/scheddmon/0106/cms341/201221_134048:achhetri_crab_QCD_Pt120to170/status_cache, code=403, reason=Forbidden, headers={'Content-Length': '350', 'Set-Cookie': 'cms-auth=713e8bb219b525dcb209a65e1065f87a8427059a46cab21f2b516e32e5c303046000cb90eb8e70ae;path=/;secure;httponly;expires=Thu, 01-Jan-1970 00:00:01 GMT', 'Server': 'Apache/2.4.6 (CentOS)', 'Date': 'Mon, 21 Dec 2020 13:42:39 GMT', 'Content-Type': 'text/html; charset=iso-8859-1', 'CMS-Server-Time': 'D=3473 t=1608558159513549'}
INFO 2020-12-21 13:42:39.525 UTC: 	 Log file is /afs/cern.ch/user/a/achhetri/NANO_AOD/CMSSW_10_6_8/src/WTopScalefactorProducer/Skimmer/NANOcrab/crab_Tprime_v5_NANo_AOD_106X/crab_QCD_Pt120to170/crab.log
DEBUG 2020-12-21 13:43:32.541 UTC: 	 CRAB Client version: v3.201110
DEBUG 2020-12-21 13:43:32.541 UTC: 	 Running on: Linux lxplus727.cern.ch 3.10.0-1160.2.2.el7.x86_64 #1 SMP Tue Oct 20 16:53:08 UTC 2020 x86_64 x86_64 x86_64 GNU/Linux - CentOS Linux 7 (Core)
DEBUG 2020-12-21 13:43:32.541 UTC: 	 Executing command: 'status'
DEBUG 2020-12-21 13:43:32.542 UTC: 	 Found CRAB cache file /afs/cern.ch/user/a/achhetri/.crab3
DEBUG 2020-12-21 13:43:32.757 UTC: 	 Checking credentials
DEBUG 2020-12-21 13:43:32.758 UTC: 	 Found proxy file /tmp/x509up_u94350
DEBUG 2020-12-21 13:43:32.758 UTC: 	 Getting proxy life time left
DEBUG 2020-12-21 13:43:33.564 UTC: 	 Executing : 
 command : voms-proxy-info -file /tmp/x509up_u94350 -timeleft
 output : 617057

 error: 
 retcode : 0
DEBUG 2020-12-21 13:43:34.272 UTC: 	 Executing : 
 command : voms-proxy-info -file /tmp/x509up_u94350 -actimeleft
 output : 617056

 error: 
 retcode : 0
DEBUG 2020-12-21 13:43:34.273 UTC: 	 Proxy lifetime 617057 secs is different from voms extension lifetime 617056 secs for proxy: /tmp/x509up_u94350
DEBUG 2020-12-21 13:43:34.273 UTC: 	 Proxy valid for 171:24:16 hours
DEBUG 2020-12-21 13:43:34.393 UTC: 	 Registering user credentials for server /DC=ch/DC=cern/OU=computers/CN=vocms0105.cern.ch|/DC=ch/DC=cern/OU=computers/CN=crab-(preprod|prod|dev)-tw(02|01).cern.ch|/DC=ch/DC=cern/OU=computers/CN=(ddi|ddidk|mytw).cern.ch|/DC=ch/DC=cern/OU=computers/CN=stefanov(m|m2).cern.ch
DEBUG 2020-12-21 13:43:35.107 UTC: 	 Executing : 
 command : voms-proxy-info -file /tmp/x509up_u94350 -identity
 output : /DC=ch/DC=cern/OU=Organic Units/OU=Users/CN=achhetri/CN=804540/CN=Arjun Chhetri

 error: 
 retcode : 0
DEBUG 2020-12-21 13:43:35.115 UTC: 	 Getting myproxy life time left for myproxy.cern.ch
DEBUG 2020-12-21 13:43:35.115 UTC: 	 using eb0e67adc2dd9eb1770413a4ffd073f562b86f05 as credential login name
DEBUG 2020-12-21 13:43:35.520 UTC: 	 Executing : 
 command : myproxy-info -l eb0e67adc2dd9eb1770413a4ffd073f562b86f05 -s myproxy.cern.ch
 output : username: eb0e67adc2dd9eb1770413a4ffd073f562b86f05
owner: /DC=ch/DC=cern/OU=Organic Units/OU=Users/CN=achhetri/CN=804540/CN=Arjun Chhetri
  renewal policy: /DC=ch/DC=cern/OU=computers/CN=vocms0105.cern.ch|/DC=ch/DC=cern/OU=computers/CN=crab-(preprod|prod|dev)-tw(02|01).cern.ch|/DC=ch/DC=cern/OU=computers/CN=(ddi|ddidk|mytw).cern.ch|/DC=ch/DC=cern/OU=computers/CN=stefanov(m|m2).cern.ch
  trusted retrieval policy: /DC=ch/DC=cern/OU=computers/CN=vocms0105.cern.ch|/DC=ch/DC=cern/OU=computers/CN=crab-(preprod|prod|dev)-tw(02|01).cern.ch|/DC=ch/DC=cern/OU=computers/CN=(ddi|ddidk|mytw).cern.ch|/DC=ch/DC=cern/OU=computers/CN=stefanov(m|m2).cern.ch
  timeleft: 576:40:28  (24.0 days)

 error: 
 retcode : 0
DEBUG 2020-12-21 13:43:35.521 UTC: 	 Myproxy is valid: 2076028
DEBUG 2020-12-21 13:43:35.521 UTC: 	 Retrieving username ...
DEBUG 2020-12-21 13:43:35.521 UTC: 	 Retrieving username from CRIC...
DEBUG 2020-12-21 13:43:36.586 UTC: 	 username is achhetri
DEBUG 2020-12-21 13:43:36.594 UTC: 	 Getting myproxy life time left for myproxy.cern.ch
DEBUG 2020-12-21 13:43:36.595 UTC: 	 using achhetri_CRAB as credential login name
DEBUG 2020-12-21 13:43:36.899 UTC: 	 Executing : 
 command : myproxy-info -l achhetri_CRAB -s myproxy.cern.ch
 output : username: achhetri_CRAB
owner: /DC=ch/DC=cern/OU=Organic Units/OU=Users/CN=achhetri/CN=804540/CN=Arjun Chhetri
  renewal policy: /DC=ch/DC=cern/OU=computers/CN=vocms0105.cern.ch|/DC=ch/DC=cern/OU=computers/CN=crab-(preprod|prod|dev)-tw(02|01).cern.ch|/DC=ch/DC=cern/OU=computers/CN=(ddi|ddidk|mytw).cern.ch|/DC=ch/DC=cern/OU=computers/CN=stefanov(m|m2).cern.ch
  trusted retrieval policy: /DC=ch/DC=cern/OU=computers/CN=vocms0105.cern.ch|/DC=ch/DC=cern/OU=computers/CN=crab-(preprod|prod|dev)-tw(02|01).cern.ch|/DC=ch/DC=cern/OU=computers/CN=(ddi|ddidk|mytw).cern.ch|/DC=ch/DC=cern/OU=computers/CN=stefanov(m|m2).cern.ch
  timeleft: 576:41:28  (24.0 days)

 error: 
 retcode : 0
DEBUG 2020-12-21 13:43:36.899 UTC: 	 Myproxy is valid: 2076088
DEBUG 2020-12-21 13:43:36.900 UTC: 	 Result of myproxy credential check:
  Credential exists on myproxy: username: eb0e67adc2dd9eb1770413a4ffd073f562b86f05  - validity: 24 days, 0:40:28
  Credential exists on myproxy: username: achhetri_CRAB  - validity: 24 days, 0:41:28
DEBUG 2020-12-21 13:43:36.901 UTC: 	 Command use: status
DEBUG 2020-12-21 13:43:36.901 UTC: 	 Options use: ['-d', 'crab_Tprime_v5_NANo_AOD_106X/crab_QCD_Pt120to170']
DEBUG 2020-12-21 13:43:37.031 UTC: 	 CRABClient version: v3.201110
DEBUG 2020-12-21 13:43:37.031 UTC: 	 Instance is prod
DEBUG 2020-12-21 13:43:37.031 UTC: 	 Server base url is cmsweb-k8s-prod.cern.ch
DEBUG 2020-12-21 13:43:37.031 UTC: 	 Command url /crabserver/prod/workflow
DEBUG 2020-12-21 13:43:37.119 UTC: 	 Got information from server oracle database: {u'result': [u'201221_134048:achhetri_crab_QCD_Pt120to170', u'None', u'None', u'SUBMITTED', u'SUBMIT', u'2020-12-21 13:40:48.598550', u'None', u'2020-12-21 13:41:35.959135', u'None', u'CMSSW_10_6_8', u'slc7_amd64_gcc700', u'/QCD_Pt-120to170_MuEnrichedPt5_TuneCP5_13TeV_pythia8/RunIISummer19UL17NanoAOD-106X_mc2017_realistic_v6-v1/NANOAODSIM', u'F', u'0', u'[]', u'[]', u'FileBased', u"{'splitOnRun': False, 'halt_job_on_file_boundaries': False, 'files_per_job': 1, 'runs': [], 'lumis': []}", u'812bed410dafef07de33f1f61408e1046931400eedf888aa9e07402f98537669.tar.gz', u'https://cmsweb.cern.ch/crabcache', u'achhetri', u'/DC=ch/DC=cern/OU=Organic Units/OU=Users/CN=achhetri/CN=804540/CN=Arjun Chhetri', u'cms', u'None', u'None', u'QCD_Pt120to170-00000000000000000000000000000000', u'F', u'T3_CH_CERNBOX', u'https://cmsweb.cern.ch/dbs/prod/global/DBSReader', u'https://cmsweb.cern.ch/dbs/prod/phys03/DBSWriter', u'F', u'[]', u'[]', u"['tree.root']", u'Analysis', u'pythia', u'None', u'{}', u'[]', u'T', u'crab-prod-tw01', u'[]', u'1250', u'1', u'2000', u'10', u'None', u'[]', u'http://vocms0106.cern.ch/mon/cms341/201221_134048:achhetri_crab_QCD_Pt120to170', u'crab_script_Tprime.sh', u'[]', u'[]', u'https://cmsweb.cern.ch/crabserver/prod', u'cmsgwms-collector-global.cern.ch:9620,cmsgwms-collector-global.fnal.gov', u'crab3@vocms0106.cern.ch', u'F', u'[]', u'T', u'/store/user/achhetri/Tprime_v5_NANo_AOD_106X', u'F', u'None', u'F', u'None', u'QCD_Pt-120to170_MuEnrichedPt5_TuneCP5_13TeV_pythia8', u'None', u'b4b23e1da9db7dfcc6dda909c520775ef8a59d08c53a40d9cf6d6d4b22f940b9.tar.gz', u'50038185', u'filetransfers', u'F', u'137.138.77.53', u'5.0', u'None'], u'desc': {u'columns': [u'tm_taskname', u'tm_activity', u'panda_jobset_id', u'tm_task_status', u'tm_task_command', u'tm_start_time', u'tm_start_injection', u'tm_end_injection', u'tm_task_failure', u'tm_job_sw', u'tm_job_arch', u'tm_input_dataset', u'tm_nonvalid_input_dataset', u'tm_use_parent', u'tm_site_whitelist', u'tm_site_blacklist', u'tm_split_algo', u'tm_split_args', u'tm_user_sandbox', u'tm_cache_url', u'tm_username', u'tm_user_dn', u'tm_user_vo', u'tm_user_role', u'tm_user_group', u'tm_publish_name', u'tm_publish_groupname', u'tm_asyncdest', u'tm_dbs_url', u'tm_publish_dbs_url', u'tm_publication', u'tm_outfiles', u'tm_tfile_outfiles', u'tm_edm_outfiles', u'tm_job_type', u'tm_generator', u'tm_events_per_lumi', u'tm_arguments', u'panda_resubmitted_jobs', u'tm_save_logs', u'tw_name', u'tm_user_infiles', u'tm_maxjobruntime', u'tm_numcores', u'tm_maxmemory', u'tm_priority', u'tm_output_dataset', u'tm_task_warnings', u'tm_user_webdir', u'tm_scriptexe', u'tm_scriptargs', u'tm_extrajdl', u'tm_asourl', u'tm_collector', u'tm_schedd', u'tm_dry_run', u'tm_user_files', u'tm_transfer_outputs', u'tm_output_lfn', u'tm_ignore_locality', u'tm_fail_limit', u'tm_one_event_mode', u'tm_secondary_input_dataset', u'tm_primary_dataset', u'tm_last_publication', u'tm_debug_files', u'clusterid', u'tm_asodb', u'tm_ignore_global_blacklist', u'tm_submitter_ip_addr', u'tm_totalunits', u'tm_ddm_reqid']}}
INFO 2020-12-21 13:43:37.119 UTC: 	 CRAB project directory:		/afs/cern.ch/user/a/achhetri/NANO_AOD/CMSSW_10_6_8/src/WTopScalefactorProducer/Skimmer/NANOcrab/crab_Tprime_v5_NANo_AOD_106X/crab_QCD_Pt120to170
INFO 2020-12-21 13:43:37.119 UTC: 	 Task name:			201221_134048:achhetri_crab_QCD_Pt120to170
INFO 2020-12-21 13:43:37.119 UTC: 	 Grid scheduler - Task Worker:	crab3@vocms0106.cern.ch - crab-prod-tw01
INFO 2020-12-21 13:43:37.120 UTC: 	 Status on the CRAB server:	SUBMITTED
INFO 2020-12-21 13:43:37.120 UTC: 	 Task URL to use for HELP:	https://cmsweb-k8s-prod.cern.ch/crabserver/ui/task/201221_134048%3Aachhetri_crab_QCD_Pt120to170
INFO 2020-12-21 13:43:37.124 UTC: 	 Dashboard monitoring URL:	https://monit-grafana.cern.ch/d/cmsTMDetail/cms-task-monitoring-task-view?orgId=11&var-user=achhetri&var-task=201221_134048%3Aachhetri_crab_QCD_Pt120to170&from=1608554448000&to=now
INFO 2020-12-21 13:43:37.124 UTC: 	 In case of issues with the dashboard, please provide feedback to hn-cms-computing-tools@cern.ch
DEBUG 2020-12-21 13:43:37.124 UTC: 	 The CRAB server submitted your task to the Grid scheduler (cluster ID: 50038185)
DEBUG 2020-12-21 13:43:37.124 UTC: 	 Webdir is located at http://vocms0106.cern.ch/mon/cms341/201221_134048:achhetri_crab_QCD_Pt120to170
DEBUG 2020-12-21 13:43:37.429 UTC: 	 Proxied webdir is located at https://cmsweb.cern.ch/scheddmon/0106/cms341/201221_134048:achhetri_crab_QCD_Pt120to170
DEBUG 2020-12-21 13:43:37.429 UTC: 	 Retrieving 'status_cache' file from https://cmsweb.cern.ch/scheddmon/0106/cms341/201221_134048:achhetri_crab_QCD_Pt120to170/status_cache
DEBUG 2020-12-21 13:43:37.503 UTC: 	 Got information from status cache file: {'1': {'Retries': 0, 'WallDurations': [10.0, 18.393769025802612], 'StartTimes': [1608558155.0], 'SubmitTimes': [1608558100.0], 'JobIds': ['50038189.0'], 'EndTimes': [], 'Restarts': 0, 'RecordedSite': True, 'State': 'running', 'ResidentSetSize': [32436], 'TotalUserCpuTimeHistory': [5.0], 'SiteHistory': ['T1_US_FNAL', 'T1_US_FNAL'], 'TotalSysCpuTimeHistory': [0.0]}, '3': {'Retries': 0, 'WallDurations': [9.0, 22.393769025802612], 'StartTimes': [1608558151.0], 'SubmitTimes': [1608558101.0], 'JobIds': ['50038192.0'], 'EndTimes': [], 'Restarts': 0, 'RecordedSite': True, 'State': 'running', 'ResidentSetSize': [3976], 'TotalUserCpuTimeHistory': [0.0], 'SiteHistory': ['T1_US_FNAL', 'T1_US_FNAL'], 'TotalSysCpuTimeHistory': [0.0]}, '2': {'Retries': 0, 'WallDurations': [10.0, 17.393769025802612], 'StartTimes': [1608558156.0], 'SubmitTimes': [1608558100.0], 'JobIds': ['50038191.0'], 'EndTimes': [], 'Restarts': 0, 'RecordedSite': True, 'State': 'running', 'ResidentSetSize': [32744], 'TotalUserCpuTimeHistory': [4.0], 'SiteHistory': ['T1_US_FNAL', 'T1_US_FNAL'], 'TotalSysCpuTimeHistory': [0.0]}, '5': {'Retries': 0, 'WallDurations': [9.0, 17.393769025802612], 'StartTimes': [1608558156.0], 'SubmitTimes': [1608558101.0], 'JobIds': ['50038193.0'], 'EndTimes': [], 'Restarts': 0, 'RecordedSite': True, 'State': 'running', 'ResidentSetSize': [3876], 'TotalUserCpuTimeHistory': [0.0], 'SiteHistory': ['T1_US_FNAL', 'T1_US_FNAL'], 'TotalSysCpuTimeHistory': [0.0]}, '4': {'Retries': 0, 'WallDurations': [9.0, 22.393769025802612], 'StartTimes': [1608558151.0], 'SubmitTimes': [1608558100.0], 'JobIds': ['50038190.0'], 'EndTimes': [], 'Restarts': 0, 'RecordedSite': True, 'State': 'running', 'ResidentSetSize': [3976], 'TotalUserCpuTimeHistory': [0.0], 'SiteHistory': ['T1_US_FNAL', 'T1_US_FNAL'], 'TotalSysCpuTimeHistory': [0.0]}}
INFO 2020-12-21 13:43:37.503 UTC: 	 Status on the scheduler:	SUBMITTED
INFO 2020-12-21 13:43:37.503 UTC: 	 
Jobs status:                    running      		100.0% (5/5)
INFO 2020-12-21 13:43:37.503 UTC: 	 
No publication information (publication has been disabled in the CRAB configuration file)
INFO 2020-12-21 13:43:37.506 UTC: 	 Log file is /afs/cern.ch/user/a/achhetri/NANO_AOD/CMSSW_10_6_8/src/WTopScalefactorProducer/Skimmer/NANOcrab/crab_Tprime_v5_NANo_AOD_106X/crab_QCD_Pt120to170/crab.log
DEBUG 2020-12-21 14:13:10.956 UTC: 	 CRAB Client version: v3.201110
DEBUG 2020-12-21 14:13:10.956 UTC: 	 Running on: Linux lxplus727.cern.ch 3.10.0-1160.2.2.el7.x86_64 #1 SMP Tue Oct 20 16:53:08 UTC 2020 x86_64 x86_64 x86_64 GNU/Linux - CentOS Linux 7 (Core)
DEBUG 2020-12-21 14:13:10.956 UTC: 	 Executing command: 'status'
DEBUG 2020-12-21 14:13:10.957 UTC: 	 Found CRAB cache file /afs/cern.ch/user/a/achhetri/.crab3
DEBUG 2020-12-21 14:13:11.025 UTC: 	 Checking credentials
DEBUG 2020-12-21 14:13:11.026 UTC: 	 Found proxy file /tmp/x509up_u94350
DEBUG 2020-12-21 14:13:11.026 UTC: 	 Getting proxy life time left
DEBUG 2020-12-21 14:13:12.237 UTC: 	 Executing : 
 command : voms-proxy-info -file /tmp/x509up_u94350 -timeleft
 output : 615278

 error: 
 retcode : 0
DEBUG 2020-12-21 14:13:12.945 UTC: 	 Executing : 
 command : voms-proxy-info -file /tmp/x509up_u94350 -actimeleft
 output : 615278

 error: 
 retcode : 0
DEBUG 2020-12-21 14:13:12.945 UTC: 	 Proxy valid for 170:54:38 hours
DEBUG 2020-12-21 14:13:13.041 UTC: 	 Registering user credentials for server /DC=ch/DC=cern/OU=computers/CN=vocms0105.cern.ch|/DC=ch/DC=cern/OU=computers/CN=crab-(preprod|prod|dev)-tw(02|01).cern.ch|/DC=ch/DC=cern/OU=computers/CN=(ddi|ddidk|mytw).cern.ch|/DC=ch/DC=cern/OU=computers/CN=stefanov(m|m2).cern.ch
DEBUG 2020-12-21 14:13:13.755 UTC: 	 Executing : 
 command : voms-proxy-info -file /tmp/x509up_u94350 -identity
 output : /DC=ch/DC=cern/OU=Organic Units/OU=Users/CN=achhetri/CN=804540/CN=Arjun Chhetri

 error: 
 retcode : 0
DEBUG 2020-12-21 14:13:13.762 UTC: 	 Getting myproxy life time left for myproxy.cern.ch
DEBUG 2020-12-21 14:13:13.762 UTC: 	 using eb0e67adc2dd9eb1770413a4ffd073f562b86f05 as credential login name
DEBUG 2020-12-21 14:13:14.168 UTC: 	 Executing : 
 command : myproxy-info -l eb0e67adc2dd9eb1770413a4ffd073f562b86f05 -s myproxy.cern.ch
 output : username: eb0e67adc2dd9eb1770413a4ffd073f562b86f05
owner: /DC=ch/DC=cern/OU=Organic Units/OU=Users/CN=achhetri/CN=804540/CN=Arjun Chhetri
  renewal policy: /DC=ch/DC=cern/OU=computers/CN=vocms0105.cern.ch|/DC=ch/DC=cern/OU=computers/CN=crab-(preprod|prod|dev)-tw(02|01).cern.ch|/DC=ch/DC=cern/OU=computers/CN=(ddi|ddidk|mytw).cern.ch|/DC=ch/DC=cern/OU=computers/CN=stefanov(m|m2).cern.ch
  trusted retrieval policy: /DC=ch/DC=cern/OU=computers/CN=vocms0105.cern.ch|/DC=ch/DC=cern/OU=computers/CN=crab-(preprod|prod|dev)-tw(02|01).cern.ch|/DC=ch/DC=cern/OU=computers/CN=(ddi|ddidk|mytw).cern.ch|/DC=ch/DC=cern/OU=computers/CN=stefanov(m|m2).cern.ch
  timeleft: 576:10:49  (24.0 days)

 error: 
 retcode : 0
DEBUG 2020-12-21 14:13:14.169 UTC: 	 Myproxy is valid: 2074249
DEBUG 2020-12-21 14:13:14.170 UTC: 	 Retrieving username ...
DEBUG 2020-12-21 14:13:14.170 UTC: 	 Retrieving username from CRIC...
DEBUG 2020-12-21 14:13:14.877 UTC: 	 username is achhetri
DEBUG 2020-12-21 14:13:14.883 UTC: 	 Getting myproxy life time left for myproxy.cern.ch
DEBUG 2020-12-21 14:13:14.884 UTC: 	 using achhetri_CRAB as credential login name
DEBUG 2020-12-21 14:13:15.189 UTC: 	 Executing : 
 command : myproxy-info -l achhetri_CRAB -s myproxy.cern.ch
 output : username: achhetri_CRAB
owner: /DC=ch/DC=cern/OU=Organic Units/OU=Users/CN=achhetri/CN=804540/CN=Arjun Chhetri
  renewal policy: /DC=ch/DC=cern/OU=computers/CN=vocms0105.cern.ch|/DC=ch/DC=cern/OU=computers/CN=crab-(preprod|prod|dev)-tw(02|01).cern.ch|/DC=ch/DC=cern/OU=computers/CN=(ddi|ddidk|mytw).cern.ch|/DC=ch/DC=cern/OU=computers/CN=stefanov(m|m2).cern.ch
  trusted retrieval policy: /DC=ch/DC=cern/OU=computers/CN=vocms0105.cern.ch|/DC=ch/DC=cern/OU=computers/CN=crab-(preprod|prod|dev)-tw(02|01).cern.ch|/DC=ch/DC=cern/OU=computers/CN=(ddi|ddidk|mytw).cern.ch|/DC=ch/DC=cern/OU=computers/CN=stefanov(m|m2).cern.ch
  timeleft: 576:11:49  (24.0 days)

 error: 
 retcode : 0
DEBUG 2020-12-21 14:13:15.189 UTC: 	 Myproxy is valid: 2074309
DEBUG 2020-12-21 14:13:15.189 UTC: 	 Result of myproxy credential check:
  Credential exists on myproxy: username: eb0e67adc2dd9eb1770413a4ffd073f562b86f05  - validity: 24 days, 0:10:49
  Credential exists on myproxy: username: achhetri_CRAB  - validity: 24 days, 0:11:49
DEBUG 2020-12-21 14:13:15.190 UTC: 	 Command use: status
DEBUG 2020-12-21 14:13:15.190 UTC: 	 Options use: ['-d', 'crab_QCD_Pt120to170']
DEBUG 2020-12-21 14:13:15.245 UTC: 	 CRABClient version: v3.201110
DEBUG 2020-12-21 14:13:15.245 UTC: 	 Instance is prod
DEBUG 2020-12-21 14:13:15.245 UTC: 	 Server base url is cmsweb-k8s-prod.cern.ch
DEBUG 2020-12-21 14:13:15.245 UTC: 	 Command url /crabserver/prod/workflow
DEBUG 2020-12-21 14:13:15.330 UTC: 	 Got information from server oracle database: {u'result': [u'201221_134048:achhetri_crab_QCD_Pt120to170', u'None', u'None', u'SUBMITTED', u'SUBMIT', u'2020-12-21 13:40:48.598550', u'None', u'2020-12-21 13:41:35.959135', u'None', u'CMSSW_10_6_8', u'slc7_amd64_gcc700', u'/QCD_Pt-120to170_MuEnrichedPt5_TuneCP5_13TeV_pythia8/RunIISummer19UL17NanoAOD-106X_mc2017_realistic_v6-v1/NANOAODSIM', u'F', u'0', u'[]', u'[]', u'FileBased', u"{'splitOnRun': False, 'halt_job_on_file_boundaries': False, 'files_per_job': 1, 'runs': [], 'lumis': []}", u'812bed410dafef07de33f1f61408e1046931400eedf888aa9e07402f98537669.tar.gz', u'https://cmsweb.cern.ch/crabcache', u'achhetri', u'/DC=ch/DC=cern/OU=Organic Units/OU=Users/CN=achhetri/CN=804540/CN=Arjun Chhetri', u'cms', u'None', u'None', u'QCD_Pt120to170-00000000000000000000000000000000', u'F', u'T3_CH_CERNBOX', u'https://cmsweb.cern.ch/dbs/prod/global/DBSReader', u'https://cmsweb.cern.ch/dbs/prod/phys03/DBSWriter', u'F', u'[]', u'[]', u"['tree.root']", u'Analysis', u'pythia', u'None', u'{}', u'[]', u'T', u'crab-prod-tw01', u'[]', u'1250', u'1', u'2000', u'10', u"['/QCD_Pt-120to170_MuEnrichedPt5_TuneCP5_13TeV_pythia8/achhetri-QCD_Pt120to170-b8e5db6dc58e02fa065eca4e059912ff/USER']", u'[]', u'http://vocms0106.cern.ch/mon/cms341/201221_134048:achhetri_crab_QCD_Pt120to170', u'crab_script_Tprime.sh', u'[]', u'[]', u'https://cmsweb.cern.ch/crabserver/prod', u'cmsgwms-collector-global.cern.ch:9620,cmsgwms-collector-global.fnal.gov', u'crab3@vocms0106.cern.ch', u'F', u'[]', u'T', u'/store/user/achhetri/Tprime_v5_NANo_AOD_106X', u'F', u'None', u'F', u'None', u'QCD_Pt-120to170_MuEnrichedPt5_TuneCP5_13TeV_pythia8', u'None', u'b4b23e1da9db7dfcc6dda909c520775ef8a59d08c53a40d9cf6d6d4b22f940b9.tar.gz', u'50038185', u'filetransfers', u'F', u'137.138.77.53', u'5.0', u'None'], u'desc': {u'columns': [u'tm_taskname', u'tm_activity', u'panda_jobset_id', u'tm_task_status', u'tm_task_command', u'tm_start_time', u'tm_start_injection', u'tm_end_injection', u'tm_task_failure', u'tm_job_sw', u'tm_job_arch', u'tm_input_dataset', u'tm_nonvalid_input_dataset', u'tm_use_parent', u'tm_site_whitelist', u'tm_site_blacklist', u'tm_split_algo', u'tm_split_args', u'tm_user_sandbox', u'tm_cache_url', u'tm_username', u'tm_user_dn', u'tm_user_vo', u'tm_user_role', u'tm_user_group', u'tm_publish_name', u'tm_publish_groupname', u'tm_asyncdest', u'tm_dbs_url', u'tm_publish_dbs_url', u'tm_publication', u'tm_outfiles', u'tm_tfile_outfiles', u'tm_edm_outfiles', u'tm_job_type', u'tm_generator', u'tm_events_per_lumi', u'tm_arguments', u'panda_resubmitted_jobs', u'tm_save_logs', u'tw_name', u'tm_user_infiles', u'tm_maxjobruntime', u'tm_numcores', u'tm_maxmemory', u'tm_priority', u'tm_output_dataset', u'tm_task_warnings', u'tm_user_webdir', u'tm_scriptexe', u'tm_scriptargs', u'tm_extrajdl', u'tm_asourl', u'tm_collector', u'tm_schedd', u'tm_dry_run', u'tm_user_files', u'tm_transfer_outputs', u'tm_output_lfn', u'tm_ignore_locality', u'tm_fail_limit', u'tm_one_event_mode', u'tm_secondary_input_dataset', u'tm_primary_dataset', u'tm_last_publication', u'tm_debug_files', u'clusterid', u'tm_asodb', u'tm_ignore_global_blacklist', u'tm_submitter_ip_addr', u'tm_totalunits', u'tm_ddm_reqid']}}
INFO 2020-12-21 14:13:15.331 UTC: 	 CRAB project directory:		/afs/cern.ch/user/a/achhetri/NANO_AOD/CMSSW_10_6_8/src/WTopScalefactorProducer/Skimmer/NANOcrab/crab_Tprime_v5_NANo_AOD_106X/crab_QCD_Pt120to170
INFO 2020-12-21 14:13:15.331 UTC: 	 Task name:			201221_134048:achhetri_crab_QCD_Pt120to170
INFO 2020-12-21 14:13:15.331 UTC: 	 Grid scheduler - Task Worker:	crab3@vocms0106.cern.ch - crab-prod-tw01
INFO 2020-12-21 14:13:15.331 UTC: 	 Status on the CRAB server:	SUBMITTED
INFO 2020-12-21 14:13:15.331 UTC: 	 Task URL to use for HELP:	https://cmsweb-k8s-prod.cern.ch/crabserver/ui/task/201221_134048%3Aachhetri_crab_QCD_Pt120to170
INFO 2020-12-21 14:13:15.338 UTC: 	 Dashboard monitoring URL:	https://monit-grafana.cern.ch/d/cmsTMDetail/cms-task-monitoring-task-view?orgId=11&var-user=achhetri&var-task=201221_134048%3Aachhetri_crab_QCD_Pt120to170&from=1608554448000&to=now
INFO 2020-12-21 14:13:15.338 UTC: 	 In case of issues with the dashboard, please provide feedback to hn-cms-computing-tools@cern.ch
DEBUG 2020-12-21 14:13:15.338 UTC: 	 The CRAB server submitted your task to the Grid scheduler (cluster ID: 50038185)
DEBUG 2020-12-21 14:13:15.338 UTC: 	 Webdir is located at http://vocms0106.cern.ch/mon/cms341/201221_134048:achhetri_crab_QCD_Pt120to170
DEBUG 2020-12-21 14:13:15.423 UTC: 	 Proxied webdir is located at https://cmsweb.cern.ch/scheddmon/0106/cms341/201221_134048:achhetri_crab_QCD_Pt120to170
DEBUG 2020-12-21 14:13:15.424 UTC: 	 Retrieving 'status_cache' file from https://cmsweb.cern.ch/scheddmon/0106/cms341/201221_134048:achhetri_crab_QCD_Pt120to170/status_cache
DEBUG 2020-12-21 14:13:15.471 UTC: 	 Got information from status cache file: {'1': {'Retries': 0, 'WallDurations': [10.0, 115.0], 'StartTimes': [1608558155.0], 'SubmitTimes': [1608558100.0], 'JobIds': ['50038189.0'], 'EndTimes': [1608558270.0], 'Restarts': 0, 'RecordedSite': True, 'State': 'transferring', 'ResidentSetSize': [32436], 'TotalUserCpuTimeHistory': [72], 'SiteHistory': ['T1_US_FNAL', 'T1_US_FNAL'], 'TotalSysCpuTimeHistory': [6]}, '3': {'Retries': 0, 'WallDurations': [9.0, 1812.0], 'StartTimes': [1608558151.0], 'SubmitTimes': [1608558101.0], 'JobIds': ['50038192.0'], 'EndTimes': [], 'Restarts': 0, 'RecordedSite': True, 'State': 'running', 'ResidentSetSize': [467388], 'TotalUserCpuTimeHistory': [55.0], 'SiteHistory': ['T1_US_FNAL', 'T1_US_FNAL'], 'TotalSysCpuTimeHistory': [8.0]}, '2': {'Retries': 0, 'WallDurations': [10.0, 166.0], 'StartTimes': [1608558156.0], 'SubmitTimes': [1608558100.0], 'JobIds': ['50038191.0'], 'EndTimes': [1608558322.0], 'Restarts': 0, 'RecordedSite': True, 'State': 'transferring', 'ResidentSetSize': [32744], 'TotalUserCpuTimeHistory': [97], 'SiteHistory': ['T1_US_FNAL', 'T1_US_FNAL'], 'TotalSysCpuTimeHistory': [9]}, '5': {'Retries': 0, 'WallDurations': [9.0, 79.0], 'StartTimes': [1608558156.0], 'SubmitTimes': [1608558101.0], 'JobIds': ['50038193.0'], 'EndTimes': [1608558235.0], 'Restarts': 0, 'RecordedSite': True, 'State': 'transferring', 'ResidentSetSize': [3876], 'TotalUserCpuTimeHistory': [21], 'SiteHistory': ['T1_US_FNAL', 'T1_US_FNAL'], 'TotalSysCpuTimeHistory': [2]}, '4': {'Retries': 0, 'WallDurations': [9.0, 1328.0], 'StartTimes': [1608558151.0], 'SubmitTimes': [1608558100.0], 'JobIds': ['50038190.0'], 'EndTimes': [1608559479.0], 'Restarts': 0, 'RecordedSite': True, 'State': 'finished', 'ResidentSetSize': [444252], 'TotalUserCpuTimeHistory': [26], 'SiteHistory': ['T1_US_FNAL', 'T1_US_FNAL'], 'TotalSysCpuTimeHistory': [4]}}
INFO 2020-12-21 14:13:15.471 UTC: 	 Status on the scheduler:	SUBMITTED
INFO 2020-12-21 14:13:15.472 UTC: 	 
Jobs status:                    finished     		 20.0% (1/5)
INFO 2020-12-21 14:13:15.472 UTC: 	 				running      		 20.0% (1/5)
INFO 2020-12-21 14:13:15.472 UTC: 	 				transferring 		 60.0% (3/5)
INFO 2020-12-21 14:13:15.472 UTC: 	 
No publication information (publication has been disabled in the CRAB configuration file)
INFO 2020-12-21 14:13:15.473 UTC: 	 
Warning: the max jobs runtime is less than 30% of the task requested value (1250 min), please consider to request a lower value for failed jobs (allowed through crab resubmit) and/or improve the jobs splitting (e.g. config.Data.splitting = 'Automatic') in a new task.
INFO 2020-12-21 14:13:15.473 UTC: 	 
Warning: the average jobs CPU efficiency is less than 50%, please consider to improve the jobs splitting (e.g. config.Data.splitting = 'Automatic') in a new task
INFO 2020-12-21 14:13:15.473 UTC: 	 
Summary of run jobs:
 * Memory: 31MB min, 433MB max, 125MB ave
 * Runtime: 0:01:19 min, 0:22:08 max, 0:07:02 ave
 * CPU eff: 2% min, 68% max, 14% ave
 * Waste: 0:00:38 (2% of total)

INFO 2020-12-21 14:13:15.480 UTC: 	 Log file is /afs/cern.ch/user/a/achhetri/NANO_AOD/CMSSW_10_6_8/src/WTopScalefactorProducer/Skimmer/NANOcrab/crab_Tprime_v5_NANo_AOD_106X/crab_QCD_Pt120to170/crab.log
