DEBUG 2021-03-09 16:56:05.465 UTC: 	 CRAB Client version: v3.201110
DEBUG 2021-03-09 16:56:05.465 UTC: 	 Running on: Linux lxplus799.cern.ch 3.10.0-1160.15.2.el7.x86_64 #1 SMP Wed Feb 3 15:06:38 UTC 2021 x86_64 x86_64 x86_64 GNU/Linux - CentOS Linux 7 (Core)
DEBUG 2021-03-09 16:56:05.465 UTC: 	 Executing command: 'submit'
DEBUG 2021-03-09 16:56:05.469 UTC: 	 Found CRAB cache file /afs/cern.ch/user/a/achhetri/.crab3
DEBUG 2021-03-09 16:56:05.470 UTC: 	 Will use CRAB Analysis plugin (i.e. will run an analysis job type).
DEBUG 2021-03-09 16:56:05.488 UTC: 	 Checking credentials
DEBUG 2021-03-09 16:56:05.488 UTC: 	 Found proxy file /afs/cern.ch/user/a/achhetri/x509up_u94350
DEBUG 2021-03-09 16:56:05.488 UTC: 	 Getting proxy life time left
DEBUG 2021-03-09 16:56:06.404 UTC: 	 Executing : 
 command : voms-proxy-info -file /afs/cern.ch/user/a/achhetri/x509up_u94350 -timeleft
 output : 688157

 error: 
 retcode : 0
DEBUG 2021-03-09 16:56:07.012 UTC: 	 Executing : 
 command : voms-proxy-info -file /afs/cern.ch/user/a/achhetri/x509up_u94350 -actimeleft
 output : 688156

 error: 
 retcode : 0
DEBUG 2021-03-09 16:56:07.012 UTC: 	 Proxy lifetime 688157 secs is different from voms extension lifetime 688156 secs for proxy: /afs/cern.ch/user/a/achhetri/x509up_u94350
DEBUG 2021-03-09 16:56:07.013 UTC: 	 Proxy valid for 191:09:16 hours
DEBUG 2021-03-09 16:56:07.622 UTC: 	 Executing : 
 command : env X509_USER_PROXY=/afs/cern.ch/user/a/achhetri/x509up_u94350 voms-proxy-info -fqan
 output : /cms/Role=NULL/Capability=NULL

 error: 
 retcode : 0
DEBUG 2021-03-09 16:56:07.669 UTC: 	 Registering user credentials for server /DC=ch/DC=cern/OU=computers/CN=vocms0105.cern.ch|/DC=ch/DC=cern/OU=computers/CN=crab-(preprod|prod|dev)-tw(02|01).cern.ch|/DC=ch/DC=cern/OU=computers/CN=(ddi|ddidk|mytw).cern.ch|/DC=ch/DC=cern/OU=computers/CN=stefanov(m|m2).cern.ch
DEBUG 2021-03-09 16:56:08.285 UTC: 	 Executing : 
 command : voms-proxy-info -file /afs/cern.ch/user/a/achhetri/x509up_u94350 -identity
 output : /DC=ch/DC=cern/OU=Organic Units/OU=Users/CN=achhetri/CN=804540/CN=Arjun Chhetri

 error: 
 retcode : 0
DEBUG 2021-03-09 16:56:08.293 UTC: 	 Getting myproxy life time left for myproxy.cern.ch
DEBUG 2021-03-09 16:56:08.293 UTC: 	 using eb0e67adc2dd9eb1770413a4ffd073f562b86f05 as credential login name
DEBUG 2021-03-09 16:56:08.598 UTC: 	 Executing : 
 command : myproxy-info -l eb0e67adc2dd9eb1770413a4ffd073f562b86f05 -s myproxy.cern.ch
 output : username: eb0e67adc2dd9eb1770413a4ffd073f562b86f05
owner: /DC=ch/DC=cern/OU=Organic Units/OU=Users/CN=achhetri/CN=804540/CN=Arjun Chhetri
  renewal policy: /DC=ch/DC=cern/OU=computers/CN=vocms0105.cern.ch|/DC=ch/DC=cern/OU=computers/CN=crab-(preprod|prod|dev)-tw(02|01).cern.ch|/DC=ch/DC=cern/OU=computers/CN=(ddi|ddidk|mytw).cern.ch|/DC=ch/DC=cern/OU=computers/CN=stefanov(m|m2).cern.ch
  trusted retrieval policy: /DC=ch/DC=cern/OU=computers/CN=vocms0105.cern.ch|/DC=ch/DC=cern/OU=computers/CN=crab-(preprod|prod|dev)-tw(02|01).cern.ch|/DC=ch/DC=cern/OU=computers/CN=(ddi|ddidk|mytw).cern.ch|/DC=ch/DC=cern/OU=computers/CN=stefanov(m|m2).cern.ch
  timeleft: 714:58:01  (29.8 days)

 error: 
 retcode : 0
DEBUG 2021-03-09 16:56:08.598 UTC: 	 Myproxy is valid: 2573881
DEBUG 2021-03-09 16:56:08.598 UTC: 	 Retrieving username ...
DEBUG 2021-03-09 16:56:08.598 UTC: 	 Retrieving username from CRIC...
DEBUG 2021-03-09 16:56:10.088 UTC: 	 username is achhetri
DEBUG 2021-03-09 16:56:10.096 UTC: 	 Getting myproxy life time left for myproxy.cern.ch
DEBUG 2021-03-09 16:56:10.096 UTC: 	 using achhetri_CRAB as credential login name
DEBUG 2021-03-09 16:56:10.301 UTC: 	 Executing : 
 command : myproxy-info -l achhetri_CRAB -s myproxy.cern.ch
 output : username: achhetri_CRAB
owner: /DC=ch/DC=cern/OU=Organic Units/OU=Users/CN=achhetri/CN=804540/CN=Arjun Chhetri
  renewal policy: /DC=ch/DC=cern/OU=computers/CN=vocms0105.cern.ch|/DC=ch/DC=cern/OU=computers/CN=crab-(preprod|prod|dev)-tw(02|01).cern.ch|/DC=ch/DC=cern/OU=computers/CN=(ddi|ddidk|mytw).cern.ch|/DC=ch/DC=cern/OU=computers/CN=stefanov(m|m2).cern.ch
  trusted retrieval policy: /DC=ch/DC=cern/OU=computers/CN=vocms0105.cern.ch|/DC=ch/DC=cern/OU=computers/CN=crab-(preprod|prod|dev)-tw(02|01).cern.ch|/DC=ch/DC=cern/OU=computers/CN=(ddi|ddidk|mytw).cern.ch|/DC=ch/DC=cern/OU=computers/CN=stefanov(m|m2).cern.ch
  timeleft: 351:55:30  (14.7 days)

 error: 
 retcode : 0
DEBUG 2021-03-09 16:56:10.301 UTC: 	 Myproxy is valid: 1266930
DEBUG 2021-03-09 16:56:10.406 UTC: 	 Executing : 
 command : openssl x509 -noout -in ~/.globus/usercert.pem -dates
 output : notBefore=Nov 11 12:18:59 2020 GMT
notAfter=Dec 16 12:18:59 2021 GMT

 error: 
 retcode : 0
DEBUG 2021-03-09 16:56:10.407 UTC: 	 Delegating a myproxy for 720:00 hours
DEBUG 2021-03-09 16:56:10.407 UTC: 	 using achhetri_CRAB as credential login name
DEBUG 2021-03-09 16:56:10.513 UTC: 	 Executing : 
 command : export GT_PROXY_MODE=rfc ; myproxy-init -d -n -s myproxy.cern.ch -x -R '/DC=ch/DC=cern/OU=computers/CN=vocms0105.cern.ch|/DC=ch/DC=cern/OU=computers/CN=crab-(preprod|prod|dev)-tw(02|01).cern.ch|/DC=ch/DC=cern/OU=computers/CN=(ddi|ddidk|mytw).cern.ch|/DC=ch/DC=cern/OU=computers/CN=stefanov(m|m2).cern.ch' -x -Z '/DC=ch/DC=cern/OU=computers/CN=vocms0105.cern.ch|/DC=ch/DC=cern/OU=computers/CN=crab-(preprod|prod|dev)-tw(02|01).cern.ch|/DC=ch/DC=cern/OU=computers/CN=(ddi|ddidk|mytw).cern.ch|/DC=ch/DC=cern/OU=computers/CN=stefanov(m|m2).cern.ch' -l 'achhetri_CRAB' -t 168:00 -c 720:00
 output : Your identity: /DC=ch/DC=cern/OU=Organic Units/OU=Users/CN=achhetri/CN=804540/CN=Arjun Chhetri

 error: Error: Couldn't read user key in /afs/cern.ch/user/a/achhetri/.globus/userkey.pem.
Use -debug for further information.
grid-proxy-init failed

 retcode : 1
DEBUG 2021-03-09 16:56:10.513 UTC: 	 using achhetri_CRAB as credential login name
DEBUG 2021-03-09 16:56:10.723 UTC: 	 Executing : 
 command : myproxy-info -l achhetri_CRAB -s myproxy.cern.ch
 output : username: achhetri_CRAB
owner: /DC=ch/DC=cern/OU=Organic Units/OU=Users/CN=achhetri/CN=804540/CN=Arjun Chhetri
  renewal policy: /DC=ch/DC=cern/OU=computers/CN=vocms0105.cern.ch|/DC=ch/DC=cern/OU=computers/CN=crab-(preprod|prod|dev)-tw(02|01).cern.ch|/DC=ch/DC=cern/OU=computers/CN=(ddi|ddidk|mytw).cern.ch|/DC=ch/DC=cern/OU=computers/CN=stefanov(m|m2).cern.ch
  trusted retrieval policy: /DC=ch/DC=cern/OU=computers/CN=vocms0105.cern.ch|/DC=ch/DC=cern/OU=computers/CN=crab-(preprod|prod|dev)-tw(02|01).cern.ch|/DC=ch/DC=cern/OU=computers/CN=(ddi|ddidk|mytw).cern.ch|/DC=ch/DC=cern/OU=computers/CN=stefanov(m|m2).cern.ch
  timeleft: 351:55:30  (14.7 days)

 error: 
 retcode : 0
DEBUG 2021-03-09 16:56:10.723 UTC: 	 My-proxy delegated.
DEBUG 2021-03-09 16:56:10.723 UTC: 	 Result of myproxy credential check:
  Credential exists on myproxy: username: eb0e67adc2dd9eb1770413a4ffd073f562b86f05  - validity: 29 days, 18:58:01
  Credential exists on myproxy: username: achhetri_CRAB  - validity: 14 days, 15:55:30
DEBUG 2021-03-09 16:56:10.724 UTC: 	 Command use: submit
DEBUG 2021-03-09 16:56:10.724 UTC: 	 Options use: ['--config', <WMCore.Configuration.Configuration object at 0x7fd606720bd0>]
DEBUG 2021-03-09 16:56:10.796 UTC: 	 CRABClient version: v3.201110
DEBUG 2021-03-09 16:56:10.796 UTC: 	 Instance is prod
DEBUG 2021-03-09 16:56:10.796 UTC: 	 Server base url is cmsweb-k8s-prod.cern.ch
DEBUG 2021-03-09 16:56:10.796 UTC: 	 Command url /crabserver/prod/workflow
DEBUG 2021-03-09 16:56:10.796 UTC: 	 Started submission
DEBUG 2021-03-09 16:56:10.796 UTC: 	 Working on /afs/cern.ch/work/a/achhetri/NANO_AOD/CMSSW_10_6_8/src/WTopScalefactorProducer/Skimmer/NANOcrab/crab_Tprime_v5_NANo_AOD_106X/crab_QCD_Pt120to170_v2
DEBUG 2021-03-09 16:56:10.895 UTC: 	 Loading required information from the environment
DEBUG 2021-03-09 16:56:10.895 UTC: 	 Found CMSSW_10_6_8 for slc7_amd64_gcc700 with base /afs/cern.ch/work/a/achhetri/NANO_AOD/CMSSW_10_6_8
DEBUG 2021-03-09 16:56:10.895 UTC: 	 Loading required information from the environment
DEBUG 2021-03-09 16:56:10.895 UTC: 	 Found CMSSW_10_6_8 for slc7_amd64_gcc700 with base /afs/cern.ch/work/a/achhetri/NANO_AOD/CMSSW_10_6_8
DEBUG 2021-03-09 16:56:10.895 UTC: 	 UNIQUE NAME: tarUUID f8fd34e8-d8f5-45cf-a22c-7480b962f6a2 
DEBUG 2021-03-09 16:56:10.895 UTC: 	 self.config: from WMCore.Configuration import Configuration
config = Configuration()
config.section_('General')
config.General.transferLogs = True
config.General.workArea = 'crab_Tprime_v5_NANo_AOD_106X'
config.General.requestName = 'QCD_Pt120to170_v2'
config.section_('JobType')
config.JobType.scriptExe = 'crab_script_Tprime.sh'
config.JobType.pluginName = 'Analysis'
config.JobType.sendPythonFolder = True
config.JobType.allowUndistributedCMSSW = True
config.JobType.psetName = 'PSet.py'
config.JobType.inputFiles = ['TprimeBToTH_LH_RunIISummer19UL16_Skimmer.py', 'keep_and_drop_v1.txt', '../../../PhysicsTools/NanoAODTools/scripts/haddnano.py']
config.section_('Data')
config.Data.inputDataset = '/QCD_Pt-120to170_MuEnrichedPt5_TuneCP5_13TeV_pythia8/RunIISummer19UL17NanoAODv2-106X_mc2017_realistic_v8-v1/NANOAODSIM'
config.Data.outputDatasetTag = 'QCD_Pt120to170_v2'
config.Data.publication = False
config.Data.unitsPerJob = 1
config.Data.inputDBS = 'global'
config.Data.splitting = 'FileBased'
config.Data.outLFNDirBase = '/store/user/achhetri/Tprime_v5_NANo_AOD_106X'
config.Data.totalUnits = 6
config.section_('Site')
config.Site.storageSite = 'T3_CH_CERNBOX'
config.section_('User')
config.section_('Debug')

DEBUG 2021-03-09 16:56:10.895 UTC: 	 self.config.JobType.psetName: PSet.py
INFO 2021-03-09 16:56:10.895 UTC: 	 Importing CMSSW configuration PSet.py
INFO 2021-03-09 16:56:10.896 UTC: 	 Finished importing CMSSW configuration PSet.py
DEBUG 2021-03-09 16:56:10.896 UTC: 	 Writing CMSSW configuration to /afs/cern.ch/work/a/achhetri/NANO_AOD/CMSSW_10_6_8/src/WTopScalefactorProducer/Skimmer/NANOcrab/crab_Tprime_v5_NANo_AOD_106X/crab_QCD_Pt120to170_v2/inputs/PSet.py
DEBUG 2021-03-09 16:56:10.907 UTC: 	 The following EDM output files will be collected: ['tree.root']
DEBUG 2021-03-09 16:56:10.907 UTC: 	 The following TFile output files will be collected: []
DEBUG 2021-03-09 16:56:10.907 UTC: 	 The following user output files (not listed as PoolOuputModule or TFileService in the CMSSW PSet) will be collected: 
DEBUG 2021-03-09 16:56:10.907 UTC: 	 Loading required information from the environment
DEBUG 2021-03-09 16:56:10.908 UTC: 	 Found CMSSW_10_6_8 for slc7_amd64_gcc700 with base /afs/cern.ch/work/a/achhetri/NANO_AOD/CMSSW_10_6_8
DEBUG 2021-03-09 16:56:10.908 UTC: 	 Making tarball in /afs/cern.ch/work/a/achhetri/NANO_AOD/CMSSW_10_6_8/src/WTopScalefactorProducer/Skimmer/NANOcrab/crab_Tprime_v5_NANo_AOD_106X/crab_QCD_Pt120to170_v2/inputs/f8fd34e8-d8f5-45cf-a22c-7480b962f6a2default.tgz
DEBUG 2021-03-09 16:56:10.909 UTC: 	 Checking directory /afs/cern.ch/work/a/achhetri/NANO_AOD/CMSSW_10_6_8/lib
DEBUG 2021-03-09 16:56:10.909 UTC: 	 Adding directory /afs/cern.ch/work/a/achhetri/NANO_AOD/CMSSW_10_6_8/lib to tarball
DEBUG 2021-03-09 16:56:11.012 UTC: 	 Checking directory /afs/cern.ch/work/a/achhetri/NANO_AOD/CMSSW_10_6_8/biglib
DEBUG 2021-03-09 16:56:11.012 UTC: 	 Adding directory /afs/cern.ch/work/a/achhetri/NANO_AOD/CMSSW_10_6_8/biglib to tarball
DEBUG 2021-03-09 16:56:11.015 UTC: 	 Checking directory /afs/cern.ch/work/a/achhetri/NANO_AOD/CMSSW_10_6_8/module
DEBUG 2021-03-09 16:56:11.016 UTC: 	 Checking directory /afs/cern.ch/work/a/achhetri/NANO_AOD/CMSSW_10_6_8/python
DEBUG 2021-03-09 16:56:11.016 UTC: 	 Adding directory /afs/cern.ch/work/a/achhetri/NANO_AOD/CMSSW_10_6_8/python to tarball
DEBUG 2021-03-09 16:56:12.568 UTC: 	 Checking directory /afs/cern.ch/work/a/achhetri/NANO_AOD/CMSSW_10_6_8/cfipython
DEBUG 2021-03-09 16:56:12.568 UTC: 	 Adding directory /afs/cern.ch/work/a/achhetri/NANO_AOD/CMSSW_10_6_8/cfipython to tarball
DEBUG 2021-03-09 16:56:12.617 UTC: 	 Adding data directory /afs/cern.ch/work/a/achhetri/NANO_AOD/CMSSW_10_6_8/src/PhysicsTools/NanoAODTools/data to tarball
DEBUG 2021-03-09 16:56:21.953 UTC: 	 Adding data directory /afs/cern.ch/work/a/achhetri/NANO_AOD/CMSSW_10_6_8/src/PhysicsTools/NanoAODTools/interface to tarball
DEBUG 2021-03-09 16:56:21.957 UTC: 	 Adding data directory /afs/cern.ch/work/a/achhetri/NANO_AOD/CMSSW_10_6_8/src/PhysicsTools/NanoAODTools/python/postprocessing/data to tarball
DEBUG 2021-03-09 16:56:25.063 UTC: 	 Adding file TprimeBToTH_LH_RunIISummer19UL16_Skimmer.py to tarball
DEBUG 2021-03-09 16:56:25.064 UTC: 	 Adding file keep_and_drop_v1.txt to tarball
DEBUG 2021-03-09 16:56:25.065 UTC: 	 Adding file ../../../PhysicsTools/NanoAODTools/scripts/haddnano.py to tarball
DEBUG 2021-03-09 16:56:29.124 UTC: 	 Uploading archive /afs/cern.ch/work/a/achhetri/NANO_AOD/CMSSW_10_6_8/src/WTopScalefactorProducer/Skimmer/NANOcrab/crab_Tprime_v5_NANo_AOD_106X/crab_QCD_Pt120to170_v2/inputs/f8fd34e8-d8f5-45cf-a22c-7480b962f6a2default.tgz (55 MB) to the CRAB cache. Using URI https://cmsweb.cern.ch:8443/crabcache
DEBUG 2021-03-09 16:57:01.324 UTC: 	 Loading required information from the environment
DEBUG 2021-03-09 16:57:01.324 UTC: 	 Found CMSSW_10_6_8 for slc7_amd64_gcc700 with base /afs/cern.ch/work/a/achhetri/NANO_AOD/CMSSW_10_6_8
DEBUG 2021-03-09 16:57:01.324 UTC: 	 Making tarball in /afs/cern.ch/work/a/achhetri/NANO_AOD/CMSSW_10_6_8/src/WTopScalefactorProducer/Skimmer/NANOcrab/crab_Tprime_v5_NANo_AOD_106X/crab_QCD_Pt120to170_v2/inputs/debugFiles.tgz
DEBUG 2021-03-09 16:57:01.332 UTC: 	 Uploading archive /afs/cern.ch/work/a/achhetri/NANO_AOD/CMSSW_10_6_8/src/WTopScalefactorProducer/Skimmer/NANOcrab/crab_Tprime_v5_NANo_AOD_106X/crab_QCD_Pt120to170_v2/inputs/debugFiles.tgz (1 KB) to the CRAB cache. Using URI https://cmsweb.cern.ch:8443/crabcache
DEBUG 2021-03-09 16:57:01.403 UTC: 	 Result uploading input files: db34ebad3d4b9da4ae9c866827f2ee5a2e927bca2b5d12de79379f506faf14a9.tar.gz 
INFO 2021-03-09 16:57:01.404 UTC: 	 Sending the request to the server at cmsweb-k8s-prod.cern.ch
DEBUG 2021-03-09 16:57:01.404 UTC: 	 Submitting {'maxjobruntime': 1250, 'extrajdl': [], 'lfn': '/store/user/achhetri/Tprime_v5_NANo_AOD_106X', 'savelogsflag': 1, 'useparent': 0, 'scriptexe': 'crab_script_Tprime.sh', 'asyncdest': 'T3_CH_CERNBOX', 'algoargs': 1, 'cachefilename': 'db34ebad3d4b9da4ae9c866827f2ee5a2e927bca2b5d12de79379f506faf14a9.tar.gz', 'numcores': 1, 'addoutputfiles': [], 'generator': 'pythia', 'maxmemory': 2000, 'publishdbsurl': 'https://cmsweb.cern.ch/dbs/prod/phys03/DBSWriter', 'priority': 10, 'jobsw': 'CMSSW_10_6_8', 'edmoutfiles': ['tree.root'], 'userfiles': [], 'primarydataset': '', 'inputdata': '/QCD_Pt-120to170_MuEnrichedPt5_TuneCP5_13TeV_pythia8/RunIISummer19UL17NanoAODv2-106X_mc2017_realistic_v8-v1/NANOAODSIM', 'ignorelocality': 0, 'dryrun': 0, 'workflow': 'crab_QCD_Pt120to170_v2', 'cacheurl': u'https://cmsweb.cern.ch:8443/crabcache', 'nonprodsw': 1, 'tfileoutfiles': [], 'oneEventMode': 0, 'debugfilename': '6bd27177cb458cdecc184a3357e120f1ad16f0dac924ad27b1ca9020b95a7815.tar.gz', 'saveoutput': 1, 'publication': 0, 'jobarch': 'slc7_amd64_gcc700', 'totalunits': 6, 'splitalgo': 'FileBased', 'ignoreglobalblacklist': 0, 'nonvaliddata': 0, 'dbsurl': 'https://cmsweb.cern.ch/dbs/prod/global/DBSReader', 'publishgroupname': 0, 'jobtype': 'Analysis', 'publishname2': 'QCD_Pt120to170_v2'} 
DEBUG 2021-03-09 16:57:01.404 UTC: 	 Encoded submit request: maxjobruntime=1250&lfn=%2Fstore%2Fuser%2Fachhetri%2FTprime_v5_NANo_AOD_106X&savelogsflag=1&useparent=0&scriptexe=crab_script_Tprime.sh&asyncdest=T3_CH_CERNBOX&algoargs=1&cachefilename=db34ebad3d4b9da4ae9c866827f2ee5a2e927bca2b5d12de79379f506faf14a9.tar.gz&numcores=1&generator=pythia&maxmemory=2000&publishdbsurl=https%3A%2F%2Fcmsweb.cern.ch%2Fdbs%2Fprod%2Fphys03%2FDBSWriter&priority=10&jobsw=CMSSW_10_6_8&primarydataset=&inputdata=%2FQCD_Pt-120to170_MuEnrichedPt5_TuneCP5_13TeV_pythia8%2FRunIISummer19UL17NanoAODv2-106X_mc2017_realistic_v8-v1%2FNANOAODSIM&ignorelocality=0&dryrun=0&workflow=crab_QCD_Pt120to170_v2&cacheurl=https%3A%2F%2Fcmsweb.cern.ch%3A8443%2Fcrabcache&nonprodsw=1&oneEventMode=0&debugfilename=6bd27177cb458cdecc184a3357e120f1ad16f0dac924ad27b1ca9020b95a7815.tar.gz&saveoutput=1&publication=0&jobarch=slc7_amd64_gcc700&totalunits=6&splitalgo=FileBased&ignoreglobalblacklist=0&nonvaliddata=0&dbsurl=https%3A%2F%2Fcmsweb.cern.ch%2Fdbs%2Fprod%2Fglobal%2FDBSReader&publishgroupname=0&jobtype=Analysis&publishname2=QCD_Pt120to170_v2&edmoutfiles=tree.root
DEBUG 2021-03-09 16:57:01.520 UTC: 	 Result: {u'result': [{u'RequestName': u'210309_165701:achhetri_crab_QCD_Pt120to170_v2'}]}
INFO 2021-03-09 16:57:01.524 UTC: 	 Success: Your task has been delivered to the prod CRAB3 server.
INFO 2021-03-09 16:57:01.524 UTC: 	 Task name: 210309_165701:achhetri_crab_QCD_Pt120to170_v2
INFO 2021-03-09 16:57:01.525 UTC: 	 Project dir: crab_Tprime_v5_NANo_AOD_106X/crab_QCD_Pt120to170_v2
INFO 2021-03-09 16:57:01.525 UTC: 	 Please use ' crab status -d crab_Tprime_v5_NANo_AOD_106X/crab_QCD_Pt120to170_v2 ' to check how the submission process proceeds.
DEBUG 2021-03-09 16:57:01.525 UTC: 	 About to return
