DEBUG 2021-06-28 14:07:31.176 UTC: 	 CRAB Client version: v3.210610
DEBUG 2021-06-28 14:07:31.176 UTC: 	 Running on: Linux lxplus763.cern.ch 3.10.0-1160.25.1.el7.x86_64 #1 SMP Wed Apr 28 21:49:45 UTC 2021 x86_64 x86_64 x86_64 GNU/Linux - CentOS Linux 7 (Core)
DEBUG 2021-06-28 14:07:31.176 UTC: 	 Executing command: 'submit'
DEBUG 2021-06-28 14:07:31.177 UTC: 	 Found CRAB cache file /afs/cern.ch/user/a/achhetri/.crab3
DEBUG 2021-06-28 14:07:31.216 UTC: 	 Will use CRAB Analysis plugin (i.e. will run an analysis job type).
DEBUG 2021-06-28 14:07:31.510 UTC: 	 Checking credentials
DEBUG 2021-06-28 14:07:31.511 UTC: 	 Found proxy file /tmp/x509up_u94350
DEBUG 2021-06-28 14:07:31.511 UTC: 	 Getting proxy life time left
DEBUG 2021-06-28 14:07:32.216 UTC: 	 Executing : 
 command : voms-proxy-info -file /tmp/x509up_u94350 -timeleft
 output : 690293

 error: 
 retcode : 0
DEBUG 2021-06-28 14:07:32.921 UTC: 	 Executing : 
 command : voms-proxy-info -file /tmp/x509up_u94350 -actimeleft
 output : 690293

 error: 
 retcode : 0
DEBUG 2021-06-28 14:07:32.922 UTC: 	 Proxy valid for 191:44:53 hours
DEBUG 2021-06-28 14:07:33.528 UTC: 	 Executing : 
 command : env X509_USER_PROXY=/tmp/x509up_u94350 voms-proxy-info -fqan
 output : /cms/Role=NULL/Capability=NULL

 error: 
 retcode : 0
DEBUG 2021-06-28 14:07:33.604 UTC: 	 Registering user credentials for server /DC=ch/DC=cern/OU=computers/CN=crab-(preprod|prod|dev)-tw(02|01).cern.ch|/DC=ch/DC=cern/OU=computers/CN=(ddi|ddidk|mytw).cern.ch|/DC=ch/DC=cern/OU=computers/CN=stefanov(m|m2).cern.ch
DEBUG 2021-06-28 14:07:34.216 UTC: 	 Executing : 
 command : voms-proxy-info -file /tmp/x509up_u94350 -identity
 output : /DC=ch/DC=cern/OU=Organic Units/OU=Users/CN=achhetri/CN=804540/CN=Arjun Chhetri

 error: 
 retcode : 0
DEBUG 2021-06-28 14:07:34.222 UTC: 	 Getting myproxy life time left for myproxy.cern.ch
DEBUG 2021-06-28 14:07:34.223 UTC: 	 using eb0e67adc2dd9eb1770413a4ffd073f562b86f05 as credential login name
DEBUG 2021-06-28 14:07:34.729 UTC: 	 Executing : 
 command : myproxy-info -l eb0e67adc2dd9eb1770413a4ffd073f562b86f05 -s myproxy.cern.ch
 output : username: eb0e67adc2dd9eb1770413a4ffd073f562b86f05
owner: /DC=ch/DC=cern/OU=Organic Units/OU=Users/CN=achhetri/CN=804540/CN=Arjun Chhetri
  renewal policy: /DC=ch/DC=cern/OU=computers/CN=vocms0105.cern.ch|/DC=ch/DC=cern/OU=computers/CN=crab-(preprod|prod|dev)-tw(02|01).cern.ch|/DC=ch/DC=cern/OU=computers/CN=(ddi|ddidk|mytw).cern.ch|/DC=ch/DC=cern/OU=computers/CN=stefanov(m|m2).cern.ch
  trusted retrieval policy: /DC=ch/DC=cern/OU=computers/CN=vocms0105.cern.ch|/DC=ch/DC=cern/OU=computers/CN=crab-(preprod|prod|dev)-tw(02|01).cern.ch|/DC=ch/DC=cern/OU=computers/CN=(ddi|ddidk|mytw).cern.ch|/DC=ch/DC=cern/OU=computers/CN=stefanov(m|m2).cern.ch
  timeleft: 0:00:00

 error: 
 retcode : 0
DEBUG 2021-06-28 14:07:34.730 UTC: 	 Myproxy is valid: 0
DEBUG 2021-06-28 14:07:34.838 UTC: 	 Executing : 
 command : openssl x509 -noout -in ~/.globus/usercert.pem -dates
 output : notBefore=Nov 11 12:18:59 2020 GMT
notAfter=Dec 16 12:18:59 2021 GMT

 error: 
 retcode : 0
DEBUG 2021-06-28 14:07:34.848 UTC: 	 Delegating a myproxy for 720:00 hours
DEBUG 2021-06-28 14:07:34.848 UTC: 	 using eb0e67adc2dd9eb1770413a4ffd073f562b86f05 as credential login name
DEBUG 2021-06-28 14:07:34.952 UTC: 	 Executing : 
 command : export GT_PROXY_MODE=rfc ; myproxy-init -d -n -s myproxy.cern.ch -x -R '/DC=ch/DC=cern/OU=computers/CN=crab-(preprod|prod|dev)-tw(02|01).cern.ch|/DC=ch/DC=cern/OU=computers/CN=(ddi|ddidk|mytw).cern.ch|/DC=ch/DC=cern/OU=computers/CN=stefanov(m|m2).cern.ch' -x -Z '/DC=ch/DC=cern/OU=computers/CN=crab-(preprod|prod|dev)-tw(02|01).cern.ch|/DC=ch/DC=cern/OU=computers/CN=(ddi|ddidk|mytw).cern.ch|/DC=ch/DC=cern/OU=computers/CN=stefanov(m|m2).cern.ch' -l 'eb0e67adc2dd9eb1770413a4ffd073f562b86f05' -t 168:00 -c 720:00
 output : Your identity: /DC=ch/DC=cern/OU=Organic Units/OU=Users/CN=achhetri/CN=804540/CN=Arjun Chhetri

 error: Error: Couldn't read user key in /afs/cern.ch/user/a/achhetri/.globus/userkey.pem.
Use -debug for further information.
grid-proxy-init failed

 retcode : 1
DEBUG 2021-06-28 14:07:34.952 UTC: 	 using eb0e67adc2dd9eb1770413a4ffd073f562b86f05 as credential login name
DEBUG 2021-06-28 14:07:35.256 UTC: 	 Executing : 
 command : myproxy-info -l eb0e67adc2dd9eb1770413a4ffd073f562b86f05 -s myproxy.cern.ch
 output : username: eb0e67adc2dd9eb1770413a4ffd073f562b86f05
owner: /DC=ch/DC=cern/OU=Organic Units/OU=Users/CN=achhetri/CN=804540/CN=Arjun Chhetri
  renewal policy: /DC=ch/DC=cern/OU=computers/CN=vocms0105.cern.ch|/DC=ch/DC=cern/OU=computers/CN=crab-(preprod|prod|dev)-tw(02|01).cern.ch|/DC=ch/DC=cern/OU=computers/CN=(ddi|ddidk|mytw).cern.ch|/DC=ch/DC=cern/OU=computers/CN=stefanov(m|m2).cern.ch
  trusted retrieval policy: /DC=ch/DC=cern/OU=computers/CN=vocms0105.cern.ch|/DC=ch/DC=cern/OU=computers/CN=crab-(preprod|prod|dev)-tw(02|01).cern.ch|/DC=ch/DC=cern/OU=computers/CN=(ddi|ddidk|mytw).cern.ch|/DC=ch/DC=cern/OU=computers/CN=stefanov(m|m2).cern.ch
  timeleft: 0:00:00

 error: 
 retcode : 0
DEBUG 2021-06-28 14:07:35.257 UTC: 	 Retrieving username ...
DEBUG 2021-06-28 14:07:35.257 UTC: 	 Retrieving username from CRIC...
DEBUG 2021-06-28 14:07:36.062 UTC: 	 username is achhetri
DEBUG 2021-06-28 14:07:36.067 UTC: 	 Getting myproxy life time left for myproxy.cern.ch
DEBUG 2021-06-28 14:07:36.067 UTC: 	 using achhetri_CRAB as credential login name
DEBUG 2021-06-28 14:07:36.472 UTC: 	 Executing : 
 command : myproxy-info -l achhetri_CRAB -s myproxy.cern.ch
 output : username: achhetri_CRAB
owner: /DC=ch/DC=cern/OU=Organic Units/OU=Users/CN=achhetri/CN=804540/CN=Arjun Chhetri
  renewal policy: /DC=ch/DC=cern/OU=computers/CN=crab-(preprod|prod|dev)-tw(02|01).cern.ch|/DC=ch/DC=cern/OU=computers/CN=(ddi|ddidk|mytw).cern.ch|/DC=ch/DC=cern/OU=computers/CN=stefanov(m|m2).cern.ch
  trusted retrieval policy: /DC=ch/DC=cern/OU=computers/CN=crab-(preprod|prod|dev)-tw(02|01).cern.ch|/DC=ch/DC=cern/OU=computers/CN=(ddi|ddidk|mytw).cern.ch|/DC=ch/DC=cern/OU=computers/CN=stefanov(m|m2).cern.ch
  timeleft: 431:00:42  (18.0 days)

 error: 
 retcode : 0
DEBUG 2021-06-28 14:07:36.472 UTC: 	 Myproxy is valid: 1551642
DEBUG 2021-06-28 14:07:36.473 UTC: 	 Result of myproxy credential check:
  Error trying to create credential:
 Problems delegating My-proxy. It seems your proxy has not been delegated to myproxy. Please check the logfile for the exact error (Maybe you simply typed a wrong password)
  Credential exists on myproxy: username: achhetri_CRAB  - validity: 17 days, 23:00:42
DEBUG 2021-06-28 14:07:36.473 UTC: 	 Command use: submit
DEBUG 2021-06-28 14:07:36.473 UTC: 	 Options use: ['--config', <WMCore.Configuration.Configuration object at 0x7ffbedc0db50>]
DEBUG 2021-06-28 14:07:36.554 UTC: 	 CRABClient version: v3.210610
DEBUG 2021-06-28 14:07:36.554 UTC: 	 Instance is prod
DEBUG 2021-06-28 14:07:36.554 UTC: 	 Server base url is cmsweb.cern.ch
DEBUG 2021-06-28 14:07:36.554 UTC: 	 Command api workflow
DEBUG 2021-06-28 14:07:36.554 UTC: 	 Started submission
DEBUG 2021-06-28 14:07:36.554 UTC: 	 Working on /afs/cern.ch/work/a/achhetri/NANO_AOD/CMSSW_10_6_8/src/WTopScalefactorProducer/Skimmer/NANOcrab/crab_Tprime_v5_NANo_AOD_106X/crab_DYJetsToLL_M-50_HT-600to800_v2
DEBUG 2021-06-28 14:07:36.770 UTC: 	 Loading required information from the environment
DEBUG 2021-06-28 14:07:36.771 UTC: 	 Found CMSSW_10_6_8 for slc7_amd64_gcc700 with base /afs/cern.ch/work/a/achhetri/NANO_AOD/CMSSW_10_6_8
DEBUG 2021-06-28 14:07:36.771 UTC: 	 Loading required information from the environment
DEBUG 2021-06-28 14:07:36.771 UTC: 	 Found CMSSW_10_6_8 for slc7_amd64_gcc700 with base /afs/cern.ch/work/a/achhetri/NANO_AOD/CMSSW_10_6_8
DEBUG 2021-06-28 14:07:36.771 UTC: 	 UNIQUE NAME: tarUUID 0716bf1b-f3e1-4e0c-bea5-a3ce3ccec466 
DEBUG 2021-06-28 14:07:36.771 UTC: 	 self.config: from WMCore.Configuration import Configuration
config = Configuration()
config.section_('General')
config.General.transferLogs = True
config.General.workArea = 'crab_Tprime_v5_NANo_AOD_106X'
config.General.requestName = 'DYJetsToLL_M-50_HT-600to800_v2'
config.section_('JobType')
config.JobType.scriptExe = 'crab_script_Tprime.sh'
config.JobType.pluginName = 'Analysis'
config.JobType.sendPythonFolder = True
config.JobType.allowUndistributedCMSSW = True
config.JobType.psetName = 'PSet.py'
config.JobType.inputFiles = ['TprimeBToTH_LH_RunIISummer19UL16_Skimmer.py', 'keep_and_drop_v1.txt', '../../../PhysicsTools/NanoAODTools/scripts/haddnano.py']
config.section_('Data')
config.Data.inputDataset = '/DYJetsToLL_M-50_HT-600to800_TuneCP5_PSweights_13TeV-madgraphMLM-pythia8/RunIISummer20UL17NanoAODv2-106X_mc2017_realistic_v8-v1/NANOAODSIM'
config.Data.outputDatasetTag = 'DYJetsToLL_M-50_HT-600to800_v2'
config.Data.publication = False
config.Data.unitsPerJob = 1
config.Data.inputDBS = 'global'
config.Data.splitting = 'FileBased'
config.Data.outLFNDirBase = '/store/user/achhetri/Tprime_v5_NANo_AOD_106X'
config.Data.totalUnits = 31
config.section_('Site')
config.Site.storageSite = 'T3_CH_CERNBOX'
config.section_('User')
config.section_('Debug')

DEBUG 2021-06-28 14:07:36.771 UTC: 	 self.config.JobType.psetName: PSet.py
INFO 2021-06-28 14:07:36.772 UTC: 	 Importing CMSSW configuration PSet.py
INFO 2021-06-28 14:07:37.529 UTC: 	 Finished importing CMSSW configuration PSet.py
DEBUG 2021-06-28 14:07:37.529 UTC: 	 Writing CMSSW configuration to /afs/cern.ch/work/a/achhetri/NANO_AOD/CMSSW_10_6_8/src/WTopScalefactorProducer/Skimmer/NANOcrab/crab_Tprime_v5_NANo_AOD_106X/crab_DYJetsToLL_M-50_HT-600to800_v2/inputs/PSet.py
DEBUG 2021-06-28 14:07:37.538 UTC: 	 The following EDM output files will be collected: ['tree.root']
DEBUG 2021-06-28 14:07:37.538 UTC: 	 The following TFile output files will be collected: []
DEBUG 2021-06-28 14:07:37.538 UTC: 	 The following user output files (not listed as PoolOuputModule or TFileService in the CMSSW PSet) will be collected: 
DEBUG 2021-06-28 14:07:37.538 UTC: 	 Loading required information from the environment
DEBUG 2021-06-28 14:07:37.538 UTC: 	 Found CMSSW_10_6_8 for slc7_amd64_gcc700 with base /afs/cern.ch/work/a/achhetri/NANO_AOD/CMSSW_10_6_8
DEBUG 2021-06-28 14:07:37.538 UTC: 	 Making tarball in /afs/cern.ch/work/a/achhetri/NANO_AOD/CMSSW_10_6_8/src/WTopScalefactorProducer/Skimmer/NANOcrab/crab_Tprime_v5_NANo_AOD_106X/crab_DYJetsToLL_M-50_HT-600to800_v2/inputs/0716bf1b-f3e1-4e0c-bea5-a3ce3ccec466default.tgz
DEBUG 2021-06-28 14:07:37.539 UTC: 	 Checking directory /afs/cern.ch/work/a/achhetri/NANO_AOD/CMSSW_10_6_8/lib
DEBUG 2021-06-28 14:07:37.539 UTC: 	 Adding directory /afs/cern.ch/work/a/achhetri/NANO_AOD/CMSSW_10_6_8/lib to tarball
DEBUG 2021-06-28 14:07:37.955 UTC: 	 Checking directory /afs/cern.ch/work/a/achhetri/NANO_AOD/CMSSW_10_6_8/biglib
DEBUG 2021-06-28 14:07:37.955 UTC: 	 Adding directory /afs/cern.ch/work/a/achhetri/NANO_AOD/CMSSW_10_6_8/biglib to tarball
DEBUG 2021-06-28 14:07:37.956 UTC: 	 Checking directory /afs/cern.ch/work/a/achhetri/NANO_AOD/CMSSW_10_6_8/module
DEBUG 2021-06-28 14:07:37.956 UTC: 	 Checking directory /afs/cern.ch/work/a/achhetri/NANO_AOD/CMSSW_10_6_8/python
DEBUG 2021-06-28 14:07:37.956 UTC: 	 Adding directory /afs/cern.ch/work/a/achhetri/NANO_AOD/CMSSW_10_6_8/python to tarball
DEBUG 2021-06-28 14:07:45.065 UTC: 	 Checking directory /afs/cern.ch/work/a/achhetri/NANO_AOD/CMSSW_10_6_8/cfipython
DEBUG 2021-06-28 14:07:45.066 UTC: 	 Adding directory /afs/cern.ch/work/a/achhetri/NANO_AOD/CMSSW_10_6_8/cfipython to tarball
DEBUG 2021-06-28 14:07:45.281 UTC: 	 Adding data directory /afs/cern.ch/work/a/achhetri/NANO_AOD/CMSSW_10_6_8/src/PhysicsTools/NanoAODTools/data to tarball
DEBUG 2021-06-28 14:08:01.782 UTC: 	 Adding data directory /afs/cern.ch/work/a/achhetri/NANO_AOD/CMSSW_10_6_8/src/PhysicsTools/NanoAODTools/interface to tarball
DEBUG 2021-06-28 14:08:01.818 UTC: 	 Adding data directory /afs/cern.ch/work/a/achhetri/NANO_AOD/CMSSW_10_6_8/src/PhysicsTools/NanoAODTools/python/postprocessing/data to tarball
DEBUG 2021-06-28 14:08:14.129 UTC: 	 Adding file TprimeBToTH_LH_RunIISummer19UL16_Skimmer.py to tarball
DEBUG 2021-06-28 14:08:14.169 UTC: 	 Adding file keep_and_drop_v1.txt to tarball
DEBUG 2021-06-28 14:08:14.180 UTC: 	 Adding file ../../../PhysicsTools/NanoAODTools/scripts/haddnano.py to tarball
DEBUG 2021-06-28 14:08:17.374 UTC: 	 Uploading archive /afs/cern.ch/work/a/achhetri/NANO_AOD/CMSSW_10_6_8/src/WTopScalefactorProducer/Skimmer/NANOcrab/crab_Tprime_v5_NANo_AOD_106X/crab_DYJetsToLL_M-50_HT-600to800_v2/inputs/0716bf1b-f3e1-4e0c-bea5-a3ce3ccec466default.tgz (55 MB) to the CRAB cache. Using URI https://cmsweb.cern.ch/S3/crabcache_prod
DEBUG 2021-06-28 14:08:31.658 UTC: 	 Will execute:
curl -f -v -X POST  -H "User-Agent: CRAB" -F "key=achhetri/sandboxes/dbb62c6e90d539c01b7361da7edd336f9b47ae6a13b3065aa8bb1bf2bea5890d.tar.gz" -F "AWSAccessKeyId=ab00fcc889f248c495d2875f15a3badb" -F "policy=eyJjb25kaXRpb25zIjogW3siYnVja2V0IjogImNyYWJjYWNoZV9wcm9kIn0sIHsia2V5IjogImFjaGhldHJpL3NhbmRib3hlcy9kYmI2MmM2ZTkwZDUzOWMwMWI3MzYxZGE3ZWRkMzM2ZjliNDdhZTZhMTNiMzA2NWFhOGJiMWJmMmJlYTU4OTBkLnRhci5neiJ9XSwgImV4cGlyYXRpb24iOiAiMjAyMS0wNi0yOFQxNTowODozMVoifQ==" -F "signature=CxAzkb6A+9i0UbVndPyXacZH608=" -F "file=@/afs/cern.ch/work/a/achhetri/NANO_AOD/CMSSW_10_6_8/src/WTopScalefactorProducer/Skimmer/NANOcrab/crab_Tprime_v5_NANo_AOD_106X/crab_DYJetsToLL_M-50_HT-600to800_v2/inputs/0716bf1b-f3e1-4e0c-bea5-a3ce3ccec466default.tgz" "https://s3.cern.ch/crabcache_prod"
DEBUG 2021-06-28 14:08:33.756 UTC: 	 exitcode: 0
stdout: 
stderr: Note: Unnecessary use of -X or --request, POST is already inferred.
  % Total    % Received % Xferd  Average Speed   Time    Time     Time  Current
                                 Dload  Upload   Total   Spent    Left  Speed
  0     0    0     0    0     0      0      0 --:--:-- --:--:-- --:--:--     0*   Trying 2001:1458:d00:f::100:1b2...
* TCP_NODELAY set
* Connected to s3.cern.ch (2001:1458:d00:f::100:1b2) port 443 (#0)
* ALPN, offering http/1.1
* Cipher selection: ALL:!EXPORT:!EXPORT40:!EXPORT56:!aNULL:!LOW:!RC4:@STRENGTH
* successfully set certificate verify locations:
  CAfile: /etc/pki/tls/certs/ca-bundle.crt
  CApath: none
* TLSv1.2 (OUT), TLS header, Certificate Status (22):
} [5 bytes data]
* TLSv1.2 (OUT), TLS handshake, Client hello (1):
} [512 bytes data]
* TLSv1.2 (IN), TLS handshake, Server hello (2):
{ [70 bytes data]
* TLSv1.2 (IN), TLS handshake, Certificate (11):
{ [4780 bytes data]
* TLSv1.2 (IN), TLS handshake, Server key exchange (12):
{ [333 bytes data]
* TLSv1.2 (IN), TLS handshake, Server finished (14):
{ [4 bytes data]
* TLSv1.2 (OUT), TLS handshake, Client key exchange (16):
} [70 bytes data]
* TLSv1.2 (OUT), TLS change cipher, Client hello (1):
} [1 bytes data]
* TLSv1.2 (OUT), TLS handshake, Finished (20):
} [16 bytes data]
* TLSv1.2 (IN), TLS change cipher, Client hello (1):
{ [1 bytes data]
* TLSv1.2 (IN), TLS handshake, Finished (20):
{ [16 bytes data]
* SSL connection using TLSv1.2 / ECDHE-RSA-AES128-GCM-SHA256
* ALPN, server accepted to use http/1.1
* Server certificate:
*  subject: C=CH; ST=Genève; L=Meyrin; O=Organisation européenne pour la Recherche nucléaire (CERN); CN=*.s3.cern.ch
*  start date: Mar 10 00:00:00 2021 GMT
*  expire date: Mar 10 23:59:59 2022 GMT
*  subjectAltName: host "s3.cern.ch" matched cert's "s3.cern.ch"
*  issuer: C=GB; ST=Greater Manchester; L=Salford; O=Sectigo Limited; CN=Sectigo RSA Organization Validation Secure Server CA
*  SSL certificate verify ok.
} [5 bytes data]
> POST /crabcache_prod HTTP/1.1
> Host: s3.cern.ch
> Accept: */*
> User-Agent: CRAB
> Content-Length: 57694587
> Content-Type: multipart/form-data; boundary=------------------------47d386a45557b13c
> Expect: 100-continue
> 
* Done waiting for 100-continue
  0 55.0M    0     0    0     0      0      0 --:--:--  0:00:01 --:--:--     0} [5 bytes data]
< HTTP/1.1 100 Continue
} [5 bytes data]
 26 55.0M    0     0   26 14.3M      0  11.5M  0:00:04  0:00:01  0:00:03 11.5M< HTTP/1.1 204 No Content
< Accept-Ranges: bytes
< Bucket: crabcache_prod
< Date: Mon, 28 Jun 2021 14:08:33 GMT
< X-Amz-Request-Id: tx0000000000000081ff995-0060d9d7df-1c853219-default
< 
100 55.0M    0     0  100 55.0M      0  26.6M  0:00:02  0:00:02 --:--:-- 26.6M
* Connection #0 to host s3.cern.ch left intact

DEBUG 2021-06-28 14:08:33.756 UTC: 	 sandbox /afs/cern.ch/work/a/achhetri/NANO_AOD/CMSSW_10_6_8/src/WTopScalefactorProducer/Skimmer/NANOcrab/crab_Tprime_v5_NANo_AOD_106X/crab_DYJetsToLL_M-50_HT-600to800_v2/inputs/0716bf1b-f3e1-4e0c-bea5-a3ce3ccec466default.tgz successully uploaded to S3
DEBUG 2021-06-28 14:08:33.756 UTC: 	 Loading required information from the environment
DEBUG 2021-06-28 14:08:33.756 UTC: 	 Found CMSSW_10_6_8 for slc7_amd64_gcc700 with base /afs/cern.ch/work/a/achhetri/NANO_AOD/CMSSW_10_6_8
DEBUG 2021-06-28 14:08:33.756 UTC: 	 Making tarball in /afs/cern.ch/work/a/achhetri/NANO_AOD/CMSSW_10_6_8/src/WTopScalefactorProducer/Skimmer/NANOcrab/crab_Tprime_v5_NANo_AOD_106X/crab_DYJetsToLL_M-50_HT-600to800_v2/inputs/debugFiles.tgz
DEBUG 2021-06-28 14:08:33.762 UTC: 	 Uploading archive /afs/cern.ch/work/a/achhetri/NANO_AOD/CMSSW_10_6_8/src/WTopScalefactorProducer/Skimmer/NANOcrab/crab_Tprime_v5_NANo_AOD_106X/crab_DYJetsToLL_M-50_HT-600to800_v2/inputs/debugFiles.tgz (1 KB) to the CRAB cache. Using URI https://cmsweb.cern.ch/S3/crabcache_prod
DEBUG 2021-06-28 14:08:33.820 UTC: 	 Will execute:
curl -f -v -X POST  -H "User-Agent: CRAB" -F "key=achhetri/sandboxes/d3c8cc43c6efd7833d14924f3eefde7144c3d7c0376a08548419e5543a201777.tar.gz" -F "AWSAccessKeyId=ab00fcc889f248c495d2875f15a3badb" -F "policy=eyJjb25kaXRpb25zIjogW3siYnVja2V0IjogImNyYWJjYWNoZV9wcm9kIn0sIHsia2V5IjogImFjaGhldHJpL3NhbmRib3hlcy9kM2M4Y2M0M2M2ZWZkNzgzM2QxNDkyNGYzZWVmZGU3MTQ0YzNkN2MwMzc2YTA4NTQ4NDE5ZTU1NDNhMjAxNzc3LnRhci5neiJ9XSwgImV4cGlyYXRpb24iOiAiMjAyMS0wNi0yOFQxNTowODozM1oifQ==" -F "signature=lkOWykHJBRyJJOpbwhRH6R6Hry8=" -F "file=@/afs/cern.ch/work/a/achhetri/NANO_AOD/CMSSW_10_6_8/src/WTopScalefactorProducer/Skimmer/NANOcrab/crab_Tprime_v5_NANo_AOD_106X/crab_DYJetsToLL_M-50_HT-600to800_v2/inputs/debugFiles.tgz" "https://s3.cern.ch/crabcache_prod"
DEBUG 2021-06-28 14:08:34.885 UTC: 	 exitcode: 0
stdout: 
stderr: Note: Unnecessary use of -X or --request, POST is already inferred.
  % Total    % Received % Xferd  Average Speed   Time    Time     Time  Current
                                 Dload  Upload   Total   Spent    Left  Speed
  0     0    0     0    0     0      0      0 --:--:-- --:--:-- --:--:--     0*   Trying 2001:1458:d00:f::100:1b2...
* TCP_NODELAY set
* Connected to s3.cern.ch (2001:1458:d00:f::100:1b2) port 443 (#0)
* ALPN, offering http/1.1
* Cipher selection: ALL:!EXPORT:!EXPORT40:!EXPORT56:!aNULL:!LOW:!RC4:@STRENGTH
* successfully set certificate verify locations:
  CAfile: /etc/pki/tls/certs/ca-bundle.crt
  CApath: none
* TLSv1.2 (OUT), TLS header, Certificate Status (22):
} [5 bytes data]
* TLSv1.2 (OUT), TLS handshake, Client hello (1):
} [512 bytes data]
* TLSv1.2 (IN), TLS handshake, Server hello (2):
{ [70 bytes data]
* TLSv1.2 (IN), TLS handshake, Certificate (11):
{ [4780 bytes data]
* TLSv1.2 (IN), TLS handshake, Server key exchange (12):
{ [333 bytes data]
* TLSv1.2 (IN), TLS handshake, Server finished (14):
{ [4 bytes data]
* TLSv1.2 (OUT), TLS handshake, Client key exchange (16):
} [70 bytes data]
* TLSv1.2 (OUT), TLS change cipher, Client hello (1):
} [1 bytes data]
* TLSv1.2 (OUT), TLS handshake, Finished (20):
} [16 bytes data]
* TLSv1.2 (IN), TLS change cipher, Client hello (1):
{ [1 bytes data]
* TLSv1.2 (IN), TLS handshake, Finished (20):
{ [16 bytes data]
* SSL connection using TLSv1.2 / ECDHE-RSA-AES128-GCM-SHA256
* ALPN, server accepted to use http/1.1
* Server certificate:
*  subject: C=CH; ST=Genève; L=Meyrin; O=Organisation européenne pour la Recherche nucléaire (CERN); CN=*.s3.cern.ch
*  start date: Mar 10 00:00:00 2021 GMT
*  expire date: Mar 10 23:59:59 2022 GMT
*  subjectAltName: host "s3.cern.ch" matched cert's "s3.cern.ch"
*  issuer: C=GB; ST=Greater Manchester; L=Salford; O=Sectigo Limited; CN=Sectigo RSA Organization Validation Secure Server CA
*  SSL certificate verify ok.
} [5 bytes data]
> POST /crabcache_prod HTTP/1.1
> Host: s3.cern.ch
> Accept: */*
> User-Agent: CRAB
> Content-Length: 2666
> Content-Type: multipart/form-data; boundary=------------------------2933a5b21aaf8b2f
> Expect: 100-continue
> 
  0  2666    0     0    0     0      0      0 --:--:-- --:--:-- --:--:--     0* Done waiting for 100-continue
} [5 bytes data]
< HTTP/1.1 100 Continue
{ [5 bytes data]
< HTTP/1.1 204 No Content
< Accept-Ranges: bytes
< Bucket: crabcache_prod
< Date: Mon, 28 Jun 2021 14:08:34 GMT
< X-Amz-Request-Id: tx0000000000000081ff9b2-0060d9d7e1-1c853219-default
< 
100  2666    0     0  100  2666      0   2563  0:00:01  0:00:01 --:--:--  2563
* Connection #0 to host s3.cern.ch left intact

DEBUG 2021-06-28 14:08:34.885 UTC: 	 sandbox /afs/cern.ch/work/a/achhetri/NANO_AOD/CMSSW_10_6_8/src/WTopScalefactorProducer/Skimmer/NANOcrab/crab_Tprime_v5_NANo_AOD_106X/crab_DYJetsToLL_M-50_HT-600to800_v2/inputs/debugFiles.tgz successully uploaded to S3
DEBUG 2021-06-28 14:08:34.885 UTC: 	 Result uploading input files: dbb62c6e90d539c01b7361da7edd336f9b47ae6a13b3065aa8bb1bf2bea5890d.tar.gz 
INFO 2021-06-28 14:08:34.886 UTC: 	 Sending the request to the server at cmsweb.cern.ch
DEBUG 2021-06-28 14:08:34.886 UTC: 	 Submitting {'maxjobruntime': 1250, 'extrajdl': [], 'lfn': '/store/user/achhetri/Tprime_v5_NANo_AOD_106X', 'savelogsflag': 1, 'useparent': 0, 'scriptexe': 'crab_script_Tprime.sh', 'asyncdest': 'T3_CH_CERNBOX', 'algoargs': 1, 'cachefilename': 'dbb62c6e90d539c01b7361da7edd336f9b47ae6a13b3065aa8bb1bf2bea5890d.tar.gz', 'numcores': 1, 'addoutputfiles': [], 'generator': 'pythia', 'maxmemory': 2000, 'publishdbsurl': 'https://cmsweb.cern.ch/dbs/prod/phys03/DBSWriter', 'priority': 10, 'jobsw': 'CMSSW_10_6_8', 'edmoutfiles': ['tree.root'], 'userfiles': [], 'primarydataset': '', 'inputdata': '/DYJetsToLL_M-50_HT-600to800_TuneCP5_PSweights_13TeV-madgraphMLM-pythia8/RunIISummer20UL17NanoAODv2-106X_mc2017_realistic_v8-v1/NANOAODSIM', 'ignorelocality': 0, 'dryrun': 0, 'workflow': 'crab_DYJetsToLL_M-50_HT-600to800_v2', 'cacheurl': u'https://cmsweb.cern.ch/S3/crabcache_prod', 'nonprodsw': 1, 'tfileoutfiles': [], 'oneEventMode': 0, 'debugfilename': 'd3c8cc43c6efd7833d14924f3eefde7144c3d7c0376a08548419e5543a201777.tar.gz', 'saveoutput': 1, 'publication': 0, 'jobarch': 'slc7_amd64_gcc700', 'totalunits': 31, 'splitalgo': 'FileBased', 'ignoreglobalblacklist': 0, 'nonvaliddata': 0, 'dbsurl': 'https://cmsweb.cern.ch/dbs/prod/global/DBSReader', 'publishgroupname': 0, 'jobtype': 'Analysis', 'publishname2': 'DYJetsToLL_M-50_HT-600to800_v2'} 
DEBUG 2021-06-28 14:08:34.886 UTC: 	 Encoded submit request: maxjobruntime=1250&lfn=%2Fstore%2Fuser%2Fachhetri%2FTprime_v5_NANo_AOD_106X&savelogsflag=1&useparent=0&scriptexe=crab_script_Tprime.sh&asyncdest=T3_CH_CERNBOX&algoargs=1&cachefilename=dbb62c6e90d539c01b7361da7edd336f9b47ae6a13b3065aa8bb1bf2bea5890d.tar.gz&numcores=1&generator=pythia&maxmemory=2000&publishdbsurl=https%3A%2F%2Fcmsweb.cern.ch%2Fdbs%2Fprod%2Fphys03%2FDBSWriter&priority=10&jobsw=CMSSW_10_6_8&primarydataset=&inputdata=%2FDYJetsToLL_M-50_HT-600to800_TuneCP5_PSweights_13TeV-madgraphMLM-pythia8%2FRunIISummer20UL17NanoAODv2-106X_mc2017_realistic_v8-v1%2FNANOAODSIM&ignorelocality=0&dryrun=0&workflow=crab_DYJetsToLL_M-50_HT-600to800_v2&cacheurl=https%3A%2F%2Fcmsweb.cern.ch%2FS3%2Fcrabcache_prod&nonprodsw=1&oneEventMode=0&debugfilename=d3c8cc43c6efd7833d14924f3eefde7144c3d7c0376a08548419e5543a201777.tar.gz&saveoutput=1&publication=0&jobarch=slc7_amd64_gcc700&totalunits=31&splitalgo=FileBased&ignoreglobalblacklist=0&nonvaliddata=0&dbsurl=https%3A%2F%2Fcmsweb.cern.ch%2Fdbs%2Fprod%2Fglobal%2FDBSReader&publishgroupname=0&jobtype=Analysis&publishname2=DYJetsToLL_M-50_HT-600to800_v2&edmoutfiles=tree.root
DEBUG 2021-06-28 14:08:34.992 UTC: 	 Result: {u'result': [{u'RequestName': u'210628_140834:achhetri_crab_DYJetsToLL_M-50_HT-600to800_v2'}]}
INFO 2021-06-28 14:08:34.997 UTC: 	 Success: Your task has been delivered to the prod CRAB3 server.
INFO 2021-06-28 14:08:34.997 UTC: 	 Task name: 210628_140834:achhetri_crab_DYJetsToLL_M-50_HT-600to800_v2
INFO 2021-06-28 14:08:34.997 UTC: 	 Project dir: crab_Tprime_v5_NANo_AOD_106X/crab_DYJetsToLL_M-50_HT-600to800_v2
INFO 2021-06-28 14:08:34.997 UTC: 	 Please use ' crab status -d crab_Tprime_v5_NANo_AOD_106X/crab_DYJetsToLL_M-50_HT-600to800_v2 ' to check how the submission process proceeds.
DEBUG 2021-06-28 14:08:34.997 UTC: 	 About to return
DEBUG 2021-06-28 14:17:00.203 UTC: 	 CRAB Client version: v3.210610
DEBUG 2021-06-28 14:17:00.204 UTC: 	 Running on: Linux lxplus763.cern.ch 3.10.0-1160.25.1.el7.x86_64 #1 SMP Wed Apr 28 21:49:45 UTC 2021 x86_64 x86_64 x86_64 GNU/Linux - CentOS Linux 7 (Core)
DEBUG 2021-06-28 14:17:00.204 UTC: 	 Executing command: 'status'
DEBUG 2021-06-28 14:17:00.204 UTC: 	 Found CRAB cache file /afs/cern.ch/user/a/achhetri/.crab3
DEBUG 2021-06-28 14:17:00.218 UTC: 	 Checking credentials
DEBUG 2021-06-28 14:17:00.218 UTC: 	 Found proxy file /tmp/x509up_u94350
DEBUG 2021-06-28 14:17:00.218 UTC: 	 Getting proxy life time left
DEBUG 2021-06-28 14:17:00.924 UTC: 	 Executing : 
 command : voms-proxy-info -file /tmp/x509up_u94350 -timeleft
 output : 689725

 error: 
 retcode : 0
DEBUG 2021-06-28 14:17:01.530 UTC: 	 Executing : 
 command : voms-proxy-info -file /tmp/x509up_u94350 -actimeleft
 output : 689724

 error: 
 retcode : 0
DEBUG 2021-06-28 14:17:01.530 UTC: 	 Proxy lifetime 689725 secs is different from voms extension lifetime 689724 secs for proxy: /tmp/x509up_u94350
DEBUG 2021-06-28 14:17:01.531 UTC: 	 Proxy valid for 191:35:24 hours
DEBUG 2021-06-28 14:17:01.584 UTC: 	 Registering user credentials for server /DC=ch/DC=cern/OU=computers/CN=crab-(preprod|prod|dev)-tw(02|01).cern.ch|/DC=ch/DC=cern/OU=computers/CN=(ddi|ddidk|mytw).cern.ch|/DC=ch/DC=cern/OU=computers/CN=stefanov(m|m2).cern.ch
DEBUG 2021-06-28 14:17:02.197 UTC: 	 Executing : 
 command : voms-proxy-info -file /tmp/x509up_u94350 -identity
 output : /DC=ch/DC=cern/OU=Organic Units/OU=Users/CN=achhetri/CN=804540/CN=Arjun Chhetri

 error: 
 retcode : 0
DEBUG 2021-06-28 14:17:02.204 UTC: 	 Getting myproxy life time left for myproxy.cern.ch
DEBUG 2021-06-28 14:17:02.205 UTC: 	 using eb0e67adc2dd9eb1770413a4ffd073f562b86f05 as credential login name
DEBUG 2021-06-28 14:17:02.608 UTC: 	 Executing : 
 command : myproxy-info -l eb0e67adc2dd9eb1770413a4ffd073f562b86f05 -s myproxy.cern.ch
 output : username: eb0e67adc2dd9eb1770413a4ffd073f562b86f05
owner: /DC=ch/DC=cern/OU=Organic Units/OU=Users/CN=achhetri/CN=804540/CN=Arjun Chhetri
  renewal policy: /DC=ch/DC=cern/OU=computers/CN=vocms0105.cern.ch|/DC=ch/DC=cern/OU=computers/CN=crab-(preprod|prod|dev)-tw(02|01).cern.ch|/DC=ch/DC=cern/OU=computers/CN=(ddi|ddidk|mytw).cern.ch|/DC=ch/DC=cern/OU=computers/CN=stefanov(m|m2).cern.ch
  trusted retrieval policy: /DC=ch/DC=cern/OU=computers/CN=vocms0105.cern.ch|/DC=ch/DC=cern/OU=computers/CN=crab-(preprod|prod|dev)-tw(02|01).cern.ch|/DC=ch/DC=cern/OU=computers/CN=(ddi|ddidk|mytw).cern.ch|/DC=ch/DC=cern/OU=computers/CN=stefanov(m|m2).cern.ch
  timeleft: 0:00:00

 error: 
 retcode : 0
DEBUG 2021-06-28 14:17:02.609 UTC: 	 Myproxy is valid: 0
DEBUG 2021-06-28 14:17:02.714 UTC: 	 Executing : 
 command : openssl x509 -noout -in ~/.globus/usercert.pem -dates
 output : notBefore=Nov 11 12:18:59 2020 GMT
notAfter=Dec 16 12:18:59 2021 GMT

 error: 
 retcode : 0
DEBUG 2021-06-28 14:17:02.719 UTC: 	 Delegating a myproxy for 720:00 hours
DEBUG 2021-06-28 14:17:02.719 UTC: 	 using eb0e67adc2dd9eb1770413a4ffd073f562b86f05 as credential login name
DEBUG 2021-06-28 14:17:25.572 UTC: 	 Executing : 
 command : export GT_PROXY_MODE=rfc ; myproxy-init -d -n -s myproxy.cern.ch -x -R '/DC=ch/DC=cern/OU=computers/CN=crab-(preprod|prod|dev)-tw(02|01).cern.ch|/DC=ch/DC=cern/OU=computers/CN=(ddi|ddidk|mytw).cern.ch|/DC=ch/DC=cern/OU=computers/CN=stefanov(m|m2).cern.ch' -x -Z '/DC=ch/DC=cern/OU=computers/CN=crab-(preprod|prod|dev)-tw(02|01).cern.ch|/DC=ch/DC=cern/OU=computers/CN=(ddi|ddidk|mytw).cern.ch|/DC=ch/DC=cern/OU=computers/CN=stefanov(m|m2).cern.ch' -l 'eb0e67adc2dd9eb1770413a4ffd073f562b86f05' -t 168:00 -c 720:00
 output : Your identity: /DC=ch/DC=cern/OU=Organic Units/OU=Users/CN=achhetri/CN=804540/CN=Arjun Chhetri

 error: Error: Couldn't read user key in /afs/cern.ch/user/a/achhetri/.globus/userkey.pem.
Use -debug for further information.
grid-proxy-init failed

 retcode : 1
DEBUG 2021-06-28 14:17:25.572 UTC: 	 using eb0e67adc2dd9eb1770413a4ffd073f562b86f05 as credential login name
DEBUG 2021-06-28 14:17:25.977 UTC: 	 Executing : 
 command : myproxy-info -l eb0e67adc2dd9eb1770413a4ffd073f562b86f05 -s myproxy.cern.ch
 output : username: eb0e67adc2dd9eb1770413a4ffd073f562b86f05
owner: /DC=ch/DC=cern/OU=Organic Units/OU=Users/CN=achhetri/CN=804540/CN=Arjun Chhetri
  renewal policy: /DC=ch/DC=cern/OU=computers/CN=vocms0105.cern.ch|/DC=ch/DC=cern/OU=computers/CN=crab-(preprod|prod|dev)-tw(02|01).cern.ch|/DC=ch/DC=cern/OU=computers/CN=(ddi|ddidk|mytw).cern.ch|/DC=ch/DC=cern/OU=computers/CN=stefanov(m|m2).cern.ch
  trusted retrieval policy: /DC=ch/DC=cern/OU=computers/CN=vocms0105.cern.ch|/DC=ch/DC=cern/OU=computers/CN=crab-(preprod|prod|dev)-tw(02|01).cern.ch|/DC=ch/DC=cern/OU=computers/CN=(ddi|ddidk|mytw).cern.ch|/DC=ch/DC=cern/OU=computers/CN=stefanov(m|m2).cern.ch
  timeleft: 0:00:00

 error: 
 retcode : 0
DEBUG 2021-06-28 14:17:25.978 UTC: 	 Retrieving username ...
DEBUG 2021-06-28 14:17:25.978 UTC: 	 Retrieving username from CRIC...
DEBUG 2021-06-28 14:17:26.707 UTC: 	 username is achhetri
DEBUG 2021-06-28 14:17:26.713 UTC: 	 Getting myproxy life time left for myproxy.cern.ch
DEBUG 2021-06-28 14:17:26.713 UTC: 	 using achhetri_CRAB as credential login name
DEBUG 2021-06-28 14:17:27.018 UTC: 	 Executing : 
 command : myproxy-info -l achhetri_CRAB -s myproxy.cern.ch
 output : username: achhetri_CRAB
owner: /DC=ch/DC=cern/OU=Organic Units/OU=Users/CN=achhetri/CN=804540/CN=Arjun Chhetri
  renewal policy: /DC=ch/DC=cern/OU=computers/CN=crab-(preprod|prod|dev)-tw(02|01).cern.ch|/DC=ch/DC=cern/OU=computers/CN=(ddi|ddidk|mytw).cern.ch|/DC=ch/DC=cern/OU=computers/CN=stefanov(m|m2).cern.ch
  trusted retrieval policy: /DC=ch/DC=cern/OU=computers/CN=crab-(preprod|prod|dev)-tw(02|01).cern.ch|/DC=ch/DC=cern/OU=computers/CN=(ddi|ddidk|mytw).cern.ch|/DC=ch/DC=cern/OU=computers/CN=stefanov(m|m2).cern.ch
  timeleft: 430:50:52  (18.0 days)

 error: 
 retcode : 0
DEBUG 2021-06-28 14:17:27.019 UTC: 	 Myproxy is valid: 1551052
DEBUG 2021-06-28 14:17:27.019 UTC: 	 Result of myproxy credential check:
  Error trying to create credential:
 Problems delegating My-proxy. It seems your proxy has not been delegated to myproxy. Please check the logfile for the exact error (Maybe you simply typed a wrong password)
  Credential exists on myproxy: username: achhetri_CRAB  - validity: 17 days, 22:50:52
DEBUG 2021-06-28 14:17:27.021 UTC: 	 Command use: status
DEBUG 2021-06-28 14:17:27.021 UTC: 	 Options use: ['-d', 'crab_Tprime_v5_NANo_AOD_106X/crab_DYJetsToLL_M-50_HT-600to800_v2/']
DEBUG 2021-06-28 14:17:27.082 UTC: 	 CRABClient version: v3.210610
DEBUG 2021-06-28 14:17:27.082 UTC: 	 Instance is prod
DEBUG 2021-06-28 14:17:27.082 UTC: 	 Server base url is cmsweb.cern.ch
DEBUG 2021-06-28 14:17:27.082 UTC: 	 Command api workflow
DEBUG 2021-06-28 14:17:27.165 UTC: 	 Got information from server oracle database: {u'result': [u'210628_140834:achhetri_crab_DYJetsToLL_M-50_HT-600to800_v2', u'None', u'None', u'SUBMITTED', u'SUBMIT', u'2021-06-28 14:08:34.984152', u'None', u'2021-06-28 14:09:33.331921', u'None', u'CMSSW_10_6_8', u'slc7_amd64_gcc700', u'/DYJetsToLL_M-50_HT-600to800_TuneCP5_PSweights_13TeV-madgraphMLM-pythia8/RunIISummer20UL17NanoAODv2-106X_mc2017_realistic_v8-v1/NANOAODSIM', u'F', u'0', u'[]', u'[]', u'FileBased', u"{'splitOnRun': False, 'halt_job_on_file_boundaries': False, 'files_per_job': 1, 'runs': [], 'lumis': []}", u'dbb62c6e90d539c01b7361da7edd336f9b47ae6a13b3065aa8bb1bf2bea5890d.tar.gz', u'https://cmsweb.cern.ch/S3/crabcache_prod', u'achhetri', u'/DC=ch/DC=cern/OU=Organic Units/OU=Users/CN=achhetri/CN=804540/CN=Arjun Chhetri', u'cms', u'None', u'None', u'DYJetsToLL_M-50_HT-600to800_v2-00000000000000000000000000000000', u'F', u'T3_CH_CERNBOX', u'https://cmsweb.cern.ch/dbs/prod/global/DBSReader', u'https://cmsweb.cern.ch/dbs/prod/phys03/DBSWriter', u'F', u'[]', u'[]', u"[b'tree.root']", u'Analysis', u'pythia', u'None', u'{}', u'[]', u'T', u'crab-prod-tw01', u'[]', u'1250', u'1', u'2000', u'10', u'None', u'[]', u'http://vocms0106.cern.ch/mon/cms341/210628_140834:achhetri_crab_DYJetsToLL_M-50_HT-600to800_v2', u'crab_script_Tprime.sh', u'[]', u'[]', u'https://cmsweb.cern.ch/crabserver/prod', u'cmsgwms-collector-global.cern.ch:9620,cmsgwms-collector-global.fnal.gov:9620', u'crab3@vocms0106.cern.ch', u'F', u'[]', u'T', u'/store/user/achhetri/Tprime_v5_NANo_AOD_106X', u'F', u'None', u'F', u'None', u'DYJetsToLL_M-50_HT-600to800_TuneCP5_PSweights_13TeV-madgraphMLM-pythia8', u'None', u'd3c8cc43c6efd7833d14924f3eefde7144c3d7c0376a08548419e5543a201777.tar.gz', u'56789483', u'filetransfers', u'F', u'137.138.120.6', u'31.0', u'None'], u'desc': {u'columns': [u'tm_taskname', u'tm_activity', u'panda_jobset_id', u'tm_task_status', u'tm_task_command', u'tm_start_time', u'tm_start_injection', u'tm_end_injection', u'tm_task_failure', u'tm_job_sw', u'tm_job_arch', u'tm_input_dataset', u'tm_nonvalid_input_dataset', u'tm_use_parent', u'tm_site_whitelist', u'tm_site_blacklist', u'tm_split_algo', u'tm_split_args', u'tm_user_sandbox', u'tm_cache_url', u'tm_username', u'tm_user_dn', u'tm_user_vo', u'tm_user_role', u'tm_user_group', u'tm_publish_name', u'tm_publish_groupname', u'tm_asyncdest', u'tm_dbs_url', u'tm_publish_dbs_url', u'tm_publication', u'tm_outfiles', u'tm_tfile_outfiles', u'tm_edm_outfiles', u'tm_job_type', u'tm_generator', u'tm_events_per_lumi', u'tm_arguments', u'panda_resubmitted_jobs', u'tm_save_logs', u'tw_name', u'tm_user_infiles', u'tm_maxjobruntime', u'tm_numcores', u'tm_maxmemory', u'tm_priority', u'tm_output_dataset', u'tm_task_warnings', u'tm_user_webdir', u'tm_scriptexe', u'tm_scriptargs', u'tm_extrajdl', u'tm_asourl', u'tm_collector', u'tm_schedd', u'tm_dry_run', u'tm_user_files', u'tm_transfer_outputs', u'tm_output_lfn', u'tm_ignore_locality', u'tm_fail_limit', u'tm_one_event_mode', u'tm_secondary_input_dataset', u'tm_primary_dataset', u'tm_last_publication', u'tm_debug_files', u'clusterid', u'tm_asodb', u'tm_ignore_global_blacklist', u'tm_submitter_ip_addr', u'tm_totalunits', u'tm_ddm_reqid']}}
INFO 2021-06-28 14:17:27.165 UTC: 	 CRAB project directory:		/afs/cern.ch/work/a/achhetri/NANO_AOD/CMSSW_10_6_8/src/WTopScalefactorProducer/Skimmer/NANOcrab/crab_Tprime_v5_NANo_AOD_106X/crab_DYJetsToLL_M-50_HT-600to800_v2
INFO 2021-06-28 14:17:27.166 UTC: 	 Task name:			210628_140834:achhetri_crab_DYJetsToLL_M-50_HT-600to800_v2
INFO 2021-06-28 14:17:27.166 UTC: 	 Grid scheduler - Task Worker:	crab3@vocms0106.cern.ch - crab-prod-tw01
INFO 2021-06-28 14:17:27.166 UTC: 	 Status on the CRAB server:	SUBMITTED
INFO 2021-06-28 14:17:27.166 UTC: 	 Task URL to use for HELP:	https://cmsweb.cern.ch/crabserver/ui/task/210628_140834%3Aachhetri_crab_DYJetsToLL_M-50_HT-600to800_v2
INFO 2021-06-28 14:17:27.167 UTC: 	 Dashboard monitoring URL:	https://monit-grafana.cern.ch/d/cmsTMDetail/cms-task-monitoring-task-view?orgId=11&var-user=achhetri&var-task=210628_140834%3Aachhetri_crab_DYJetsToLL_M-50_HT-600to800_v2&from=1624885714000&to=now
DEBUG 2021-06-28 14:17:27.167 UTC: 	 The CRAB server submitted your task to the Grid scheduler (cluster ID: 56789483)
DEBUG 2021-06-28 14:17:27.167 UTC: 	 Webdir is located at http://vocms0106.cern.ch/mon/cms341/210628_140834:achhetri_crab_DYJetsToLL_M-50_HT-600to800_v2
DEBUG 2021-06-28 14:17:27.299 UTC: 	 Proxied webdir is located at https://cmsweb.cern.ch:8443/scheddmon/0106/cms341/210628_140834:achhetri_crab_DYJetsToLL_M-50_HT-600to800_v2
DEBUG 2021-06-28 14:17:27.299 UTC: 	 Retrieving 'status_cache' file from https://cmsweb.cern.ch:8443/scheddmon/0106/cms341/210628_140834:achhetri_crab_DYJetsToLL_M-50_HT-600to800_v2/status_cache
DEBUG 2021-06-28 14:17:27.341 UTC: 	 Got information from status cache file: {'24': {'Retries': 0, 'WallDurations': [118.0, 209.0481719970703, 209.0481719970703], 'StartTimes': [1624889541.0], 'SubmitTimes': [1624889386.0], 'JobIds': ['56789509.0'], 'EndTimes': [1624889659.0], 'Restarts': 0, 'RecordedSite': True, 'State': 'transferring', 'ResidentSetSize': [49484], 'TotalUserCpuTimeHistory': [47], 'SiteHistory': ['Unknown', 'T2_PL_Swierk', 'T2_PL_Swierk'], 'TotalSysCpuTimeHistory': [3]}, '25': {'Retries': 0, 'WallDurations': [8.0, 229.0481719970703, 229.0481719970703], 'StartTimes': [1624889521.0], 'SubmitTimes': [1624889386.0], 'JobIds': ['56789510.0'], 'EndTimes': [], 'Restarts': 0, 'RecordedSite': True, 'State': 'running', 'ResidentSetSize': [30176], 'TotalUserCpuTimeHistory': [0.0], 'SiteHistory': ['Unknown', 'T2_FR_GRIF_LLR', 'T2_FR_GRIF_LLR'], 'TotalSysCpuTimeHistory': [0.0]}, '26': {'Retries': 0, 'WallDurations': [9.0, 229.0481719970703, 229.0481719970703], 'StartTimes': [1624889521.0], 'SubmitTimes': [1624889386.0], 'JobIds': ['56789511.0'], 'EndTimes': [], 'Restarts': 0, 'RecordedSite': True, 'State': 'running', 'ResidentSetSize': [50992], 'TotalUserCpuTimeHistory': [5.0], 'SiteHistory': ['Unknown', 'T2_FR_IPHC', 'T2_FR_IPHC'], 'TotalSysCpuTimeHistory': [0.0]}, '27': {'Retries': 0, 'WallDurations': [9.0, 228.0481719970703, 228.0481719970703], 'StartTimes': [1624889522.0], 'SubmitTimes': [1624889386.0], 'JobIds': ['56789512.0'], 'EndTimes': [], 'Restarts': 0, 'RecordedSite': True, 'State': 'running', 'ResidentSetSize': [49536], 'TotalUserCpuTimeHistory': [5.0], 'SiteHistory': ['Unknown', 'T2_ES_CIEMAT', 'T2_ES_CIEMAT'], 'TotalSysCpuTimeHistory': [0.0]}, '20': {'Retries': 0, 'WallDurations': [8.0, 230.0481719970703, 230.0481719970703], 'StartTimes': [1624889520.0], 'SubmitTimes': [1624889385.0], 'JobIds': ['56789505.0'], 'EndTimes': [], 'Restarts': 0, 'RecordedSite': True, 'State': 'running', 'ResidentSetSize': [29236], 'TotalUserCpuTimeHistory': [0.0], 'SiteHistory': ['Unknown', 'T2_IT_Legnaro', 'T2_IT_Legnaro'], 'TotalSysCpuTimeHistory': [0.0]}, '21': {'Retries': 0, 'WallDurations': [10.0, 213.0481719970703, 213.0481719970703], 'StartTimes': [1624889537.0], 'SubmitTimes': [1624889385.0], 'JobIds': ['56789506.0'], 'EndTimes': [], 'Restarts': 0, 'RecordedSite': True, 'State': 'running', 'ResidentSetSize': [2792], 'TotalUserCpuTimeHistory': [0.0], 'SiteHistory': ['Unknown', 'T2_KR_KISTI', 'T2_KR_KISTI'], 'TotalSysCpuTimeHistory': [0.0]}, '22': {'Retries': 0, 'WallDurations': [10.0, 218.0481719970703, 218.0481719970703], 'StartTimes': [1624889532.0], 'SubmitTimes': [1624889385.0], 'JobIds': ['56789507.0'], 'EndTimes': [], 'Restarts': 0, 'RecordedSite': True, 'State': 'running', 'ResidentSetSize': [2744], 'TotalUserCpuTimeHistory': [0.0], 'SiteHistory': ['Unknown', 'T2_TW_NCHC', 'T2_TW_NCHC'], 'TotalSysCpuTimeHistory': [0.0]}, '23': {'Retries': 0, 'WallDurations': [9.0, 228.0481719970703, 228.0481719970703], 'StartTimes': [1624889522.0], 'SubmitTimes': [1624889385.0], 'JobIds': ['56789508.0'], 'EndTimes': [], 'Restarts': 0, 'RecordedSite': True, 'State': 'running', 'ResidentSetSize': [2836], 'TotalUserCpuTimeHistory': [0.0], 'SiteHistory': ['Unknown', 'T2_DE_DESY', 'T2_DE_DESY'], 'TotalSysCpuTimeHistory': [0.0]}, '28': {'Retries': 0, 'WallDurations': [9.0, 230.0481719970703, 230.0481719970703], 'StartTimes': [1624889520.0], 'SubmitTimes': [1624889386.0], 'JobIds': ['56789513.0'], 'EndTimes': [], 'Restarts': 0, 'RecordedSite': True, 'State': 'running', 'ResidentSetSize': [49952], 'TotalUserCpuTimeHistory': [5.0], 'SiteHistory': ['Unknown', 'T2_IT_Legnaro', 'T2_IT_Legnaro'], 'TotalSysCpuTimeHistory': [0.0]}, '29': {'Retries': 0, 'WallDurations': [0], 'StartTimes': [], 'SubmitTimes': [1624889386.0], 'JobIds': ['56789514.0'], 'EndTimes': [], 'Restarts': 0, 'RecordedSite': False, 'State': 'idle', 'ResidentSetSize': [0], 'TotalUserCpuTimeHistory': [0.0], 'SiteHistory': ['Unknown'], 'TotalSysCpuTimeHistory': [0.0]}, '1': {'Retries': 0, 'WallDurations': [8.0, 46.04817199707031, 46.04817199707031], 'StartTimes': [1624889704.0], 'SubmitTimes': [1624889378.0], 'JobIds': ['56789486.0'], 'EndTimes': [], 'Restarts': 0, 'RecordedSite': True, 'State': 'running', 'ResidentSetSize': [4316], 'TotalUserCpuTimeHistory': [0.0], 'SiteHistory': ['Unknown', 'T2_US_Wisconsin', 'T2_US_Wisconsin'], 'TotalSysCpuTimeHistory': [0.0]}, '3': {'Retries': 0, 'WallDurations': [9.0, 202.0481719970703, 202.0481719970703], 'StartTimes': [1624889548.0], 'SubmitTimes': [1624889378.0], 'JobIds': ['56789488.0'], 'EndTimes': [], 'Restarts': 0, 'RecordedSite': True, 'State': 'running', 'ResidentSetSize': [3188], 'TotalUserCpuTimeHistory': [0.0], 'SiteHistory': ['Unknown', 'T2_RU_IHEP', 'T2_RU_IHEP'], 'TotalSysCpuTimeHistory': [0.0]}, '2': {'Retries': 0, 'WallDurations': [0], 'StartTimes': [], 'SubmitTimes': [1624889378.0], 'JobIds': ['56789487.0'], 'EndTimes': [], 'Restarts': 0, 'RecordedSite': False, 'State': 'idle', 'ResidentSetSize': [0], 'TotalUserCpuTimeHistory': [0.0], 'SiteHistory': ['Unknown'], 'TotalSysCpuTimeHistory': [0.0]}, '5': {'Retries': 0, 'WallDurations': [8.0, 216.0481719970703, 216.0481719970703], 'StartTimes': [1624889534.0], 'SubmitTimes': [1624889378.0], 'JobIds': ['56789490.0'], 'EndTimes': [], 'Restarts': 0, 'RecordedSite': True, 'State': 'running', 'ResidentSetSize': [29848], 'TotalUserCpuTimeHistory': [0.0], 'SiteHistory': ['Unknown', 'T2_TW_NCHC', 'T2_TW_NCHC'], 'TotalSysCpuTimeHistory': [0.0]}, '4': {'Retries': 0, 'WallDurations': [8.0, 229.0481719970703, 229.0481719970703], 'StartTimes': [1624889521.0], 'SubmitTimes': [1624889378.0], 'JobIds': ['56789489.0'], 'EndTimes': [], 'Restarts': 0, 'RecordedSite': True, 'State': 'running', 'ResidentSetSize': [2824], 'TotalUserCpuTimeHistory': [0.0], 'SiteHistory': ['Unknown', 'T2_FR_IPHC', 'T2_FR_IPHC'], 'TotalSysCpuTimeHistory': [0.0]}, '7': {'Retries': 0, 'WallDurations': [0], 'StartTimes': [], 'SubmitTimes': [1624889378.0], 'JobIds': ['56789492.0'], 'EndTimes': [], 'Restarts': 0, 'RecordedSite': False, 'State': 'idle', 'ResidentSetSize': [0], 'TotalUserCpuTimeHistory': [0.0], 'SiteHistory': ['Unknown'], 'TotalSysCpuTimeHistory': [0.0]}, '6': {'Retries': 0, 'WallDurations': [0], 'StartTimes': [], 'SubmitTimes': [1624889378.0], 'JobIds': ['56789491.0'], 'EndTimes': [], 'Restarts': 0, 'RecordedSite': False, 'State': 'idle', 'ResidentSetSize': [0], 'TotalUserCpuTimeHistory': [0.0], 'SiteHistory': ['Unknown'], 'TotalSysCpuTimeHistory': [0.0]}, '9': {'Retries': 0, 'WallDurations': [0], 'StartTimes': [], 'SubmitTimes': [1624889379.0], 'JobIds': ['56789494.0'], 'EndTimes': [], 'Restarts': 0, 'RecordedSite': False, 'State': 'idle', 'ResidentSetSize': [0], 'TotalUserCpuTimeHistory': [0.0], 'SiteHistory': ['Unknown'], 'TotalSysCpuTimeHistory': [0.0]}, '8': {'Retries': 0, 'WallDurations': [0], 'StartTimes': [], 'SubmitTimes': [1624889378.0], 'JobIds': ['56789493.0'], 'EndTimes': [], 'Restarts': 0, 'RecordedSite': False, 'State': 'idle', 'ResidentSetSize': [0], 'TotalUserCpuTimeHistory': [0.0], 'SiteHistory': ['Unknown'], 'TotalSysCpuTimeHistory': [0.0]}, '11': {'Retries': 0, 'WallDurations': [0], 'StartTimes': [], 'SubmitTimes': [1624889379.0], 'JobIds': ['56789496.0'], 'EndTimes': [], 'Restarts': 0, 'RecordedSite': False, 'State': 'idle', 'ResidentSetSize': [0], 'TotalUserCpuTimeHistory': [0.0], 'SiteHistory': ['Unknown'], 'TotalSysCpuTimeHistory': [0.0]}, '10': {'Retries': 0, 'WallDurations': [0], 'StartTimes': [], 'SubmitTimes': [1624889379.0], 'JobIds': ['56789495.0'], 'EndTimes': [], 'Restarts': 0, 'RecordedSite': False, 'State': 'idle', 'ResidentSetSize': [0], 'TotalUserCpuTimeHistory': [0.0], 'SiteHistory': ['Unknown'], 'TotalSysCpuTimeHistory': [0.0]}, '13': {'Retries': 0, 'WallDurations': [0], 'StartTimes': [], 'SubmitTimes': [1624889379.0], 'JobIds': ['56789498.0'], 'EndTimes': [], 'Restarts': 0, 'RecordedSite': False, 'State': 'idle', 'ResidentSetSize': [0], 'TotalUserCpuTimeHistory': [0.0], 'SiteHistory': ['Unknown'], 'TotalSysCpuTimeHistory': [0.0]}, '12': {'Retries': 0, 'WallDurations': [0], 'StartTimes': [], 'SubmitTimes': [1624889379.0], 'JobIds': ['56789497.0'], 'EndTimes': [], 'Restarts': 0, 'RecordedSite': False, 'State': 'idle', 'ResidentSetSize': [0], 'TotalUserCpuTimeHistory': [0.0], 'SiteHistory': ['Unknown'], 'TotalSysCpuTimeHistory': [0.0]}, '15': {'Retries': 0, 'WallDurations': [9.0, 216.0481719970703, 216.0481719970703], 'StartTimes': [1624889534.0], 'SubmitTimes': [1624889379.0], 'JobIds': ['56789500.0'], 'EndTimes': [], 'Restarts': 0, 'RecordedSite': True, 'State': 'running', 'ResidentSetSize': [2852], 'TotalUserCpuTimeHistory': [0.0], 'SiteHistory': ['Unknown', 'T2_TW_NCHC', 'T2_TW_NCHC'], 'TotalSysCpuTimeHistory': [0.0]}, '14': {'Retries': 0, 'WallDurations': [0], 'StartTimes': [], 'SubmitTimes': [1624889379.0], 'JobIds': ['56789499.0'], 'EndTimes': [], 'Restarts': 0, 'RecordedSite': False, 'State': 'idle', 'ResidentSetSize': [0], 'TotalUserCpuTimeHistory': [0.0], 'SiteHistory': ['Unknown'], 'TotalSysCpuTimeHistory': [0.0]}, '17': {'Retries': 0, 'WallDurations': [9.0, 226.0481719970703, 226.0481719970703], 'StartTimes': [1624889524.0], 'SubmitTimes': [1624889384.0], 'JobIds': ['56789502.0'], 'EndTimes': [], 'Restarts': 0, 'RecordedSite': True, 'State': 'running', 'ResidentSetSize': [2820], 'TotalUserCpuTimeHistory': [0.0], 'SiteHistory': ['Unknown', 'T2_IT_Bari', 'T2_IT_Bari'], 'TotalSysCpuTimeHistory': [0.0]}, '16': {'Retries': 0, 'WallDurations': [9.0, 230.0481719970703, 230.0481719970703], 'StartTimes': [1624889520.0], 'SubmitTimes': [1624889379.0], 'JobIds': ['56789501.0'], 'EndTimes': [], 'Restarts': 0, 'RecordedSite': True, 'State': 'running', 'ResidentSetSize': [2804], 'TotalUserCpuTimeHistory': [0.0], 'SiteHistory': ['Unknown', 'T2_IT_Bari', 'T2_IT_Bari'], 'TotalSysCpuTimeHistory': [0.0]}, '19': {'Retries': 0, 'WallDurations': [9.0, 230.0481719970703, 230.0481719970703], 'StartTimes': [1624889520.0], 'SubmitTimes': [1624889385.0], 'JobIds': ['56789504.0'], 'EndTimes': [], 'Restarts': 0, 'RecordedSite': True, 'State': 'running', 'ResidentSetSize': [50968], 'TotalUserCpuTimeHistory': [1.0], 'SiteHistory': ['Unknown', 'T2_IT_Legnaro', 'T2_IT_Legnaro'], 'TotalSysCpuTimeHistory': [0.0]}, '18': {'Retries': 0, 'WallDurations': [128.0, 229.0481719970703, 229.0481719970703], 'StartTimes': [1624889521.0], 'SubmitTimes': [1624889384.0], 'JobIds': ['56789503.0'], 'EndTimes': [1624889649.0], 'Restarts': 0, 'RecordedSite': True, 'State': 'transferring', 'ResidentSetSize': [47704], 'TotalUserCpuTimeHistory': [63], 'SiteHistory': ['Unknown', 'T2_IT_Bari', 'T2_IT_Bari'], 'TotalSysCpuTimeHistory': [5]}, '31': {'Retries': 0, 'WallDurations': [9.0, 224.0481719970703, 224.0481719970703], 'StartTimes': [1624889526.0], 'SubmitTimes': [1624889386.0], 'JobIds': ['56789516.0'], 'EndTimes': [], 'Restarts': 0, 'RecordedSite': True, 'State': 'running', 'ResidentSetSize': [2836], 'TotalUserCpuTimeHistory': [0.0], 'SiteHistory': ['Unknown', 'T2_UA_KIPT', 'T2_UA_KIPT'], 'TotalSysCpuTimeHistory': [0.0]}, '30': {'Retries': 0, 'WallDurations': [8.0, 227.0481719970703, 227.0481719970703], 'StartTimes': [1624889523.0], 'SubmitTimes': [1624889386.0], 'JobIds': ['56789515.0'], 'EndTimes': [], 'Restarts': 0, 'RecordedSite': True, 'State': 'running', 'ResidentSetSize': [2836], 'TotalUserCpuTimeHistory': [0.0], 'SiteHistory': ['Unknown', 'T2_UK_SGrid_RALPP', 'T2_UK_SGrid_RALPP'], 'TotalSysCpuTimeHistory': [0.0]}}
INFO 2021-06-28 14:17:27.341 UTC: 	 Status on the scheduler:	SUBMITTED
INFO 2021-06-28 14:17:27.341 UTC: 	 
Jobs status:                    idle         		 35.5% (11/31)
INFO 2021-06-28 14:17:27.341 UTC: 	 				running      		 58.1% (18/31)
INFO 2021-06-28 14:17:27.341 UTC: 	 				transferring 		  6.5% ( 2/31)
INFO 2021-06-28 14:17:27.341 UTC: 	 
No publication information (publication has been disabled in the CRAB configuration file)
INFO 2021-06-28 14:17:27.342 UTC: 	 
Warning: the max jobs runtime is less than 30% of the task requested value (1250 min), please consider to request a lower value for failed jobs (allowed through crab resubmit) and/or improve the jobs splitting (e.g. config.Data.splitting = 'Automatic') in a new task.
INFO 2021-06-28 14:17:27.342 UTC: 	 
Warning: the average jobs CPU efficiency is less than 50%, please consider to improve the jobs splitting (e.g. config.Data.splitting = 'Automatic') in a new task
INFO 2021-06-28 14:17:27.342 UTC: 	 
Summary of run jobs:
 * Memory: 0MB min, 48MB max, 47MB ave
 * Runtime: 0:00:00 min, 0:03:49 max, 0:03:39 ave
 * CPU eff: 24% min, 30% max, 27% ave
 * Waste: 0:11:24 (61% of total)

INFO 2021-06-28 14:17:27.349 UTC: 	 Log file is /afs/cern.ch/work/a/achhetri/NANO_AOD/CMSSW_10_6_8/src/WTopScalefactorProducer/Skimmer/NANOcrab/crab_Tprime_v5_NANo_AOD_106X/crab_DYJetsToLL_M-50_HT-600to800_v2/crab.log
DEBUG 2021-06-28 15:32:43.264 UTC: 	 CRAB Client version: v3.210610
DEBUG 2021-06-28 15:32:43.265 UTC: 	 Running on: Linux lxplus763.cern.ch 3.10.0-1160.25.1.el7.x86_64 #1 SMP Wed Apr 28 21:49:45 UTC 2021 x86_64 x86_64 x86_64 GNU/Linux - CentOS Linux 7 (Core)
DEBUG 2021-06-28 15:32:43.265 UTC: 	 Executing command: 'status'
DEBUG 2021-06-28 15:32:43.265 UTC: 	 Found CRAB cache file /afs/cern.ch/user/a/achhetri/.crab3
DEBUG 2021-06-28 15:32:43.298 UTC: 	 Checking credentials
DEBUG 2021-06-28 15:32:43.298 UTC: 	 Found proxy file /tmp/x509up_u94350
DEBUG 2021-06-28 15:32:43.298 UTC: 	 Getting proxy life time left
DEBUG 2021-06-28 15:32:44.003 UTC: 	 Executing : 
 command : voms-proxy-info -file /tmp/x509up_u94350 -timeleft
 output : 685182

 error: 
 retcode : 0
DEBUG 2021-06-28 15:32:44.709 UTC: 	 Executing : 
 command : voms-proxy-info -file /tmp/x509up_u94350 -actimeleft
 output : 685181

 error: 
 retcode : 0
DEBUG 2021-06-28 15:32:44.709 UTC: 	 Proxy lifetime 685182 secs is different from voms extension lifetime 685181 secs for proxy: /tmp/x509up_u94350
DEBUG 2021-06-28 15:32:44.709 UTC: 	 Proxy valid for 190:19:41 hours
DEBUG 2021-06-28 15:32:44.832 UTC: 	 Registering user credentials for server /DC=ch/DC=cern/OU=computers/CN=crab-(preprod|prod|dev)-tw(02|01).cern.ch|/DC=ch/DC=cern/OU=computers/CN=(ddi|ddidk|mytw).cern.ch|/DC=ch/DC=cern/OU=computers/CN=stefanov(m|m2).cern.ch
DEBUG 2021-06-28 15:32:45.445 UTC: 	 Executing : 
 command : voms-proxy-info -file /tmp/x509up_u94350 -identity
 output : /DC=ch/DC=cern/OU=Organic Units/OU=Users/CN=achhetri/CN=804540/CN=Arjun Chhetri

 error: 
 retcode : 0
DEBUG 2021-06-28 15:32:45.452 UTC: 	 Getting myproxy life time left for myproxy.cern.ch
DEBUG 2021-06-28 15:32:45.452 UTC: 	 using eb0e67adc2dd9eb1770413a4ffd073f562b86f05 as credential login name
DEBUG 2021-06-28 15:32:45.957 UTC: 	 Executing : 
 command : myproxy-info -l eb0e67adc2dd9eb1770413a4ffd073f562b86f05 -s myproxy.cern.ch
 output : username: eb0e67adc2dd9eb1770413a4ffd073f562b86f05
owner: /DC=ch/DC=cern/OU=Organic Units/OU=Users/CN=achhetri/CN=804540/CN=Arjun Chhetri
  renewal policy: /DC=ch/DC=cern/OU=computers/CN=vocms0105.cern.ch|/DC=ch/DC=cern/OU=computers/CN=crab-(preprod|prod|dev)-tw(02|01).cern.ch|/DC=ch/DC=cern/OU=computers/CN=(ddi|ddidk|mytw).cern.ch|/DC=ch/DC=cern/OU=computers/CN=stefanov(m|m2).cern.ch
  trusted retrieval policy: /DC=ch/DC=cern/OU=computers/CN=vocms0105.cern.ch|/DC=ch/DC=cern/OU=computers/CN=crab-(preprod|prod|dev)-tw(02|01).cern.ch|/DC=ch/DC=cern/OU=computers/CN=(ddi|ddidk|mytw).cern.ch|/DC=ch/DC=cern/OU=computers/CN=stefanov(m|m2).cern.ch
  timeleft: 0:00:00

 error: 
 retcode : 0
DEBUG 2021-06-28 15:32:45.958 UTC: 	 Myproxy is valid: 0
DEBUG 2021-06-28 15:32:46.063 UTC: 	 Executing : 
 command : openssl x509 -noout -in ~/.globus/usercert.pem -dates
 output : notBefore=Nov 11 12:18:59 2020 GMT
notAfter=Dec 16 12:18:59 2021 GMT

 error: 
 retcode : 0
DEBUG 2021-06-28 15:32:46.071 UTC: 	 Delegating a myproxy for 720:00 hours
DEBUG 2021-06-28 15:32:46.072 UTC: 	 using eb0e67adc2dd9eb1770413a4ffd073f562b86f05 as credential login name
DEBUG 2021-06-28 15:32:48.887 UTC: 	 Executing : 
 command : export GT_PROXY_MODE=rfc ; myproxy-init -d -n -s myproxy.cern.ch -x -R '/DC=ch/DC=cern/OU=computers/CN=crab-(preprod|prod|dev)-tw(02|01).cern.ch|/DC=ch/DC=cern/OU=computers/CN=(ddi|ddidk|mytw).cern.ch|/DC=ch/DC=cern/OU=computers/CN=stefanov(m|m2).cern.ch' -x -Z '/DC=ch/DC=cern/OU=computers/CN=crab-(preprod|prod|dev)-tw(02|01).cern.ch|/DC=ch/DC=cern/OU=computers/CN=(ddi|ddidk|mytw).cern.ch|/DC=ch/DC=cern/OU=computers/CN=stefanov(m|m2).cern.ch' -l 'eb0e67adc2dd9eb1770413a4ffd073f562b86f05' -t 168:00 -c 720:00
 output : Your identity: /DC=ch/DC=cern/OU=Organic Units/OU=Users/CN=achhetri/CN=804540/CN=Arjun Chhetri

 error: Error: Couldn't read user key in /afs/cern.ch/user/a/achhetri/.globus/userkey.pem.
Use -debug for further information.
grid-proxy-init failed

 retcode : 1
DEBUG 2021-06-28 15:32:48.888 UTC: 	 using eb0e67adc2dd9eb1770413a4ffd073f562b86f05 as credential login name
DEBUG 2021-06-28 15:32:49.297 UTC: 	 Executing : 
 command : myproxy-info -l eb0e67adc2dd9eb1770413a4ffd073f562b86f05 -s myproxy.cern.ch
 output : username: eb0e67adc2dd9eb1770413a4ffd073f562b86f05
owner: /DC=ch/DC=cern/OU=Organic Units/OU=Users/CN=achhetri/CN=804540/CN=Arjun Chhetri
  renewal policy: /DC=ch/DC=cern/OU=computers/CN=vocms0105.cern.ch|/DC=ch/DC=cern/OU=computers/CN=crab-(preprod|prod|dev)-tw(02|01).cern.ch|/DC=ch/DC=cern/OU=computers/CN=(ddi|ddidk|mytw).cern.ch|/DC=ch/DC=cern/OU=computers/CN=stefanov(m|m2).cern.ch
  trusted retrieval policy: /DC=ch/DC=cern/OU=computers/CN=vocms0105.cern.ch|/DC=ch/DC=cern/OU=computers/CN=crab-(preprod|prod|dev)-tw(02|01).cern.ch|/DC=ch/DC=cern/OU=computers/CN=(ddi|ddidk|mytw).cern.ch|/DC=ch/DC=cern/OU=computers/CN=stefanov(m|m2).cern.ch
  timeleft: 0:00:00

 error: 
 retcode : 0
DEBUG 2021-06-28 15:32:49.298 UTC: 	 Retrieving username ...
DEBUG 2021-06-28 15:32:49.298 UTC: 	 Retrieving username from CRIC...
DEBUG 2021-06-28 15:32:50.132 UTC: 	 username is achhetri
DEBUG 2021-06-28 15:32:50.138 UTC: 	 Getting myproxy life time left for myproxy.cern.ch
DEBUG 2021-06-28 15:32:50.138 UTC: 	 using achhetri_CRAB as credential login name
DEBUG 2021-06-28 15:32:50.543 UTC: 	 Executing : 
 command : myproxy-info -l achhetri_CRAB -s myproxy.cern.ch
 output : username: achhetri_CRAB
owner: /DC=ch/DC=cern/OU=Organic Units/OU=Users/CN=achhetri/CN=804540/CN=Arjun Chhetri
  renewal policy: /DC=ch/DC=cern/OU=computers/CN=crab-(preprod|prod|dev)-tw(02|01).cern.ch|/DC=ch/DC=cern/OU=computers/CN=(ddi|ddidk|mytw).cern.ch|/DC=ch/DC=cern/OU=computers/CN=stefanov(m|m2).cern.ch
  trusted retrieval policy: /DC=ch/DC=cern/OU=computers/CN=crab-(preprod|prod|dev)-tw(02|01).cern.ch|/DC=ch/DC=cern/OU=computers/CN=(ddi|ddidk|mytw).cern.ch|/DC=ch/DC=cern/OU=computers/CN=stefanov(m|m2).cern.ch
  timeleft: 429:35:28  (17.9 days)

 error: 
 retcode : 0
DEBUG 2021-06-28 15:32:50.544 UTC: 	 Myproxy is valid: 1546528
DEBUG 2021-06-28 15:32:50.544 UTC: 	 Result of myproxy credential check:
  Error trying to create credential:
 Problems delegating My-proxy. It seems your proxy has not been delegated to myproxy. Please check the logfile for the exact error (Maybe you simply typed a wrong password)
  Credential exists on myproxy: username: achhetri_CRAB  - validity: 17 days, 21:35:28
DEBUG 2021-06-28 15:32:50.608 UTC: 	 Command use: status
DEBUG 2021-06-28 15:32:50.609 UTC: 	 Options use: ['-d', 'crab_Tprime_v5_NANo_AOD_106X/crab_DYJetsToLL_M-50_HT-600to800_v2/']
DEBUG 2021-06-28 15:32:50.732 UTC: 	 CRABClient version: v3.210610
DEBUG 2021-06-28 15:32:50.732 UTC: 	 Instance is prod
DEBUG 2021-06-28 15:32:50.732 UTC: 	 Server base url is cmsweb.cern.ch
DEBUG 2021-06-28 15:32:50.732 UTC: 	 Command api workflow
DEBUG 2021-06-28 15:32:50.848 UTC: 	 Got information from server oracle database: {u'result': [u'210628_140834:achhetri_crab_DYJetsToLL_M-50_HT-600to800_v2', u'None', u'None', u'SUBMITTED', u'SUBMIT', u'2021-06-28 14:08:34.984152', u'None', u'2021-06-28 14:09:33.331921', u'None', u'CMSSW_10_6_8', u'slc7_amd64_gcc700', u'/DYJetsToLL_M-50_HT-600to800_TuneCP5_PSweights_13TeV-madgraphMLM-pythia8/RunIISummer20UL17NanoAODv2-106X_mc2017_realistic_v8-v1/NANOAODSIM', u'F', u'0', u'[]', u'[]', u'FileBased', u"{'splitOnRun': False, 'halt_job_on_file_boundaries': False, 'files_per_job': 1, 'runs': [], 'lumis': []}", u'dbb62c6e90d539c01b7361da7edd336f9b47ae6a13b3065aa8bb1bf2bea5890d.tar.gz', u'https://cmsweb.cern.ch/S3/crabcache_prod', u'achhetri', u'/DC=ch/DC=cern/OU=Organic Units/OU=Users/CN=achhetri/CN=804540/CN=Arjun Chhetri', u'cms', u'None', u'None', u'DYJetsToLL_M-50_HT-600to800_v2-00000000000000000000000000000000', u'F', u'T3_CH_CERNBOX', u'https://cmsweb.cern.ch/dbs/prod/global/DBSReader', u'https://cmsweb.cern.ch/dbs/prod/phys03/DBSWriter', u'F', u'[]', u'[]', u"[b'tree.root']", u'Analysis', u'pythia', u'None', u'{}', u'[]', u'T', u'crab-prod-tw01', u'[]', u'1250', u'1', u'2000', u'10', u"['/DYJetsToLL_M-50_HT-600to800_TuneCP5_PSweights_13TeV-madgraphMLM-pythia8/achhetri-DYJetsToLL_M-50_HT-600to800_v2-5d8f93ee2ba2db6b402c7167473e2950/USER']", u'[]', u'http://vocms0106.cern.ch/mon/cms341/210628_140834:achhetri_crab_DYJetsToLL_M-50_HT-600to800_v2', u'crab_script_Tprime.sh', u'[]', u'[]', u'https://cmsweb.cern.ch/crabserver/prod', u'cmsgwms-collector-global.cern.ch:9620,cmsgwms-collector-global.fnal.gov:9620', u'crab3@vocms0106.cern.ch', u'F', u'[]', u'T', u'/store/user/achhetri/Tprime_v5_NANo_AOD_106X', u'F', u'None', u'F', u'None', u'DYJetsToLL_M-50_HT-600to800_TuneCP5_PSweights_13TeV-madgraphMLM-pythia8', u'None', u'd3c8cc43c6efd7833d14924f3eefde7144c3d7c0376a08548419e5543a201777.tar.gz', u'56789483', u'filetransfers', u'F', u'137.138.120.6', u'31.0', u'None'], u'desc': {u'columns': [u'tm_taskname', u'tm_activity', u'panda_jobset_id', u'tm_task_status', u'tm_task_command', u'tm_start_time', u'tm_start_injection', u'tm_end_injection', u'tm_task_failure', u'tm_job_sw', u'tm_job_arch', u'tm_input_dataset', u'tm_nonvalid_input_dataset', u'tm_use_parent', u'tm_site_whitelist', u'tm_site_blacklist', u'tm_split_algo', u'tm_split_args', u'tm_user_sandbox', u'tm_cache_url', u'tm_username', u'tm_user_dn', u'tm_user_vo', u'tm_user_role', u'tm_user_group', u'tm_publish_name', u'tm_publish_groupname', u'tm_asyncdest', u'tm_dbs_url', u'tm_publish_dbs_url', u'tm_publication', u'tm_outfiles', u'tm_tfile_outfiles', u'tm_edm_outfiles', u'tm_job_type', u'tm_generator', u'tm_events_per_lumi', u'tm_arguments', u'panda_resubmitted_jobs', u'tm_save_logs', u'tw_name', u'tm_user_infiles', u'tm_maxjobruntime', u'tm_numcores', u'tm_maxmemory', u'tm_priority', u'tm_output_dataset', u'tm_task_warnings', u'tm_user_webdir', u'tm_scriptexe', u'tm_scriptargs', u'tm_extrajdl', u'tm_asourl', u'tm_collector', u'tm_schedd', u'tm_dry_run', u'tm_user_files', u'tm_transfer_outputs', u'tm_output_lfn', u'tm_ignore_locality', u'tm_fail_limit', u'tm_one_event_mode', u'tm_secondary_input_dataset', u'tm_primary_dataset', u'tm_last_publication', u'tm_debug_files', u'clusterid', u'tm_asodb', u'tm_ignore_global_blacklist', u'tm_submitter_ip_addr', u'tm_totalunits', u'tm_ddm_reqid']}}
INFO 2021-06-28 15:32:50.848 UTC: 	 CRAB project directory:		/afs/cern.ch/work/a/achhetri/NANO_AOD/CMSSW_10_6_8/src/WTopScalefactorProducer/Skimmer/NANOcrab/crab_Tprime_v5_NANo_AOD_106X/crab_DYJetsToLL_M-50_HT-600to800_v2
INFO 2021-06-28 15:32:50.849 UTC: 	 Task name:			210628_140834:achhetri_crab_DYJetsToLL_M-50_HT-600to800_v2
INFO 2021-06-28 15:32:50.849 UTC: 	 Grid scheduler - Task Worker:	crab3@vocms0106.cern.ch - crab-prod-tw01
INFO 2021-06-28 15:32:50.849 UTC: 	 Status on the CRAB server:	SUBMITTED
INFO 2021-06-28 15:32:50.849 UTC: 	 Task URL to use for HELP:	https://cmsweb.cern.ch/crabserver/ui/task/210628_140834%3Aachhetri_crab_DYJetsToLL_M-50_HT-600to800_v2
INFO 2021-06-28 15:32:50.851 UTC: 	 Dashboard monitoring URL:	https://monit-grafana.cern.ch/d/cmsTMDetail/cms-task-monitoring-task-view?orgId=11&var-user=achhetri&var-task=210628_140834%3Aachhetri_crab_DYJetsToLL_M-50_HT-600to800_v2&from=1624885714000&to=now
DEBUG 2021-06-28 15:32:50.851 UTC: 	 The CRAB server submitted your task to the Grid scheduler (cluster ID: 56789483)
DEBUG 2021-06-28 15:32:50.851 UTC: 	 Webdir is located at http://vocms0106.cern.ch/mon/cms341/210628_140834:achhetri_crab_DYJetsToLL_M-50_HT-600to800_v2
DEBUG 2021-06-28 15:32:50.974 UTC: 	 Proxied webdir is located at https://cmsweb.cern.ch:8443/scheddmon/0106/cms341/210628_140834:achhetri_crab_DYJetsToLL_M-50_HT-600to800_v2
DEBUG 2021-06-28 15:32:50.975 UTC: 	 Retrieving 'status_cache' file from https://cmsweb.cern.ch:8443/scheddmon/0106/cms341/210628_140834:achhetri_crab_DYJetsToLL_M-50_HT-600to800_v2/status_cache
DEBUG 2021-06-28 15:32:51.019 UTC: 	 Got information from status cache file: {'24': {'Retries': 0, 'WallDurations': [118.0, 209.0481719970703, 209.0481719970703], 'StartTimes': [1624889541.0], 'SubmitTimes': [1624889386.0], 'JobIds': ['56789509.0'], 'EndTimes': [1624889659.0], 'Restarts': 0, 'RecordedSite': True, 'State': 'finished', 'ResidentSetSize': [49484], 'TotalUserCpuTimeHistory': [47], 'SiteHistory': ['Unknown', 'T2_PL_Swierk', 'T2_PL_Swierk'], 'TotalSysCpuTimeHistory': [3]}, '25': {'Retries': 0, 'WallDurations': [8.0, 229.0481719970703, 1452.0], 'StartTimes': [1624889521.0], 'SubmitTimes': [1624889386.0], 'JobIds': ['56789510.0'], 'EndTimes': [1624890973.0], 'Restarts': 0, 'RecordedSite': True, 'State': 'finished', 'ResidentSetSize': [564788], 'TotalUserCpuTimeHistory': [1317], 'SiteHistory': ['Unknown', 'T2_FR_GRIF_LLR', 'T2_FR_GRIF_LLR'], 'TotalSysCpuTimeHistory': [505]}, '26': {'Retries': 0, 'WallDurations': [9.0, 229.0481719970703, 259.0], 'StartTimes': [1624889521.0], 'SubmitTimes': [1624889386.0], 'JobIds': ['56789511.0'], 'EndTimes': [1624889780.0], 'Restarts': 0, 'RecordedSite': True, 'State': 'finished', 'ResidentSetSize': [50992], 'TotalUserCpuTimeHistory': [188], 'SiteHistory': ['Unknown', 'T2_FR_IPHC', 'T2_FR_IPHC'], 'TotalSysCpuTimeHistory': [10]}, '27': {'Retries': 0, 'WallDurations': [9.0, 228.0481719970703, 409.0], 'StartTimes': [1624889522.0], 'SubmitTimes': [1624889386.0], 'JobIds': ['56789512.0'], 'EndTimes': [1624889931.0], 'Restarts': 0, 'RecordedSite': True, 'State': 'finished', 'ResidentSetSize': [537976], 'TotalUserCpuTimeHistory': [317], 'SiteHistory': ['Unknown', 'T2_ES_CIEMAT', 'T2_ES_CIEMAT'], 'TotalSysCpuTimeHistory': [28]}, '20': {'Retries': 0, 'WallDurations': [8.0, 230.0481719970703, 611.0], 'StartTimes': [1624889520.0], 'SubmitTimes': [1624889385.0], 'JobIds': ['56789505.0'], 'EndTimes': [1624890131.0], 'Restarts': 0, 'RecordedSite': True, 'State': 'finished', 'ResidentSetSize': [647580], 'TotalUserCpuTimeHistory': [493], 'SiteHistory': ['Unknown', 'T2_IT_Legnaro', 'T2_IT_Legnaro'], 'TotalSysCpuTimeHistory': [32]}, '21': {'Retries': 0, 'WallDurations': [10.0, 213.0481719970703, 1116.0], 'StartTimes': [1624889537.0], 'SubmitTimes': [1624889385.0], 'JobIds': ['56789506.0'], 'EndTimes': [1624890653.0], 'Restarts': 0, 'RecordedSite': True, 'State': 'finished', 'ResidentSetSize': [506060], 'TotalUserCpuTimeHistory': [399], 'SiteHistory': ['Unknown', 'T2_KR_KISTI', 'T2_KR_KISTI'], 'TotalSysCpuTimeHistory': [34]}, '22': {'Retries': 0, 'WallDurations': [10.0, 218.0481719970703, 302.0], 'StartTimes': [1624889532.0], 'SubmitTimes': [1624889385.0], 'JobIds': ['56789507.0'], 'EndTimes': [1624889834.0], 'Restarts': 0, 'RecordedSite': True, 'State': 'finished', 'ResidentSetSize': [2744], 'TotalUserCpuTimeHistory': [70], 'SiteHistory': ['Unknown', 'T2_TW_NCHC', 'T2_TW_NCHC'], 'TotalSysCpuTimeHistory': [6]}, '23': {'Retries': 0, 'WallDurations': [9.0, 228.0481719970703, 4515.0], 'StartTimes': [1624889522.0], 'SubmitTimes': [1624889385.0], 'JobIds': ['56789508.0'], 'EndTimes': [], 'Restarts': 0, 'RecordedSite': True, 'State': 'running', 'ResidentSetSize': [565740], 'TotalUserCpuTimeHistory': [4171.0], 'SiteHistory': ['Unknown', 'T2_DE_DESY', 'T2_DE_DESY'], 'TotalSysCpuTimeHistory': [229.0]}, '28': {'Retries': 0, 'WallDurations': [9.0, 230.0481719970703, 640.0], 'StartTimes': [1624889520.0], 'SubmitTimes': [1624889386.0], 'JobIds': ['56789513.0'], 'EndTimes': [1624890160.0], 'Restarts': 0, 'RecordedSite': True, 'State': 'finished', 'ResidentSetSize': [687504], 'TotalUserCpuTimeHistory': [521], 'SiteHistory': ['Unknown', 'T2_IT_Legnaro', 'T2_IT_Legnaro'], 'TotalSysCpuTimeHistory': [26]}, '29': {'Retries': 0, 'WallDurations': [0, 2.7446129322052, 281.0], 'StartTimes': [1624890049.0], 'SubmitTimes': [1624889386.0], 'JobIds': ['56789514.0'], 'EndTimes': [1624890330.0], 'Restarts': 0, 'RecordedSite': True, 'State': 'finished', 'ResidentSetSize': [50432], 'TotalUserCpuTimeHistory': [217], 'SiteHistory': ['Unknown', 'T1_RU_JINR', 'T1_RU_JINR'], 'TotalSysCpuTimeHistory': [13]}, '1': {'Retries': 0, 'WallDurations': [8.0, 46.04817199707031, 608.0], 'StartTimes': [1624889704.0], 'SubmitTimes': [1624889378.0], 'JobIds': ['56789486.0'], 'EndTimes': [], 'Restarts': 0, 'RecordedSite': True, 'State': 'running', 'ResidentSetSize': [680236], 'TotalUserCpuTimeHistory': [502.0], 'SiteHistory': ['Unknown', 'T2_US_Wisconsin', 'T2_US_Wisconsin'], 'TotalSysCpuTimeHistory': [30.0]}, '3': {'Retries': 0, 'WallDurations': [9.0, 202.0481719970703, 3316.0], 'StartTimes': [1624889548.0], 'SubmitTimes': [1624889378.0], 'JobIds': ['56789488.0'], 'EndTimes': [], 'Restarts': 0, 'RecordedSite': True, 'State': 'running', 'ResidentSetSize': [570360], 'TotalUserCpuTimeHistory': [2995.0], 'SiteHistory': ['Unknown', 'T2_RU_IHEP', 'T2_RU_IHEP'], 'TotalSysCpuTimeHistory': [232.0]}, '2': {'Retries': 0, 'WallDurations': [8.0, 31.7446129322052, 96.0], 'StartTimes': [1624890020.0], 'SubmitTimes': [1624889378.0], 'JobIds': ['56789487.0'], 'EndTimes': [1624890116.0], 'Restarts': 0, 'RecordedSite': True, 'State': 'finished', 'ResidentSetSize': [7788], 'TotalUserCpuTimeHistory': [29], 'SiteHistory': ['Unknown', 'T1_UK_RAL', 'T1_UK_RAL'], 'TotalSysCpuTimeHistory': [4]}, '5': {'Retries': 0, 'WallDurations': [8.0, 216.0481719970703, 285.0], 'StartTimes': [1624889534.0], 'SubmitTimes': [1624889378.0], 'JobIds': ['56789490.0'], 'EndTimes': [1624889819.0], 'Restarts': 0, 'RecordedSite': True, 'State': 'finished', 'ResidentSetSize': [29848], 'TotalUserCpuTimeHistory': [43], 'SiteHistory': ['Unknown', 'T2_TW_NCHC', 'T2_TW_NCHC'], 'TotalSysCpuTimeHistory': [4]}, '4': {'Retries': 0, 'WallDurations': [8.0, 229.0481719970703, 256.0], 'StartTimes': [1624889521.0], 'SubmitTimes': [1624889378.0], 'JobIds': ['56789489.0'], 'EndTimes': [1624889777.0], 'Restarts': 0, 'RecordedSite': True, 'State': 'finished', 'ResidentSetSize': [2824], 'TotalUserCpuTimeHistory': [186], 'SiteHistory': ['Unknown', 'T2_FR_IPHC', 'T2_FR_IPHC'], 'TotalSysCpuTimeHistory': [9]}, '7': {'Retries': 0, 'WallDurations': [9.0, 33.7446129322052, 4216.0], 'StartTimes': [1624890018.0], 'SubmitTimes': [1624889378.0], 'JobIds': ['56789492.0'], 'EndTimes': [], 'Restarts': 0, 'RecordedSite': True, 'State': 'running', 'ResidentSetSize': [600836], 'TotalUserCpuTimeHistory': [4010.0], 'SiteHistory': ['Unknown', 'T1_RU_JINR', 'T1_RU_JINR'], 'TotalSysCpuTimeHistory': [128.0]}, '6': {'Retries': 0, 'WallDurations': [9.0, 105.7446129322052, 2552.0], 'StartTimes': [1624889946.0], 'SubmitTimes': [1624889378.0], 'JobIds': ['56789491.0'], 'EndTimes': [1624892498.0], 'Restarts': 0, 'RecordedSite': True, 'State': 'transferring', 'ResidentSetSize': [664800], 'TotalUserCpuTimeHistory': [2339], 'SiteHistory': ['Unknown', 'T2_CH_CERN', 'T2_CH_CERN'], 'TotalSysCpuTimeHistory': [120]}, '9': {'Retries': 0, 'WallDurations': [10.0, 33.7446129322052, 4216.0], 'StartTimes': [1624890018.0], 'SubmitTimes': [1624889379.0], 'JobIds': ['56789494.0'], 'EndTimes': [], 'Restarts': 0, 'RecordedSite': True, 'State': 'running', 'ResidentSetSize': [601408], 'TotalUserCpuTimeHistory': [4029.0], 'SiteHistory': ['Unknown', 'T1_RU_JINR', 'T1_RU_JINR'], 'TotalSysCpuTimeHistory': [125.0]}, '8': {'Retries': 0, 'WallDurations': [8.0, 31.7446129322052, 609.0], 'StartTimes': [1624890020.0], 'SubmitTimes': [1624889378.0], 'JobIds': ['56789493.0'], 'EndTimes': [], 'Restarts': 0, 'RecordedSite': True, 'State': 'running', 'ResidentSetSize': [609252], 'TotalUserCpuTimeHistory': [543.0], 'SiteHistory': ['Unknown', 'T1_RU_JINR', 'T1_RU_JINR'], 'TotalSysCpuTimeHistory': [17.0]}, '11': {'Retries': 0, 'WallDurations': [0, 3.7446129322052, 1212.0], 'StartTimes': [1624890048.0], 'SubmitTimes': [1624889379.0], 'JobIds': ['56789496.0'], 'EndTimes': [], 'Restarts': 0, 'RecordedSite': True, 'State': 'running', 'ResidentSetSize': [597360], 'TotalUserCpuTimeHistory': [1083.0], 'SiteHistory': ['Unknown', 'T1_RU_JINR', 'T1_RU_JINR'], 'TotalSysCpuTimeHistory': [68.0]}, '10': {'Retries': 0, 'WallDurations': [8.0, 32.7446129322052, 4214.0], 'StartTimes': [1624890019.0], 'SubmitTimes': [1624889379.0], 'JobIds': ['56789495.0'], 'EndTimes': [], 'Restarts': 0, 'RecordedSite': True, 'State': 'running', 'ResidentSetSize': [604688], 'TotalUserCpuTimeHistory': [3980.0], 'SiteHistory': ['Unknown', 'T1_RU_JINR', 'T1_RU_JINR'], 'TotalSysCpuTimeHistory': [148.0]}, '13': {'Retries': 0, 'WallDurations': [0, 8.0, 3915.0], 'StartTimes': [1624890064.0], 'SubmitTimes': [1624889379.0], 'JobIds': ['56789498.0'], 'EndTimes': [], 'Restarts': 0, 'RecordedSite': True, 'State': 'running', 'ResidentSetSize': [563136], 'TotalUserCpuTimeHistory': [3599.0], 'SiteHistory': ['Unknown', 'T1_RU_JINR', 'T1_RU_JINR'], 'TotalSysCpuTimeHistory': [228.0]}, '12': {'Retries': 0, 'WallDurations': [8.0, 32.7446129322052, 651.0], 'StartTimes': [1624890019.0], 'SubmitTimes': [1624889379.0], 'JobIds': ['56789497.0'], 'EndTimes': [1624890670.0], 'Restarts': 0, 'RecordedSite': True, 'State': 'finished', 'ResidentSetSize': [676284], 'TotalUserCpuTimeHistory': [564], 'SiteHistory': ['Unknown', 'T1_RU_JINR', 'T1_RU_JINR'], 'TotalSysCpuTimeHistory': [20]}, '15': {'Retries': 0, 'WallDurations': [9.0, 216.0481719970703, 748.0], 'StartTimes': [1624889534.0], 'SubmitTimes': [1624889379.0], 'JobIds': ['56789500.0'], 'EndTimes': [1624890282.0], 'Restarts': 0, 'RecordedSite': True, 'State': 'finished', 'ResidentSetSize': [557064], 'TotalUserCpuTimeHistory': [461], 'SiteHistory': ['Unknown', 'T2_TW_NCHC', 'T2_TW_NCHC'], 'TotalSysCpuTimeHistory': [30]}, '14': {'Retries': 0, 'WallDurations': [8.0, 32.7446129322052, 4214.0], 'StartTimes': [1624890019.0], 'SubmitTimes': [1624889379.0], 'JobIds': ['56789499.0'], 'EndTimes': [], 'Restarts': 0, 'RecordedSite': True, 'State': 'running', 'ResidentSetSize': [626032], 'TotalUserCpuTimeHistory': [3891.0], 'SiteHistory': ['Unknown', 'T1_RU_JINR', 'T1_RU_JINR'], 'TotalSysCpuTimeHistory': [143.0]}, '17': {'Retries': 0, 'WallDurations': [9.0, 226.0481719970703, 3917.0], 'StartTimes': [1624889524.0], 'SubmitTimes': [1624889384.0], 'JobIds': ['56789502.0'], 'EndTimes': [], 'Restarts': 0, 'RecordedSite': True, 'State': 'running', 'ResidentSetSize': [558692], 'TotalUserCpuTimeHistory': [3441.0], 'SiteHistory': ['Unknown', 'T2_IT_Bari', 'T2_IT_Bari'], 'TotalSysCpuTimeHistory': [300.0]}, '16': {'Retries': 0, 'WallDurations': [9.0, 230.0481719970703, 365.0], 'StartTimes': [1624889520.0], 'SubmitTimes': [1624889379.0], 'JobIds': ['56789501.0'], 'EndTimes': [1624889885.0], 'Restarts': 0, 'RecordedSite': True, 'State': 'finished', 'ResidentSetSize': [517112], 'TotalUserCpuTimeHistory': [283], 'SiteHistory': ['Unknown', 'T2_IT_Bari', 'T2_IT_Bari'], 'TotalSysCpuTimeHistory': [19]}, '19': {'Retries': 0, 'WallDurations': [9.0, 230.0481719970703, 3189.0], 'StartTimes': [1624889520.0], 'SubmitTimes': [1624889385.0], 'JobIds': ['56789504.0'], 'EndTimes': [1624892709.0], 'Restarts': 0, 'RecordedSite': True, 'State': 'transferring', 'ResidentSetSize': [653524], 'TotalUserCpuTimeHistory': [2917], 'SiteHistory': ['Unknown', 'T2_IT_Legnaro', 'T2_IT_Legnaro'], 'TotalSysCpuTimeHistory': [185]}, '18': {'Retries': 0, 'WallDurations': [128.0, 229.0481719970703, 229.0481719970703], 'StartTimes': [1624889521.0], 'SubmitTimes': [1624889384.0], 'JobIds': ['56789503.0'], 'EndTimes': [1624889649.0], 'Restarts': 0, 'RecordedSite': True, 'State': 'finished', 'ResidentSetSize': [47704], 'TotalUserCpuTimeHistory': [63], 'SiteHistory': ['Unknown', 'T2_IT_Bari', 'T2_IT_Bari'], 'TotalSysCpuTimeHistory': [5]}, '31': {'Retries': 0, 'WallDurations': [9.0, 224.0481719970703, 1148.0], 'StartTimes': [1624889526.0], 'SubmitTimes': [1624889386.0], 'JobIds': ['56789516.0'], 'EndTimes': [1624890674.0], 'Restarts': 0, 'RecordedSite': True, 'State': 'finished', 'ResidentSetSize': [524604], 'TotalUserCpuTimeHistory': [663], 'SiteHistory': ['Unknown', 'T2_UA_KIPT', 'T2_UA_KIPT'], 'TotalSysCpuTimeHistory': [54]}, '30': {'Retries': 0, 'WallDurations': [8.0, 227.0481719970703, 1601.0], 'StartTimes': [1624889523.0], 'SubmitTimes': [1624889386.0], 'JobIds': ['56789515.0'], 'EndTimes': [1624891124.0], 'Restarts': 0, 'RecordedSite': True, 'State': 'finished', 'ResidentSetSize': [544572], 'TotalUserCpuTimeHistory': [647], 'SiteHistory': ['Unknown', 'T2_UK_SGrid_RALPP', 'T2_UK_SGrid_RALPP'], 'TotalSysCpuTimeHistory': [43]}}
INFO 2021-06-28 15:32:51.019 UTC: 	 Status on the scheduler:	SUBMITTED
INFO 2021-06-28 15:32:51.020 UTC: 	 
Jobs status:                    finished     		 58.1% (18/31)
INFO 2021-06-28 15:32:51.020 UTC: 	 				running      		 35.5% (11/31)
INFO 2021-06-28 15:32:51.020 UTC: 	 				transferring 		  6.5% ( 2/31)
INFO 2021-06-28 15:32:51.020 UTC: 	 
No publication information (publication has been disabled in the CRAB configuration file)
INFO 2021-06-28 15:32:51.021 UTC: 	 
Warning: the max jobs runtime is less than 30% of the task requested value (1250 min), please consider to request a lower value for failed jobs (allowed through crab resubmit) and/or improve the jobs splitting (e.g. config.Data.splitting = 'Automatic') in a new task.
INFO 2021-06-28 15:32:51.021 UTC: 	 
Summary of run jobs:
 * Memory: 7MB min, 671MB max, 358MB ave
 * Runtime: 0:01:36 min, 0:53:09 max, 0:13:39 ave
 * CPU eff: 16% min, 125% max, 79% ave
 * Waste: 1:09:14 (20% of total)

INFO 2021-06-28 15:32:51.064 UTC: 	 Log file is /afs/cern.ch/work/a/achhetri/NANO_AOD/CMSSW_10_6_8/src/WTopScalefactorProducer/Skimmer/NANOcrab/crab_Tprime_v5_NANo_AOD_106X/crab_DYJetsToLL_M-50_HT-600to800_v2/crab.log
DEBUG 2021-06-29 06:29:29.468 UTC: 	 CRAB Client version: v3.210610
DEBUG 2021-06-29 06:29:29.468 UTC: 	 Running on: Linux lxplus717.cern.ch 3.10.0-1160.31.1.el7.x86_64 #1 SMP Thu Jun 10 13:32:12 UTC 2021 x86_64 x86_64 x86_64 GNU/Linux - CentOS Linux 7 (Core)
DEBUG 2021-06-29 06:29:29.468 UTC: 	 Executing command: 'status'
DEBUG 2021-06-29 06:29:29.468 UTC: 	 Found CRAB cache file /afs/cern.ch/user/a/achhetri/.crab3
DEBUG 2021-06-29 06:29:29.613 UTC: 	 Checking credentials
DEBUG 2021-06-29 06:29:29.614 UTC: 	 Found proxy file /tmp/x509up_u94350
DEBUG 2021-06-29 06:29:29.614 UTC: 	 Getting proxy life time left
DEBUG 2021-06-29 06:29:30.320 UTC: 	 Executing : 
 command : voms-proxy-info -file /tmp/x509up_u94350 -timeleft
 output : 690865

 error: 
 retcode : 0
DEBUG 2021-06-29 06:29:31.027 UTC: 	 Executing : 
 command : voms-proxy-info -file /tmp/x509up_u94350 -actimeleft
 output : 690865

 error: 
 retcode : 0
DEBUG 2021-06-29 06:29:31.027 UTC: 	 Proxy valid for 191:54:25 hours
DEBUG 2021-06-29 06:29:31.143 UTC: 	 Registering user credentials for server /DC=ch/DC=cern/OU=computers/CN=crab-(preprod|prod|dev)-tw(02|01).cern.ch|/DC=ch/DC=cern/OU=computers/CN=(ddi|ddidk|mytw).cern.ch|/DC=ch/DC=cern/OU=computers/CN=stefanov(m|m2).cern.ch
DEBUG 2021-06-29 06:29:31.856 UTC: 	 Executing : 
 command : voms-proxy-info -file /tmp/x509up_u94350 -identity
 output : /DC=ch/DC=cern/OU=Organic Units/OU=Users/CN=achhetri/CN=804540/CN=Arjun Chhetri

 error: 
 retcode : 0
DEBUG 2021-06-29 06:29:31.865 UTC: 	 Getting myproxy life time left for myproxy.cern.ch
DEBUG 2021-06-29 06:29:31.865 UTC: 	 using eb0e67adc2dd9eb1770413a4ffd073f562b86f05 as credential login name
DEBUG 2021-06-29 06:29:32.270 UTC: 	 Executing : 
 command : myproxy-info -l eb0e67adc2dd9eb1770413a4ffd073f562b86f05 -s myproxy.cern.ch
 output : username: eb0e67adc2dd9eb1770413a4ffd073f562b86f05
owner: /DC=ch/DC=cern/OU=Organic Units/OU=Users/CN=achhetri/CN=804540/CN=Arjun Chhetri
  renewal policy: /DC=ch/DC=cern/OU=computers/CN=vocms0105.cern.ch|/DC=ch/DC=cern/OU=computers/CN=crab-(preprod|prod|dev)-tw(02|01).cern.ch|/DC=ch/DC=cern/OU=computers/CN=(ddi|ddidk|mytw).cern.ch|/DC=ch/DC=cern/OU=computers/CN=stefanov(m|m2).cern.ch
  trusted retrieval policy: /DC=ch/DC=cern/OU=computers/CN=vocms0105.cern.ch|/DC=ch/DC=cern/OU=computers/CN=crab-(preprod|prod|dev)-tw(02|01).cern.ch|/DC=ch/DC=cern/OU=computers/CN=(ddi|ddidk|mytw).cern.ch|/DC=ch/DC=cern/OU=computers/CN=stefanov(m|m2).cern.ch
  timeleft: 0:00:00

 error: 
 retcode : 0
DEBUG 2021-06-29 06:29:32.271 UTC: 	 Myproxy is valid: 0
DEBUG 2021-06-29 06:29:32.376 UTC: 	 Executing : 
 command : openssl x509 -noout -in ~/.globus/usercert.pem -dates
 output : notBefore=Nov 11 12:18:59 2020 GMT
notAfter=Dec 16 12:18:59 2021 GMT

 error: 
 retcode : 0
DEBUG 2021-06-29 06:29:32.382 UTC: 	 Delegating a myproxy for 720:00 hours
DEBUG 2021-06-29 06:29:32.382 UTC: 	 using eb0e67adc2dd9eb1770413a4ffd073f562b86f05 as credential login name
DEBUG 2021-06-29 06:29:34.792 UTC: 	 Executing : 
 command : export GT_PROXY_MODE=rfc ; myproxy-init -d -n -s myproxy.cern.ch -x -R '/DC=ch/DC=cern/OU=computers/CN=crab-(preprod|prod|dev)-tw(02|01).cern.ch|/DC=ch/DC=cern/OU=computers/CN=(ddi|ddidk|mytw).cern.ch|/DC=ch/DC=cern/OU=computers/CN=stefanov(m|m2).cern.ch' -x -Z '/DC=ch/DC=cern/OU=computers/CN=crab-(preprod|prod|dev)-tw(02|01).cern.ch|/DC=ch/DC=cern/OU=computers/CN=(ddi|ddidk|mytw).cern.ch|/DC=ch/DC=cern/OU=computers/CN=stefanov(m|m2).cern.ch' -l 'eb0e67adc2dd9eb1770413a4ffd073f562b86f05' -t 168:00 -c 720:00
 output : Your identity: /DC=ch/DC=cern/OU=Organic Units/OU=Users/CN=achhetri/CN=804540/CN=Arjun Chhetri

 error: Error: Couldn't read user key in /afs/cern.ch/user/a/achhetri/.globus/userkey.pem.
Use -debug for further information.
grid-proxy-init failed

 retcode : 1
DEBUG 2021-06-29 06:29:34.793 UTC: 	 using eb0e67adc2dd9eb1770413a4ffd073f562b86f05 as credential login name
DEBUG 2021-06-29 06:29:35.098 UTC: 	 Executing : 
 command : myproxy-info -l eb0e67adc2dd9eb1770413a4ffd073f562b86f05 -s myproxy.cern.ch
 output : username: eb0e67adc2dd9eb1770413a4ffd073f562b86f05
owner: /DC=ch/DC=cern/OU=Organic Units/OU=Users/CN=achhetri/CN=804540/CN=Arjun Chhetri
  renewal policy: /DC=ch/DC=cern/OU=computers/CN=vocms0105.cern.ch|/DC=ch/DC=cern/OU=computers/CN=crab-(preprod|prod|dev)-tw(02|01).cern.ch|/DC=ch/DC=cern/OU=computers/CN=(ddi|ddidk|mytw).cern.ch|/DC=ch/DC=cern/OU=computers/CN=stefanov(m|m2).cern.ch
  trusted retrieval policy: /DC=ch/DC=cern/OU=computers/CN=vocms0105.cern.ch|/DC=ch/DC=cern/OU=computers/CN=crab-(preprod|prod|dev)-tw(02|01).cern.ch|/DC=ch/DC=cern/OU=computers/CN=(ddi|ddidk|mytw).cern.ch|/DC=ch/DC=cern/OU=computers/CN=stefanov(m|m2).cern.ch
  timeleft: 0:00:00

 error: 
 retcode : 0
DEBUG 2021-06-29 06:29:35.099 UTC: 	 Retrieving username ...
DEBUG 2021-06-29 06:29:35.099 UTC: 	 Retrieving username from CRIC...
DEBUG 2021-06-29 06:29:35.801 UTC: 	 username is achhetri
DEBUG 2021-06-29 06:29:35.807 UTC: 	 Getting myproxy life time left for myproxy.cern.ch
DEBUG 2021-06-29 06:29:35.808 UTC: 	 using achhetri_CRAB as credential login name
DEBUG 2021-06-29 06:29:36.112 UTC: 	 Executing : 
 command : myproxy-info -l achhetri_CRAB -s myproxy.cern.ch
 output : username: achhetri_CRAB
owner: /DC=ch/DC=cern/OU=Organic Units/OU=Users/CN=achhetri/CN=804540/CN=Arjun Chhetri
  renewal policy: /DC=ch/DC=cern/OU=computers/CN=crab-(preprod|prod|dev)-tw(02|01).cern.ch|/DC=ch/DC=cern/OU=computers/CN=(ddi|ddidk|mytw).cern.ch|/DC=ch/DC=cern/OU=computers/CN=stefanov(m|m2).cern.ch
  trusted retrieval policy: /DC=ch/DC=cern/OU=computers/CN=crab-(preprod|prod|dev)-tw(02|01).cern.ch|/DC=ch/DC=cern/OU=computers/CN=(ddi|ddidk|mytw).cern.ch|/DC=ch/DC=cern/OU=computers/CN=stefanov(m|m2).cern.ch
  timeleft: 414:38:42  (17.3 days)

 error: 
 retcode : 0
DEBUG 2021-06-29 06:29:36.113 UTC: 	 Myproxy is valid: 1492722
DEBUG 2021-06-29 06:29:36.113 UTC: 	 Result of myproxy credential check:
  Error trying to create credential:
 Problems delegating My-proxy. It seems your proxy has not been delegated to myproxy. Please check the logfile for the exact error (Maybe you simply typed a wrong password)
  Credential exists on myproxy: username: achhetri_CRAB  - validity: 17 days, 6:38:42
DEBUG 2021-06-29 06:29:36.115 UTC: 	 Command use: status
DEBUG 2021-06-29 06:29:36.115 UTC: 	 Options use: ['-d', 'crab_Tprime_v5_NANo_AOD_106X/crab_DYJetsToLL_M-50_HT-600to800_v2/']
DEBUG 2021-06-29 06:29:36.224 UTC: 	 CRABClient version: v3.210610
DEBUG 2021-06-29 06:29:36.225 UTC: 	 Instance is prod
DEBUG 2021-06-29 06:29:36.225 UTC: 	 Server base url is cmsweb.cern.ch
DEBUG 2021-06-29 06:29:36.225 UTC: 	 Command api workflow
DEBUG 2021-06-29 06:29:36.306 UTC: 	 Got information from server oracle database: {u'result': [u'210628_140834:achhetri_crab_DYJetsToLL_M-50_HT-600to800_v2', u'None', u'None', u'SUBMITTED', u'SUBMIT', u'2021-06-28 14:08:34.984152', u'None', u'2021-06-28 14:09:33.331921', u'None', u'CMSSW_10_6_8', u'slc7_amd64_gcc700', u'/DYJetsToLL_M-50_HT-600to800_TuneCP5_PSweights_13TeV-madgraphMLM-pythia8/RunIISummer20UL17NanoAODv2-106X_mc2017_realistic_v8-v1/NANOAODSIM', u'F', u'0', u'[]', u'[]', u'FileBased', u"{'splitOnRun': False, 'halt_job_on_file_boundaries': False, 'files_per_job': 1, 'runs': [], 'lumis': []}", u'dbb62c6e90d539c01b7361da7edd336f9b47ae6a13b3065aa8bb1bf2bea5890d.tar.gz', u'https://cmsweb.cern.ch/S3/crabcache_prod', u'achhetri', u'/DC=ch/DC=cern/OU=Organic Units/OU=Users/CN=achhetri/CN=804540/CN=Arjun Chhetri', u'cms', u'None', u'None', u'DYJetsToLL_M-50_HT-600to800_v2-00000000000000000000000000000000', u'F', u'T3_CH_CERNBOX', u'https://cmsweb.cern.ch/dbs/prod/global/DBSReader', u'https://cmsweb.cern.ch/dbs/prod/phys03/DBSWriter', u'F', u'[]', u'[]', u"[b'tree.root']", u'Analysis', u'pythia', u'None', u'{}', u'[]', u'T', u'crab-prod-tw01', u'[]', u'1250', u'1', u'2000', u'10', u"['/DYJetsToLL_M-50_HT-600to800_TuneCP5_PSweights_13TeV-madgraphMLM-pythia8/achhetri-DYJetsToLL_M-50_HT-600to800_v2-5d8f93ee2ba2db6b402c7167473e2950/USER']", u'[]', u'http://vocms0106.cern.ch/mon/cms341/210628_140834:achhetri_crab_DYJetsToLL_M-50_HT-600to800_v2', u'crab_script_Tprime.sh', u'[]', u'[]', u'https://cmsweb.cern.ch/crabserver/prod', u'cmsgwms-collector-global.cern.ch:9620,cmsgwms-collector-global.fnal.gov:9620', u'crab3@vocms0106.cern.ch', u'F', u'[]', u'T', u'/store/user/achhetri/Tprime_v5_NANo_AOD_106X', u'F', u'None', u'F', u'None', u'DYJetsToLL_M-50_HT-600to800_TuneCP5_PSweights_13TeV-madgraphMLM-pythia8', u'None', u'd3c8cc43c6efd7833d14924f3eefde7144c3d7c0376a08548419e5543a201777.tar.gz', u'56789483', u'filetransfers', u'F', u'137.138.120.6', u'31.0', u'None'], u'desc': {u'columns': [u'tm_taskname', u'tm_activity', u'panda_jobset_id', u'tm_task_status', u'tm_task_command', u'tm_start_time', u'tm_start_injection', u'tm_end_injection', u'tm_task_failure', u'tm_job_sw', u'tm_job_arch', u'tm_input_dataset', u'tm_nonvalid_input_dataset', u'tm_use_parent', u'tm_site_whitelist', u'tm_site_blacklist', u'tm_split_algo', u'tm_split_args', u'tm_user_sandbox', u'tm_cache_url', u'tm_username', u'tm_user_dn', u'tm_user_vo', u'tm_user_role', u'tm_user_group', u'tm_publish_name', u'tm_publish_groupname', u'tm_asyncdest', u'tm_dbs_url', u'tm_publish_dbs_url', u'tm_publication', u'tm_outfiles', u'tm_tfile_outfiles', u'tm_edm_outfiles', u'tm_job_type', u'tm_generator', u'tm_events_per_lumi', u'tm_arguments', u'panda_resubmitted_jobs', u'tm_save_logs', u'tw_name', u'tm_user_infiles', u'tm_maxjobruntime', u'tm_numcores', u'tm_maxmemory', u'tm_priority', u'tm_output_dataset', u'tm_task_warnings', u'tm_user_webdir', u'tm_scriptexe', u'tm_scriptargs', u'tm_extrajdl', u'tm_asourl', u'tm_collector', u'tm_schedd', u'tm_dry_run', u'tm_user_files', u'tm_transfer_outputs', u'tm_output_lfn', u'tm_ignore_locality', u'tm_fail_limit', u'tm_one_event_mode', u'tm_secondary_input_dataset', u'tm_primary_dataset', u'tm_last_publication', u'tm_debug_files', u'clusterid', u'tm_asodb', u'tm_ignore_global_blacklist', u'tm_submitter_ip_addr', u'tm_totalunits', u'tm_ddm_reqid']}}
INFO 2021-06-29 06:29:36.306 UTC: 	 CRAB project directory:		/afs/cern.ch/work/a/achhetri/NANO_AOD/CMSSW_10_6_8/src/WTopScalefactorProducer/Skimmer/NANOcrab/crab_Tprime_v5_NANo_AOD_106X/crab_DYJetsToLL_M-50_HT-600to800_v2
INFO 2021-06-29 06:29:36.307 UTC: 	 Task name:			210628_140834:achhetri_crab_DYJetsToLL_M-50_HT-600to800_v2
INFO 2021-06-29 06:29:36.307 UTC: 	 Grid scheduler - Task Worker:	crab3@vocms0106.cern.ch - crab-prod-tw01
INFO 2021-06-29 06:29:36.307 UTC: 	 Status on the CRAB server:	SUBMITTED
INFO 2021-06-29 06:29:36.307 UTC: 	 Task URL to use for HELP:	https://cmsweb.cern.ch/crabserver/ui/task/210628_140834%3Aachhetri_crab_DYJetsToLL_M-50_HT-600to800_v2
INFO 2021-06-29 06:29:36.308 UTC: 	 Dashboard monitoring URL:	https://monit-grafana.cern.ch/d/cmsTMDetail/cms-task-monitoring-task-view?orgId=11&var-user=achhetri&var-task=210628_140834%3Aachhetri_crab_DYJetsToLL_M-50_HT-600to800_v2&from=1624885714000&to=now
DEBUG 2021-06-29 06:29:36.308 UTC: 	 The CRAB server submitted your task to the Grid scheduler (cluster ID: 56789483)
DEBUG 2021-06-29 06:29:36.308 UTC: 	 Webdir is located at http://vocms0106.cern.ch/mon/cms341/210628_140834:achhetri_crab_DYJetsToLL_M-50_HT-600to800_v2
DEBUG 2021-06-29 06:29:36.379 UTC: 	 Proxied webdir is located at https://cmsweb.cern.ch:8443/scheddmon/0106/cms341/210628_140834:achhetri_crab_DYJetsToLL_M-50_HT-600to800_v2
DEBUG 2021-06-29 06:29:36.379 UTC: 	 Retrieving 'status_cache' file from https://cmsweb.cern.ch:8443/scheddmon/0106/cms341/210628_140834:achhetri_crab_DYJetsToLL_M-50_HT-600to800_v2/status_cache
DEBUG 2021-06-29 06:29:36.469 UTC: 	 Got information from status cache file: {'24': {'Retries': 0, 'WallDurations': [118.0, 209.0481719970703, 209.0481719970703], 'StartTimes': [1624889541.0], 'SubmitTimes': [1624889386.0], 'JobIds': ['56789509.0'], 'EndTimes': [1624889659.0], 'Restarts': 0, 'RecordedSite': True, 'State': 'finished', 'ResidentSetSize': [49484], 'TotalUserCpuTimeHistory': [47], 'SiteHistory': ['Unknown', 'T2_PL_Swierk', 'T2_PL_Swierk'], 'TotalSysCpuTimeHistory': [3]}, '25': {'Retries': 0, 'WallDurations': [8.0, 229.0481719970703, 1452.0], 'StartTimes': [1624889521.0], 'SubmitTimes': [1624889386.0], 'JobIds': ['56789510.0'], 'EndTimes': [1624890973.0], 'Restarts': 0, 'RecordedSite': True, 'State': 'finished', 'ResidentSetSize': [564788], 'TotalUserCpuTimeHistory': [1317], 'SiteHistory': ['Unknown', 'T2_FR_GRIF_LLR', 'T2_FR_GRIF_LLR'], 'TotalSysCpuTimeHistory': [505]}, '26': {'Retries': 0, 'WallDurations': [9.0, 229.0481719970703, 259.0], 'StartTimes': [1624889521.0], 'SubmitTimes': [1624889386.0], 'JobIds': ['56789511.0'], 'EndTimes': [1624889780.0], 'Restarts': 0, 'RecordedSite': True, 'State': 'finished', 'ResidentSetSize': [50992], 'TotalUserCpuTimeHistory': [188], 'SiteHistory': ['Unknown', 'T2_FR_IPHC', 'T2_FR_IPHC'], 'TotalSysCpuTimeHistory': [10]}, '27': {'Retries': 0, 'WallDurations': [9.0, 228.0481719970703, 409.0], 'StartTimes': [1624889522.0], 'SubmitTimes': [1624889386.0], 'JobIds': ['56789512.0'], 'EndTimes': [1624889931.0], 'Restarts': 0, 'RecordedSite': True, 'State': 'finished', 'ResidentSetSize': [537976], 'TotalUserCpuTimeHistory': [317], 'SiteHistory': ['Unknown', 'T2_ES_CIEMAT', 'T2_ES_CIEMAT'], 'TotalSysCpuTimeHistory': [28]}, '20': {'Retries': 0, 'WallDurations': [8.0, 230.0481719970703, 611.0], 'StartTimes': [1624889520.0], 'SubmitTimes': [1624889385.0], 'JobIds': ['56789505.0'], 'EndTimes': [1624890131.0], 'Restarts': 0, 'RecordedSite': True, 'State': 'finished', 'ResidentSetSize': [647580], 'TotalUserCpuTimeHistory': [493], 'SiteHistory': ['Unknown', 'T2_IT_Legnaro', 'T2_IT_Legnaro'], 'TotalSysCpuTimeHistory': [32]}, '21': {'Retries': 0, 'WallDurations': [10.0, 213.0481719970703, 1116.0], 'StartTimes': [1624889537.0], 'SubmitTimes': [1624889385.0], 'JobIds': ['56789506.0'], 'EndTimes': [1624890653.0], 'Restarts': 0, 'RecordedSite': True, 'State': 'finished', 'ResidentSetSize': [506060], 'TotalUserCpuTimeHistory': [399], 'SiteHistory': ['Unknown', 'T2_KR_KISTI', 'T2_KR_KISTI'], 'TotalSysCpuTimeHistory': [34]}, '22': {'Retries': 0, 'WallDurations': [10.0, 218.0481719970703, 302.0], 'StartTimes': [1624889532.0], 'SubmitTimes': [1624889385.0], 'JobIds': ['56789507.0'], 'EndTimes': [1624889834.0], 'Restarts': 0, 'RecordedSite': True, 'State': 'finished', 'ResidentSetSize': [2744], 'TotalUserCpuTimeHistory': [70], 'SiteHistory': ['Unknown', 'T2_TW_NCHC', 'T2_TW_NCHC'], 'TotalSysCpuTimeHistory': [6]}, '23': {'Retries': 0, 'WallDurations': [9.0, 228.0481719970703, 5972.0], 'StartTimes': [1624889522.0], 'SubmitTimes': [1624889385.0], 'JobIds': ['56789508.0'], 'EndTimes': [1624895494.0], 'Restarts': 0, 'RecordedSite': True, 'State': 'finished', 'ResidentSetSize': [580500], 'TotalUserCpuTimeHistory': [5550], 'SiteHistory': ['Unknown', 'T2_DE_DESY', 'T2_DE_DESY'], 'TotalSysCpuTimeHistory': [281]}, '28': {'Retries': 0, 'WallDurations': [9.0, 230.0481719970703, 640.0], 'StartTimes': [1624889520.0], 'SubmitTimes': [1624889386.0], 'JobIds': ['56789513.0'], 'EndTimes': [1624890160.0], 'Restarts': 0, 'RecordedSite': True, 'State': 'finished', 'ResidentSetSize': [687504], 'TotalUserCpuTimeHistory': [521], 'SiteHistory': ['Unknown', 'T2_IT_Legnaro', 'T2_IT_Legnaro'], 'TotalSysCpuTimeHistory': [26]}, '29': {'Retries': 0, 'WallDurations': [0, 2.7446129322052, 281.0], 'StartTimes': [1624890049.0], 'SubmitTimes': [1624889386.0], 'JobIds': ['56789514.0'], 'EndTimes': [1624890330.0], 'Restarts': 0, 'RecordedSite': True, 'State': 'finished', 'ResidentSetSize': [50432], 'TotalUserCpuTimeHistory': [217], 'SiteHistory': ['Unknown', 'T1_RU_JINR', 'T1_RU_JINR'], 'TotalSysCpuTimeHistory': [13]}, '1': {'Retries': 0, 'WallDurations': [8.0, 46.04817199707031, 14625.0], 'StartTimes': [1624889704.0], 'SubmitTimes': [1624889378.0], 'JobIds': ['56789486.0'], 'EndTimes': [1624904329.0], 'Restarts': 0, 'RecordedSite': True, 'State': 'finished', 'ResidentSetSize': [680236], 'TotalUserCpuTimeHistory': [13613], 'SiteHistory': ['Unknown', 'T2_US_Wisconsin', 'T2_US_Wisconsin'], 'TotalSysCpuTimeHistory': [674]}, '3': {'Retries': 0, 'WallDurations': [9.0, 202.0481719970703, 8454.0], 'StartTimes': [1624889548.0], 'SubmitTimes': [1624889378.0], 'JobIds': ['56789488.0'], 'EndTimes': [1624898002.0], 'Restarts': 0, 'RecordedSite': True, 'State': 'finished', 'ResidentSetSize': [582348], 'TotalUserCpuTimeHistory': [7766], 'SiteHistory': ['Unknown', 'T2_RU_IHEP', 'T2_RU_IHEP'], 'TotalSysCpuTimeHistory': [558]}, '2': {'Retries': 0, 'WallDurations': [8.0, 31.7446129322052, 96.0], 'StartTimes': [1624890020.0], 'SubmitTimes': [1624889378.0], 'JobIds': ['56789487.0'], 'EndTimes': [1624890116.0], 'Restarts': 0, 'RecordedSite': True, 'State': 'finished', 'ResidentSetSize': [7788], 'TotalUserCpuTimeHistory': [29], 'SiteHistory': ['Unknown', 'T1_UK_RAL', 'T1_UK_RAL'], 'TotalSysCpuTimeHistory': [4]}, '5': {'Retries': 0, 'WallDurations': [8.0, 216.0481719970703, 285.0], 'StartTimes': [1624889534.0], 'SubmitTimes': [1624889378.0], 'JobIds': ['56789490.0'], 'EndTimes': [1624889819.0], 'Restarts': 0, 'RecordedSite': True, 'State': 'finished', 'ResidentSetSize': [29848], 'TotalUserCpuTimeHistory': [43], 'SiteHistory': ['Unknown', 'T2_TW_NCHC', 'T2_TW_NCHC'], 'TotalSysCpuTimeHistory': [4]}, '4': {'Retries': 0, 'WallDurations': [8.0, 229.0481719970703, 256.0], 'StartTimes': [1624889521.0], 'SubmitTimes': [1624889378.0], 'JobIds': ['56789489.0'], 'EndTimes': [1624889777.0], 'Restarts': 0, 'RecordedSite': True, 'State': 'finished', 'ResidentSetSize': [2824], 'TotalUserCpuTimeHistory': [186], 'SiteHistory': ['Unknown', 'T2_FR_IPHC', 'T2_FR_IPHC'], 'TotalSysCpuTimeHistory': [9]}, '7': {'Retries': 0, 'WallDurations': [9.0, 33.7446129322052, 12960.0], 'StartTimes': [1624890018.0], 'SubmitTimes': [1624889378.0], 'JobIds': ['56789492.0'], 'EndTimes': [1624902978.0], 'Restarts': 0, 'RecordedSite': True, 'State': 'finished', 'ResidentSetSize': [681384], 'TotalUserCpuTimeHistory': [12452], 'SiteHistory': ['Unknown', 'T1_RU_JINR', 'T1_RU_JINR'], 'TotalSysCpuTimeHistory': [384]}, '6': {'Retries': 0, 'WallDurations': [9.0, 105.7446129322052, 2552.0], 'StartTimes': [1624889946.0], 'SubmitTimes': [1624889378.0], 'JobIds': ['56789491.0'], 'EndTimes': [1624892498.0], 'Restarts': 0, 'RecordedSite': True, 'State': 'finished', 'ResidentSetSize': [664800], 'TotalUserCpuTimeHistory': [2339], 'SiteHistory': ['Unknown', 'T2_CH_CERN', 'T2_CH_CERN'], 'TotalSysCpuTimeHistory': [120]}, '9': {'Retries': 0, 'WallDurations': [10.0, 33.7446129322052, 7472.0], 'StartTimes': [1624890018.0], 'SubmitTimes': [1624889379.0], 'JobIds': ['56789494.0'], 'EndTimes': [1624897490.0], 'Restarts': 0, 'RecordedSite': True, 'State': 'finished', 'ResidentSetSize': [605316], 'TotalUserCpuTimeHistory': [7172], 'SiteHistory': ['Unknown', 'T1_RU_JINR', 'T1_RU_JINR'], 'TotalSysCpuTimeHistory': [213]}, '8': {'Retries': 0, 'WallDurations': [8.0, 31.7446129322052, 13656.0], 'StartTimes': [1624890020.0], 'SubmitTimes': [1624889378.0], 'JobIds': ['56789493.0'], 'EndTimes': [1624903676.0], 'Restarts': 0, 'RecordedSite': True, 'State': 'finished', 'ResidentSetSize': [628976], 'TotalUserCpuTimeHistory': [13166], 'SiteHistory': ['Unknown', 'T1_RU_JINR', 'T1_RU_JINR'], 'TotalSysCpuTimeHistory': [369]}, '11': {'Retries': 0, 'WallDurations': [0, 3.7446129322052, 7955.0], 'StartTimes': [1624890048.0], 'SubmitTimes': [1624889379.0], 'JobIds': ['56789496.0'], 'EndTimes': [1624898003.0], 'Restarts': 0, 'RecordedSite': True, 'State': 'finished', 'ResidentSetSize': [615760], 'TotalUserCpuTimeHistory': [7397], 'SiteHistory': ['Unknown', 'T1_RU_JINR', 'T1_RU_JINR'], 'TotalSysCpuTimeHistory': [413]}, '10': {'Retries': 0, 'WallDurations': [8.0, 32.7446129322052, 16410.0], 'StartTimes': [1624890019.0], 'SubmitTimes': [1624889379.0], 'JobIds': ['56789495.0'], 'EndTimes': [1624906429.0], 'Restarts': 0, 'RecordedSite': True, 'State': 'finished', 'ResidentSetSize': [674368], 'TotalUserCpuTimeHistory': [15679], 'SiteHistory': ['Unknown', 'T1_RU_JINR', 'T1_RU_JINR'], 'TotalSysCpuTimeHistory': [533]}, '13': {'Retries': 0, 'WallDurations': [0, 8.0, 4678.0], 'StartTimes': [1624890064.0], 'SubmitTimes': [1624889379.0], 'JobIds': ['56789498.0'], 'EndTimes': [1624894742.0], 'Restarts': 0, 'RecordedSite': True, 'State': 'finished', 'ResidentSetSize': [655692], 'TotalUserCpuTimeHistory': [4329], 'SiteHistory': ['Unknown', 'T1_RU_JINR', 'T1_RU_JINR'], 'TotalSysCpuTimeHistory': [246]}, '12': {'Retries': 0, 'WallDurations': [8.0, 32.7446129322052, 651.0], 'StartTimes': [1624890019.0], 'SubmitTimes': [1624889379.0], 'JobIds': ['56789497.0'], 'EndTimes': [1624890670.0], 'Restarts': 0, 'RecordedSite': True, 'State': 'finished', 'ResidentSetSize': [676284], 'TotalUserCpuTimeHistory': [564], 'SiteHistory': ['Unknown', 'T1_RU_JINR', 'T1_RU_JINR'], 'TotalSysCpuTimeHistory': [20]}, '15': {'Retries': 0, 'WallDurations': [9.0, 216.0481719970703, 748.0], 'StartTimes': [1624889534.0], 'SubmitTimes': [1624889379.0], 'JobIds': ['56789500.0'], 'EndTimes': [1624890282.0], 'Restarts': 0, 'RecordedSite': True, 'State': 'finished', 'ResidentSetSize': [557064], 'TotalUserCpuTimeHistory': [461], 'SiteHistory': ['Unknown', 'T2_TW_NCHC', 'T2_TW_NCHC'], 'TotalSysCpuTimeHistory': [30]}, '14': {'Retries': 0, 'WallDurations': [8.0, 32.7446129322052, 24175.0], 'StartTimes': [1624890019.0], 'SubmitTimes': [1624889379.0], 'JobIds': ['56789499.0'], 'EndTimes': [1624914194.0], 'Restarts': 0, 'RecordedSite': True, 'State': 'finished', 'ResidentSetSize': [677820], 'TotalUserCpuTimeHistory': [22858], 'SiteHistory': ['Unknown', 'T1_RU_JINR', 'T1_RU_JINR'], 'TotalSysCpuTimeHistory': [764]}, '17': {'Retries': 0, 'WallDurations': [9.0, 226.0481719970703, 10751.0], 'StartTimes': [1624889524.0], 'SubmitTimes': [1624889384.0], 'JobIds': ['56789502.0'], 'EndTimes': [1624900275.0], 'Restarts': 0, 'RecordedSite': True, 'State': 'finished', 'ResidentSetSize': [601644], 'TotalUserCpuTimeHistory': [9667], 'SiteHistory': ['Unknown', 'T2_IT_Bari', 'T2_IT_Bari'], 'TotalSysCpuTimeHistory': [753]}, '16': {'Retries': 0, 'WallDurations': [9.0, 230.0481719970703, 365.0], 'StartTimes': [1624889520.0], 'SubmitTimes': [1624889379.0], 'JobIds': ['56789501.0'], 'EndTimes': [1624889885.0], 'Restarts': 0, 'RecordedSite': True, 'State': 'finished', 'ResidentSetSize': [517112], 'TotalUserCpuTimeHistory': [283], 'SiteHistory': ['Unknown', 'T2_IT_Bari', 'T2_IT_Bari'], 'TotalSysCpuTimeHistory': [19]}, '19': {'Retries': 0, 'WallDurations': [9.0, 230.0481719970703, 3189.0], 'StartTimes': [1624889520.0], 'SubmitTimes': [1624889385.0], 'JobIds': ['56789504.0'], 'EndTimes': [1624892709.0], 'Restarts': 0, 'RecordedSite': True, 'State': 'finished', 'ResidentSetSize': [653524], 'TotalUserCpuTimeHistory': [2917], 'SiteHistory': ['Unknown', 'T2_IT_Legnaro', 'T2_IT_Legnaro'], 'TotalSysCpuTimeHistory': [185]}, '18': {'Retries': 0, 'WallDurations': [128.0, 229.0481719970703, 229.0481719970703], 'StartTimes': [1624889521.0], 'SubmitTimes': [1624889384.0], 'JobIds': ['56789503.0'], 'EndTimes': [1624889649.0], 'Restarts': 0, 'RecordedSite': True, 'State': 'finished', 'ResidentSetSize': [47704], 'TotalUserCpuTimeHistory': [63], 'SiteHistory': ['Unknown', 'T2_IT_Bari', 'T2_IT_Bari'], 'TotalSysCpuTimeHistory': [5]}, '31': {'Retries': 0, 'WallDurations': [9.0, 224.0481719970703, 1148.0], 'StartTimes': [1624889526.0], 'SubmitTimes': [1624889386.0], 'JobIds': ['56789516.0'], 'EndTimes': [1624890674.0], 'Restarts': 0, 'RecordedSite': True, 'State': 'finished', 'ResidentSetSize': [524604], 'TotalUserCpuTimeHistory': [663], 'SiteHistory': ['Unknown', 'T2_UA_KIPT', 'T2_UA_KIPT'], 'TotalSysCpuTimeHistory': [54]}, '30': {'Retries': 0, 'WallDurations': [8.0, 227.0481719970703, 1601.0], 'StartTimes': [1624889523.0], 'SubmitTimes': [1624889386.0], 'JobIds': ['56789515.0'], 'EndTimes': [1624891124.0], 'Restarts': 0, 'RecordedSite': True, 'State': 'finished', 'ResidentSetSize': [544572], 'TotalUserCpuTimeHistory': [647], 'SiteHistory': ['Unknown', 'T2_UK_SGrid_RALPP', 'T2_UK_SGrid_RALPP'], 'TotalSysCpuTimeHistory': [43]}}
INFO 2021-06-29 06:29:36.469 UTC: 	 Status on the scheduler:	COMPLETED
INFO 2021-06-29 06:29:36.470 UTC: 	 
Jobs status:                    finished     		100.0% (31/31)
INFO 2021-06-29 06:29:36.470 UTC: 	 
No publication information (publication has been disabled in the CRAB configuration file)
INFO 2021-06-29 06:29:36.471 UTC: 	 
Summary of run jobs:
 * Memory: 7MB min, 671MB max, 451MB ave
 * Runtime: 0:01:36 min, 6:42:55 max, 1:17:09 ave
 * CPU eff: 16% min, 125% max, 96% ave
 * Waste: 1:25:11 (3% of total)

INFO 2021-06-29 06:29:36.526 UTC: 	 Log file is /afs/cern.ch/work/a/achhetri/NANO_AOD/CMSSW_10_6_8/src/WTopScalefactorProducer/Skimmer/NANOcrab/crab_Tprime_v5_NANo_AOD_106X/crab_DYJetsToLL_M-50_HT-600to800_v2/crab.log
