DEBUG 2021-06-16 13:16:01.152 UTC: 	 CRAB Client version: v3.210610
DEBUG 2021-06-16 13:16:01.153 UTC: 	 Running on: Linux lxplus768.cern.ch 3.10.0-1160.25.1.el7.x86_64 #1 SMP Wed Apr 28 21:49:45 UTC 2021 x86_64 x86_64 x86_64 GNU/Linux - CentOS Linux 7 (Core)
DEBUG 2021-06-16 13:16:01.153 UTC: 	 Executing command: 'submit'
DEBUG 2021-06-16 13:16:01.153 UTC: 	 Found CRAB cache file /afs/cern.ch/user/a/achhetri/.crab3
DEBUG 2021-06-16 13:16:01.157 UTC: 	 Will use CRAB Analysis plugin (i.e. will run an analysis job type).
DEBUG 2021-06-16 13:16:01.260 UTC: 	 Checking credentials
DEBUG 2021-06-16 13:16:01.261 UTC: 	 Found proxy file /tmp/x509up_u94350
DEBUG 2021-06-16 13:16:01.261 UTC: 	 Getting proxy life time left
DEBUG 2021-06-16 13:16:02.069 UTC: 	 Executing : 
 command : voms-proxy-info -file /tmp/x509up_u94350 -timeleft
 output : 690079

 error: 
 retcode : 0
DEBUG 2021-06-16 13:16:02.778 UTC: 	 Executing : 
 command : voms-proxy-info -file /tmp/x509up_u94350 -actimeleft
 output : 690078

 error: 
 retcode : 0
DEBUG 2021-06-16 13:16:02.778 UTC: 	 Proxy lifetime 690079 secs is different from voms extension lifetime 690078 secs for proxy: /tmp/x509up_u94350
DEBUG 2021-06-16 13:16:02.778 UTC: 	 Proxy valid for 191:41:18 hours
DEBUG 2021-06-16 13:16:03.490 UTC: 	 Executing : 
 command : env X509_USER_PROXY=/tmp/x509up_u94350 voms-proxy-info -fqan
 output : /cms/Role=NULL/Capability=NULL

 error: 
 retcode : 0
DEBUG 2021-06-16 13:16:03.570 UTC: 	 Registering user credentials for server /DC=ch/DC=cern/OU=computers/CN=crab-(preprod|prod|dev)-tw(02|01).cern.ch|/DC=ch/DC=cern/OU=computers/CN=(ddi|ddidk|mytw).cern.ch|/DC=ch/DC=cern/OU=computers/CN=stefanov(m|m2).cern.ch
DEBUG 2021-06-16 13:16:04.289 UTC: 	 Executing : 
 command : voms-proxy-info -file /tmp/x509up_u94350 -identity
 output : /DC=ch/DC=cern/OU=Organic Units/OU=Users/CN=achhetri/CN=804540/CN=Arjun Chhetri

 error: 
 retcode : 0
DEBUG 2021-06-16 13:16:04.297 UTC: 	 Getting myproxy life time left for myproxy.cern.ch
DEBUG 2021-06-16 13:16:04.298 UTC: 	 using eb0e67adc2dd9eb1770413a4ffd073f562b86f05 as credential login name
DEBUG 2021-06-16 13:16:04.703 UTC: 	 Executing : 
 command : myproxy-info -l eb0e67adc2dd9eb1770413a4ffd073f562b86f05 -s myproxy.cern.ch
 output : username: eb0e67adc2dd9eb1770413a4ffd073f562b86f05
owner: /DC=ch/DC=cern/OU=Organic Units/OU=Users/CN=achhetri/CN=804540/CN=Arjun Chhetri
  renewal policy: /DC=ch/DC=cern/OU=computers/CN=vocms0105.cern.ch|/DC=ch/DC=cern/OU=computers/CN=crab-(preprod|prod|dev)-tw(02|01).cern.ch|/DC=ch/DC=cern/OU=computers/CN=(ddi|ddidk|mytw).cern.ch|/DC=ch/DC=cern/OU=computers/CN=stefanov(m|m2).cern.ch
  trusted retrieval policy: /DC=ch/DC=cern/OU=computers/CN=vocms0105.cern.ch|/DC=ch/DC=cern/OU=computers/CN=crab-(preprod|prod|dev)-tw(02|01).cern.ch|/DC=ch/DC=cern/OU=computers/CN=(ddi|ddidk|mytw).cern.ch|/DC=ch/DC=cern/OU=computers/CN=stefanov(m|m2).cern.ch
  timeleft: 0:00:00

 error: 
 retcode : 0
DEBUG 2021-06-16 13:16:04.703 UTC: 	 Myproxy is valid: 0
DEBUG 2021-06-16 13:16:04.809 UTC: 	 Executing : 
 command : openssl x509 -noout -in ~/.globus/usercert.pem -dates
 output : notBefore=Nov 11 12:18:59 2020 GMT
notAfter=Dec 16 12:18:59 2021 GMT

 error: 
 retcode : 0
DEBUG 2021-06-16 13:16:04.809 UTC: 	 Delegating a myproxy for 720:00 hours
DEBUG 2021-06-16 13:16:04.810 UTC: 	 using eb0e67adc2dd9eb1770413a4ffd073f562b86f05 as credential login name
DEBUG 2021-06-16 13:16:04.917 UTC: 	 Executing : 
 command : export GT_PROXY_MODE=rfc ; myproxy-init -d -n -s myproxy.cern.ch -x -R '/DC=ch/DC=cern/OU=computers/CN=crab-(preprod|prod|dev)-tw(02|01).cern.ch|/DC=ch/DC=cern/OU=computers/CN=(ddi|ddidk|mytw).cern.ch|/DC=ch/DC=cern/OU=computers/CN=stefanov(m|m2).cern.ch' -x -Z '/DC=ch/DC=cern/OU=computers/CN=crab-(preprod|prod|dev)-tw(02|01).cern.ch|/DC=ch/DC=cern/OU=computers/CN=(ddi|ddidk|mytw).cern.ch|/DC=ch/DC=cern/OU=computers/CN=stefanov(m|m2).cern.ch' -l 'eb0e67adc2dd9eb1770413a4ffd073f562b86f05' -t 168:00 -c 720:00
 output : Your identity: /DC=ch/DC=cern/OU=Organic Units/OU=Users/CN=achhetri/CN=804540/CN=Arjun Chhetri

 error: Error: Couldn't read user key in /afs/cern.ch/user/a/achhetri/.globus/userkey.pem.
Use -debug for further information.
grid-proxy-init failed

 retcode : 1
DEBUG 2021-06-16 13:16:04.918 UTC: 	 using eb0e67adc2dd9eb1770413a4ffd073f562b86f05 as credential login name
DEBUG 2021-06-16 13:16:05.223 UTC: 	 Executing : 
 command : myproxy-info -l eb0e67adc2dd9eb1770413a4ffd073f562b86f05 -s myproxy.cern.ch
 output : username: eb0e67adc2dd9eb1770413a4ffd073f562b86f05
owner: /DC=ch/DC=cern/OU=Organic Units/OU=Users/CN=achhetri/CN=804540/CN=Arjun Chhetri
  renewal policy: /DC=ch/DC=cern/OU=computers/CN=vocms0105.cern.ch|/DC=ch/DC=cern/OU=computers/CN=crab-(preprod|prod|dev)-tw(02|01).cern.ch|/DC=ch/DC=cern/OU=computers/CN=(ddi|ddidk|mytw).cern.ch|/DC=ch/DC=cern/OU=computers/CN=stefanov(m|m2).cern.ch
  trusted retrieval policy: /DC=ch/DC=cern/OU=computers/CN=vocms0105.cern.ch|/DC=ch/DC=cern/OU=computers/CN=crab-(preprod|prod|dev)-tw(02|01).cern.ch|/DC=ch/DC=cern/OU=computers/CN=(ddi|ddidk|mytw).cern.ch|/DC=ch/DC=cern/OU=computers/CN=stefanov(m|m2).cern.ch
  timeleft: 0:00:00

 error: 
 retcode : 0
DEBUG 2021-06-16 13:16:05.224 UTC: 	 Retrieving username ...
DEBUG 2021-06-16 13:16:05.224 UTC: 	 Retrieving username from CRIC...
DEBUG 2021-06-16 13:16:07.120 UTC: 	 username is achhetri
DEBUG 2021-06-16 13:16:07.128 UTC: 	 Getting myproxy life time left for myproxy.cern.ch
DEBUG 2021-06-16 13:16:07.129 UTC: 	 using achhetri_CRAB as credential login name
DEBUG 2021-06-16 13:16:07.534 UTC: 	 Executing : 
 command : myproxy-info -l achhetri_CRAB -s myproxy.cern.ch
 output : username: achhetri_CRAB
owner: /DC=ch/DC=cern/OU=Organic Units/OU=Users/CN=achhetri/CN=804540/CN=Arjun Chhetri
  renewal policy: /DC=ch/DC=cern/OU=computers/CN=crab-(preprod|prod|dev)-tw(02|01).cern.ch|/DC=ch/DC=cern/OU=computers/CN=(ddi|ddidk|mytw).cern.ch|/DC=ch/DC=cern/OU=computers/CN=stefanov(m|m2).cern.ch
  trusted retrieval policy: /DC=ch/DC=cern/OU=computers/CN=crab-(preprod|prod|dev)-tw(02|01).cern.ch|/DC=ch/DC=cern/OU=computers/CN=(ddi|ddidk|mytw).cern.ch|/DC=ch/DC=cern/OU=computers/CN=stefanov(m|m2).cern.ch
  timeleft: 719:52:11  (30.0 days)

 error: 
 retcode : 0
DEBUG 2021-06-16 13:16:07.534 UTC: 	 Myproxy is valid: 2591531
DEBUG 2021-06-16 13:16:07.534 UTC: 	 Result of myproxy credential check:
  Error trying to create credential:
 Problems delegating My-proxy. It seems your proxy has not been delegated to myproxy. Please check the logfile for the exact error (Maybe you simply typed a wrong password)
  Credential exists on myproxy: username: achhetri_CRAB  - validity: 29 days, 23:52:11
DEBUG 2021-06-16 13:16:07.535 UTC: 	 Command use: submit
DEBUG 2021-06-16 13:16:07.535 UTC: 	 Options use: ['--config', <WMCore.Configuration.Configuration object at 0x7f68dfac2b50>]
DEBUG 2021-06-16 13:16:07.586 UTC: 	 CRABClient version: v3.210610
DEBUG 2021-06-16 13:16:07.586 UTC: 	 Instance is prod
DEBUG 2021-06-16 13:16:07.586 UTC: 	 Server base url is cmsweb.cern.ch
DEBUG 2021-06-16 13:16:07.586 UTC: 	 Command api workflow
DEBUG 2021-06-16 13:16:07.586 UTC: 	 Started submission
DEBUG 2021-06-16 13:16:07.586 UTC: 	 Working on /afs/cern.ch/work/a/achhetri/NANO_AOD/CMSSW_10_6_8/src/WTopScalefactorProducer/Skimmer/NANOcrab/crab_Tprime_v5_NANo_AOD_106X/crab_DYJetsToLL_M-50_HT-200to400_v2
DEBUG 2021-06-16 13:16:07.647 UTC: 	 Loading required information from the environment
DEBUG 2021-06-16 13:16:07.647 UTC: 	 Found CMSSW_10_6_8 for slc7_amd64_gcc700 with base /afs/cern.ch/work/a/achhetri/NANO_AOD/CMSSW_10_6_8
DEBUG 2021-06-16 13:16:07.647 UTC: 	 Loading required information from the environment
DEBUG 2021-06-16 13:16:07.647 UTC: 	 Found CMSSW_10_6_8 for slc7_amd64_gcc700 with base /afs/cern.ch/work/a/achhetri/NANO_AOD/CMSSW_10_6_8
DEBUG 2021-06-16 13:16:07.647 UTC: 	 UNIQUE NAME: tarUUID 17d5478a-6acf-49e7-9ee9-9e9979dbe17b 
DEBUG 2021-06-16 13:16:07.647 UTC: 	 self.config: from WMCore.Configuration import Configuration
config = Configuration()
config.section_('General')
config.General.transferLogs = True
config.General.workArea = 'crab_Tprime_v5_NANo_AOD_106X'
config.General.requestName = 'DYJetsToLL_M-50_HT-200to400_v2'
config.section_('JobType')
config.JobType.scriptExe = 'crab_script_Tprime.sh'
config.JobType.pluginName = 'Analysis'
config.JobType.sendPythonFolder = True
config.JobType.allowUndistributedCMSSW = True
config.JobType.psetName = 'PSet.py'
config.JobType.inputFiles = ['TprimeBToTH_LH_RunIISummer19UL16_Skimmer.py', 'keep_and_drop_v1.txt', '../../../PhysicsTools/NanoAODTools/scripts/haddnano.py']
config.section_('Data')
config.Data.inputDataset = '/DYJetsToLL_M-50_HT-200to400_TuneCP5_PSweights_13TeV-madgraphMLM-pythia8/RunIISummer20UL17NanoAODv2-106X_mc2017_realistic_v8-v1/NANOAODSIM'
config.Data.outputDatasetTag = 'DYJetsToLL_M-50_HT-200to400_v2'
config.Data.publication = False
config.Data.unitsPerJob = 1
config.Data.inputDBS = 'global'
config.Data.splitting = 'FileBased'
config.Data.outLFNDirBase = '/store/user/achhetri/Tprime_v5_NANo_AOD_106X'
config.Data.totalUnits = 10
config.section_('Site')
config.Site.storageSite = 'T3_CH_CERNBOX'
config.section_('User')
config.section_('Debug')

DEBUG 2021-06-16 13:16:07.648 UTC: 	 self.config.JobType.psetName: PSet.py
INFO 2021-06-16 13:16:07.648 UTC: 	 Importing CMSSW configuration PSet.py
INFO 2021-06-16 13:16:07.648 UTC: 	 Finished importing CMSSW configuration PSet.py
DEBUG 2021-06-16 13:16:07.648 UTC: 	 Writing CMSSW configuration to /afs/cern.ch/work/a/achhetri/NANO_AOD/CMSSW_10_6_8/src/WTopScalefactorProducer/Skimmer/NANOcrab/crab_Tprime_v5_NANo_AOD_106X/crab_DYJetsToLL_M-50_HT-200to400_v2/inputs/PSet.py
DEBUG 2021-06-16 13:16:07.744 UTC: 	 The following EDM output files will be collected: ['tree.root']
DEBUG 2021-06-16 13:16:07.745 UTC: 	 The following TFile output files will be collected: []
DEBUG 2021-06-16 13:16:07.745 UTC: 	 The following user output files (not listed as PoolOuputModule or TFileService in the CMSSW PSet) will be collected: 
DEBUG 2021-06-16 13:16:07.745 UTC: 	 Loading required information from the environment
DEBUG 2021-06-16 13:16:07.745 UTC: 	 Found CMSSW_10_6_8 for slc7_amd64_gcc700 with base /afs/cern.ch/work/a/achhetri/NANO_AOD/CMSSW_10_6_8
DEBUG 2021-06-16 13:16:07.745 UTC: 	 Making tarball in /afs/cern.ch/work/a/achhetri/NANO_AOD/CMSSW_10_6_8/src/WTopScalefactorProducer/Skimmer/NANOcrab/crab_Tprime_v5_NANo_AOD_106X/crab_DYJetsToLL_M-50_HT-200to400_v2/inputs/17d5478a-6acf-49e7-9ee9-9e9979dbe17bdefault.tgz
DEBUG 2021-06-16 13:16:07.746 UTC: 	 Checking directory /afs/cern.ch/work/a/achhetri/NANO_AOD/CMSSW_10_6_8/lib
DEBUG 2021-06-16 13:16:07.746 UTC: 	 Adding directory /afs/cern.ch/work/a/achhetri/NANO_AOD/CMSSW_10_6_8/lib to tarball
DEBUG 2021-06-16 13:16:07.940 UTC: 	 Checking directory /afs/cern.ch/work/a/achhetri/NANO_AOD/CMSSW_10_6_8/biglib
DEBUG 2021-06-16 13:16:07.940 UTC: 	 Adding directory /afs/cern.ch/work/a/achhetri/NANO_AOD/CMSSW_10_6_8/biglib to tarball
DEBUG 2021-06-16 13:16:07.941 UTC: 	 Checking directory /afs/cern.ch/work/a/achhetri/NANO_AOD/CMSSW_10_6_8/module
DEBUG 2021-06-16 13:16:07.941 UTC: 	 Checking directory /afs/cern.ch/work/a/achhetri/NANO_AOD/CMSSW_10_6_8/python
DEBUG 2021-06-16 13:16:07.941 UTC: 	 Adding directory /afs/cern.ch/work/a/achhetri/NANO_AOD/CMSSW_10_6_8/python to tarball
DEBUG 2021-06-16 13:16:10.640 UTC: 	 Checking directory /afs/cern.ch/work/a/achhetri/NANO_AOD/CMSSW_10_6_8/cfipython
DEBUG 2021-06-16 13:16:10.640 UTC: 	 Adding directory /afs/cern.ch/work/a/achhetri/NANO_AOD/CMSSW_10_6_8/cfipython to tarball
DEBUG 2021-06-16 13:16:10.775 UTC: 	 Adding data directory /afs/cern.ch/work/a/achhetri/NANO_AOD/CMSSW_10_6_8/src/PhysicsTools/NanoAODTools/data to tarball
DEBUG 2021-06-16 13:16:33.115 UTC: 	 Adding data directory /afs/cern.ch/work/a/achhetri/NANO_AOD/CMSSW_10_6_8/src/PhysicsTools/NanoAODTools/interface to tarball
DEBUG 2021-06-16 13:16:33.130 UTC: 	 Adding data directory /afs/cern.ch/work/a/achhetri/NANO_AOD/CMSSW_10_6_8/src/PhysicsTools/NanoAODTools/python/postprocessing/data to tarball
DEBUG 2021-06-16 13:16:40.475 UTC: 	 Adding file TprimeBToTH_LH_RunIISummer19UL16_Skimmer.py to tarball
DEBUG 2021-06-16 13:16:40.479 UTC: 	 Adding file keep_and_drop_v1.txt to tarball
DEBUG 2021-06-16 13:16:40.483 UTC: 	 Adding file ../../../PhysicsTools/NanoAODTools/scripts/haddnano.py to tarball
DEBUG 2021-06-16 13:16:44.126 UTC: 	 Uploading archive /afs/cern.ch/work/a/achhetri/NANO_AOD/CMSSW_10_6_8/src/WTopScalefactorProducer/Skimmer/NANOcrab/crab_Tprime_v5_NANo_AOD_106X/crab_DYJetsToLL_M-50_HT-200to400_v2/inputs/17d5478a-6acf-49e7-9ee9-9e9979dbe17bdefault.tgz (55 MB) to the CRAB cache. Using URI https://cmsweb-prod.cern.ch:8443/crabcache
DEBUG 2021-06-16 13:17:27.532 UTC: 	 Successfully uploaded tarball to S3 as well
DEBUG 2021-06-16 13:17:27.692 UTC: 	 Report of S3 upload stored on CrabCache as S3-210616_131727.433:s3report.json
DEBUG 2021-06-16 13:17:27.693 UTC: 	 Loading required information from the environment
DEBUG 2021-06-16 13:17:27.693 UTC: 	 Found CMSSW_10_6_8 for slc7_amd64_gcc700 with base /afs/cern.ch/work/a/achhetri/NANO_AOD/CMSSW_10_6_8
DEBUG 2021-06-16 13:17:27.693 UTC: 	 Making tarball in /afs/cern.ch/work/a/achhetri/NANO_AOD/CMSSW_10_6_8/src/WTopScalefactorProducer/Skimmer/NANOcrab/crab_Tprime_v5_NANo_AOD_106X/crab_DYJetsToLL_M-50_HT-200to400_v2/inputs/debugFiles.tgz
DEBUG 2021-06-16 13:17:27.948 UTC: 	 Uploading archive /afs/cern.ch/work/a/achhetri/NANO_AOD/CMSSW_10_6_8/src/WTopScalefactorProducer/Skimmer/NANOcrab/crab_Tprime_v5_NANo_AOD_106X/crab_DYJetsToLL_M-50_HT-200to400_v2/inputs/debugFiles.tgz (1 KB) to the CRAB cache. Using URI https://cmsweb-prod.cern.ch:8443/crabcache
DEBUG 2021-06-16 13:17:29.291 UTC: 	 Successfully uploaded tarball to S3 as well
DEBUG 2021-06-16 13:17:29.419 UTC: 	 Report of S3 upload stored on CrabCache as S3-210616_131728.080:s3report.json
DEBUG 2021-06-16 13:17:29.420 UTC: 	 Result uploading input files: dbb62c6e90d539c01b7361da7edd336f9b47ae6a13b3065aa8bb1bf2bea5890d.tar.gz 
INFO 2021-06-16 13:17:29.420 UTC: 	 Sending the request to the server at cmsweb.cern.ch
DEBUG 2021-06-16 13:17:29.420 UTC: 	 Submitting {'maxjobruntime': 1250, 'extrajdl': [], 'lfn': '/store/user/achhetri/Tprime_v5_NANo_AOD_106X', 'savelogsflag': 1, 'useparent': 0, 'scriptexe': 'crab_script_Tprime.sh', 'asyncdest': 'T3_CH_CERNBOX', 'algoargs': 1, 'cachefilename': 'dbb62c6e90d539c01b7361da7edd336f9b47ae6a13b3065aa8bb1bf2bea5890d.tar.gz', 'numcores': 1, 'addoutputfiles': [], 'generator': 'pythia', 'maxmemory': 2000, 'publishdbsurl': 'https://cmsweb.cern.ch/dbs/prod/phys03/DBSWriter', 'priority': 10, 'jobsw': 'CMSSW_10_6_8', 'edmoutfiles': ['tree.root'], 'userfiles': [], 'primarydataset': '', 'inputdata': '/DYJetsToLL_M-50_HT-200to400_TuneCP5_PSweights_13TeV-madgraphMLM-pythia8/RunIISummer20UL17NanoAODv2-106X_mc2017_realistic_v8-v1/NANOAODSIM', 'ignorelocality': 0, 'dryrun': 0, 'workflow': 'crab_DYJetsToLL_M-50_HT-200to400_v2', 'cacheurl': u'https://cmsweb-prod.cern.ch:8443/crabcache', 'nonprodsw': 1, 'tfileoutfiles': [], 'oneEventMode': 0, 'debugfilename': 'ecb2584491019b4e621074721f7e9ca1f779973483cd00281951909ca56ab69a.tar.gz', 'saveoutput': 1, 'publication': 0, 'jobarch': 'slc7_amd64_gcc700', 'totalunits': 10, 'splitalgo': 'FileBased', 'ignoreglobalblacklist': 0, 'nonvaliddata': 0, 'dbsurl': 'https://cmsweb.cern.ch/dbs/prod/global/DBSReader', 'publishgroupname': 0, 'jobtype': 'Analysis', 'publishname2': 'DYJetsToLL_M-50_HT-200to400_v2'} 
DEBUG 2021-06-16 13:17:29.421 UTC: 	 Encoded submit request: maxjobruntime=1250&lfn=%2Fstore%2Fuser%2Fachhetri%2FTprime_v5_NANo_AOD_106X&savelogsflag=1&useparent=0&scriptexe=crab_script_Tprime.sh&asyncdest=T3_CH_CERNBOX&algoargs=1&cachefilename=dbb62c6e90d539c01b7361da7edd336f9b47ae6a13b3065aa8bb1bf2bea5890d.tar.gz&numcores=1&generator=pythia&maxmemory=2000&publishdbsurl=https%3A%2F%2Fcmsweb.cern.ch%2Fdbs%2Fprod%2Fphys03%2FDBSWriter&priority=10&jobsw=CMSSW_10_6_8&primarydataset=&inputdata=%2FDYJetsToLL_M-50_HT-200to400_TuneCP5_PSweights_13TeV-madgraphMLM-pythia8%2FRunIISummer20UL17NanoAODv2-106X_mc2017_realistic_v8-v1%2FNANOAODSIM&ignorelocality=0&dryrun=0&workflow=crab_DYJetsToLL_M-50_HT-200to400_v2&cacheurl=https%3A%2F%2Fcmsweb-prod.cern.ch%3A8443%2Fcrabcache&nonprodsw=1&oneEventMode=0&debugfilename=ecb2584491019b4e621074721f7e9ca1f779973483cd00281951909ca56ab69a.tar.gz&saveoutput=1&publication=0&jobarch=slc7_amd64_gcc700&totalunits=10&splitalgo=FileBased&ignoreglobalblacklist=0&nonvaliddata=0&dbsurl=https%3A%2F%2Fcmsweb.cern.ch%2Fdbs%2Fprod%2Fglobal%2FDBSReader&publishgroupname=0&jobtype=Analysis&publishname2=DYJetsToLL_M-50_HT-200to400_v2&edmoutfiles=tree.root
DEBUG 2021-06-16 13:17:29.494 UTC: 	 Result: {u'result': [{u'RequestName': u'210616_131729:achhetri_crab_DYJetsToLL_M-50_HT-200to400_v2'}]}
INFO 2021-06-16 13:17:29.509 UTC: 	 Success: Your task has been delivered to the prod CRAB3 server.
INFO 2021-06-16 13:17:29.509 UTC: 	 Task name: 210616_131729:achhetri_crab_DYJetsToLL_M-50_HT-200to400_v2
INFO 2021-06-16 13:17:29.509 UTC: 	 Project dir: crab_Tprime_v5_NANo_AOD_106X/crab_DYJetsToLL_M-50_HT-200to400_v2
INFO 2021-06-16 13:17:29.509 UTC: 	 Please use ' crab status -d crab_Tprime_v5_NANo_AOD_106X/crab_DYJetsToLL_M-50_HT-200to400_v2 ' to check how the submission process proceeds.
DEBUG 2021-06-16 13:17:29.509 UTC: 	 About to return
DEBUG 2021-06-17 10:06:57.197 UTC: 	 CRAB Client version: v3.210610
DEBUG 2021-06-17 10:06:57.198 UTC: 	 Running on: Linux lxplus727.cern.ch 3.10.0-1160.25.1.el7.x86_64 #1 SMP Wed Apr 28 21:49:45 UTC 2021 x86_64 x86_64 x86_64 GNU/Linux - CentOS Linux 7 (Core)
DEBUG 2021-06-17 10:06:57.198 UTC: 	 Executing command: 'status'
DEBUG 2021-06-17 10:06:57.198 UTC: 	 Found CRAB cache file /afs/cern.ch/user/a/achhetri/.crab3
DEBUG 2021-06-17 10:06:57.467 UTC: 	 Checking credentials
DEBUG 2021-06-17 10:06:57.468 UTC: 	 Found proxy file /tmp/x509up_u94350
DEBUG 2021-06-17 10:06:57.468 UTC: 	 Getting proxy life time left
DEBUG 2021-06-17 10:06:58.073 UTC: 	 Executing : 
 command : voms-proxy-info -file /tmp/x509up_u94350 -timeleft
 output : 690896

 error: 
 retcode : 0
DEBUG 2021-06-17 10:06:58.781 UTC: 	 Executing : 
 command : voms-proxy-info -file /tmp/x509up_u94350 -actimeleft
 output : 690896

 error: 
 retcode : 0
DEBUG 2021-06-17 10:06:58.781 UTC: 	 Proxy valid for 191:54:56 hours
DEBUG 2021-06-17 10:06:58.867 UTC: 	 Registering user credentials for server /DC=ch/DC=cern/OU=computers/CN=crab-(preprod|prod|dev)-tw(02|01).cern.ch|/DC=ch/DC=cern/OU=computers/CN=(ddi|ddidk|mytw).cern.ch|/DC=ch/DC=cern/OU=computers/CN=stefanov(m|m2).cern.ch
DEBUG 2021-06-17 10:06:59.581 UTC: 	 Executing : 
 command : voms-proxy-info -file /tmp/x509up_u94350 -identity
 output : /DC=ch/DC=cern/OU=Organic Units/OU=Users/CN=achhetri/CN=804540/CN=Arjun Chhetri

 error: 
 retcode : 0
DEBUG 2021-06-17 10:06:59.589 UTC: 	 Getting myproxy life time left for myproxy.cern.ch
DEBUG 2021-06-17 10:06:59.590 UTC: 	 using eb0e67adc2dd9eb1770413a4ffd073f562b86f05 as credential login name
DEBUG 2021-06-17 10:06:59.894 UTC: 	 Executing : 
 command : myproxy-info -l eb0e67adc2dd9eb1770413a4ffd073f562b86f05 -s myproxy.cern.ch
 output : username: eb0e67adc2dd9eb1770413a4ffd073f562b86f05
owner: /DC=ch/DC=cern/OU=Organic Units/OU=Users/CN=achhetri/CN=804540/CN=Arjun Chhetri
  renewal policy: /DC=ch/DC=cern/OU=computers/CN=vocms0105.cern.ch|/DC=ch/DC=cern/OU=computers/CN=crab-(preprod|prod|dev)-tw(02|01).cern.ch|/DC=ch/DC=cern/OU=computers/CN=(ddi|ddidk|mytw).cern.ch|/DC=ch/DC=cern/OU=computers/CN=stefanov(m|m2).cern.ch
  trusted retrieval policy: /DC=ch/DC=cern/OU=computers/CN=vocms0105.cern.ch|/DC=ch/DC=cern/OU=computers/CN=crab-(preprod|prod|dev)-tw(02|01).cern.ch|/DC=ch/DC=cern/OU=computers/CN=(ddi|ddidk|mytw).cern.ch|/DC=ch/DC=cern/OU=computers/CN=stefanov(m|m2).cern.ch
  timeleft: 0:00:00

 error: 
 retcode : 0
DEBUG 2021-06-17 10:06:59.896 UTC: 	 Myproxy is valid: 0
DEBUG 2021-06-17 10:07:00.002 UTC: 	 Executing : 
 command : openssl x509 -noout -in ~/.globus/usercert.pem -dates
 output : notBefore=Nov 11 12:18:59 2020 GMT
notAfter=Dec 16 12:18:59 2021 GMT

 error: 
 retcode : 0
DEBUG 2021-06-17 10:07:00.006 UTC: 	 Delegating a myproxy for 720:00 hours
DEBUG 2021-06-17 10:07:00.007 UTC: 	 using eb0e67adc2dd9eb1770413a4ffd073f562b86f05 as credential login name
DEBUG 2021-06-17 10:07:02.616 UTC: 	 Executing : 
 command : export GT_PROXY_MODE=rfc ; myproxy-init -d -n -s myproxy.cern.ch -x -R '/DC=ch/DC=cern/OU=computers/CN=crab-(preprod|prod|dev)-tw(02|01).cern.ch|/DC=ch/DC=cern/OU=computers/CN=(ddi|ddidk|mytw).cern.ch|/DC=ch/DC=cern/OU=computers/CN=stefanov(m|m2).cern.ch' -x -Z '/DC=ch/DC=cern/OU=computers/CN=crab-(preprod|prod|dev)-tw(02|01).cern.ch|/DC=ch/DC=cern/OU=computers/CN=(ddi|ddidk|mytw).cern.ch|/DC=ch/DC=cern/OU=computers/CN=stefanov(m|m2).cern.ch' -l 'eb0e67adc2dd9eb1770413a4ffd073f562b86f05' -t 168:00 -c 720:00
 output : Your identity: /DC=ch/DC=cern/OU=Organic Units/OU=Users/CN=achhetri/CN=804540/CN=Arjun Chhetri

 error: Error: Couldn't read user key in /afs/cern.ch/user/a/achhetri/.globus/userkey.pem.
Use -debug for further information.
grid-proxy-init failed

 retcode : 1
DEBUG 2021-06-17 10:07:02.616 UTC: 	 using eb0e67adc2dd9eb1770413a4ffd073f562b86f05 as credential login name
DEBUG 2021-06-17 10:07:03.022 UTC: 	 Executing : 
 command : myproxy-info -l eb0e67adc2dd9eb1770413a4ffd073f562b86f05 -s myproxy.cern.ch
 output : username: eb0e67adc2dd9eb1770413a4ffd073f562b86f05
owner: /DC=ch/DC=cern/OU=Organic Units/OU=Users/CN=achhetri/CN=804540/CN=Arjun Chhetri
  renewal policy: /DC=ch/DC=cern/OU=computers/CN=vocms0105.cern.ch|/DC=ch/DC=cern/OU=computers/CN=crab-(preprod|prod|dev)-tw(02|01).cern.ch|/DC=ch/DC=cern/OU=computers/CN=(ddi|ddidk|mytw).cern.ch|/DC=ch/DC=cern/OU=computers/CN=stefanov(m|m2).cern.ch
  trusted retrieval policy: /DC=ch/DC=cern/OU=computers/CN=vocms0105.cern.ch|/DC=ch/DC=cern/OU=computers/CN=crab-(preprod|prod|dev)-tw(02|01).cern.ch|/DC=ch/DC=cern/OU=computers/CN=(ddi|ddidk|mytw).cern.ch|/DC=ch/DC=cern/OU=computers/CN=stefanov(m|m2).cern.ch
  timeleft: 0:00:00

 error: 
 retcode : 0
DEBUG 2021-06-17 10:07:03.022 UTC: 	 Retrieving username ...
DEBUG 2021-06-17 10:07:03.022 UTC: 	 Retrieving username from CRIC...
DEBUG 2021-06-17 10:07:03.854 UTC: 	 username is achhetri
DEBUG 2021-06-17 10:07:03.861 UTC: 	 Getting myproxy life time left for myproxy.cern.ch
DEBUG 2021-06-17 10:07:03.861 UTC: 	 using achhetri_CRAB as credential login name
DEBUG 2021-06-17 10:07:04.266 UTC: 	 Executing : 
 command : myproxy-info -l achhetri_CRAB -s myproxy.cern.ch
 output : username: achhetri_CRAB
owner: /DC=ch/DC=cern/OU=Organic Units/OU=Users/CN=achhetri/CN=804540/CN=Arjun Chhetri
  renewal policy: /DC=ch/DC=cern/OU=computers/CN=crab-(preprod|prod|dev)-tw(02|01).cern.ch|/DC=ch/DC=cern/OU=computers/CN=(ddi|ddidk|mytw).cern.ch|/DC=ch/DC=cern/OU=computers/CN=stefanov(m|m2).cern.ch
  trusted retrieval policy: /DC=ch/DC=cern/OU=computers/CN=crab-(preprod|prod|dev)-tw(02|01).cern.ch|/DC=ch/DC=cern/OU=computers/CN=(ddi|ddidk|mytw).cern.ch|/DC=ch/DC=cern/OU=computers/CN=stefanov(m|m2).cern.ch
  timeleft: 699:01:14  (29.1 days)

 error: 
 retcode : 0
DEBUG 2021-06-17 10:07:04.267 UTC: 	 Myproxy is valid: 2516474
DEBUG 2021-06-17 10:07:04.267 UTC: 	 Result of myproxy credential check:
  Error trying to create credential:
 Problems delegating My-proxy. It seems your proxy has not been delegated to myproxy. Please check the logfile for the exact error (Maybe you simply typed a wrong password)
  Credential exists on myproxy: username: achhetri_CRAB  - validity: 29 days, 3:01:14
DEBUG 2021-06-17 10:07:04.268 UTC: 	 Command use: status
DEBUG 2021-06-17 10:07:04.268 UTC: 	 Options use: ['-d', 'crab_DYJetsToLL_M-50_HT-200to400_v2/']
DEBUG 2021-06-17 10:07:04.346 UTC: 	 CRABClient version: v3.210610
DEBUG 2021-06-17 10:07:04.346 UTC: 	 Instance is prod
DEBUG 2021-06-17 10:07:04.346 UTC: 	 Server base url is cmsweb.cern.ch
DEBUG 2021-06-17 10:07:04.346 UTC: 	 Command api workflow
DEBUG 2021-06-17 10:07:04.412 UTC: 	 Got information from server oracle database: {u'result': [u'210616_131729:achhetri_crab_DYJetsToLL_M-50_HT-200to400_v2', u'None', u'None', u'SUBMITTED', u'SUBMIT', u'2021-06-16 13:17:29.486076', u'None', u'2021-06-16 13:18:26.979627', u'None', u'CMSSW_10_6_8', u'slc7_amd64_gcc700', u'/DYJetsToLL_M-50_HT-200to400_TuneCP5_PSweights_13TeV-madgraphMLM-pythia8/RunIISummer20UL17NanoAODv2-106X_mc2017_realistic_v8-v1/NANOAODSIM', u'F', u'0', u'[]', u'[]', u'FileBased', u"{'splitOnRun': False, 'halt_job_on_file_boundaries': False, 'files_per_job': 1, 'runs': [], 'lumis': []}", u'dbb62c6e90d539c01b7361da7edd336f9b47ae6a13b3065aa8bb1bf2bea5890d.tar.gz', u'https://cmsweb-prod.cern.ch:8443/crabcache', u'achhetri', u'/DC=ch/DC=cern/OU=Organic Units/OU=Users/CN=achhetri/CN=804540/CN=Arjun Chhetri', u'cms', u'None', u'None', u'DYJetsToLL_M-50_HT-200to400_v2-00000000000000000000000000000000', u'F', u'T3_CH_CERNBOX', u'https://cmsweb.cern.ch/dbs/prod/global/DBSReader', u'https://cmsweb.cern.ch/dbs/prod/phys03/DBSWriter', u'F', u'[]', u'[]', u"[b'tree.root']", u'Analysis', u'pythia', u'None', u'{}', u'[]', u'T', u'crab-prod-tw01', u'[]', u'1250', u'1', u'2000', u'10', u"[b'/DYJetsToLL_M-50_HT-200to400_TuneCP5_PSweights_13TeV-madgraphMLM-pythia8/achhetri-DYJetsToLL_M-50_HT-200to400_v2-5d8f93ee2ba2db6b402c7167473e2950/USER']", u'[]', u'http://vocms0198.cern.ch/mon/cms341/210616_131729:achhetri_crab_DYJetsToLL_M-50_HT-200to400_v2', u'crab_script_Tprime.sh', u'[]', u'[]', u'https://cmsweb.cern.ch/crabserver/prod', u'cmsgwms-collector-global.cern.ch:9620,cmsgwms-collector-global.fnal.gov:9620', u'crab3@vocms0198.cern.ch', u'F', u'[]', u'T', u'/store/user/achhetri/Tprime_v5_NANo_AOD_106X', u'F', u'None', u'F', u'None', u'DYJetsToLL_M-50_HT-200to400_TuneCP5_PSweights_13TeV-madgraphMLM-pythia8', u'None', u'ecb2584491019b4e621074721f7e9ca1f779973483cd00281951909ca56ab69a.tar.gz', u'60445169', u'filetransfers', u'F', u'137.138.120.6', u'10.0', u'None'], u'desc': {u'columns': [u'tm_taskname', u'tm_activity', u'panda_jobset_id', u'tm_task_status', u'tm_task_command', u'tm_start_time', u'tm_start_injection', u'tm_end_injection', u'tm_task_failure', u'tm_job_sw', u'tm_job_arch', u'tm_input_dataset', u'tm_nonvalid_input_dataset', u'tm_use_parent', u'tm_site_whitelist', u'tm_site_blacklist', u'tm_split_algo', u'tm_split_args', u'tm_user_sandbox', u'tm_cache_url', u'tm_username', u'tm_user_dn', u'tm_user_vo', u'tm_user_role', u'tm_user_group', u'tm_publish_name', u'tm_publish_groupname', u'tm_asyncdest', u'tm_dbs_url', u'tm_publish_dbs_url', u'tm_publication', u'tm_outfiles', u'tm_tfile_outfiles', u'tm_edm_outfiles', u'tm_job_type', u'tm_generator', u'tm_events_per_lumi', u'tm_arguments', u'panda_resubmitted_jobs', u'tm_save_logs', u'tw_name', u'tm_user_infiles', u'tm_maxjobruntime', u'tm_numcores', u'tm_maxmemory', u'tm_priority', u'tm_output_dataset', u'tm_task_warnings', u'tm_user_webdir', u'tm_scriptexe', u'tm_scriptargs', u'tm_extrajdl', u'tm_asourl', u'tm_collector', u'tm_schedd', u'tm_dry_run', u'tm_user_files', u'tm_transfer_outputs', u'tm_output_lfn', u'tm_ignore_locality', u'tm_fail_limit', u'tm_one_event_mode', u'tm_secondary_input_dataset', u'tm_primary_dataset', u'tm_last_publication', u'tm_debug_files', u'clusterid', u'tm_asodb', u'tm_ignore_global_blacklist', u'tm_submitter_ip_addr', u'tm_totalunits', u'tm_ddm_reqid']}}
INFO 2021-06-17 10:07:04.413 UTC: 	 CRAB project directory:		/afs/cern.ch/work/a/achhetri/NANO_AOD/CMSSW_10_6_8/src/WTopScalefactorProducer/Skimmer/NANOcrab/crab_Tprime_v5_NANo_AOD_106X/crab_DYJetsToLL_M-50_HT-200to400_v2
INFO 2021-06-17 10:07:04.413 UTC: 	 Task name:			210616_131729:achhetri_crab_DYJetsToLL_M-50_HT-200to400_v2
INFO 2021-06-17 10:07:04.413 UTC: 	 Grid scheduler - Task Worker:	crab3@vocms0198.cern.ch - crab-prod-tw01
INFO 2021-06-17 10:07:04.413 UTC: 	 Status on the CRAB server:	SUBMITTED
INFO 2021-06-17 10:07:04.413 UTC: 	 Task URL to use for HELP:	https://cmsweb.cern.ch/crabserver/ui/task/210616_131729%3Aachhetri_crab_DYJetsToLL_M-50_HT-200to400_v2
INFO 2021-06-17 10:07:04.414 UTC: 	 Dashboard monitoring URL:	https://monit-grafana.cern.ch/d/cmsTMDetail/cms-task-monitoring-task-view?orgId=11&var-user=achhetri&var-task=210616_131729%3Aachhetri_crab_DYJetsToLL_M-50_HT-200to400_v2&from=1623845849000&to=now
DEBUG 2021-06-17 10:07:04.414 UTC: 	 The CRAB server submitted your task to the Grid scheduler (cluster ID: 60445169)
DEBUG 2021-06-17 10:07:04.414 UTC: 	 Webdir is located at http://vocms0198.cern.ch/mon/cms341/210616_131729:achhetri_crab_DYJetsToLL_M-50_HT-200to400_v2
DEBUG 2021-06-17 10:07:04.501 UTC: 	 Proxied webdir is located at https://cmsweb.cern.ch:8443/scheddmon/0198/cms341/210616_131729:achhetri_crab_DYJetsToLL_M-50_HT-200to400_v2
DEBUG 2021-06-17 10:07:04.501 UTC: 	 Retrieving 'status_cache' file from https://cmsweb.cern.ch:8443/scheddmon/0198/cms341/210616_131729:achhetri_crab_DYJetsToLL_M-50_HT-200to400_v2/status_cache
DEBUG 2021-06-17 10:07:04.550 UTC: 	 Got information from status cache file: {'10': {'Retries': 0, 'WallDurations': [8.0, 206.8511209487915, 17536.0], 'StartTimes': [1623849668.0], 'SubmitTimes': [1623849517.0], 'JobIds': ['60445182.0'], 'EndTimes': [1623867204.0], 'Restarts': 0, 'RecordedSite': True, 'State': 'finished', 'ResidentSetSize': [718112], 'TotalUserCpuTimeHistory': [10232], 'SiteHistory': ['Unknown', 'T3_UK_ScotGrid_GLA', 'T3_UK_ScotGrid_GLA'], 'TotalSysCpuTimeHistory': [420]}, '1': {'Retries': 0, 'WallDurations': [9.0, 206.8511209487915, 17996.0], 'StartTimes': [1623849668.0], 'SubmitTimes': [1623849511.0], 'JobIds': ['60445174.0'], 'EndTimes': [1623867664.0], 'Restarts': 0, 'RecordedSite': True, 'State': 'finished', 'ResidentSetSize': [703016], 'TotalUserCpuTimeHistory': [10339], 'SiteHistory': ['Unknown', 'T3_UK_ScotGrid_GLA', 'T3_UK_ScotGrid_GLA'], 'TotalSysCpuTimeHistory': [412]}, '3': {'Retries': 0, 'WallDurations': [8.0, 204.8511209487915, 20105.0], 'StartTimes': [1623849670.0], 'SubmitTimes': [1623849511.0], 'JobIds': ['60445173.0'], 'EndTimes': [1623869775.0], 'Restarts': 0, 'RecordedSite': True, 'State': 'finished', 'ResidentSetSize': [679136], 'TotalUserCpuTimeHistory': [18233], 'SiteHistory': ['Unknown', 'T2_UK_London_IC', 'T2_UK_London_IC'], 'TotalSysCpuTimeHistory': [1183]}, '2': {'Retries': 0, 'WallDurations': [9.0, 208.8511209487915, 15973.0], 'StartTimes': [1623849666.0], 'SubmitTimes': [1623849511.0], 'JobIds': ['60445172.0'], 'EndTimes': [1623865639.0], 'Restarts': 0, 'RecordedSite': True, 'State': 'finished', 'ResidentSetSize': [674892], 'TotalUserCpuTimeHistory': [13160], 'SiteHistory': ['Unknown', 'T3_UK_London_RHUL', 'T3_UK_London_RHUL'], 'TotalSysCpuTimeHistory': [715]}, '5': {'Retries': 0, 'WallDurations': [9.0, 204.8511209487915, 35109.0], 'StartTimes': [1623849670.0], 'SubmitTimes': [1623849516.0], 'JobIds': ['60445177.0'], 'EndTimes': [1623884779.0], 'Restarts': 0, 'RecordedSite': True, 'State': 'finished', 'ResidentSetSize': [717848], 'TotalUserCpuTimeHistory': [31056], 'SiteHistory': ['Unknown', 'T3_UK_London_QMUL', 'T3_UK_London_QMUL'], 'TotalSysCpuTimeHistory': [1341]}, '4': {'Retries': 0, 'WallDurations': [9.0, 208.8511209487915, 15013.0], 'StartTimes': [1623849666.0], 'SubmitTimes': [1623849511.0], 'JobIds': ['60445175.0'], 'EndTimes': [1623864679.0], 'Restarts': 0, 'RecordedSite': True, 'State': 'finished', 'ResidentSetSize': [638700], 'TotalUserCpuTimeHistory': [9670], 'SiteHistory': ['Unknown', 'T3_UK_ScotGrid_GLA', 'T3_UK_ScotGrid_GLA'], 'TotalSysCpuTimeHistory': [486]}, '7': {'Retries': 0, 'WallDurations': [8.0, 224.8511209487915, 5655.0], 'StartTimes': [1623849650.0], 'SubmitTimes': [1623849516.0], 'JobIds': ['60445179.0'], 'EndTimes': [1623855305.0], 'Restarts': 0, 'RecordedSite': True, 'State': 'finished', 'ResidentSetSize': [607748], 'TotalUserCpuTimeHistory': [4895], 'SiteHistory': ['Unknown', 'T2_CH_CERN', 'T2_CH_CERN'], 'TotalSysCpuTimeHistory': [301]}, '6': {'Retries': 0, 'WallDurations': [8.0, 225.8511209487915, 17541.0], 'StartTimes': [1623849649.0], 'SubmitTimes': [1623849516.0], 'JobIds': ['60445178.0'], 'EndTimes': [1623867190.0], 'Restarts': 0, 'RecordedSite': True, 'State': 'finished', 'ResidentSetSize': [673724], 'TotalUserCpuTimeHistory': [15965], 'SiteHistory': ['Unknown', 'T2_CH_CERN', 'T2_CH_CERN'], 'TotalSysCpuTimeHistory': [841]}, '9': {'Retries': 0, 'WallDurations': [8.0, 225.8511209487915, 17590.0], 'StartTimes': [1623849649.0], 'SubmitTimes': [1623849517.0], 'JobIds': ['60445181.0'], 'EndTimes': [1623867239.0], 'Restarts': 0, 'RecordedSite': True, 'State': 'finished', 'ResidentSetSize': [671916], 'TotalUserCpuTimeHistory': [15851], 'SiteHistory': ['Unknown', 'T2_CH_CERN', 'T2_CH_CERN'], 'TotalSysCpuTimeHistory': [802]}, '8': {'Retries': 0, 'WallDurations': [8.0, 224.8511209487915, 15124.0], 'StartTimes': [1623849650.0], 'SubmitTimes': [1623849516.0], 'JobIds': ['60445180.0'], 'EndTimes': [1623864774.0], 'Restarts': 0, 'RecordedSite': True, 'State': 'finished', 'ResidentSetSize': [661992], 'TotalUserCpuTimeHistory': [13525], 'SiteHistory': ['Unknown', 'T2_CH_CERN', 'T2_CH_CERN'], 'TotalSysCpuTimeHistory': [517]}}
INFO 2021-06-17 10:07:04.550 UTC: 	 Status on the scheduler:	COMPLETED
INFO 2021-06-17 10:07:04.550 UTC: 	 
Jobs status:                    finished     		100.0% (10/10)
INFO 2021-06-17 10:07:04.550 UTC: 	 
No publication information (publication has been disabled in the CRAB configuration file)
INFO 2021-06-17 10:07:04.550 UTC: 	 
Summary of run jobs:
 * Memory: 686MB min, 701MB max, 659MB ave
 * Runtime: 1:34:15 min, 9:45:09 max, 4:56:04 ave
 * CPU eff: 60% min, 97% max, 84% ave
 * Waste: 0:37:06 (1% of total)

INFO 2021-06-17 10:07:04.557 UTC: 	 Log file is /afs/cern.ch/work/a/achhetri/NANO_AOD/CMSSW_10_6_8/src/WTopScalefactorProducer/Skimmer/NANOcrab/crab_Tprime_v5_NANo_AOD_106X/crab_DYJetsToLL_M-50_HT-200to400_v2/crab.log
