DEBUG 2021-06-16 13:14:22.240 UTC: 	 CRAB Client version: v3.210610
DEBUG 2021-06-16 13:14:22.241 UTC: 	 Running on: Linux lxplus768.cern.ch 3.10.0-1160.25.1.el7.x86_64 #1 SMP Wed Apr 28 21:49:45 UTC 2021 x86_64 x86_64 x86_64 GNU/Linux - CentOS Linux 7 (Core)
DEBUG 2021-06-16 13:14:22.241 UTC: 	 Executing command: 'submit'
DEBUG 2021-06-16 13:14:22.241 UTC: 	 Found CRAB cache file /afs/cern.ch/user/a/achhetri/.crab3
DEBUG 2021-06-16 13:14:22.246 UTC: 	 Will use CRAB Analysis plugin (i.e. will run an analysis job type).
DEBUG 2021-06-16 13:14:22.284 UTC: 	 Checking credentials
DEBUG 2021-06-16 13:14:22.285 UTC: 	 Found proxy file /tmp/x509up_u94350
DEBUG 2021-06-16 13:14:22.285 UTC: 	 Getting proxy life time left
DEBUG 2021-06-16 13:14:23.093 UTC: 	 Executing : 
 command : voms-proxy-info -file /tmp/x509up_u94350 -timeleft
 output : 690178

 error: 
 retcode : 0
DEBUG 2021-06-16 13:14:23.801 UTC: 	 Executing : 
 command : voms-proxy-info -file /tmp/x509up_u94350 -actimeleft
 output : 690177

 error: 
 retcode : 0
DEBUG 2021-06-16 13:14:23.802 UTC: 	 Proxy lifetime 690178 secs is different from voms extension lifetime 690177 secs for proxy: /tmp/x509up_u94350
DEBUG 2021-06-16 13:14:23.802 UTC: 	 Proxy valid for 191:42:57 hours
DEBUG 2021-06-16 13:14:24.512 UTC: 	 Executing : 
 command : env X509_USER_PROXY=/tmp/x509up_u94350 voms-proxy-info -fqan
 output : /cms/Role=NULL/Capability=NULL

 error: 
 retcode : 0
DEBUG 2021-06-16 13:14:24.576 UTC: 	 Registering user credentials for server /DC=ch/DC=cern/OU=computers/CN=crab-(preprod|prod|dev)-tw(02|01).cern.ch|/DC=ch/DC=cern/OU=computers/CN=(ddi|ddidk|mytw).cern.ch|/DC=ch/DC=cern/OU=computers/CN=stefanov(m|m2).cern.ch
DEBUG 2021-06-16 13:14:25.294 UTC: 	 Executing : 
 command : voms-proxy-info -file /tmp/x509up_u94350 -identity
 output : /DC=ch/DC=cern/OU=Organic Units/OU=Users/CN=achhetri/CN=804540/CN=Arjun Chhetri

 error: 
 retcode : 0
DEBUG 2021-06-16 13:14:25.305 UTC: 	 Getting myproxy life time left for myproxy.cern.ch
DEBUG 2021-06-16 13:14:25.305 UTC: 	 using eb0e67adc2dd9eb1770413a4ffd073f562b86f05 as credential login name
DEBUG 2021-06-16 13:14:25.811 UTC: 	 Executing : 
 command : myproxy-info -l eb0e67adc2dd9eb1770413a4ffd073f562b86f05 -s myproxy.cern.ch
 output : username: eb0e67adc2dd9eb1770413a4ffd073f562b86f05
owner: /DC=ch/DC=cern/OU=Organic Units/OU=Users/CN=achhetri/CN=804540/CN=Arjun Chhetri
  renewal policy: /DC=ch/DC=cern/OU=computers/CN=vocms0105.cern.ch|/DC=ch/DC=cern/OU=computers/CN=crab-(preprod|prod|dev)-tw(02|01).cern.ch|/DC=ch/DC=cern/OU=computers/CN=(ddi|ddidk|mytw).cern.ch|/DC=ch/DC=cern/OU=computers/CN=stefanov(m|m2).cern.ch
  trusted retrieval policy: /DC=ch/DC=cern/OU=computers/CN=vocms0105.cern.ch|/DC=ch/DC=cern/OU=computers/CN=crab-(preprod|prod|dev)-tw(02|01).cern.ch|/DC=ch/DC=cern/OU=computers/CN=(ddi|ddidk|mytw).cern.ch|/DC=ch/DC=cern/OU=computers/CN=stefanov(m|m2).cern.ch
  timeleft: 0:00:00

 error: 
 retcode : 0
DEBUG 2021-06-16 13:14:25.812 UTC: 	 Myproxy is valid: 0
DEBUG 2021-06-16 13:14:25.919 UTC: 	 Executing : 
 command : openssl x509 -noout -in ~/.globus/usercert.pem -dates
 output : notBefore=Nov 11 12:18:59 2020 GMT
notAfter=Dec 16 12:18:59 2021 GMT

 error: 
 retcode : 0
DEBUG 2021-06-16 13:14:25.921 UTC: 	 Delegating a myproxy for 720:00 hours
DEBUG 2021-06-16 13:14:25.922 UTC: 	 using eb0e67adc2dd9eb1770413a4ffd073f562b86f05 as credential login name
DEBUG 2021-06-16 13:14:26.029 UTC: 	 Executing : 
 command : export GT_PROXY_MODE=rfc ; myproxy-init -d -n -s myproxy.cern.ch -x -R '/DC=ch/DC=cern/OU=computers/CN=crab-(preprod|prod|dev)-tw(02|01).cern.ch|/DC=ch/DC=cern/OU=computers/CN=(ddi|ddidk|mytw).cern.ch|/DC=ch/DC=cern/OU=computers/CN=stefanov(m|m2).cern.ch' -x -Z '/DC=ch/DC=cern/OU=computers/CN=crab-(preprod|prod|dev)-tw(02|01).cern.ch|/DC=ch/DC=cern/OU=computers/CN=(ddi|ddidk|mytw).cern.ch|/DC=ch/DC=cern/OU=computers/CN=stefanov(m|m2).cern.ch' -l 'eb0e67adc2dd9eb1770413a4ffd073f562b86f05' -t 168:00 -c 720:00
 output : Your identity: /DC=ch/DC=cern/OU=Organic Units/OU=Users/CN=achhetri/CN=804540/CN=Arjun Chhetri

 error: Error: Couldn't read user key in /afs/cern.ch/user/a/achhetri/.globus/userkey.pem.
Use -debug for further information.
grid-proxy-init failed

 retcode : 1
DEBUG 2021-06-16 13:14:26.029 UTC: 	 using eb0e67adc2dd9eb1770413a4ffd073f562b86f05 as credential login name
DEBUG 2021-06-16 13:14:26.436 UTC: 	 Executing : 
 command : myproxy-info -l eb0e67adc2dd9eb1770413a4ffd073f562b86f05 -s myproxy.cern.ch
 output : username: eb0e67adc2dd9eb1770413a4ffd073f562b86f05
owner: /DC=ch/DC=cern/OU=Organic Units/OU=Users/CN=achhetri/CN=804540/CN=Arjun Chhetri
  renewal policy: /DC=ch/DC=cern/OU=computers/CN=vocms0105.cern.ch|/DC=ch/DC=cern/OU=computers/CN=crab-(preprod|prod|dev)-tw(02|01).cern.ch|/DC=ch/DC=cern/OU=computers/CN=(ddi|ddidk|mytw).cern.ch|/DC=ch/DC=cern/OU=computers/CN=stefanov(m|m2).cern.ch
  trusted retrieval policy: /DC=ch/DC=cern/OU=computers/CN=vocms0105.cern.ch|/DC=ch/DC=cern/OU=computers/CN=crab-(preprod|prod|dev)-tw(02|01).cern.ch|/DC=ch/DC=cern/OU=computers/CN=(ddi|ddidk|mytw).cern.ch|/DC=ch/DC=cern/OU=computers/CN=stefanov(m|m2).cern.ch
  timeleft: 0:00:00

 error: 
 retcode : 0
DEBUG 2021-06-16 13:14:26.437 UTC: 	 Retrieving username ...
DEBUG 2021-06-16 13:14:26.437 UTC: 	 Retrieving username from CRIC...
DEBUG 2021-06-16 13:14:27.309 UTC: 	 username is achhetri
DEBUG 2021-06-16 13:14:27.319 UTC: 	 Getting myproxy life time left for myproxy.cern.ch
DEBUG 2021-06-16 13:14:27.319 UTC: 	 using achhetri_CRAB as credential login name
DEBUG 2021-06-16 13:14:27.726 UTC: 	 Executing : 
 command : myproxy-info -l achhetri_CRAB -s myproxy.cern.ch
 output : username: achhetri_CRAB
owner: /DC=ch/DC=cern/OU=Organic Units/OU=Users/CN=achhetri/CN=804540/CN=Arjun Chhetri
  renewal policy: /DC=ch/DC=cern/OU=computers/CN=crab-(preprod|prod|dev)-tw(02|01).cern.ch|/DC=ch/DC=cern/OU=computers/CN=(ddi|ddidk|mytw).cern.ch|/DC=ch/DC=cern/OU=computers/CN=stefanov(m|m2).cern.ch
  trusted retrieval policy: /DC=ch/DC=cern/OU=computers/CN=crab-(preprod|prod|dev)-tw(02|01).cern.ch|/DC=ch/DC=cern/OU=computers/CN=(ddi|ddidk|mytw).cern.ch|/DC=ch/DC=cern/OU=computers/CN=stefanov(m|m2).cern.ch
  timeleft: 719:53:51  (30.0 days)

 error: 
 retcode : 0
DEBUG 2021-06-16 13:14:27.727 UTC: 	 Myproxy is valid: 2591631
DEBUG 2021-06-16 13:14:27.727 UTC: 	 Result of myproxy credential check:
  Error trying to create credential:
 Problems delegating My-proxy. It seems your proxy has not been delegated to myproxy. Please check the logfile for the exact error (Maybe you simply typed a wrong password)
  Credential exists on myproxy: username: achhetri_CRAB  - validity: 29 days, 23:53:51
DEBUG 2021-06-16 13:14:27.728 UTC: 	 Command use: submit
DEBUG 2021-06-16 13:14:27.728 UTC: 	 Options use: ['--config', <WMCore.Configuration.Configuration object at 0x7f68dfac2b50>]
DEBUG 2021-06-16 13:14:27.793 UTC: 	 CRABClient version: v3.210610
DEBUG 2021-06-16 13:14:27.793 UTC: 	 Instance is prod
DEBUG 2021-06-16 13:14:27.793 UTC: 	 Server base url is cmsweb.cern.ch
DEBUG 2021-06-16 13:14:27.793 UTC: 	 Command api workflow
DEBUG 2021-06-16 13:14:27.793 UTC: 	 Started submission
DEBUG 2021-06-16 13:14:27.794 UTC: 	 Working on /afs/cern.ch/work/a/achhetri/NANO_AOD/CMSSW_10_6_8/src/WTopScalefactorProducer/Skimmer/NANOcrab/crab_Tprime_v5_NANo_AOD_106X/crab_DYJetsToLL_M-50_HT-400to600_v2
DEBUG 2021-06-16 13:14:27.863 UTC: 	 Loading required information from the environment
DEBUG 2021-06-16 13:14:27.864 UTC: 	 Found CMSSW_10_6_8 for slc7_amd64_gcc700 with base /afs/cern.ch/work/a/achhetri/NANO_AOD/CMSSW_10_6_8
DEBUG 2021-06-16 13:14:27.864 UTC: 	 Loading required information from the environment
DEBUG 2021-06-16 13:14:27.864 UTC: 	 Found CMSSW_10_6_8 for slc7_amd64_gcc700 with base /afs/cern.ch/work/a/achhetri/NANO_AOD/CMSSW_10_6_8
DEBUG 2021-06-16 13:14:27.864 UTC: 	 UNIQUE NAME: tarUUID 82927457-73b0-462b-8f9e-ba423e113868 
DEBUG 2021-06-16 13:14:27.864 UTC: 	 self.config: from WMCore.Configuration import Configuration
config = Configuration()
config.section_('General')
config.General.transferLogs = True
config.General.workArea = 'crab_Tprime_v5_NANo_AOD_106X'
config.General.requestName = 'DYJetsToLL_M-50_HT-400to600_v2'
config.section_('JobType')
config.JobType.scriptExe = 'crab_script_Tprime.sh'
config.JobType.pluginName = 'Analysis'
config.JobType.sendPythonFolder = True
config.JobType.allowUndistributedCMSSW = True
config.JobType.psetName = 'PSet.py'
config.JobType.inputFiles = ['TprimeBToTH_LH_RunIISummer19UL16_Skimmer.py', 'keep_and_drop_v1.txt', '../../../PhysicsTools/NanoAODTools/scripts/haddnano.py']
config.section_('Data')
config.Data.inputDataset = '/DYJetsToLL_M-50_HT-400to600_TuneCP5_PSweights_13TeV-madgraphMLM-pythia8/RunIISummer20UL17NanoAODv2-106X_mc2017_realistic_v8-v1/NANOAODSIM'
config.Data.outputDatasetTag = 'DYJetsToLL_M-50_HT-400to600_v2'
config.Data.publication = False
config.Data.unitsPerJob = 1
config.Data.inputDBS = 'global'
config.Data.splitting = 'FileBased'
config.Data.outLFNDirBase = '/store/user/achhetri/Tprime_v5_NANo_AOD_106X'
config.Data.totalUnits = 6
config.section_('Site')
config.Site.storageSite = 'T3_CH_CERNBOX'
config.section_('User')
config.section_('Debug')

DEBUG 2021-06-16 13:14:27.864 UTC: 	 self.config.JobType.psetName: PSet.py
INFO 2021-06-16 13:14:27.865 UTC: 	 Importing CMSSW configuration PSet.py
INFO 2021-06-16 13:14:27.865 UTC: 	 Finished importing CMSSW configuration PSet.py
DEBUG 2021-06-16 13:14:27.865 UTC: 	 Writing CMSSW configuration to /afs/cern.ch/work/a/achhetri/NANO_AOD/CMSSW_10_6_8/src/WTopScalefactorProducer/Skimmer/NANOcrab/crab_Tprime_v5_NANo_AOD_106X/crab_DYJetsToLL_M-50_HT-400to600_v2/inputs/PSet.py
DEBUG 2021-06-16 13:14:29.603 UTC: 	 The following EDM output files will be collected: ['tree.root']
DEBUG 2021-06-16 13:14:29.603 UTC: 	 The following TFile output files will be collected: []
DEBUG 2021-06-16 13:14:29.603 UTC: 	 The following user output files (not listed as PoolOuputModule or TFileService in the CMSSW PSet) will be collected: 
DEBUG 2021-06-16 13:14:29.603 UTC: 	 Loading required information from the environment
DEBUG 2021-06-16 13:14:29.604 UTC: 	 Found CMSSW_10_6_8 for slc7_amd64_gcc700 with base /afs/cern.ch/work/a/achhetri/NANO_AOD/CMSSW_10_6_8
DEBUG 2021-06-16 13:14:29.604 UTC: 	 Making tarball in /afs/cern.ch/work/a/achhetri/NANO_AOD/CMSSW_10_6_8/src/WTopScalefactorProducer/Skimmer/NANOcrab/crab_Tprime_v5_NANo_AOD_106X/crab_DYJetsToLL_M-50_HT-400to600_v2/inputs/82927457-73b0-462b-8f9e-ba423e113868default.tgz
DEBUG 2021-06-16 13:14:29.605 UTC: 	 Checking directory /afs/cern.ch/work/a/achhetri/NANO_AOD/CMSSW_10_6_8/lib
DEBUG 2021-06-16 13:14:29.605 UTC: 	 Adding directory /afs/cern.ch/work/a/achhetri/NANO_AOD/CMSSW_10_6_8/lib to tarball
DEBUG 2021-06-16 13:14:35.052 UTC: 	 Checking directory /afs/cern.ch/work/a/achhetri/NANO_AOD/CMSSW_10_6_8/biglib
DEBUG 2021-06-16 13:14:35.052 UTC: 	 Adding directory /afs/cern.ch/work/a/achhetri/NANO_AOD/CMSSW_10_6_8/biglib to tarball
DEBUG 2021-06-16 13:14:35.053 UTC: 	 Checking directory /afs/cern.ch/work/a/achhetri/NANO_AOD/CMSSW_10_6_8/module
DEBUG 2021-06-16 13:14:35.053 UTC: 	 Checking directory /afs/cern.ch/work/a/achhetri/NANO_AOD/CMSSW_10_6_8/python
DEBUG 2021-06-16 13:14:35.053 UTC: 	 Adding directory /afs/cern.ch/work/a/achhetri/NANO_AOD/CMSSW_10_6_8/python to tarball
DEBUG 2021-06-16 13:14:49.471 UTC: 	 Checking directory /afs/cern.ch/work/a/achhetri/NANO_AOD/CMSSW_10_6_8/cfipython
DEBUG 2021-06-16 13:14:49.471 UTC: 	 Adding directory /afs/cern.ch/work/a/achhetri/NANO_AOD/CMSSW_10_6_8/cfipython to tarball
DEBUG 2021-06-16 13:14:49.604 UTC: 	 Adding data directory /afs/cern.ch/work/a/achhetri/NANO_AOD/CMSSW_10_6_8/src/PhysicsTools/NanoAODTools/data to tarball
DEBUG 2021-06-16 13:15:12.965 UTC: 	 Adding data directory /afs/cern.ch/work/a/achhetri/NANO_AOD/CMSSW_10_6_8/src/PhysicsTools/NanoAODTools/interface to tarball
DEBUG 2021-06-16 13:15:12.981 UTC: 	 Adding data directory /afs/cern.ch/work/a/achhetri/NANO_AOD/CMSSW_10_6_8/src/PhysicsTools/NanoAODTools/python/postprocessing/data to tarball
DEBUG 2021-06-16 13:15:16.371 UTC: 	 Adding file TprimeBToTH_LH_RunIISummer19UL16_Skimmer.py to tarball
DEBUG 2021-06-16 13:15:16.373 UTC: 	 Adding file keep_and_drop_v1.txt to tarball
DEBUG 2021-06-16 13:15:16.375 UTC: 	 Adding file ../../../PhysicsTools/NanoAODTools/scripts/haddnano.py to tarball
DEBUG 2021-06-16 13:15:19.722 UTC: 	 Uploading archive /afs/cern.ch/work/a/achhetri/NANO_AOD/CMSSW_10_6_8/src/WTopScalefactorProducer/Skimmer/NANOcrab/crab_Tprime_v5_NANo_AOD_106X/crab_DYJetsToLL_M-50_HT-400to600_v2/inputs/82927457-73b0-462b-8f9e-ba423e113868default.tgz (55 MB) to the CRAB cache. Using URI https://cmsweb-prod.cern.ch:8443/crabcache
DEBUG 2021-06-16 13:15:59.188 UTC: 	 Successfully uploaded tarball to S3 as well
DEBUG 2021-06-16 13:15:59.355 UTC: 	 Report of S3 upload stored on CrabCache as S3-210616_131559.027:s3report.json
DEBUG 2021-06-16 13:15:59.355 UTC: 	 Loading required information from the environment
DEBUG 2021-06-16 13:15:59.355 UTC: 	 Found CMSSW_10_6_8 for slc7_amd64_gcc700 with base /afs/cern.ch/work/a/achhetri/NANO_AOD/CMSSW_10_6_8
DEBUG 2021-06-16 13:15:59.355 UTC: 	 Making tarball in /afs/cern.ch/work/a/achhetri/NANO_AOD/CMSSW_10_6_8/src/WTopScalefactorProducer/Skimmer/NANOcrab/crab_Tprime_v5_NANo_AOD_106X/crab_DYJetsToLL_M-50_HT-400to600_v2/inputs/debugFiles.tgz
DEBUG 2021-06-16 13:15:59.403 UTC: 	 Uploading archive /afs/cern.ch/work/a/achhetri/NANO_AOD/CMSSW_10_6_8/src/WTopScalefactorProducer/Skimmer/NANOcrab/crab_Tprime_v5_NANo_AOD_106X/crab_DYJetsToLL_M-50_HT-400to600_v2/inputs/debugFiles.tgz (1 KB) to the CRAB cache. Using URI https://cmsweb-prod.cern.ch:8443/crabcache
DEBUG 2021-06-16 13:16:00.793 UTC: 	 Successfully uploaded tarball to S3 as well
DEBUG 2021-06-16 13:16:00.976 UTC: 	 Report of S3 upload stored on CrabCache as S3-210616_131559.618:s3report.json
DEBUG 2021-06-16 13:16:00.976 UTC: 	 Result uploading input files: dbb62c6e90d539c01b7361da7edd336f9b47ae6a13b3065aa8bb1bf2bea5890d.tar.gz 
INFO 2021-06-16 13:16:00.977 UTC: 	 Sending the request to the server at cmsweb.cern.ch
DEBUG 2021-06-16 13:16:00.978 UTC: 	 Submitting {'maxjobruntime': 1250, 'extrajdl': [], 'lfn': '/store/user/achhetri/Tprime_v5_NANo_AOD_106X', 'savelogsflag': 1, 'useparent': 0, 'scriptexe': 'crab_script_Tprime.sh', 'asyncdest': 'T3_CH_CERNBOX', 'algoargs': 1, 'cachefilename': 'dbb62c6e90d539c01b7361da7edd336f9b47ae6a13b3065aa8bb1bf2bea5890d.tar.gz', 'numcores': 1, 'addoutputfiles': [], 'generator': 'pythia', 'maxmemory': 2000, 'publishdbsurl': 'https://cmsweb.cern.ch/dbs/prod/phys03/DBSWriter', 'priority': 10, 'jobsw': 'CMSSW_10_6_8', 'edmoutfiles': ['tree.root'], 'userfiles': [], 'primarydataset': '', 'inputdata': '/DYJetsToLL_M-50_HT-400to600_TuneCP5_PSweights_13TeV-madgraphMLM-pythia8/RunIISummer20UL17NanoAODv2-106X_mc2017_realistic_v8-v1/NANOAODSIM', 'ignorelocality': 0, 'dryrun': 0, 'workflow': 'crab_DYJetsToLL_M-50_HT-400to600_v2', 'cacheurl': u'https://cmsweb-prod.cern.ch:8443/crabcache', 'nonprodsw': 1, 'tfileoutfiles': [], 'oneEventMode': 0, 'debugfilename': '76c01feda466229d78ccad40632768c69fa58ed139c56bbd1db69ad396c6a87b.tar.gz', 'saveoutput': 1, 'publication': 0, 'jobarch': 'slc7_amd64_gcc700', 'totalunits': 6, 'splitalgo': 'FileBased', 'ignoreglobalblacklist': 0, 'nonvaliddata': 0, 'dbsurl': 'https://cmsweb.cern.ch/dbs/prod/global/DBSReader', 'publishgroupname': 0, 'jobtype': 'Analysis', 'publishname2': 'DYJetsToLL_M-50_HT-400to600_v2'} 
DEBUG 2021-06-16 13:16:00.978 UTC: 	 Encoded submit request: maxjobruntime=1250&lfn=%2Fstore%2Fuser%2Fachhetri%2FTprime_v5_NANo_AOD_106X&savelogsflag=1&useparent=0&scriptexe=crab_script_Tprime.sh&asyncdest=T3_CH_CERNBOX&algoargs=1&cachefilename=dbb62c6e90d539c01b7361da7edd336f9b47ae6a13b3065aa8bb1bf2bea5890d.tar.gz&numcores=1&generator=pythia&maxmemory=2000&publishdbsurl=https%3A%2F%2Fcmsweb.cern.ch%2Fdbs%2Fprod%2Fphys03%2FDBSWriter&priority=10&jobsw=CMSSW_10_6_8&primarydataset=&inputdata=%2FDYJetsToLL_M-50_HT-400to600_TuneCP5_PSweights_13TeV-madgraphMLM-pythia8%2FRunIISummer20UL17NanoAODv2-106X_mc2017_realistic_v8-v1%2FNANOAODSIM&ignorelocality=0&dryrun=0&workflow=crab_DYJetsToLL_M-50_HT-400to600_v2&cacheurl=https%3A%2F%2Fcmsweb-prod.cern.ch%3A8443%2Fcrabcache&nonprodsw=1&oneEventMode=0&debugfilename=76c01feda466229d78ccad40632768c69fa58ed139c56bbd1db69ad396c6a87b.tar.gz&saveoutput=1&publication=0&jobarch=slc7_amd64_gcc700&totalunits=6&splitalgo=FileBased&ignoreglobalblacklist=0&nonvaliddata=0&dbsurl=https%3A%2F%2Fcmsweb.cern.ch%2Fdbs%2Fprod%2Fglobal%2FDBSReader&publishgroupname=0&jobtype=Analysis&publishname2=DYJetsToLL_M-50_HT-400to600_v2&edmoutfiles=tree.root
DEBUG 2021-06-16 13:16:01.098 UTC: 	 Result: {u'result': [{u'RequestName': u'210616_131601:achhetri_crab_DYJetsToLL_M-50_HT-400to600_v2'}]}
INFO 2021-06-16 13:16:01.114 UTC: 	 Success: Your task has been delivered to the prod CRAB3 server.
INFO 2021-06-16 13:16:01.114 UTC: 	 Task name: 210616_131601:achhetri_crab_DYJetsToLL_M-50_HT-400to600_v2
INFO 2021-06-16 13:16:01.114 UTC: 	 Project dir: crab_Tprime_v5_NANo_AOD_106X/crab_DYJetsToLL_M-50_HT-400to600_v2
INFO 2021-06-16 13:16:01.115 UTC: 	 Please use ' crab status -d crab_Tprime_v5_NANo_AOD_106X/crab_DYJetsToLL_M-50_HT-400to600_v2 ' to check how the submission process proceeds.
DEBUG 2021-06-16 13:16:01.115 UTC: 	 About to return
DEBUG 2021-06-17 10:06:36.929 UTC: 	 CRAB Client version: v3.210610
DEBUG 2021-06-17 10:06:36.930 UTC: 	 Running on: Linux lxplus727.cern.ch 3.10.0-1160.25.1.el7.x86_64 #1 SMP Wed Apr 28 21:49:45 UTC 2021 x86_64 x86_64 x86_64 GNU/Linux - CentOS Linux 7 (Core)
DEBUG 2021-06-17 10:06:36.930 UTC: 	 Executing command: 'status'
DEBUG 2021-06-17 10:06:36.930 UTC: 	 Found CRAB cache file /afs/cern.ch/user/a/achhetri/.crab3
DEBUG 2021-06-17 10:06:37.274 UTC: 	 Checking credentials
DEBUG 2021-06-17 10:06:37.274 UTC: 	 Found proxy file /tmp/x509up_u94350
DEBUG 2021-06-17 10:06:37.275 UTC: 	 Getting proxy life time left
DEBUG 2021-06-17 10:06:37.981 UTC: 	 Executing : 
 command : voms-proxy-info -file /tmp/x509up_u94350 -timeleft
 output : 690917

 error: 
 retcode : 0
DEBUG 2021-06-17 10:06:38.587 UTC: 	 Executing : 
 command : voms-proxy-info -file /tmp/x509up_u94350 -actimeleft
 output : 690916

 error: 
 retcode : 0
DEBUG 2021-06-17 10:06:38.588 UTC: 	 Proxy lifetime 690917 secs is different from voms extension lifetime 690916 secs for proxy: /tmp/x509up_u94350
DEBUG 2021-06-17 10:06:38.588 UTC: 	 Proxy valid for 191:55:16 hours
DEBUG 2021-06-17 10:06:38.705 UTC: 	 Registering user credentials for server /DC=ch/DC=cern/OU=computers/CN=crab-(preprod|prod|dev)-tw(02|01).cern.ch|/DC=ch/DC=cern/OU=computers/CN=(ddi|ddidk|mytw).cern.ch|/DC=ch/DC=cern/OU=computers/CN=stefanov(m|m2).cern.ch
DEBUG 2021-06-17 10:06:39.319 UTC: 	 Executing : 
 command : voms-proxy-info -file /tmp/x509up_u94350 -identity
 output : /DC=ch/DC=cern/OU=Organic Units/OU=Users/CN=achhetri/CN=804540/CN=Arjun Chhetri

 error: 
 retcode : 0
DEBUG 2021-06-17 10:06:39.327 UTC: 	 Getting myproxy life time left for myproxy.cern.ch
DEBUG 2021-06-17 10:06:39.327 UTC: 	 using eb0e67adc2dd9eb1770413a4ffd073f562b86f05 as credential login name
DEBUG 2021-06-17 10:06:39.732 UTC: 	 Executing : 
 command : myproxy-info -l eb0e67adc2dd9eb1770413a4ffd073f562b86f05 -s myproxy.cern.ch
 output : username: eb0e67adc2dd9eb1770413a4ffd073f562b86f05
owner: /DC=ch/DC=cern/OU=Organic Units/OU=Users/CN=achhetri/CN=804540/CN=Arjun Chhetri
  renewal policy: /DC=ch/DC=cern/OU=computers/CN=vocms0105.cern.ch|/DC=ch/DC=cern/OU=computers/CN=crab-(preprod|prod|dev)-tw(02|01).cern.ch|/DC=ch/DC=cern/OU=computers/CN=(ddi|ddidk|mytw).cern.ch|/DC=ch/DC=cern/OU=computers/CN=stefanov(m|m2).cern.ch
  trusted retrieval policy: /DC=ch/DC=cern/OU=computers/CN=vocms0105.cern.ch|/DC=ch/DC=cern/OU=computers/CN=crab-(preprod|prod|dev)-tw(02|01).cern.ch|/DC=ch/DC=cern/OU=computers/CN=(ddi|ddidk|mytw).cern.ch|/DC=ch/DC=cern/OU=computers/CN=stefanov(m|m2).cern.ch
  timeleft: 0:00:00

 error: 
 retcode : 0
DEBUG 2021-06-17 10:06:39.733 UTC: 	 Myproxy is valid: 0
DEBUG 2021-06-17 10:06:39.838 UTC: 	 Executing : 
 command : openssl x509 -noout -in ~/.globus/usercert.pem -dates
 output : notBefore=Nov 11 12:18:59 2020 GMT
notAfter=Dec 16 12:18:59 2021 GMT

 error: 
 retcode : 0
DEBUG 2021-06-17 10:06:39.845 UTC: 	 Delegating a myproxy for 720:00 hours
DEBUG 2021-06-17 10:06:39.845 UTC: 	 using eb0e67adc2dd9eb1770413a4ffd073f562b86f05 as credential login name
DEBUG 2021-06-17 10:06:39.950 UTC: 	 Executing : 
 command : export GT_PROXY_MODE=rfc ; myproxy-init -d -n -s myproxy.cern.ch -x -R '/DC=ch/DC=cern/OU=computers/CN=crab-(preprod|prod|dev)-tw(02|01).cern.ch|/DC=ch/DC=cern/OU=computers/CN=(ddi|ddidk|mytw).cern.ch|/DC=ch/DC=cern/OU=computers/CN=stefanov(m|m2).cern.ch' -x -Z '/DC=ch/DC=cern/OU=computers/CN=crab-(preprod|prod|dev)-tw(02|01).cern.ch|/DC=ch/DC=cern/OU=computers/CN=(ddi|ddidk|mytw).cern.ch|/DC=ch/DC=cern/OU=computers/CN=stefanov(m|m2).cern.ch' -l 'eb0e67adc2dd9eb1770413a4ffd073f562b86f05' -t 168:00 -c 720:00
 output : Your identity: /DC=ch/DC=cern/OU=Organic Units/OU=Users/CN=achhetri/CN=804540/CN=Arjun Chhetri

 error: Error: Couldn't read user key in /afs/cern.ch/user/a/achhetri/.globus/userkey.pem.
Use -debug for further information.
grid-proxy-init failed

 retcode : 1
DEBUG 2021-06-17 10:06:39.950 UTC: 	 using eb0e67adc2dd9eb1770413a4ffd073f562b86f05 as credential login name
DEBUG 2021-06-17 10:06:40.356 UTC: 	 Executing : 
 command : myproxy-info -l eb0e67adc2dd9eb1770413a4ffd073f562b86f05 -s myproxy.cern.ch
 output : username: eb0e67adc2dd9eb1770413a4ffd073f562b86f05
owner: /DC=ch/DC=cern/OU=Organic Units/OU=Users/CN=achhetri/CN=804540/CN=Arjun Chhetri
  renewal policy: /DC=ch/DC=cern/OU=computers/CN=vocms0105.cern.ch|/DC=ch/DC=cern/OU=computers/CN=crab-(preprod|prod|dev)-tw(02|01).cern.ch|/DC=ch/DC=cern/OU=computers/CN=(ddi|ddidk|mytw).cern.ch|/DC=ch/DC=cern/OU=computers/CN=stefanov(m|m2).cern.ch
  trusted retrieval policy: /DC=ch/DC=cern/OU=computers/CN=vocms0105.cern.ch|/DC=ch/DC=cern/OU=computers/CN=crab-(preprod|prod|dev)-tw(02|01).cern.ch|/DC=ch/DC=cern/OU=computers/CN=(ddi|ddidk|mytw).cern.ch|/DC=ch/DC=cern/OU=computers/CN=stefanov(m|m2).cern.ch
  timeleft: 0:00:00

 error: 
 retcode : 0
DEBUG 2021-06-17 10:06:40.356 UTC: 	 Retrieving username ...
DEBUG 2021-06-17 10:06:40.356 UTC: 	 Retrieving username from CRIC...
DEBUG 2021-06-17 10:06:41.147 UTC: 	 username is achhetri
DEBUG 2021-06-17 10:06:41.153 UTC: 	 Getting myproxy life time left for myproxy.cern.ch
DEBUG 2021-06-17 10:06:41.153 UTC: 	 using achhetri_CRAB as credential login name
DEBUG 2021-06-17 10:06:41.558 UTC: 	 Executing : 
 command : myproxy-info -l achhetri_CRAB -s myproxy.cern.ch
 output : username: achhetri_CRAB
owner: /DC=ch/DC=cern/OU=Organic Units/OU=Users/CN=achhetri/CN=804540/CN=Arjun Chhetri
  renewal policy: /DC=ch/DC=cern/OU=computers/CN=crab-(preprod|prod|dev)-tw(02|01).cern.ch|/DC=ch/DC=cern/OU=computers/CN=(ddi|ddidk|mytw).cern.ch|/DC=ch/DC=cern/OU=computers/CN=stefanov(m|m2).cern.ch
  trusted retrieval policy: /DC=ch/DC=cern/OU=computers/CN=crab-(preprod|prod|dev)-tw(02|01).cern.ch|/DC=ch/DC=cern/OU=computers/CN=(ddi|ddidk|mytw).cern.ch|/DC=ch/DC=cern/OU=computers/CN=stefanov(m|m2).cern.ch
  timeleft: 699:01:37  (29.1 days)

 error: 
 retcode : 0
DEBUG 2021-06-17 10:06:41.559 UTC: 	 Myproxy is valid: 2516497
DEBUG 2021-06-17 10:06:41.559 UTC: 	 Result of myproxy credential check:
  Error trying to create credential:
 Problems delegating My-proxy. It seems your proxy has not been delegated to myproxy. Please check the logfile for the exact error (Maybe you simply typed a wrong password)
  Credential exists on myproxy: username: achhetri_CRAB  - validity: 29 days, 3:01:37
DEBUG 2021-06-17 10:06:41.560 UTC: 	 Command use: status
DEBUG 2021-06-17 10:06:41.560 UTC: 	 Options use: ['-d', 'crab_DYJetsToLL_M-50_HT-400to600_v2/']
DEBUG 2021-06-17 10:06:41.668 UTC: 	 CRABClient version: v3.210610
DEBUG 2021-06-17 10:06:41.668 UTC: 	 Instance is prod
DEBUG 2021-06-17 10:06:41.668 UTC: 	 Server base url is cmsweb.cern.ch
DEBUG 2021-06-17 10:06:41.668 UTC: 	 Command api workflow
DEBUG 2021-06-17 10:06:41.777 UTC: 	 Got information from server oracle database: {u'result': [u'210616_131601:achhetri_crab_DYJetsToLL_M-50_HT-400to600_v2', u'None', u'None', u'SUBMITTED', u'SUBMIT', u'2021-06-16 13:16:01.089423', u'None', u'2021-06-16 13:17:01.128971', u'None', u'CMSSW_10_6_8', u'slc7_amd64_gcc700', u'/DYJetsToLL_M-50_HT-400to600_TuneCP5_PSweights_13TeV-madgraphMLM-pythia8/RunIISummer20UL17NanoAODv2-106X_mc2017_realistic_v8-v1/NANOAODSIM', u'F', u'0', u'[]', u'[]', u'FileBased', u"{'splitOnRun': False, 'halt_job_on_file_boundaries': False, 'files_per_job': 1, 'runs': [], 'lumis': []}", u'dbb62c6e90d539c01b7361da7edd336f9b47ae6a13b3065aa8bb1bf2bea5890d.tar.gz', u'https://cmsweb-prod.cern.ch:8443/crabcache', u'achhetri', u'/DC=ch/DC=cern/OU=Organic Units/OU=Users/CN=achhetri/CN=804540/CN=Arjun Chhetri', u'cms', u'None', u'None', u'DYJetsToLL_M-50_HT-400to600_v2-00000000000000000000000000000000', u'F', u'T3_CH_CERNBOX', u'https://cmsweb.cern.ch/dbs/prod/global/DBSReader', u'https://cmsweb.cern.ch/dbs/prod/phys03/DBSWriter', u'F', u'[]', u'[]', u"[b'tree.root']", u'Analysis', u'pythia', u'None', u'{}', u'[]', u'T', u'crab-prod-tw01', u'[]', u'1250', u'1', u'2000', u'10', u"[b'/DYJetsToLL_M-50_HT-400to600_TuneCP5_PSweights_13TeV-madgraphMLM-pythia8/achhetri-DYJetsToLL_M-50_HT-400to600_v2-5d8f93ee2ba2db6b402c7167473e2950/USER']", u'[]', u'http://vocms0107.cern.ch/mon/cms341/210616_131601:achhetri_crab_DYJetsToLL_M-50_HT-400to600_v2', u'crab_script_Tprime.sh', u'[]', u'[]', u'https://cmsweb.cern.ch/crabserver/prod', u'cmsgwms-collector-global.cern.ch:9620,cmsgwms-collector-global.fnal.gov:9620', u'crab3@vocms0107.cern.ch', u'F', u'[]', u'T', u'/store/user/achhetri/Tprime_v5_NANo_AOD_106X', u'F', u'None', u'F', u'None', u'DYJetsToLL_M-50_HT-400to600_TuneCP5_PSweights_13TeV-madgraphMLM-pythia8', u'None', u'76c01feda466229d78ccad40632768c69fa58ed139c56bbd1db69ad396c6a87b.tar.gz', u'68438831', u'filetransfers', u'F', u'137.138.120.6', u'6.0', u'None'], u'desc': {u'columns': [u'tm_taskname', u'tm_activity', u'panda_jobset_id', u'tm_task_status', u'tm_task_command', u'tm_start_time', u'tm_start_injection', u'tm_end_injection', u'tm_task_failure', u'tm_job_sw', u'tm_job_arch', u'tm_input_dataset', u'tm_nonvalid_input_dataset', u'tm_use_parent', u'tm_site_whitelist', u'tm_site_blacklist', u'tm_split_algo', u'tm_split_args', u'tm_user_sandbox', u'tm_cache_url', u'tm_username', u'tm_user_dn', u'tm_user_vo', u'tm_user_role', u'tm_user_group', u'tm_publish_name', u'tm_publish_groupname', u'tm_asyncdest', u'tm_dbs_url', u'tm_publish_dbs_url', u'tm_publication', u'tm_outfiles', u'tm_tfile_outfiles', u'tm_edm_outfiles', u'tm_job_type', u'tm_generator', u'tm_events_per_lumi', u'tm_arguments', u'panda_resubmitted_jobs', u'tm_save_logs', u'tw_name', u'tm_user_infiles', u'tm_maxjobruntime', u'tm_numcores', u'tm_maxmemory', u'tm_priority', u'tm_output_dataset', u'tm_task_warnings', u'tm_user_webdir', u'tm_scriptexe', u'tm_scriptargs', u'tm_extrajdl', u'tm_asourl', u'tm_collector', u'tm_schedd', u'tm_dry_run', u'tm_user_files', u'tm_transfer_outputs', u'tm_output_lfn', u'tm_ignore_locality', u'tm_fail_limit', u'tm_one_event_mode', u'tm_secondary_input_dataset', u'tm_primary_dataset', u'tm_last_publication', u'tm_debug_files', u'clusterid', u'tm_asodb', u'tm_ignore_global_blacklist', u'tm_submitter_ip_addr', u'tm_totalunits', u'tm_ddm_reqid']}}
INFO 2021-06-17 10:06:41.778 UTC: 	 CRAB project directory:		/afs/cern.ch/work/a/achhetri/NANO_AOD/CMSSW_10_6_8/src/WTopScalefactorProducer/Skimmer/NANOcrab/crab_Tprime_v5_NANo_AOD_106X/crab_DYJetsToLL_M-50_HT-400to600_v2
INFO 2021-06-17 10:06:41.778 UTC: 	 Task name:			210616_131601:achhetri_crab_DYJetsToLL_M-50_HT-400to600_v2
INFO 2021-06-17 10:06:41.778 UTC: 	 Grid scheduler - Task Worker:	crab3@vocms0107.cern.ch - crab-prod-tw01
INFO 2021-06-17 10:06:41.778 UTC: 	 Status on the CRAB server:	SUBMITTED
INFO 2021-06-17 10:06:41.778 UTC: 	 Task URL to use for HELP:	https://cmsweb.cern.ch/crabserver/ui/task/210616_131601%3Aachhetri_crab_DYJetsToLL_M-50_HT-400to600_v2
INFO 2021-06-17 10:06:41.779 UTC: 	 Dashboard monitoring URL:	https://monit-grafana.cern.ch/d/cmsTMDetail/cms-task-monitoring-task-view?orgId=11&var-user=achhetri&var-task=210616_131601%3Aachhetri_crab_DYJetsToLL_M-50_HT-400to600_v2&from=1623845761000&to=now
DEBUG 2021-06-17 10:06:41.780 UTC: 	 The CRAB server submitted your task to the Grid scheduler (cluster ID: 68438831)
DEBUG 2021-06-17 10:06:41.780 UTC: 	 Webdir is located at http://vocms0107.cern.ch/mon/cms341/210616_131601:achhetri_crab_DYJetsToLL_M-50_HT-400to600_v2
DEBUG 2021-06-17 10:06:41.992 UTC: 	 Proxied webdir is located at https://cmsweb.cern.ch:8443/scheddmon/0107/cms341/210616_131601:achhetri_crab_DYJetsToLL_M-50_HT-400to600_v2
DEBUG 2021-06-17 10:06:41.992 UTC: 	 Retrieving 'status_cache' file from https://cmsweb.cern.ch:8443/scheddmon/0107/cms341/210616_131601:achhetri_crab_DYJetsToLL_M-50_HT-400to600_v2/status_cache
DEBUG 2021-06-17 10:06:42.031 UTC: 	 Got information from status cache file: {'1': {'Retries': 0, 'WallDurations': [10.0, 253.98477506637573, 3708.0], 'StartTimes': [1623849541.0], 'SubmitTimes': [1623849434.0], 'JobIds': ['68438834.0'], 'EndTimes': [1623853249.0], 'Restarts': 0, 'RecordedSite': True, 'State': 'finished', 'ResidentSetSize': [573012], 'TotalUserCpuTimeHistory': [3337], 'SiteHistory': ['Unknown', 'T2_US_Nebraska', 'T2_US_Nebraska'], 'TotalSysCpuTimeHistory': [273]}, '3': {'Retries': 0, 'WallDurations': [9.0, 261.98477506637573, 51392.0], 'StartTimes': [1623849533.0], 'SubmitTimes': [1623849434.0], 'JobIds': ['68438835.0'], 'EndTimes': [1623900925.0], 'Restarts': 0, 'RecordedSite': True, 'State': 'finished', 'ResidentSetSize': [781536], 'TotalUserCpuTimeHistory': [48187], 'SiteHistory': ['Unknown', 'T2_US_Nebraska', 'T2_US_Nebraska'], 'TotalSysCpuTimeHistory': [1690]}, '2': {'Retries': 0, 'WallDurations': [8.0, 150.98477506637573, 45330.0], 'StartTimes': [1623849644.0], 'SubmitTimes': [1623849434.0], 'JobIds': ['68438836.0'], 'EndTimes': [1623894974.0], 'Restarts': 0, 'RecordedSite': True, 'State': 'finished', 'ResidentSetSize': [670636], 'TotalUserCpuTimeHistory': [41330], 'SiteHistory': ['Unknown', 'T2_CH_CERN', 'T2_CH_CERN'], 'TotalSysCpuTimeHistory': [2477]}, '5': {'Retries': 0, 'WallDurations': [10.0, 251.98477506637573, 36976.0], 'StartTimes': [1623849543.0], 'SubmitTimes': [1623849434.0], 'JobIds': ['68438838.0'], 'EndTimes': [1623886519.0], 'Restarts': 0, 'RecordedSite': True, 'State': 'finished', 'ResidentSetSize': [665764], 'TotalUserCpuTimeHistory': [33630], 'SiteHistory': ['Unknown', 'T2_US_Nebraska', 'T2_US_Nebraska'], 'TotalSysCpuTimeHistory': [2675]}, '4': {'Retries': 0, 'WallDurations': [9.0, 255.98477506637573, 60985.0], 'StartTimes': [1623849539.0], 'SubmitTimes': [1623849434.0], 'JobIds': ['68438837.0'], 'EndTimes': [1623910524.0], 'Restarts': 0, 'RecordedSite': True, 'State': 'finished', 'ResidentSetSize': [642260], 'TotalUserCpuTimeHistory': [55979], 'SiteHistory': ['Unknown', 'T2_US_Nebraska', 'T2_US_Nebraska'], 'TotalSysCpuTimeHistory': [4055]}, '6': {'Retries': 0, 'WallDurations': [9.0, 257.98477506637573, 59035.0], 'StartTimes': [1623849537.0], 'SubmitTimes': [1623849434.0], 'JobIds': ['68438839.0'], 'EndTimes': [1623908572.0], 'Restarts': 0, 'RecordedSite': True, 'State': 'finished', 'ResidentSetSize': [778024], 'TotalUserCpuTimeHistory': [55493], 'SiteHistory': ['Unknown', 'T2_US_Nebraska', 'T2_US_Nebraska'], 'TotalSysCpuTimeHistory': [2387]}}
INFO 2021-06-17 10:06:42.031 UTC: 	 Status on the scheduler:	COMPLETED
INFO 2021-06-17 10:06:42.031 UTC: 	 
Jobs status:                    finished     		100.0% (6/6)
INFO 2021-06-17 10:06:42.031 UTC: 	 
No publication information (publication has been disabled in the CRAB configuration file)
INFO 2021-06-17 10:06:42.031 UTC: 	 
Summary of run jobs:
 * Memory: 559MB min, 763MB max, 669MB ave
 * Runtime: 1:01:48 min, 16:56:25 max, 11:55:04 ave
 * CPU eff: 97% min, 98% max, 98% ave
 * Waste: 0:24:47 (1% of total)

INFO 2021-06-17 10:06:42.062 UTC: 	 Log file is /afs/cern.ch/work/a/achhetri/NANO_AOD/CMSSW_10_6_8/src/WTopScalefactorProducer/Skimmer/NANOcrab/crab_Tprime_v5_NANo_AOD_106X/crab_DYJetsToLL_M-50_HT-400to600_v2/crab.log
