DEBUG 2021-03-10 18:12:29.386 UTC: 	 CRAB Client version: v3.201110
DEBUG 2021-03-10 18:12:29.386 UTC: 	 Running on: Linux lxplus719.cern.ch 3.10.0-1160.15.2.el7.x86_64 #1 SMP Wed Feb 3 15:06:38 UTC 2021 x86_64 x86_64 x86_64 GNU/Linux - CentOS Linux 7 (Core)
DEBUG 2021-03-10 18:12:29.386 UTC: 	 Executing command: 'submit'
DEBUG 2021-03-10 18:12:29.386 UTC: 	 Found CRAB cache file /afs/cern.ch/user/a/achhetri/.crab3
DEBUG 2021-03-10 18:12:29.388 UTC: 	 Will use CRAB Analysis plugin (i.e. will run an analysis job type).
DEBUG 2021-03-10 18:12:29.457 UTC: 	 Checking credentials
DEBUG 2021-03-10 18:12:29.457 UTC: 	 Found proxy file /afs/cern.ch/user/a/achhetri/x509up_u94350
DEBUG 2021-03-10 18:12:29.458 UTC: 	 Getting proxy life time left
DEBUG 2021-03-10 18:12:30.064 UTC: 	 Executing : 
 command : voms-proxy-info -file /afs/cern.ch/user/a/achhetri/x509up_u94350 -timeleft
 output : 668853

 error: 
 retcode : 0
DEBUG 2021-03-10 18:12:30.671 UTC: 	 Executing : 
 command : voms-proxy-info -file /afs/cern.ch/user/a/achhetri/x509up_u94350 -actimeleft
 output : 668852

 error: 
 retcode : 0
DEBUG 2021-03-10 18:12:30.672 UTC: 	 Proxy lifetime 668853 secs is different from voms extension lifetime 668852 secs for proxy: /afs/cern.ch/user/a/achhetri/x509up_u94350
DEBUG 2021-03-10 18:12:30.672 UTC: 	 Proxy valid for 185:47:32 hours
DEBUG 2021-03-10 18:12:31.278 UTC: 	 Executing : 
 command : env X509_USER_PROXY=/afs/cern.ch/user/a/achhetri/x509up_u94350 voms-proxy-info -fqan
 output : /cms/Role=NULL/Capability=NULL

 error: 
 retcode : 0
DEBUG 2021-03-10 18:12:31.338 UTC: 	 Registering user credentials for server /DC=ch/DC=cern/OU=computers/CN=vocms0105.cern.ch|/DC=ch/DC=cern/OU=computers/CN=crab-(preprod|prod|dev)-tw(02|01).cern.ch|/DC=ch/DC=cern/OU=computers/CN=(ddi|ddidk|mytw).cern.ch|/DC=ch/DC=cern/OU=computers/CN=stefanov(m|m2).cern.ch
DEBUG 2021-03-10 18:12:31.951 UTC: 	 Executing : 
 command : voms-proxy-info -file /afs/cern.ch/user/a/achhetri/x509up_u94350 -identity
 output : /DC=ch/DC=cern/OU=Organic Units/OU=Users/CN=achhetri/CN=804540/CN=Arjun Chhetri

 error: 
 retcode : 0
DEBUG 2021-03-10 18:12:31.962 UTC: 	 Getting myproxy life time left for myproxy.cern.ch
DEBUG 2021-03-10 18:12:31.962 UTC: 	 using eb0e67adc2dd9eb1770413a4ffd073f562b86f05 as credential login name
DEBUG 2021-03-10 18:12:32.267 UTC: 	 Executing : 
 command : myproxy-info -l eb0e67adc2dd9eb1770413a4ffd073f562b86f05 -s myproxy.cern.ch
 output : username: eb0e67adc2dd9eb1770413a4ffd073f562b86f05
owner: /DC=ch/DC=cern/OU=Organic Units/OU=Users/CN=achhetri/CN=804540/CN=Arjun Chhetri
  renewal policy: /DC=ch/DC=cern/OU=computers/CN=vocms0105.cern.ch|/DC=ch/DC=cern/OU=computers/CN=crab-(preprod|prod|dev)-tw(02|01).cern.ch|/DC=ch/DC=cern/OU=computers/CN=(ddi|ddidk|mytw).cern.ch|/DC=ch/DC=cern/OU=computers/CN=stefanov(m|m2).cern.ch
  trusted retrieval policy: /DC=ch/DC=cern/OU=computers/CN=vocms0105.cern.ch|/DC=ch/DC=cern/OU=computers/CN=crab-(preprod|prod|dev)-tw(02|01).cern.ch|/DC=ch/DC=cern/OU=computers/CN=(ddi|ddidk|mytw).cern.ch|/DC=ch/DC=cern/OU=computers/CN=stefanov(m|m2).cern.ch
  timeleft: 689:41:37  (28.7 days)

 error: 
 retcode : 0
DEBUG 2021-03-10 18:12:32.268 UTC: 	 Myproxy is valid: 2482897
DEBUG 2021-03-10 18:12:32.268 UTC: 	 Retrieving username ...
DEBUG 2021-03-10 18:12:32.268 UTC: 	 Retrieving username from CRIC...
DEBUG 2021-03-10 18:12:33.067 UTC: 	 username is achhetri
DEBUG 2021-03-10 18:12:33.076 UTC: 	 Getting myproxy life time left for myproxy.cern.ch
DEBUG 2021-03-10 18:12:33.076 UTC: 	 using achhetri_CRAB as credential login name
DEBUG 2021-03-10 18:12:33.382 UTC: 	 Executing : 
 command : myproxy-info -l achhetri_CRAB -s myproxy.cern.ch
 output : username: achhetri_CRAB
owner: /DC=ch/DC=cern/OU=Organic Units/OU=Users/CN=achhetri/CN=804540/CN=Arjun Chhetri
  renewal policy: /DC=ch/DC=cern/OU=computers/CN=vocms0105.cern.ch|/DC=ch/DC=cern/OU=computers/CN=crab-(preprod|prod|dev)-tw(02|01).cern.ch|/DC=ch/DC=cern/OU=computers/CN=(ddi|ddidk|mytw).cern.ch|/DC=ch/DC=cern/OU=computers/CN=stefanov(m|m2).cern.ch
  trusted retrieval policy: /DC=ch/DC=cern/OU=computers/CN=vocms0105.cern.ch|/DC=ch/DC=cern/OU=computers/CN=crab-(preprod|prod|dev)-tw(02|01).cern.ch|/DC=ch/DC=cern/OU=computers/CN=(ddi|ddidk|mytw).cern.ch|/DC=ch/DC=cern/OU=computers/CN=stefanov(m|m2).cern.ch
  timeleft: 326:39:07  (13.6 days)

 error: 
 retcode : 0
DEBUG 2021-03-10 18:12:33.383 UTC: 	 Myproxy is valid: 1175947
DEBUG 2021-03-10 18:12:33.489 UTC: 	 Executing : 
 command : openssl x509 -noout -in ~/.globus/usercert.pem -dates
 output : notBefore=Nov 11 12:18:59 2020 GMT
notAfter=Dec 16 12:18:59 2021 GMT

 error: 
 retcode : 0
DEBUG 2021-03-10 18:12:33.489 UTC: 	 Delegating a myproxy for 720:00 hours
DEBUG 2021-03-10 18:12:33.490 UTC: 	 using achhetri_CRAB as credential login name
DEBUG 2021-03-10 18:28:43.854 UTC: 	 Executing : 
 command : export GT_PROXY_MODE=rfc ; myproxy-init -d -n -s myproxy.cern.ch -x -R '/DC=ch/DC=cern/OU=computers/CN=vocms0105.cern.ch|/DC=ch/DC=cern/OU=computers/CN=crab-(preprod|prod|dev)-tw(02|01).cern.ch|/DC=ch/DC=cern/OU=computers/CN=(ddi|ddidk|mytw).cern.ch|/DC=ch/DC=cern/OU=computers/CN=stefanov(m|m2).cern.ch' -x -Z '/DC=ch/DC=cern/OU=computers/CN=vocms0105.cern.ch|/DC=ch/DC=cern/OU=computers/CN=crab-(preprod|prod|dev)-tw(02|01).cern.ch|/DC=ch/DC=cern/OU=computers/CN=(ddi|ddidk|mytw).cern.ch|/DC=ch/DC=cern/OU=computers/CN=stefanov(m|m2).cern.ch' -l 'achhetri_CRAB' -t 168:00 -c 720:00
 output : Your identity: /DC=ch/DC=cern/OU=Organic Units/OU=Users/CN=achhetri/CN=804540/CN=Arjun Chhetri

 error: Error: Couldn't read user key in /afs/cern.ch/user/a/achhetri/.globus/userkey.pem.
Use -debug for further information.
grid-proxy-init failed

 retcode : 1
DEBUG 2021-03-10 18:28:43.856 UTC: 	 using achhetri_CRAB as credential login name
DEBUG 2021-03-10 18:28:44.366 UTC: 	 Executing : 
 command : myproxy-info -l achhetri_CRAB -s myproxy.cern.ch
 output : username: achhetri_CRAB
owner: /DC=ch/DC=cern/OU=Organic Units/OU=Users/CN=achhetri/CN=804540/CN=Arjun Chhetri
  renewal policy: /DC=ch/DC=cern/OU=computers/CN=vocms0105.cern.ch|/DC=ch/DC=cern/OU=computers/CN=crab-(preprod|prod|dev)-tw(02|01).cern.ch|/DC=ch/DC=cern/OU=computers/CN=(ddi|ddidk|mytw).cern.ch|/DC=ch/DC=cern/OU=computers/CN=stefanov(m|m2).cern.ch
  trusted retrieval policy: /DC=ch/DC=cern/OU=computers/CN=vocms0105.cern.ch|/DC=ch/DC=cern/OU=computers/CN=crab-(preprod|prod|dev)-tw(02|01).cern.ch|/DC=ch/DC=cern/OU=computers/CN=(ddi|ddidk|mytw).cern.ch|/DC=ch/DC=cern/OU=computers/CN=stefanov(m|m2).cern.ch
  timeleft: 326:22:56  (13.6 days)

 error: 
 retcode : 0
DEBUG 2021-03-10 18:28:44.366 UTC: 	 My-proxy delegated.
DEBUG 2021-03-10 18:28:44.368 UTC: 	 Result of myproxy credential check:
  Credential exists on myproxy: username: eb0e67adc2dd9eb1770413a4ffd073f562b86f05  - validity: 28 days, 17:41:37
  Credential exists on myproxy: username: achhetri_CRAB  - validity: 13 days, 14:22:56
DEBUG 2021-03-10 18:28:44.369 UTC: 	 Command use: submit
DEBUG 2021-03-10 18:28:44.369 UTC: 	 Options use: ['--config', <WMCore.Configuration.Configuration object at 0x7f470fba4bd0>]
DEBUG 2021-03-10 18:28:44.513 UTC: 	 CRABClient version: v3.201110
DEBUG 2021-03-10 18:28:44.513 UTC: 	 Instance is prod
DEBUG 2021-03-10 18:28:44.513 UTC: 	 Server base url is cmsweb-k8s-prod.cern.ch
DEBUG 2021-03-10 18:28:44.513 UTC: 	 Command url /crabserver/prod/workflow
DEBUG 2021-03-10 18:28:44.514 UTC: 	 Started submission
DEBUG 2021-03-10 18:28:44.514 UTC: 	 Working on /afs/cern.ch/work/a/achhetri/NANO_AOD/CMSSW_10_6_8/src/WTopScalefactorProducer/Skimmer/NANOcrab/crab_Tprime_v5_NANo_AOD_106X/crab_QCD_Pt300to470_v2
DEBUG 2021-03-10 18:28:44.628 UTC: 	 Loading required information from the environment
DEBUG 2021-03-10 18:28:44.628 UTC: 	 Found CMSSW_10_6_8 for slc7_amd64_gcc700 with base /afs/cern.ch/work/a/achhetri/NANO_AOD/CMSSW_10_6_8
DEBUG 2021-03-10 18:28:44.628 UTC: 	 Loading required information from the environment
DEBUG 2021-03-10 18:28:44.629 UTC: 	 Found CMSSW_10_6_8 for slc7_amd64_gcc700 with base /afs/cern.ch/work/a/achhetri/NANO_AOD/CMSSW_10_6_8
DEBUG 2021-03-10 18:28:44.629 UTC: 	 UNIQUE NAME: tarUUID f7ffd6b6-1a89-4a6b-8e79-f036f3bde722 
DEBUG 2021-03-10 18:28:44.629 UTC: 	 self.config: from WMCore.Configuration import Configuration
config = Configuration()
config.section_('General')
config.General.transferLogs = True
config.General.workArea = 'crab_Tprime_v5_NANo_AOD_106X'
config.General.requestName = 'QCD_Pt300to470_v2'
config.section_('JobType')
config.JobType.scriptExe = 'crab_script_Tprime.sh'
config.JobType.pluginName = 'Analysis'
config.JobType.sendPythonFolder = True
config.JobType.allowUndistributedCMSSW = True
config.JobType.psetName = 'PSet.py'
config.JobType.inputFiles = ['TprimeBToTH_LH_RunIISummer19UL16_Skimmer.py', 'keep_and_drop_v1.txt', '../../../PhysicsTools/NanoAODTools/scripts/haddnano.py']
config.section_('Data')
config.Data.inputDataset = '/QCD_Pt-300to470_MuEnrichedPt5_TuneCP5_13TeV_pythia8/RunIISummer19UL17NanoAODv2-106X_mc2017_realistic_v8-v1/NANOAODSIM'
config.Data.outputDatasetTag = 'QCD_Pt300to470_v2'
config.Data.publication = False
config.Data.unitsPerJob = 1
config.Data.inputDBS = 'global'
config.Data.splitting = 'FileBased'
config.Data.outLFNDirBase = '/store/user/achhetri/Tprime_v5_NANo_AOD_106X'
config.Data.totalUnits = 5
config.section_('Site')
config.Site.storageSite = 'T3_CH_CERNBOX'
config.section_('User')
config.section_('Debug')

DEBUG 2021-03-10 18:28:44.629 UTC: 	 self.config.JobType.psetName: PSet.py
INFO 2021-03-10 18:28:44.631 UTC: 	 Importing CMSSW configuration PSet.py
INFO 2021-03-10 18:28:44.631 UTC: 	 Finished importing CMSSW configuration PSet.py
DEBUG 2021-03-10 18:28:44.632 UTC: 	 Writing CMSSW configuration to /afs/cern.ch/work/a/achhetri/NANO_AOD/CMSSW_10_6_8/src/WTopScalefactorProducer/Skimmer/NANOcrab/crab_Tprime_v5_NANo_AOD_106X/crab_QCD_Pt300to470_v2/inputs/PSet.py
DEBUG 2021-03-10 18:28:44.672 UTC: 	 The following EDM output files will be collected: ['tree.root']
DEBUG 2021-03-10 18:28:44.672 UTC: 	 The following TFile output files will be collected: []
DEBUG 2021-03-10 18:28:44.672 UTC: 	 The following user output files (not listed as PoolOuputModule or TFileService in the CMSSW PSet) will be collected: 
DEBUG 2021-03-10 18:28:44.672 UTC: 	 Loading required information from the environment
DEBUG 2021-03-10 18:28:44.673 UTC: 	 Found CMSSW_10_6_8 for slc7_amd64_gcc700 with base /afs/cern.ch/work/a/achhetri/NANO_AOD/CMSSW_10_6_8
DEBUG 2021-03-10 18:28:44.673 UTC: 	 Making tarball in /afs/cern.ch/work/a/achhetri/NANO_AOD/CMSSW_10_6_8/src/WTopScalefactorProducer/Skimmer/NANOcrab/crab_Tprime_v5_NANo_AOD_106X/crab_QCD_Pt300to470_v2/inputs/f7ffd6b6-1a89-4a6b-8e79-f036f3bde722default.tgz
DEBUG 2021-03-10 18:28:44.675 UTC: 	 Checking directory /afs/cern.ch/work/a/achhetri/NANO_AOD/CMSSW_10_6_8/lib
DEBUG 2021-03-10 18:28:44.676 UTC: 	 Adding directory /afs/cern.ch/work/a/achhetri/NANO_AOD/CMSSW_10_6_8/lib to tarball
DEBUG 2021-03-10 18:28:44.896 UTC: 	 Checking directory /afs/cern.ch/work/a/achhetri/NANO_AOD/CMSSW_10_6_8/biglib
DEBUG 2021-03-10 18:28:44.896 UTC: 	 Adding directory /afs/cern.ch/work/a/achhetri/NANO_AOD/CMSSW_10_6_8/biglib to tarball
DEBUG 2021-03-10 18:28:44.897 UTC: 	 Checking directory /afs/cern.ch/work/a/achhetri/NANO_AOD/CMSSW_10_6_8/module
DEBUG 2021-03-10 18:28:44.897 UTC: 	 Checking directory /afs/cern.ch/work/a/achhetri/NANO_AOD/CMSSW_10_6_8/python
DEBUG 2021-03-10 18:28:44.898 UTC: 	 Adding directory /afs/cern.ch/work/a/achhetri/NANO_AOD/CMSSW_10_6_8/python to tarball
DEBUG 2021-03-10 18:28:49.882 UTC: 	 Checking directory /afs/cern.ch/work/a/achhetri/NANO_AOD/CMSSW_10_6_8/cfipython
DEBUG 2021-03-10 18:28:49.883 UTC: 	 Adding directory /afs/cern.ch/work/a/achhetri/NANO_AOD/CMSSW_10_6_8/cfipython to tarball
DEBUG 2021-03-10 18:28:49.956 UTC: 	 Adding data directory /afs/cern.ch/work/a/achhetri/NANO_AOD/CMSSW_10_6_8/src/PhysicsTools/NanoAODTools/data to tarball
DEBUG 2021-03-10 18:29:04.535 UTC: 	 Adding data directory /afs/cern.ch/work/a/achhetri/NANO_AOD/CMSSW_10_6_8/src/PhysicsTools/NanoAODTools/interface to tarball
DEBUG 2021-03-10 18:29:04.552 UTC: 	 Adding data directory /afs/cern.ch/work/a/achhetri/NANO_AOD/CMSSW_10_6_8/src/PhysicsTools/NanoAODTools/python/postprocessing/data to tarball
DEBUG 2021-03-10 18:29:18.203 UTC: 	 Adding file TprimeBToTH_LH_RunIISummer19UL16_Skimmer.py to tarball
DEBUG 2021-03-10 18:29:18.277 UTC: 	 Adding file keep_and_drop_v1.txt to tarball
DEBUG 2021-03-10 18:29:18.295 UTC: 	 Adding file ../../../PhysicsTools/NanoAODTools/scripts/haddnano.py to tarball
DEBUG 2021-03-10 18:29:21.998 UTC: 	 Uploading archive /afs/cern.ch/work/a/achhetri/NANO_AOD/CMSSW_10_6_8/src/WTopScalefactorProducer/Skimmer/NANOcrab/crab_Tprime_v5_NANo_AOD_106X/crab_QCD_Pt300to470_v2/inputs/f7ffd6b6-1a89-4a6b-8e79-f036f3bde722default.tgz (55 MB) to the CRAB cache. Using URI https://cmsweb.cern.ch:8443/crabcache
DEBUG 2021-03-10 18:30:11.274 UTC: 	 Loading required information from the environment
DEBUG 2021-03-10 18:30:11.274 UTC: 	 Found CMSSW_10_6_8 for slc7_amd64_gcc700 with base /afs/cern.ch/work/a/achhetri/NANO_AOD/CMSSW_10_6_8
DEBUG 2021-03-10 18:30:11.274 UTC: 	 Making tarball in /afs/cern.ch/work/a/achhetri/NANO_AOD/CMSSW_10_6_8/src/WTopScalefactorProducer/Skimmer/NANOcrab/crab_Tprime_v5_NANo_AOD_106X/crab_QCD_Pt300to470_v2/inputs/debugFiles.tgz
DEBUG 2021-03-10 18:30:11.296 UTC: 	 Uploading archive /afs/cern.ch/work/a/achhetri/NANO_AOD/CMSSW_10_6_8/src/WTopScalefactorProducer/Skimmer/NANOcrab/crab_Tprime_v5_NANo_AOD_106X/crab_QCD_Pt300to470_v2/inputs/debugFiles.tgz (1 KB) to the CRAB cache. Using URI https://cmsweb.cern.ch:8443/crabcache
DEBUG 2021-03-10 18:30:11.340 UTC: 	 Result uploading input files: c29edb9fb60c309f0cb5765582b0749acc12040e1e10f94e161f75dc89f31141.tar.gz 
INFO 2021-03-10 18:30:11.340 UTC: 	 Sending the request to the server at cmsweb-k8s-prod.cern.ch
DEBUG 2021-03-10 18:30:11.341 UTC: 	 Submitting {'maxjobruntime': 1250, 'extrajdl': [], 'lfn': '/store/user/achhetri/Tprime_v5_NANo_AOD_106X', 'savelogsflag': 1, 'useparent': 0, 'scriptexe': 'crab_script_Tprime.sh', 'asyncdest': 'T3_CH_CERNBOX', 'algoargs': 1, 'cachefilename': 'c29edb9fb60c309f0cb5765582b0749acc12040e1e10f94e161f75dc89f31141.tar.gz', 'numcores': 1, 'addoutputfiles': [], 'generator': 'pythia', 'maxmemory': 2000, 'publishdbsurl': 'https://cmsweb.cern.ch/dbs/prod/phys03/DBSWriter', 'priority': 10, 'jobsw': 'CMSSW_10_6_8', 'edmoutfiles': ['tree.root'], 'userfiles': [], 'primarydataset': '', 'inputdata': '/QCD_Pt-300to470_MuEnrichedPt5_TuneCP5_13TeV_pythia8/RunIISummer19UL17NanoAODv2-106X_mc2017_realistic_v8-v1/NANOAODSIM', 'ignorelocality': 0, 'dryrun': 0, 'workflow': 'crab_QCD_Pt300to470_v2', 'cacheurl': u'https://cmsweb.cern.ch:8443/crabcache', 'nonprodsw': 1, 'tfileoutfiles': [], 'oneEventMode': 0, 'debugfilename': '19447af6eb445e39d1b3b86dcd6b24a07e0ee0c82ce936e8091892e9bb8abcad.tar.gz', 'saveoutput': 1, 'publication': 0, 'jobarch': 'slc7_amd64_gcc700', 'totalunits': 5, 'splitalgo': 'FileBased', 'ignoreglobalblacklist': 0, 'nonvaliddata': 0, 'dbsurl': 'https://cmsweb.cern.ch/dbs/prod/global/DBSReader', 'publishgroupname': 0, 'jobtype': 'Analysis', 'publishname2': 'QCD_Pt300to470_v2'} 
DEBUG 2021-03-10 18:30:11.341 UTC: 	 Encoded submit request: maxjobruntime=1250&lfn=%2Fstore%2Fuser%2Fachhetri%2FTprime_v5_NANo_AOD_106X&savelogsflag=1&useparent=0&scriptexe=crab_script_Tprime.sh&asyncdest=T3_CH_CERNBOX&algoargs=1&cachefilename=c29edb9fb60c309f0cb5765582b0749acc12040e1e10f94e161f75dc89f31141.tar.gz&numcores=1&generator=pythia&maxmemory=2000&publishdbsurl=https%3A%2F%2Fcmsweb.cern.ch%2Fdbs%2Fprod%2Fphys03%2FDBSWriter&priority=10&jobsw=CMSSW_10_6_8&primarydataset=&inputdata=%2FQCD_Pt-300to470_MuEnrichedPt5_TuneCP5_13TeV_pythia8%2FRunIISummer19UL17NanoAODv2-106X_mc2017_realistic_v8-v1%2FNANOAODSIM&ignorelocality=0&dryrun=0&workflow=crab_QCD_Pt300to470_v2&cacheurl=https%3A%2F%2Fcmsweb.cern.ch%3A8443%2Fcrabcache&nonprodsw=1&oneEventMode=0&debugfilename=19447af6eb445e39d1b3b86dcd6b24a07e0ee0c82ce936e8091892e9bb8abcad.tar.gz&saveoutput=1&publication=0&jobarch=slc7_amd64_gcc700&totalunits=5&splitalgo=FileBased&ignoreglobalblacklist=0&nonvaliddata=0&dbsurl=https%3A%2F%2Fcmsweb.cern.ch%2Fdbs%2Fprod%2Fglobal%2FDBSReader&publishgroupname=0&jobtype=Analysis&publishname2=QCD_Pt300to470_v2&edmoutfiles=tree.root
DEBUG 2021-03-10 18:30:11.419 UTC: 	 Result: {u'result': [{u'RequestName': u'210310_183011:achhetri_crab_QCD_Pt300to470_v2'}]}
INFO 2021-03-10 18:30:11.432 UTC: 	 Success: Your task has been delivered to the prod CRAB3 server.
INFO 2021-03-10 18:30:11.432 UTC: 	 Task name: 210310_183011:achhetri_crab_QCD_Pt300to470_v2
INFO 2021-03-10 18:30:11.432 UTC: 	 Project dir: crab_Tprime_v5_NANo_AOD_106X/crab_QCD_Pt300to470_v2
INFO 2021-03-10 18:30:11.432 UTC: 	 Please use ' crab status -d crab_Tprime_v5_NANo_AOD_106X/crab_QCD_Pt300to470_v2 ' to check how the submission process proceeds.
DEBUG 2021-03-10 18:30:11.432 UTC: 	 About to return
DEBUG 2021-03-16 06:07:12.426 UTC: 	 CRAB Client version: v3.201110
DEBUG 2021-03-16 06:07:12.426 UTC: 	 Running on: Linux lxplus700.cern.ch 3.10.0-1160.15.2.el7.x86_64 #1 SMP Wed Feb 3 15:06:38 UTC 2021 x86_64 x86_64 x86_64 GNU/Linux - CentOS Linux 7 (Core)
DEBUG 2021-03-16 06:07:12.426 UTC: 	 Executing command: 'status'
DEBUG 2021-03-16 06:07:12.426 UTC: 	 Found CRAB cache file /afs/cern.ch/user/a/achhetri/.crab3
DEBUG 2021-03-16 06:07:12.478 UTC: 	 Checking credentials
DEBUG 2021-03-16 06:07:12.479 UTC: 	 Found proxy file /afs/cern.ch/user/a/achhetri/x509up_u94350
DEBUG 2021-03-16 06:07:12.479 UTC: 	 Getting proxy life time left
DEBUG 2021-03-16 06:07:13.083 UTC: 	 Executing : 
 command : voms-proxy-info -file /afs/cern.ch/user/a/achhetri/x509up_u94350 -timeleft
 output : 690183

 error: 
 retcode : 0
DEBUG 2021-03-16 06:07:13.688 UTC: 	 Executing : 
 command : voms-proxy-info -file /afs/cern.ch/user/a/achhetri/x509up_u94350 -actimeleft
 output : 690183

 error: 
 retcode : 0
DEBUG 2021-03-16 06:07:13.688 UTC: 	 Proxy valid for 191:43:03 hours
DEBUG 2021-03-16 06:07:13.756 UTC: 	 Registering user credentials for server /DC=ch/DC=cern/OU=computers/CN=vocms0105.cern.ch|/DC=ch/DC=cern/OU=computers/CN=crab-(preprod|prod|dev)-tw(02|01).cern.ch|/DC=ch/DC=cern/OU=computers/CN=(ddi|ddidk|mytw).cern.ch|/DC=ch/DC=cern/OU=computers/CN=stefanov(m|m2).cern.ch
DEBUG 2021-03-16 06:07:14.366 UTC: 	 Executing : 
 command : voms-proxy-info -file /afs/cern.ch/user/a/achhetri/x509up_u94350 -identity
 output : /DC=ch/DC=cern/OU=Organic Units/OU=Users/CN=achhetri/CN=804540/CN=Arjun Chhetri

 error: 
 retcode : 0
DEBUG 2021-03-16 06:07:14.373 UTC: 	 Getting myproxy life time left for myproxy.cern.ch
DEBUG 2021-03-16 06:07:14.373 UTC: 	 using eb0e67adc2dd9eb1770413a4ffd073f562b86f05 as credential login name
DEBUG 2021-03-16 06:07:14.677 UTC: 	 Executing : 
 command : myproxy-info -l eb0e67adc2dd9eb1770413a4ffd073f562b86f05 -s myproxy.cern.ch
 output : username: eb0e67adc2dd9eb1770413a4ffd073f562b86f05
owner: /DC=ch/DC=cern/OU=Organic Units/OU=Users/CN=achhetri/CN=804540/CN=Arjun Chhetri
  renewal policy: /DC=ch/DC=cern/OU=computers/CN=vocms0105.cern.ch|/DC=ch/DC=cern/OU=computers/CN=crab-(preprod|prod|dev)-tw(02|01).cern.ch|/DC=ch/DC=cern/OU=computers/CN=(ddi|ddidk|mytw).cern.ch|/DC=ch/DC=cern/OU=computers/CN=stefanov(m|m2).cern.ch
  trusted retrieval policy: /DC=ch/DC=cern/OU=computers/CN=vocms0105.cern.ch|/DC=ch/DC=cern/OU=computers/CN=crab-(preprod|prod|dev)-tw(02|01).cern.ch|/DC=ch/DC=cern/OU=computers/CN=(ddi|ddidk|mytw).cern.ch|/DC=ch/DC=cern/OU=computers/CN=stefanov(m|m2).cern.ch
  timeleft: 557:46:55  (23.2 days)

 error: 
 retcode : 0
DEBUG 2021-03-16 06:07:14.678 UTC: 	 Myproxy is valid: 2008015
DEBUG 2021-03-16 06:07:14.678 UTC: 	 Retrieving username ...
DEBUG 2021-03-16 06:07:14.678 UTC: 	 Retrieving username from CRIC...
DEBUG 2021-03-16 06:07:15.415 UTC: 	 username is achhetri
DEBUG 2021-03-16 06:07:15.421 UTC: 	 Getting myproxy life time left for myproxy.cern.ch
DEBUG 2021-03-16 06:07:15.421 UTC: 	 using achhetri_CRAB as credential login name
DEBUG 2021-03-16 06:07:15.724 UTC: 	 Executing : 
 command : myproxy-info -l achhetri_CRAB -s myproxy.cern.ch
 output : username: achhetri_CRAB
owner: /DC=ch/DC=cern/OU=Organic Units/OU=Users/CN=achhetri/CN=804540/CN=Arjun Chhetri
  renewal policy: /DC=ch/DC=cern/OU=computers/CN=vocms0105.cern.ch|/DC=ch/DC=cern/OU=computers/CN=crab-(preprod|prod|dev)-tw(02|01).cern.ch|/DC=ch/DC=cern/OU=computers/CN=(ddi|ddidk|mytw).cern.ch|/DC=ch/DC=cern/OU=computers/CN=stefanov(m|m2).cern.ch
  trusted retrieval policy: /DC=ch/DC=cern/OU=computers/CN=vocms0105.cern.ch|/DC=ch/DC=cern/OU=computers/CN=crab-(preprod|prod|dev)-tw(02|01).cern.ch|/DC=ch/DC=cern/OU=computers/CN=(ddi|ddidk|mytw).cern.ch|/DC=ch/DC=cern/OU=computers/CN=stefanov(m|m2).cern.ch
  timeleft: 194:44:25  (8.1 days)

 error: 
 retcode : 0
DEBUG 2021-03-16 06:07:15.725 UTC: 	 Myproxy is valid: 701065
DEBUG 2021-03-16 06:07:15.829 UTC: 	 Executing : 
 command : openssl x509 -noout -in ~/.globus/usercert.pem -dates
 output : notBefore=Nov 11 12:18:59 2020 GMT
notAfter=Dec 16 12:18:59 2021 GMT

 error: 
 retcode : 0
DEBUG 2021-03-16 06:07:15.835 UTC: 	 Delegating a myproxy for 720:00 hours
DEBUG 2021-03-16 06:07:15.835 UTC: 	 using achhetri_CRAB as credential login name
DEBUG 2021-03-16 06:07:17.342 UTC: 	 Executing : 
 command : export GT_PROXY_MODE=rfc ; myproxy-init -d -n -s myproxy.cern.ch -x -R '/DC=ch/DC=cern/OU=computers/CN=vocms0105.cern.ch|/DC=ch/DC=cern/OU=computers/CN=crab-(preprod|prod|dev)-tw(02|01).cern.ch|/DC=ch/DC=cern/OU=computers/CN=(ddi|ddidk|mytw).cern.ch|/DC=ch/DC=cern/OU=computers/CN=stefanov(m|m2).cern.ch' -x -Z '/DC=ch/DC=cern/OU=computers/CN=vocms0105.cern.ch|/DC=ch/DC=cern/OU=computers/CN=crab-(preprod|prod|dev)-tw(02|01).cern.ch|/DC=ch/DC=cern/OU=computers/CN=(ddi|ddidk|mytw).cern.ch|/DC=ch/DC=cern/OU=computers/CN=stefanov(m|m2).cern.ch' -l 'achhetri_CRAB' -t 168:00 -c 720:00
 output : Your identity: /DC=ch/DC=cern/OU=Organic Units/OU=Users/CN=achhetri/CN=804540/CN=Arjun Chhetri

 error: Error: Couldn't read user key in /afs/cern.ch/user/a/achhetri/.globus/userkey.pem.
Use -debug for further information.
grid-proxy-init failed

 retcode : 1
DEBUG 2021-03-16 06:07:17.342 UTC: 	 using achhetri_CRAB as credential login name
DEBUG 2021-03-16 06:07:17.646 UTC: 	 Executing : 
 command : myproxy-info -l achhetri_CRAB -s myproxy.cern.ch
 output : username: achhetri_CRAB
owner: /DC=ch/DC=cern/OU=Organic Units/OU=Users/CN=achhetri/CN=804540/CN=Arjun Chhetri
  renewal policy: /DC=ch/DC=cern/OU=computers/CN=vocms0105.cern.ch|/DC=ch/DC=cern/OU=computers/CN=crab-(preprod|prod|dev)-tw(02|01).cern.ch|/DC=ch/DC=cern/OU=computers/CN=(ddi|ddidk|mytw).cern.ch|/DC=ch/DC=cern/OU=computers/CN=stefanov(m|m2).cern.ch
  trusted retrieval policy: /DC=ch/DC=cern/OU=computers/CN=vocms0105.cern.ch|/DC=ch/DC=cern/OU=computers/CN=crab-(preprod|prod|dev)-tw(02|01).cern.ch|/DC=ch/DC=cern/OU=computers/CN=(ddi|ddidk|mytw).cern.ch|/DC=ch/DC=cern/OU=computers/CN=stefanov(m|m2).cern.ch
  timeleft: 194:44:23  (8.1 days)

 error: 
 retcode : 0
DEBUG 2021-03-16 06:07:17.647 UTC: 	 My-proxy delegated.
DEBUG 2021-03-16 06:07:17.647 UTC: 	 Result of myproxy credential check:
  Credential exists on myproxy: username: eb0e67adc2dd9eb1770413a4ffd073f562b86f05  - validity: 23 days, 5:46:55
  Credential exists on myproxy: username: achhetri_CRAB  - validity: 8 days, 2:44:23
DEBUG 2021-03-16 06:07:17.648 UTC: 	 Command use: status
DEBUG 2021-03-16 06:07:17.648 UTC: 	 Options use: ['-d', 'crab_Tprime_v5_NANo_AOD_106X/crab_QCD_Pt300to470_v2']
DEBUG 2021-03-16 06:07:17.755 UTC: 	 CRABClient version: v3.201110
DEBUG 2021-03-16 06:07:17.755 UTC: 	 Instance is prod
DEBUG 2021-03-16 06:07:17.755 UTC: 	 Server base url is cmsweb-k8s-prod.cern.ch
DEBUG 2021-03-16 06:07:17.755 UTC: 	 Command url /crabserver/prod/workflow
DEBUG 2021-03-16 06:07:17.864 UTC: 	 Got information from server oracle database: {u'result': [u'210310_183011:achhetri_crab_QCD_Pt300to470_v2', u'None', u'None', u'SUBMITTED', u'SUBMIT', u'2021-03-10 18:30:11.412632', u'None', u'2021-03-10 18:30:40.826198', u'None', u'CMSSW_10_6_8', u'slc7_amd64_gcc700', u'/QCD_Pt-300to470_MuEnrichedPt5_TuneCP5_13TeV_pythia8/RunIISummer19UL17NanoAODv2-106X_mc2017_realistic_v8-v1/NANOAODSIM', u'F', u'0', u'[]', u'[]', u'FileBased', u"{'splitOnRun': False, 'halt_job_on_file_boundaries': False, 'files_per_job': 1, 'runs': [], 'lumis': []}", u'c29edb9fb60c309f0cb5765582b0749acc12040e1e10f94e161f75dc89f31141.tar.gz', u'https://cmsweb.cern.ch:8443/crabcache', u'achhetri', u'/DC=ch/DC=cern/OU=Organic Units/OU=Users/CN=achhetri/CN=804540/CN=Arjun Chhetri', u'cms', u'None', u'None', u'QCD_Pt300to470_v2-00000000000000000000000000000000', u'F', u'T3_CH_CERNBOX', u'https://cmsweb.cern.ch/dbs/prod/global/DBSReader', u'https://cmsweb.cern.ch/dbs/prod/phys03/DBSWriter', u'F', u'[]', u'[]', u"['tree.root']", u'Analysis', u'pythia', u'None', u'{}', u'[]', u'T', u'crab-prod-tw01', u'[]', u'1250', u'1', u'2000', u'10', u"['/QCD_Pt-300to470_MuEnrichedPt5_TuneCP5_13TeV_pythia8/achhetri-QCD_Pt300to470_v2-5d8f93ee2ba2db6b402c7167473e2950/USER']", u'[]', u'http://vocms0197.cern.ch/mon/cms341/210310_183011:achhetri_crab_QCD_Pt300to470_v2', u'crab_script_Tprime.sh', u'[]', u'[]', u'https://cmsweb.cern.ch/crabserver/prod', u'cmsgwms-collector-global.cern.ch:9620,cmsgwms-collector-global.fnal.gov', u'crab3@vocms0197.cern.ch', u'F', u'[]', u'T', u'/store/user/achhetri/Tprime_v5_NANo_AOD_106X', u'F', u'None', u'F', u'None', u'QCD_Pt-300to470_MuEnrichedPt5_TuneCP5_13TeV_pythia8', u'None', u'19447af6eb445e39d1b3b86dcd6b24a07e0ee0c82ce936e8091892e9bb8abcad.tar.gz', u'62537661', u'filetransfers', u'F', u'188.185.90.95', u'5.0', u'None'], u'desc': {u'columns': [u'tm_taskname', u'tm_activity', u'panda_jobset_id', u'tm_task_status', u'tm_task_command', u'tm_start_time', u'tm_start_injection', u'tm_end_injection', u'tm_task_failure', u'tm_job_sw', u'tm_job_arch', u'tm_input_dataset', u'tm_nonvalid_input_dataset', u'tm_use_parent', u'tm_site_whitelist', u'tm_site_blacklist', u'tm_split_algo', u'tm_split_args', u'tm_user_sandbox', u'tm_cache_url', u'tm_username', u'tm_user_dn', u'tm_user_vo', u'tm_user_role', u'tm_user_group', u'tm_publish_name', u'tm_publish_groupname', u'tm_asyncdest', u'tm_dbs_url', u'tm_publish_dbs_url', u'tm_publication', u'tm_outfiles', u'tm_tfile_outfiles', u'tm_edm_outfiles', u'tm_job_type', u'tm_generator', u'tm_events_per_lumi', u'tm_arguments', u'panda_resubmitted_jobs', u'tm_save_logs', u'tw_name', u'tm_user_infiles', u'tm_maxjobruntime', u'tm_numcores', u'tm_maxmemory', u'tm_priority', u'tm_output_dataset', u'tm_task_warnings', u'tm_user_webdir', u'tm_scriptexe', u'tm_scriptargs', u'tm_extrajdl', u'tm_asourl', u'tm_collector', u'tm_schedd', u'tm_dry_run', u'tm_user_files', u'tm_transfer_outputs', u'tm_output_lfn', u'tm_ignore_locality', u'tm_fail_limit', u'tm_one_event_mode', u'tm_secondary_input_dataset', u'tm_primary_dataset', u'tm_last_publication', u'tm_debug_files', u'clusterid', u'tm_asodb', u'tm_ignore_global_blacklist', u'tm_submitter_ip_addr', u'tm_totalunits', u'tm_ddm_reqid']}}
INFO 2021-03-16 06:07:17.864 UTC: 	 CRAB project directory:		/afs/cern.ch/work/a/achhetri/NANO_AOD/CMSSW_10_6_8/src/WTopScalefactorProducer/Skimmer/NANOcrab/crab_Tprime_v5_NANo_AOD_106X/crab_QCD_Pt300to470_v2
INFO 2021-03-16 06:07:17.864 UTC: 	 Task name:			210310_183011:achhetri_crab_QCD_Pt300to470_v2
INFO 2021-03-16 06:07:17.864 UTC: 	 Grid scheduler - Task Worker:	crab3@vocms0197.cern.ch - crab-prod-tw01
INFO 2021-03-16 06:07:17.864 UTC: 	 Status on the CRAB server:	SUBMITTED
INFO 2021-03-16 06:07:17.865 UTC: 	 Task URL to use for HELP:	https://cmsweb-k8s-prod.cern.ch/crabserver/ui/task/210310_183011%3Aachhetri_crab_QCD_Pt300to470_v2
INFO 2021-03-16 06:07:17.866 UTC: 	 Dashboard monitoring URL:	https://monit-grafana.cern.ch/d/cmsTMDetail/cms-task-monitoring-task-view?orgId=11&var-user=achhetri&var-task=210310_183011%3Aachhetri_crab_QCD_Pt300to470_v2&from=1615397411000&to=now
INFO 2021-03-16 06:07:17.866 UTC: 	 In case of issues with the dashboard, please provide feedback to hn-cms-computing-tools@cern.ch
DEBUG 2021-03-16 06:07:17.866 UTC: 	 The CRAB server submitted your task to the Grid scheduler (cluster ID: 62537661)
DEBUG 2021-03-16 06:07:17.866 UTC: 	 Webdir is located at http://vocms0197.cern.ch/mon/cms341/210310_183011:achhetri_crab_QCD_Pt300to470_v2
DEBUG 2021-03-16 06:07:17.931 UTC: 	 Proxied webdir is located at https://cmsweb.cern.ch:8443/scheddmon/0197/cms341/210310_183011:achhetri_crab_QCD_Pt300to470_v2
DEBUG 2021-03-16 06:07:17.931 UTC: 	 Retrieving 'status_cache' file from https://cmsweb.cern.ch:8443/scheddmon/0197/cms341/210310_183011:achhetri_crab_QCD_Pt300to470_v2/status_cache
DEBUG 2021-03-16 06:07:18.346 UTC: 	 Got information from status cache file: {'1': {'Retries': 0, 'WallDurations': [9.0, 115.00502800941467, 178.0], 'StartTimes': [1615401309.0], 'SubmitTimes': [1615401050.0], 'JobIds': ['62537663.0'], 'EndTimes': [1615401487.0], 'Restarts': 0, 'RecordedSite': True, 'State': 'finished', 'ResidentSetSize': [2828], 'TotalUserCpuTimeHistory': [88], 'SiteHistory': ['Unknown', 'T2_DE_DESY', 'T2_DE_DESY'], 'TotalSysCpuTimeHistory': [8]}, '3': {'Retries': 0, 'WallDurations': [9.0, 101.00502800941467, 323.0], 'StartTimes': [1615401323.0], 'SubmitTimes': [1615401050.0], 'JobIds': ['62537665.0'], 'EndTimes': [1615401646.0], 'Restarts': 0, 'RecordedSite': True, 'State': 'finished', 'ResidentSetSize': [302148], 'TotalUserCpuTimeHistory': [166], 'SiteHistory': ['Unknown', 'T2_UK_London_Brunel', 'T2_UK_London_Brunel'], 'TotalSysCpuTimeHistory': [10]}, '2': {'Retries': 0, 'WallDurations': [8.0, 2368.0], 'StartTimes': [1615401090.0], 'SubmitTimes': [1615401050.0], 'JobIds': ['62537664.0'], 'EndTimes': [1615403458.0], 'Restarts': 0, 'RecordedSite': True, 'State': 'finished', 'ResidentSetSize': [577556], 'TotalUserCpuTimeHistory': [2136], 'SiteHistory': ['T2_CH_CERN', 'T2_CH_CERN'], 'TotalSysCpuTimeHistory': [118]}, '5': {'Retries': 0, 'WallDurations': [95.0, 113.00502800941467, 113.00502800941467], 'StartTimes': [1615401311.0], 'SubmitTimes': [1615401050.0], 'JobIds': ['62537667.0'], 'EndTimes': [1615401406.0], 'Restarts': 0, 'RecordedSite': True, 'State': 'finished', 'ResidentSetSize': [6632], 'TotalUserCpuTimeHistory': [43], 'SiteHistory': ['Unknown', 'T2_UK_London_Brunel', 'T2_UK_London_Brunel'], 'TotalSysCpuTimeHistory': [3]}, '4': {'Retries': 0, 'WallDurations': [8.0, 117.00502800941467, 1512.0], 'StartTimes': [1615401307.0], 'SubmitTimes': [1615401050.0], 'JobIds': ['62537666.0'], 'EndTimes': [1615402819.0], 'Restarts': 0, 'RecordedSite': True, 'State': 'finished', 'ResidentSetSize': [585368], 'TotalUserCpuTimeHistory': [1384], 'SiteHistory': ['Unknown', 'T2_DE_DESY', 'T2_DE_DESY'], 'TotalSysCpuTimeHistory': [81]}}
INFO 2021-03-16 06:07:18.346 UTC: 	 Status on the scheduler:	COMPLETED
INFO 2021-03-16 06:07:18.346 UTC: 	 
Jobs status:                    finished     		100.0% (5/5)
INFO 2021-03-16 06:07:18.346 UTC: 	 
No publication information (publication has been disabled in the CRAB configuration file)
INFO 2021-03-16 06:07:18.346 UTC: 	 
Warning: the max jobs runtime is less than 30% of the task requested value (1250 min), please consider to request a lower value for failed jobs (allowed through crab resubmit) and/or improve the jobs splitting (e.g. config.Data.splitting = 'Automatic') in a new task.
INFO 2021-03-16 06:07:18.347 UTC: 	 
Summary of run jobs:
 * Memory: 2MB min, 571MB max, 288MB ave
 * Runtime: 0:01:53 min, 0:39:28 max, 0:14:58 ave
 * CPU eff: 41% min, 97% max, 90% ave
 * Waste: 0:09:35 (11% of total)

INFO 2021-03-16 06:07:18.355 UTC: 	 Log file is /afs/cern.ch/work/a/achhetri/NANO_AOD/CMSSW_10_6_8/src/WTopScalefactorProducer/Skimmer/NANOcrab/crab_Tprime_v5_NANo_AOD_106X/crab_QCD_Pt300to470_v2/crab.log
DEBUG 2021-03-16 06:54:16.133 UTC: 	 CRAB Client version: v3.201110
DEBUG 2021-03-16 06:54:16.133 UTC: 	 Running on: Linux lxplus700.cern.ch 3.10.0-1160.15.2.el7.x86_64 #1 SMP Wed Feb 3 15:06:38 UTC 2021 x86_64 x86_64 x86_64 GNU/Linux - CentOS Linux 7 (Core)
DEBUG 2021-03-16 06:54:16.134 UTC: 	 Executing command: 'status'
DEBUG 2021-03-16 06:54:16.134 UTC: 	 Found CRAB cache file /afs/cern.ch/user/a/achhetri/.crab3
DEBUG 2021-03-16 06:54:16.215 UTC: 	 Checking credentials
DEBUG 2021-03-16 06:54:16.216 UTC: 	 Found proxy file /afs/cern.ch/user/a/achhetri/x509up_u94350
DEBUG 2021-03-16 06:54:16.216 UTC: 	 Getting proxy life time left
DEBUG 2021-03-16 06:54:16.922 UTC: 	 Executing : 
 command : voms-proxy-info -file /afs/cern.ch/user/a/achhetri/x509up_u94350 -timeleft
 output : 687360

 error: 
 retcode : 0
DEBUG 2021-03-16 06:54:17.528 UTC: 	 Executing : 
 command : voms-proxy-info -file /afs/cern.ch/user/a/achhetri/x509up_u94350 -actimeleft
 output : 687359

 error: 
 retcode : 0
DEBUG 2021-03-16 06:54:17.528 UTC: 	 Proxy lifetime 687360 secs is different from voms extension lifetime 687359 secs for proxy: /afs/cern.ch/user/a/achhetri/x509up_u94350
DEBUG 2021-03-16 06:54:17.528 UTC: 	 Proxy valid for 190:55:59 hours
DEBUG 2021-03-16 06:54:17.609 UTC: 	 Registering user credentials for server /DC=ch/DC=cern/OU=computers/CN=vocms0105.cern.ch|/DC=ch/DC=cern/OU=computers/CN=crab-(preprod|prod|dev)-tw(02|01).cern.ch|/DC=ch/DC=cern/OU=computers/CN=(ddi|ddidk|mytw).cern.ch|/DC=ch/DC=cern/OU=computers/CN=stefanov(m|m2).cern.ch
DEBUG 2021-03-16 06:54:18.221 UTC: 	 Executing : 
 command : voms-proxy-info -file /afs/cern.ch/user/a/achhetri/x509up_u94350 -identity
 output : /DC=ch/DC=cern/OU=Organic Units/OU=Users/CN=achhetri/CN=804540/CN=Arjun Chhetri

 error: 
 retcode : 0
DEBUG 2021-03-16 06:54:18.228 UTC: 	 Getting myproxy life time left for myproxy.cern.ch
DEBUG 2021-03-16 06:54:18.228 UTC: 	 using eb0e67adc2dd9eb1770413a4ffd073f562b86f05 as credential login name
DEBUG 2021-03-16 06:54:18.532 UTC: 	 Executing : 
 command : myproxy-info -l eb0e67adc2dd9eb1770413a4ffd073f562b86f05 -s myproxy.cern.ch
 output : username: eb0e67adc2dd9eb1770413a4ffd073f562b86f05
owner: /DC=ch/DC=cern/OU=Organic Units/OU=Users/CN=achhetri/CN=804540/CN=Arjun Chhetri
  renewal policy: /DC=ch/DC=cern/OU=computers/CN=vocms0105.cern.ch|/DC=ch/DC=cern/OU=computers/CN=crab-(preprod|prod|dev)-tw(02|01).cern.ch|/DC=ch/DC=cern/OU=computers/CN=(ddi|ddidk|mytw).cern.ch|/DC=ch/DC=cern/OU=computers/CN=stefanov(m|m2).cern.ch
  trusted retrieval policy: /DC=ch/DC=cern/OU=computers/CN=vocms0105.cern.ch|/DC=ch/DC=cern/OU=computers/CN=crab-(preprod|prod|dev)-tw(02|01).cern.ch|/DC=ch/DC=cern/OU=computers/CN=(ddi|ddidk|mytw).cern.ch|/DC=ch/DC=cern/OU=computers/CN=stefanov(m|m2).cern.ch
  timeleft: 556:59:51  (23.2 days)

 error: 
 retcode : 0
DEBUG 2021-03-16 06:54:18.533 UTC: 	 Myproxy is valid: 2005191
DEBUG 2021-03-16 06:54:18.533 UTC: 	 Retrieving username ...
DEBUG 2021-03-16 06:54:18.533 UTC: 	 Retrieving username from CRIC...
DEBUG 2021-03-16 06:54:19.352 UTC: 	 username is achhetri
DEBUG 2021-03-16 06:54:19.358 UTC: 	 Getting myproxy life time left for myproxy.cern.ch
DEBUG 2021-03-16 06:54:19.358 UTC: 	 using achhetri_CRAB as credential login name
DEBUG 2021-03-16 06:54:19.662 UTC: 	 Executing : 
 command : myproxy-info -l achhetri_CRAB -s myproxy.cern.ch
 output : username: achhetri_CRAB
owner: /DC=ch/DC=cern/OU=Organic Units/OU=Users/CN=achhetri/CN=804540/CN=Arjun Chhetri
  renewal policy: /DC=ch/DC=cern/OU=computers/CN=vocms0105.cern.ch|/DC=ch/DC=cern/OU=computers/CN=crab-(preprod|prod|dev)-tw(02|01).cern.ch|/DC=ch/DC=cern/OU=computers/CN=(ddi|ddidk|mytw).cern.ch|/DC=ch/DC=cern/OU=computers/CN=stefanov(m|m2).cern.ch
  trusted retrieval policy: /DC=ch/DC=cern/OU=computers/CN=vocms0105.cern.ch|/DC=ch/DC=cern/OU=computers/CN=crab-(preprod|prod|dev)-tw(02|01).cern.ch|/DC=ch/DC=cern/OU=computers/CN=(ddi|ddidk|mytw).cern.ch|/DC=ch/DC=cern/OU=computers/CN=stefanov(m|m2).cern.ch
  timeleft: 193:57:21  (8.1 days)

 error: 
 retcode : 0
DEBUG 2021-03-16 06:54:19.663 UTC: 	 Myproxy is valid: 698241
DEBUG 2021-03-16 06:54:19.767 UTC: 	 Executing : 
 command : openssl x509 -noout -in ~/.globus/usercert.pem -dates
 output : notBefore=Nov 11 12:18:59 2020 GMT
notAfter=Dec 16 12:18:59 2021 GMT

 error: 
 retcode : 0
DEBUG 2021-03-16 06:54:19.772 UTC: 	 Delegating a myproxy for 720:00 hours
DEBUG 2021-03-16 06:54:19.772 UTC: 	 using achhetri_CRAB as credential login name
DEBUG 2021-03-16 06:54:20.878 UTC: 	 Executing : 
 command : export GT_PROXY_MODE=rfc ; myproxy-init -d -n -s myproxy.cern.ch -x -R '/DC=ch/DC=cern/OU=computers/CN=vocms0105.cern.ch|/DC=ch/DC=cern/OU=computers/CN=crab-(preprod|prod|dev)-tw(02|01).cern.ch|/DC=ch/DC=cern/OU=computers/CN=(ddi|ddidk|mytw).cern.ch|/DC=ch/DC=cern/OU=computers/CN=stefanov(m|m2).cern.ch' -x -Z '/DC=ch/DC=cern/OU=computers/CN=vocms0105.cern.ch|/DC=ch/DC=cern/OU=computers/CN=crab-(preprod|prod|dev)-tw(02|01).cern.ch|/DC=ch/DC=cern/OU=computers/CN=(ddi|ddidk|mytw).cern.ch|/DC=ch/DC=cern/OU=computers/CN=stefanov(m|m2).cern.ch' -l 'achhetri_CRAB' -t 168:00 -c 720:00
 output : Your identity: /DC=ch/DC=cern/OU=Organic Units/OU=Users/CN=achhetri/CN=804540/CN=Arjun Chhetri

 error: Error: Couldn't read user key in /afs/cern.ch/user/a/achhetri/.globus/userkey.pem.
Use -debug for further information.
grid-proxy-init failed

 retcode : 1
DEBUG 2021-03-16 06:54:20.878 UTC: 	 using achhetri_CRAB as credential login name
DEBUG 2021-03-16 06:54:21.184 UTC: 	 Executing : 
 command : myproxy-info -l achhetri_CRAB -s myproxy.cern.ch
 output : username: achhetri_CRAB
owner: /DC=ch/DC=cern/OU=Organic Units/OU=Users/CN=achhetri/CN=804540/CN=Arjun Chhetri
  renewal policy: /DC=ch/DC=cern/OU=computers/CN=vocms0105.cern.ch|/DC=ch/DC=cern/OU=computers/CN=crab-(preprod|prod|dev)-tw(02|01).cern.ch|/DC=ch/DC=cern/OU=computers/CN=(ddi|ddidk|mytw).cern.ch|/DC=ch/DC=cern/OU=computers/CN=stefanov(m|m2).cern.ch
  trusted retrieval policy: /DC=ch/DC=cern/OU=computers/CN=vocms0105.cern.ch|/DC=ch/DC=cern/OU=computers/CN=crab-(preprod|prod|dev)-tw(02|01).cern.ch|/DC=ch/DC=cern/OU=computers/CN=(ddi|ddidk|mytw).cern.ch|/DC=ch/DC=cern/OU=computers/CN=stefanov(m|m2).cern.ch
  timeleft: 193:57:19  (8.1 days)

 error: 
 retcode : 0
DEBUG 2021-03-16 06:54:21.184 UTC: 	 My-proxy delegated.
DEBUG 2021-03-16 06:54:21.184 UTC: 	 Result of myproxy credential check:
  Credential exists on myproxy: username: eb0e67adc2dd9eb1770413a4ffd073f562b86f05  - validity: 23 days, 4:59:51
  Credential exists on myproxy: username: achhetri_CRAB  - validity: 8 days, 1:57:19
DEBUG 2021-03-16 06:54:21.185 UTC: 	 Command use: status
DEBUG 2021-03-16 06:54:21.185 UTC: 	 Options use: ['-d', 'crab_Tprime_v5_NANo_AOD_106X/crab_QCD_Pt300to470_v2/']
DEBUG 2021-03-16 06:54:21.260 UTC: 	 CRABClient version: v3.201110
DEBUG 2021-03-16 06:54:21.260 UTC: 	 Instance is prod
DEBUG 2021-03-16 06:54:21.260 UTC: 	 Server base url is cmsweb-k8s-prod.cern.ch
DEBUG 2021-03-16 06:54:21.260 UTC: 	 Command url /crabserver/prod/workflow
DEBUG 2021-03-16 06:54:21.343 UTC: 	 Got information from server oracle database: {u'result': [u'210310_183011:achhetri_crab_QCD_Pt300to470_v2', u'None', u'None', u'SUBMITTED', u'SUBMIT', u'2021-03-10 18:30:11.412632', u'None', u'2021-03-10 18:30:40.826198', u'None', u'CMSSW_10_6_8', u'slc7_amd64_gcc700', u'/QCD_Pt-300to470_MuEnrichedPt5_TuneCP5_13TeV_pythia8/RunIISummer19UL17NanoAODv2-106X_mc2017_realistic_v8-v1/NANOAODSIM', u'F', u'0', u'[]', u'[]', u'FileBased', u"{'splitOnRun': False, 'halt_job_on_file_boundaries': False, 'files_per_job': 1, 'runs': [], 'lumis': []}", u'c29edb9fb60c309f0cb5765582b0749acc12040e1e10f94e161f75dc89f31141.tar.gz', u'https://cmsweb.cern.ch:8443/crabcache', u'achhetri', u'/DC=ch/DC=cern/OU=Organic Units/OU=Users/CN=achhetri/CN=804540/CN=Arjun Chhetri', u'cms', u'None', u'None', u'QCD_Pt300to470_v2-00000000000000000000000000000000', u'F', u'T3_CH_CERNBOX', u'https://cmsweb.cern.ch/dbs/prod/global/DBSReader', u'https://cmsweb.cern.ch/dbs/prod/phys03/DBSWriter', u'F', u'[]', u'[]', u"['tree.root']", u'Analysis', u'pythia', u'None', u'{}', u'[]', u'T', u'crab-prod-tw01', u'[]', u'1250', u'1', u'2000', u'10', u"['/QCD_Pt-300to470_MuEnrichedPt5_TuneCP5_13TeV_pythia8/achhetri-QCD_Pt300to470_v2-5d8f93ee2ba2db6b402c7167473e2950/USER']", u'[]', u'http://vocms0197.cern.ch/mon/cms341/210310_183011:achhetri_crab_QCD_Pt300to470_v2', u'crab_script_Tprime.sh', u'[]', u'[]', u'https://cmsweb.cern.ch/crabserver/prod', u'cmsgwms-collector-global.cern.ch:9620,cmsgwms-collector-global.fnal.gov', u'crab3@vocms0197.cern.ch', u'F', u'[]', u'T', u'/store/user/achhetri/Tprime_v5_NANo_AOD_106X', u'F', u'None', u'F', u'None', u'QCD_Pt-300to470_MuEnrichedPt5_TuneCP5_13TeV_pythia8', u'None', u'19447af6eb445e39d1b3b86dcd6b24a07e0ee0c82ce936e8091892e9bb8abcad.tar.gz', u'62537661', u'filetransfers', u'F', u'188.185.90.95', u'5.0', u'None'], u'desc': {u'columns': [u'tm_taskname', u'tm_activity', u'panda_jobset_id', u'tm_task_status', u'tm_task_command', u'tm_start_time', u'tm_start_injection', u'tm_end_injection', u'tm_task_failure', u'tm_job_sw', u'tm_job_arch', u'tm_input_dataset', u'tm_nonvalid_input_dataset', u'tm_use_parent', u'tm_site_whitelist', u'tm_site_blacklist', u'tm_split_algo', u'tm_split_args', u'tm_user_sandbox', u'tm_cache_url', u'tm_username', u'tm_user_dn', u'tm_user_vo', u'tm_user_role', u'tm_user_group', u'tm_publish_name', u'tm_publish_groupname', u'tm_asyncdest', u'tm_dbs_url', u'tm_publish_dbs_url', u'tm_publication', u'tm_outfiles', u'tm_tfile_outfiles', u'tm_edm_outfiles', u'tm_job_type', u'tm_generator', u'tm_events_per_lumi', u'tm_arguments', u'panda_resubmitted_jobs', u'tm_save_logs', u'tw_name', u'tm_user_infiles', u'tm_maxjobruntime', u'tm_numcores', u'tm_maxmemory', u'tm_priority', u'tm_output_dataset', u'tm_task_warnings', u'tm_user_webdir', u'tm_scriptexe', u'tm_scriptargs', u'tm_extrajdl', u'tm_asourl', u'tm_collector', u'tm_schedd', u'tm_dry_run', u'tm_user_files', u'tm_transfer_outputs', u'tm_output_lfn', u'tm_ignore_locality', u'tm_fail_limit', u'tm_one_event_mode', u'tm_secondary_input_dataset', u'tm_primary_dataset', u'tm_last_publication', u'tm_debug_files', u'clusterid', u'tm_asodb', u'tm_ignore_global_blacklist', u'tm_submitter_ip_addr', u'tm_totalunits', u'tm_ddm_reqid']}}
INFO 2021-03-16 06:54:21.343 UTC: 	 CRAB project directory:		/afs/cern.ch/work/a/achhetri/NANO_AOD/CMSSW_10_6_8/src/WTopScalefactorProducer/Skimmer/NANOcrab/crab_Tprime_v5_NANo_AOD_106X/crab_QCD_Pt300to470_v2
INFO 2021-03-16 06:54:21.344 UTC: 	 Task name:			210310_183011:achhetri_crab_QCD_Pt300to470_v2
INFO 2021-03-16 06:54:21.344 UTC: 	 Grid scheduler - Task Worker:	crab3@vocms0197.cern.ch - crab-prod-tw01
INFO 2021-03-16 06:54:21.344 UTC: 	 Status on the CRAB server:	SUBMITTED
INFO 2021-03-16 06:54:21.344 UTC: 	 Task URL to use for HELP:	https://cmsweb-k8s-prod.cern.ch/crabserver/ui/task/210310_183011%3Aachhetri_crab_QCD_Pt300to470_v2
INFO 2021-03-16 06:54:21.345 UTC: 	 Dashboard monitoring URL:	https://monit-grafana.cern.ch/d/cmsTMDetail/cms-task-monitoring-task-view?orgId=11&var-user=achhetri&var-task=210310_183011%3Aachhetri_crab_QCD_Pt300to470_v2&from=1615397411000&to=now
INFO 2021-03-16 06:54:21.345 UTC: 	 In case of issues with the dashboard, please provide feedback to hn-cms-computing-tools@cern.ch
DEBUG 2021-03-16 06:54:21.345 UTC: 	 The CRAB server submitted your task to the Grid scheduler (cluster ID: 62537661)
DEBUG 2021-03-16 06:54:21.345 UTC: 	 Webdir is located at http://vocms0197.cern.ch/mon/cms341/210310_183011:achhetri_crab_QCD_Pt300to470_v2
DEBUG 2021-03-16 06:54:21.401 UTC: 	 Proxied webdir is located at https://cmsweb.cern.ch:8443/scheddmon/0197/cms341/210310_183011:achhetri_crab_QCD_Pt300to470_v2
DEBUG 2021-03-16 06:54:21.401 UTC: 	 Retrieving 'status_cache' file from https://cmsweb.cern.ch:8443/scheddmon/0197/cms341/210310_183011:achhetri_crab_QCD_Pt300to470_v2/status_cache
DEBUG 2021-03-16 06:54:21.441 UTC: 	 Got information from status cache file: {'1': {'Retries': 0, 'WallDurations': [9.0, 115.00502800941467, 178.0], 'StartTimes': [1615401309.0], 'SubmitTimes': [1615401050.0], 'JobIds': ['62537663.0'], 'EndTimes': [1615401487.0], 'Restarts': 0, 'RecordedSite': True, 'State': 'finished', 'ResidentSetSize': [2828], 'TotalUserCpuTimeHistory': [88], 'SiteHistory': ['Unknown', 'T2_DE_DESY', 'T2_DE_DESY'], 'TotalSysCpuTimeHistory': [8]}, '3': {'Retries': 0, 'WallDurations': [9.0, 101.00502800941467, 323.0], 'StartTimes': [1615401323.0], 'SubmitTimes': [1615401050.0], 'JobIds': ['62537665.0'], 'EndTimes': [1615401646.0], 'Restarts': 0, 'RecordedSite': True, 'State': 'finished', 'ResidentSetSize': [302148], 'TotalUserCpuTimeHistory': [166], 'SiteHistory': ['Unknown', 'T2_UK_London_Brunel', 'T2_UK_London_Brunel'], 'TotalSysCpuTimeHistory': [10]}, '2': {'Retries': 0, 'WallDurations': [8.0, 2368.0], 'StartTimes': [1615401090.0], 'SubmitTimes': [1615401050.0], 'JobIds': ['62537664.0'], 'EndTimes': [1615403458.0], 'Restarts': 0, 'RecordedSite': True, 'State': 'finished', 'ResidentSetSize': [577556], 'TotalUserCpuTimeHistory': [2136], 'SiteHistory': ['T2_CH_CERN', 'T2_CH_CERN'], 'TotalSysCpuTimeHistory': [118]}, '5': {'Retries': 0, 'WallDurations': [95.0, 113.00502800941467, 113.00502800941467], 'StartTimes': [1615401311.0], 'SubmitTimes': [1615401050.0], 'JobIds': ['62537667.0'], 'EndTimes': [1615401406.0], 'Restarts': 0, 'RecordedSite': True, 'State': 'finished', 'ResidentSetSize': [6632], 'TotalUserCpuTimeHistory': [43], 'SiteHistory': ['Unknown', 'T2_UK_London_Brunel', 'T2_UK_London_Brunel'], 'TotalSysCpuTimeHistory': [3]}, '4': {'Retries': 0, 'WallDurations': [8.0, 117.00502800941467, 1512.0], 'StartTimes': [1615401307.0], 'SubmitTimes': [1615401050.0], 'JobIds': ['62537666.0'], 'EndTimes': [1615402819.0], 'Restarts': 0, 'RecordedSite': True, 'State': 'finished', 'ResidentSetSize': [585368], 'TotalUserCpuTimeHistory': [1384], 'SiteHistory': ['Unknown', 'T2_DE_DESY', 'T2_DE_DESY'], 'TotalSysCpuTimeHistory': [81]}}
INFO 2021-03-16 06:54:21.441 UTC: 	 Status on the scheduler:	COMPLETED
INFO 2021-03-16 06:54:21.441 UTC: 	 
Jobs status:                    finished     		100.0% (5/5)
INFO 2021-03-16 06:54:21.442 UTC: 	 
No publication information (publication has been disabled in the CRAB configuration file)
INFO 2021-03-16 06:54:21.442 UTC: 	 
Warning: the max jobs runtime is less than 30% of the task requested value (1250 min), please consider to request a lower value for failed jobs (allowed through crab resubmit) and/or improve the jobs splitting (e.g. config.Data.splitting = 'Automatic') in a new task.
INFO 2021-03-16 06:54:21.442 UTC: 	 
Summary of run jobs:
 * Memory: 2MB min, 571MB max, 288MB ave
 * Runtime: 0:01:53 min, 0:39:28 max, 0:14:58 ave
 * CPU eff: 41% min, 97% max, 90% ave
 * Waste: 0:09:35 (11% of total)

INFO 2021-03-16 06:54:21.449 UTC: 	 Log file is /afs/cern.ch/work/a/achhetri/NANO_AOD/CMSSW_10_6_8/src/WTopScalefactorProducer/Skimmer/NANOcrab/crab_Tprime_v5_NANo_AOD_106X/crab_QCD_Pt300to470_v2/crab.log
DEBUG 2021-03-26 12:08:21.944 UTC: 	 CRAB Client version: v3.210127
DEBUG 2021-03-26 12:08:21.944 UTC: 	 Running on: Linux lxplus775.cern.ch 3.10.0-1160.15.2.el7.x86_64 #1 SMP Wed Feb 3 15:06:38 UTC 2021 x86_64 x86_64 x86_64 GNU/Linux - CentOS Linux 7 (Core)
DEBUG 2021-03-26 12:08:21.944 UTC: 	 Executing command: 'status'
DEBUG 2021-03-26 12:08:21.944 UTC: 	 Found CRAB cache file /afs/cern.ch/user/a/achhetri/.crab3
DEBUG 2021-03-26 12:08:22.070 UTC: 	 Checking credentials
DEBUG 2021-03-26 12:08:22.070 UTC: 	 Found proxy file /afs/cern.ch/user/a/achhetri/x509up_u94350
DEBUG 2021-03-26 12:08:22.070 UTC: 	 Getting proxy life time left
DEBUG 2021-03-26 12:08:23.086 UTC: 	 Executing : 
 command : voms-proxy-info -file /afs/cern.ch/user/a/achhetri/x509up_u94350 -timeleft
 output : 674437

 error: 
 retcode : 0
DEBUG 2021-03-26 12:08:23.904 UTC: 	 Executing : 
 command : voms-proxy-info -file /afs/cern.ch/user/a/achhetri/x509up_u94350 -actimeleft
 output : 674437

 error: 
 retcode : 0
DEBUG 2021-03-26 12:08:23.904 UTC: 	 Proxy valid for 187:20:37 hours
DEBUG 2021-03-26 12:08:24.047 UTC: 	 Registering user credentials for server /DC=ch/DC=cern/OU=computers/CN=vocms0105.cern.ch|/DC=ch/DC=cern/OU=computers/CN=crab-(preprod|prod|dev)-tw(02|01).cern.ch|/DC=ch/DC=cern/OU=computers/CN=(ddi|ddidk|mytw).cern.ch|/DC=ch/DC=cern/OU=computers/CN=stefanov(m|m2).cern.ch
DEBUG 2021-03-26 12:08:24.978 UTC: 	 Executing : 
 command : voms-proxy-info -file /afs/cern.ch/user/a/achhetri/x509up_u94350 -identity
 output : /DC=ch/DC=cern/OU=Organic Units/OU=Users/CN=achhetri/CN=804540/CN=Arjun Chhetri

 error: 
 retcode : 0
DEBUG 2021-03-26 12:08:24.986 UTC: 	 Getting myproxy life time left for myproxy.cern.ch
DEBUG 2021-03-26 12:08:24.986 UTC: 	 using eb0e67adc2dd9eb1770413a4ffd073f562b86f05 as credential login name
DEBUG 2021-03-26 12:08:25.494 UTC: 	 Executing : 
 command : myproxy-info -l eb0e67adc2dd9eb1770413a4ffd073f562b86f05 -s myproxy.cern.ch
 output : username: eb0e67adc2dd9eb1770413a4ffd073f562b86f05
owner: /DC=ch/DC=cern/OU=Organic Units/OU=Users/CN=achhetri/CN=804540/CN=Arjun Chhetri
  renewal policy: /DC=ch/DC=cern/OU=computers/CN=vocms0105.cern.ch|/DC=ch/DC=cern/OU=computers/CN=crab-(preprod|prod|dev)-tw(02|01).cern.ch|/DC=ch/DC=cern/OU=computers/CN=(ddi|ddidk|mytw).cern.ch|/DC=ch/DC=cern/OU=computers/CN=stefanov(m|m2).cern.ch
  trusted retrieval policy: /DC=ch/DC=cern/OU=computers/CN=vocms0105.cern.ch|/DC=ch/DC=cern/OU=computers/CN=crab-(preprod|prod|dev)-tw(02|01).cern.ch|/DC=ch/DC=cern/OU=computers/CN=(ddi|ddidk|mytw).cern.ch|/DC=ch/DC=cern/OU=computers/CN=stefanov(m|m2).cern.ch
  timeleft: 718:32:46  (29.9 days)

 error: 
 retcode : 0
DEBUG 2021-03-26 12:08:25.495 UTC: 	 Myproxy is valid: 2586766
DEBUG 2021-03-26 12:08:25.495 UTC: 	 Retrieving username ...
DEBUG 2021-03-26 12:08:25.496 UTC: 	 Retrieving username from CRIC...
DEBUG 2021-03-26 12:08:26.491 UTC: 	 username is achhetri
DEBUG 2021-03-26 12:08:26.498 UTC: 	 Getting myproxy life time left for myproxy.cern.ch
DEBUG 2021-03-26 12:08:26.498 UTC: 	 using achhetri_CRAB as credential login name
DEBUG 2021-03-26 12:08:26.908 UTC: 	 Executing : 
 command : myproxy-info -l achhetri_CRAB -s myproxy.cern.ch
 output : username: achhetri_CRAB
owner: /DC=ch/DC=cern/OU=Organic Units/OU=Users/CN=achhetri/CN=804540/CN=Arjun Chhetri
  renewal policy: /DC=ch/DC=cern/OU=computers/CN=vocms0105.cern.ch|/DC=ch/DC=cern/OU=computers/CN=crab-(preprod|prod|dev)-tw(02|01).cern.ch|/DC=ch/DC=cern/OU=computers/CN=(ddi|ddidk|mytw).cern.ch|/DC=ch/DC=cern/OU=computers/CN=stefanov(m|m2).cern.ch
  trusted retrieval policy: /DC=ch/DC=cern/OU=computers/CN=vocms0105.cern.ch|/DC=ch/DC=cern/OU=computers/CN=crab-(preprod|prod|dev)-tw(02|01).cern.ch|/DC=ch/DC=cern/OU=computers/CN=(ddi|ddidk|mytw).cern.ch|/DC=ch/DC=cern/OU=computers/CN=stefanov(m|m2).cern.ch
  timeleft: 718:32:53  (29.9 days)

 error: 
 retcode : 0
DEBUG 2021-03-26 12:08:26.909 UTC: 	 Myproxy is valid: 2586773
DEBUG 2021-03-26 12:08:26.909 UTC: 	 Result of myproxy credential check:
  Credential exists on myproxy: username: eb0e67adc2dd9eb1770413a4ffd073f562b86f05  - validity: 29 days, 22:32:46
  Credential exists on myproxy: username: achhetri_CRAB  - validity: 29 days, 22:32:53
DEBUG 2021-03-26 12:08:26.910 UTC: 	 Command use: status
DEBUG 2021-03-26 12:08:26.910 UTC: 	 Options use: ['-d', 'crab_QCD_Pt300to470_v2/']
DEBUG 2021-03-26 12:08:26.966 UTC: 	 CRABClient version: v3.210127
DEBUG 2021-03-26 12:08:26.966 UTC: 	 Instance is prod
DEBUG 2021-03-26 12:08:26.966 UTC: 	 Server base url is cmsweb-k8s-prod.cern.ch
DEBUG 2021-03-26 12:08:26.966 UTC: 	 Command url /crabserver/prod/workflow
DEBUG 2021-03-26 12:08:27.102 UTC: 	 Got information from server oracle database: {u'result': [u'210310_183011:achhetri_crab_QCD_Pt300to470_v2', u'None', u'None', u'SUBMITTED', u'SUBMIT', u'2021-03-10 18:30:11.412632', u'None', u'2021-03-10 18:30:40.826198', u'None', u'CMSSW_10_6_8', u'slc7_amd64_gcc700', u'/QCD_Pt-300to470_MuEnrichedPt5_TuneCP5_13TeV_pythia8/RunIISummer19UL17NanoAODv2-106X_mc2017_realistic_v8-v1/NANOAODSIM', u'F', u'0', u'[]', u'[]', u'FileBased', u"{'splitOnRun': False, 'halt_job_on_file_boundaries': False, 'files_per_job': 1, 'runs': [], 'lumis': []}", u'c29edb9fb60c309f0cb5765582b0749acc12040e1e10f94e161f75dc89f31141.tar.gz', u'https://cmsweb.cern.ch:8443/crabcache', u'achhetri', u'/DC=ch/DC=cern/OU=Organic Units/OU=Users/CN=achhetri/CN=804540/CN=Arjun Chhetri', u'cms', u'None', u'None', u'QCD_Pt300to470_v2-00000000000000000000000000000000', u'F', u'T3_CH_CERNBOX', u'https://cmsweb.cern.ch/dbs/prod/global/DBSReader', u'https://cmsweb.cern.ch/dbs/prod/phys03/DBSWriter', u'F', u'[]', u'[]', u"['tree.root']", u'Analysis', u'pythia', u'None', u'{}', u'[]', u'T', u'crab-prod-tw01', u'[]', u'1250', u'1', u'2000', u'10', u"['/QCD_Pt-300to470_MuEnrichedPt5_TuneCP5_13TeV_pythia8/achhetri-QCD_Pt300to470_v2-5d8f93ee2ba2db6b402c7167473e2950/USER']", u'[]', u'http://vocms0197.cern.ch/mon/cms341/210310_183011:achhetri_crab_QCD_Pt300to470_v2', u'crab_script_Tprime.sh', u'[]', u'[]', u'https://cmsweb.cern.ch/crabserver/prod', u'cmsgwms-collector-global.cern.ch:9620,cmsgwms-collector-global.fnal.gov', u'crab3@vocms0197.cern.ch', u'F', u'[]', u'T', u'/store/user/achhetri/Tprime_v5_NANo_AOD_106X', u'F', u'None', u'F', u'None', u'QCD_Pt-300to470_MuEnrichedPt5_TuneCP5_13TeV_pythia8', u'None', u'19447af6eb445e39d1b3b86dcd6b24a07e0ee0c82ce936e8091892e9bb8abcad.tar.gz', u'62537661', u'filetransfers', u'F', u'188.185.90.95', u'5.0', u'None'], u'desc': {u'columns': [u'tm_taskname', u'tm_activity', u'panda_jobset_id', u'tm_task_status', u'tm_task_command', u'tm_start_time', u'tm_start_injection', u'tm_end_injection', u'tm_task_failure', u'tm_job_sw', u'tm_job_arch', u'tm_input_dataset', u'tm_nonvalid_input_dataset', u'tm_use_parent', u'tm_site_whitelist', u'tm_site_blacklist', u'tm_split_algo', u'tm_split_args', u'tm_user_sandbox', u'tm_cache_url', u'tm_username', u'tm_user_dn', u'tm_user_vo', u'tm_user_role', u'tm_user_group', u'tm_publish_name', u'tm_publish_groupname', u'tm_asyncdest', u'tm_dbs_url', u'tm_publish_dbs_url', u'tm_publication', u'tm_outfiles', u'tm_tfile_outfiles', u'tm_edm_outfiles', u'tm_job_type', u'tm_generator', u'tm_events_per_lumi', u'tm_arguments', u'panda_resubmitted_jobs', u'tm_save_logs', u'tw_name', u'tm_user_infiles', u'tm_maxjobruntime', u'tm_numcores', u'tm_maxmemory', u'tm_priority', u'tm_output_dataset', u'tm_task_warnings', u'tm_user_webdir', u'tm_scriptexe', u'tm_scriptargs', u'tm_extrajdl', u'tm_asourl', u'tm_collector', u'tm_schedd', u'tm_dry_run', u'tm_user_files', u'tm_transfer_outputs', u'tm_output_lfn', u'tm_ignore_locality', u'tm_fail_limit', u'tm_one_event_mode', u'tm_secondary_input_dataset', u'tm_primary_dataset', u'tm_last_publication', u'tm_debug_files', u'clusterid', u'tm_asodb', u'tm_ignore_global_blacklist', u'tm_submitter_ip_addr', u'tm_totalunits', u'tm_ddm_reqid']}}
INFO 2021-03-26 12:08:27.102 UTC: 	 CRAB project directory:		/afs/cern.ch/work/a/achhetri/NANO_AOD/CMSSW_10_6_8/src/WTopScalefactorProducer/Skimmer/NANOcrab/crab_Tprime_v5_NANo_AOD_106X/crab_QCD_Pt300to470_v2
INFO 2021-03-26 12:08:27.102 UTC: 	 Task name:			210310_183011:achhetri_crab_QCD_Pt300to470_v2
INFO 2021-03-26 12:08:27.102 UTC: 	 Grid scheduler - Task Worker:	crab3@vocms0197.cern.ch - crab-prod-tw01
INFO 2021-03-26 12:08:27.103 UTC: 	 Status on the CRAB server:	SUBMITTED
INFO 2021-03-26 12:08:27.103 UTC: 	 Task URL to use for HELP:	https://cmsweb-k8s-prod.cern.ch/crabserver/ui/task/210310_183011%3Aachhetri_crab_QCD_Pt300to470_v2
INFO 2021-03-26 12:08:27.159 UTC: 	 Dashboard monitoring URL:	https://monit-grafana.cern.ch/d/cmsTMDetail/cms-task-monitoring-task-view?orgId=11&var-user=achhetri&var-task=210310_183011%3Aachhetri_crab_QCD_Pt300to470_v2&from=1615397411000&to=now
INFO 2021-03-26 12:08:27.159 UTC: 	 In case of issues with the dashboard, please provide feedback to hn-cms-computing-tools@cern.ch
DEBUG 2021-03-26 12:08:27.160 UTC: 	 The CRAB server submitted your task to the Grid scheduler (cluster ID: 62537661)
DEBUG 2021-03-26 12:08:27.160 UTC: 	 Webdir is located at http://vocms0197.cern.ch/mon/cms341/210310_183011:achhetri_crab_QCD_Pt300to470_v2
DEBUG 2021-03-26 12:08:27.271 UTC: 	 Proxied webdir is located at https://cmsweb.cern.ch:8443/scheddmon/0197/cms341/210310_183011:achhetri_crab_QCD_Pt300to470_v2
DEBUG 2021-03-26 12:08:27.271 UTC: 	 Retrieving 'status_cache' file from https://cmsweb.cern.ch:8443/scheddmon/0197/cms341/210310_183011:achhetri_crab_QCD_Pt300to470_v2/status_cache
DEBUG 2021-03-26 12:08:27.517 UTC: 	 Got information from status cache file: {'1': {'Retries': 0, 'WallDurations': [9.0, 115.00502800941467, 178.0], 'StartTimes': [1615401309.0], 'SubmitTimes': [1615401050.0], 'JobIds': ['62537663.0'], 'EndTimes': [1615401487.0], 'Restarts': 0, 'RecordedSite': True, 'State': 'finished', 'ResidentSetSize': [2828], 'TotalUserCpuTimeHistory': [88], 'SiteHistory': ['Unknown', 'T2_DE_DESY', 'T2_DE_DESY'], 'TotalSysCpuTimeHistory': [8]}, '3': {'Retries': 0, 'WallDurations': [9.0, 101.00502800941467, 323.0], 'StartTimes': [1615401323.0], 'SubmitTimes': [1615401050.0], 'JobIds': ['62537665.0'], 'EndTimes': [1615401646.0], 'Restarts': 0, 'RecordedSite': True, 'State': 'finished', 'ResidentSetSize': [302148], 'TotalUserCpuTimeHistory': [166], 'SiteHistory': ['Unknown', 'T2_UK_London_Brunel', 'T2_UK_London_Brunel'], 'TotalSysCpuTimeHistory': [10]}, '2': {'Retries': 0, 'WallDurations': [8.0, 2368.0], 'StartTimes': [1615401090.0], 'SubmitTimes': [1615401050.0], 'JobIds': ['62537664.0'], 'EndTimes': [1615403458.0], 'Restarts': 0, 'RecordedSite': True, 'State': 'finished', 'ResidentSetSize': [577556], 'TotalUserCpuTimeHistory': [2136], 'SiteHistory': ['T2_CH_CERN', 'T2_CH_CERN'], 'TotalSysCpuTimeHistory': [118]}, '5': {'Retries': 0, 'WallDurations': [95.0, 113.00502800941467, 113.00502800941467], 'StartTimes': [1615401311.0], 'SubmitTimes': [1615401050.0], 'JobIds': ['62537667.0'], 'EndTimes': [1615401406.0], 'Restarts': 0, 'RecordedSite': True, 'State': 'finished', 'ResidentSetSize': [6632], 'TotalUserCpuTimeHistory': [43], 'SiteHistory': ['Unknown', 'T2_UK_London_Brunel', 'T2_UK_London_Brunel'], 'TotalSysCpuTimeHistory': [3]}, '4': {'Retries': 0, 'WallDurations': [8.0, 117.00502800941467, 1512.0], 'StartTimes': [1615401307.0], 'SubmitTimes': [1615401050.0], 'JobIds': ['62537666.0'], 'EndTimes': [1615402819.0], 'Restarts': 0, 'RecordedSite': True, 'State': 'finished', 'ResidentSetSize': [585368], 'TotalUserCpuTimeHistory': [1384], 'SiteHistory': ['Unknown', 'T2_DE_DESY', 'T2_DE_DESY'], 'TotalSysCpuTimeHistory': [81]}}
INFO 2021-03-26 12:08:27.517 UTC: 	 Status on the scheduler:	COMPLETED
INFO 2021-03-26 12:08:27.518 UTC: 	 
Jobs status:                    finished     		100.0% (5/5)
INFO 2021-03-26 12:08:27.518 UTC: 	 
No publication information (publication has been disabled in the CRAB configuration file)
INFO 2021-03-26 12:08:27.518 UTC: 	 
Warning: the max jobs runtime is less than 30% of the task requested value (1250 min), please consider to request a lower value for failed jobs (allowed through crab resubmit) and/or improve the jobs splitting (e.g. config.Data.splitting = 'Automatic') in a new task.
INFO 2021-03-26 12:08:27.518 UTC: 	 
Summary of run jobs:
 * Memory: 2MB min, 571MB max, 288MB ave
 * Runtime: 0:01:53 min, 0:39:28 max, 0:14:58 ave
 * CPU eff: 41% min, 97% max, 90% ave
 * Waste: 0:09:35 (11% of total)

INFO 2021-03-26 12:08:27.585 UTC: 	 Log file is /afs/cern.ch/work/a/achhetri/NANO_AOD/CMSSW_10_6_8/src/WTopScalefactorProducer/Skimmer/NANOcrab/crab_Tprime_v5_NANo_AOD_106X/crab_QCD_Pt300to470_v2/crab.log
